<?xml version="1.0" encoding="UTF-8"?>
<testsuites name="TS_TNR_R.TSPT_Suppo90" time="323.322" tests="1" failures="1" errors="0">
   <testsuite name="TS_TNR_R.TSPT_Suppo90" tests="1" failures="1" errors="0" time="323.322" skipped="0" timestamp="03-01-2024T16:22:14" hostname="issam.rharbaoui - FR-L5448059.groupinfra.com" id="Test Suites/TS_TNR_R.TSPT_Suppo90">
      <properties>
         <property name="deviceName" value=""/>
         <property name="devicePlatform" value=""/>
         <property name="logFolder" value="C:\\Users\\ISSAM.RHARBAOUI\\git\\ANEF-RenouvellementSejour\\Reports\\20240103_162204\\TS_TNR_R.TSPT_Suppo90\\20240103_162204"/>
         <property name="logFiles" value="C:\\Users\\ISSAM.RHARBAOUI\\git\\ANEF-RenouvellementSejour\\Reports\\20240103_162204\\TS_TNR_R.TSPT_Suppo90\\20240103_162204\\execution0.log"/>
         <property name="attachments" value="C:\\Users\\ISSAM.RHARBAOUI\\git\\ANEF-RenouvellementSejour\\Reports\\20240103_162204\\TS_TNR_R.TSPT_Suppo90\\20240103_162204\\1704295607103.png, C:\\Users\\ISSAM.RHARBAOUI\\git\\ANEF-RenouvellementSejour\\Reports\\20240103_162204\\TS_TNR_R.TSPT_Suppo90\\20240103_162204\\1704295611742.png, C:\\Users\\ISSAM.RHARBAOUI\\git\\ANEF-RenouvellementSejour\\Reports\\20240103_162204\\TS_TNR_R.TSPT_Suppo90\\20240103_162204\\1704295653158.png"/>
         <property name="hostName" value="issam.rharbaoui - FR-L5448059.groupinfra.com"/>
         <property name="os" value="Windows 10 64bit"/>
         <property name="katalonVersion" value="9.1.0.212"/>
         <property name="browser" value="Chrome 120.0.0.0"/>
         <property name="hostAddress" value="192.168.1.134"/>
         <property name="sessionId" value="dd8059996aebee93718d9de14482095d"/>
         <property name="seleniumVersion" value="3.141.59"/>
         <property name="proxyInformation" value="ProxyInformation { proxyOption=NO_PROXY, proxyServerType=HTTP, username=, password=********, proxyServerAddress=, proxyServerPort=0, executionList=&quot;&quot;, isApplyToDesiredCapabilities=true }"/>
         <property name="platform" value="Windows 10"/>
      </properties>
      <testcase name="Test Cases/Cas D Utilisations/Usager Etudiant/TNR R.TSPT Supp90-Visiteur" time="322.596" classname="Test Cases/Cas D Utilisations/Usager Etudiant/TNR R.TSPT Supp90-Visiteur" status="FAILED">
         <failure type="FAILED" message="Test Cases/Cas D Utilisations/Usager Etudiant/TNR R.TSPT Supp90-Visiteur FAILED.&#xa;Reason:&#xa;com.kms.katalon.core.exception.StepFailedException: Call Test Case 'Test Cases/Test Reutilisable/AgentTraitementDemande/Verif_AccordeonEtatCivilDuDemandeur' failed&#xa;	at com.kms.katalon.core.keyword.builtin.CallTestCaseKeyword$_callTestCase_closure1.doCall(CallTestCaseKeyword.groovy:63)&#xa;	at com.kms.katalon.core.keyword.builtin.CallTestCaseKeyword$_callTestCase_closure1.call(CallTestCaseKeyword.groovy)&#xa;	at com.kms.katalon.core.keyword.internal.KeywordMain.runKeyword(KeywordMain.groovy:75)&#xa;	at com.kms.katalon.core.keyword.builtin.CallTestCaseKeyword.callTestCase(CallTestCaseKeyword.groovy:81)&#xa;	at com.kms.katalon.core.keyword.builtin.CallTestCaseKeyword.execute(CallTestCaseKeyword.groovy:44)&#xa;	at com.kms.katalon.core.keyword.internal.KeywordExecutor.executeKeywordForPlatform(KeywordExecutor.groovy:74)&#xa;	at com.kms.katalon.core.keyword.BuiltinKeywords.callTestCase(BuiltinKeywords.groovy:310)&#xa;	at java.base/jdk.internal.reflect.NativeMethodAccessorImpl.invoke0(Native Method)&#xa;	at java.base/jdk.internal.reflect.NativeMethodAccessorImpl.invoke(NativeMethodAccessorImpl.java:77)&#xa;	at java.base/jdk.internal.reflect.DelegatingMethodAccessorImpl.invoke(DelegatingMethodAccessorImpl.java:43)&#xa;	at com.kazurayam.ksbackyard.HighlightElement$_pandemic_closure1.doCall(HighlightElement.groovy:105)&#xa;	at jdk.internal.reflect.GeneratedMethodAccessor6.invoke(Unknown Source)&#xa;	at java.base/jdk.internal.reflect.DelegatingMethodAccessorImpl.invoke(DelegatingMethodAccessorImpl.java:43)&#xa;	at TNR R.TSPT Supp90-Visiteur.run(TNR R.TSPT Supp90-Visiteur:119)&#xa;	at com.kms.katalon.core.main.ScriptEngine.run(ScriptEngine.java:194)&#xa;	at com.kms.katalon.core.main.ScriptEngine.runScriptAsRawText(ScriptEngine.java:119)&#xa;	at com.kms.katalon.core.main.TestCaseExecutor.runScript(TestCaseExecutor.java:448)&#xa;	at com.kms.katalon.core.main.TestCaseExecutor.doExecute(TestCaseExecutor.java:439)&#xa;	at com.kms.katalon.core.main.TestCaseExecutor.processExecutionPhase(TestCaseExecutor.java:418)&#xa;	at com.kms.katalon.core.main.TestCaseExecutor.accessMainPhase(TestCaseExecutor.java:410)&#xa;	at com.kms.katalon.core.main.TestCaseExecutor.execute(TestCaseExecutor.java:285)&#xa;	at com.kms.katalon.core.common.CommonExecutor.accessTestCaseMainPhase(CommonExecutor.java:65)&#xa;	at com.kms.katalon.core.main.TestSuiteExecutor.accessTestSuiteMainPhase(TestSuiteExecutor.java:148)&#xa;	at com.kms.katalon.core.main.TestSuiteExecutor.execute(TestSuiteExecutor.java:106)&#xa;	at com.kms.katalon.core.main.TestCaseMain.startTestSuite(TestCaseMain.java:180)&#xa;	at TempTestSuite1704295324522.run(TempTestSuite1704295324522.groovy:36)&#xa;	at java.base/jdk.internal.reflect.NativeMethodAccessorImpl.invoke0(Native Method)&#xa;	at java.base/jdk.internal.reflect.NativeMethodAccessorImpl.invoke(NativeMethodAccessorImpl.java:77)&#xa;	at java.base/jdk.internal.reflect.DelegatingMethodAccessorImpl.invoke(DelegatingMethodAccessorImpl.java:43)&#xa;Caused by: com.kms.katalon.core.exception.StepFailedException: Unable to click on object 'Object Repository/Page_Verif_AccordeonMotifDeSejour_Agent/check_DemandeurContacte'&#xa;	at com.kms.katalon.core.webui.keyword.internal.WebUIKeywordMain.stepFailed(WebUIKeywordMain.groovy:64)&#xa;	at com.kms.katalon.core.webui.keyword.internal.WebUIKeywordMain.runKeyword(WebUIKeywordMain.groovy:26)&#xa;	at com.kms.katalon.core.webui.keyword.builtin.ClickKeyword.click(ClickKeyword.groovy:74)&#xa;	at com.kms.katalon.core.webui.keyword.builtin.ClickKeyword.execute(ClickKeyword.groovy:40)&#xa;	at com.kms.katalon.core.keyword.internal.KeywordExecutor.executeKeywordForPlatform(KeywordExecutor.groovy:74)&#xa;	at com.kms.katalon.core.webui.keyword.WebUiBuiltInKeywords.click(WebUiBuiltInKeywords.groovy:659)&#xa;	at jdk.internal.reflect.GeneratedMethodAccessor25.invoke(Unknown Source)&#xa;	at java.base/jdk.internal.reflect.DelegatingMethodAccessorImpl.invoke(DelegatingMethodAccessorImpl.java:43)&#xa;	at com.kazurayam.ksbackyard.HighlightElement$_pandemic_closure1.doCall(HighlightElement.groovy:105)&#xa;	at jdk.internal.reflect.GeneratedMethodAccessor6.invoke(Unknown Source)&#xa;	at java.base/jdk.internal.reflect.DelegatingMethodAccessorImpl.invoke(DelegatingMethodAccessorImpl.java:43)&#xa;	at Verif_AccordeonEtatCivilDuDemandeur.run(Verif_AccordeonEtatCivilDuDemandeur:235)&#xa;	at com.kms.katalon.core.main.ScriptEngine.run(ScriptEngine.java:194)&#xa;	at com.kms.katalon.core.main.ScriptEngine.runScriptAsRawText(ScriptEngine.java:119)&#xa;	at com.kms.katalon.core.main.TestCaseExecutor.runScript(TestCaseExecutor.java:448)&#xa;	at com.kms.katalon.core.main.TestCaseExecutor.doExecute(TestCaseExecutor.java:439)&#xa;	at com.kms.katalon.core.main.TestCaseExecutor.processExecutionPhase(TestCaseExecutor.java:418)&#xa;	at com.kms.katalon.core.main.TestCaseExecutor.accessMainPhase(TestCaseExecutor.java:410)&#xa;	at com.kms.katalon.core.main.TestCaseExecutor.execute(TestCaseExecutor.java:285)&#xa;	at com.kms.katalon.core.main.TestCaseMain.runTestCase(TestCaseMain.java:137)&#xa;	at com.kms.katalon.core.keyword.builtin.CallTestCaseKeyword$_callTestCase_closure1.doCall(CallTestCaseKeyword.groovy:59)&#xa;	... 28 more&#xa;Caused by: com.kms.katalon.core.webui.exception.WebElementNotFoundException: Web element with id: 'Object Repository/Page_Verif_AccordeonMotifDeSejour_Agent/check_DemandeurContacte' located by '/html/body/app-root/app-layout/div/div/div/app-navigation-layout/div[2]/app-demande-instruction/div/div[1]/form/p-accordion/div/p-accordiontab[9]/div[2]/div/div/div[2]/anef-input-check/div/div/p-checkbox/label' not found&#xa;	at com.kms.katalon.core.webui.common.WebUiCommonHelper.findWebElement(WebUiCommonHelper.java:1379)&#xa;	at com.kms.katalon.core.webui.keyword.internal.WebUIAbstractKeyword.findWebElement(WebUIAbstractKeyword.groovy:27)&#xa;	at com.kms.katalon.core.webui.keyword.builtin.ClickKeyword$_click_closure1.doCall(ClickKeyword.groovy:65)&#xa;	at com.kms.katalon.core.webui.keyword.builtin.ClickKeyword$_click_closure1.call(ClickKeyword.groovy)&#xa;	at com.kms.katalon.core.webui.keyword.internal.WebUIKeywordMain.runKeyword(WebUIKeywordMain.groovy:20)&#xa;	... 47 more&#xa;"/>
         <system-out><![CDATA[03-01-2024T16:22:15 - [TEST_CASE][FAILED] - Test Cases/Cas D Utilisations/Usager Etudiant/TNR R.TSPT Supp90-Visiteur: Test Cases/Cas D Utilisations/Usager Etudiant/TNR R.TSPT Supp90-Visiteur FAILED.
Reason:
com.kms.katalon.core.exception.StepFailedException: Call Test Case 'Test Cases/Test Reutilisable/AgentTraitementDemande/Verif_AccordeonEtatCivilDuDemandeur' failed
	at com.kms.katalon.core.keyword.builtin.CallTestCaseKeyword$_callTestCase_closure1.doCall(CallTestCaseKeyword.groovy:63)
	at com.kms.katalon.core.keyword.builtin.CallTestCaseKeyword$_callTestCase_closure1.call(CallTestCaseKeyword.groovy)
	at com.kms.katalon.core.keyword.internal.KeywordMain.runKeyword(KeywordMain.groovy:75)
	at com.kms.katalon.core.keyword.builtin.CallTestCaseKeyword.callTestCase(CallTestCaseKeyword.groovy:81)
	at com.kms.katalon.core.keyword.builtin.CallTestCaseKeyword.execute(CallTestCaseKeyword.groovy:44)
	at com.kms.katalon.core.keyword.internal.KeywordExecutor.executeKeywordForPlatform(KeywordExecutor.groovy:74)
	at com.kms.katalon.core.keyword.BuiltinKeywords.callTestCase(BuiltinKeywords.groovy:310)
	at java.base/jdk.internal.reflect.NativeMethodAccessorImpl.invoke0(Native Method)
	at java.base/jdk.internal.reflect.NativeMethodAccessorImpl.invoke(NativeMethodAccessorImpl.java:77)
	at java.base/jdk.internal.reflect.DelegatingMethodAccessorImpl.invoke(DelegatingMethodAccessorImpl.java:43)
	at com.kazurayam.ksbackyard.HighlightElement$_pandemic_closure1.doCall(HighlightElement.groovy:105)
	at jdk.internal.reflect.GeneratedMethodAccessor6.invoke(Unknown Source)
	at java.base/jdk.internal.reflect.DelegatingMethodAccessorImpl.invoke(DelegatingMethodAccessorImpl.java:43)
	at TNR R.TSPT Supp90-Visiteur.run(TNR R.TSPT Supp90-Visiteur:119)
	at com.kms.katalon.core.main.ScriptEngine.run(ScriptEngine.java:194)
	at com.kms.katalon.core.main.ScriptEngine.runScriptAsRawText(ScriptEngine.java:119)
	at com.kms.katalon.core.main.TestCaseExecutor.runScript(TestCaseExecutor.java:448)
	at com.kms.katalon.core.main.TestCaseExecutor.doExecute(TestCaseExecutor.java:439)
	at com.kms.katalon.core.main.TestCaseExecutor.processExecutionPhase(TestCaseExecutor.java:418)
	at com.kms.katalon.core.main.TestCaseExecutor.accessMainPhase(TestCaseExecutor.java:410)
	at com.kms.katalon.core.main.TestCaseExecutor.execute(TestCaseExecutor.java:285)
	at com.kms.katalon.core.common.CommonExecutor.accessTestCaseMainPhase(CommonExecutor.java:65)
	at com.kms.katalon.core.main.TestSuiteExecutor.accessTestSuiteMainPhase(TestSuiteExecutor.java:148)
	at com.kms.katalon.core.main.TestSuiteExecutor.execute(TestSuiteExecutor.java:106)
	at com.kms.katalon.core.main.TestCaseMain.startTestSuite(TestCaseMain.java:180)
	at TempTestSuite1704295324522.run(TempTestSuite1704295324522.groovy:36)
	at java.base/jdk.internal.reflect.NativeMethodAccessorImpl.invoke0(Native Method)
	at java.base/jdk.internal.reflect.NativeMethodAccessorImpl.invoke(NativeMethodAccessorImpl.java:77)
	at java.base/jdk.internal.reflect.DelegatingMethodAccessorImpl.invoke(DelegatingMethodAccessorImpl.java:43)
Caused by: com.kms.katalon.core.exception.StepFailedException: Unable to click on object 'Object Repository/Page_Verif_AccordeonMotifDeSejour_Agent/check_DemandeurContacte'
	at com.kms.katalon.core.webui.keyword.internal.WebUIKeywordMain.stepFailed(WebUIKeywordMain.groovy:64)
	at com.kms.katalon.core.webui.keyword.internal.WebUIKeywordMain.runKeyword(WebUIKeywordMain.groovy:26)
	at com.kms.katalon.core.webui.keyword.builtin.ClickKeyword.click(ClickKeyword.groovy:74)
	at com.kms.katalon.core.webui.keyword.builtin.ClickKeyword.execute(ClickKeyword.groovy:40)
	at com.kms.katalon.core.keyword.internal.KeywordExecutor.executeKeywordForPlatform(KeywordExecutor.groovy:74)
	at com.kms.katalon.core.webui.keyword.WebUiBuiltInKeywords.click(WebUiBuiltInKeywords.groovy:659)
	at jdk.internal.reflect.GeneratedMethodAccessor25.invoke(Unknown Source)
	at java.base/jdk.internal.reflect.DelegatingMethodAccessorImpl.invoke(DelegatingMethodAccessorImpl.java:43)
	at com.kazurayam.ksbackyard.HighlightElement$_pandemic_closure1.doCall(HighlightElement.groovy:105)
	at jdk.internal.reflect.GeneratedMethodAccessor6.invoke(Unknown Source)
	at java.base/jdk.internal.reflect.DelegatingMethodAccessorImpl.invoke(DelegatingMethodAccessorImpl.java:43)
	at Verif_AccordeonEtatCivilDuDemandeur.run(Verif_AccordeonEtatCivilDuDemandeur:235)
	at com.kms.katalon.core.main.ScriptEngine.run(ScriptEngine.java:194)
	at com.kms.katalon.core.main.ScriptEngine.runScriptAsRawText(ScriptEngine.java:119)
	at com.kms.katalon.core.main.TestCaseExecutor.runScript(TestCaseExecutor.java:448)
	at com.kms.katalon.core.main.TestCaseExecutor.doExecute(TestCaseExecutor.java:439)
	at com.kms.katalon.core.main.TestCaseExecutor.processExecutionPhase(TestCaseExecutor.java:418)
	at com.kms.katalon.core.main.TestCaseExecutor.accessMainPhase(TestCaseExecutor.java:410)
	at com.kms.katalon.core.main.TestCaseExecutor.execute(TestCaseExecutor.java:285)
	at com.kms.katalon.core.main.TestCaseMain.runTestCase(TestCaseMain.java:137)
	at com.kms.katalon.core.keyword.builtin.CallTestCaseKeyword$_callTestCase_closure1.doCall(CallTestCaseKeyword.groovy:59)
	... 28 more
Caused by: com.kms.katalon.core.webui.exception.WebElementNotFoundException: Web element with id: 'Object Repository/Page_Verif_AccordeonMotifDeSejour_Agent/check_DemandeurContacte' located by '/html/body/app-root/app-layout/div/div/div/app-navigation-layout/div[2]/app-demande-instruction/div/div[1]/form/p-accordion/div/p-accordiontab[9]/div[2]/div/div/div[2]/anef-input-check/div/div/p-checkbox/label' not found
	at com.kms.katalon.core.webui.common.WebUiCommonHelper.findWebElement(WebUiCommonHelper.java:1379)
	at com.kms.katalon.core.webui.keyword.internal.WebUIAbstractKeyword.findWebElement(WebUIAbstractKeyword.groovy:27)
	at com.kms.katalon.core.webui.keyword.builtin.ClickKeyword$_click_closure1.doCall(ClickKeyword.groovy:65)
	at com.kms.katalon.core.webui.keyword.builtin.ClickKeyword$_click_closure1.call(ClickKeyword.groovy)
	at com.kms.katalon.core.webui.keyword.internal.WebUIKeywordMain.runKeyword(WebUIKeywordMain.groovy:20)
	... 47 more


03-01-2024T16:22:16 - [TEST_STEP][PASSED] - com.kazurayam.ksbackyard.HighlightElement.pandemic(): com.kazurayam.ksbackyard.HighlightElement.pandemic is PASSED

03-01-2024T16:22:17 - [MESSAGE][PASSED] - com.kazurayam.ksbackyard.HighlightElement.pandemic is PASSED

03-01-2024T16:22:17 - [TEST_STEP][PASSED] - callTestCase(findTestCase("Test Reutilisable/Main/Lancer URL ANEF"), ["Profiles":"Usager", "EnvExec":EnvExec], STOP_ON_FAILURE): Call Test Case 'Test Cases/Test Reutilisable/Main/Lancer URL ANEF' successfully

03-01-2024T16:22:17 - [MESSAGE][INFO] - Checking called Test Case

03-01-2024T16:22:17 - [MESSAGE][INFO] - Starting to call Test Case 'Test Cases/Test Reutilisable/Main/Lancer URL ANEF'

03-01-2024T16:22:17 - [TEST_CASE][PASSED] - Test Cases/Test Reutilisable/Main/Lancer URL ANEF: Test Cases/Test Reutilisable/Main/Lancer URL ANEF

03-01-2024T16:22:19 - [TEST_STEP][PASSED] - "RunConfiguration: getProjectDir for LogDriver ": null

03-01-2024T16:22:19 - [TEST_STEP][PASSED] - RunBrowserConfiguration = getExecutionProperties(): null

03-01-2024T16:22:19 - [TEST_STEP][PASSED] - DriverName = "": null

03-01-2024T16:22:19 - [TEST_STEP][PASSED] - openBrowser(""): Browser is opened with url: ''

03-01-2024T16:22:20 - [MESSAGE][INFO] - Opening browser

03-01-2024T16:22:20 - [MESSAGE][INFO] - Starting 'Chrome' driver

03-01-2024T16:22:20 - [MESSAGE][INFO] - User set preference: ['args', '[--incognito, --start-maximized, --remote-allow-origins=*]']

03-01-2024T16:22:20 - [MESSAGE][INFO] - User set preference: ['prefs', '{download.default_directory=${GlobalVariable.downloadPath}, download_dir=${GlobalVariable.downloadPath}, download.prompt_for_download=false}']

03-01-2024T16:22:20 - [MESSAGE][INFO] - User set preference: ['loggingPrefs', '{browser=ALL}']

03-01-2024T16:22:20 - [MESSAGE][INFO] - Action delay is set to 2 000 milliseconds

03-01-2024T16:22:24 - [MESSAGE][PASSED] - Browser is opened with url: ''

03-01-2024T16:22:24 - [TEST_STEP][PASSED] - driver = getWebDriver(): null

03-01-2024T16:22:24 - [TEST_STEP][PASSED] - wrappedDriver = driver.getWrappedDriver(): null

03-01-2024T16:22:24 - [TEST_STEP][PASSED] - out.println(wrappedDriver.getClass()): null

03-01-2024T16:22:24 - [TEST_STEP][PASSED] - if (class == com.kms.katalon.selenium.driver.CRemoteWebDriver): null

03-01-2024T16:22:24 - [TEST_STEP][PASSED] - else: null

03-01-2024T16:22:24 - [TEST_STEP][PASSED] - DriverName = get("WebUI").get("browserType"): null

03-01-2024T16:22:24 - [TEST_STEP][PASSED] - println("DriverName :" + DriverName): null

03-01-2024T16:22:24 - [TEST_STEP][PASSED] - println("Driverpath :" + RunBrowserConfiguration.get("drivers")): null

03-01-2024T16:22:24 - [TEST_STEP][PASSED] - DriverName = DriverName: null

03-01-2024T16:22:26 - [TEST_STEP][PASSED] - delay(medium_wait): Delayed 3 second(s)

03-01-2024T16:22:26 - [MESSAGE][INFO] - Delaying browser in 3 second(s)

03-01-2024T16:22:29 - [MESSAGE][PASSED] - Delayed 3 second(s)

03-01-2024T16:22:29 - [TEST_STEP][PASSED] - executedBrowser = getExecutedBrowser(): null

03-01-2024T16:22:29 - [TEST_STEP][PASSED] - if (Profiles == "Usager"): null

03-01-2024T16:22:29 - [TEST_STEP][PASSED] - switch (DriverName): null

03-01-2024T16:22:29 - [TEST_STEP][PASSED] - case "CHROME_DRIVER":: null

03-01-2024T16:22:29 - [TEST_STEP][PASSED] - if (EnvExec == "URL_ANEFQualif"): Navigate to 'https://qualif.administration-etrangers-en-france.interieur.gouv.fr/particuliers/#/' successfully

03-01-2024T16:22:29 - [TEST_STEP][PASSED] - navigateToUrl(URL_ANEFQualif): Navigate to 'https://qualif.administration-etrangers-en-france.interieur.gouv.fr/particuliers/#/' successfully

03-01-2024T16:22:29 - [MESSAGE][INFO] - Checking url

03-01-2024T16:22:29 - [MESSAGE][INFO] - Navigating to 'https://qualif.administration-etrangers-en-france.interieur.gouv.fr/particuliers/#/'

03-01-2024T16:22:45 - [MESSAGE][PASSED] - Navigate to 'https://qualif.administration-etrangers-en-france.interieur.gouv.fr/particuliers/#/' successfully

03-01-2024T16:22:45 - [TEST_STEP][PASSED] - if (EnvExec == "URL_ANEFPreProd"): null

03-01-2024T16:22:45 - [TEST_STEP][PASSED] - maximizeWindow(): Current window maximized

03-01-2024T16:22:45 - [MESSAGE][INFO] - Maximizing current window

03-01-2024T16:22:45 - [MESSAGE][PASSED] - Current window maximized

03-01-2024T16:22:45 - [TEST_STEP][PASSED] - System.setProperty("webdriver.chrome.driver", getChromeDriverPath()): null

03-01-2024T16:22:45 - [TEST_STEP][PASSED] - System.setProperty("webdriver.chrome.logfile", getProjectDir() + "/Dump/chromedriver.log"): null

03-01-2024T16:22:45 - [TEST_STEP][PASSED] - callTestCase(findTestCase("Test Reutilisable/Main/Erreur lie a la confidentialite"), [:], STOP_ON_FAILURE): Call Test Case 'Test Cases/Test Reutilisable/Main/Erreur lie a la confidentialite' successfully

03-01-2024T16:22:45 - [MESSAGE][INFO] - Checking called Test Case

03-01-2024T16:22:45 - [MESSAGE][INFO] - Starting to call Test Case 'Test Cases/Test Reutilisable/Main/Erreur lie a la confidentialite'

03-01-2024T16:22:45 - [TEST_CASE][PASSED] - Test Cases/Test Reutilisable/Main/Erreur lie a la confidentialite: Test Cases/Test Reutilisable/Main/Erreur lie a la confidentialite

03-01-2024T16:22:46 - [TEST_STEP][PASSED] - tools.WaitForLoadedPage.waitForElementRendering(): tools.WaitForLoadedPage.waitForElementRendering is PASSED

03-01-2024T16:22:46 - [MESSAGE][PASSED] - tools.WaitForLoadedPage.waitForElementRendering is PASSED

03-01-2024T16:22:46 - [TEST_STEP][PASSED] - "Call Highlight.on() automatically": null

03-01-2024T16:22:46 - [TEST_STEP][PASSED] - DriverName = DriverName: null

03-01-2024T16:22:46 - [TEST_STEP][PASSED] - if (DriverName == "CHROME_DRIVER" || "EDGE_CHROMIUM_DRIVER" || "HEADLESS_DRIVER"): null

03-01-2024T16:22:46 - [TEST_STEP][PASSED] - if (verifyElementPresent(findTestObject("Object Repository/Connexion Usager/Btn_Parametres Avances"), 2, OPTIONAL)): null

03-01-2024T16:22:46 - [MESSAGE][INFO] - Finding Test Object 'Object Repository/Connexion Usager/Btn_Parametres Avances'

03-01-2024T16:22:46 - [MESSAGE][INFO] - Checking object

03-01-2024T16:22:46 - [MESSAGE][INFO] - Finding web element from Test Object's properties

03-01-2024T16:22:46 - [MESSAGE][INFO] - Checking timeout

03-01-2024T16:22:46 - [MESSAGE][INFO] - Finding web element with id: 'Object Repository/Connexion Usager/Btn_Parametres Avances' located by 'By.xpath: //*[@id="details-button"]' in '2' second(s)

03-01-2024T16:22:46 - [MESSAGE][INFO] - Smart Wait Function is triggered

03-01-2024T16:22:46 - [MESSAGE][INFO] - Found 1 web elements with id: 'Object Repository/Connexion Usager/Btn_Parametres Avances' located by 'By.xpath: //*[@id="details-button"]' in '2' second(s)

03-01-2024T16:22:46 - [MESSAGE][PASSED] - Object 'Object Repository/Connexion Usager/Btn_Parametres Avances' is present

03-01-2024T16:22:46 - [TEST_STEP][PASSED] - click(findTestObject("Object Repository/Connexion Usager/Btn_Parametres Avances"), OPTIONAL): Object: 'Object Repository/Connexion Usager/Btn_Parametres Avances' is clicked on

03-01-2024T16:22:46 - [MESSAGE][INFO] - Finding Test Object 'Object Repository/Connexion Usager/Btn_Parametres Avances'

03-01-2024T16:22:46 - [MESSAGE][INFO] - Checking timeout

03-01-2024T16:22:46 - [MESSAGE][INFO] - Finding web element with id: 'Object Repository/Connexion Usager/Btn_Parametres Avances' located by 'By.xpath: //*[@id="details-button"]' in '20' second(s)

03-01-2024T16:22:46 - [MESSAGE][INFO] - Smart Wait Function is triggered

03-01-2024T16:22:46 - [MESSAGE][INFO] - Found 1 web elements with id: 'Object Repository/Connexion Usager/Btn_Parametres Avances' located by 'By.xpath: //*[@id="details-button"]' in '20' second(s)

03-01-2024T16:22:47 - [MESSAGE][INFO] - Checking object

03-01-2024T16:22:47 - [MESSAGE][INFO] - Checking timeout

03-01-2024T16:22:47 - [MESSAGE][INFO] - Finding web element from Test Object's properties

03-01-2024T16:22:47 - [MESSAGE][INFO] - Checking timeout

03-01-2024T16:22:47 - [MESSAGE][INFO] - Finding web element with id: 'Object Repository/Connexion Usager/Btn_Parametres Avances' located by 'By.xpath: //*[@id="details-button"]' in '5' second(s)

03-01-2024T16:22:47 - [MESSAGE][INFO] - Smart Wait Function is triggered

03-01-2024T16:22:47 - [MESSAGE][INFO] - Found 1 web elements with id: 'Object Repository/Connexion Usager/Btn_Parametres Avances' located by 'By.xpath: //*[@id="details-button"]' in '5' second(s)

03-01-2024T16:22:47 - [MESSAGE][INFO] - Clicking on object: 'Object Repository/Connexion Usager/Btn_Parametres Avances'

03-01-2024T16:22:49 - [MESSAGE][PASSED] - Object: 'Object Repository/Connexion Usager/Btn_Parametres Avances' is clicked on

03-01-2024T16:22:49 - [TEST_STEP][PASSED] - click(findTestObject("Object Repository/Connexion Usager/Link_Proceed-Link"), OPTIONAL): Object: 'Object Repository/Connexion Usager/Link_Proceed-Link' is clicked on

03-01-2024T16:22:49 - [MESSAGE][INFO] - Finding Test Object 'Object Repository/Connexion Usager/Link_Proceed-Link'

03-01-2024T16:22:49 - [MESSAGE][INFO] - Checking timeout

03-01-2024T16:22:49 - [MESSAGE][INFO] - Finding web element with id: 'Object Repository/Connexion Usager/Link_Proceed-Link' located by 'By.xpath: //*[@id="proceed-link"]' in '20' second(s)

03-01-2024T16:22:49 - [MESSAGE][INFO] - Smart Wait Function is triggered

03-01-2024T16:22:49 - [MESSAGE][INFO] - Found 1 web elements with id: 'Object Repository/Connexion Usager/Link_Proceed-Link' located by 'By.xpath: //*[@id="proceed-link"]' in '20' second(s)

03-01-2024T16:22:49 - [MESSAGE][INFO] - Checking object

03-01-2024T16:22:49 - [MESSAGE][INFO] - Checking timeout

03-01-2024T16:22:49 - [MESSAGE][INFO] - Finding web element from Test Object's properties

03-01-2024T16:22:49 - [MESSAGE][INFO] - Checking timeout

03-01-2024T16:22:49 - [MESSAGE][INFO] - Finding web element with id: 'Object Repository/Connexion Usager/Link_Proceed-Link' located by 'By.xpath: //*[@id="proceed-link"]' in '5' second(s)

03-01-2024T16:22:49 - [MESSAGE][INFO] - Smart Wait Function is triggered

03-01-2024T16:22:49 - [MESSAGE][INFO] - Found 1 web elements with id: 'Object Repository/Connexion Usager/Link_Proceed-Link' located by 'By.xpath: //*[@id="proceed-link"]' in '5' second(s)

03-01-2024T16:22:49 - [MESSAGE][INFO] - Clicking on object: 'Object Repository/Connexion Usager/Link_Proceed-Link'

03-01-2024T16:22:52 - [MESSAGE][PASSED] - Object: 'Object Repository/Connexion Usager/Link_Proceed-Link' is clicked on

03-01-2024T16:22:52 - [TEST_STEP][PASSED] - if (DriverName == "IE_DRIVER"): null

03-01-2024T16:22:52 - [TEST_STEP][PASSED] - delay(3): Delayed 3 second(s)

03-01-2024T16:22:52 - [MESSAGE][INFO] - Delaying browser in 3 second(s)

03-01-2024T16:22:55 - [MESSAGE][PASSED] - Delayed 3 second(s)

03-01-2024T16:22:55 - [MESSAGE][PASSED] - Call Test Case 'Test Cases/Test Reutilisable/Main/Erreur lie a la confidentialite' successfully

03-01-2024T16:22:55 - [TEST_STEP][PASSED] - delay(5): Delayed 5 second(s)

03-01-2024T16:22:55 - [MESSAGE][INFO] - Delaying browser in 5 second(s)

03-01-2024T16:23:00 - [MESSAGE][PASSED] - Delayed 5 second(s)

03-01-2024T16:23:00 - [TEST_STEP][PASSED] - verifyElementVisible(findTestObject("Object Repository/Connexion Usager/Link_Se Connecter"), STOP_ON_FAILURE): Object 'Object Repository/Connexion Usager/Link_Se Connecter' is visible

03-01-2024T16:23:00 - [MESSAGE][INFO] - Finding Test Object 'Object Repository/Connexion Usager/Link_Se Connecter'

03-01-2024T16:23:00 - [MESSAGE][INFO] - Checking object

03-01-2024T16:23:00 - [MESSAGE][INFO] - Finding web element from Test Object's properties

03-01-2024T16:23:00 - [MESSAGE][INFO] - Checking timeout

03-01-2024T16:23:00 - [MESSAGE][INFO] - Finding web element with id: 'Object Repository/Connexion Usager/Link_Se Connecter' located by 'By.xpath: //*[@id="connexion_link"]' in '5' second(s)

03-01-2024T16:23:00 - [MESSAGE][INFO] - Smart Wait Function is triggered

03-01-2024T16:23:01 - [MESSAGE][INFO] - Found 1 web elements with id: 'Object Repository/Connexion Usager/Link_Se Connecter' located by 'By.xpath: //*[@id="connexion_link"]' in '5' second(s)

03-01-2024T16:23:01 - [MESSAGE][PASSED] - Object 'Object Repository/Connexion Usager/Link_Se Connecter' is visible

03-01-2024T16:23:01 - [TEST_STEP][PASSED] - break: null

03-01-2024T16:23:01 - [TEST_STEP][PASSED] - if (Profiles == "Agent"): null

03-01-2024T16:23:01 - [TEST_STEP][PASSED] - else: null

03-01-2024T16:23:01 - [TEST_STEP][PASSED] - println("Vérifier le Portail de votre connexion Usager ou Agent"): null

03-01-2024T16:23:01 - [MESSAGE][PASSED] - Call Test Case 'Test Cases/Test Reutilisable/Main/Lancer URL ANEF' successfully

03-01-2024T16:23:01 - [TEST_STEP][FAILED] - if (TraitemantAgent == "Oui"): Unable to call Test Case 'Test Cases/Test Reutilisable/AgentTraitementDemande/Verif_AccordeonEtatCivilDuDemandeur' (Root cause: com.kms.katalon.core.exception.StepFailedException: Call Test Case 'Test Cases/Test Reutilisable/AgentTraitementDemande/Verif_AccordeonEtatCivilDuDemandeur' failed
	at com.kms.katalon.core.keyword.builtin.CallTestCaseKeyword$_callTestCase_closure1.doCall(CallTestCaseKeyword.groovy:63)
	at com.kms.katalon.core.keyword.builtin.CallTestCaseKeyword$_callTestCase_closure1.call(CallTestCaseKeyword.groovy)
	at com.kms.katalon.core.keyword.internal.KeywordMain.runKeyword(KeywordMain.groovy:75)
	at com.kms.katalon.core.keyword.builtin.CallTestCaseKeyword.callTestCase(CallTestCaseKeyword.groovy:81)
	at com.kms.katalon.core.keyword.builtin.CallTestCaseKeyword.execute(CallTestCaseKeyword.groovy:44)
	at com.kms.katalon.core.keyword.internal.KeywordExecutor.executeKeywordForPlatform(KeywordExecutor.groovy:74)
	at com.kms.katalon.core.keyword.BuiltinKeywords.callTestCase(BuiltinKeywords.groovy:310)
	at java.base/jdk.internal.reflect.NativeMethodAccessorImpl.invoke0(Native Method)
	at java.base/jdk.internal.reflect.NativeMethodAccessorImpl.invoke(NativeMethodAccessorImpl.java:77)
	at java.base/jdk.internal.reflect.DelegatingMethodAccessorImpl.invoke(DelegatingMethodAccessorImpl.java:43)
	at com.kazurayam.ksbackyard.HighlightElement$_pandemic_closure1.doCall(HighlightElement.groovy:105)
	at jdk.internal.reflect.GeneratedMethodAccessor6.invoke(Unknown Source)
	at java.base/jdk.internal.reflect.DelegatingMethodAccessorImpl.invoke(DelegatingMethodAccessorImpl.java:43)
	at TNR R.TSPT Supp90-Visiteur.run(TNR R.TSPT Supp90-Visiteur:119)
	at com.kms.katalon.core.main.ScriptEngine.run(ScriptEngine.java:194)
	at com.kms.katalon.core.main.ScriptEngine.runScriptAsRawText(ScriptEngine.java:119)
	at com.kms.katalon.core.main.TestCaseExecutor.runScript(TestCaseExecutor.java:448)
	at com.kms.katalon.core.main.TestCaseExecutor.doExecute(TestCaseExecutor.java:439)
	at com.kms.katalon.core.main.TestCaseExecutor.processExecutionPhase(TestCaseExecutor.java:418)
	at com.kms.katalon.core.main.TestCaseExecutor.accessMainPhase(TestCaseExecutor.java:410)
	at com.kms.katalon.core.main.TestCaseExecutor.execute(TestCaseExecutor.java:285)
	at com.kms.katalon.core.common.CommonExecutor.accessTestCaseMainPhase(CommonExecutor.java:65)
	at com.kms.katalon.core.main.TestSuiteExecutor.accessTestSuiteMainPhase(TestSuiteExecutor.java:148)
	at com.kms.katalon.core.main.TestSuiteExecutor.execute(TestSuiteExecutor.java:106)
	at com.kms.katalon.core.main.TestCaseMain.startTestSuite(TestCaseMain.java:180)
	at TempTestSuite1704295324522.run(TempTestSuite1704295324522.groovy:36)
	at java.base/jdk.internal.reflect.NativeMethodAccessorImpl.invoke0(Native Method)
	at java.base/jdk.internal.reflect.NativeMethodAccessorImpl.invoke(NativeMethodAccessorImpl.java:77)
	at java.base/jdk.internal.reflect.DelegatingMethodAccessorImpl.invoke(DelegatingMethodAccessorImpl.java:43)
Caused by: com.kms.katalon.core.exception.StepFailedException: Unable to click on object 'Object Repository/Page_Verif_AccordeonMotifDeSejour_Agent/check_DemandeurContacte'
	at com.kms.katalon.core.webui.keyword.internal.WebUIKeywordMain.stepFailed(WebUIKeywordMain.groovy:64)
	at com.kms.katalon.core.webui.keyword.internal.WebUIKeywordMain.runKeyword(WebUIKeywordMain.groovy:26)
	at com.kms.katalon.core.webui.keyword.builtin.ClickKeyword.click(ClickKeyword.groovy:74)
	at com.kms.katalon.core.webui.keyword.builtin.ClickKeyword.execute(ClickKeyword.groovy:40)
	at com.kms.katalon.core.keyword.internal.KeywordExecutor.executeKeywordForPlatform(KeywordExecutor.groovy:74)
	at com.kms.katalon.core.webui.keyword.WebUiBuiltInKeywords.click(WebUiBuiltInKeywords.groovy:659)
	at jdk.internal.reflect.GeneratedMethodAccessor25.invoke(Unknown Source)
	at java.base/jdk.internal.reflect.DelegatingMethodAccessorImpl.invoke(DelegatingMethodAccessorImpl.java:43)
	at com.kazurayam.ksbackyard.HighlightElement$_pandemic_closure1.doCall(HighlightElement.groovy:105)
	at jdk.internal.reflect.GeneratedMethodAccessor6.invoke(Unknown Source)
	at java.base/jdk.internal.reflect.DelegatingMethodAccessorImpl.invoke(DelegatingMethodAccessorImpl.java:43)
	at Verif_AccordeonEtatCivilDuDemandeur.run(Verif_AccordeonEtatCivilDuDemandeur:235)
	at com.kms.katalon.core.main.ScriptEngine.run(ScriptEngine.java:194)
	at com.kms.katalon.core.main.ScriptEngine.runScriptAsRawText(ScriptEngine.java:119)
	at com.kms.katalon.core.main.TestCaseExecutor.runScript(TestCaseExecutor.java:448)
	at com.kms.katalon.core.main.TestCaseExecutor.doExecute(TestCaseExecutor.java:439)
	at com.kms.katalon.core.main.TestCaseExecutor.processExecutionPhase(TestCaseExecutor.java:418)
	at com.kms.katalon.core.main.TestCaseExecutor.accessMainPhase(TestCaseExecutor.java:410)
	at com.kms.katalon.core.main.TestCaseExecutor.execute(TestCaseExecutor.java:285)
	at com.kms.katalon.core.main.TestCaseMain.runTestCase(TestCaseMain.java:137)
	at com.kms.katalon.core.keyword.builtin.CallTestCaseKeyword$_callTestCase_closure1.doCall(CallTestCaseKeyword.groovy:59)
	... 28 more
Caused by: com.kms.katalon.core.webui.exception.WebElementNotFoundException: Web element with id: 'Object Repository/Page_Verif_AccordeonMotifDeSejour_Agent/check_DemandeurContacte' located by '/html/body/app-root/app-layout/div/div/div/app-navigation-layout/div[2]/app-demande-instruction/div/div[1]/form/p-accordion/div/p-accordiontab[9]/div[2]/div/div/div[2]/anef-input-check/div/div/p-checkbox/label' not found
	at com.kms.katalon.core.webui.common.WebUiCommonHelper.findWebElement(WebUiCommonHelper.java:1379)
	at com.kms.katalon.core.webui.keyword.internal.WebUIAbstractKeyword.findWebElement(WebUIAbstractKeyword.groovy:27)
	at com.kms.katalon.core.webui.keyword.builtin.ClickKeyword$_click_closure1.doCall(ClickKeyword.groovy:65)
	at com.kms.katalon.core.webui.keyword.builtin.ClickKeyword$_click_closure1.call(ClickKeyword.groovy)
	at com.kms.katalon.core.webui.keyword.internal.WebUIKeywordMain.runKeyword(WebUIKeywordMain.groovy:20)
	... 47 more
)

03-01-2024T16:23:01 - [TEST_STEP][PASSED] - callTestCase(findTestCase("Test Reutilisable/Main/Lancer URL ANEF"), ["Profiles":"Agent", "EnvExec":EnvExec], STOP_ON_FAILURE): Call Test Case 'Test Cases/Test Reutilisable/Main/Lancer URL ANEF' successfully

03-01-2024T16:23:01 - [MESSAGE][INFO] - Checking called Test Case

03-01-2024T16:23:01 - [MESSAGE][INFO] - Starting to call Test Case 'Test Cases/Test Reutilisable/Main/Lancer URL ANEF'

03-01-2024T16:23:01 - [TEST_CASE][PASSED] - Test Cases/Test Reutilisable/Main/Lancer URL ANEF: Test Cases/Test Reutilisable/Main/Lancer URL ANEF

03-01-2024T16:23:01 - [TEST_STEP][PASSED] - "RunConfiguration: getProjectDir for LogDriver ": null

03-01-2024T16:23:01 - [TEST_STEP][PASSED] - RunBrowserConfiguration = getExecutionProperties(): null

03-01-2024T16:23:01 - [TEST_STEP][PASSED] - DriverName = "": null

03-01-2024T16:23:01 - [TEST_STEP][PASSED] - openBrowser(""): Browser is opened with url: ''

03-01-2024T16:23:01 - [MESSAGE][INFO] - Opening browser

03-01-2024T16:23:01 - [MESSAGE][WARNING] - A browser is already opened. Closing browser and opening a new one

03-01-2024T16:23:01 - [MESSAGE][INFO] - Starting 'Chrome' driver

03-01-2024T16:23:01 - [MESSAGE][INFO] - User set preference: ['args', '[--incognito, --start-maximized, --remote-allow-origins=*]']

03-01-2024T16:23:01 - [MESSAGE][INFO] - User set preference: ['prefs', '{download.default_directory=${GlobalVariable.downloadPath}, download_dir=${GlobalVariable.downloadPath}, download.prompt_for_download=false}']

03-01-2024T16:23:01 - [MESSAGE][INFO] - User set preference: ['loggingPrefs', '{browser=ALL}']

03-01-2024T16:23:01 - [MESSAGE][INFO] - Action delay is set to 2 000 milliseconds

03-01-2024T16:23:03 - [MESSAGE][PASSED] - Browser is opened with url: ''

03-01-2024T16:23:03 - [TEST_STEP][PASSED] - driver = getWebDriver(): null

03-01-2024T16:23:03 - [TEST_STEP][PASSED] - wrappedDriver = driver.getWrappedDriver(): null

03-01-2024T16:23:03 - [TEST_STEP][PASSED] - out.println(wrappedDriver.getClass()): null

03-01-2024T16:23:03 - [TEST_STEP][PASSED] - if (class == com.kms.katalon.selenium.driver.CRemoteWebDriver): null

03-01-2024T16:23:03 - [TEST_STEP][PASSED] - else: null

03-01-2024T16:23:03 - [TEST_STEP][PASSED] - DriverName = get("WebUI").get("browserType"): null

03-01-2024T16:23:03 - [TEST_STEP][PASSED] - println("DriverName :" + DriverName): null

03-01-2024T16:23:03 - [TEST_STEP][PASSED] - println("Driverpath :" + RunBrowserConfiguration.get("drivers")): null

03-01-2024T16:23:03 - [TEST_STEP][PASSED] - DriverName = DriverName: null

03-01-2024T16:23:03 - [TEST_STEP][PASSED] - delay(medium_wait): Delayed 3 second(s)

03-01-2024T16:23:03 - [MESSAGE][INFO] - Delaying browser in 3 second(s)

03-01-2024T16:23:06 - [MESSAGE][PASSED] - Delayed 3 second(s)

03-01-2024T16:23:06 - [TEST_STEP][PASSED] - executedBrowser = getExecutedBrowser(): null

03-01-2024T16:23:06 - [TEST_STEP][PASSED] - if (Profiles == "Usager"): null

03-01-2024T16:23:06 - [TEST_STEP][PASSED] - if (Profiles == "Agent"): Current window maximized

03-01-2024T16:23:06 - [TEST_STEP][PASSED] - if (EnvExec == "URL_ANEFQualif"): Browser is opened with url: 'https://qualification.siaef.dgef.interieur.gouv.fr/sejour/#/accueil'

03-01-2024T16:23:06 - [TEST_STEP][PASSED] - openBrowser(URLPortailAgentQualif): Browser is opened with url: 'https://qualification.siaef.dgef.interieur.gouv.fr/sejour/#/accueil'

03-01-2024T16:23:06 - [MESSAGE][INFO] - Opening browser

03-01-2024T16:23:06 - [MESSAGE][WARNING] - A browser is already opened. Closing browser and opening a new one

03-01-2024T16:23:06 - [MESSAGE][INFO] - Starting 'Chrome' driver

03-01-2024T16:23:06 - [MESSAGE][INFO] - User set preference: ['args', '[--incognito, --start-maximized, --remote-allow-origins=*]']

03-01-2024T16:23:06 - [MESSAGE][INFO] - User set preference: ['prefs', '{download.default_directory=${GlobalVariable.downloadPath}, download_dir=${GlobalVariable.downloadPath}, download.prompt_for_download=false}']

03-01-2024T16:23:06 - [MESSAGE][INFO] - User set preference: ['loggingPrefs', '{browser=ALL}']

03-01-2024T16:23:06 - [MESSAGE][INFO] - Action delay is set to 2 000 milliseconds

03-01-2024T16:23:08 - [MESSAGE][INFO] - Navigating browser to: 'https://qualification.siaef.dgef.interieur.gouv.fr/sejour/#/accueil'

03-01-2024T16:23:30 - [MESSAGE][PASSED] - Browser is opened with url: 'https://qualification.siaef.dgef.interieur.gouv.fr/sejour/#/accueil'

03-01-2024T16:23:30 - [TEST_STEP][PASSED] - if (EnvExec == "URL_ANEFPreProd"): null

03-01-2024T16:23:30 - [TEST_STEP][PASSED] - maximizeWindow(): Current window maximized

03-01-2024T16:23:30 - [MESSAGE][INFO] - Maximizing current window

03-01-2024T16:23:30 - [MESSAGE][PASSED] - Current window maximized

03-01-2024T16:23:30 - [MESSAGE][PASSED] - Call Test Case 'Test Cases/Test Reutilisable/Main/Lancer URL ANEF' successfully

03-01-2024T16:23:30 - [TEST_STEP][PASSED] - callTestCase(findTestCase("Test Reutilisable/Main/Identification"), ["Profiles":"Agent", "NumEtrangerVisa":NumEtrangerVisa, "EnvExec":"EnvExec"], STOP_ON_FAILURE): Call Test Case 'Test Cases/Test Reutilisable/Main/Identification' successfully

03-01-2024T16:23:30 - [MESSAGE][INFO] - Checking called Test Case

03-01-2024T16:23:30 - [MESSAGE][INFO] - Starting to call Test Case 'Test Cases/Test Reutilisable/Main/Identification'

03-01-2024T16:23:30 - [TEST_CASE][PASSED] - Test Cases/Test Reutilisable/Main/Identification: Test Cases/Test Reutilisable/Main/Identification

03-01-2024T16:23:31 - [TEST_STEP][PASSED] - if (Profiles == "Usager"): null

03-01-2024T16:23:31 - [TEST_STEP][PASSED] - if (Profiles == "Agent"): Object: 'Object Repository/Connexion Agent/btn_Valider_Conx_Agent' is clicked on

03-01-2024T16:23:31 - [TEST_STEP][PASSED] - setText(findTestObject("Object Repository/Connexion Agent/Input_UserNameAgent"), IdentifiantAgentQualif): Text 'anef.cng+qualif.agent.sejour.automatisation@gmail.com' is set on object 'Object Repository/Connexion Agent/Input_UserNameAgent'

03-01-2024T16:23:31 - [MESSAGE][INFO] - Finding Test Object 'Object Repository/Connexion Agent/Input_UserNameAgent'

03-01-2024T16:23:31 - [MESSAGE][INFO] - Checking timeout

03-01-2024T16:23:31 - [MESSAGE][INFO] - Finding web element with id: 'Object Repository/Connexion Agent/Input_UserNameAgent' located by 'By.xpath: //*[@aria-labelledby="username-label"]' in '20' second(s)

03-01-2024T16:23:31 - [MESSAGE][INFO] - Smart Wait Function is triggered

03-01-2024T16:23:31 - [MESSAGE][INFO] - Found 1 web elements with id: 'Object Repository/Connexion Agent/Input_UserNameAgent' located by 'By.xpath: //*[@aria-labelledby="username-label"]' in '20' second(s)

03-01-2024T16:23:31 - [MESSAGE][INFO] - Checking object

03-01-2024T16:23:31 - [MESSAGE][INFO] - Checking text

03-01-2024T16:23:31 - [MESSAGE][INFO] - Finding web element from Test Object's properties

03-01-2024T16:23:31 - [MESSAGE][INFO] - Checking timeout

03-01-2024T16:23:31 - [MESSAGE][INFO] - Finding web element with id: 'Object Repository/Connexion Agent/Input_UserNameAgent' located by 'By.xpath: //*[@aria-labelledby="username-label"]' in '5' second(s)

03-01-2024T16:23:31 - [MESSAGE][INFO] - Smart Wait Function is triggered

03-01-2024T16:23:31 - [MESSAGE][INFO] - Found 1 web elements with id: 'Object Repository/Connexion Agent/Input_UserNameAgent' located by 'By.xpath: //*[@aria-labelledby="username-label"]' in '5' second(s)

03-01-2024T16:23:31 - [MESSAGE][INFO] - Clearing text of object 'Object Repository/Connexion Agent/Input_UserNameAgent'

03-01-2024T16:23:33 - [MESSAGE][INFO] - Finding web element from Test Object's properties

03-01-2024T16:23:33 - [MESSAGE][INFO] - Checking timeout

03-01-2024T16:23:33 - [MESSAGE][INFO] - Finding web element with id: 'Object Repository/Connexion Agent/Input_UserNameAgent' located by 'By.xpath: //*[@aria-labelledby="username-label"]' in '5' second(s)

03-01-2024T16:23:33 - [MESSAGE][INFO] - Smart Wait Function is triggered

03-01-2024T16:23:33 - [MESSAGE][INFO] - Found 1 web elements with id: 'Object Repository/Connexion Agent/Input_UserNameAgent' located by 'By.xpath: //*[@aria-labelledby="username-label"]' in '5' second(s)

03-01-2024T16:23:33 - [MESSAGE][INFO] - Setting text of object 'Object Repository/Connexion Agent/Input_UserNameAgent' to value 'anef.cng+qualif.agent.sejour.automatisation@gmail.com'

03-01-2024T16:23:36 - [MESSAGE][PASSED] - Text 'anef.cng+qualif.agent.sejour.automatisation@gmail.com' is set on object 'Object Repository/Connexion Agent/Input_UserNameAgent'

03-01-2024T16:23:36 - [TEST_STEP][PASSED] - setEncryptedText(findTestObject("Object Repository/Connexion Agent/Input_PasswordAgent"), PwAgentQualif): Text ****** has been set on object 'Object Repository/Connexion Agent/Input_PasswordAgent'

03-01-2024T16:23:36 - [MESSAGE][INFO] - Finding Test Object 'Object Repository/Connexion Agent/Input_PasswordAgent'

03-01-2024T16:23:36 - [MESSAGE][INFO] - Checking timeout

03-01-2024T16:23:36 - [MESSAGE][INFO] - Finding web element with id: 'Object Repository/Connexion Agent/Input_PasswordAgent' located by 'By.xpath: //*[@ng-reflect-name="password" and @type ="password" or @id="password"]' in '20' second(s)

03-01-2024T16:23:36 - [MESSAGE][INFO] - Smart Wait Function is triggered

03-01-2024T16:23:36 - [MESSAGE][INFO] - Found 1 web elements with id: 'Object Repository/Connexion Agent/Input_PasswordAgent' located by 'By.xpath: //*[@ng-reflect-name="password" and @type ="password" or @id="password"]' in '20' second(s)

03-01-2024T16:23:36 - [MESSAGE][INFO] - Checking object

03-01-2024T16:23:36 - [MESSAGE][INFO] - Checking text

03-01-2024T16:23:36 - [MESSAGE][INFO] - Finding web element from Test Object's properties

03-01-2024T16:23:36 - [MESSAGE][INFO] - Checking timeout

03-01-2024T16:23:36 - [MESSAGE][INFO] - Finding web element with id: 'Object Repository/Connexion Agent/Input_PasswordAgent' located by 'By.xpath: //*[@ng-reflect-name="password" and @type ="password" or @id="password"]' in '5' second(s)

03-01-2024T16:23:36 - [MESSAGE][INFO] - Smart Wait Function is triggered

03-01-2024T16:23:36 - [MESSAGE][INFO] - Found 1 web elements with id: 'Object Repository/Connexion Agent/Input_PasswordAgent' located by 'By.xpath: //*[@ng-reflect-name="password" and @type ="password" or @id="password"]' in '5' second(s)

03-01-2024T16:23:36 - [MESSAGE][INFO] - Clearing text of object 'Object Repository/Connexion Agent/Input_PasswordAgent'

03-01-2024T16:23:38 - [MESSAGE][INFO] - Setting  text of object 'Object Repository/Connexion Agent/Input_PasswordAgent' to value ******

03-01-2024T16:23:40 - [MESSAGE][PASSED] - Text ****** has been set on object 'Object Repository/Connexion Agent/Input_PasswordAgent'

03-01-2024T16:23:40 - [TEST_STEP][PASSED] - click(findTestObject("Object Repository/Connexion Agent/btn_Valider_Conx_Agent")): Object: 'Object Repository/Connexion Agent/btn_Valider_Conx_Agent' is clicked on

03-01-2024T16:23:40 - [MESSAGE][INFO] - Finding Test Object 'Object Repository/Connexion Agent/btn_Valider_Conx_Agent'

03-01-2024T16:23:40 - [MESSAGE][INFO] - Checking timeout

03-01-2024T16:23:40 - [MESSAGE][INFO] - Finding web element with id: 'Object Repository/Connexion Agent/btn_Valider_Conx_Agent' located by 'By.xpath: //*[@label="Valider"]' in '20' second(s)

03-01-2024T16:23:40 - [MESSAGE][INFO] - Smart Wait Function is triggered

03-01-2024T16:23:40 - [MESSAGE][INFO] - Found 1 web elements with id: 'Object Repository/Connexion Agent/btn_Valider_Conx_Agent' located by 'By.xpath: //*[@label="Valider"]' in '20' second(s)

03-01-2024T16:23:40 - [MESSAGE][INFO] - Checking object

03-01-2024T16:23:40 - [MESSAGE][INFO] - Checking timeout

03-01-2024T16:23:40 - [MESSAGE][INFO] - Finding web element from Test Object's properties

03-01-2024T16:23:40 - [MESSAGE][INFO] - Checking timeout

03-01-2024T16:23:40 - [MESSAGE][INFO] - Finding web element with id: 'Object Repository/Connexion Agent/btn_Valider_Conx_Agent' located by 'By.xpath: //*[@label="Valider"]' in '5' second(s)

03-01-2024T16:23:40 - [MESSAGE][INFO] - Smart Wait Function is triggered

03-01-2024T16:23:40 - [MESSAGE][INFO] - Found 1 web elements with id: 'Object Repository/Connexion Agent/btn_Valider_Conx_Agent' located by 'By.xpath: //*[@label="Valider"]' in '5' second(s)

03-01-2024T16:23:40 - [MESSAGE][INFO] - Clicking on object: 'Object Repository/Connexion Agent/btn_Valider_Conx_Agent'

03-01-2024T16:23:42 - [MESSAGE][PASSED] - Object: 'Object Repository/Connexion Agent/btn_Valider_Conx_Agent' is clicked on

03-01-2024T16:23:42 - [MESSAGE][PASSED] - Call Test Case 'Test Cases/Test Reutilisable/Main/Identification' successfully

03-01-2024T16:23:42 - [TEST_STEP][PASSED] - callTestCase(findTestCase("Test Cases/Test Reutilisable/AgentTraitementDemande/AgentRechercheDemande"), ["NumEtrangerVisa":NumEtrangerVisa], STOP_ON_FAILURE): Call Test Case 'Test Cases/Test Reutilisable/AgentTraitementDemande/AgentRechercheDemande' successfully

03-01-2024T16:23:42 - [MESSAGE][INFO] - Checking called Test Case

03-01-2024T16:23:42 - [MESSAGE][INFO] - Starting to call Test Case 'Test Cases/Test Reutilisable/AgentTraitementDemande/AgentRechercheDemande'

03-01-2024T16:23:42 - [TEST_CASE][PASSED] - Test Cases/Test Reutilisable/AgentTraitementDemande/AgentRechercheDemande: Test Cases/Test Reutilisable/AgentTraitementDemande/AgentRechercheDemande

03-01-2024T16:23:43 - [TEST_STEP][PASSED] - com.kazurayam.ksbackyard.HighlightElement.pandemic(): com.kazurayam.ksbackyard.HighlightElement.pandemic is PASSED

03-01-2024T16:23:43 - [MESSAGE][PASSED] - com.kazurayam.ksbackyard.HighlightElement.pandemic is PASSED

03-01-2024T16:23:43 - [TEST_STEP][PASSED] - callTestCase(findTestCase("Test Cases/Test Reutilisable/AgentTraitementDemande/ConnexionPositionnementSiteDeTraitementAgent"), [:], OPTIONAL): Call Test Case 'Test Cases/Test Reutilisable/AgentTraitementDemande/ConnexionPositionnementSiteDeTraitementAgent' successfully

03-01-2024T16:23:43 - [MESSAGE][INFO] - Checking called Test Case

03-01-2024T16:23:43 - [MESSAGE][INFO] - Starting to call Test Case 'Test Cases/Test Reutilisable/AgentTraitementDemande/ConnexionPositionnementSiteDeTraitementAgent'

03-01-2024T16:23:43 - [TEST_CASE][PASSED] - Test Cases/Test Reutilisable/AgentTraitementDemande/ConnexionPositionnementSiteDeTraitementAgent: Test Cases/Test Reutilisable/AgentTraitementDemande/ConnexionPositionnementSiteDeTraitementAgent

03-01-2024T16:23:43 - [TEST_STEP][PASSED] - com.kazurayam.ksbackyard.HighlightElement.pandemic(): com.kazurayam.ksbackyard.HighlightElement.pandemic is PASSED

03-01-2024T16:23:43 - [MESSAGE][PASSED] - com.kazurayam.ksbackyard.HighlightElement.pandemic is PASSED

03-01-2024T16:23:43 - [TEST_STEP][PASSED] - click(findTestObject("Object Repository/Page_ConnexionPositionnementSiteDeTraitement_Agent/div_App-HeaderAccount-Menu")): Object: 'Object Repository/Page_ConnexionPositionnementSiteDeTraitement_Agent/div_App-HeaderAccount-Menu' is clicked on

03-01-2024T16:23:43 - [MESSAGE][INFO] - Finding Test Object 'Object Repository/Page_ConnexionPositionnementSiteDeTraitement_Agent/div_App-HeaderAccount-Menu'

03-01-2024T16:23:43 - [MESSAGE][INFO] - Checking timeout

03-01-2024T16:23:43 - [MESSAGE][INFO] - Finding web element with id: 'Object Repository/Page_ConnexionPositionnementSiteDeTraitement_Agent/div_App-HeaderAccount-Menu' located by 'By.xpath: //*[@id="app-header"]/div/div[1]/app-account-menu/div/div[1]' in '20' second(s)

03-01-2024T16:23:43 - [MESSAGE][INFO] - Smart Wait Function is triggered

03-01-2024T16:23:43 - [MESSAGE][INFO] - Found 1 web elements with id: 'Object Repository/Page_ConnexionPositionnementSiteDeTraitement_Agent/div_App-HeaderAccount-Menu' located by 'By.xpath: //*[@id="app-header"]/div/div[1]/app-account-menu/div/div[1]' in '20' second(s)

03-01-2024T16:23:43 - [MESSAGE][INFO] - Checking object

03-01-2024T16:23:43 - [MESSAGE][INFO] - Checking timeout

03-01-2024T16:23:43 - [MESSAGE][INFO] - Finding web element from Test Object's properties

03-01-2024T16:23:43 - [MESSAGE][INFO] - Checking timeout

03-01-2024T16:23:43 - [MESSAGE][INFO] - Finding web element with id: 'Object Repository/Page_ConnexionPositionnementSiteDeTraitement_Agent/div_App-HeaderAccount-Menu' located by 'By.xpath: //*[@id="app-header"]/div/div[1]/app-account-menu/div/div[1]' in '5' second(s)

03-01-2024T16:23:43 - [MESSAGE][INFO] - Smart Wait Function is triggered

03-01-2024T16:23:43 - [MESSAGE][INFO] - Found 1 web elements with id: 'Object Repository/Page_ConnexionPositionnementSiteDeTraitement_Agent/div_App-HeaderAccount-Menu' located by 'By.xpath: //*[@id="app-header"]/div/div[1]/app-account-menu/div/div[1]' in '5' second(s)

03-01-2024T16:23:43 - [MESSAGE][INFO] - Clicking on object: 'Object Repository/Page_ConnexionPositionnementSiteDeTraitement_Agent/div_App-HeaderAccount-Menu'

03-01-2024T16:23:46 - [MESSAGE][PASSED] - Object: 'Object Repository/Page_ConnexionPositionnementSiteDeTraitement_Agent/div_App-HeaderAccount-Menu' is clicked on

03-01-2024T16:23:46 - [TEST_STEP][PASSED] - click(findTestObject("Object Repository/Page_ConnexionPositionnementSiteDeTraitement_Agent/span_habilitation")): Object: 'Object Repository/Page_ConnexionPositionnementSiteDeTraitement_Agent/span_habilitation' is clicked on

03-01-2024T16:23:46 - [MESSAGE][INFO] - Finding Test Object 'Object Repository/Page_ConnexionPositionnementSiteDeTraitement_Agent/span_habilitation'

03-01-2024T16:23:46 - [MESSAGE][INFO] - Checking timeout

03-01-2024T16:23:46 - [MESSAGE][INFO] - Finding web element with id: 'Object Repository/Page_ConnexionPositionnementSiteDeTraitement_Agent/span_habilitation' located by 'By.xpath: //*[@id="app-header"]/div/div[1]/app-account-menu/div/div[2]/p-menu/div/ul/li[3]/a/span[2]' in '20' second(s)

03-01-2024T16:23:46 - [MESSAGE][INFO] - Smart Wait Function is triggered

03-01-2024T16:23:46 - [MESSAGE][INFO] - Found 1 web elements with id: 'Object Repository/Page_ConnexionPositionnementSiteDeTraitement_Agent/span_habilitation' located by 'By.xpath: //*[@id="app-header"]/div/div[1]/app-account-menu/div/div[2]/p-menu/div/ul/li[3]/a/span[2]' in '20' second(s)

03-01-2024T16:23:46 - [MESSAGE][INFO] - Checking object

03-01-2024T16:23:46 - [MESSAGE][INFO] - Checking timeout

03-01-2024T16:23:46 - [MESSAGE][INFO] - Finding web element from Test Object's properties

03-01-2024T16:23:46 - [MESSAGE][INFO] - Checking timeout

03-01-2024T16:23:46 - [MESSAGE][INFO] - Finding web element with id: 'Object Repository/Page_ConnexionPositionnementSiteDeTraitement_Agent/span_habilitation' located by 'By.xpath: //*[@id="app-header"]/div/div[1]/app-account-menu/div/div[2]/p-menu/div/ul/li[3]/a/span[2]' in '5' second(s)

03-01-2024T16:23:46 - [MESSAGE][INFO] - Smart Wait Function is triggered

03-01-2024T16:23:46 - [MESSAGE][INFO] - Found 1 web elements with id: 'Object Repository/Page_ConnexionPositionnementSiteDeTraitement_Agent/span_habilitation' located by 'By.xpath: //*[@id="app-header"]/div/div[1]/app-account-menu/div/div[2]/p-menu/div/ul/li[3]/a/span[2]' in '5' second(s)

03-01-2024T16:23:46 - [MESSAGE][INFO] - Clicking on object: 'Object Repository/Page_ConnexionPositionnementSiteDeTraitement_Agent/span_habilitation'

03-01-2024T16:23:48 - [MESSAGE][PASSED] - Object: 'Object Repository/Page_ConnexionPositionnementSiteDeTraitement_Agent/span_habilitation' is clicked on

03-01-2024T16:23:48 - [TEST_STEP][PASSED] - PopUpHabilitations = findTestObject("Object Repository/Page_ConnexionPositionnementSiteDeTraitement_Agent/span_PopupHabilitations"): Finding Test Object 'Object Repository/Page_ConnexionPositionnementSiteDeTraitement_Agent/span_PopupHabilitations'

03-01-2024T16:23:48 - [MESSAGE][INFO] - Finding Test Object 'Object Repository/Page_ConnexionPositionnementSiteDeTraitement_Agent/span_PopupHabilitations'

03-01-2024T16:23:48 - [TEST_STEP][PASSED] - verifyElementPresent(PopUpHabilitations, 1): Object 'Object Repository/Page_ConnexionPositionnementSiteDeTraitement_Agent/span_PopupHabilitations' is present

03-01-2024T16:23:48 - [MESSAGE][INFO] - Checking object

03-01-2024T16:23:48 - [MESSAGE][INFO] - Finding web element from Test Object's properties

03-01-2024T16:23:48 - [MESSAGE][INFO] - Checking timeout

03-01-2024T16:23:48 - [MESSAGE][INFO] - Finding web element with id: 'Object Repository/Page_ConnexionPositionnementSiteDeTraitement_Agent/span_PopupHabilitations' located by 'By.xpath: //*[@id="ui-dialog-9-label"]/p-header/div[1]' in '1' second(s)

03-01-2024T16:23:48 - [MESSAGE][INFO] - Smart Wait Function is triggered

03-01-2024T16:23:48 - [MESSAGE][INFO] - Found 1 web elements with id: 'Object Repository/Page_ConnexionPositionnementSiteDeTraitement_Agent/span_PopupHabilitations' located by 'By.xpath: //*[@id="ui-dialog-9-label"]/p-header/div[1]' in '1' second(s)

03-01-2024T16:23:48 - [MESSAGE][PASSED] - Object 'Object Repository/Page_ConnexionPositionnementSiteDeTraitement_Agent/span_PopupHabilitations' is present

03-01-2024T16:23:48 - [TEST_STEP][PASSED] - TitrePopUpAfficherCommentaires = getText(PopUpHabilitations): Text of object 'Object Repository/Page_ConnexionPositionnementSiteDeTraitement_Agent/span_PopupHabilitations' is: 'HABILITATIONS'

03-01-2024T16:23:48 - [MESSAGE][INFO] - Checking object

03-01-2024T16:23:48 - [MESSAGE][INFO] - Finding web element from Test Object's properties

03-01-2024T16:23:48 - [MESSAGE][INFO] - Checking timeout

03-01-2024T16:23:48 - [MESSAGE][INFO] - Finding web element with id: 'Object Repository/Page_ConnexionPositionnementSiteDeTraitement_Agent/span_PopupHabilitations' located by 'By.xpath: //*[@id="ui-dialog-9-label"]/p-header/div[1]' in '5' second(s)

03-01-2024T16:23:48 - [MESSAGE][INFO] - Smart Wait Function is triggered

03-01-2024T16:23:48 - [MESSAGE][INFO] - Found 1 web elements with id: 'Object Repository/Page_ConnexionPositionnementSiteDeTraitement_Agent/span_PopupHabilitations' located by 'By.xpath: //*[@id="ui-dialog-9-label"]/p-header/div[1]' in '5' second(s)

03-01-2024T16:23:48 - [MESSAGE][INFO] - Getting text of object 'Object Repository/Page_ConnexionPositionnementSiteDeTraitement_Agent/span_PopupHabilitations'

03-01-2024T16:23:48 - [MESSAGE][PASSED] - Text of object 'Object Repository/Page_ConnexionPositionnementSiteDeTraitement_Agent/span_PopupHabilitations' is: 'HABILITATIONS'

03-01-2024T16:23:48 - [TEST_STEP][PASSED] - if (!(TitrePopUpAfficherCommentaires.contains("HABILITATIONS"))): null

03-01-2024T16:23:48 - [TEST_STEP][PASSED] - else: Le Titre de PopUp est bien Affiché : HABILITATIONS.

03-01-2024T16:23:48 - [TEST_STEP][PASSED] - markPassed("Le Titre de PopUp est bien Affiché : HABILITATIONS."): Le Titre de PopUp est bien Affiché : HABILITATIONS.

03-01-2024T16:23:48 - [MESSAGE][PASSED] - Le Titre de PopUp est bien Affiché : HABILITATIONS.

03-01-2024T16:23:48 - [TEST_STEP][PASSED] - if (TypeTitreDeSejour == "RenouvellementDeTitreSéjour" || TypeTitreDeSejour == "Visiteur"): Delayed 3 second(s)

03-01-2024T16:23:48 - [TEST_STEP][PASSED] - RoleEncadreurSite7701 = findTestObject("Object Repository/Page_ConnexionPositionnementSiteDeTraitement_Agent/CheckBox_RoleEncadreurSite7701"): Finding Test Object 'Object Repository/Page_ConnexionPositionnementSiteDeTraitement_Agent/CheckBox_RoleEncadreurSite7701'

03-01-2024T16:23:48 - [MESSAGE][INFO] - Finding Test Object 'Object Repository/Page_ConnexionPositionnementSiteDeTraitement_Agent/CheckBox_RoleEncadreurSite7701'

03-01-2024T16:23:48 - [TEST_STEP][PASSED] - verifyElementPresent(RoleEncadreurSite7701, 1): Object 'Object Repository/Page_ConnexionPositionnementSiteDeTraitement_Agent/CheckBox_RoleEncadreurSite7701' is present

03-01-2024T16:23:48 - [MESSAGE][INFO] - Checking object

03-01-2024T16:23:48 - [MESSAGE][INFO] - Finding web element from Test Object's properties

03-01-2024T16:23:48 - [MESSAGE][INFO] - Checking timeout

03-01-2024T16:23:48 - [MESSAGE][INFO] - Finding web element with id: 'Object Repository/Page_ConnexionPositionnementSiteDeTraitement_Agent/CheckBox_RoleEncadreurSite7701' located by 'By.xpath: /html/body/div[1]/div[2]/div[2]/div[1]/div/div[1]/p-radiobutton/div/div[2]/span' in '1' second(s)

03-01-2024T16:23:48 - [MESSAGE][INFO] - Smart Wait Function is triggered

03-01-2024T16:23:48 - [MESSAGE][INFO] - Found 1 web elements with id: 'Object Repository/Page_ConnexionPositionnementSiteDeTraitement_Agent/CheckBox_RoleEncadreurSite7701' located by 'By.xpath: /html/body/div[1]/div[2]/div[2]/div[1]/div/div[1]/p-radiobutton/div/div[2]/span' in '1' second(s)

03-01-2024T16:23:48 - [MESSAGE][PASSED] - Object 'Object Repository/Page_ConnexionPositionnementSiteDeTraitement_Agent/CheckBox_RoleEncadreurSite7701' is present

03-01-2024T16:23:48 - [TEST_STEP][PASSED] - ValiderHabilitations = findTestObject("Object Repository/Page_ConnexionPositionnementSiteDeTraitement_Agent/btn_Habilitations_Valider"): Finding Test Object 'Object Repository/Page_ConnexionPositionnementSiteDeTraitement_Agent/btn_Habilitations_Valider'

03-01-2024T16:23:48 - [MESSAGE][INFO] - Finding Test Object 'Object Repository/Page_ConnexionPositionnementSiteDeTraitement_Agent/btn_Habilitations_Valider'

03-01-2024T16:23:48 - [TEST_STEP][PASSED] - verifyElementPresent(ValiderHabilitations, 1): Object 'Object Repository/Page_ConnexionPositionnementSiteDeTraitement_Agent/btn_Habilitations_Valider' is present

03-01-2024T16:23:48 - [MESSAGE][INFO] - Checking object

03-01-2024T16:23:48 - [MESSAGE][INFO] - Finding web element from Test Object's properties

03-01-2024T16:23:48 - [MESSAGE][INFO] - Checking timeout

03-01-2024T16:23:48 - [MESSAGE][INFO] - Finding web element with id: 'Object Repository/Page_ConnexionPositionnementSiteDeTraitement_Agent/btn_Habilitations_Valider' located by 'By.xpath: /html/body/div[1]/div[3]/p-footer/button[2]' in '1' second(s)

03-01-2024T16:23:48 - [MESSAGE][INFO] - Smart Wait Function is triggered

03-01-2024T16:23:48 - [MESSAGE][INFO] - Found 1 web elements with id: 'Object Repository/Page_ConnexionPositionnementSiteDeTraitement_Agent/btn_Habilitations_Valider' located by 'By.xpath: /html/body/div[1]/div[3]/p-footer/button[2]' in '1' second(s)

03-01-2024T16:23:48 - [MESSAGE][PASSED] - Object 'Object Repository/Page_ConnexionPositionnementSiteDeTraitement_Agent/btn_Habilitations_Valider' is present

03-01-2024T16:23:48 - [TEST_STEP][PASSED] - click(RoleEncadreurSite7701): Object: 'Object Repository/Page_ConnexionPositionnementSiteDeTraitement_Agent/CheckBox_RoleEncadreurSite7701' is clicked on

03-01-2024T16:23:48 - [MESSAGE][INFO] - Checking timeout

03-01-2024T16:23:48 - [MESSAGE][INFO] - Finding web element with id: 'Object Repository/Page_ConnexionPositionnementSiteDeTraitement_Agent/CheckBox_RoleEncadreurSite7701' located by 'By.xpath: /html/body/div[1]/div[2]/div[2]/div[1]/div/div[1]/p-radiobutton/div/div[2]/span' in '20' second(s)

03-01-2024T16:23:48 - [MESSAGE][INFO] - Smart Wait Function is triggered

03-01-2024T16:23:48 - [MESSAGE][INFO] - Found 1 web elements with id: 'Object Repository/Page_ConnexionPositionnementSiteDeTraitement_Agent/CheckBox_RoleEncadreurSite7701' located by 'By.xpath: /html/body/div[1]/div[2]/div[2]/div[1]/div/div[1]/p-radiobutton/div/div[2]/span' in '20' second(s)

03-01-2024T16:23:48 - [MESSAGE][INFO] - Checking object

03-01-2024T16:23:48 - [MESSAGE][INFO] - Checking timeout

03-01-2024T16:23:48 - [MESSAGE][INFO] - Finding web element from Test Object's properties

03-01-2024T16:23:48 - [MESSAGE][INFO] - Checking timeout

03-01-2024T16:23:48 - [MESSAGE][INFO] - Finding web element with id: 'Object Repository/Page_ConnexionPositionnementSiteDeTraitement_Agent/CheckBox_RoleEncadreurSite7701' located by 'By.xpath: /html/body/div[1]/div[2]/div[2]/div[1]/div/div[1]/p-radiobutton/div/div[2]/span' in '5' second(s)

03-01-2024T16:23:48 - [MESSAGE][INFO] - Smart Wait Function is triggered

03-01-2024T16:23:48 - [MESSAGE][INFO] - Found 1 web elements with id: 'Object Repository/Page_ConnexionPositionnementSiteDeTraitement_Agent/CheckBox_RoleEncadreurSite7701' located by 'By.xpath: /html/body/div[1]/div[2]/div[2]/div[1]/div/div[1]/p-radiobutton/div/div[2]/span' in '5' second(s)

03-01-2024T16:23:48 - [MESSAGE][INFO] - Clicking on object: 'Object Repository/Page_ConnexionPositionnementSiteDeTraitement_Agent/CheckBox_RoleEncadreurSite7701'

03-01-2024T16:23:50 - [MESSAGE][PASSED] - Object: 'Object Repository/Page_ConnexionPositionnementSiteDeTraitement_Agent/CheckBox_RoleEncadreurSite7701' is clicked on

03-01-2024T16:23:50 - [TEST_STEP][PASSED] - delay(3): Delayed 3 second(s)

03-01-2024T16:23:50 - [MESSAGE][INFO] - Delaying browser in 3 second(s)

03-01-2024T16:23:54 - [MESSAGE][PASSED] - Delayed 3 second(s)

03-01-2024T16:23:54 - [TEST_STEP][PASSED] - Disabled = getAttribute(ValiderHabilitations, "disabled"): Attribute 'disabled' of object 'Object Repository/Page_ConnexionPositionnementSiteDeTraitement_Agent/btn_Habilitations_Valider' is: 'true'

03-01-2024T16:23:54 - [MESSAGE][INFO] - Checking object

03-01-2024T16:23:54 - [MESSAGE][INFO] - Checking attribute

03-01-2024T16:23:54 - [MESSAGE][INFO] - Finding web element from Test Object's properties

03-01-2024T16:23:54 - [MESSAGE][INFO] - Checking timeout

03-01-2024T16:23:54 - [MESSAGE][INFO] - Finding web element with id: 'Object Repository/Page_ConnexionPositionnementSiteDeTraitement_Agent/btn_Habilitations_Valider' located by 'By.xpath: /html/body/div[1]/div[3]/p-footer/button[2]' in '5' second(s)

03-01-2024T16:23:54 - [MESSAGE][INFO] - Smart Wait Function is triggered

03-01-2024T16:23:54 - [MESSAGE][INFO] - Found 1 web elements with id: 'Object Repository/Page_ConnexionPositionnementSiteDeTraitement_Agent/btn_Habilitations_Valider' located by 'By.xpath: /html/body/div[1]/div[3]/p-footer/button[2]' in '5' second(s)

03-01-2024T16:23:54 - [MESSAGE][INFO] - Getting attribute 'disabled' of object 'Object Repository/Page_ConnexionPositionnementSiteDeTraitement_Agent/btn_Habilitations_Valider'

03-01-2024T16:23:54 - [MESSAGE][PASSED] - Attribute 'disabled' of object 'Object Repository/Page_ConnexionPositionnementSiteDeTraitement_Agent/btn_Habilitations_Valider' is: 'true'

03-01-2024T16:23:54 - [TEST_STEP][PASSED] - delay(3): Delayed 3 second(s)

03-01-2024T16:23:54 - [MESSAGE][INFO] - Delaying browser in 3 second(s)

03-01-2024T16:23:57 - [MESSAGE][PASSED] - Delayed 3 second(s)

03-01-2024T16:23:57 - [TEST_STEP][PASSED] - if (Disabled == false): null

03-01-2024T16:23:57 - [TEST_STEP][PASSED] - else: Delayed 3 second(s)

03-01-2024T16:23:57 - [TEST_STEP][PASSED] - AnnulerHabilitations = findTestObject("Object Repository/Page_ConnexionPositionnementSiteDeTraitement_Agent/btn_Habilitations_Annuler"): Finding Test Object 'Object Repository/Page_ConnexionPositionnementSiteDeTraitement_Agent/btn_Habilitations_Annuler'

03-01-2024T16:23:57 - [MESSAGE][INFO] - Finding Test Object 'Object Repository/Page_ConnexionPositionnementSiteDeTraitement_Agent/btn_Habilitations_Annuler'

03-01-2024T16:23:57 - [TEST_STEP][PASSED] - verifyElementPresent(AnnulerHabilitations, 1): Object 'Object Repository/Page_ConnexionPositionnementSiteDeTraitement_Agent/btn_Habilitations_Annuler' is present

03-01-2024T16:23:57 - [MESSAGE][INFO] - Checking object

03-01-2024T16:23:57 - [MESSAGE][INFO] - Finding web element from Test Object's properties

03-01-2024T16:23:57 - [MESSAGE][INFO] - Checking timeout

03-01-2024T16:23:57 - [MESSAGE][INFO] - Finding web element with id: 'Object Repository/Page_ConnexionPositionnementSiteDeTraitement_Agent/btn_Habilitations_Annuler' located by 'By.xpath: /html/body/div[1]/div[3]/p-footer/button[1]/span' in '1' second(s)

03-01-2024T16:23:57 - [MESSAGE][INFO] - Smart Wait Function is triggered

03-01-2024T16:23:57 - [MESSAGE][INFO] - Found 1 web elements with id: 'Object Repository/Page_ConnexionPositionnementSiteDeTraitement_Agent/btn_Habilitations_Annuler' located by 'By.xpath: /html/body/div[1]/div[3]/p-footer/button[1]/span' in '1' second(s)

03-01-2024T16:23:57 - [MESSAGE][PASSED] - Object 'Object Repository/Page_ConnexionPositionnementSiteDeTraitement_Agent/btn_Habilitations_Annuler' is present

03-01-2024T16:23:57 - [TEST_STEP][PASSED] - click(AnnulerHabilitations): Object: 'Object Repository/Page_ConnexionPositionnementSiteDeTraitement_Agent/btn_Habilitations_Annuler' is clicked on

03-01-2024T16:23:57 - [MESSAGE][INFO] - Checking timeout

03-01-2024T16:23:57 - [MESSAGE][INFO] - Finding web element with id: 'Object Repository/Page_ConnexionPositionnementSiteDeTraitement_Agent/btn_Habilitations_Annuler' located by 'By.xpath: /html/body/div[1]/div[3]/p-footer/button[1]/span' in '20' second(s)

03-01-2024T16:23:57 - [MESSAGE][INFO] - Smart Wait Function is triggered

03-01-2024T16:23:57 - [MESSAGE][INFO] - Found 1 web elements with id: 'Object Repository/Page_ConnexionPositionnementSiteDeTraitement_Agent/btn_Habilitations_Annuler' located by 'By.xpath: /html/body/div[1]/div[3]/p-footer/button[1]/span' in '20' second(s)

03-01-2024T16:23:57 - [MESSAGE][INFO] - Checking object

03-01-2024T16:23:57 - [MESSAGE][INFO] - Checking timeout

03-01-2024T16:23:57 - [MESSAGE][INFO] - Finding web element from Test Object's properties

03-01-2024T16:23:57 - [MESSAGE][INFO] - Checking timeout

03-01-2024T16:23:57 - [MESSAGE][INFO] - Finding web element with id: 'Object Repository/Page_ConnexionPositionnementSiteDeTraitement_Agent/btn_Habilitations_Annuler' located by 'By.xpath: /html/body/div[1]/div[3]/p-footer/button[1]/span' in '5' second(s)

03-01-2024T16:23:57 - [MESSAGE][INFO] - Smart Wait Function is triggered

03-01-2024T16:23:57 - [MESSAGE][INFO] - Found 1 web elements with id: 'Object Repository/Page_ConnexionPositionnementSiteDeTraitement_Agent/btn_Habilitations_Annuler' located by 'By.xpath: /html/body/div[1]/div[3]/p-footer/button[1]/span' in '5' second(s)

03-01-2024T16:23:57 - [MESSAGE][INFO] - Clicking on object: 'Object Repository/Page_ConnexionPositionnementSiteDeTraitement_Agent/btn_Habilitations_Annuler'

03-01-2024T16:23:59 - [MESSAGE][PASSED] - Object: 'Object Repository/Page_ConnexionPositionnementSiteDeTraitement_Agent/btn_Habilitations_Annuler' is clicked on

03-01-2024T16:23:59 - [TEST_STEP][PASSED] - click(findTestObject("Object Repository/Page_Accueil_Agent/span_DemandeDeTitreDeSejour")): Object: 'Object Repository/Page_Accueil_Agent/span_DemandeDeTitreDeSejour' is clicked on

03-01-2024T16:23:59 - [MESSAGE][INFO] - Finding Test Object 'Object Repository/Page_Accueil_Agent/span_DemandeDeTitreDeSejour'

03-01-2024T16:23:59 - [MESSAGE][INFO] - Checking timeout

03-01-2024T16:23:59 - [MESSAGE][INFO] - Finding web element with id: 'Object Repository/Page_Accueil_Agent/span_DemandeDeTitreDeSejour' located by 'By.xpath: //span[text()=' Demandes de titre de séjour ']' in '20' second(s)

03-01-2024T16:23:59 - [MESSAGE][INFO] - Smart Wait Function is triggered

03-01-2024T16:23:59 - [MESSAGE][INFO] - Found 1 web elements with id: 'Object Repository/Page_Accueil_Agent/span_DemandeDeTitreDeSejour' located by 'By.xpath: //span[text()=' Demandes de titre de séjour ']' in '20' second(s)

03-01-2024T16:23:59 - [MESSAGE][INFO] - Checking object

03-01-2024T16:23:59 - [MESSAGE][INFO] - Checking timeout

03-01-2024T16:23:59 - [MESSAGE][INFO] - Finding web element from Test Object's properties

03-01-2024T16:23:59 - [MESSAGE][INFO] - Checking timeout

03-01-2024T16:23:59 - [MESSAGE][INFO] - Finding web element with id: 'Object Repository/Page_Accueil_Agent/span_DemandeDeTitreDeSejour' located by 'By.xpath: //span[text()=' Demandes de titre de séjour ']' in '5' second(s)

03-01-2024T16:23:59 - [MESSAGE][INFO] - Smart Wait Function is triggered

03-01-2024T16:23:59 - [MESSAGE][INFO] - Found 1 web elements with id: 'Object Repository/Page_Accueil_Agent/span_DemandeDeTitreDeSejour' located by 'By.xpath: //span[text()=' Demandes de titre de séjour ']' in '5' second(s)

03-01-2024T16:23:59 - [MESSAGE][INFO] - Clicking on object: 'Object Repository/Page_Accueil_Agent/span_DemandeDeTitreDeSejour'

03-01-2024T16:24:01 - [MESSAGE][PASSED] - Object: 'Object Repository/Page_Accueil_Agent/span_DemandeDeTitreDeSejour' is clicked on

03-01-2024T16:24:01 - [TEST_STEP][PASSED] - delay(3): Delayed 3 second(s)

03-01-2024T16:24:01 - [MESSAGE][INFO] - Delaying browser in 3 second(s)

03-01-2024T16:24:04 - [MESSAGE][PASSED] - Delayed 3 second(s)

03-01-2024T16:24:04 - [TEST_STEP][PASSED] - if (TypeTitreDeSejour == "TS-PT-SalariéQualifié"): null

03-01-2024T16:24:04 - [TEST_STEP][PASSED] - delay(5): Delayed 5 second(s)

03-01-2024T16:24:04 - [MESSAGE][INFO] - Delaying browser in 5 second(s)

03-01-2024T16:24:09 - [MESSAGE][PASSED] - Delayed 5 second(s)

03-01-2024T16:24:09 - [MESSAGE][PASSED] - Call Test Case 'Test Cases/Test Reutilisable/AgentTraitementDemande/ConnexionPositionnementSiteDeTraitementAgent' successfully

03-01-2024T16:24:09 - [TEST_STEP][PASSED] - click(findTestObject("Object Repository/Page_Accueil_Agent/span_Liste_MesDemandes")): Object: 'Object Repository/Page_Accueil_Agent/span_Liste_MesDemandes' is clicked on

03-01-2024T16:24:09 - [MESSAGE][INFO] - Finding Test Object 'Object Repository/Page_Accueil_Agent/span_Liste_MesDemandes'

03-01-2024T16:24:09 - [MESSAGE][INFO] - Checking timeout

03-01-2024T16:24:09 - [MESSAGE][INFO] - Finding web element with id: 'Object Repository/Page_Accueil_Agent/span_Liste_MesDemandes' located by 'By.xpath: //app-navigation-layout//app-demandes-sejour//div//p-accordiontab[3]/div[1]/a/p-header/div' in '20' second(s)

03-01-2024T16:24:09 - [MESSAGE][INFO] - Smart Wait Function is triggered

03-01-2024T16:24:09 - [MESSAGE][INFO] - Found 1 web elements with id: 'Object Repository/Page_Accueil_Agent/span_Liste_MesDemandes' located by 'By.xpath: //app-navigation-layout//app-demandes-sejour//div//p-accordiontab[3]/div[1]/a/p-header/div' in '20' second(s)

03-01-2024T16:24:09 - [MESSAGE][INFO] - Checking object

03-01-2024T16:24:09 - [MESSAGE][INFO] - Checking timeout

03-01-2024T16:24:09 - [MESSAGE][INFO] - Finding web element from Test Object's properties

03-01-2024T16:24:09 - [MESSAGE][INFO] - Checking timeout

03-01-2024T16:24:09 - [MESSAGE][INFO] - Finding web element with id: 'Object Repository/Page_Accueil_Agent/span_Liste_MesDemandes' located by 'By.xpath: //app-navigation-layout//app-demandes-sejour//div//p-accordiontab[3]/div[1]/a/p-header/div' in '5' second(s)

03-01-2024T16:24:09 - [MESSAGE][INFO] - Smart Wait Function is triggered

03-01-2024T16:24:09 - [MESSAGE][INFO] - Found 1 web elements with id: 'Object Repository/Page_Accueil_Agent/span_Liste_MesDemandes' located by 'By.xpath: //app-navigation-layout//app-demandes-sejour//div//p-accordiontab[3]/div[1]/a/p-header/div' in '5' second(s)

03-01-2024T16:24:09 - [MESSAGE][INFO] - Clicking on object: 'Object Repository/Page_Accueil_Agent/span_Liste_MesDemandes'

03-01-2024T16:24:11 - [MESSAGE][PASSED] - Object: 'Object Repository/Page_Accueil_Agent/span_Liste_MesDemandes' is clicked on

03-01-2024T16:24:11 - [TEST_STEP][PASSED] - click(findTestObject("Object Repository/Page_Accueil_Agent/a_link_TitreDeSejour")): Object: 'Object Repository/Page_Accueil_Agent/a_link_TitreDeSejour' is clicked on

03-01-2024T16:24:11 - [MESSAGE][INFO] - Finding Test Object 'Object Repository/Page_Accueil_Agent/a_link_TitreDeSejour'

03-01-2024T16:24:11 - [MESSAGE][INFO] - Checking timeout

03-01-2024T16:24:11 - [MESSAGE][INFO] - Finding web element with id: 'Object Repository/Page_Accueil_Agent/a_link_TitreDeSejour' located by 'By.xpath: //app-navigation-layout//app-demandes-sejour//div//p-accordiontab[3]/div[2]/div/a[1]' in '20' second(s)

03-01-2024T16:24:11 - [MESSAGE][INFO] - Smart Wait Function is triggered

03-01-2024T16:24:11 - [MESSAGE][INFO] - Found 1 web elements with id: 'Object Repository/Page_Accueil_Agent/a_link_TitreDeSejour' located by 'By.xpath: //app-navigation-layout//app-demandes-sejour//div//p-accordiontab[3]/div[2]/div/a[1]' in '20' second(s)

03-01-2024T16:24:11 - [MESSAGE][INFO] - Checking object

03-01-2024T16:24:11 - [MESSAGE][INFO] - Checking timeout

03-01-2024T16:24:11 - [MESSAGE][INFO] - Finding web element from Test Object's properties

03-01-2024T16:24:11 - [MESSAGE][INFO] - Checking timeout

03-01-2024T16:24:11 - [MESSAGE][INFO] - Finding web element with id: 'Object Repository/Page_Accueil_Agent/a_link_TitreDeSejour' located by 'By.xpath: //app-navigation-layout//app-demandes-sejour//div//p-accordiontab[3]/div[2]/div/a[1]' in '5' second(s)

03-01-2024T16:24:11 - [MESSAGE][INFO] - Smart Wait Function is triggered

03-01-2024T16:24:11 - [MESSAGE][INFO] - Found 1 web elements with id: 'Object Repository/Page_Accueil_Agent/a_link_TitreDeSejour' located by 'By.xpath: //app-navigation-layout//app-demandes-sejour//div//p-accordiontab[3]/div[2]/div/a[1]' in '5' second(s)

03-01-2024T16:24:11 - [MESSAGE][INFO] - Clicking on object: 'Object Repository/Page_Accueil_Agent/a_link_TitreDeSejour'

03-01-2024T16:24:13 - [MESSAGE][PASSED] - Object: 'Object Repository/Page_Accueil_Agent/a_link_TitreDeSejour' is clicked on

03-01-2024T16:24:13 - [TEST_STEP][PASSED] - setText(findTestObject("Object Repository/Page_Accueil_Agent/Input_RechercherUneDemande"), NumEtrangerVisa): Text '7703043876' is set on object 'Object Repository/Page_Accueil_Agent/Input_RechercherUneDemande'

03-01-2024T16:24:13 - [MESSAGE][INFO] - Finding Test Object 'Object Repository/Page_Accueil_Agent/Input_RechercherUneDemande'

03-01-2024T16:24:13 - [MESSAGE][INFO] - Checking timeout

03-01-2024T16:24:13 - [MESSAGE][INFO] - Finding web element with id: 'Object Repository/Page_Accueil_Agent/Input_RechercherUneDemande' located by 'By.xpath: //*[@placeholder="Rechercher une demande"]' in '20' second(s)

03-01-2024T16:24:13 - [MESSAGE][INFO] - Smart Wait Function is triggered

03-01-2024T16:24:14 - [MESSAGE][INFO] - Found 1 web elements with id: 'Object Repository/Page_Accueil_Agent/Input_RechercherUneDemande' located by 'By.xpath: //*[@placeholder="Rechercher une demande"]' in '20' second(s)

03-01-2024T16:24:14 - [MESSAGE][INFO] - Checking object

03-01-2024T16:24:14 - [MESSAGE][INFO] - Checking text

03-01-2024T16:24:14 - [MESSAGE][INFO] - Finding web element from Test Object's properties

03-01-2024T16:24:14 - [MESSAGE][INFO] - Checking timeout

03-01-2024T16:24:14 - [MESSAGE][INFO] - Finding web element with id: 'Object Repository/Page_Accueil_Agent/Input_RechercherUneDemande' located by 'By.xpath: //*[@placeholder="Rechercher une demande"]' in '5' second(s)

03-01-2024T16:24:14 - [MESSAGE][INFO] - Smart Wait Function is triggered

03-01-2024T16:24:14 - [MESSAGE][INFO] - Found 1 web elements with id: 'Object Repository/Page_Accueil_Agent/Input_RechercherUneDemande' located by 'By.xpath: //*[@placeholder="Rechercher une demande"]' in '5' second(s)

03-01-2024T16:24:14 - [MESSAGE][INFO] - Clearing text of object 'Object Repository/Page_Accueil_Agent/Input_RechercherUneDemande'

03-01-2024T16:24:16 - [MESSAGE][INFO] - Finding web element from Test Object's properties

03-01-2024T16:24:16 - [MESSAGE][INFO] - Checking timeout

03-01-2024T16:24:16 - [MESSAGE][INFO] - Finding web element with id: 'Object Repository/Page_Accueil_Agent/Input_RechercherUneDemande' located by 'By.xpath: //*[@placeholder="Rechercher une demande"]' in '5' second(s)

03-01-2024T16:24:16 - [MESSAGE][INFO] - Smart Wait Function is triggered

03-01-2024T16:24:16 - [MESSAGE][INFO] - Found 1 web elements with id: 'Object Repository/Page_Accueil_Agent/Input_RechercherUneDemande' located by 'By.xpath: //*[@placeholder="Rechercher une demande"]' in '5' second(s)

03-01-2024T16:24:16 - [MESSAGE][INFO] - Setting text of object 'Object Repository/Page_Accueil_Agent/Input_RechercherUneDemande' to value '7703043876'

03-01-2024T16:24:18 - [MESSAGE][PASSED] - Text '7703043876' is set on object 'Object Repository/Page_Accueil_Agent/Input_RechercherUneDemande'

03-01-2024T16:24:18 - [TEST_STEP][PASSED] - delay(3): Delayed 3 second(s)

03-01-2024T16:24:18 - [MESSAGE][INFO] - Delaying browser in 3 second(s)

03-01-2024T16:24:21 - [MESSAGE][PASSED] - Delayed 3 second(s)

03-01-2024T16:24:21 - [TEST_STEP][PASSED] - ActuelleAffectation = findTestObject("Object Repository/Page_Accueil_Agent/Lib_ActuelleAffectation"): Finding Test Object 'Object Repository/Page_Accueil_Agent/Lib_ActuelleAffectation'

03-01-2024T16:24:21 - [MESSAGE][INFO] - Finding Test Object 'Object Repository/Page_Accueil_Agent/Lib_ActuelleAffectation'

03-01-2024T16:24:21 - [TEST_STEP][PASSED] - TitreActuelleAffectation = getText(ActuelleAffectation, OPTIONAL): Text of object 'Object Repository/Page_Accueil_Agent/Lib_ActuelleAffectation' is: 'AUTOMATISATION
AGENT SEJOUR'

03-01-2024T16:24:21 - [MESSAGE][INFO] - Checking object

03-01-2024T16:24:21 - [MESSAGE][INFO] - Finding web element from Test Object's properties

03-01-2024T16:24:21 - [MESSAGE][INFO] - Checking timeout

03-01-2024T16:24:21 - [MESSAGE][INFO] - Finding web element with id: 'Object Repository/Page_Accueil_Agent/Lib_ActuelleAffectation' located by 'By.xpath: //*[@id="content"]/app-demandes-sejour/div/div[2]/app-demande-table/div[2]/p-table/div/div/table/tbody/tr/td[11]' in '5' second(s)

03-01-2024T16:24:21 - [MESSAGE][INFO] - Smart Wait Function is triggered

03-01-2024T16:24:21 - [MESSAGE][INFO] - Found 1 web elements with id: 'Object Repository/Page_Accueil_Agent/Lib_ActuelleAffectation' located by 'By.xpath: //*[@id="content"]/app-demandes-sejour/div/div[2]/app-demande-table/div[2]/p-table/div/div/table/tbody/tr/td[11]' in '5' second(s)

03-01-2024T16:24:21 - [MESSAGE][INFO] - Getting text of object 'Object Repository/Page_Accueil_Agent/Lib_ActuelleAffectation'

03-01-2024T16:24:21 - [MESSAGE][PASSED] - Text of object 'Object Repository/Page_Accueil_Agent/Lib_ActuelleAffectation' is: 'AUTOMATISATION
AGENT SEJOUR'

03-01-2024T16:24:21 - [TEST_STEP][PASSED] - ExistActuelleAffectation = TitreActuelleAffectation.contains("AGENT SEJOUR"): null

03-01-2024T16:24:21 - [TEST_STEP][PASSED] - println("ExistActuelleAffectation=" + ExistActuelleAffectation): null

03-01-2024T16:24:21 - [TEST_STEP][PASSED] - if (ExistActuelleAffectation == false): null

03-01-2024T16:24:21 - [TEST_STEP][PASSED] - delay(3): Delayed 3 second(s)

03-01-2024T16:24:21 - [MESSAGE][INFO] - Delaying browser in 3 second(s)

03-01-2024T16:24:24 - [MESSAGE][PASSED] - Delayed 3 second(s)

03-01-2024T16:24:24 - [TEST_STEP][PASSED] - click(findTestObject("Object Repository/Page_Accueil_Agent/div_Tab_tr1NumDemande"), OPTIONAL): Object: 'Object Repository/Page_Accueil_Agent/div_Tab_tr1NumDemande' is clicked on

03-01-2024T16:24:24 - [MESSAGE][INFO] - Finding Test Object 'Object Repository/Page_Accueil_Agent/div_Tab_tr1NumDemande'

03-01-2024T16:24:24 - [MESSAGE][INFO] - Checking timeout

03-01-2024T16:24:24 - [MESSAGE][INFO] - Finding web element with id: 'Object Repository/Page_Accueil_Agent/div_Tab_tr1NumDemande' located by 'By.xpath: //*[@id="content"]/app-demandes-sejour/div/div[2]/app-demande-table/div[2]/p-table/div/div/table/tbody/tr/*/button' in '20' second(s)

03-01-2024T16:24:24 - [MESSAGE][INFO] - Smart Wait Function is triggered

03-01-2024T16:24:24 - [MESSAGE][INFO] - Found 1 web elements with id: 'Object Repository/Page_Accueil_Agent/div_Tab_tr1NumDemande' located by 'By.xpath: //*[@id="content"]/app-demandes-sejour/div/div[2]/app-demande-table/div[2]/p-table/div/div/table/tbody/tr/*/button' in '20' second(s)

03-01-2024T16:24:24 - [MESSAGE][INFO] - Checking object

03-01-2024T16:24:24 - [MESSAGE][INFO] - Checking timeout

03-01-2024T16:24:24 - [MESSAGE][INFO] - Finding web element from Test Object's properties

03-01-2024T16:24:24 - [MESSAGE][INFO] - Checking timeout

03-01-2024T16:24:24 - [MESSAGE][INFO] - Finding web element with id: 'Object Repository/Page_Accueil_Agent/div_Tab_tr1NumDemande' located by 'By.xpath: //*[@id="content"]/app-demandes-sejour/div/div[2]/app-demande-table/div[2]/p-table/div/div/table/tbody/tr/*/button' in '5' second(s)

03-01-2024T16:24:24 - [MESSAGE][INFO] - Smart Wait Function is triggered

03-01-2024T16:24:24 - [MESSAGE][INFO] - Found 1 web elements with id: 'Object Repository/Page_Accueil_Agent/div_Tab_tr1NumDemande' located by 'By.xpath: //*[@id="content"]/app-demandes-sejour/div/div[2]/app-demande-table/div[2]/p-table/div/div/table/tbody/tr/*/button' in '5' second(s)

03-01-2024T16:24:24 - [MESSAGE][INFO] - Clicking on object: 'Object Repository/Page_Accueil_Agent/div_Tab_tr1NumDemande'

03-01-2024T16:24:26 - [MESSAGE][PASSED] - Object: 'Object Repository/Page_Accueil_Agent/div_Tab_tr1NumDemande' is clicked on

03-01-2024T16:24:26 - [TEST_STEP][PASSED] - click(findTestObject("Object Repository/Page_Accueil_Agent/span_VoirLaDemande"), OPTIONAL): Object: 'Object Repository/Page_Accueil_Agent/span_VoirLaDemande' is clicked on

03-01-2024T16:24:26 - [MESSAGE][INFO] - Finding Test Object 'Object Repository/Page_Accueil_Agent/span_VoirLaDemande'

03-01-2024T16:24:26 - [MESSAGE][INFO] - Checking timeout

03-01-2024T16:24:26 - [MESSAGE][INFO] - Finding web element with id: 'Object Repository/Page_Accueil_Agent/span_VoirLaDemande' located by 'By.xpath: //*[@id="content"]/app-demandes-sejour/div/div[2]/app-demande-table/div[3]/p-menu/div/ul/li[1]/a/span' in '20' second(s)

03-01-2024T16:24:26 - [MESSAGE][INFO] - Smart Wait Function is triggered

03-01-2024T16:24:26 - [MESSAGE][INFO] - Found 1 web elements with id: 'Object Repository/Page_Accueil_Agent/span_VoirLaDemande' located by 'By.xpath: //*[@id="content"]/app-demandes-sejour/div/div[2]/app-demande-table/div[3]/p-menu/div/ul/li[1]/a/span' in '20' second(s)

03-01-2024T16:24:26 - [MESSAGE][INFO] - Checking object

03-01-2024T16:24:26 - [MESSAGE][INFO] - Checking timeout

03-01-2024T16:24:26 - [MESSAGE][INFO] - Finding web element from Test Object's properties

03-01-2024T16:24:26 - [MESSAGE][INFO] - Checking timeout

03-01-2024T16:24:26 - [MESSAGE][INFO] - Finding web element with id: 'Object Repository/Page_Accueil_Agent/span_VoirLaDemande' located by 'By.xpath: //*[@id="content"]/app-demandes-sejour/div/div[2]/app-demande-table/div[3]/p-menu/div/ul/li[1]/a/span' in '5' second(s)

03-01-2024T16:24:26 - [MESSAGE][INFO] - Smart Wait Function is triggered

03-01-2024T16:24:26 - [MESSAGE][INFO] - Found 1 web elements with id: 'Object Repository/Page_Accueil_Agent/span_VoirLaDemande' located by 'By.xpath: //*[@id="content"]/app-demandes-sejour/div/div[2]/app-demande-table/div[3]/p-menu/div/ul/li[1]/a/span' in '5' second(s)

03-01-2024T16:24:26 - [MESSAGE][INFO] - Clicking on object: 'Object Repository/Page_Accueil_Agent/span_VoirLaDemande'

03-01-2024T16:24:28 - [MESSAGE][PASSED] - Object: 'Object Repository/Page_Accueil_Agent/span_VoirLaDemande' is clicked on

03-01-2024T16:24:28 - [TEST_STEP][PASSED] - delay(3): Delayed 3 second(s)

03-01-2024T16:24:28 - [MESSAGE][INFO] - Delaying browser in 3 second(s)

03-01-2024T16:24:31 - [MESSAGE][PASSED] - Delayed 3 second(s)

03-01-2024T16:24:31 - [MESSAGE][PASSED] - Call Test Case 'Test Cases/Test Reutilisable/AgentTraitementDemande/AgentRechercheDemande' successfully

03-01-2024T16:24:31 - [TEST_STEP][PASSED] - callTestCase(findTestCase("Test Cases/Test Reutilisable/AgentTraitementDemande/Verif_AccordeonInformationsGeneralesDemande"), ["NumEtrangerVisa":NumEtrangerVisa], STOP_ON_FAILURE): Call Test Case 'Test Cases/Test Reutilisable/AgentTraitementDemande/Verif_AccordeonInformationsGeneralesDemande' successfully

03-01-2024T16:24:31 - [MESSAGE][INFO] - Checking called Test Case

03-01-2024T16:24:31 - [MESSAGE][INFO] - Starting to call Test Case 'Test Cases/Test Reutilisable/AgentTraitementDemande/Verif_AccordeonInformationsGeneralesDemande'

03-01-2024T16:24:31 - [TEST_CASE][PASSED] - Test Cases/Test Reutilisable/AgentTraitementDemande/Verif_AccordeonInformationsGeneralesDemande: Test Cases/Test Reutilisable/AgentTraitementDemande/Verif_AccordeonInformationsGeneralesDemande

03-01-2024T16:24:32 - [TEST_STEP][PASSED] - com.kazurayam.ksbackyard.HighlightElement.pandemic(): com.kazurayam.ksbackyard.HighlightElement.pandemic is PASSED

03-01-2024T16:24:32 - [MESSAGE][PASSED] - com.kazurayam.ksbackyard.HighlightElement.pandemic is PASSED

03-01-2024T16:24:32 - [TEST_STEP][PASSED] - LinkLesCommentaires = findTestObject("Object Repository/Page_Verif_AccordeonInformationsGeneralesDemande_Agent/LinkLesCommentaires"): Finding Test Object 'Object Repository/Page_Verif_AccordeonInformationsGeneralesDemande_Agent/LinkLesCommentaires'

03-01-2024T16:24:32 - [MESSAGE][INFO] - Finding Test Object 'Object Repository/Page_Verif_AccordeonInformationsGeneralesDemande_Agent/LinkLesCommentaires'

03-01-2024T16:24:32 - [TEST_STEP][PASSED] - verifyElementPresent(LinkLesCommentaires, 1): Object 'Object Repository/Page_Verif_AccordeonInformationsGeneralesDemande_Agent/LinkLesCommentaires' is present

03-01-2024T16:24:32 - [MESSAGE][INFO] - Checking object

03-01-2024T16:24:32 - [MESSAGE][INFO] - Finding web element from Test Object's properties

03-01-2024T16:24:32 - [MESSAGE][INFO] - Checking timeout

03-01-2024T16:24:32 - [MESSAGE][INFO] - Finding web element with id: 'Object Repository/Page_Verif_AccordeonInformationsGeneralesDemande_Agent/LinkLesCommentaires' located by 'By.xpath: //*[@id="content"]/app-demande-instruction/div/app-statut-demande/div/div/div[2]/a[1]' in '1' second(s)

03-01-2024T16:24:32 - [MESSAGE][INFO] - Smart Wait Function is triggered

03-01-2024T16:24:32 - [MESSAGE][INFO] - Found 1 web elements with id: 'Object Repository/Page_Verif_AccordeonInformationsGeneralesDemande_Agent/LinkLesCommentaires' located by 'By.xpath: //*[@id="content"]/app-demande-instruction/div/app-statut-demande/div/div/div[2]/a[1]' in '1' second(s)

03-01-2024T16:24:32 - [MESSAGE][PASSED] - Object 'Object Repository/Page_Verif_AccordeonInformationsGeneralesDemande_Agent/LinkLesCommentaires' is present

03-01-2024T16:24:32 - [TEST_STEP][PASSED] - click(LinkLesCommentaires): Object: 'Object Repository/Page_Verif_AccordeonInformationsGeneralesDemande_Agent/LinkLesCommentaires' is clicked on

03-01-2024T16:24:32 - [MESSAGE][INFO] - Checking timeout

03-01-2024T16:24:32 - [MESSAGE][INFO] - Finding web element with id: 'Object Repository/Page_Verif_AccordeonInformationsGeneralesDemande_Agent/LinkLesCommentaires' located by 'By.xpath: //*[@id="content"]/app-demande-instruction/div/app-statut-demande/div/div/div[2]/a[1]' in '20' second(s)

03-01-2024T16:24:32 - [MESSAGE][INFO] - Smart Wait Function is triggered

03-01-2024T16:24:32 - [MESSAGE][INFO] - Found 1 web elements with id: 'Object Repository/Page_Verif_AccordeonInformationsGeneralesDemande_Agent/LinkLesCommentaires' located by 'By.xpath: //*[@id="content"]/app-demande-instruction/div/app-statut-demande/div/div/div[2]/a[1]' in '20' second(s)

03-01-2024T16:24:32 - [MESSAGE][INFO] - Checking object

03-01-2024T16:24:32 - [MESSAGE][INFO] - Checking timeout

03-01-2024T16:24:32 - [MESSAGE][INFO] - Finding web element from Test Object's properties

03-01-2024T16:24:32 - [MESSAGE][INFO] - Checking timeout

03-01-2024T16:24:32 - [MESSAGE][INFO] - Finding web element with id: 'Object Repository/Page_Verif_AccordeonInformationsGeneralesDemande_Agent/LinkLesCommentaires' located by 'By.xpath: //*[@id="content"]/app-demande-instruction/div/app-statut-demande/div/div/div[2]/a[1]' in '5' second(s)

03-01-2024T16:24:32 - [MESSAGE][INFO] - Smart Wait Function is triggered

03-01-2024T16:24:32 - [MESSAGE][INFO] - Found 1 web elements with id: 'Object Repository/Page_Verif_AccordeonInformationsGeneralesDemande_Agent/LinkLesCommentaires' located by 'By.xpath: //*[@id="content"]/app-demande-instruction/div/app-statut-demande/div/div/div[2]/a[1]' in '5' second(s)

03-01-2024T16:24:32 - [MESSAGE][INFO] - Clicking on object: 'Object Repository/Page_Verif_AccordeonInformationsGeneralesDemande_Agent/LinkLesCommentaires'

03-01-2024T16:24:35 - [MESSAGE][PASSED] - Object: 'Object Repository/Page_Verif_AccordeonInformationsGeneralesDemande_Agent/LinkLesCommentaires' is clicked on

03-01-2024T16:24:35 - [TEST_STEP][PASSED] - PopUpAfficherCommentaires = findTestObject("Object Repository/Page_Verif_AccordeonInformationsGeneralesDemande_Agent/PopUp_AfficherCommentaires"): Finding Test Object 'Object Repository/Page_Verif_AccordeonInformationsGeneralesDemande_Agent/PopUp_AfficherCommentaires'

03-01-2024T16:24:35 - [MESSAGE][INFO] - Finding Test Object 'Object Repository/Page_Verif_AccordeonInformationsGeneralesDemande_Agent/PopUp_AfficherCommentaires'

03-01-2024T16:24:35 - [TEST_STEP][PASSED] - verifyElementPresent(PopUpAfficherCommentaires, 1): Object 'Object Repository/Page_Verif_AccordeonInformationsGeneralesDemande_Agent/PopUp_AfficherCommentaires' is present

03-01-2024T16:24:35 - [MESSAGE][INFO] - Checking object

03-01-2024T16:24:35 - [MESSAGE][INFO] - Finding web element from Test Object's properties

03-01-2024T16:24:35 - [MESSAGE][INFO] - Checking timeout

03-01-2024T16:24:35 - [MESSAGE][INFO] - Finding web element with id: 'Object Repository/Page_Verif_AccordeonInformationsGeneralesDemande_Agent/PopUp_AfficherCommentaires' located by 'By.xpath: /html/body/app-root/app-layout/div/div/div/app-navigation-layout/div[2]/app-demande-instruction/div/app-statut-demande/div/div/lib-generic-modal/p-dialog/div/div[1]/span/p-header/h2' in '1' second(s)

03-01-2024T16:24:35 - [MESSAGE][INFO] - Smart Wait Function is triggered

03-01-2024T16:24:35 - [MESSAGE][INFO] - Found 1 web elements with id: 'Object Repository/Page_Verif_AccordeonInformationsGeneralesDemande_Agent/PopUp_AfficherCommentaires' located by 'By.xpath: /html/body/app-root/app-layout/div/div/div/app-navigation-layout/div[2]/app-demande-instruction/div/app-statut-demande/div/div/lib-generic-modal/p-dialog/div/div[1]/span/p-header/h2' in '1' second(s)

03-01-2024T16:24:35 - [MESSAGE][PASSED] - Object 'Object Repository/Page_Verif_AccordeonInformationsGeneralesDemande_Agent/PopUp_AfficherCommentaires' is present

03-01-2024T16:24:35 - [TEST_STEP][PASSED] - TitrePopUpAfficherCommentaires = getText(PopUpAfficherCommentaires): Text of object 'Object Repository/Page_Verif_AccordeonInformationsGeneralesDemande_Agent/PopUp_AfficherCommentaires' is: 'AFFICHER LES COMMENTAIRES'

03-01-2024T16:24:35 - [MESSAGE][INFO] - Checking object

03-01-2024T16:24:35 - [MESSAGE][INFO] - Finding web element from Test Object's properties

03-01-2024T16:24:35 - [MESSAGE][INFO] - Checking timeout

03-01-2024T16:24:35 - [MESSAGE][INFO] - Finding web element with id: 'Object Repository/Page_Verif_AccordeonInformationsGeneralesDemande_Agent/PopUp_AfficherCommentaires' located by 'By.xpath: /html/body/app-root/app-layout/div/div/div/app-navigation-layout/div[2]/app-demande-instruction/div/app-statut-demande/div/div/lib-generic-modal/p-dialog/div/div[1]/span/p-header/h2' in '5' second(s)

03-01-2024T16:24:35 - [MESSAGE][INFO] - Smart Wait Function is triggered

03-01-2024T16:24:35 - [MESSAGE][INFO] - Found 1 web elements with id: 'Object Repository/Page_Verif_AccordeonInformationsGeneralesDemande_Agent/PopUp_AfficherCommentaires' located by 'By.xpath: /html/body/app-root/app-layout/div/div/div/app-navigation-layout/div[2]/app-demande-instruction/div/app-statut-demande/div/div/lib-generic-modal/p-dialog/div/div[1]/span/p-header/h2' in '5' second(s)

03-01-2024T16:24:35 - [MESSAGE][INFO] - Getting text of object 'Object Repository/Page_Verif_AccordeonInformationsGeneralesDemande_Agent/PopUp_AfficherCommentaires'

03-01-2024T16:24:35 - [MESSAGE][PASSED] - Text of object 'Object Repository/Page_Verif_AccordeonInformationsGeneralesDemande_Agent/PopUp_AfficherCommentaires' is: 'AFFICHER LES COMMENTAIRES'

03-01-2024T16:24:35 - [TEST_STEP][PASSED] - if (!(TitrePopUpAfficherCommentaires.contains("AFFICHER LES COMMENTAIRES"))): null

03-01-2024T16:24:35 - [TEST_STEP][PASSED] - else: Le Titre de PopUp est bien Affiché : AFFICHER LES COMMENTAIRES.

03-01-2024T16:24:35 - [TEST_STEP][PASSED] - markPassed("Le Titre de PopUp est bien Affiché : AFFICHER LES COMMENTAIRES."): Le Titre de PopUp est bien Affiché : AFFICHER LES COMMENTAIRES.

03-01-2024T16:24:35 - [MESSAGE][PASSED] - Le Titre de PopUp est bien Affiché : AFFICHER LES COMMENTAIRES.

03-01-2024T16:24:35 - [TEST_STEP][PASSED] - PopUpCommentairesBtnFermer = findTestObject("Object Repository/Page_Verif_AccordeonInformationsGeneralesDemande_Agent/btn_PopUpCommentaireFermer"): Finding Test Object 'Object Repository/Page_Verif_AccordeonInformationsGeneralesDemande_Agent/btn_PopUpCommentaireFermer'

03-01-2024T16:24:35 - [MESSAGE][INFO] - Finding Test Object 'Object Repository/Page_Verif_AccordeonInformationsGeneralesDemande_Agent/btn_PopUpCommentaireFermer'

03-01-2024T16:24:35 - [TEST_STEP][PASSED] - verifyElementPresent(PopUpCommentairesBtnFermer, 1): Object 'Object Repository/Page_Verif_AccordeonInformationsGeneralesDemande_Agent/btn_PopUpCommentaireFermer' is present

03-01-2024T16:24:35 - [MESSAGE][INFO] - Checking object

03-01-2024T16:24:35 - [MESSAGE][INFO] - Finding web element from Test Object's properties

03-01-2024T16:24:35 - [MESSAGE][INFO] - Checking timeout

03-01-2024T16:24:35 - [MESSAGE][INFO] - Finding web element with id: 'Object Repository/Page_Verif_AccordeonInformationsGeneralesDemande_Agent/btn_PopUpCommentaireFermer' located by 'By.xpath: //*[@id="content"]/app-demande-instruction/div/app-statut-demande/div/div/lib-generic-modal/p-dialog/div/div[3]/p-footer/button/span' in '1' second(s)

03-01-2024T16:24:35 - [MESSAGE][INFO] - Smart Wait Function is triggered

03-01-2024T16:24:35 - [MESSAGE][INFO] - Found 1 web elements with id: 'Object Repository/Page_Verif_AccordeonInformationsGeneralesDemande_Agent/btn_PopUpCommentaireFermer' located by 'By.xpath: //*[@id="content"]/app-demande-instruction/div/app-statut-demande/div/div/lib-generic-modal/p-dialog/div/div[3]/p-footer/button/span' in '1' second(s)

03-01-2024T16:24:35 - [MESSAGE][PASSED] - Object 'Object Repository/Page_Verif_AccordeonInformationsGeneralesDemande_Agent/btn_PopUpCommentaireFermer' is present

03-01-2024T16:24:35 - [TEST_STEP][PASSED] - click(PopUpCommentairesBtnFermer): Object: 'Object Repository/Page_Verif_AccordeonInformationsGeneralesDemande_Agent/btn_PopUpCommentaireFermer' is clicked on

03-01-2024T16:24:35 - [MESSAGE][INFO] - Checking timeout

03-01-2024T16:24:35 - [MESSAGE][INFO] - Finding web element with id: 'Object Repository/Page_Verif_AccordeonInformationsGeneralesDemande_Agent/btn_PopUpCommentaireFermer' located by 'By.xpath: //*[@id="content"]/app-demande-instruction/div/app-statut-demande/div/div/lib-generic-modal/p-dialog/div/div[3]/p-footer/button/span' in '20' second(s)

03-01-2024T16:24:35 - [MESSAGE][INFO] - Smart Wait Function is triggered

03-01-2024T16:24:35 - [MESSAGE][INFO] - Found 1 web elements with id: 'Object Repository/Page_Verif_AccordeonInformationsGeneralesDemande_Agent/btn_PopUpCommentaireFermer' located by 'By.xpath: //*[@id="content"]/app-demande-instruction/div/app-statut-demande/div/div/lib-generic-modal/p-dialog/div/div[3]/p-footer/button/span' in '20' second(s)

03-01-2024T16:24:35 - [MESSAGE][INFO] - Checking object

03-01-2024T16:24:35 - [MESSAGE][INFO] - Checking timeout

03-01-2024T16:24:35 - [MESSAGE][INFO] - Finding web element from Test Object's properties

03-01-2024T16:24:35 - [MESSAGE][INFO] - Checking timeout

03-01-2024T16:24:35 - [MESSAGE][INFO] - Finding web element with id: 'Object Repository/Page_Verif_AccordeonInformationsGeneralesDemande_Agent/btn_PopUpCommentaireFermer' located by 'By.xpath: //*[@id="content"]/app-demande-instruction/div/app-statut-demande/div/div/lib-generic-modal/p-dialog/div/div[3]/p-footer/button/span' in '5' second(s)

03-01-2024T16:24:35 - [MESSAGE][INFO] - Smart Wait Function is triggered

03-01-2024T16:24:35 - [MESSAGE][INFO] - Found 1 web elements with id: 'Object Repository/Page_Verif_AccordeonInformationsGeneralesDemande_Agent/btn_PopUpCommentaireFermer' located by 'By.xpath: //*[@id="content"]/app-demande-instruction/div/app-statut-demande/div/div/lib-generic-modal/p-dialog/div/div[3]/p-footer/button/span' in '5' second(s)

03-01-2024T16:24:35 - [MESSAGE][INFO] - Clicking on object: 'Object Repository/Page_Verif_AccordeonInformationsGeneralesDemande_Agent/btn_PopUpCommentaireFermer'

03-01-2024T16:24:37 - [MESSAGE][PASSED] - Object: 'Object Repository/Page_Verif_AccordeonInformationsGeneralesDemande_Agent/btn_PopUpCommentaireFermer' is clicked on

03-01-2024T16:24:37 - [TEST_STEP][PASSED] - StatutDemandeurAvecNumEtranger = findTestObject("Object Repository/Page_Verif_AccordeonInformationsGeneralesDemande_Agent/h3_StatutDemandeurAvecNumEtranger"): Finding Test Object 'Object Repository/Page_Verif_AccordeonInformationsGeneralesDemande_Agent/h3_StatutDemandeurAvecNumEtranger'

03-01-2024T16:24:37 - [MESSAGE][INFO] - Finding Test Object 'Object Repository/Page_Verif_AccordeonInformationsGeneralesDemande_Agent/h3_StatutDemandeurAvecNumEtranger'

03-01-2024T16:24:37 - [TEST_STEP][PASSED] - verifyElementPresent(StatutDemandeurAvecNumEtranger, 1): Object 'Object Repository/Page_Verif_AccordeonInformationsGeneralesDemande_Agent/h3_StatutDemandeurAvecNumEtranger' is present

03-01-2024T16:24:37 - [MESSAGE][INFO] - Checking object

03-01-2024T16:24:37 - [MESSAGE][INFO] - Finding web element from Test Object's properties

03-01-2024T16:24:37 - [MESSAGE][INFO] - Checking timeout

03-01-2024T16:24:37 - [MESSAGE][INFO] - Finding web element with id: 'Object Repository/Page_Verif_AccordeonInformationsGeneralesDemande_Agent/h3_StatutDemandeurAvecNumEtranger' located by 'By.xpath: //*[@id="content"]/app-demande-instruction/div/app-statut-demandeur/div/h3' in '1' second(s)

03-01-2024T16:24:37 - [MESSAGE][INFO] - Smart Wait Function is triggered

03-01-2024T16:24:37 - [MESSAGE][INFO] - Found 1 web elements with id: 'Object Repository/Page_Verif_AccordeonInformationsGeneralesDemande_Agent/h3_StatutDemandeurAvecNumEtranger' located by 'By.xpath: //*[@id="content"]/app-demande-instruction/div/app-statut-demandeur/div/h3' in '1' second(s)

03-01-2024T16:24:37 - [MESSAGE][PASSED] - Object 'Object Repository/Page_Verif_AccordeonInformationsGeneralesDemande_Agent/h3_StatutDemandeurAvecNumEtranger' is present

03-01-2024T16:24:37 - [TEST_STEP][PASSED] - NumEtranger = getText(StatutDemandeurAvecNumEtranger): Text of object 'Object Repository/Page_Verif_AccordeonInformationsGeneralesDemande_Agent/h3_StatutDemandeurAvecNumEtranger' is: 'STATUT DU DEMANDEUR - N° ÉTRANGER : 7703043876'

03-01-2024T16:24:37 - [MESSAGE][INFO] - Checking object

03-01-2024T16:24:37 - [MESSAGE][INFO] - Finding web element from Test Object's properties

03-01-2024T16:24:37 - [MESSAGE][INFO] - Checking timeout

03-01-2024T16:24:37 - [MESSAGE][INFO] - Finding web element with id: 'Object Repository/Page_Verif_AccordeonInformationsGeneralesDemande_Agent/h3_StatutDemandeurAvecNumEtranger' located by 'By.xpath: //*[@id="content"]/app-demande-instruction/div/app-statut-demandeur/div/h3' in '5' second(s)

03-01-2024T16:24:37 - [MESSAGE][INFO] - Smart Wait Function is triggered

03-01-2024T16:24:37 - [MESSAGE][INFO] - Found 1 web elements with id: 'Object Repository/Page_Verif_AccordeonInformationsGeneralesDemande_Agent/h3_StatutDemandeurAvecNumEtranger' located by 'By.xpath: //*[@id="content"]/app-demande-instruction/div/app-statut-demandeur/div/h3' in '5' second(s)

03-01-2024T16:24:37 - [MESSAGE][INFO] - Getting text of object 'Object Repository/Page_Verif_AccordeonInformationsGeneralesDemande_Agent/h3_StatutDemandeurAvecNumEtranger'

03-01-2024T16:24:37 - [MESSAGE][PASSED] - Text of object 'Object Repository/Page_Verif_AccordeonInformationsGeneralesDemande_Agent/h3_StatutDemandeurAvecNumEtranger' is: 'STATUT DU DEMANDEUR - N° ÉTRANGER : 7703043876'

03-01-2024T16:24:37 - [TEST_STEP][PASSED] - if (!(NumEtranger.contains(NumEtrangerVisa))): null

03-01-2024T16:24:37 - [TEST_STEP][PASSED] - else: Le Numéro Etranger de la demande est bien Affiché.

03-01-2024T16:24:37 - [TEST_STEP][PASSED] - markPassed("Le Numéro Etranger de la demande est bien Affiché."): Le Numéro Etranger de la demande est bien Affiché.

03-01-2024T16:24:37 - [MESSAGE][PASSED] - Le Numéro Etranger de la demande est bien Affiché.

03-01-2024T16:24:37 - [TEST_STEP][PASSED] - AfficherHistorique = findTestObject("Object Repository/Page_Verif_AccordeonInformationsGeneralesDemande_Agent/Link_AfficherHistorique"): Finding Test Object 'Object Repository/Page_Verif_AccordeonInformationsGeneralesDemande_Agent/Link_AfficherHistorique'

03-01-2024T16:24:37 - [MESSAGE][INFO] - Finding Test Object 'Object Repository/Page_Verif_AccordeonInformationsGeneralesDemande_Agent/Link_AfficherHistorique'

03-01-2024T16:24:37 - [TEST_STEP][PASSED] - verifyElementPresent(AfficherHistorique, 1): Object 'Object Repository/Page_Verif_AccordeonInformationsGeneralesDemande_Agent/Link_AfficherHistorique' is present

03-01-2024T16:24:37 - [MESSAGE][INFO] - Checking object

03-01-2024T16:24:37 - [MESSAGE][INFO] - Finding web element from Test Object's properties

03-01-2024T16:24:37 - [MESSAGE][INFO] - Checking timeout

03-01-2024T16:24:37 - [MESSAGE][INFO] - Finding web element with id: 'Object Repository/Page_Verif_AccordeonInformationsGeneralesDemande_Agent/Link_AfficherHistorique' located by 'By.xpath: //*[@id="content"]/app-demande-instruction/div/app-statut-demande/div/div/div[2]/a[2]' in '1' second(s)

03-01-2024T16:24:37 - [MESSAGE][INFO] - Smart Wait Function is triggered

03-01-2024T16:24:37 - [MESSAGE][INFO] - Found 1 web elements with id: 'Object Repository/Page_Verif_AccordeonInformationsGeneralesDemande_Agent/Link_AfficherHistorique' located by 'By.xpath: //*[@id="content"]/app-demande-instruction/div/app-statut-demande/div/div/div[2]/a[2]' in '1' second(s)

03-01-2024T16:24:37 - [MESSAGE][PASSED] - Object 'Object Repository/Page_Verif_AccordeonInformationsGeneralesDemande_Agent/Link_AfficherHistorique' is present

03-01-2024T16:24:37 - [TEST_STEP][PASSED] - click(AfficherHistorique): Object: 'Object Repository/Page_Verif_AccordeonInformationsGeneralesDemande_Agent/Link_AfficherHistorique' is clicked on

03-01-2024T16:24:37 - [MESSAGE][INFO] - Checking timeout

03-01-2024T16:24:37 - [MESSAGE][INFO] - Finding web element with id: 'Object Repository/Page_Verif_AccordeonInformationsGeneralesDemande_Agent/Link_AfficherHistorique' located by 'By.xpath: //*[@id="content"]/app-demande-instruction/div/app-statut-demande/div/div/div[2]/a[2]' in '20' second(s)

03-01-2024T16:24:37 - [MESSAGE][INFO] - Smart Wait Function is triggered

03-01-2024T16:24:37 - [MESSAGE][INFO] - Found 1 web elements with id: 'Object Repository/Page_Verif_AccordeonInformationsGeneralesDemande_Agent/Link_AfficherHistorique' located by 'By.xpath: //*[@id="content"]/app-demande-instruction/div/app-statut-demande/div/div/div[2]/a[2]' in '20' second(s)

03-01-2024T16:24:37 - [MESSAGE][INFO] - Checking object

03-01-2024T16:24:37 - [MESSAGE][INFO] - Checking timeout

03-01-2024T16:24:37 - [MESSAGE][INFO] - Finding web element from Test Object's properties

03-01-2024T16:24:37 - [MESSAGE][INFO] - Checking timeout

03-01-2024T16:24:37 - [MESSAGE][INFO] - Finding web element with id: 'Object Repository/Page_Verif_AccordeonInformationsGeneralesDemande_Agent/Link_AfficherHistorique' located by 'By.xpath: //*[@id="content"]/app-demande-instruction/div/app-statut-demande/div/div/div[2]/a[2]' in '5' second(s)

03-01-2024T16:24:37 - [MESSAGE][INFO] - Smart Wait Function is triggered

03-01-2024T16:24:37 - [MESSAGE][INFO] - Found 1 web elements with id: 'Object Repository/Page_Verif_AccordeonInformationsGeneralesDemande_Agent/Link_AfficherHistorique' located by 'By.xpath: //*[@id="content"]/app-demande-instruction/div/app-statut-demande/div/div/div[2]/a[2]' in '5' second(s)

03-01-2024T16:24:37 - [MESSAGE][INFO] - Clicking on object: 'Object Repository/Page_Verif_AccordeonInformationsGeneralesDemande_Agent/Link_AfficherHistorique'

03-01-2024T16:24:40 - [MESSAGE][PASSED] - Object: 'Object Repository/Page_Verif_AccordeonInformationsGeneralesDemande_Agent/Link_AfficherHistorique' is clicked on

03-01-2024T16:24:40 - [TEST_STEP][PASSED] - PopUpHistoriqueDeLaDemande = findTestObject("Object Repository/Page_Verif_AccordeonInformationsGeneralesDemande_Agent/PopUp_HistoriqueDeLaDemande"): Finding Test Object 'Object Repository/Page_Verif_AccordeonInformationsGeneralesDemande_Agent/PopUp_HistoriqueDeLaDemande'

03-01-2024T16:24:40 - [MESSAGE][INFO] - Finding Test Object 'Object Repository/Page_Verif_AccordeonInformationsGeneralesDemande_Agent/PopUp_HistoriqueDeLaDemande'

03-01-2024T16:24:40 - [TEST_STEP][PASSED] - verifyElementPresent(PopUpHistoriqueDeLaDemande, 1): Object 'Object Repository/Page_Verif_AccordeonInformationsGeneralesDemande_Agent/PopUp_HistoriqueDeLaDemande' is present

03-01-2024T16:24:40 - [MESSAGE][INFO] - Checking object

03-01-2024T16:24:40 - [MESSAGE][INFO] - Finding web element from Test Object's properties

03-01-2024T16:24:40 - [MESSAGE][INFO] - Checking timeout

03-01-2024T16:24:40 - [MESSAGE][INFO] - Finding web element with id: 'Object Repository/Page_Verif_AccordeonInformationsGeneralesDemande_Agent/PopUp_HistoriqueDeLaDemande' located by 'By.xpath: //div/app-statut-demande/app-historique-demande/lib-generic-modal/p-dialog/div/div[1]/span/p-header/h2' in '1' second(s)

03-01-2024T16:24:40 - [MESSAGE][INFO] - Smart Wait Function is triggered

03-01-2024T16:24:40 - [MESSAGE][INFO] - Smart Wait Function is triggered

03-01-2024T16:24:40 - [MESSAGE][INFO] - Smart Wait Function is triggered

03-01-2024T16:24:40 - [MESSAGE][INFO] - Smart Wait Function is triggered

03-01-2024T16:24:40 - [MESSAGE][INFO] - Smart Wait Function is triggered

03-01-2024T16:24:40 - [MESSAGE][INFO] - Smart Wait Function is triggered

03-01-2024T16:24:40 - [MESSAGE][INFO] - Smart Wait Function is triggered

03-01-2024T16:24:40 - [MESSAGE][INFO] - Smart Wait Function is triggered

03-01-2024T16:24:40 - [MESSAGE][INFO] - Found 1 web elements with id: 'Object Repository/Page_Verif_AccordeonInformationsGeneralesDemande_Agent/PopUp_HistoriqueDeLaDemande' located by 'By.xpath: //div/app-statut-demande/app-historique-demande/lib-generic-modal/p-dialog/div/div[1]/span/p-header/h2' in '1' second(s)

03-01-2024T16:24:40 - [MESSAGE][PASSED] - Object 'Object Repository/Page_Verif_AccordeonInformationsGeneralesDemande_Agent/PopUp_HistoriqueDeLaDemande' is present

03-01-2024T16:24:40 - [TEST_STEP][PASSED] - TitreHistoriqueDeLaDemande = getText(PopUpHistoriqueDeLaDemande): Text of object 'Object Repository/Page_Verif_AccordeonInformationsGeneralesDemande_Agent/PopUp_HistoriqueDeLaDemande' is: 'HISTORIQUE DE LA DEMANDE'

03-01-2024T16:24:40 - [MESSAGE][INFO] - Checking object

03-01-2024T16:24:40 - [MESSAGE][INFO] - Finding web element from Test Object's properties

03-01-2024T16:24:40 - [MESSAGE][INFO] - Checking timeout

03-01-2024T16:24:40 - [MESSAGE][INFO] - Finding web element with id: 'Object Repository/Page_Verif_AccordeonInformationsGeneralesDemande_Agent/PopUp_HistoriqueDeLaDemande' located by 'By.xpath: //div/app-statut-demande/app-historique-demande/lib-generic-modal/p-dialog/div/div[1]/span/p-header/h2' in '5' second(s)

03-01-2024T16:24:40 - [MESSAGE][INFO] - Smart Wait Function is triggered

03-01-2024T16:24:40 - [MESSAGE][INFO] - Found 1 web elements with id: 'Object Repository/Page_Verif_AccordeonInformationsGeneralesDemande_Agent/PopUp_HistoriqueDeLaDemande' located by 'By.xpath: //div/app-statut-demande/app-historique-demande/lib-generic-modal/p-dialog/div/div[1]/span/p-header/h2' in '5' second(s)

03-01-2024T16:24:40 - [MESSAGE][INFO] - Getting text of object 'Object Repository/Page_Verif_AccordeonInformationsGeneralesDemande_Agent/PopUp_HistoriqueDeLaDemande'

03-01-2024T16:24:40 - [MESSAGE][PASSED] - Text of object 'Object Repository/Page_Verif_AccordeonInformationsGeneralesDemande_Agent/PopUp_HistoriqueDeLaDemande' is: 'HISTORIQUE DE LA DEMANDE'

03-01-2024T16:24:40 - [TEST_STEP][PASSED] - if (!(TitreHistoriqueDeLaDemande.contains("HISTORIQUE DE LA DEMANDE"))): null

03-01-2024T16:24:40 - [TEST_STEP][PASSED] - else: Le Titre de PopUp est bien Affiché : Historique de la demande.

03-01-2024T16:24:40 - [TEST_STEP][PASSED] - markPassed("Le Titre de PopUp est bien Affiché : Historique de la demande."): Le Titre de PopUp est bien Affiché : Historique de la demande.

03-01-2024T16:24:40 - [MESSAGE][PASSED] - Le Titre de PopUp est bien Affiché : Historique de la demande.

03-01-2024T16:24:40 - [TEST_STEP][PASSED] - ListeAction = findTestObject("Object Repository/Page_Verif_AccordeonInformationsGeneralesDemande_Agent/List_TypeAction"): Finding Test Object 'Object Repository/Page_Verif_AccordeonInformationsGeneralesDemande_Agent/List_TypeAction'

03-01-2024T16:24:40 - [MESSAGE][INFO] - Finding Test Object 'Object Repository/Page_Verif_AccordeonInformationsGeneralesDemande_Agent/List_TypeAction'

03-01-2024T16:24:40 - [TEST_STEP][PASSED] - verifyElementPresent(ListeAction, 1): Object 'Object Repository/Page_Verif_AccordeonInformationsGeneralesDemande_Agent/List_TypeAction' is present

03-01-2024T16:24:40 - [MESSAGE][INFO] - Checking object

03-01-2024T16:24:40 - [MESSAGE][INFO] - Finding web element from Test Object's properties

03-01-2024T16:24:40 - [MESSAGE][INFO] - Checking timeout

03-01-2024T16:24:40 - [MESSAGE][INFO] - Finding web element with id: 'Object Repository/Page_Verif_AccordeonInformationsGeneralesDemande_Agent/List_TypeAction' located by 'By.xpath: //*[@id="content"]/app-demande-instruction/div/app-statut-demande/app-historique-demande/lib-generic-modal/p-dialog/div/div[2]/div/div[1]/input-multi-select/div/div/p-multiselect/div' in '1' second(s)

03-01-2024T16:24:40 - [MESSAGE][INFO] - Smart Wait Function is triggered

03-01-2024T16:24:40 - [MESSAGE][INFO] - Found 1 web elements with id: 'Object Repository/Page_Verif_AccordeonInformationsGeneralesDemande_Agent/List_TypeAction' located by 'By.xpath: //*[@id="content"]/app-demande-instruction/div/app-statut-demande/app-historique-demande/lib-generic-modal/p-dialog/div/div[2]/div/div[1]/input-multi-select/div/div/p-multiselect/div' in '1' second(s)

03-01-2024T16:24:40 - [MESSAGE][PASSED] - Object 'Object Repository/Page_Verif_AccordeonInformationsGeneralesDemande_Agent/List_TypeAction' is present

03-01-2024T16:24:40 - [TEST_STEP][PASSED] - click(ListeAction): Object: 'Object Repository/Page_Verif_AccordeonInformationsGeneralesDemande_Agent/List_TypeAction' is clicked on

03-01-2024T16:24:40 - [MESSAGE][INFO] - Checking timeout

03-01-2024T16:24:40 - [MESSAGE][INFO] - Finding web element with id: 'Object Repository/Page_Verif_AccordeonInformationsGeneralesDemande_Agent/List_TypeAction' located by 'By.xpath: //*[@id="content"]/app-demande-instruction/div/app-statut-demande/app-historique-demande/lib-generic-modal/p-dialog/div/div[2]/div/div[1]/input-multi-select/div/div/p-multiselect/div' in '20' second(s)

03-01-2024T16:24:40 - [MESSAGE][INFO] - Smart Wait Function is triggered

03-01-2024T16:24:40 - [MESSAGE][INFO] - Found 1 web elements with id: 'Object Repository/Page_Verif_AccordeonInformationsGeneralesDemande_Agent/List_TypeAction' located by 'By.xpath: //*[@id="content"]/app-demande-instruction/div/app-statut-demande/app-historique-demande/lib-generic-modal/p-dialog/div/div[2]/div/div[1]/input-multi-select/div/div/p-multiselect/div' in '20' second(s)

03-01-2024T16:24:40 - [MESSAGE][INFO] - Checking object

03-01-2024T16:24:40 - [MESSAGE][INFO] - Checking timeout

03-01-2024T16:24:40 - [MESSAGE][INFO] - Finding web element from Test Object's properties

03-01-2024T16:24:40 - [MESSAGE][INFO] - Checking timeout

03-01-2024T16:24:40 - [MESSAGE][INFO] - Finding web element with id: 'Object Repository/Page_Verif_AccordeonInformationsGeneralesDemande_Agent/List_TypeAction' located by 'By.xpath: //*[@id="content"]/app-demande-instruction/div/app-statut-demande/app-historique-demande/lib-generic-modal/p-dialog/div/div[2]/div/div[1]/input-multi-select/div/div/p-multiselect/div' in '5' second(s)

03-01-2024T16:24:40 - [MESSAGE][INFO] - Smart Wait Function is triggered

03-01-2024T16:24:40 - [MESSAGE][INFO] - Found 1 web elements with id: 'Object Repository/Page_Verif_AccordeonInformationsGeneralesDemande_Agent/List_TypeAction' located by 'By.xpath: //*[@id="content"]/app-demande-instruction/div/app-statut-demande/app-historique-demande/lib-generic-modal/p-dialog/div/div[2]/div/div[1]/input-multi-select/div/div/p-multiselect/div' in '5' second(s)

03-01-2024T16:24:40 - [MESSAGE][INFO] - Clicking on object: 'Object Repository/Page_Verif_AccordeonInformationsGeneralesDemande_Agent/List_TypeAction'

03-01-2024T16:24:42 - [MESSAGE][PASSED] - Object: 'Object Repository/Page_Verif_AccordeonInformationsGeneralesDemande_Agent/List_TypeAction' is clicked on

03-01-2024T16:24:42 - [TEST_STEP][PASSED] - PopUpHistoBtnFermer = findTestObject("Object Repository/Page_Verif_AccordeonInformationsGeneralesDemande_Agent/btn_PopUpHistoFermer"): Finding Test Object 'Object Repository/Page_Verif_AccordeonInformationsGeneralesDemande_Agent/btn_PopUpHistoFermer'

03-01-2024T16:24:42 - [MESSAGE][INFO] - Finding Test Object 'Object Repository/Page_Verif_AccordeonInformationsGeneralesDemande_Agent/btn_PopUpHistoFermer'

03-01-2024T16:24:42 - [TEST_STEP][PASSED] - verifyElementPresent(PopUpHistoBtnFermer, 1): Object 'Object Repository/Page_Verif_AccordeonInformationsGeneralesDemande_Agent/btn_PopUpHistoFermer' is present

03-01-2024T16:24:42 - [MESSAGE][INFO] - Checking object

03-01-2024T16:24:42 - [MESSAGE][INFO] - Finding web element from Test Object's properties

03-01-2024T16:24:42 - [MESSAGE][INFO] - Checking timeout

03-01-2024T16:24:42 - [MESSAGE][INFO] - Finding web element with id: 'Object Repository/Page_Verif_AccordeonInformationsGeneralesDemande_Agent/btn_PopUpHistoFermer' located by 'By.xpath: //*[@id="content"]/app-demande-instruction/div/app-statut-demande/app-historique-demande/lib-generic-modal/p-dialog/div/div[3]/p-footer/button/span' in '1' second(s)

03-01-2024T16:24:42 - [MESSAGE][INFO] - Smart Wait Function is triggered

03-01-2024T16:24:42 - [MESSAGE][INFO] - Found 1 web elements with id: 'Object Repository/Page_Verif_AccordeonInformationsGeneralesDemande_Agent/btn_PopUpHistoFermer' located by 'By.xpath: //*[@id="content"]/app-demande-instruction/div/app-statut-demande/app-historique-demande/lib-generic-modal/p-dialog/div/div[3]/p-footer/button/span' in '1' second(s)

03-01-2024T16:24:42 - [MESSAGE][PASSED] - Object 'Object Repository/Page_Verif_AccordeonInformationsGeneralesDemande_Agent/btn_PopUpHistoFermer' is present

03-01-2024T16:24:42 - [TEST_STEP][PASSED] - click(PopUpHistoBtnFermer): Object: 'Object Repository/Page_Verif_AccordeonInformationsGeneralesDemande_Agent/btn_PopUpHistoFermer' is clicked on

03-01-2024T16:24:42 - [MESSAGE][INFO] - Checking timeout

03-01-2024T16:24:42 - [MESSAGE][INFO] - Finding web element with id: 'Object Repository/Page_Verif_AccordeonInformationsGeneralesDemande_Agent/btn_PopUpHistoFermer' located by 'By.xpath: //*[@id="content"]/app-demande-instruction/div/app-statut-demande/app-historique-demande/lib-generic-modal/p-dialog/div/div[3]/p-footer/button/span' in '20' second(s)

03-01-2024T16:24:42 - [MESSAGE][INFO] - Smart Wait Function is triggered

03-01-2024T16:24:42 - [MESSAGE][INFO] - Found 1 web elements with id: 'Object Repository/Page_Verif_AccordeonInformationsGeneralesDemande_Agent/btn_PopUpHistoFermer' located by 'By.xpath: //*[@id="content"]/app-demande-instruction/div/app-statut-demande/app-historique-demande/lib-generic-modal/p-dialog/div/div[3]/p-footer/button/span' in '20' second(s)

03-01-2024T16:24:42 - [MESSAGE][INFO] - Checking object

03-01-2024T16:24:42 - [MESSAGE][INFO] - Checking timeout

03-01-2024T16:24:42 - [MESSAGE][INFO] - Finding web element from Test Object's properties

03-01-2024T16:24:42 - [MESSAGE][INFO] - Checking timeout

03-01-2024T16:24:42 - [MESSAGE][INFO] - Finding web element with id: 'Object Repository/Page_Verif_AccordeonInformationsGeneralesDemande_Agent/btn_PopUpHistoFermer' located by 'By.xpath: //*[@id="content"]/app-demande-instruction/div/app-statut-demande/app-historique-demande/lib-generic-modal/p-dialog/div/div[3]/p-footer/button/span' in '5' second(s)

03-01-2024T16:24:42 - [MESSAGE][INFO] - Smart Wait Function is triggered

03-01-2024T16:24:42 - [MESSAGE][INFO] - Found 1 web elements with id: 'Object Repository/Page_Verif_AccordeonInformationsGeneralesDemande_Agent/btn_PopUpHistoFermer' located by 'By.xpath: //*[@id="content"]/app-demande-instruction/div/app-statut-demande/app-historique-demande/lib-generic-modal/p-dialog/div/div[3]/p-footer/button/span' in '5' second(s)

03-01-2024T16:24:42 - [MESSAGE][INFO] - Clicking on object: 'Object Repository/Page_Verif_AccordeonInformationsGeneralesDemande_Agent/btn_PopUpHistoFermer'

03-01-2024T16:24:44 - [MESSAGE][PASSED] - Object: 'Object Repository/Page_Verif_AccordeonInformationsGeneralesDemande_Agent/btn_PopUpHistoFermer' is clicked on

03-01-2024T16:24:44 - [TEST_STEP][PASSED] - AfficherDocumentsAdditionnels = findTestObject("Object Repository/Page_Verif_AccordeonInformationsGeneralesDemande_Agent/Link_AfficherDocsAdditionnels"): Finding Test Object 'Object Repository/Page_Verif_AccordeonInformationsGeneralesDemande_Agent/Link_AfficherDocsAdditionnels'

03-01-2024T16:24:44 - [MESSAGE][INFO] - Finding Test Object 'Object Repository/Page_Verif_AccordeonInformationsGeneralesDemande_Agent/Link_AfficherDocsAdditionnels'

03-01-2024T16:24:45 - [TEST_STEP][PASSED] - verifyElementPresent(AfficherDocumentsAdditionnels, 1): Object 'Object Repository/Page_Verif_AccordeonInformationsGeneralesDemande_Agent/Link_AfficherDocsAdditionnels' is present

03-01-2024T16:24:45 - [MESSAGE][INFO] - Checking object

03-01-2024T16:24:45 - [MESSAGE][INFO] - Finding web element from Test Object's properties

03-01-2024T16:24:45 - [MESSAGE][INFO] - Checking timeout

03-01-2024T16:24:45 - [MESSAGE][INFO] - Finding web element with id: 'Object Repository/Page_Verif_AccordeonInformationsGeneralesDemande_Agent/Link_AfficherDocsAdditionnels' located by 'By.xpath: /html/body/app-root/app-layout/div/div/div/app-navigation-layout/div[2]/app-demande-instruction/div/app-statut-demande/div/div/div[2]/a[3]' in '1' second(s)

03-01-2024T16:24:45 - [MESSAGE][INFO] - Smart Wait Function is triggered

03-01-2024T16:24:45 - [MESSAGE][INFO] - Found 1 web elements with id: 'Object Repository/Page_Verif_AccordeonInformationsGeneralesDemande_Agent/Link_AfficherDocsAdditionnels' located by 'By.xpath: /html/body/app-root/app-layout/div/div/div/app-navigation-layout/div[2]/app-demande-instruction/div/app-statut-demande/div/div/div[2]/a[3]' in '1' second(s)

03-01-2024T16:24:45 - [MESSAGE][PASSED] - Object 'Object Repository/Page_Verif_AccordeonInformationsGeneralesDemande_Agent/Link_AfficherDocsAdditionnels' is present

03-01-2024T16:24:45 - [TEST_STEP][PASSED] - click(AfficherDocumentsAdditionnels): Object: 'Object Repository/Page_Verif_AccordeonInformationsGeneralesDemande_Agent/Link_AfficherDocsAdditionnels' is clicked on

03-01-2024T16:24:45 - [MESSAGE][INFO] - Checking timeout

03-01-2024T16:24:45 - [MESSAGE][INFO] - Finding web element with id: 'Object Repository/Page_Verif_AccordeonInformationsGeneralesDemande_Agent/Link_AfficherDocsAdditionnels' located by 'By.xpath: /html/body/app-root/app-layout/div/div/div/app-navigation-layout/div[2]/app-demande-instruction/div/app-statut-demande/div/div/div[2]/a[3]' in '20' second(s)

03-01-2024T16:24:45 - [MESSAGE][INFO] - Smart Wait Function is triggered

03-01-2024T16:24:45 - [MESSAGE][INFO] - Found 1 web elements with id: 'Object Repository/Page_Verif_AccordeonInformationsGeneralesDemande_Agent/Link_AfficherDocsAdditionnels' located by 'By.xpath: /html/body/app-root/app-layout/div/div/div/app-navigation-layout/div[2]/app-demande-instruction/div/app-statut-demande/div/div/div[2]/a[3]' in '20' second(s)

03-01-2024T16:24:45 - [MESSAGE][INFO] - Checking object

03-01-2024T16:24:45 - [MESSAGE][INFO] - Checking timeout

03-01-2024T16:24:45 - [MESSAGE][INFO] - Finding web element from Test Object's properties

03-01-2024T16:24:45 - [MESSAGE][INFO] - Checking timeout

03-01-2024T16:24:45 - [MESSAGE][INFO] - Finding web element with id: 'Object Repository/Page_Verif_AccordeonInformationsGeneralesDemande_Agent/Link_AfficherDocsAdditionnels' located by 'By.xpath: /html/body/app-root/app-layout/div/div/div/app-navigation-layout/div[2]/app-demande-instruction/div/app-statut-demande/div/div/div[2]/a[3]' in '5' second(s)

03-01-2024T16:24:45 - [MESSAGE][INFO] - Smart Wait Function is triggered

03-01-2024T16:24:45 - [MESSAGE][INFO] - Found 1 web elements with id: 'Object Repository/Page_Verif_AccordeonInformationsGeneralesDemande_Agent/Link_AfficherDocsAdditionnels' located by 'By.xpath: /html/body/app-root/app-layout/div/div/div/app-navigation-layout/div[2]/app-demande-instruction/div/app-statut-demande/div/div/div[2]/a[3]' in '5' second(s)

03-01-2024T16:24:45 - [MESSAGE][INFO] - Clicking on object: 'Object Repository/Page_Verif_AccordeonInformationsGeneralesDemande_Agent/Link_AfficherDocsAdditionnels'

03-01-2024T16:24:47 - [MESSAGE][PASSED] - Object: 'Object Repository/Page_Verif_AccordeonInformationsGeneralesDemande_Agent/Link_AfficherDocsAdditionnels' is clicked on

03-01-2024T16:24:47 - [TEST_STEP][PASSED] - PopUpDocsAdditionnels = findTestObject("Object Repository/Page_Verif_AccordeonInformationsGeneralesDemande_Agent/PopUpDocsAdditionnels"): Finding Test Object 'Object Repository/Page_Verif_AccordeonInformationsGeneralesDemande_Agent/PopUpDocsAdditionnels'

03-01-2024T16:24:47 - [MESSAGE][INFO] - Finding Test Object 'Object Repository/Page_Verif_AccordeonInformationsGeneralesDemande_Agent/PopUpDocsAdditionnels'

03-01-2024T16:24:47 - [TEST_STEP][PASSED] - verifyElementPresent(PopUpDocsAdditionnels, 1): Object 'Object Repository/Page_Verif_AccordeonInformationsGeneralesDemande_Agent/PopUpDocsAdditionnels' is present

03-01-2024T16:24:47 - [MESSAGE][INFO] - Checking object

03-01-2024T16:24:47 - [MESSAGE][INFO] - Finding web element from Test Object's properties

03-01-2024T16:24:47 - [MESSAGE][INFO] - Checking timeout

03-01-2024T16:24:47 - [MESSAGE][INFO] - Finding web element with id: 'Object Repository/Page_Verif_AccordeonInformationsGeneralesDemande_Agent/PopUpDocsAdditionnels' located by 'By.xpath: /html/body/app-root/app-layout/div/div/div/app-navigation-layout/div[2]/app-demande-instruction/div/app-statut-demande/app-documents-additionnels/lib-generic-modal/p-dialog/div/div[1]/span/p-header/h2' in '1' second(s)

03-01-2024T16:24:47 - [MESSAGE][INFO] - Smart Wait Function is triggered

03-01-2024T16:24:47 - [MESSAGE][INFO] - Found 1 web elements with id: 'Object Repository/Page_Verif_AccordeonInformationsGeneralesDemande_Agent/PopUpDocsAdditionnels' located by 'By.xpath: /html/body/app-root/app-layout/div/div/div/app-navigation-layout/div[2]/app-demande-instruction/div/app-statut-demande/app-documents-additionnels/lib-generic-modal/p-dialog/div/div[1]/span/p-header/h2' in '1' second(s)

03-01-2024T16:24:47 - [MESSAGE][PASSED] - Object 'Object Repository/Page_Verif_AccordeonInformationsGeneralesDemande_Agent/PopUpDocsAdditionnels' is present

03-01-2024T16:24:47 - [TEST_STEP][PASSED] - TitrePopUpDocsAdditionnels = getText(PopUpDocsAdditionnels): Text of object 'Object Repository/Page_Verif_AccordeonInformationsGeneralesDemande_Agent/PopUpDocsAdditionnels' is: 'DOCUMENTS ADDITIONNELS'

03-01-2024T16:24:47 - [MESSAGE][INFO] - Checking object

03-01-2024T16:24:47 - [MESSAGE][INFO] - Finding web element from Test Object's properties

03-01-2024T16:24:47 - [MESSAGE][INFO] - Checking timeout

03-01-2024T16:24:47 - [MESSAGE][INFO] - Finding web element with id: 'Object Repository/Page_Verif_AccordeonInformationsGeneralesDemande_Agent/PopUpDocsAdditionnels' located by 'By.xpath: /html/body/app-root/app-layout/div/div/div/app-navigation-layout/div[2]/app-demande-instruction/div/app-statut-demande/app-documents-additionnels/lib-generic-modal/p-dialog/div/div[1]/span/p-header/h2' in '5' second(s)

03-01-2024T16:24:47 - [MESSAGE][INFO] - Smart Wait Function is triggered

03-01-2024T16:24:47 - [MESSAGE][INFO] - Found 1 web elements with id: 'Object Repository/Page_Verif_AccordeonInformationsGeneralesDemande_Agent/PopUpDocsAdditionnels' located by 'By.xpath: /html/body/app-root/app-layout/div/div/div/app-navigation-layout/div[2]/app-demande-instruction/div/app-statut-demande/app-documents-additionnels/lib-generic-modal/p-dialog/div/div[1]/span/p-header/h2' in '5' second(s)

03-01-2024T16:24:47 - [MESSAGE][INFO] - Getting text of object 'Object Repository/Page_Verif_AccordeonInformationsGeneralesDemande_Agent/PopUpDocsAdditionnels'

03-01-2024T16:24:47 - [MESSAGE][PASSED] - Text of object 'Object Repository/Page_Verif_AccordeonInformationsGeneralesDemande_Agent/PopUpDocsAdditionnels' is: 'DOCUMENTS ADDITIONNELS'

03-01-2024T16:24:47 - [TEST_STEP][PASSED] - if (!(TitrePopUpDocsAdditionnels.contains("DOCUMENTS ADDITIONNELS"))): null

03-01-2024T16:24:47 - [TEST_STEP][PASSED] - else: Le Titre de PopUp est bien Affiché : DOCUMENTS ADDITIONNELS.

03-01-2024T16:24:47 - [TEST_STEP][PASSED] - markPassed("Le Titre de PopUp est bien Affiché : DOCUMENTS ADDITIONNELS."): Le Titre de PopUp est bien Affiché : DOCUMENTS ADDITIONNELS.

03-01-2024T16:24:47 - [MESSAGE][PASSED] - Le Titre de PopUp est bien Affiché : DOCUMENTS ADDITIONNELS.

03-01-2024T16:24:47 - [TEST_STEP][PASSED] - PopUpDocumentAddBtnFermer = findTestObject("Object Repository/Page_Verif_AccordeonInformationsGeneralesDemande_Agent/btn_PopUpDocumentsAddFermer"): Finding Test Object 'Object Repository/Page_Verif_AccordeonInformationsGeneralesDemande_Agent/btn_PopUpDocumentsAddFermer'

03-01-2024T16:24:47 - [MESSAGE][INFO] - Finding Test Object 'Object Repository/Page_Verif_AccordeonInformationsGeneralesDemande_Agent/btn_PopUpDocumentsAddFermer'

03-01-2024T16:24:47 - [TEST_STEP][PASSED] - verifyElementPresent(PopUpDocumentAddBtnFermer, 1): Object 'Object Repository/Page_Verif_AccordeonInformationsGeneralesDemande_Agent/btn_PopUpDocumentsAddFermer' is present

03-01-2024T16:24:47 - [MESSAGE][INFO] - Checking object

03-01-2024T16:24:47 - [MESSAGE][INFO] - Finding web element from Test Object's properties

03-01-2024T16:24:47 - [MESSAGE][INFO] - Checking timeout

03-01-2024T16:24:47 - [MESSAGE][INFO] - Finding web element with id: 'Object Repository/Page_Verif_AccordeonInformationsGeneralesDemande_Agent/btn_PopUpDocumentsAddFermer' located by 'By.xpath: //*[@id="content"]/app-demande-instruction/div/app-statut-demande/app-documents-additionnels/lib-generic-modal/p-dialog/div/div[3]/p-footer/button/span' in '1' second(s)

03-01-2024T16:24:47 - [MESSAGE][INFO] - Smart Wait Function is triggered

03-01-2024T16:24:47 - [MESSAGE][INFO] - Found 1 web elements with id: 'Object Repository/Page_Verif_AccordeonInformationsGeneralesDemande_Agent/btn_PopUpDocumentsAddFermer' located by 'By.xpath: //*[@id="content"]/app-demande-instruction/div/app-statut-demande/app-documents-additionnels/lib-generic-modal/p-dialog/div/div[3]/p-footer/button/span' in '1' second(s)

03-01-2024T16:24:47 - [MESSAGE][PASSED] - Object 'Object Repository/Page_Verif_AccordeonInformationsGeneralesDemande_Agent/btn_PopUpDocumentsAddFermer' is present

03-01-2024T16:24:47 - [TEST_STEP][PASSED] - click(PopUpDocumentAddBtnFermer): Object: 'Object Repository/Page_Verif_AccordeonInformationsGeneralesDemande_Agent/btn_PopUpDocumentsAddFermer' is clicked on

03-01-2024T16:24:47 - [MESSAGE][INFO] - Checking timeout

03-01-2024T16:24:47 - [MESSAGE][INFO] - Finding web element with id: 'Object Repository/Page_Verif_AccordeonInformationsGeneralesDemande_Agent/btn_PopUpDocumentsAddFermer' located by 'By.xpath: //*[@id="content"]/app-demande-instruction/div/app-statut-demande/app-documents-additionnels/lib-generic-modal/p-dialog/div/div[3]/p-footer/button/span' in '20' second(s)

03-01-2024T16:24:47 - [MESSAGE][INFO] - Smart Wait Function is triggered

03-01-2024T16:24:47 - [MESSAGE][INFO] - Found 1 web elements with id: 'Object Repository/Page_Verif_AccordeonInformationsGeneralesDemande_Agent/btn_PopUpDocumentsAddFermer' located by 'By.xpath: //*[@id="content"]/app-demande-instruction/div/app-statut-demande/app-documents-additionnels/lib-generic-modal/p-dialog/div/div[3]/p-footer/button/span' in '20' second(s)

03-01-2024T16:24:47 - [MESSAGE][INFO] - Checking object

03-01-2024T16:24:47 - [MESSAGE][INFO] - Checking timeout

03-01-2024T16:24:47 - [MESSAGE][INFO] - Finding web element from Test Object's properties

03-01-2024T16:24:47 - [MESSAGE][INFO] - Checking timeout

03-01-2024T16:24:47 - [MESSAGE][INFO] - Finding web element with id: 'Object Repository/Page_Verif_AccordeonInformationsGeneralesDemande_Agent/btn_PopUpDocumentsAddFermer' located by 'By.xpath: //*[@id="content"]/app-demande-instruction/div/app-statut-demande/app-documents-additionnels/lib-generic-modal/p-dialog/div/div[3]/p-footer/button/span' in '5' second(s)

03-01-2024T16:24:47 - [MESSAGE][INFO] - Smart Wait Function is triggered

03-01-2024T16:24:47 - [MESSAGE][INFO] - Found 1 web elements with id: 'Object Repository/Page_Verif_AccordeonInformationsGeneralesDemande_Agent/btn_PopUpDocumentsAddFermer' located by 'By.xpath: //*[@id="content"]/app-demande-instruction/div/app-statut-demande/app-documents-additionnels/lib-generic-modal/p-dialog/div/div[3]/p-footer/button/span' in '5' second(s)

03-01-2024T16:24:47 - [MESSAGE][INFO] - Clicking on object: 'Object Repository/Page_Verif_AccordeonInformationsGeneralesDemande_Agent/btn_PopUpDocumentsAddFermer'

03-01-2024T16:24:49 - [MESSAGE][PASSED] - Object: 'Object Repository/Page_Verif_AccordeonInformationsGeneralesDemande_Agent/btn_PopUpDocumentsAddFermer' is clicked on

03-01-2024T16:24:49 - [TEST_STEP][PASSED] - LinkTransferer = findTestObject("Object Repository/Page_Verif_AccordeonInformationsGeneralesDemande_Agent/Link_Transferer"): Finding Test Object 'Object Repository/Page_Verif_AccordeonInformationsGeneralesDemande_Agent/Link_Transferer'

03-01-2024T16:24:49 - [MESSAGE][INFO] - Finding Test Object 'Object Repository/Page_Verif_AccordeonInformationsGeneralesDemande_Agent/Link_Transferer'

03-01-2024T16:24:49 - [TEST_STEP][PASSED] - verifyElementPresent(LinkTransferer, 1): Object 'Object Repository/Page_Verif_AccordeonInformationsGeneralesDemande_Agent/Link_Transferer' is present

03-01-2024T16:24:49 - [MESSAGE][INFO] - Checking object

03-01-2024T16:24:49 - [MESSAGE][INFO] - Finding web element from Test Object's properties

03-01-2024T16:24:49 - [MESSAGE][INFO] - Checking timeout

03-01-2024T16:24:49 - [MESSAGE][INFO] - Finding web element with id: 'Object Repository/Page_Verif_AccordeonInformationsGeneralesDemande_Agent/Link_Transferer' located by 'By.xpath: //*[@id="content"]/app-demande-instruction/div/app-statut-demande/div/div/div[1]/div[6]/span/a' in '1' second(s)

03-01-2024T16:24:49 - [MESSAGE][INFO] - Smart Wait Function is triggered

03-01-2024T16:24:49 - [MESSAGE][INFO] - Found 1 web elements with id: 'Object Repository/Page_Verif_AccordeonInformationsGeneralesDemande_Agent/Link_Transferer' located by 'By.xpath: //*[@id="content"]/app-demande-instruction/div/app-statut-demande/div/div/div[1]/div[6]/span/a' in '1' second(s)

03-01-2024T16:24:49 - [MESSAGE][PASSED] - Object 'Object Repository/Page_Verif_AccordeonInformationsGeneralesDemande_Agent/Link_Transferer' is present

03-01-2024T16:24:49 - [TEST_STEP][PASSED] - click(LinkTransferer): Object: 'Object Repository/Page_Verif_AccordeonInformationsGeneralesDemande_Agent/Link_Transferer' is clicked on

03-01-2024T16:24:49 - [MESSAGE][INFO] - Checking timeout

03-01-2024T16:24:49 - [MESSAGE][INFO] - Finding web element with id: 'Object Repository/Page_Verif_AccordeonInformationsGeneralesDemande_Agent/Link_Transferer' located by 'By.xpath: //*[@id="content"]/app-demande-instruction/div/app-statut-demande/div/div/div[1]/div[6]/span/a' in '20' second(s)

03-01-2024T16:24:49 - [MESSAGE][INFO] - Smart Wait Function is triggered

03-01-2024T16:24:49 - [MESSAGE][INFO] - Found 1 web elements with id: 'Object Repository/Page_Verif_AccordeonInformationsGeneralesDemande_Agent/Link_Transferer' located by 'By.xpath: //*[@id="content"]/app-demande-instruction/div/app-statut-demande/div/div/div[1]/div[6]/span/a' in '20' second(s)

03-01-2024T16:24:49 - [MESSAGE][INFO] - Checking object

03-01-2024T16:24:49 - [MESSAGE][INFO] - Checking timeout

03-01-2024T16:24:49 - [MESSAGE][INFO] - Finding web element from Test Object's properties

03-01-2024T16:24:49 - [MESSAGE][INFO] - Checking timeout

03-01-2024T16:24:49 - [MESSAGE][INFO] - Finding web element with id: 'Object Repository/Page_Verif_AccordeonInformationsGeneralesDemande_Agent/Link_Transferer' located by 'By.xpath: //*[@id="content"]/app-demande-instruction/div/app-statut-demande/div/div/div[1]/div[6]/span/a' in '5' second(s)

03-01-2024T16:24:49 - [MESSAGE][INFO] - Smart Wait Function is triggered

03-01-2024T16:24:49 - [MESSAGE][INFO] - Found 1 web elements with id: 'Object Repository/Page_Verif_AccordeonInformationsGeneralesDemande_Agent/Link_Transferer' located by 'By.xpath: //*[@id="content"]/app-demande-instruction/div/app-statut-demande/div/div/div[1]/div[6]/span/a' in '5' second(s)

03-01-2024T16:24:49 - [MESSAGE][INFO] - Clicking on object: 'Object Repository/Page_Verif_AccordeonInformationsGeneralesDemande_Agent/Link_Transferer'

03-01-2024T16:24:51 - [MESSAGE][PASSED] - Object: 'Object Repository/Page_Verif_AccordeonInformationsGeneralesDemande_Agent/Link_Transferer' is clicked on

03-01-2024T16:24:51 - [TEST_STEP][PASSED] - PopUpTransferer = findTestObject("Object Repository/Page_Verif_AccordeonInformationsGeneralesDemande_Agent/PopUp_TransfererLaDemande"): Finding Test Object 'Object Repository/Page_Verif_AccordeonInformationsGeneralesDemande_Agent/PopUp_TransfererLaDemande'

03-01-2024T16:24:51 - [MESSAGE][INFO] - Finding Test Object 'Object Repository/Page_Verif_AccordeonInformationsGeneralesDemande_Agent/PopUp_TransfererLaDemande'

03-01-2024T16:24:51 - [TEST_STEP][PASSED] - verifyElementPresent(PopUpTransferer, 1): Object 'Object Repository/Page_Verif_AccordeonInformationsGeneralesDemande_Agent/PopUp_TransfererLaDemande' is present

03-01-2024T16:24:51 - [MESSAGE][INFO] - Checking object

03-01-2024T16:24:51 - [MESSAGE][INFO] - Finding web element from Test Object's properties

03-01-2024T16:24:51 - [MESSAGE][INFO] - Checking timeout

03-01-2024T16:24:51 - [MESSAGE][INFO] - Finding web element with id: 'Object Repository/Page_Verif_AccordeonInformationsGeneralesDemande_Agent/PopUp_TransfererLaDemande' located by 'By.xpath: /html/body/app-root/app-layout/div/div/div/app-navigation-layout/div[2]/app-demande-instruction/div/app-statut-demande/app-transfert-demande/lib-generic-modal/p-dialog/div/div[1]/span/p-header/h2' in '1' second(s)

03-01-2024T16:24:51 - [MESSAGE][INFO] - Smart Wait Function is triggered

03-01-2024T16:24:51 - [MESSAGE][INFO] - Found 1 web elements with id: 'Object Repository/Page_Verif_AccordeonInformationsGeneralesDemande_Agent/PopUp_TransfererLaDemande' located by 'By.xpath: /html/body/app-root/app-layout/div/div/div/app-navigation-layout/div[2]/app-demande-instruction/div/app-statut-demande/app-transfert-demande/lib-generic-modal/p-dialog/div/div[1]/span/p-header/h2' in '1' second(s)

03-01-2024T16:24:51 - [MESSAGE][PASSED] - Object 'Object Repository/Page_Verif_AccordeonInformationsGeneralesDemande_Agent/PopUp_TransfererLaDemande' is present

03-01-2024T16:24:52 - [TEST_STEP][PASSED] - TitrePopUpTransferer = getText(PopUpTransferer): Text of object 'Object Repository/Page_Verif_AccordeonInformationsGeneralesDemande_Agent/PopUp_TransfererLaDemande' is: 'TRANSFÉRER LA DEMANDE'

03-01-2024T16:24:52 - [MESSAGE][INFO] - Checking object

03-01-2024T16:24:52 - [MESSAGE][INFO] - Finding web element from Test Object's properties

03-01-2024T16:24:52 - [MESSAGE][INFO] - Checking timeout

03-01-2024T16:24:52 - [MESSAGE][INFO] - Finding web element with id: 'Object Repository/Page_Verif_AccordeonInformationsGeneralesDemande_Agent/PopUp_TransfererLaDemande' located by 'By.xpath: /html/body/app-root/app-layout/div/div/div/app-navigation-layout/div[2]/app-demande-instruction/div/app-statut-demande/app-transfert-demande/lib-generic-modal/p-dialog/div/div[1]/span/p-header/h2' in '5' second(s)

03-01-2024T16:24:52 - [MESSAGE][INFO] - Smart Wait Function is triggered

03-01-2024T16:24:52 - [MESSAGE][INFO] - Found 1 web elements with id: 'Object Repository/Page_Verif_AccordeonInformationsGeneralesDemande_Agent/PopUp_TransfererLaDemande' located by 'By.xpath: /html/body/app-root/app-layout/div/div/div/app-navigation-layout/div[2]/app-demande-instruction/div/app-statut-demande/app-transfert-demande/lib-generic-modal/p-dialog/div/div[1]/span/p-header/h2' in '5' second(s)

03-01-2024T16:24:52 - [MESSAGE][INFO] - Getting text of object 'Object Repository/Page_Verif_AccordeonInformationsGeneralesDemande_Agent/PopUp_TransfererLaDemande'

03-01-2024T16:24:52 - [MESSAGE][PASSED] - Text of object 'Object Repository/Page_Verif_AccordeonInformationsGeneralesDemande_Agent/PopUp_TransfererLaDemande' is: 'TRANSFÉRER LA DEMANDE'

03-01-2024T16:24:52 - [TEST_STEP][PASSED] - if (!(TitrePopUpTransferer.contains("TRANSFÉRER LA DEMANDE"))): null

03-01-2024T16:24:52 - [TEST_STEP][PASSED] - else: Le Titre de PopUp est bien Affiché : TRANSFÉRER LA DEMANDE.

03-01-2024T16:24:52 - [TEST_STEP][PASSED] - markPassed("Le Titre de PopUp est bien Affiché : TRANSFÉRER LA DEMANDE."): Le Titre de PopUp est bien Affiché : TRANSFÉRER LA DEMANDE.

03-01-2024T16:24:52 - [MESSAGE][PASSED] - Le Titre de PopUp est bien Affiché : TRANSFÉRER LA DEMANDE.

03-01-2024T16:24:52 - [TEST_STEP][PASSED] - TransfererA = findTestObject("Object Repository/Page_Verif_AccordeonInformationsGeneralesDemande_Agent/List_TransfererA"): Finding Test Object 'Object Repository/Page_Verif_AccordeonInformationsGeneralesDemande_Agent/List_TransfererA'

03-01-2024T16:24:52 - [MESSAGE][INFO] - Finding Test Object 'Object Repository/Page_Verif_AccordeonInformationsGeneralesDemande_Agent/List_TransfererA'

03-01-2024T16:24:52 - [TEST_STEP][PASSED] - verifyElementPresent(TransfererA, 1): Object 'Object Repository/Page_Verif_AccordeonInformationsGeneralesDemande_Agent/List_TransfererA' is present

03-01-2024T16:24:52 - [MESSAGE][INFO] - Checking object

03-01-2024T16:24:52 - [MESSAGE][INFO] - Finding web element from Test Object's properties

03-01-2024T16:24:52 - [MESSAGE][INFO] - Checking timeout

03-01-2024T16:24:52 - [MESSAGE][INFO] - Finding web element with id: 'Object Repository/Page_Verif_AccordeonInformationsGeneralesDemande_Agent/List_TransfererA' located by 'By.xpath: /html/body/app-root/app-layout/div/div/div/app-navigation-layout/div[2]/app-demande-instruction/div/app-statut-demande/app-transfert-demande/lib-generic-modal/p-dialog/div/div[2]/div[1]/anef-input-select/div/div/p-dropdown/div/div[3]/label' in '1' second(s)

03-01-2024T16:24:52 - [MESSAGE][INFO] - Smart Wait Function is triggered

03-01-2024T16:24:52 - [MESSAGE][INFO] - Found 1 web elements with id: 'Object Repository/Page_Verif_AccordeonInformationsGeneralesDemande_Agent/List_TransfererA' located by 'By.xpath: /html/body/app-root/app-layout/div/div/div/app-navigation-layout/div[2]/app-demande-instruction/div/app-statut-demande/app-transfert-demande/lib-generic-modal/p-dialog/div/div[2]/div[1]/anef-input-select/div/div/p-dropdown/div/div[3]/label' in '1' second(s)

03-01-2024T16:24:52 - [MESSAGE][PASSED] - Object 'Object Repository/Page_Verif_AccordeonInformationsGeneralesDemande_Agent/List_TransfererA' is present

03-01-2024T16:24:52 - [TEST_STEP][PASSED] - doubleClick(TransfererA): Object: 'Object Repository/Page_Verif_AccordeonInformationsGeneralesDemande_Agent/List_TransfererA' is double clicked on

03-01-2024T16:24:52 - [MESSAGE][INFO] - Checking object

03-01-2024T16:24:52 - [MESSAGE][INFO] - Finding web element from Test Object's properties

03-01-2024T16:24:52 - [MESSAGE][INFO] - Checking timeout

03-01-2024T16:24:52 - [MESSAGE][INFO] - Finding web element with id: 'Object Repository/Page_Verif_AccordeonInformationsGeneralesDemande_Agent/List_TransfererA' located by 'By.xpath: /html/body/app-root/app-layout/div/div/div/app-navigation-layout/div[2]/app-demande-instruction/div/app-statut-demande/app-transfert-demande/lib-generic-modal/p-dialog/div/div[2]/div[1]/anef-input-select/div/div/p-dropdown/div/div[3]/label' in '5' second(s)

03-01-2024T16:24:52 - [MESSAGE][INFO] - Smart Wait Function is triggered

03-01-2024T16:24:52 - [MESSAGE][INFO] - Found 1 web elements with id: 'Object Repository/Page_Verif_AccordeonInformationsGeneralesDemande_Agent/List_TransfererA' located by 'By.xpath: /html/body/app-root/app-layout/div/div/div/app-navigation-layout/div[2]/app-demande-instruction/div/app-statut-demande/app-transfert-demande/lib-generic-modal/p-dialog/div/div[2]/div[1]/anef-input-select/div/div/p-dropdown/div/div[3]/label' in '5' second(s)

03-01-2024T16:24:52 - [MESSAGE][INFO] - Double clicking on object: 'Object Repository/Page_Verif_AccordeonInformationsGeneralesDemande_Agent/List_TransfererA'

03-01-2024T16:24:52 - [MESSAGE][PASSED] - Object: 'Object Repository/Page_Verif_AccordeonInformationsGeneralesDemande_Agent/List_TransfererA' is double clicked on

03-01-2024T16:24:52 - [TEST_STEP][PASSED] - delay(2): Delayed 2 second(s)

03-01-2024T16:24:52 - [MESSAGE][INFO] - Delaying browser in 2 second(s)

03-01-2024T16:24:54 - [MESSAGE][PASSED] - Delayed 2 second(s)

03-01-2024T16:24:54 - [TEST_STEP][PASSED] - PopUpTransfererBtnAnnuler = findTestObject("Object Repository/Page_Verif_AccordeonInformationsGeneralesDemande_Agent/btn_PopUpTransfererAnnuler"): Finding Test Object 'Object Repository/Page_Verif_AccordeonInformationsGeneralesDemande_Agent/btn_PopUpTransfererAnnuler'

03-01-2024T16:24:54 - [MESSAGE][INFO] - Finding Test Object 'Object Repository/Page_Verif_AccordeonInformationsGeneralesDemande_Agent/btn_PopUpTransfererAnnuler'

03-01-2024T16:24:54 - [TEST_STEP][PASSED] - verifyElementPresent(PopUpTransfererBtnAnnuler, 2): Object 'Object Repository/Page_Verif_AccordeonInformationsGeneralesDemande_Agent/btn_PopUpTransfererAnnuler' is present

03-01-2024T16:24:54 - [MESSAGE][INFO] - Checking object

03-01-2024T16:24:54 - [MESSAGE][INFO] - Finding web element from Test Object's properties

03-01-2024T16:24:54 - [MESSAGE][INFO] - Checking timeout

03-01-2024T16:24:54 - [MESSAGE][INFO] - Finding web element with id: 'Object Repository/Page_Verif_AccordeonInformationsGeneralesDemande_Agent/btn_PopUpTransfererAnnuler' located by 'By.xpath: //*[@id="content"]/app-demande-instruction/div/app-statut-demande/app-transfert-demande/lib-generic-modal/p-dialog/div/div[3]/p-footer/button[1]/span' in '2' second(s)

03-01-2024T16:24:54 - [MESSAGE][INFO] - Smart Wait Function is triggered

03-01-2024T16:24:54 - [MESSAGE][INFO] - Found 1 web elements with id: 'Object Repository/Page_Verif_AccordeonInformationsGeneralesDemande_Agent/btn_PopUpTransfererAnnuler' located by 'By.xpath: //*[@id="content"]/app-demande-instruction/div/app-statut-demande/app-transfert-demande/lib-generic-modal/p-dialog/div/div[3]/p-footer/button[1]/span' in '2' second(s)

03-01-2024T16:24:54 - [MESSAGE][PASSED] - Object 'Object Repository/Page_Verif_AccordeonInformationsGeneralesDemande_Agent/btn_PopUpTransfererAnnuler' is present

03-01-2024T16:24:54 - [TEST_STEP][PASSED] - click(PopUpTransfererBtnAnnuler): Object: 'Object Repository/Page_Verif_AccordeonInformationsGeneralesDemande_Agent/btn_PopUpTransfererAnnuler' is clicked on

03-01-2024T16:24:54 - [MESSAGE][INFO] - Checking timeout

03-01-2024T16:24:54 - [MESSAGE][INFO] - Finding web element with id: 'Object Repository/Page_Verif_AccordeonInformationsGeneralesDemande_Agent/btn_PopUpTransfererAnnuler' located by 'By.xpath: //*[@id="content"]/app-demande-instruction/div/app-statut-demande/app-transfert-demande/lib-generic-modal/p-dialog/div/div[3]/p-footer/button[1]/span' in '20' second(s)

03-01-2024T16:24:54 - [MESSAGE][INFO] - Smart Wait Function is triggered

03-01-2024T16:24:54 - [MESSAGE][INFO] - Found 1 web elements with id: 'Object Repository/Page_Verif_AccordeonInformationsGeneralesDemande_Agent/btn_PopUpTransfererAnnuler' located by 'By.xpath: //*[@id="content"]/app-demande-instruction/div/app-statut-demande/app-transfert-demande/lib-generic-modal/p-dialog/div/div[3]/p-footer/button[1]/span' in '20' second(s)

03-01-2024T16:24:54 - [MESSAGE][INFO] - Checking object

03-01-2024T16:24:54 - [MESSAGE][INFO] - Checking timeout

03-01-2024T16:24:54 - [MESSAGE][INFO] - Finding web element from Test Object's properties

03-01-2024T16:24:54 - [MESSAGE][INFO] - Checking timeout

03-01-2024T16:24:54 - [MESSAGE][INFO] - Finding web element with id: 'Object Repository/Page_Verif_AccordeonInformationsGeneralesDemande_Agent/btn_PopUpTransfererAnnuler' located by 'By.xpath: //*[@id="content"]/app-demande-instruction/div/app-statut-demande/app-transfert-demande/lib-generic-modal/p-dialog/div/div[3]/p-footer/button[1]/span' in '5' second(s)

03-01-2024T16:24:54 - [MESSAGE][INFO] - Smart Wait Function is triggered

03-01-2024T16:24:54 - [MESSAGE][INFO] - Found 1 web elements with id: 'Object Repository/Page_Verif_AccordeonInformationsGeneralesDemande_Agent/btn_PopUpTransfererAnnuler' located by 'By.xpath: //*[@id="content"]/app-demande-instruction/div/app-statut-demande/app-transfert-demande/lib-generic-modal/p-dialog/div/div[3]/p-footer/button[1]/span' in '5' second(s)

03-01-2024T16:24:54 - [MESSAGE][INFO] - Clicking on object: 'Object Repository/Page_Verif_AccordeonInformationsGeneralesDemande_Agent/btn_PopUpTransfererAnnuler'

03-01-2024T16:24:56 - [MESSAGE][PASSED] - Object: 'Object Repository/Page_Verif_AccordeonInformationsGeneralesDemande_Agent/btn_PopUpTransfererAnnuler' is clicked on

03-01-2024T16:24:56 - [TEST_STEP][PASSED] - LinkReaffecter = findTestObject("Object Repository/Page_Verif_AccordeonInformationsGeneralesDemande_Agent/Link_Reaffecter"): Finding Test Object 'Object Repository/Page_Verif_AccordeonInformationsGeneralesDemande_Agent/Link_Reaffecter'

03-01-2024T16:24:56 - [MESSAGE][INFO] - Finding Test Object 'Object Repository/Page_Verif_AccordeonInformationsGeneralesDemande_Agent/Link_Reaffecter'

03-01-2024T16:24:56 - [TEST_STEP][PASSED] - verifyElementPresent(LinkReaffecter, 1): Object 'Object Repository/Page_Verif_AccordeonInformationsGeneralesDemande_Agent/Link_Reaffecter' is present

03-01-2024T16:24:56 - [MESSAGE][INFO] - Checking object

03-01-2024T16:24:56 - [MESSAGE][INFO] - Finding web element from Test Object's properties

03-01-2024T16:24:56 - [MESSAGE][INFO] - Checking timeout

03-01-2024T16:24:56 - [MESSAGE][INFO] - Finding web element with id: 'Object Repository/Page_Verif_AccordeonInformationsGeneralesDemande_Agent/Link_Reaffecter' located by 'By.xpath: //*[@id="content"]/app-demande-instruction/div/app-statut-demande/div/div/div[1]/div[7]/span/a' in '1' second(s)

03-01-2024T16:24:56 - [MESSAGE][INFO] - Smart Wait Function is triggered

03-01-2024T16:24:56 - [MESSAGE][INFO] - Found 1 web elements with id: 'Object Repository/Page_Verif_AccordeonInformationsGeneralesDemande_Agent/Link_Reaffecter' located by 'By.xpath: //*[@id="content"]/app-demande-instruction/div/app-statut-demande/div/div/div[1]/div[7]/span/a' in '1' second(s)

03-01-2024T16:24:56 - [MESSAGE][PASSED] - Object 'Object Repository/Page_Verif_AccordeonInformationsGeneralesDemande_Agent/Link_Reaffecter' is present

03-01-2024T16:24:56 - [TEST_STEP][PASSED] - click(LinkReaffecter): Object: 'Object Repository/Page_Verif_AccordeonInformationsGeneralesDemande_Agent/Link_Reaffecter' is clicked on

03-01-2024T16:24:56 - [MESSAGE][INFO] - Checking timeout

03-01-2024T16:24:56 - [MESSAGE][INFO] - Finding web element with id: 'Object Repository/Page_Verif_AccordeonInformationsGeneralesDemande_Agent/Link_Reaffecter' located by 'By.xpath: //*[@id="content"]/app-demande-instruction/div/app-statut-demande/div/div/div[1]/div[7]/span/a' in '20' second(s)

03-01-2024T16:24:56 - [MESSAGE][INFO] - Smart Wait Function is triggered

03-01-2024T16:24:56 - [MESSAGE][INFO] - Found 1 web elements with id: 'Object Repository/Page_Verif_AccordeonInformationsGeneralesDemande_Agent/Link_Reaffecter' located by 'By.xpath: //*[@id="content"]/app-demande-instruction/div/app-statut-demande/div/div/div[1]/div[7]/span/a' in '20' second(s)

03-01-2024T16:24:56 - [MESSAGE][INFO] - Checking object

03-01-2024T16:24:56 - [MESSAGE][INFO] - Checking timeout

03-01-2024T16:24:56 - [MESSAGE][INFO] - Finding web element from Test Object's properties

03-01-2024T16:24:56 - [MESSAGE][INFO] - Checking timeout

03-01-2024T16:24:56 - [MESSAGE][INFO] - Finding web element with id: 'Object Repository/Page_Verif_AccordeonInformationsGeneralesDemande_Agent/Link_Reaffecter' located by 'By.xpath: //*[@id="content"]/app-demande-instruction/div/app-statut-demande/div/div/div[1]/div[7]/span/a' in '5' second(s)

03-01-2024T16:24:56 - [MESSAGE][INFO] - Smart Wait Function is triggered

03-01-2024T16:24:57 - [MESSAGE][INFO] - Found 1 web elements with id: 'Object Repository/Page_Verif_AccordeonInformationsGeneralesDemande_Agent/Link_Reaffecter' located by 'By.xpath: //*[@id="content"]/app-demande-instruction/div/app-statut-demande/div/div/div[1]/div[7]/span/a' in '5' second(s)

03-01-2024T16:24:57 - [MESSAGE][INFO] - Clicking on object: 'Object Repository/Page_Verif_AccordeonInformationsGeneralesDemande_Agent/Link_Reaffecter'

03-01-2024T16:24:59 - [MESSAGE][PASSED] - Object: 'Object Repository/Page_Verif_AccordeonInformationsGeneralesDemande_Agent/Link_Reaffecter' is clicked on

03-01-2024T16:24:59 - [TEST_STEP][PASSED] - PopUpReaffecter = findTestObject("Object Repository/Page_Verif_AccordeonInformationsGeneralesDemande_Agent/PopUp_ReaffecterLaDemande"): Finding Test Object 'Object Repository/Page_Verif_AccordeonInformationsGeneralesDemande_Agent/PopUp_ReaffecterLaDemande'

03-01-2024T16:24:59 - [MESSAGE][INFO] - Finding Test Object 'Object Repository/Page_Verif_AccordeonInformationsGeneralesDemande_Agent/PopUp_ReaffecterLaDemande'

03-01-2024T16:24:59 - [TEST_STEP][PASSED] - verifyElementPresent(PopUpReaffecter, 1): Object 'Object Repository/Page_Verif_AccordeonInformationsGeneralesDemande_Agent/PopUp_ReaffecterLaDemande' is present

03-01-2024T16:24:59 - [MESSAGE][INFO] - Checking object

03-01-2024T16:24:59 - [MESSAGE][INFO] - Finding web element from Test Object's properties

03-01-2024T16:24:59 - [MESSAGE][INFO] - Checking timeout

03-01-2024T16:24:59 - [MESSAGE][INFO] - Finding web element with id: 'Object Repository/Page_Verif_AccordeonInformationsGeneralesDemande_Agent/PopUp_ReaffecterLaDemande' located by 'By.xpath: //app-navigation-layout//app-demandes-sejour//app-demande-table/app-reaffectation-demande/lib-generic-modal/p-dialog/div/div[1]/span/p-header/h2|//app-navigation-layout//app-demande-instruction//app-statut-demande/app-reaffectation-demande/lib-generic-modal/p-dialog/div/div[1]/span/p-header/h2' in '1' second(s)

03-01-2024T16:24:59 - [MESSAGE][INFO] - Smart Wait Function is triggered

03-01-2024T16:24:59 - [MESSAGE][INFO] - Smart Wait Function is triggered

03-01-2024T16:24:59 - [MESSAGE][INFO] - Smart Wait Function is triggered

03-01-2024T16:24:59 - [MESSAGE][INFO] - Smart Wait Function is triggered

03-01-2024T16:24:59 - [MESSAGE][INFO] - Smart Wait Function is triggered

03-01-2024T16:24:59 - [MESSAGE][INFO] - Smart Wait Function is triggered

03-01-2024T16:24:59 - [MESSAGE][INFO] - Smart Wait Function is triggered

03-01-2024T16:24:59 - [MESSAGE][INFO] - Smart Wait Function is triggered

03-01-2024T16:24:59 - [MESSAGE][INFO] - Smart Wait Function is triggered

03-01-2024T16:24:59 - [MESSAGE][INFO] - Smart Wait Function is triggered

03-01-2024T16:24:59 - [MESSAGE][INFO] - Smart Wait Function is triggered

03-01-2024T16:24:59 - [MESSAGE][INFO] - Found 1 web elements with id: 'Object Repository/Page_Verif_AccordeonInformationsGeneralesDemande_Agent/PopUp_ReaffecterLaDemande' located by 'By.xpath: //app-navigation-layout//app-demandes-sejour//app-demande-table/app-reaffectation-demande/lib-generic-modal/p-dialog/div/div[1]/span/p-header/h2|//app-navigation-layout//app-demande-instruction//app-statut-demande/app-reaffectation-demande/lib-generic-modal/p-dialog/div/div[1]/span/p-header/h2' in '1' second(s)

03-01-2024T16:24:59 - [MESSAGE][PASSED] - Object 'Object Repository/Page_Verif_AccordeonInformationsGeneralesDemande_Agent/PopUp_ReaffecterLaDemande' is present

03-01-2024T16:24:59 - [TEST_STEP][PASSED] - TitrePopUpReaffecter = getText(PopUpReaffecter): Text of object 'Object Repository/Page_Verif_AccordeonInformationsGeneralesDemande_Agent/PopUp_ReaffecterLaDemande' is: 'RÉAFFECTER LA DEMANDE'

03-01-2024T16:24:59 - [MESSAGE][INFO] - Checking object

03-01-2024T16:24:59 - [MESSAGE][INFO] - Finding web element from Test Object's properties

03-01-2024T16:24:59 - [MESSAGE][INFO] - Checking timeout

03-01-2024T16:24:59 - [MESSAGE][INFO] - Finding web element with id: 'Object Repository/Page_Verif_AccordeonInformationsGeneralesDemande_Agent/PopUp_ReaffecterLaDemande' located by 'By.xpath: //app-navigation-layout//app-demandes-sejour//app-demande-table/app-reaffectation-demande/lib-generic-modal/p-dialog/div/div[1]/span/p-header/h2|//app-navigation-layout//app-demande-instruction//app-statut-demande/app-reaffectation-demande/lib-generic-modal/p-dialog/div/div[1]/span/p-header/h2' in '5' second(s)

03-01-2024T16:24:59 - [MESSAGE][INFO] - Smart Wait Function is triggered

03-01-2024T16:24:59 - [MESSAGE][INFO] - Found 1 web elements with id: 'Object Repository/Page_Verif_AccordeonInformationsGeneralesDemande_Agent/PopUp_ReaffecterLaDemande' located by 'By.xpath: //app-navigation-layout//app-demandes-sejour//app-demande-table/app-reaffectation-demande/lib-generic-modal/p-dialog/div/div[1]/span/p-header/h2|//app-navigation-layout//app-demande-instruction//app-statut-demande/app-reaffectation-demande/lib-generic-modal/p-dialog/div/div[1]/span/p-header/h2' in '5' second(s)

03-01-2024T16:24:59 - [MESSAGE][INFO] - Getting text of object 'Object Repository/Page_Verif_AccordeonInformationsGeneralesDemande_Agent/PopUp_ReaffecterLaDemande'

03-01-2024T16:24:59 - [MESSAGE][PASSED] - Text of object 'Object Repository/Page_Verif_AccordeonInformationsGeneralesDemande_Agent/PopUp_ReaffecterLaDemande' is: 'RÉAFFECTER LA DEMANDE'

03-01-2024T16:24:59 - [TEST_STEP][PASSED] - if (!(TitrePopUpReaffecter.contains("RÉAFFECTER LA DEMANDE"))): null

03-01-2024T16:24:59 - [TEST_STEP][PASSED] - else: Le Titre de PopUp est bien Affiché : RÉAFFECTER LA DEMANDE.

03-01-2024T16:24:59 - [TEST_STEP][PASSED] - markPassed("Le Titre de PopUp est bien Affiché : RÉAFFECTER LA DEMANDE."): Le Titre de PopUp est bien Affiché : RÉAFFECTER LA DEMANDE.

03-01-2024T16:24:59 - [MESSAGE][PASSED] - Le Titre de PopUp est bien Affiché : RÉAFFECTER LA DEMANDE.

03-01-2024T16:24:59 - [TEST_STEP][PASSED] - ReaffecterA = findTestObject("Object Repository/Page_Verif_AccordeonInformationsGeneralesDemande_Agent/List_ReaffecterA"): Finding Test Object 'Object Repository/Page_Verif_AccordeonInformationsGeneralesDemande_Agent/List_ReaffecterA'

03-01-2024T16:24:59 - [MESSAGE][INFO] - Finding Test Object 'Object Repository/Page_Verif_AccordeonInformationsGeneralesDemande_Agent/List_ReaffecterA'

03-01-2024T16:24:59 - [TEST_STEP][PASSED] - verifyElementPresent(ReaffecterA, 1): Object 'Object Repository/Page_Verif_AccordeonInformationsGeneralesDemande_Agent/List_ReaffecterA' is present

03-01-2024T16:24:59 - [MESSAGE][INFO] - Checking object

03-01-2024T16:24:59 - [MESSAGE][INFO] - Finding web element from Test Object's properties

03-01-2024T16:24:59 - [MESSAGE][INFO] - Checking timeout

03-01-2024T16:24:59 - [MESSAGE][INFO] - Finding web element with id: 'Object Repository/Page_Verif_AccordeonInformationsGeneralesDemande_Agent/List_ReaffecterA' located by 'By.xpath: //app-demande-instruction//app-statut-demande/app-reaffectation-demande/lib-generic-modal/p-dialog/div/div[2]/div/anef-input-select/div/div/p-dropdown/div/div[3]/label|//app-demandes-sejour//app-demande-table/app-reaffectation-demande/lib-generic-modal/p-dialog/div/div[2]/div/anef-input-select/div/div/p-dropdown/div/div[3]/label' in '1' second(s)

03-01-2024T16:24:59 - [MESSAGE][INFO] - Smart Wait Function is triggered

03-01-2024T16:24:59 - [MESSAGE][INFO] - Found 1 web elements with id: 'Object Repository/Page_Verif_AccordeonInformationsGeneralesDemande_Agent/List_ReaffecterA' located by 'By.xpath: //app-demande-instruction//app-statut-demande/app-reaffectation-demande/lib-generic-modal/p-dialog/div/div[2]/div/anef-input-select/div/div/p-dropdown/div/div[3]/label|//app-demandes-sejour//app-demande-table/app-reaffectation-demande/lib-generic-modal/p-dialog/div/div[2]/div/anef-input-select/div/div/p-dropdown/div/div[3]/label' in '1' second(s)

03-01-2024T16:24:59 - [MESSAGE][PASSED] - Object 'Object Repository/Page_Verif_AccordeonInformationsGeneralesDemande_Agent/List_ReaffecterA' is present

03-01-2024T16:24:59 - [TEST_STEP][PASSED] - doubleClick(ReaffecterA): Object: 'Object Repository/Page_Verif_AccordeonInformationsGeneralesDemande_Agent/List_ReaffecterA' is double clicked on

03-01-2024T16:24:59 - [MESSAGE][INFO] - Checking object

03-01-2024T16:24:59 - [MESSAGE][INFO] - Finding web element from Test Object's properties

03-01-2024T16:24:59 - [MESSAGE][INFO] - Checking timeout

03-01-2024T16:24:59 - [MESSAGE][INFO] - Finding web element with id: 'Object Repository/Page_Verif_AccordeonInformationsGeneralesDemande_Agent/List_ReaffecterA' located by 'By.xpath: //app-demande-instruction//app-statut-demande/app-reaffectation-demande/lib-generic-modal/p-dialog/div/div[2]/div/anef-input-select/div/div/p-dropdown/div/div[3]/label|//app-demandes-sejour//app-demande-table/app-reaffectation-demande/lib-generic-modal/p-dialog/div/div[2]/div/anef-input-select/div/div/p-dropdown/div/div[3]/label' in '5' second(s)

03-01-2024T16:24:59 - [MESSAGE][INFO] - Smart Wait Function is triggered

03-01-2024T16:24:59 - [MESSAGE][INFO] - Found 1 web elements with id: 'Object Repository/Page_Verif_AccordeonInformationsGeneralesDemande_Agent/List_ReaffecterA' located by 'By.xpath: //app-demande-instruction//app-statut-demande/app-reaffectation-demande/lib-generic-modal/p-dialog/div/div[2]/div/anef-input-select/div/div/p-dropdown/div/div[3]/label|//app-demandes-sejour//app-demande-table/app-reaffectation-demande/lib-generic-modal/p-dialog/div/div[2]/div/anef-input-select/div/div/p-dropdown/div/div[3]/label' in '5' second(s)

03-01-2024T16:24:59 - [MESSAGE][INFO] - Double clicking on object: 'Object Repository/Page_Verif_AccordeonInformationsGeneralesDemande_Agent/List_ReaffecterA'

03-01-2024T16:24:59 - [MESSAGE][PASSED] - Object: 'Object Repository/Page_Verif_AccordeonInformationsGeneralesDemande_Agent/List_ReaffecterA' is double clicked on

03-01-2024T16:24:59 - [TEST_STEP][PASSED] - PopUpReaffecterBtnConfirmer = findTestObject("Object Repository/Page_Verif_AccordeonInformationsGeneralesDemande_Agent/btn_PopUpReaffecterAnnuler"): Finding Test Object 'Object Repository/Page_Verif_AccordeonInformationsGeneralesDemande_Agent/btn_PopUpReaffecterAnnuler'

03-01-2024T16:24:59 - [MESSAGE][INFO] - Finding Test Object 'Object Repository/Page_Verif_AccordeonInformationsGeneralesDemande_Agent/btn_PopUpReaffecterAnnuler'

03-01-2024T16:24:59 - [TEST_STEP][PASSED] - verifyElementPresent(PopUpReaffecterBtnConfirmer, 1): Object 'Object Repository/Page_Verif_AccordeonInformationsGeneralesDemande_Agent/btn_PopUpReaffecterAnnuler' is present

03-01-2024T16:24:59 - [MESSAGE][INFO] - Checking object

03-01-2024T16:24:59 - [MESSAGE][INFO] - Finding web element from Test Object's properties

03-01-2024T16:24:59 - [MESSAGE][INFO] - Checking timeout

03-01-2024T16:24:59 - [MESSAGE][INFO] - Finding web element with id: 'Object Repository/Page_Verif_AccordeonInformationsGeneralesDemande_Agent/btn_PopUpReaffecterAnnuler' located by 'By.xpath: /html/body/app-root/app-layout/div/div/div/app-navigation-layout/div[2]/app-demande-instruction/div/app-statut-demande/app-reaffectation-demande/lib-generic-modal/p-dialog/div/div[3]/p-footer/button[1]/span' in '1' second(s)

03-01-2024T16:24:59 - [MESSAGE][INFO] - Smart Wait Function is triggered

03-01-2024T16:25:00 - [MESSAGE][INFO] - Found 1 web elements with id: 'Object Repository/Page_Verif_AccordeonInformationsGeneralesDemande_Agent/btn_PopUpReaffecterAnnuler' located by 'By.xpath: /html/body/app-root/app-layout/div/div/div/app-navigation-layout/div[2]/app-demande-instruction/div/app-statut-demande/app-reaffectation-demande/lib-generic-modal/p-dialog/div/div[3]/p-footer/button[1]/span' in '1' second(s)

03-01-2024T16:25:00 - [MESSAGE][PASSED] - Object 'Object Repository/Page_Verif_AccordeonInformationsGeneralesDemande_Agent/btn_PopUpReaffecterAnnuler' is present

03-01-2024T16:25:00 - [TEST_STEP][PASSED] - click(PopUpReaffecterBtnConfirmer): Object: 'Object Repository/Page_Verif_AccordeonInformationsGeneralesDemande_Agent/btn_PopUpReaffecterAnnuler' is clicked on

03-01-2024T16:25:00 - [MESSAGE][INFO] - Checking timeout

03-01-2024T16:25:00 - [MESSAGE][INFO] - Finding web element with id: 'Object Repository/Page_Verif_AccordeonInformationsGeneralesDemande_Agent/btn_PopUpReaffecterAnnuler' located by 'By.xpath: /html/body/app-root/app-layout/div/div/div/app-navigation-layout/div[2]/app-demande-instruction/div/app-statut-demande/app-reaffectation-demande/lib-generic-modal/p-dialog/div/div[3]/p-footer/button[1]/span' in '20' second(s)

03-01-2024T16:25:00 - [MESSAGE][INFO] - Smart Wait Function is triggered

03-01-2024T16:25:00 - [MESSAGE][INFO] - Found 1 web elements with id: 'Object Repository/Page_Verif_AccordeonInformationsGeneralesDemande_Agent/btn_PopUpReaffecterAnnuler' located by 'By.xpath: /html/body/app-root/app-layout/div/div/div/app-navigation-layout/div[2]/app-demande-instruction/div/app-statut-demande/app-reaffectation-demande/lib-generic-modal/p-dialog/div/div[3]/p-footer/button[1]/span' in '20' second(s)

03-01-2024T16:25:00 - [MESSAGE][INFO] - Checking object

03-01-2024T16:25:00 - [MESSAGE][INFO] - Checking timeout

03-01-2024T16:25:00 - [MESSAGE][INFO] - Finding web element from Test Object's properties

03-01-2024T16:25:00 - [MESSAGE][INFO] - Checking timeout

03-01-2024T16:25:00 - [MESSAGE][INFO] - Finding web element with id: 'Object Repository/Page_Verif_AccordeonInformationsGeneralesDemande_Agent/btn_PopUpReaffecterAnnuler' located by 'By.xpath: /html/body/app-root/app-layout/div/div/div/app-navigation-layout/div[2]/app-demande-instruction/div/app-statut-demande/app-reaffectation-demande/lib-generic-modal/p-dialog/div/div[3]/p-footer/button[1]/span' in '5' second(s)

03-01-2024T16:25:00 - [MESSAGE][INFO] - Smart Wait Function is triggered

03-01-2024T16:25:00 - [MESSAGE][INFO] - Found 1 web elements with id: 'Object Repository/Page_Verif_AccordeonInformationsGeneralesDemande_Agent/btn_PopUpReaffecterAnnuler' located by 'By.xpath: /html/body/app-root/app-layout/div/div/div/app-navigation-layout/div[2]/app-demande-instruction/div/app-statut-demande/app-reaffectation-demande/lib-generic-modal/p-dialog/div/div[3]/p-footer/button[1]/span' in '5' second(s)

03-01-2024T16:25:00 - [MESSAGE][INFO] - Clicking on object: 'Object Repository/Page_Verif_AccordeonInformationsGeneralesDemande_Agent/btn_PopUpReaffecterAnnuler'

03-01-2024T16:25:02 - [MESSAGE][PASSED] - Object: 'Object Repository/Page_Verif_AccordeonInformationsGeneralesDemande_Agent/btn_PopUpReaffecterAnnuler' is clicked on

03-01-2024T16:25:02 - [TEST_STEP][PASSED] - LinkAttestationProlongation = findTestObject("Object Repository/Page_Verif_AccordeonInformationsGeneralesDemande_Agent/Link_AttestationProlongation"): Finding Test Object 'Object Repository/Page_Verif_AccordeonInformationsGeneralesDemande_Agent/Link_AttestationProlongation'

03-01-2024T16:25:02 - [MESSAGE][INFO] - Finding Test Object 'Object Repository/Page_Verif_AccordeonInformationsGeneralesDemande_Agent/Link_AttestationProlongation'

03-01-2024T16:25:02 - [TEST_STEP][PASSED] - verifyElementPresent(LinkAttestationProlongation, 1): Object 'Object Repository/Page_Verif_AccordeonInformationsGeneralesDemande_Agent/Link_AttestationProlongation' is present

03-01-2024T16:25:02 - [MESSAGE][INFO] - Checking object

03-01-2024T16:25:02 - [MESSAGE][INFO] - Finding web element from Test Object's properties

03-01-2024T16:25:02 - [MESSAGE][INFO] - Checking timeout

03-01-2024T16:25:02 - [MESSAGE][INFO] - Finding web element with id: 'Object Repository/Page_Verif_AccordeonInformationsGeneralesDemande_Agent/Link_AttestationProlongation' located by 'By.xpath: //*[@id="content"]/app-demande-instruction/div/app-statut-demandeur/div/div/div[3]/div[3]/div/button/span' in '1' second(s)

03-01-2024T16:25:02 - [MESSAGE][INFO] - Smart Wait Function is triggered

03-01-2024T16:25:02 - [MESSAGE][INFO] - Found 1 web elements with id: 'Object Repository/Page_Verif_AccordeonInformationsGeneralesDemande_Agent/Link_AttestationProlongation' located by 'By.xpath: //*[@id="content"]/app-demande-instruction/div/app-statut-demandeur/div/div/div[3]/div[3]/div/button/span' in '1' second(s)

03-01-2024T16:25:02 - [MESSAGE][PASSED] - Object 'Object Repository/Page_Verif_AccordeonInformationsGeneralesDemande_Agent/Link_AttestationProlongation' is present

03-01-2024T16:25:02 - [TEST_STEP][PASSED] - click(LinkAttestationProlongation): Object: 'Object Repository/Page_Verif_AccordeonInformationsGeneralesDemande_Agent/Link_AttestationProlongation' is clicked on

03-01-2024T16:25:02 - [MESSAGE][INFO] - Checking timeout

03-01-2024T16:25:02 - [MESSAGE][INFO] - Finding web element with id: 'Object Repository/Page_Verif_AccordeonInformationsGeneralesDemande_Agent/Link_AttestationProlongation' located by 'By.xpath: //*[@id="content"]/app-demande-instruction/div/app-statut-demandeur/div/div/div[3]/div[3]/div/button/span' in '20' second(s)

03-01-2024T16:25:02 - [MESSAGE][INFO] - Smart Wait Function is triggered

03-01-2024T16:25:02 - [MESSAGE][INFO] - Found 1 web elements with id: 'Object Repository/Page_Verif_AccordeonInformationsGeneralesDemande_Agent/Link_AttestationProlongation' located by 'By.xpath: //*[@id="content"]/app-demande-instruction/div/app-statut-demandeur/div/div/div[3]/div[3]/div/button/span' in '20' second(s)

03-01-2024T16:25:02 - [MESSAGE][INFO] - Checking object

03-01-2024T16:25:02 - [MESSAGE][INFO] - Checking timeout

03-01-2024T16:25:02 - [MESSAGE][INFO] - Finding web element from Test Object's properties

03-01-2024T16:25:02 - [MESSAGE][INFO] - Checking timeout

03-01-2024T16:25:02 - [MESSAGE][INFO] - Finding web element with id: 'Object Repository/Page_Verif_AccordeonInformationsGeneralesDemande_Agent/Link_AttestationProlongation' located by 'By.xpath: //*[@id="content"]/app-demande-instruction/div/app-statut-demandeur/div/div/div[3]/div[3]/div/button/span' in '5' second(s)

03-01-2024T16:25:02 - [MESSAGE][INFO] - Smart Wait Function is triggered

03-01-2024T16:25:02 - [MESSAGE][INFO] - Found 1 web elements with id: 'Object Repository/Page_Verif_AccordeonInformationsGeneralesDemande_Agent/Link_AttestationProlongation' located by 'By.xpath: //*[@id="content"]/app-demande-instruction/div/app-statut-demandeur/div/div/div[3]/div[3]/div/button/span' in '5' second(s)

03-01-2024T16:25:02 - [MESSAGE][INFO] - Clicking on object: 'Object Repository/Page_Verif_AccordeonInformationsGeneralesDemande_Agent/Link_AttestationProlongation'

03-01-2024T16:25:04 - [MESSAGE][PASSED] - Object: 'Object Repository/Page_Verif_AccordeonInformationsGeneralesDemande_Agent/Link_AttestationProlongation' is clicked on

03-01-2024T16:25:04 - [TEST_STEP][PASSED] - PopUpAttestationProlongation = findTestObject("Object Repository/Page_Verif_AccordeonInformationsGeneralesDemande_Agent/PopUp_AttestationProlongation"): Finding Test Object 'Object Repository/Page_Verif_AccordeonInformationsGeneralesDemande_Agent/PopUp_AttestationProlongation'

03-01-2024T16:25:04 - [MESSAGE][INFO] - Finding Test Object 'Object Repository/Page_Verif_AccordeonInformationsGeneralesDemande_Agent/PopUp_AttestationProlongation'

03-01-2024T16:25:04 - [TEST_STEP][PASSED] - verifyElementPresent(PopUpAttestationProlongation, 1): Object 'Object Repository/Page_Verif_AccordeonInformationsGeneralesDemande_Agent/PopUp_AttestationProlongation' is present

03-01-2024T16:25:04 - [MESSAGE][INFO] - Checking object

03-01-2024T16:25:04 - [MESSAGE][INFO] - Finding web element from Test Object's properties

03-01-2024T16:25:04 - [MESSAGE][INFO] - Checking timeout

03-01-2024T16:25:04 - [MESSAGE][INFO] - Finding web element with id: 'Object Repository/Page_Verif_AccordeonInformationsGeneralesDemande_Agent/PopUp_AttestationProlongation' located by 'By.xpath: /html/body/app-root/app-layout/div/div/div/app-navigation-layout/div[2]/app-demande-instruction/div/app-statut-demandeur/div/div/div[3]/p-dialog/div/div[1]/span/p-header' in '1' second(s)

03-01-2024T16:25:04 - [MESSAGE][INFO] - Smart Wait Function is triggered

03-01-2024T16:25:04 - [MESSAGE][INFO] - Found 1 web elements with id: 'Object Repository/Page_Verif_AccordeonInformationsGeneralesDemande_Agent/PopUp_AttestationProlongation' located by 'By.xpath: /html/body/app-root/app-layout/div/div/div/app-navigation-layout/div[2]/app-demande-instruction/div/app-statut-demandeur/div/div/div[3]/p-dialog/div/div[1]/span/p-header' in '1' second(s)

03-01-2024T16:25:04 - [MESSAGE][PASSED] - Object 'Object Repository/Page_Verif_AccordeonInformationsGeneralesDemande_Agent/PopUp_AttestationProlongation' is present

03-01-2024T16:25:04 - [TEST_STEP][PASSED] - TitrePopUpAttestationProlongation = getText(PopUpAttestationProlongation): Text of object 'Object Repository/Page_Verif_AccordeonInformationsGeneralesDemande_Agent/PopUp_AttestationProlongation' is: 'PRODUIRE UNE ATTESTATION DE PROLONGATION'

03-01-2024T16:25:04 - [MESSAGE][INFO] - Checking object

03-01-2024T16:25:04 - [MESSAGE][INFO] - Finding web element from Test Object's properties

03-01-2024T16:25:04 - [MESSAGE][INFO] - Checking timeout

03-01-2024T16:25:04 - [MESSAGE][INFO] - Finding web element with id: 'Object Repository/Page_Verif_AccordeonInformationsGeneralesDemande_Agent/PopUp_AttestationProlongation' located by 'By.xpath: /html/body/app-root/app-layout/div/div/div/app-navigation-layout/div[2]/app-demande-instruction/div/app-statut-demandeur/div/div/div[3]/p-dialog/div/div[1]/span/p-header' in '5' second(s)

03-01-2024T16:25:04 - [MESSAGE][INFO] - Smart Wait Function is triggered

03-01-2024T16:25:04 - [MESSAGE][INFO] - Found 1 web elements with id: 'Object Repository/Page_Verif_AccordeonInformationsGeneralesDemande_Agent/PopUp_AttestationProlongation' located by 'By.xpath: /html/body/app-root/app-layout/div/div/div/app-navigation-layout/div[2]/app-demande-instruction/div/app-statut-demandeur/div/div/div[3]/p-dialog/div/div[1]/span/p-header' in '5' second(s)

03-01-2024T16:25:04 - [MESSAGE][INFO] - Getting text of object 'Object Repository/Page_Verif_AccordeonInformationsGeneralesDemande_Agent/PopUp_AttestationProlongation'

03-01-2024T16:25:04 - [MESSAGE][PASSED] - Text of object 'Object Repository/Page_Verif_AccordeonInformationsGeneralesDemande_Agent/PopUp_AttestationProlongation' is: 'PRODUIRE UNE ATTESTATION DE PROLONGATION'

03-01-2024T16:25:04 - [TEST_STEP][PASSED] - if (!(TitrePopUpAttestationProlongation.contains("PRODUIRE UNE ATTESTATION DE PROLONGATION"))): null

03-01-2024T16:25:04 - [TEST_STEP][PASSED] - else: Le Titre de PopUp est bien Affiché : PRODUIRE UNE ATTESTATION DE PROLONGATION.

03-01-2024T16:25:04 - [TEST_STEP][PASSED] - markPassed("Le Titre de PopUp est bien Affiché : PRODUIRE UNE ATTESTATION DE PROLONGATION."): Le Titre de PopUp est bien Affiché : PRODUIRE UNE ATTESTATION DE PROLONGATION.

03-01-2024T16:25:04 - [MESSAGE][PASSED] - Le Titre de PopUp est bien Affiché : PRODUIRE UNE ATTESTATION DE PROLONGATION.

03-01-2024T16:25:04 - [TEST_STEP][PASSED] - MotifProlongation = findTestObject("Object Repository/Page_Verif_AccordeonInformationsGeneralesDemande_Agent/List_MotifProlongation"): Finding Test Object 'Object Repository/Page_Verif_AccordeonInformationsGeneralesDemande_Agent/List_MotifProlongation'

03-01-2024T16:25:04 - [MESSAGE][INFO] - Finding Test Object 'Object Repository/Page_Verif_AccordeonInformationsGeneralesDemande_Agent/List_MotifProlongation'

03-01-2024T16:25:04 - [TEST_STEP][PASSED] - verifyElementPresent(MotifProlongation, 1): Object 'Object Repository/Page_Verif_AccordeonInformationsGeneralesDemande_Agent/List_MotifProlongation' is present

03-01-2024T16:25:04 - [MESSAGE][INFO] - Checking object

03-01-2024T16:25:04 - [MESSAGE][INFO] - Finding web element from Test Object's properties

03-01-2024T16:25:04 - [MESSAGE][INFO] - Checking timeout

03-01-2024T16:25:04 - [MESSAGE][INFO] - Finding web element with id: 'Object Repository/Page_Verif_AccordeonInformationsGeneralesDemande_Agent/List_MotifProlongation' located by 'By.xpath: //*[@id="motif_prolongation"]/div/div[3]/label' in '1' second(s)

03-01-2024T16:25:04 - [MESSAGE][INFO] - Smart Wait Function is triggered

03-01-2024T16:25:04 - [MESSAGE][INFO] - Found 1 web elements with id: 'Object Repository/Page_Verif_AccordeonInformationsGeneralesDemande_Agent/List_MotifProlongation' located by 'By.xpath: //*[@id="motif_prolongation"]/div/div[3]/label' in '1' second(s)

03-01-2024T16:25:04 - [MESSAGE][PASSED] - Object 'Object Repository/Page_Verif_AccordeonInformationsGeneralesDemande_Agent/List_MotifProlongation' is present

03-01-2024T16:25:04 - [TEST_STEP][PASSED] - doubleClick(MotifProlongation): Object: 'Object Repository/Page_Verif_AccordeonInformationsGeneralesDemande_Agent/List_MotifProlongation' is double clicked on

03-01-2024T16:25:04 - [MESSAGE][INFO] - Checking object

03-01-2024T16:25:04 - [MESSAGE][INFO] - Finding web element from Test Object's properties

03-01-2024T16:25:04 - [MESSAGE][INFO] - Checking timeout

03-01-2024T16:25:04 - [MESSAGE][INFO] - Finding web element with id: 'Object Repository/Page_Verif_AccordeonInformationsGeneralesDemande_Agent/List_MotifProlongation' located by 'By.xpath: //*[@id="motif_prolongation"]/div/div[3]/label' in '5' second(s)

03-01-2024T16:25:04 - [MESSAGE][INFO] - Smart Wait Function is triggered

03-01-2024T16:25:04 - [MESSAGE][INFO] - Found 1 web elements with id: 'Object Repository/Page_Verif_AccordeonInformationsGeneralesDemande_Agent/List_MotifProlongation' located by 'By.xpath: //*[@id="motif_prolongation"]/div/div[3]/label' in '5' second(s)

03-01-2024T16:25:04 - [MESSAGE][INFO] - Double clicking on object: 'Object Repository/Page_Verif_AccordeonInformationsGeneralesDemande_Agent/List_MotifProlongation'

03-01-2024T16:25:05 - [MESSAGE][PASSED] - Object: 'Object Repository/Page_Verif_AccordeonInformationsGeneralesDemande_Agent/List_MotifProlongation' is double clicked on

03-01-2024T16:25:05 - [TEST_STEP][PASSED] - PopUpAttestationProlongationBtnAnnuler = findTestObject("Object Repository/Page_Verif_AccordeonInformationsGeneralesDemande_Agent/btn_PopUpAttestationProlongationAnnuler"): Finding Test Object 'Object Repository/Page_Verif_AccordeonInformationsGeneralesDemande_Agent/btn_PopUpAttestationProlongationAnnuler'

03-01-2024T16:25:05 - [MESSAGE][INFO] - Finding Test Object 'Object Repository/Page_Verif_AccordeonInformationsGeneralesDemande_Agent/btn_PopUpAttestationProlongationAnnuler'

03-01-2024T16:25:05 - [TEST_STEP][PASSED] - verifyElementPresent(PopUpAttestationProlongationBtnAnnuler, 1): Object 'Object Repository/Page_Verif_AccordeonInformationsGeneralesDemande_Agent/btn_PopUpAttestationProlongationAnnuler' is present

03-01-2024T16:25:05 - [MESSAGE][INFO] - Checking object

03-01-2024T16:25:05 - [MESSAGE][INFO] - Finding web element from Test Object's properties

03-01-2024T16:25:05 - [MESSAGE][INFO] - Checking timeout

03-01-2024T16:25:05 - [MESSAGE][INFO] - Finding web element with id: 'Object Repository/Page_Verif_AccordeonInformationsGeneralesDemande_Agent/btn_PopUpAttestationProlongationAnnuler' located by 'By.xpath: //*[@id="content"]/app-demande-instruction/div/app-statut-demandeur/div/div/div[3]/p-dialog/div/div[3]/p-footer/button[1]/span' in '1' second(s)

03-01-2024T16:25:05 - [MESSAGE][INFO] - Smart Wait Function is triggered

03-01-2024T16:25:05 - [MESSAGE][INFO] - Found 1 web elements with id: 'Object Repository/Page_Verif_AccordeonInformationsGeneralesDemande_Agent/btn_PopUpAttestationProlongationAnnuler' located by 'By.xpath: //*[@id="content"]/app-demande-instruction/div/app-statut-demandeur/div/div/div[3]/p-dialog/div/div[3]/p-footer/button[1]/span' in '1' second(s)

03-01-2024T16:25:05 - [MESSAGE][PASSED] - Object 'Object Repository/Page_Verif_AccordeonInformationsGeneralesDemande_Agent/btn_PopUpAttestationProlongationAnnuler' is present

03-01-2024T16:25:05 - [TEST_STEP][PASSED] - click(PopUpAttestationProlongationBtnAnnuler): Object: 'Object Repository/Page_Verif_AccordeonInformationsGeneralesDemande_Agent/btn_PopUpAttestationProlongationAnnuler' is clicked on

03-01-2024T16:25:05 - [MESSAGE][INFO] - Checking timeout

03-01-2024T16:25:05 - [MESSAGE][INFO] - Finding web element with id: 'Object Repository/Page_Verif_AccordeonInformationsGeneralesDemande_Agent/btn_PopUpAttestationProlongationAnnuler' located by 'By.xpath: //*[@id="content"]/app-demande-instruction/div/app-statut-demandeur/div/div/div[3]/p-dialog/div/div[3]/p-footer/button[1]/span' in '20' second(s)

03-01-2024T16:25:05 - [MESSAGE][INFO] - Smart Wait Function is triggered

03-01-2024T16:25:05 - [MESSAGE][INFO] - Found 1 web elements with id: 'Object Repository/Page_Verif_AccordeonInformationsGeneralesDemande_Agent/btn_PopUpAttestationProlongationAnnuler' located by 'By.xpath: //*[@id="content"]/app-demande-instruction/div/app-statut-demandeur/div/div/div[3]/p-dialog/div/div[3]/p-footer/button[1]/span' in '20' second(s)

03-01-2024T16:25:05 - [MESSAGE][INFO] - Checking object

03-01-2024T16:25:05 - [MESSAGE][INFO] - Checking timeout

03-01-2024T16:25:05 - [MESSAGE][INFO] - Finding web element from Test Object's properties

03-01-2024T16:25:05 - [MESSAGE][INFO] - Checking timeout

03-01-2024T16:25:05 - [MESSAGE][INFO] - Finding web element with id: 'Object Repository/Page_Verif_AccordeonInformationsGeneralesDemande_Agent/btn_PopUpAttestationProlongationAnnuler' located by 'By.xpath: //*[@id="content"]/app-demande-instruction/div/app-statut-demandeur/div/div/div[3]/p-dialog/div/div[3]/p-footer/button[1]/span' in '5' second(s)

03-01-2024T16:25:05 - [MESSAGE][INFO] - Smart Wait Function is triggered

03-01-2024T16:25:05 - [MESSAGE][INFO] - Found 1 web elements with id: 'Object Repository/Page_Verif_AccordeonInformationsGeneralesDemande_Agent/btn_PopUpAttestationProlongationAnnuler' located by 'By.xpath: //*[@id="content"]/app-demande-instruction/div/app-statut-demandeur/div/div/div[3]/p-dialog/div/div[3]/p-footer/button[1]/span' in '5' second(s)

03-01-2024T16:25:05 - [MESSAGE][INFO] - Clicking on object: 'Object Repository/Page_Verif_AccordeonInformationsGeneralesDemande_Agent/btn_PopUpAttestationProlongationAnnuler'

03-01-2024T16:25:07 - [MESSAGE][PASSED] - Object: 'Object Repository/Page_Verif_AccordeonInformationsGeneralesDemande_Agent/btn_PopUpAttestationProlongationAnnuler' is clicked on

03-01-2024T16:25:07 - [TEST_STEP][PASSED] - Btn_EnregistrerQuitter = findTestObject("Object Repository/Page_Verif_AccordeonInformationsGeneralesDemande_Agent/btn_EnregistrerQuitter"): Finding Test Object 'Object Repository/Page_Verif_AccordeonInformationsGeneralesDemande_Agent/btn_EnregistrerQuitter'

03-01-2024T16:25:07 - [MESSAGE][INFO] - Finding Test Object 'Object Repository/Page_Verif_AccordeonInformationsGeneralesDemande_Agent/btn_EnregistrerQuitter'

03-01-2024T16:25:07 - [TEST_STEP][PASSED] - verifyElementPresent(Btn_EnregistrerQuitter, 1): Object 'Object Repository/Page_Verif_AccordeonInformationsGeneralesDemande_Agent/btn_EnregistrerQuitter' is present

03-01-2024T16:25:07 - [MESSAGE][INFO] - Checking object

03-01-2024T16:25:07 - [MESSAGE][INFO] - Finding web element from Test Object's properties

03-01-2024T16:25:07 - [MESSAGE][INFO] - Checking timeout

03-01-2024T16:25:07 - [MESSAGE][INFO] - Finding web element with id: 'Object Repository/Page_Verif_AccordeonInformationsGeneralesDemande_Agent/btn_EnregistrerQuitter' located by 'By.xpath: //*[@id="content"]/app-demande-instruction/div/div[2]/div[1]/div/button/span' in '1' second(s)

03-01-2024T16:25:07 - [MESSAGE][INFO] - Smart Wait Function is triggered

03-01-2024T16:25:07 - [MESSAGE][INFO] - Found 1 web elements with id: 'Object Repository/Page_Verif_AccordeonInformationsGeneralesDemande_Agent/btn_EnregistrerQuitter' located by 'By.xpath: //*[@id="content"]/app-demande-instruction/div/div[2]/div[1]/div/button/span' in '1' second(s)

03-01-2024T16:25:07 - [MESSAGE][PASSED] - Object 'Object Repository/Page_Verif_AccordeonInformationsGeneralesDemande_Agent/btn_EnregistrerQuitter' is present

03-01-2024T16:25:07 - [TEST_STEP][PASSED] - verifyElementClickable(Btn_EnregistrerQuitter): Object 'Object Repository/Page_Verif_AccordeonInformationsGeneralesDemande_Agent/btn_EnregistrerQuitter' is clickable

03-01-2024T16:25:07 - [MESSAGE][INFO] - Checking object

03-01-2024T16:25:07 - [MESSAGE][INFO] - Finding web element from Test Object's properties

03-01-2024T16:25:07 - [MESSAGE][INFO] - Checking timeout

03-01-2024T16:25:07 - [MESSAGE][INFO] - Finding web element with id: 'Object Repository/Page_Verif_AccordeonInformationsGeneralesDemande_Agent/btn_EnregistrerQuitter' located by 'By.xpath: //*[@id="content"]/app-demande-instruction/div/div[2]/div[1]/div/button/span' in '5' second(s)

03-01-2024T16:25:07 - [MESSAGE][INFO] - Smart Wait Function is triggered

03-01-2024T16:25:07 - [MESSAGE][INFO] - Found 1 web elements with id: 'Object Repository/Page_Verif_AccordeonInformationsGeneralesDemande_Agent/btn_EnregistrerQuitter' located by 'By.xpath: //*[@id="content"]/app-demande-instruction/div/div[2]/div[1]/div/button/span' in '5' second(s)

03-01-2024T16:25:07 - [MESSAGE][PASSED] - Object 'Object Repository/Page_Verif_AccordeonInformationsGeneralesDemande_Agent/btn_EnregistrerQuitter' is clickable

03-01-2024T16:25:07 - [TEST_STEP][PASSED] - Btn_SuspendreInstruction = findTestObject("Object Repository/Page_Verif_AccordeonInformationsGeneralesDemande_Agent/btn_SuspendreInstruction"): Finding Test Object 'Object Repository/Page_Verif_AccordeonInformationsGeneralesDemande_Agent/btn_SuspendreInstruction'

03-01-2024T16:25:07 - [MESSAGE][INFO] - Finding Test Object 'Object Repository/Page_Verif_AccordeonInformationsGeneralesDemande_Agent/btn_SuspendreInstruction'

03-01-2024T16:25:07 - [TEST_STEP][PASSED] - verifyElementPresent(Btn_SuspendreInstruction, 1): Object 'Object Repository/Page_Verif_AccordeonInformationsGeneralesDemande_Agent/btn_SuspendreInstruction' is present

03-01-2024T16:25:07 - [MESSAGE][INFO] - Checking object

03-01-2024T16:25:07 - [MESSAGE][INFO] - Finding web element from Test Object's properties

03-01-2024T16:25:07 - [MESSAGE][INFO] - Checking timeout

03-01-2024T16:25:07 - [MESSAGE][INFO] - Finding web element with id: 'Object Repository/Page_Verif_AccordeonInformationsGeneralesDemande_Agent/btn_SuspendreInstruction' located by 'By.xpath: //*[@id="content"]/app-demande-instruction/div/div[2]/div[2]/div/button[1]/span' in '1' second(s)

03-01-2024T16:25:07 - [MESSAGE][INFO] - Smart Wait Function is triggered

03-01-2024T16:25:07 - [MESSAGE][INFO] - Found 1 web elements with id: 'Object Repository/Page_Verif_AccordeonInformationsGeneralesDemande_Agent/btn_SuspendreInstruction' located by 'By.xpath: //*[@id="content"]/app-demande-instruction/div/div[2]/div[2]/div/button[1]/span' in '1' second(s)

03-01-2024T16:25:07 - [MESSAGE][PASSED] - Object 'Object Repository/Page_Verif_AccordeonInformationsGeneralesDemande_Agent/btn_SuspendreInstruction' is present

03-01-2024T16:25:07 - [TEST_STEP][PASSED] - verifyElementClickable(Btn_SuspendreInstruction): Object 'Object Repository/Page_Verif_AccordeonInformationsGeneralesDemande_Agent/btn_SuspendreInstruction' is clickable

03-01-2024T16:25:07 - [MESSAGE][INFO] - Checking object

03-01-2024T16:25:07 - [MESSAGE][INFO] - Finding web element from Test Object's properties

03-01-2024T16:25:07 - [MESSAGE][INFO] - Checking timeout

03-01-2024T16:25:07 - [MESSAGE][INFO] - Finding web element with id: 'Object Repository/Page_Verif_AccordeonInformationsGeneralesDemande_Agent/btn_SuspendreInstruction' located by 'By.xpath: //*[@id="content"]/app-demande-instruction/div/div[2]/div[2]/div/button[1]/span' in '5' second(s)

03-01-2024T16:25:07 - [MESSAGE][INFO] - Smart Wait Function is triggered

03-01-2024T16:25:07 - [MESSAGE][INFO] - Found 1 web elements with id: 'Object Repository/Page_Verif_AccordeonInformationsGeneralesDemande_Agent/btn_SuspendreInstruction' located by 'By.xpath: //*[@id="content"]/app-demande-instruction/div/div[2]/div[2]/div/button[1]/span' in '5' second(s)

03-01-2024T16:25:07 - [MESSAGE][PASSED] - Object 'Object Repository/Page_Verif_AccordeonInformationsGeneralesDemande_Agent/btn_SuspendreInstruction' is clickable

03-01-2024T16:25:07 - [TEST_STEP][PASSED] - Btn_ClôturerLaDemande = findTestObject("Object Repository/Page_Verif_AccordeonInformationsGeneralesDemande_Agent/btn_CloturerLaDemande"): Finding Test Object 'Object Repository/Page_Verif_AccordeonInformationsGeneralesDemande_Agent/btn_CloturerLaDemande'

03-01-2024T16:25:07 - [MESSAGE][INFO] - Finding Test Object 'Object Repository/Page_Verif_AccordeonInformationsGeneralesDemande_Agent/btn_CloturerLaDemande'

03-01-2024T16:25:07 - [TEST_STEP][PASSED] - verifyElementPresent(Btn_ClôturerLaDemande, 1): Object 'Object Repository/Page_Verif_AccordeonInformationsGeneralesDemande_Agent/btn_CloturerLaDemande' is present

03-01-2024T16:25:07 - [MESSAGE][INFO] - Checking object

03-01-2024T16:25:07 - [MESSAGE][INFO] - Finding web element from Test Object's properties

03-01-2024T16:25:07 - [MESSAGE][INFO] - Checking timeout

03-01-2024T16:25:07 - [MESSAGE][INFO] - Finding web element with id: 'Object Repository/Page_Verif_AccordeonInformationsGeneralesDemande_Agent/btn_CloturerLaDemande' located by 'By.xpath: //*[@id="content"]/app-demande-instruction/div/div[2]/div[2]/div/button[2]/span' in '1' second(s)

03-01-2024T16:25:07 - [MESSAGE][INFO] - Smart Wait Function is triggered

03-01-2024T16:25:07 - [MESSAGE][INFO] - Found 1 web elements with id: 'Object Repository/Page_Verif_AccordeonInformationsGeneralesDemande_Agent/btn_CloturerLaDemande' located by 'By.xpath: //*[@id="content"]/app-demande-instruction/div/div[2]/div[2]/div/button[2]/span' in '1' second(s)

03-01-2024T16:25:07 - [MESSAGE][PASSED] - Object 'Object Repository/Page_Verif_AccordeonInformationsGeneralesDemande_Agent/btn_CloturerLaDemande' is present

03-01-2024T16:25:07 - [TEST_STEP][PASSED] - verifyElementClickable(Btn_ClôturerLaDemande): Object 'Object Repository/Page_Verif_AccordeonInformationsGeneralesDemande_Agent/btn_CloturerLaDemande' is clickable

03-01-2024T16:25:07 - [MESSAGE][INFO] - Checking object

03-01-2024T16:25:07 - [MESSAGE][INFO] - Finding web element from Test Object's properties

03-01-2024T16:25:07 - [MESSAGE][INFO] - Checking timeout

03-01-2024T16:25:07 - [MESSAGE][INFO] - Finding web element with id: 'Object Repository/Page_Verif_AccordeonInformationsGeneralesDemande_Agent/btn_CloturerLaDemande' located by 'By.xpath: //*[@id="content"]/app-demande-instruction/div/div[2]/div[2]/div/button[2]/span' in '5' second(s)

03-01-2024T16:25:07 - [MESSAGE][INFO] - Smart Wait Function is triggered

03-01-2024T16:25:07 - [MESSAGE][INFO] - Found 1 web elements with id: 'Object Repository/Page_Verif_AccordeonInformationsGeneralesDemande_Agent/btn_CloturerLaDemande' located by 'By.xpath: //*[@id="content"]/app-demande-instruction/div/div[2]/div[2]/div/button[2]/span' in '5' second(s)

03-01-2024T16:25:07 - [MESSAGE][PASSED] - Object 'Object Repository/Page_Verif_AccordeonInformationsGeneralesDemande_Agent/btn_CloturerLaDemande' is clickable

03-01-2024T16:25:07 - [TEST_STEP][PASSED] - Btn_ValiderAdresseRapatrierLeDossier = findTestObject("Object Repository/Page_Verif_AccordeonInformationsGeneralesDemande_Agent/btn_ValiderAdresseRapatrierLeDossier"): Finding Test Object 'Object Repository/Page_Verif_AccordeonInformationsGeneralesDemande_Agent/btn_ValiderAdresseRapatrierLeDossier'

03-01-2024T16:25:07 - [MESSAGE][INFO] - Finding Test Object 'Object Repository/Page_Verif_AccordeonInformationsGeneralesDemande_Agent/btn_ValiderAdresseRapatrierLeDossier'

03-01-2024T16:25:08 - [TEST_STEP][PASSED] - verifyElementPresent(Btn_ValiderAdresseRapatrierLeDossier, 1): Object 'Object Repository/Page_Verif_AccordeonInformationsGeneralesDemande_Agent/btn_ValiderAdresseRapatrierLeDossier' is present

03-01-2024T16:25:08 - [MESSAGE][INFO] - Checking object

03-01-2024T16:25:08 - [MESSAGE][INFO] - Finding web element from Test Object's properties

03-01-2024T16:25:08 - [MESSAGE][INFO] - Checking timeout

03-01-2024T16:25:08 - [MESSAGE][INFO] - Finding web element with id: 'Object Repository/Page_Verif_AccordeonInformationsGeneralesDemande_Agent/btn_ValiderAdresseRapatrierLeDossier' located by 'By.xpath: //*[@id="content"]/app-demande-instruction/div/div[2]/div[2]/div/button[3]/span' in '1' second(s)

03-01-2024T16:25:08 - [MESSAGE][INFO] - Smart Wait Function is triggered

03-01-2024T16:25:08 - [MESSAGE][INFO] - Found 1 web elements with id: 'Object Repository/Page_Verif_AccordeonInformationsGeneralesDemande_Agent/btn_ValiderAdresseRapatrierLeDossier' located by 'By.xpath: //*[@id="content"]/app-demande-instruction/div/div[2]/div[2]/div/button[3]/span' in '1' second(s)

03-01-2024T16:25:08 - [MESSAGE][PASSED] - Object 'Object Repository/Page_Verif_AccordeonInformationsGeneralesDemande_Agent/btn_ValiderAdresseRapatrierLeDossier' is present

03-01-2024T16:25:08 - [TEST_STEP][PASSED] - verifyElementClickable(Btn_ValiderAdresseRapatrierLeDossier): Object 'Object Repository/Page_Verif_AccordeonInformationsGeneralesDemande_Agent/btn_ValiderAdresseRapatrierLeDossier' is clickable

03-01-2024T16:25:08 - [MESSAGE][INFO] - Checking object

03-01-2024T16:25:08 - [MESSAGE][INFO] - Finding web element from Test Object's properties

03-01-2024T16:25:08 - [MESSAGE][INFO] - Checking timeout

03-01-2024T16:25:08 - [MESSAGE][INFO] - Finding web element with id: 'Object Repository/Page_Verif_AccordeonInformationsGeneralesDemande_Agent/btn_ValiderAdresseRapatrierLeDossier' located by 'By.xpath: //*[@id="content"]/app-demande-instruction/div/div[2]/div[2]/div/button[3]/span' in '5' second(s)

03-01-2024T16:25:08 - [MESSAGE][INFO] - Smart Wait Function is triggered

03-01-2024T16:25:08 - [MESSAGE][INFO] - Found 1 web elements with id: 'Object Repository/Page_Verif_AccordeonInformationsGeneralesDemande_Agent/btn_ValiderAdresseRapatrierLeDossier' located by 'By.xpath: //*[@id="content"]/app-demande-instruction/div/div[2]/div[2]/div/button[3]/span' in '5' second(s)

03-01-2024T16:25:08 - [MESSAGE][PASSED] - Object 'Object Repository/Page_Verif_AccordeonInformationsGeneralesDemande_Agent/btn_ValiderAdresseRapatrierLeDossier' is clickable

03-01-2024T16:25:08 - [TEST_STEP][PASSED] - link_RetourAToutesLesDemandes = findTestObject("Object Repository/Page_Verif_AccordeonInformationsGeneralesDemande_Agent/btn_RetourAToutesLesDemandes"): Finding Test Object 'Object Repository/Page_Verif_AccordeonInformationsGeneralesDemande_Agent/btn_RetourAToutesLesDemandes'

03-01-2024T16:25:08 - [MESSAGE][INFO] - Finding Test Object 'Object Repository/Page_Verif_AccordeonInformationsGeneralesDemande_Agent/btn_RetourAToutesLesDemandes'

03-01-2024T16:25:08 - [TEST_STEP][PASSED] - verifyElementPresent(link_RetourAToutesLesDemandes, 1): Object 'Object Repository/Page_Verif_AccordeonInformationsGeneralesDemande_Agent/btn_RetourAToutesLesDemandes' is present

03-01-2024T16:25:08 - [MESSAGE][INFO] - Checking object

03-01-2024T16:25:08 - [MESSAGE][INFO] - Finding web element from Test Object's properties

03-01-2024T16:25:08 - [MESSAGE][INFO] - Checking timeout

03-01-2024T16:25:08 - [MESSAGE][INFO] - Finding web element with id: 'Object Repository/Page_Verif_AccordeonInformationsGeneralesDemande_Agent/btn_RetourAToutesLesDemandes' located by 'By.xpath: //*[@id="content"]/app-demande-instruction/div/div[2]/div[3]/a' in '1' second(s)

03-01-2024T16:25:08 - [MESSAGE][INFO] - Smart Wait Function is triggered

03-01-2024T16:25:08 - [MESSAGE][INFO] - Found 1 web elements with id: 'Object Repository/Page_Verif_AccordeonInformationsGeneralesDemande_Agent/btn_RetourAToutesLesDemandes' located by 'By.xpath: //*[@id="content"]/app-demande-instruction/div/div[2]/div[3]/a' in '1' second(s)

03-01-2024T16:25:08 - [MESSAGE][PASSED] - Object 'Object Repository/Page_Verif_AccordeonInformationsGeneralesDemande_Agent/btn_RetourAToutesLesDemandes' is present

03-01-2024T16:25:08 - [TEST_STEP][PASSED] - verifyElementClickable(link_RetourAToutesLesDemandes): Object 'Object Repository/Page_Verif_AccordeonInformationsGeneralesDemande_Agent/btn_RetourAToutesLesDemandes' is clickable

03-01-2024T16:25:08 - [MESSAGE][INFO] - Checking object

03-01-2024T16:25:08 - [MESSAGE][INFO] - Finding web element from Test Object's properties

03-01-2024T16:25:08 - [MESSAGE][INFO] - Checking timeout

03-01-2024T16:25:08 - [MESSAGE][INFO] - Finding web element with id: 'Object Repository/Page_Verif_AccordeonInformationsGeneralesDemande_Agent/btn_RetourAToutesLesDemandes' located by 'By.xpath: //*[@id="content"]/app-demande-instruction/div/div[2]/div[3]/a' in '5' second(s)

03-01-2024T16:25:08 - [MESSAGE][INFO] - Smart Wait Function is triggered

03-01-2024T16:25:08 - [MESSAGE][INFO] - Found 1 web elements with id: 'Object Repository/Page_Verif_AccordeonInformationsGeneralesDemande_Agent/btn_RetourAToutesLesDemandes' located by 'By.xpath: //*[@id="content"]/app-demande-instruction/div/div[2]/div[3]/a' in '5' second(s)

03-01-2024T16:25:08 - [MESSAGE][PASSED] - Object 'Object Repository/Page_Verif_AccordeonInformationsGeneralesDemande_Agent/btn_RetourAToutesLesDemandes' is clickable

03-01-2024T16:25:08 - [MESSAGE][PASSED] - Call Test Case 'Test Cases/Test Reutilisable/AgentTraitementDemande/Verif_AccordeonInformationsGeneralesDemande' successfully

03-01-2024T16:25:08 - [TEST_STEP][PASSED] - callTestCase(findTestCase("Test Cases/Test Reutilisable/AgentTraitementDemande/Verif_AccordeonObservationDuDemandeur"), [:], STOP_ON_FAILURE): Call Test Case 'Test Cases/Test Reutilisable/AgentTraitementDemande/Verif_AccordeonObservationDuDemandeur' successfully

03-01-2024T16:25:08 - [MESSAGE][INFO] - Checking called Test Case

03-01-2024T16:25:08 - [MESSAGE][INFO] - Starting to call Test Case 'Test Cases/Test Reutilisable/AgentTraitementDemande/Verif_AccordeonObservationDuDemandeur'

03-01-2024T16:25:08 - [TEST_CASE][PASSED] - Test Cases/Test Reutilisable/AgentTraitementDemande/Verif_AccordeonObservationDuDemandeur: Test Cases/Test Reutilisable/AgentTraitementDemande/Verif_AccordeonObservationDuDemandeur

03-01-2024T16:25:08 - [TEST_STEP][PASSED] - com.kazurayam.ksbackyard.HighlightElement.pandemic(): com.kazurayam.ksbackyard.HighlightElement.pandemic is PASSED

03-01-2024T16:25:08 - [MESSAGE][PASSED] - com.kazurayam.ksbackyard.HighlightElement.pandemic is PASSED

03-01-2024T16:25:08 - [TEST_STEP][PASSED] - AccordeonObservatuionDuDemandeur = findTestObject("Object Repository/Page_Verif_AccordeonObservatuionDuDemandeur_Agent/span_AccordeonObservatuionDuDemandeur"): Finding Test Object 'Object Repository/Page_Verif_AccordeonObservatuionDuDemandeur_Agent/span_AccordeonObservatuionDuDemandeur'

03-01-2024T16:25:08 - [MESSAGE][INFO] - Finding Test Object 'Object Repository/Page_Verif_AccordeonObservatuionDuDemandeur_Agent/span_AccordeonObservatuionDuDemandeur'

03-01-2024T16:25:08 - [TEST_STEP][PASSED] - verifyElementPresent(AccordeonObservatuionDuDemandeur, 1): Object 'Object Repository/Page_Verif_AccordeonObservatuionDuDemandeur_Agent/span_AccordeonObservatuionDuDemandeur' is present

03-01-2024T16:25:08 - [MESSAGE][INFO] - Checking object

03-01-2024T16:25:08 - [MESSAGE][INFO] - Finding web element from Test Object's properties

03-01-2024T16:25:08 - [MESSAGE][INFO] - Checking timeout

03-01-2024T16:25:08 - [MESSAGE][INFO] - Finding web element with id: 'Object Repository/Page_Verif_AccordeonObservatuionDuDemandeur_Agent/span_AccordeonObservatuionDuDemandeur' located by 'By.xpath: /html/body/app-root/app-layout/div/div/div/app-navigation-layout/div[2]/app-demande-instruction/div/div[1]/form/p-accordion/div/app-observations-demandeur/p-accordiontab/div[1]/a/span[2]' in '1' second(s)

03-01-2024T16:25:08 - [MESSAGE][INFO] - Smart Wait Function is triggered

03-01-2024T16:25:08 - [MESSAGE][INFO] - Found 1 web elements with id: 'Object Repository/Page_Verif_AccordeonObservatuionDuDemandeur_Agent/span_AccordeonObservatuionDuDemandeur' located by 'By.xpath: /html/body/app-root/app-layout/div/div/div/app-navigation-layout/div[2]/app-demande-instruction/div/div[1]/form/p-accordion/div/app-observations-demandeur/p-accordiontab/div[1]/a/span[2]' in '1' second(s)

03-01-2024T16:25:08 - [MESSAGE][PASSED] - Object 'Object Repository/Page_Verif_AccordeonObservatuionDuDemandeur_Agent/span_AccordeonObservatuionDuDemandeur' is present

03-01-2024T16:25:08 - [TEST_STEP][PASSED] - TitreAccordeonObservatuionDuDemandeur = getText(AccordeonObservatuionDuDemandeur): Text of object 'Object Repository/Page_Verif_AccordeonObservatuionDuDemandeur_Agent/span_AccordeonObservatuionDuDemandeur' is: 'OBSERVATIONS DU DEMANDEUR'

03-01-2024T16:25:08 - [MESSAGE][INFO] - Checking object

03-01-2024T16:25:08 - [MESSAGE][INFO] - Finding web element from Test Object's properties

03-01-2024T16:25:08 - [MESSAGE][INFO] - Checking timeout

03-01-2024T16:25:08 - [MESSAGE][INFO] - Finding web element with id: 'Object Repository/Page_Verif_AccordeonObservatuionDuDemandeur_Agent/span_AccordeonObservatuionDuDemandeur' located by 'By.xpath: /html/body/app-root/app-layout/div/div/div/app-navigation-layout/div[2]/app-demande-instruction/div/div[1]/form/p-accordion/div/app-observations-demandeur/p-accordiontab/div[1]/a/span[2]' in '5' second(s)

03-01-2024T16:25:08 - [MESSAGE][INFO] - Smart Wait Function is triggered

03-01-2024T16:25:08 - [MESSAGE][INFO] - Found 1 web elements with id: 'Object Repository/Page_Verif_AccordeonObservatuionDuDemandeur_Agent/span_AccordeonObservatuionDuDemandeur' located by 'By.xpath: /html/body/app-root/app-layout/div/div/div/app-navigation-layout/div[2]/app-demande-instruction/div/div[1]/form/p-accordion/div/app-observations-demandeur/p-accordiontab/div[1]/a/span[2]' in '5' second(s)

03-01-2024T16:25:08 - [MESSAGE][INFO] - Getting text of object 'Object Repository/Page_Verif_AccordeonObservatuionDuDemandeur_Agent/span_AccordeonObservatuionDuDemandeur'

03-01-2024T16:25:08 - [MESSAGE][PASSED] - Text of object 'Object Repository/Page_Verif_AccordeonObservatuionDuDemandeur_Agent/span_AccordeonObservatuionDuDemandeur' is: 'OBSERVATIONS DU DEMANDEUR'

03-01-2024T16:25:08 - [TEST_STEP][PASSED] - if (!(TitreAccordeonObservatuionDuDemandeur.contains("OBSERVATIONS DU DEMANDEUR"))): null

03-01-2024T16:25:08 - [TEST_STEP][PASSED] - else: Le Titre de L'accordéon est bien Affiché : OBSERVATIONS DU DEMANDEUR.

03-01-2024T16:25:08 - [TEST_STEP][PASSED] - markPassed("Le Titre de L'accordéon est bien Affiché : OBSERVATIONS DU DEMANDEUR."): Le Titre de L'accordéon est bien Affiché : OBSERVATIONS DU DEMANDEUR.

03-01-2024T16:25:08 - [MESSAGE][PASSED] - Le Titre de L'accordéon est bien Affiché : OBSERVATIONS DU DEMANDEUR.

03-01-2024T16:25:08 - [MESSAGE][PASSED] - Call Test Case 'Test Cases/Test Reutilisable/AgentTraitementDemande/Verif_AccordeonObservationDuDemandeur' successfully

03-01-2024T16:25:08 - [TEST_STEP][FAILED] - callTestCase(findTestCase("Test Cases/Test Reutilisable/AgentTraitementDemande/Verif_AccordeonEtatCivilDuDemandeur"), ["NumEtrangerVisa":NumEtrangerVisa], STOP_ON_FAILURE): Unable to call Test Case 'Test Cases/Test Reutilisable/AgentTraitementDemande/Verif_AccordeonEtatCivilDuDemandeur' (Root cause: com.kms.katalon.core.exception.StepFailedException: Call Test Case 'Test Cases/Test Reutilisable/AgentTraitementDemande/Verif_AccordeonEtatCivilDuDemandeur' failed
	at com.kms.katalon.core.keyword.builtin.CallTestCaseKeyword$_callTestCase_closure1.doCall(CallTestCaseKeyword.groovy:63)
	at com.kms.katalon.core.keyword.builtin.CallTestCaseKeyword$_callTestCase_closure1.call(CallTestCaseKeyword.groovy)
	at com.kms.katalon.core.keyword.internal.KeywordMain.runKeyword(KeywordMain.groovy:75)
	at com.kms.katalon.core.keyword.builtin.CallTestCaseKeyword.callTestCase(CallTestCaseKeyword.groovy:81)
	at com.kms.katalon.core.keyword.builtin.CallTestCaseKeyword.execute(CallTestCaseKeyword.groovy:44)
	at com.kms.katalon.core.keyword.internal.KeywordExecutor.executeKeywordForPlatform(KeywordExecutor.groovy:74)
	at com.kms.katalon.core.keyword.BuiltinKeywords.callTestCase(BuiltinKeywords.groovy:310)
	at java.base/jdk.internal.reflect.NativeMethodAccessorImpl.invoke0(Native Method)
	at java.base/jdk.internal.reflect.NativeMethodAccessorImpl.invoke(NativeMethodAccessorImpl.java:77)
	at java.base/jdk.internal.reflect.DelegatingMethodAccessorImpl.invoke(DelegatingMethodAccessorImpl.java:43)
	at com.kazurayam.ksbackyard.HighlightElement$_pandemic_closure1.doCall(HighlightElement.groovy:105)
	at jdk.internal.reflect.GeneratedMethodAccessor6.invoke(Unknown Source)
	at java.base/jdk.internal.reflect.DelegatingMethodAccessorImpl.invoke(DelegatingMethodAccessorImpl.java:43)
	at TNR R.TSPT Supp90-Visiteur.run(TNR R.TSPT Supp90-Visiteur:119)
	at com.kms.katalon.core.main.ScriptEngine.run(ScriptEngine.java:194)
	at com.kms.katalon.core.main.ScriptEngine.runScriptAsRawText(ScriptEngine.java:119)
	at com.kms.katalon.core.main.TestCaseExecutor.runScript(TestCaseExecutor.java:448)
	at com.kms.katalon.core.main.TestCaseExecutor.doExecute(TestCaseExecutor.java:439)
	at com.kms.katalon.core.main.TestCaseExecutor.processExecutionPhase(TestCaseExecutor.java:418)
	at com.kms.katalon.core.main.TestCaseExecutor.accessMainPhase(TestCaseExecutor.java:410)
	at com.kms.katalon.core.main.TestCaseExecutor.execute(TestCaseExecutor.java:285)
	at com.kms.katalon.core.common.CommonExecutor.accessTestCaseMainPhase(CommonExecutor.java:65)
	at com.kms.katalon.core.main.TestSuiteExecutor.accessTestSuiteMainPhase(TestSuiteExecutor.java:148)
	at com.kms.katalon.core.main.TestSuiteExecutor.execute(TestSuiteExecutor.java:106)
	at com.kms.katalon.core.main.TestCaseMain.startTestSuite(TestCaseMain.java:180)
	at TempTestSuite1704295324522.run(TempTestSuite1704295324522.groovy:36)
	at java.base/jdk.internal.reflect.NativeMethodAccessorImpl.invoke0(Native Method)
	at java.base/jdk.internal.reflect.NativeMethodAccessorImpl.invoke(NativeMethodAccessorImpl.java:77)
	at java.base/jdk.internal.reflect.DelegatingMethodAccessorImpl.invoke(DelegatingMethodAccessorImpl.java:43)
Caused by: com.kms.katalon.core.exception.StepFailedException: Unable to click on object 'Object Repository/Page_Verif_AccordeonMotifDeSejour_Agent/check_DemandeurContacte'
	at com.kms.katalon.core.webui.keyword.internal.WebUIKeywordMain.stepFailed(WebUIKeywordMain.groovy:64)
	at com.kms.katalon.core.webui.keyword.internal.WebUIKeywordMain.runKeyword(WebUIKeywordMain.groovy:26)
	at com.kms.katalon.core.webui.keyword.builtin.ClickKeyword.click(ClickKeyword.groovy:74)
	at com.kms.katalon.core.webui.keyword.builtin.ClickKeyword.execute(ClickKeyword.groovy:40)
	at com.kms.katalon.core.keyword.internal.KeywordExecutor.executeKeywordForPlatform(KeywordExecutor.groovy:74)
	at com.kms.katalon.core.webui.keyword.WebUiBuiltInKeywords.click(WebUiBuiltInKeywords.groovy:659)
	at jdk.internal.reflect.GeneratedMethodAccessor25.invoke(Unknown Source)
	at java.base/jdk.internal.reflect.DelegatingMethodAccessorImpl.invoke(DelegatingMethodAccessorImpl.java:43)
	at com.kazurayam.ksbackyard.HighlightElement$_pandemic_closure1.doCall(HighlightElement.groovy:105)
	at jdk.internal.reflect.GeneratedMethodAccessor6.invoke(Unknown Source)
	at java.base/jdk.internal.reflect.DelegatingMethodAccessorImpl.invoke(DelegatingMethodAccessorImpl.java:43)
	at Verif_AccordeonEtatCivilDuDemandeur.run(Verif_AccordeonEtatCivilDuDemandeur:235)
	at com.kms.katalon.core.main.ScriptEngine.run(ScriptEngine.java:194)
	at com.kms.katalon.core.main.ScriptEngine.runScriptAsRawText(ScriptEngine.java:119)
	at com.kms.katalon.core.main.TestCaseExecutor.runScript(TestCaseExecutor.java:448)
	at com.kms.katalon.core.main.TestCaseExecutor.doExecute(TestCaseExecutor.java:439)
	at com.kms.katalon.core.main.TestCaseExecutor.processExecutionPhase(TestCaseExecutor.java:418)
	at com.kms.katalon.core.main.TestCaseExecutor.accessMainPhase(TestCaseExecutor.java:410)
	at com.kms.katalon.core.main.TestCaseExecutor.execute(TestCaseExecutor.java:285)
	at com.kms.katalon.core.main.TestCaseMain.runTestCase(TestCaseMain.java:137)
	at com.kms.katalon.core.keyword.builtin.CallTestCaseKeyword$_callTestCase_closure1.doCall(CallTestCaseKeyword.groovy:59)
	... 28 more
Caused by: com.kms.katalon.core.webui.exception.WebElementNotFoundException: Web element with id: 'Object Repository/Page_Verif_AccordeonMotifDeSejour_Agent/check_DemandeurContacte' located by '/html/body/app-root/app-layout/div/div/div/app-navigation-layout/div[2]/app-demande-instruction/div/div[1]/form/p-accordion/div/p-accordiontab[9]/div[2]/div/div/div[2]/anef-input-check/div/div/p-checkbox/label' not found
	at com.kms.katalon.core.webui.common.WebUiCommonHelper.findWebElement(WebUiCommonHelper.java:1379)
	at com.kms.katalon.core.webui.keyword.internal.WebUIAbstractKeyword.findWebElement(WebUIAbstractKeyword.groovy:27)
	at com.kms.katalon.core.webui.keyword.builtin.ClickKeyword$_click_closure1.doCall(ClickKeyword.groovy:65)
	at com.kms.katalon.core.webui.keyword.builtin.ClickKeyword$_click_closure1.call(ClickKeyword.groovy)
	at com.kms.katalon.core.webui.keyword.internal.WebUIKeywordMain.runKeyword(WebUIKeywordMain.groovy:20)
	... 47 more
)

03-01-2024T16:25:08 - [MESSAGE][INFO] - Checking called Test Case

03-01-2024T16:25:08 - [MESSAGE][INFO] - Starting to call Test Case 'Test Cases/Test Reutilisable/AgentTraitementDemande/Verif_AccordeonEtatCivilDuDemandeur'

03-01-2024T16:25:09 - [TEST_CASE][FAILED] - Test Cases/Test Reutilisable/AgentTraitementDemande/Verif_AccordeonEtatCivilDuDemandeur: Test Cases/Test Reutilisable/AgentTraitementDemande/Verif_AccordeonEtatCivilDuDemandeur FAILED.
Reason:
com.kms.katalon.core.exception.StepFailedException: Unable to click on object 'Object Repository/Page_Verif_AccordeonMotifDeSejour_Agent/check_DemandeurContacte'
	at com.kms.katalon.core.webui.keyword.internal.WebUIKeywordMain.stepFailed(WebUIKeywordMain.groovy:64)
	at com.kms.katalon.core.webui.keyword.internal.WebUIKeywordMain.runKeyword(WebUIKeywordMain.groovy:26)
	at com.kms.katalon.core.webui.keyword.builtin.ClickKeyword.click(ClickKeyword.groovy:74)
	at com.kms.katalon.core.webui.keyword.builtin.ClickKeyword.execute(ClickKeyword.groovy:40)
	at com.kms.katalon.core.keyword.internal.KeywordExecutor.executeKeywordForPlatform(KeywordExecutor.groovy:74)
	at com.kms.katalon.core.webui.keyword.WebUiBuiltInKeywords.click(WebUiBuiltInKeywords.groovy:659)
	at jdk.internal.reflect.GeneratedMethodAccessor25.invoke(Unknown Source)
	at java.base/jdk.internal.reflect.DelegatingMethodAccessorImpl.invoke(DelegatingMethodAccessorImpl.java:43)
	at com.kazurayam.ksbackyard.HighlightElement$_pandemic_closure1.doCall(HighlightElement.groovy:105)
	at jdk.internal.reflect.GeneratedMethodAccessor6.invoke(Unknown Source)
	at java.base/jdk.internal.reflect.DelegatingMethodAccessorImpl.invoke(DelegatingMethodAccessorImpl.java:43)
	at Verif_AccordeonEtatCivilDuDemandeur.run(Verif_AccordeonEtatCivilDuDemandeur:235)
	at com.kms.katalon.core.main.ScriptEngine.run(ScriptEngine.java:194)
	at com.kms.katalon.core.main.ScriptEngine.runScriptAsRawText(ScriptEngine.java:119)
	at com.kms.katalon.core.main.TestCaseExecutor.runScript(TestCaseExecutor.java:448)
	at com.kms.katalon.core.main.TestCaseExecutor.doExecute(TestCaseExecutor.java:439)
	at com.kms.katalon.core.main.TestCaseExecutor.processExecutionPhase(TestCaseExecutor.java:418)
	at com.kms.katalon.core.main.TestCaseExecutor.accessMainPhase(TestCaseExecutor.java:410)
	at com.kms.katalon.core.main.TestCaseExecutor.execute(TestCaseExecutor.java:285)
	at com.kms.katalon.core.main.TestCaseMain.runTestCase(TestCaseMain.java:137)
	at com.kms.katalon.core.keyword.builtin.CallTestCaseKeyword$_callTestCase_closure1.doCall(CallTestCaseKeyword.groovy:59)
	at com.kms.katalon.core.keyword.builtin.CallTestCaseKeyword$_callTestCase_closure1.call(CallTestCaseKeyword.groovy)
	at com.kms.katalon.core.keyword.internal.KeywordMain.runKeyword(KeywordMain.groovy:75)
	at com.kms.katalon.core.keyword.builtin.CallTestCaseKeyword.callTestCase(CallTestCaseKeyword.groovy:81)
	at com.kms.katalon.core.keyword.builtin.CallTestCaseKeyword.execute(CallTestCaseKeyword.groovy:44)
	at com.kms.katalon.core.keyword.internal.KeywordExecutor.executeKeywordForPlatform(KeywordExecutor.groovy:74)
	at com.kms.katalon.core.keyword.BuiltinKeywords.callTestCase(BuiltinKeywords.groovy:310)
	at java.base/jdk.internal.reflect.NativeMethodAccessorImpl.invoke0(Native Method)
	at java.base/jdk.internal.reflect.NativeMethodAccessorImpl.invoke(NativeMethodAccessorImpl.java:77)
	at java.base/jdk.internal.reflect.DelegatingMethodAccessorImpl.invoke(DelegatingMethodAccessorImpl.java:43)
	at com.kazurayam.ksbackyard.HighlightElement$_pandemic_closure1.doCall(HighlightElement.groovy:105)
	at jdk.internal.reflect.GeneratedMethodAccessor6.invoke(Unknown Source)
	at java.base/jdk.internal.reflect.DelegatingMethodAccessorImpl.invoke(DelegatingMethodAccessorImpl.java:43)
	at TNR R.TSPT Supp90-Visiteur.run(TNR R.TSPT Supp90-Visiteur:119)
	at com.kms.katalon.core.main.ScriptEngine.run(ScriptEngine.java:194)
	at com.kms.katalon.core.main.ScriptEngine.runScriptAsRawText(ScriptEngine.java:119)
	at com.kms.katalon.core.main.TestCaseExecutor.runScript(TestCaseExecutor.java:448)
	at com.kms.katalon.core.main.TestCaseExecutor.doExecute(TestCaseExecutor.java:439)
	at com.kms.katalon.core.main.TestCaseExecutor.processExecutionPhase(TestCaseExecutor.java:418)
	at com.kms.katalon.core.main.TestCaseExecutor.accessMainPhase(TestCaseExecutor.java:410)
	at com.kms.katalon.core.main.TestCaseExecutor.execute(TestCaseExecutor.java:285)
	at com.kms.katalon.core.common.CommonExecutor.accessTestCaseMainPhase(CommonExecutor.java:65)
	at com.kms.katalon.core.main.TestSuiteExecutor.accessTestSuiteMainPhase(TestSuiteExecutor.java:148)
	at com.kms.katalon.core.main.TestSuiteExecutor.execute(TestSuiteExecutor.java:106)
	at com.kms.katalon.core.main.TestCaseMain.startTestSuite(TestCaseMain.java:180)
	at TempTestSuite1704295324522.run(TempTestSuite1704295324522.groovy:36)
	at java.base/jdk.internal.reflect.NativeMethodAccessorImpl.invoke0(Native Method)
	at java.base/jdk.internal.reflect.NativeMethodAccessorImpl.invoke(NativeMethodAccessorImpl.java:77)
	at java.base/jdk.internal.reflect.DelegatingMethodAccessorImpl.invoke(DelegatingMethodAccessorImpl.java:43)
Caused by: com.kms.katalon.core.webui.exception.WebElementNotFoundException: Web element with id: 'Object Repository/Page_Verif_AccordeonMotifDeSejour_Agent/check_DemandeurContacte' located by '/html/body/app-root/app-layout/div/div/div/app-navigation-layout/div[2]/app-demande-instruction/div/div[1]/form/p-accordion/div/p-accordiontab[9]/div[2]/div/div/div[2]/anef-input-check/div/div/p-checkbox/label' not found
	at com.kms.katalon.core.webui.common.WebUiCommonHelper.findWebElement(WebUiCommonHelper.java:1379)
	at com.kms.katalon.core.webui.keyword.internal.WebUIAbstractKeyword.findWebElement(WebUIAbstractKeyword.groovy:27)
	at com.kms.katalon.core.webui.keyword.builtin.ClickKeyword$_click_closure1.doCall(ClickKeyword.groovy:65)
	at com.kms.katalon.core.webui.keyword.builtin.ClickKeyword$_click_closure1.call(ClickKeyword.groovy)
	at com.kms.katalon.core.webui.keyword.internal.WebUIKeywordMain.runKeyword(WebUIKeywordMain.groovy:20)
	... 47 more


03-01-2024T16:25:09 - [TEST_STEP][PASSED] - com.kazurayam.ksbackyard.HighlightElement.pandemic(): com.kazurayam.ksbackyard.HighlightElement.pandemic is PASSED

03-01-2024T16:25:09 - [MESSAGE][PASSED] - com.kazurayam.ksbackyard.HighlightElement.pandemic is PASSED

03-01-2024T16:25:09 - [TEST_STEP][PASSED] - if (verifyElementPresent(findTestObject("Object Repository/Page_Verif_AccordeonEtatCivilDuDemandeur_Agent/span_AccordeonEtatCivil"), 3, OPTIONAL)): null

03-01-2024T16:25:09 - [MESSAGE][INFO] - Finding Test Object 'Object Repository/Page_Verif_AccordeonEtatCivilDuDemandeur_Agent/span_AccordeonEtatCivil'

03-01-2024T16:25:09 - [MESSAGE][INFO] - Checking object

03-01-2024T16:25:09 - [MESSAGE][INFO] - Finding web element from Test Object's properties

03-01-2024T16:25:09 - [MESSAGE][INFO] - Checking timeout

03-01-2024T16:25:09 - [MESSAGE][INFO] - Finding web element with id: 'Object Repository/Page_Verif_AccordeonEtatCivilDuDemandeur_Agent/span_AccordeonEtatCivil' located by 'By.xpath: /html/body/app-root/app-layout/div/div/div/app-navigation-layout/div[2]/app-demande-instruction/div/div[1]/form/p-accordion/div/p-accordiontab[1]/div[1]/a/span[2]' in '3' second(s)

03-01-2024T16:25:09 - [MESSAGE][INFO] - Smart Wait Function is triggered

03-01-2024T16:25:09 - [MESSAGE][INFO] - Found 1 web elements with id: 'Object Repository/Page_Verif_AccordeonEtatCivilDuDemandeur_Agent/span_AccordeonEtatCivil' located by 'By.xpath: /html/body/app-root/app-layout/div/div/div/app-navigation-layout/div[2]/app-demande-instruction/div/div[1]/form/p-accordion/div/p-accordiontab[1]/div[1]/a/span[2]' in '3' second(s)

03-01-2024T16:25:09 - [MESSAGE][PASSED] - Object 'Object Repository/Page_Verif_AccordeonEtatCivilDuDemandeur_Agent/span_AccordeonEtatCivil' is present

03-01-2024T16:25:09 - [TEST_STEP][PASSED] - AccordeonEtatCivil = findTestObject("Object Repository/Page_Verif_AccordeonEtatCivilDuDemandeur_Agent/span_AccordeonEtatCivil"): Finding Test Object 'Object Repository/Page_Verif_AccordeonEtatCivilDuDemandeur_Agent/span_AccordeonEtatCivil'

03-01-2024T16:25:09 - [MESSAGE][INFO] - Finding Test Object 'Object Repository/Page_Verif_AccordeonEtatCivilDuDemandeur_Agent/span_AccordeonEtatCivil'

03-01-2024T16:25:09 - [TEST_STEP][PASSED] - verifyElementPresent(AccordeonEtatCivil, 1): Object 'Object Repository/Page_Verif_AccordeonEtatCivilDuDemandeur_Agent/span_AccordeonEtatCivil' is present

03-01-2024T16:25:09 - [MESSAGE][INFO] - Checking object

03-01-2024T16:25:09 - [MESSAGE][INFO] - Finding web element from Test Object's properties

03-01-2024T16:25:09 - [MESSAGE][INFO] - Checking timeout

03-01-2024T16:25:09 - [MESSAGE][INFO] - Finding web element with id: 'Object Repository/Page_Verif_AccordeonEtatCivilDuDemandeur_Agent/span_AccordeonEtatCivil' located by 'By.xpath: /html/body/app-root/app-layout/div/div/div/app-navigation-layout/div[2]/app-demande-instruction/div/div[1]/form/p-accordion/div/p-accordiontab[1]/div[1]/a/span[2]' in '1' second(s)

03-01-2024T16:25:09 - [MESSAGE][INFO] - Smart Wait Function is triggered

03-01-2024T16:25:09 - [MESSAGE][INFO] - Found 1 web elements with id: 'Object Repository/Page_Verif_AccordeonEtatCivilDuDemandeur_Agent/span_AccordeonEtatCivil' located by 'By.xpath: /html/body/app-root/app-layout/div/div/div/app-navigation-layout/div[2]/app-demande-instruction/div/div[1]/form/p-accordion/div/p-accordiontab[1]/div[1]/a/span[2]' in '1' second(s)

03-01-2024T16:25:09 - [MESSAGE][PASSED] - Object 'Object Repository/Page_Verif_AccordeonEtatCivilDuDemandeur_Agent/span_AccordeonEtatCivil' is present

03-01-2024T16:25:09 - [TEST_STEP][PASSED] - TitreAccordeonEtatCivil = getText(AccordeonEtatCivil): Text of object 'Object Repository/Page_Verif_AccordeonEtatCivilDuDemandeur_Agent/span_AccordeonEtatCivil' is: 'ÉTAT CIVIL'

03-01-2024T16:25:09 - [MESSAGE][INFO] - Checking object

03-01-2024T16:25:09 - [MESSAGE][INFO] - Finding web element from Test Object's properties

03-01-2024T16:25:09 - [MESSAGE][INFO] - Checking timeout

03-01-2024T16:25:09 - [MESSAGE][INFO] - Finding web element with id: 'Object Repository/Page_Verif_AccordeonEtatCivilDuDemandeur_Agent/span_AccordeonEtatCivil' located by 'By.xpath: /html/body/app-root/app-layout/div/div/div/app-navigation-layout/div[2]/app-demande-instruction/div/div[1]/form/p-accordion/div/p-accordiontab[1]/div[1]/a/span[2]' in '5' second(s)

03-01-2024T16:25:09 - [MESSAGE][INFO] - Smart Wait Function is triggered

03-01-2024T16:25:09 - [MESSAGE][INFO] - Found 1 web elements with id: 'Object Repository/Page_Verif_AccordeonEtatCivilDuDemandeur_Agent/span_AccordeonEtatCivil' located by 'By.xpath: /html/body/app-root/app-layout/div/div/div/app-navigation-layout/div[2]/app-demande-instruction/div/div[1]/form/p-accordion/div/p-accordiontab[1]/div[1]/a/span[2]' in '5' second(s)

03-01-2024T16:25:09 - [MESSAGE][INFO] - Getting text of object 'Object Repository/Page_Verif_AccordeonEtatCivilDuDemandeur_Agent/span_AccordeonEtatCivil'

03-01-2024T16:25:09 - [MESSAGE][PASSED] - Text of object 'Object Repository/Page_Verif_AccordeonEtatCivilDuDemandeur_Agent/span_AccordeonEtatCivil' is: 'ÉTAT CIVIL'

03-01-2024T16:25:09 - [TEST_STEP][PASSED] - if (!(TitreAccordeonEtatCivil.contains("ÉTAT CIVIL"))): null

03-01-2024T16:25:09 - [TEST_STEP][PASSED] - else: Le Titre de L'accordéon est bien Affiché : ÉTAT CIVIL.

03-01-2024T16:25:09 - [TEST_STEP][PASSED] - markPassed("Le Titre de L'accordéon est bien Affiché : ÉTAT CIVIL."): Le Titre de L'accordéon est bien Affiché : ÉTAT CIVIL.

03-01-2024T16:25:09 - [MESSAGE][PASSED] - Le Titre de L'accordéon est bien Affiché : ÉTAT CIVIL.

03-01-2024T16:25:09 - [TEST_STEP][PASSED] - if (verifyElementPresent(findTestObject("Object Repository/Page_Verif_AccordeonEtatCivilDuDemandeur_Agent/span_Check_DocManquantPhotographie"), 3, OPTIONAL)): null

03-01-2024T16:25:09 - [MESSAGE][INFO] - Finding Test Object 'Object Repository/Page_Verif_AccordeonEtatCivilDuDemandeur_Agent/span_Check_DocManquantPhotographie'

03-01-2024T16:25:10 - [MESSAGE][INFO] - Checking object

03-01-2024T16:25:10 - [MESSAGE][INFO] - Finding web element from Test Object's properties

03-01-2024T16:25:10 - [MESSAGE][INFO] - Checking timeout

03-01-2024T16:25:10 - [MESSAGE][INFO] - Finding web element with id: 'Object Repository/Page_Verif_AccordeonEtatCivilDuDemandeur_Agent/span_Check_DocManquantPhotographie' located by 'By.xpath: //div/app-etat-civil/div/div[2]/div/app-justificatifs[1]/div/div[1]/anef-input-check/div/div/p-checkbox/div/div[2]' in '3' second(s)

03-01-2024T16:25:10 - [MESSAGE][INFO] - Smart Wait Function is triggered

03-01-2024T16:25:10 - [MESSAGE][INFO] - Found 1 web elements with id: 'Object Repository/Page_Verif_AccordeonEtatCivilDuDemandeur_Agent/span_Check_DocManquantPhotographie' located by 'By.xpath: //div/app-etat-civil/div/div[2]/div/app-justificatifs[1]/div/div[1]/anef-input-check/div/div/p-checkbox/div/div[2]' in '3' second(s)

03-01-2024T16:25:10 - [MESSAGE][PASSED] - Object 'Object Repository/Page_Verif_AccordeonEtatCivilDuDemandeur_Agent/span_Check_DocManquantPhotographie' is present

03-01-2024T16:25:10 - [TEST_STEP][PASSED] - DocManquantPhotographie = findTestObject("Object Repository/Page_Verif_AccordeonEtatCivilDuDemandeur_Agent/span_Check_DocManquantPhotographie"): Finding Test Object 'Object Repository/Page_Verif_AccordeonEtatCivilDuDemandeur_Agent/span_Check_DocManquantPhotographie'

03-01-2024T16:25:10 - [MESSAGE][INFO] - Finding Test Object 'Object Repository/Page_Verif_AccordeonEtatCivilDuDemandeur_Agent/span_Check_DocManquantPhotographie'

03-01-2024T16:25:10 - [TEST_STEP][PASSED] - verifyElementPresent(DocManquantPhotographie, 1): Object 'Object Repository/Page_Verif_AccordeonEtatCivilDuDemandeur_Agent/span_Check_DocManquantPhotographie' is present

03-01-2024T16:25:10 - [MESSAGE][INFO] - Checking object

03-01-2024T16:25:10 - [MESSAGE][INFO] - Finding web element from Test Object's properties

03-01-2024T16:25:10 - [MESSAGE][INFO] - Checking timeout

03-01-2024T16:25:10 - [MESSAGE][INFO] - Finding web element with id: 'Object Repository/Page_Verif_AccordeonEtatCivilDuDemandeur_Agent/span_Check_DocManquantPhotographie' located by 'By.xpath: //div/app-etat-civil/div/div[2]/div/app-justificatifs[1]/div/div[1]/anef-input-check/div/div/p-checkbox/div/div[2]' in '1' second(s)

03-01-2024T16:25:10 - [MESSAGE][INFO] - Smart Wait Function is triggered

03-01-2024T16:25:10 - [MESSAGE][INFO] - Found 1 web elements with id: 'Object Repository/Page_Verif_AccordeonEtatCivilDuDemandeur_Agent/span_Check_DocManquantPhotographie' located by 'By.xpath: //div/app-etat-civil/div/div[2]/div/app-justificatifs[1]/div/div[1]/anef-input-check/div/div/p-checkbox/div/div[2]' in '1' second(s)

03-01-2024T16:25:10 - [MESSAGE][PASSED] - Object 'Object Repository/Page_Verif_AccordeonEtatCivilDuDemandeur_Agent/span_Check_DocManquantPhotographie' is present

03-01-2024T16:25:10 - [TEST_STEP][PASSED] - check(DocManquantPhotographie): Object 'Object Repository/Page_Verif_AccordeonEtatCivilDuDemandeur_Agent/span_Check_DocManquantPhotographie' is checked

03-01-2024T16:25:10 - [MESSAGE][INFO] - Checking object

03-01-2024T16:25:10 - [MESSAGE][INFO] - Finding web element from Test Object's properties

03-01-2024T16:25:10 - [MESSAGE][INFO] - Checking timeout

03-01-2024T16:25:10 - [MESSAGE][INFO] - Finding web element with id: 'Object Repository/Page_Verif_AccordeonEtatCivilDuDemandeur_Agent/span_Check_DocManquantPhotographie' located by 'By.xpath: //div/app-etat-civil/div/div[2]/div/app-justificatifs[1]/div/div[1]/anef-input-check/div/div/p-checkbox/div/div[2]' in '5' second(s)

03-01-2024T16:25:10 - [MESSAGE][INFO] - Smart Wait Function is triggered

03-01-2024T16:25:10 - [MESSAGE][INFO] - Found 1 web elements with id: 'Object Repository/Page_Verif_AccordeonEtatCivilDuDemandeur_Agent/span_Check_DocManquantPhotographie' located by 'By.xpath: //div/app-etat-civil/div/div[2]/div/app-justificatifs[1]/div/div[1]/anef-input-check/div/div/p-checkbox/div/div[2]' in '5' second(s)

03-01-2024T16:25:10 - [MESSAGE][INFO] - Checking on bject 'Object Repository/Page_Verif_AccordeonEtatCivilDuDemandeur_Agent/span_Check_DocManquantPhotographie'

03-01-2024T16:25:12 - [MESSAGE][PASSED] - Object 'Object Repository/Page_Verif_AccordeonEtatCivilDuDemandeur_Agent/span_Check_DocManquantPhotographie' is checked

03-01-2024T16:25:12 - [TEST_STEP][PASSED] - MsgDocumentManquant = findTestObject("Object Repository/Page_Verif_AccordeonEtatCivilDuDemandeur_Agent/label_MsgDocumentManquantPhotographie"): Finding Test Object 'Object Repository/Page_Verif_AccordeonEtatCivilDuDemandeur_Agent/label_MsgDocumentManquantPhotographie'

03-01-2024T16:25:12 - [MESSAGE][INFO] - Finding Test Object 'Object Repository/Page_Verif_AccordeonEtatCivilDuDemandeur_Agent/label_MsgDocumentManquantPhotographie'

03-01-2024T16:25:12 - [TEST_STEP][PASSED] - verifyElementPresent(MsgDocumentManquant, 1): Object 'Object Repository/Page_Verif_AccordeonEtatCivilDuDemandeur_Agent/label_MsgDocumentManquantPhotographie' is present

03-01-2024T16:25:12 - [MESSAGE][INFO] - Checking object

03-01-2024T16:25:12 - [MESSAGE][INFO] - Finding web element from Test Object's properties

03-01-2024T16:25:12 - [MESSAGE][INFO] - Checking timeout

03-01-2024T16:25:12 - [MESSAGE][INFO] - Finding web element with id: 'Object Repository/Page_Verif_AccordeonEtatCivilDuDemandeur_Agent/label_MsgDocumentManquantPhotographie' located by 'By.xpath: //*[@id="observation-label"]' in '1' second(s)

03-01-2024T16:25:12 - [MESSAGE][INFO] - Smart Wait Function is triggered

03-01-2024T16:25:12 - [MESSAGE][INFO] - Found 1 web elements with id: 'Object Repository/Page_Verif_AccordeonEtatCivilDuDemandeur_Agent/label_MsgDocumentManquantPhotographie' located by 'By.xpath: //*[@id="observation-label"]' in '1' second(s)

03-01-2024T16:25:12 - [MESSAGE][PASSED] - Object 'Object Repository/Page_Verif_AccordeonEtatCivilDuDemandeur_Agent/label_MsgDocumentManquantPhotographie' is present

03-01-2024T16:25:12 - [TEST_STEP][PASSED] - TitreMsgDocumentManquantPhotographie = getText(MsgDocumentManquant): Text of object 'Object Repository/Page_Verif_AccordeonEtatCivilDuDemandeur_Agent/label_MsgDocumentManquantPhotographie' is: 'Préciser le document manquant au demandeur * :'

03-01-2024T16:25:12 - [MESSAGE][INFO] - Checking object

03-01-2024T16:25:12 - [MESSAGE][INFO] - Finding web element from Test Object's properties

03-01-2024T16:25:12 - [MESSAGE][INFO] - Checking timeout

03-01-2024T16:25:12 - [MESSAGE][INFO] - Finding web element with id: 'Object Repository/Page_Verif_AccordeonEtatCivilDuDemandeur_Agent/label_MsgDocumentManquantPhotographie' located by 'By.xpath: //*[@id="observation-label"]' in '5' second(s)

03-01-2024T16:25:12 - [MESSAGE][INFO] - Smart Wait Function is triggered

03-01-2024T16:25:12 - [MESSAGE][INFO] - Found 1 web elements with id: 'Object Repository/Page_Verif_AccordeonEtatCivilDuDemandeur_Agent/label_MsgDocumentManquantPhotographie' located by 'By.xpath: //*[@id="observation-label"]' in '5' second(s)

03-01-2024T16:25:12 - [MESSAGE][INFO] - Getting text of object 'Object Repository/Page_Verif_AccordeonEtatCivilDuDemandeur_Agent/label_MsgDocumentManquantPhotographie'

03-01-2024T16:25:12 - [MESSAGE][PASSED] - Text of object 'Object Repository/Page_Verif_AccordeonEtatCivilDuDemandeur_Agent/label_MsgDocumentManquantPhotographie' is: 'Préciser le document manquant au demandeur * :'

03-01-2024T16:25:12 - [TEST_STEP][PASSED] - if (!(TitreMsgDocumentManquantPhotographie.contains("Préciser le document manquant au demandeur * :"))): null

03-01-2024T16:25:12 - [TEST_STEP][PASSED] - else: Le Titre  de Message est bien Affiché : Préciser le document manquant Photographie au demandeur.

03-01-2024T16:25:12 - [TEST_STEP][PASSED] - markPassed("Le Titre  de Message est bien Affiché : Préciser le document manquant Photographie au demandeur."): Le Titre  de Message est bien Affiché : Préciser le document manquant Photographie au demandeur.

03-01-2024T16:25:12 - [MESSAGE][PASSED] - Le Titre  de Message est bien Affiché : Préciser le document manquant Photographie au demandeur.

03-01-2024T16:25:12 - [TEST_STEP][PASSED] - TxtDocManquantPhotographie = findTestObject("Object Repository/Page_Verif_AccordeonEtatCivilDuDemandeur_Agent/TextArea_TextDocManquantPhotographie"): Finding Test Object 'Object Repository/Page_Verif_AccordeonEtatCivilDuDemandeur_Agent/TextArea_TextDocManquantPhotographie'

03-01-2024T16:25:12 - [MESSAGE][INFO] - Finding Test Object 'Object Repository/Page_Verif_AccordeonEtatCivilDuDemandeur_Agent/TextArea_TextDocManquantPhotographie'

03-01-2024T16:25:12 - [TEST_STEP][PASSED] - verifyElementPresent(TxtDocManquantPhotographie, 1): Object 'Object Repository/Page_Verif_AccordeonEtatCivilDuDemandeur_Agent/TextArea_TextDocManquantPhotographie' is present

03-01-2024T16:25:12 - [MESSAGE][INFO] - Checking object

03-01-2024T16:25:12 - [MESSAGE][INFO] - Finding web element from Test Object's properties

03-01-2024T16:25:12 - [MESSAGE][INFO] - Checking timeout

03-01-2024T16:25:12 - [MESSAGE][INFO] - Finding web element with id: 'Object Repository/Page_Verif_AccordeonEtatCivilDuDemandeur_Agent/TextArea_TextDocManquantPhotographie' located by 'By.xpath: //*[@id="observation"]' in '1' second(s)

03-01-2024T16:25:12 - [MESSAGE][INFO] - Smart Wait Function is triggered

03-01-2024T16:25:12 - [MESSAGE][INFO] - Found 1 web elements with id: 'Object Repository/Page_Verif_AccordeonEtatCivilDuDemandeur_Agent/TextArea_TextDocManquantPhotographie' located by 'By.xpath: //*[@id="observation"]' in '1' second(s)

03-01-2024T16:25:12 - [MESSAGE][PASSED] - Object 'Object Repository/Page_Verif_AccordeonEtatCivilDuDemandeur_Agent/TextArea_TextDocManquantPhotographie' is present

03-01-2024T16:25:12 - [TEST_STEP][PASSED] - setText(TxtDocManquantPhotographie, "Préciser le document manquant Photographie au demandeur"): Text 'Préciser le document manquant Photographie au demandeur' is set on object 'Object Repository/Page_Verif_AccordeonEtatCivilDuDemandeur_Agent/TextArea_TextDocManquantPhotographie'

03-01-2024T16:25:12 - [MESSAGE][INFO] - Checking timeout

03-01-2024T16:25:12 - [MESSAGE][INFO] - Finding web element with id: 'Object Repository/Page_Verif_AccordeonEtatCivilDuDemandeur_Agent/TextArea_TextDocManquantPhotographie' located by 'By.xpath: //*[@id="observation"]' in '20' second(s)

03-01-2024T16:25:12 - [MESSAGE][INFO] - Smart Wait Function is triggered

03-01-2024T16:25:12 - [MESSAGE][INFO] - Found 1 web elements with id: 'Object Repository/Page_Verif_AccordeonEtatCivilDuDemandeur_Agent/TextArea_TextDocManquantPhotographie' located by 'By.xpath: //*[@id="observation"]' in '20' second(s)

03-01-2024T16:25:12 - [MESSAGE][INFO] - Checking object

03-01-2024T16:25:12 - [MESSAGE][INFO] - Checking text

03-01-2024T16:25:12 - [MESSAGE][INFO] - Finding web element from Test Object's properties

03-01-2024T16:25:12 - [MESSAGE][INFO] - Checking timeout

03-01-2024T16:25:12 - [MESSAGE][INFO] - Finding web element with id: 'Object Repository/Page_Verif_AccordeonEtatCivilDuDemandeur_Agent/TextArea_TextDocManquantPhotographie' located by 'By.xpath: //*[@id="observation"]' in '5' second(s)

03-01-2024T16:25:12 - [MESSAGE][INFO] - Smart Wait Function is triggered

03-01-2024T16:25:12 - [MESSAGE][INFO] - Found 1 web elements with id: 'Object Repository/Page_Verif_AccordeonEtatCivilDuDemandeur_Agent/TextArea_TextDocManquantPhotographie' located by 'By.xpath: //*[@id="observation"]' in '5' second(s)

03-01-2024T16:25:12 - [MESSAGE][INFO] - Clearing text of object 'Object Repository/Page_Verif_AccordeonEtatCivilDuDemandeur_Agent/TextArea_TextDocManquantPhotographie'

03-01-2024T16:25:14 - [MESSAGE][INFO] - Finding web element from Test Object's properties

03-01-2024T16:25:14 - [MESSAGE][INFO] - Checking timeout

03-01-2024T16:25:14 - [MESSAGE][INFO] - Finding web element with id: 'Object Repository/Page_Verif_AccordeonEtatCivilDuDemandeur_Agent/TextArea_TextDocManquantPhotographie' located by 'By.xpath: //*[@id="observation"]' in '5' second(s)

03-01-2024T16:25:14 - [MESSAGE][INFO] - Smart Wait Function is triggered

03-01-2024T16:25:14 - [MESSAGE][INFO] - Found 1 web elements with id: 'Object Repository/Page_Verif_AccordeonEtatCivilDuDemandeur_Agent/TextArea_TextDocManquantPhotographie' located by 'By.xpath: //*[@id="observation"]' in '5' second(s)

03-01-2024T16:25:14 - [MESSAGE][INFO] - Setting text of object 'Object Repository/Page_Verif_AccordeonEtatCivilDuDemandeur_Agent/TextArea_TextDocManquantPhotographie' to value 'Préciser le document manquant Photographie au demandeur'

03-01-2024T16:25:17 - [MESSAGE][PASSED] - Text 'Préciser le document manquant Photographie au demandeur' is set on object 'Object Repository/Page_Verif_AccordeonEtatCivilDuDemandeur_Agent/TextArea_TextDocManquantPhotographie'

03-01-2024T16:25:17 - [TEST_STEP][PASSED] - check(DocManquantPhotographie): Object 'Object Repository/Page_Verif_AccordeonEtatCivilDuDemandeur_Agent/span_Check_DocManquantPhotographie' is checked

03-01-2024T16:25:17 - [MESSAGE][INFO] - Checking object

03-01-2024T16:25:17 - [MESSAGE][INFO] - Finding web element from Test Object's properties

03-01-2024T16:25:17 - [MESSAGE][INFO] - Checking timeout

03-01-2024T16:25:17 - [MESSAGE][INFO] - Finding web element with id: 'Object Repository/Page_Verif_AccordeonEtatCivilDuDemandeur_Agent/span_Check_DocManquantPhotographie' located by 'By.xpath: //div/app-etat-civil/div/div[2]/div/app-justificatifs[1]/div/div[1]/anef-input-check/div/div/p-checkbox/div/div[2]' in '5' second(s)

03-01-2024T16:25:17 - [MESSAGE][INFO] - Smart Wait Function is triggered

03-01-2024T16:25:17 - [MESSAGE][INFO] - Found 1 web elements with id: 'Object Repository/Page_Verif_AccordeonEtatCivilDuDemandeur_Agent/span_Check_DocManquantPhotographie' located by 'By.xpath: //div/app-etat-civil/div/div[2]/div/app-justificatifs[1]/div/div[1]/anef-input-check/div/div/p-checkbox/div/div[2]' in '5' second(s)

03-01-2024T16:25:17 - [MESSAGE][INFO] - Checking on bject 'Object Repository/Page_Verif_AccordeonEtatCivilDuDemandeur_Agent/span_Check_DocManquantPhotographie'

03-01-2024T16:25:19 - [MESSAGE][PASSED] - Object 'Object Repository/Page_Verif_AccordeonEtatCivilDuDemandeur_Agent/span_Check_DocManquantPhotographie' is checked

03-01-2024T16:25:19 - [TEST_STEP][PASSED] - objVoirDocPhotographie = findTestObject("Object Repository/Page_Verif_AccordeonEtatCivilDuDemandeur_Agent/span_VoirDocPhotographie"): Finding Test Object 'Object Repository/Page_Verif_AccordeonEtatCivilDuDemandeur_Agent/span_VoirDocPhotographie'

03-01-2024T16:25:19 - [MESSAGE][INFO] - Finding Test Object 'Object Repository/Page_Verif_AccordeonEtatCivilDuDemandeur_Agent/span_VoirDocPhotographie'

03-01-2024T16:25:19 - [TEST_STEP][PASSED] - tools.OpenPopupInTab.OpenBrowserTab(objVoirDocPhotographie): tools.OpenPopupInTab.OpenBrowserTab is PASSED

03-01-2024T16:25:19 - [MESSAGE][INFO] - Smart Wait Function is triggered

03-01-2024T16:25:19 - [MESSAGE][PASSED] - tools.OpenPopupInTab.OpenBrowserTab is PASSED

03-01-2024T16:25:19 - [TEST_STEP][PASSED] - tools.OpenPopupInTab.CloseBrowserTab(): tools.OpenPopupInTab.CloseBrowserTab is PASSED

03-01-2024T16:25:20 - [MESSAGE][INFO] - Delaying browser in 2 second(s)

03-01-2024T16:25:22 - [MESSAGE][PASSED] - Delayed 2 second(s)

03-01-2024T16:25:22 - [MESSAGE][INFO] - Checking index

03-01-2024T16:25:22 - [MESSAGE][INFO] - Switching window with index: '0'

03-01-2024T16:25:22 - [MESSAGE][PASSED] - Switched to window with index: '0'

03-01-2024T16:25:22 - [MESSAGE][PASSED] - tools.OpenPopupInTab.CloseBrowserTab is PASSED

03-01-2024T16:25:22 - [TEST_STEP][PASSED] - delay(2): Delayed 2 second(s)

03-01-2024T16:25:22 - [MESSAGE][INFO] - Delaying browser in 2 second(s)

03-01-2024T16:25:24 - [MESSAGE][PASSED] - Delayed 2 second(s)

03-01-2024T16:25:24 - [TEST_STEP][PASSED] - click(findTestObject("Object Repository/Page_Verif_AccordeonEtatCivilDuDemandeur_Agent/label_RejeterLeDocumentPhotographie")): Object: 'Object Repository/Page_Verif_AccordeonEtatCivilDuDemandeur_Agent/label_RejeterLeDocumentPhotographie' is clicked on

03-01-2024T16:25:24 - [MESSAGE][INFO] - Finding Test Object 'Object Repository/Page_Verif_AccordeonEtatCivilDuDemandeur_Agent/label_RejeterLeDocumentPhotographie'

03-01-2024T16:25:24 - [MESSAGE][INFO] - Checking timeout

03-01-2024T16:25:24 - [MESSAGE][INFO] - Finding web element with id: 'Object Repository/Page_Verif_AccordeonEtatCivilDuDemandeur_Agent/label_RejeterLeDocumentPhotographie' located by 'By.xpath: //div/app-etat-civil/div/div[2]/div/app-justificatifs[1]/div/div[2]/div/div[3]/anef-input-radio/div/div/fieldset/div/div[1]/p-radiobutton/label
' in '20' second(s)

03-01-2024T16:25:24 - [MESSAGE][INFO] - Smart Wait Function is triggered

03-01-2024T16:25:24 - [MESSAGE][INFO] - Found 1 web elements with id: 'Object Repository/Page_Verif_AccordeonEtatCivilDuDemandeur_Agent/label_RejeterLeDocumentPhotographie' located by 'By.xpath: //div/app-etat-civil/div/div[2]/div/app-justificatifs[1]/div/div[2]/div/div[3]/anef-input-radio/div/div/fieldset/div/div[1]/p-radiobutton/label
' in '20' second(s)

03-01-2024T16:25:24 - [MESSAGE][INFO] - Checking object

03-01-2024T16:25:24 - [MESSAGE][INFO] - Checking timeout

03-01-2024T16:25:24 - [MESSAGE][INFO] - Finding web element from Test Object's properties

03-01-2024T16:25:24 - [MESSAGE][INFO] - Checking timeout

03-01-2024T16:25:24 - [MESSAGE][INFO] - Finding web element with id: 'Object Repository/Page_Verif_AccordeonEtatCivilDuDemandeur_Agent/label_RejeterLeDocumentPhotographie' located by 'By.xpath: //div/app-etat-civil/div/div[2]/div/app-justificatifs[1]/div/div[2]/div/div[3]/anef-input-radio/div/div/fieldset/div/div[1]/p-radiobutton/label
' in '5' second(s)

03-01-2024T16:25:24 - [MESSAGE][INFO] - Smart Wait Function is triggered

03-01-2024T16:25:24 - [MESSAGE][INFO] - Found 1 web elements with id: 'Object Repository/Page_Verif_AccordeonEtatCivilDuDemandeur_Agent/label_RejeterLeDocumentPhotographie' located by 'By.xpath: //div/app-etat-civil/div/div[2]/div/app-justificatifs[1]/div/div[2]/div/div[3]/anef-input-radio/div/div/fieldset/div/div[1]/p-radiobutton/label
' in '5' second(s)

03-01-2024T16:25:24 - [MESSAGE][INFO] - Clicking on object: 'Object Repository/Page_Verif_AccordeonEtatCivilDuDemandeur_Agent/label_RejeterLeDocumentPhotographie'

03-01-2024T16:25:26 - [MESSAGE][PASSED] - Object: 'Object Repository/Page_Verif_AccordeonEtatCivilDuDemandeur_Agent/label_RejeterLeDocumentPhotographie' is clicked on

03-01-2024T16:25:26 - [TEST_STEP][PASSED] - doubleClick(findTestObject("Object Repository/Page_Verif_AccordeonEtatCivilDuDemandeur_Agent/List_MotifDuRejetPhotographie")): Object: 'Object Repository/Page_Verif_AccordeonEtatCivilDuDemandeur_Agent/List_MotifDuRejetPhotographie' is double clicked on

03-01-2024T16:25:26 - [MESSAGE][INFO] - Finding Test Object 'Object Repository/Page_Verif_AccordeonEtatCivilDuDemandeur_Agent/List_MotifDuRejetPhotographie'

03-01-2024T16:25:26 - [MESSAGE][INFO] - Checking object

03-01-2024T16:25:26 - [MESSAGE][INFO] - Finding web element from Test Object's properties

03-01-2024T16:25:26 - [MESSAGE][INFO] - Checking timeout

03-01-2024T16:25:26 - [MESSAGE][INFO] - Finding web element with id: 'Object Repository/Page_Verif_AccordeonEtatCivilDuDemandeur_Agent/List_MotifDuRejetPhotographie' located by 'By.xpath: //*[@id="motif"]/div/div[3]/label' in '5' second(s)

03-01-2024T16:25:26 - [MESSAGE][INFO] - Smart Wait Function is triggered

03-01-2024T16:25:26 - [MESSAGE][INFO] - Found 1 web elements with id: 'Object Repository/Page_Verif_AccordeonEtatCivilDuDemandeur_Agent/List_MotifDuRejetPhotographie' located by 'By.xpath: //*[@id="motif"]/div/div[3]/label' in '5' second(s)

03-01-2024T16:25:26 - [MESSAGE][INFO] - Double clicking on object: 'Object Repository/Page_Verif_AccordeonEtatCivilDuDemandeur_Agent/List_MotifDuRejetPhotographie'

03-01-2024T16:25:27 - [MESSAGE][PASSED] - Object: 'Object Repository/Page_Verif_AccordeonEtatCivilDuDemandeur_Agent/List_MotifDuRejetPhotographie' is double clicked on

03-01-2024T16:25:27 - [TEST_STEP][PASSED] - setText(findTestObject("Object Repository/Page_Verif_AccordeonEtatCivilDuDemandeur_Agent/Txt_ObservationPourDemandeurPhotographie"), "Observations Photographie pour le demandeur"): Text 'Observations Photographie pour le demandeur' is set on object 'Object Repository/Page_Verif_AccordeonEtatCivilDuDemandeur_Agent/Txt_ObservationPourDemandeurPhotographie'

03-01-2024T16:25:27 - [MESSAGE][INFO] - Finding Test Object 'Object Repository/Page_Verif_AccordeonEtatCivilDuDemandeur_Agent/Txt_ObservationPourDemandeurPhotographie'

03-01-2024T16:25:27 - [MESSAGE][INFO] - Checking timeout

03-01-2024T16:25:27 - [MESSAGE][INFO] - Finding web element with id: 'Object Repository/Page_Verif_AccordeonEtatCivilDuDemandeur_Agent/Txt_ObservationPourDemandeurPhotographie' located by 'By.xpath: //*[@id="observation"]' in '20' second(s)

03-01-2024T16:25:27 - [MESSAGE][INFO] - Smart Wait Function is triggered

03-01-2024T16:25:27 - [MESSAGE][INFO] - Found 1 web elements with id: 'Object Repository/Page_Verif_AccordeonEtatCivilDuDemandeur_Agent/Txt_ObservationPourDemandeurPhotographie' located by 'By.xpath: //*[@id="observation"]' in '20' second(s)

03-01-2024T16:25:27 - [MESSAGE][INFO] - Checking object

03-01-2024T16:25:27 - [MESSAGE][INFO] - Checking text

03-01-2024T16:25:27 - [MESSAGE][INFO] - Finding web element from Test Object's properties

03-01-2024T16:25:27 - [MESSAGE][INFO] - Checking timeout

03-01-2024T16:25:27 - [MESSAGE][INFO] - Finding web element with id: 'Object Repository/Page_Verif_AccordeonEtatCivilDuDemandeur_Agent/Txt_ObservationPourDemandeurPhotographie' located by 'By.xpath: //*[@id="observation"]' in '5' second(s)

03-01-2024T16:25:27 - [MESSAGE][INFO] - Smart Wait Function is triggered

03-01-2024T16:25:27 - [MESSAGE][INFO] - Found 1 web elements with id: 'Object Repository/Page_Verif_AccordeonEtatCivilDuDemandeur_Agent/Txt_ObservationPourDemandeurPhotographie' located by 'By.xpath: //*[@id="observation"]' in '5' second(s)

03-01-2024T16:25:27 - [MESSAGE][INFO] - Clearing text of object 'Object Repository/Page_Verif_AccordeonEtatCivilDuDemandeur_Agent/Txt_ObservationPourDemandeurPhotographie'

03-01-2024T16:25:29 - [MESSAGE][INFO] - Finding web element from Test Object's properties

03-01-2024T16:25:29 - [MESSAGE][INFO] - Checking timeout

03-01-2024T16:25:29 - [MESSAGE][INFO] - Finding web element with id: 'Object Repository/Page_Verif_AccordeonEtatCivilDuDemandeur_Agent/Txt_ObservationPourDemandeurPhotographie' located by 'By.xpath: //*[@id="observation"]' in '5' second(s)

03-01-2024T16:25:29 - [MESSAGE][INFO] - Smart Wait Function is triggered

03-01-2024T16:25:29 - [MESSAGE][INFO] - Found 1 web elements with id: 'Object Repository/Page_Verif_AccordeonEtatCivilDuDemandeur_Agent/Txt_ObservationPourDemandeurPhotographie' located by 'By.xpath: //*[@id="observation"]' in '5' second(s)

03-01-2024T16:25:29 - [MESSAGE][INFO] - Setting text of object 'Object Repository/Page_Verif_AccordeonEtatCivilDuDemandeur_Agent/Txt_ObservationPourDemandeurPhotographie' to value 'Observations Photographie pour le demandeur'

03-01-2024T16:25:31 - [MESSAGE][PASSED] - Text 'Observations Photographie pour le demandeur' is set on object 'Object Repository/Page_Verif_AccordeonEtatCivilDuDemandeur_Agent/Txt_ObservationPourDemandeurPhotographie'

03-01-2024T16:25:31 - [TEST_STEP][PASSED] - click(findTestObject("Object Repository/Page_Verif_AccordeonEtatCivilDuDemandeur_Agent/div_AccepterLeDocumentPhotographie")): Object: 'Object Repository/Page_Verif_AccordeonEtatCivilDuDemandeur_Agent/div_AccepterLeDocumentPhotographie' is clicked on

03-01-2024T16:25:31 - [MESSAGE][INFO] - Finding Test Object 'Object Repository/Page_Verif_AccordeonEtatCivilDuDemandeur_Agent/div_AccepterLeDocumentPhotographie'

03-01-2024T16:25:31 - [MESSAGE][INFO] - Checking timeout

03-01-2024T16:25:31 - [MESSAGE][INFO] - Finding web element with id: 'Object Repository/Page_Verif_AccordeonEtatCivilDuDemandeur_Agent/div_AccepterLeDocumentPhotographie' located by 'By.xpath: //div/app-etat-civil/div/div[2]/div/app-justificatifs[1]/div/div[2]/div/div[3]/anef-input-radio/div/div/fieldset/div/div[2]/p-radiobutton/div/div[2]' in '20' second(s)

03-01-2024T16:25:31 - [MESSAGE][INFO] - Smart Wait Function is triggered

03-01-2024T16:25:31 - [MESSAGE][INFO] - Found 1 web elements with id: 'Object Repository/Page_Verif_AccordeonEtatCivilDuDemandeur_Agent/div_AccepterLeDocumentPhotographie' located by 'By.xpath: //div/app-etat-civil/div/div[2]/div/app-justificatifs[1]/div/div[2]/div/div[3]/anef-input-radio/div/div/fieldset/div/div[2]/p-radiobutton/div/div[2]' in '20' second(s)

03-01-2024T16:25:31 - [MESSAGE][INFO] - Checking object

03-01-2024T16:25:31 - [MESSAGE][INFO] - Checking timeout

03-01-2024T16:25:31 - [MESSAGE][INFO] - Finding web element from Test Object's properties

03-01-2024T16:25:31 - [MESSAGE][INFO] - Checking timeout

03-01-2024T16:25:31 - [MESSAGE][INFO] - Finding web element with id: 'Object Repository/Page_Verif_AccordeonEtatCivilDuDemandeur_Agent/div_AccepterLeDocumentPhotographie' located by 'By.xpath: //div/app-etat-civil/div/div[2]/div/app-justificatifs[1]/div/div[2]/div/div[3]/anef-input-radio/div/div/fieldset/div/div[2]/p-radiobutton/div/div[2]' in '5' second(s)

03-01-2024T16:25:31 - [MESSAGE][INFO] - Smart Wait Function is triggered

03-01-2024T16:25:31 - [MESSAGE][INFO] - Found 1 web elements with id: 'Object Repository/Page_Verif_AccordeonEtatCivilDuDemandeur_Agent/div_AccepterLeDocumentPhotographie' located by 'By.xpath: //div/app-etat-civil/div/div[2]/div/app-justificatifs[1]/div/div[2]/div/div[3]/anef-input-radio/div/div/fieldset/div/div[2]/p-radiobutton/div/div[2]' in '5' second(s)

03-01-2024T16:25:31 - [MESSAGE][INFO] - Clicking on object: 'Object Repository/Page_Verif_AccordeonEtatCivilDuDemandeur_Agent/div_AccepterLeDocumentPhotographie'

03-01-2024T16:25:33 - [MESSAGE][PASSED] - Object: 'Object Repository/Page_Verif_AccordeonEtatCivilDuDemandeur_Agent/div_AccepterLeDocumentPhotographie' is clicked on

03-01-2024T16:25:33 - [TEST_STEP][PASSED] - if (verifyElementPresent(findTestObject("Object Repository/Page_Verif_AccordeonEtatCivilDuDemandeur_Agent/span_Check_DocManquantSignature"), 3, OPTIONAL)): null

03-01-2024T16:25:33 - [MESSAGE][INFO] - Finding Test Object 'Object Repository/Page_Verif_AccordeonEtatCivilDuDemandeur_Agent/span_Check_DocManquantSignature'

03-01-2024T16:25:34 - [MESSAGE][INFO] - Checking object

03-01-2024T16:25:34 - [MESSAGE][INFO] - Finding web element from Test Object's properties

03-01-2024T16:25:34 - [MESSAGE][INFO] - Checking timeout

03-01-2024T16:25:34 - [MESSAGE][INFO] - Finding web element with id: 'Object Repository/Page_Verif_AccordeonEtatCivilDuDemandeur_Agent/span_Check_DocManquantSignature' located by 'By.xpath: //div/app-etat-civil/div/div[2]/div/app-justificatifs[2]/div/div[1]/anef-input-check/div/div/p-checkbox/div/div[2]' in '3' second(s)

03-01-2024T16:25:34 - [MESSAGE][INFO] - Smart Wait Function is triggered

03-01-2024T16:25:34 - [MESSAGE][INFO] - Found 1 web elements with id: 'Object Repository/Page_Verif_AccordeonEtatCivilDuDemandeur_Agent/span_Check_DocManquantSignature' located by 'By.xpath: //div/app-etat-civil/div/div[2]/div/app-justificatifs[2]/div/div[1]/anef-input-check/div/div/p-checkbox/div/div[2]' in '3' second(s)

03-01-2024T16:25:34 - [MESSAGE][PASSED] - Object 'Object Repository/Page_Verif_AccordeonEtatCivilDuDemandeur_Agent/span_Check_DocManquantSignature' is present

03-01-2024T16:25:34 - [TEST_STEP][PASSED] - DocManquantSignature = findTestObject("Object Repository/Page_Verif_AccordeonEtatCivilDuDemandeur_Agent/span_Check_DocManquantSignature"): Finding Test Object 'Object Repository/Page_Verif_AccordeonEtatCivilDuDemandeur_Agent/span_Check_DocManquantSignature'

03-01-2024T16:25:34 - [MESSAGE][INFO] - Finding Test Object 'Object Repository/Page_Verif_AccordeonEtatCivilDuDemandeur_Agent/span_Check_DocManquantSignature'

03-01-2024T16:25:34 - [TEST_STEP][PASSED] - verifyElementPresent(DocManquantSignature, 1): Object 'Object Repository/Page_Verif_AccordeonEtatCivilDuDemandeur_Agent/span_Check_DocManquantSignature' is present

03-01-2024T16:25:34 - [MESSAGE][INFO] - Checking object

03-01-2024T16:25:34 - [MESSAGE][INFO] - Finding web element from Test Object's properties

03-01-2024T16:25:34 - [MESSAGE][INFO] - Checking timeout

03-01-2024T16:25:34 - [MESSAGE][INFO] - Finding web element with id: 'Object Repository/Page_Verif_AccordeonEtatCivilDuDemandeur_Agent/span_Check_DocManquantSignature' located by 'By.xpath: //div/app-etat-civil/div/div[2]/div/app-justificatifs[2]/div/div[1]/anef-input-check/div/div/p-checkbox/div/div[2]' in '1' second(s)

03-01-2024T16:25:34 - [MESSAGE][INFO] - Smart Wait Function is triggered

03-01-2024T16:25:34 - [MESSAGE][INFO] - Found 1 web elements with id: 'Object Repository/Page_Verif_AccordeonEtatCivilDuDemandeur_Agent/span_Check_DocManquantSignature' located by 'By.xpath: //div/app-etat-civil/div/div[2]/div/app-justificatifs[2]/div/div[1]/anef-input-check/div/div/p-checkbox/div/div[2]' in '1' second(s)

03-01-2024T16:25:34 - [MESSAGE][PASSED] - Object 'Object Repository/Page_Verif_AccordeonEtatCivilDuDemandeur_Agent/span_Check_DocManquantSignature' is present

03-01-2024T16:25:34 - [TEST_STEP][PASSED] - check(DocManquantSignature): Object 'Object Repository/Page_Verif_AccordeonEtatCivilDuDemandeur_Agent/span_Check_DocManquantSignature' is checked

03-01-2024T16:25:34 - [MESSAGE][INFO] - Checking object

03-01-2024T16:25:34 - [MESSAGE][INFO] - Finding web element from Test Object's properties

03-01-2024T16:25:34 - [MESSAGE][INFO] - Checking timeout

03-01-2024T16:25:34 - [MESSAGE][INFO] - Finding web element with id: 'Object Repository/Page_Verif_AccordeonEtatCivilDuDemandeur_Agent/span_Check_DocManquantSignature' located by 'By.xpath: //div/app-etat-civil/div/div[2]/div/app-justificatifs[2]/div/div[1]/anef-input-check/div/div/p-checkbox/div/div[2]' in '5' second(s)

03-01-2024T16:25:34 - [MESSAGE][INFO] - Smart Wait Function is triggered

03-01-2024T16:25:34 - [MESSAGE][INFO] - Found 1 web elements with id: 'Object Repository/Page_Verif_AccordeonEtatCivilDuDemandeur_Agent/span_Check_DocManquantSignature' located by 'By.xpath: //div/app-etat-civil/div/div[2]/div/app-justificatifs[2]/div/div[1]/anef-input-check/div/div/p-checkbox/div/div[2]' in '5' second(s)

03-01-2024T16:25:34 - [MESSAGE][INFO] - Checking on bject 'Object Repository/Page_Verif_AccordeonEtatCivilDuDemandeur_Agent/span_Check_DocManquantSignature'

03-01-2024T16:25:36 - [MESSAGE][PASSED] - Object 'Object Repository/Page_Verif_AccordeonEtatCivilDuDemandeur_Agent/span_Check_DocManquantSignature' is checked

03-01-2024T16:25:36 - [TEST_STEP][PASSED] - MsgDocumentManquantSignature = findTestObject("Object Repository/Page_Verif_AccordeonEtatCivilDuDemandeur_Agent/label_MsgDocumentManquantSignature"): Finding Test Object 'Object Repository/Page_Verif_AccordeonEtatCivilDuDemandeur_Agent/label_MsgDocumentManquantSignature'

03-01-2024T16:25:36 - [MESSAGE][INFO] - Finding Test Object 'Object Repository/Page_Verif_AccordeonEtatCivilDuDemandeur_Agent/label_MsgDocumentManquantSignature'

03-01-2024T16:25:36 - [TEST_STEP][PASSED] - verifyElementPresent(MsgDocumentManquantSignature, 1): Object 'Object Repository/Page_Verif_AccordeonEtatCivilDuDemandeur_Agent/label_MsgDocumentManquantSignature' is present

03-01-2024T16:25:36 - [MESSAGE][INFO] - Checking object

03-01-2024T16:25:36 - [MESSAGE][INFO] - Finding web element from Test Object's properties

03-01-2024T16:25:36 - [MESSAGE][INFO] - Checking timeout

03-01-2024T16:25:36 - [MESSAGE][INFO] - Finding web element with id: 'Object Repository/Page_Verif_AccordeonEtatCivilDuDemandeur_Agent/label_MsgDocumentManquantSignature' located by 'By.xpath: //*[@id="observation-label"]' in '1' second(s)

03-01-2024T16:25:36 - [MESSAGE][INFO] - Smart Wait Function is triggered

03-01-2024T16:25:36 - [MESSAGE][INFO] - Found 1 web elements with id: 'Object Repository/Page_Verif_AccordeonEtatCivilDuDemandeur_Agent/label_MsgDocumentManquantSignature' located by 'By.xpath: //*[@id="observation-label"]' in '1' second(s)

03-01-2024T16:25:36 - [MESSAGE][PASSED] - Object 'Object Repository/Page_Verif_AccordeonEtatCivilDuDemandeur_Agent/label_MsgDocumentManquantSignature' is present

03-01-2024T16:25:36 - [TEST_STEP][PASSED] - TitreMsgDocumentManquantSignature = getText(MsgDocumentManquantSignature): Text of object 'Object Repository/Page_Verif_AccordeonEtatCivilDuDemandeur_Agent/label_MsgDocumentManquantSignature' is: 'Préciser le document manquant au demandeur * :'

03-01-2024T16:25:36 - [MESSAGE][INFO] - Checking object

03-01-2024T16:25:36 - [MESSAGE][INFO] - Finding web element from Test Object's properties

03-01-2024T16:25:36 - [MESSAGE][INFO] - Checking timeout

03-01-2024T16:25:36 - [MESSAGE][INFO] - Finding web element with id: 'Object Repository/Page_Verif_AccordeonEtatCivilDuDemandeur_Agent/label_MsgDocumentManquantSignature' located by 'By.xpath: //*[@id="observation-label"]' in '5' second(s)

03-01-2024T16:25:36 - [MESSAGE][INFO] - Smart Wait Function is triggered

03-01-2024T16:25:36 - [MESSAGE][INFO] - Found 1 web elements with id: 'Object Repository/Page_Verif_AccordeonEtatCivilDuDemandeur_Agent/label_MsgDocumentManquantSignature' located by 'By.xpath: //*[@id="observation-label"]' in '5' second(s)

03-01-2024T16:25:36 - [MESSAGE][INFO] - Getting text of object 'Object Repository/Page_Verif_AccordeonEtatCivilDuDemandeur_Agent/label_MsgDocumentManquantSignature'

03-01-2024T16:25:36 - [MESSAGE][PASSED] - Text of object 'Object Repository/Page_Verif_AccordeonEtatCivilDuDemandeur_Agent/label_MsgDocumentManquantSignature' is: 'Préciser le document manquant au demandeur * :'

03-01-2024T16:25:36 - [TEST_STEP][PASSED] - if (!(TitreMsgDocumentManquantSignature.contains("Préciser le document manquant au demandeur * :"))): null

03-01-2024T16:25:36 - [TEST_STEP][PASSED] - else: Le Titre  de Message est bien Affiché : Préciser le document manquant Signature au demandeur.

03-01-2024T16:25:36 - [TEST_STEP][PASSED] - markPassed("Le Titre  de Message est bien Affiché : Préciser le document manquant Signature au demandeur."): Le Titre  de Message est bien Affiché : Préciser le document manquant Signature au demandeur.

03-01-2024T16:25:36 - [MESSAGE][PASSED] - Le Titre  de Message est bien Affiché : Préciser le document manquant Signature au demandeur.

03-01-2024T16:25:36 - [TEST_STEP][PASSED] - TxtDocManquantSignature = findTestObject("Object Repository/Page_Verif_AccordeonEtatCivilDuDemandeur_Agent/TextArea_TextDocManquantSignature"): Finding Test Object 'Object Repository/Page_Verif_AccordeonEtatCivilDuDemandeur_Agent/TextArea_TextDocManquantSignature'

03-01-2024T16:25:36 - [MESSAGE][INFO] - Finding Test Object 'Object Repository/Page_Verif_AccordeonEtatCivilDuDemandeur_Agent/TextArea_TextDocManquantSignature'

03-01-2024T16:25:36 - [TEST_STEP][PASSED] - verifyElementPresent(TxtDocManquantSignature, 1): Object 'Object Repository/Page_Verif_AccordeonEtatCivilDuDemandeur_Agent/TextArea_TextDocManquantSignature' is present

03-01-2024T16:25:36 - [MESSAGE][INFO] - Checking object

03-01-2024T16:25:36 - [MESSAGE][INFO] - Finding web element from Test Object's properties

03-01-2024T16:25:36 - [MESSAGE][INFO] - Checking timeout

03-01-2024T16:25:36 - [MESSAGE][INFO] - Finding web element with id: 'Object Repository/Page_Verif_AccordeonEtatCivilDuDemandeur_Agent/TextArea_TextDocManquantSignature' located by 'By.xpath: //*[@id="observation"]' in '1' second(s)

03-01-2024T16:25:36 - [MESSAGE][INFO] - Smart Wait Function is triggered

03-01-2024T16:25:36 - [MESSAGE][INFO] - Found 1 web elements with id: 'Object Repository/Page_Verif_AccordeonEtatCivilDuDemandeur_Agent/TextArea_TextDocManquantSignature' located by 'By.xpath: //*[@id="observation"]' in '1' second(s)

03-01-2024T16:25:36 - [MESSAGE][PASSED] - Object 'Object Repository/Page_Verif_AccordeonEtatCivilDuDemandeur_Agent/TextArea_TextDocManquantSignature' is present

03-01-2024T16:25:36 - [TEST_STEP][PASSED] - setText(TxtDocManquantSignature, "Préciser le document manquant Signature au demandeur"): Text 'Préciser le document manquant Signature au demandeur' is set on object 'Object Repository/Page_Verif_AccordeonEtatCivilDuDemandeur_Agent/TextArea_TextDocManquantSignature'

03-01-2024T16:25:36 - [MESSAGE][INFO] - Checking timeout

03-01-2024T16:25:36 - [MESSAGE][INFO] - Finding web element with id: 'Object Repository/Page_Verif_AccordeonEtatCivilDuDemandeur_Agent/TextArea_TextDocManquantSignature' located by 'By.xpath: //*[@id="observation"]' in '20' second(s)

03-01-2024T16:25:36 - [MESSAGE][INFO] - Smart Wait Function is triggered

03-01-2024T16:25:36 - [MESSAGE][INFO] - Found 1 web elements with id: 'Object Repository/Page_Verif_AccordeonEtatCivilDuDemandeur_Agent/TextArea_TextDocManquantSignature' located by 'By.xpath: //*[@id="observation"]' in '20' second(s)

03-01-2024T16:25:36 - [MESSAGE][INFO] - Checking object

03-01-2024T16:25:36 - [MESSAGE][INFO] - Checking text

03-01-2024T16:25:36 - [MESSAGE][INFO] - Finding web element from Test Object's properties

03-01-2024T16:25:36 - [MESSAGE][INFO] - Checking timeout

03-01-2024T16:25:36 - [MESSAGE][INFO] - Finding web element with id: 'Object Repository/Page_Verif_AccordeonEtatCivilDuDemandeur_Agent/TextArea_TextDocManquantSignature' located by 'By.xpath: //*[@id="observation"]' in '5' second(s)

03-01-2024T16:25:36 - [MESSAGE][INFO] - Smart Wait Function is triggered

03-01-2024T16:25:36 - [MESSAGE][INFO] - Found 1 web elements with id: 'Object Repository/Page_Verif_AccordeonEtatCivilDuDemandeur_Agent/TextArea_TextDocManquantSignature' located by 'By.xpath: //*[@id="observation"]' in '5' second(s)

03-01-2024T16:25:36 - [MESSAGE][INFO] - Clearing text of object 'Object Repository/Page_Verif_AccordeonEtatCivilDuDemandeur_Agent/TextArea_TextDocManquantSignature'

03-01-2024T16:25:38 - [MESSAGE][INFO] - Finding web element from Test Object's properties

03-01-2024T16:25:38 - [MESSAGE][INFO] - Checking timeout

03-01-2024T16:25:38 - [MESSAGE][INFO] - Finding web element with id: 'Object Repository/Page_Verif_AccordeonEtatCivilDuDemandeur_Agent/TextArea_TextDocManquantSignature' located by 'By.xpath: //*[@id="observation"]' in '5' second(s)

03-01-2024T16:25:38 - [MESSAGE][INFO] - Smart Wait Function is triggered

03-01-2024T16:25:38 - [MESSAGE][INFO] - Found 1 web elements with id: 'Object Repository/Page_Verif_AccordeonEtatCivilDuDemandeur_Agent/TextArea_TextDocManquantSignature' located by 'By.xpath: //*[@id="observation"]' in '5' second(s)

03-01-2024T16:25:38 - [MESSAGE][INFO] - Setting text of object 'Object Repository/Page_Verif_AccordeonEtatCivilDuDemandeur_Agent/TextArea_TextDocManquantSignature' to value 'Préciser le document manquant Signature au demandeur'

03-01-2024T16:25:41 - [MESSAGE][PASSED] - Text 'Préciser le document manquant Signature au demandeur' is set on object 'Object Repository/Page_Verif_AccordeonEtatCivilDuDemandeur_Agent/TextArea_TextDocManquantSignature'

03-01-2024T16:25:41 - [TEST_STEP][PASSED] - check(DocManquantSignature): Object 'Object Repository/Page_Verif_AccordeonEtatCivilDuDemandeur_Agent/span_Check_DocManquantSignature' is checked

03-01-2024T16:25:41 - [MESSAGE][INFO] - Checking object

03-01-2024T16:25:41 - [MESSAGE][INFO] - Finding web element from Test Object's properties

03-01-2024T16:25:41 - [MESSAGE][INFO] - Checking timeout

03-01-2024T16:25:41 - [MESSAGE][INFO] - Finding web element with id: 'Object Repository/Page_Verif_AccordeonEtatCivilDuDemandeur_Agent/span_Check_DocManquantSignature' located by 'By.xpath: //div/app-etat-civil/div/div[2]/div/app-justificatifs[2]/div/div[1]/anef-input-check/div/div/p-checkbox/div/div[2]' in '5' second(s)

03-01-2024T16:25:41 - [MESSAGE][INFO] - Smart Wait Function is triggered

03-01-2024T16:25:41 - [MESSAGE][INFO] - Found 1 web elements with id: 'Object Repository/Page_Verif_AccordeonEtatCivilDuDemandeur_Agent/span_Check_DocManquantSignature' located by 'By.xpath: //div/app-etat-civil/div/div[2]/div/app-justificatifs[2]/div/div[1]/anef-input-check/div/div/p-checkbox/div/div[2]' in '5' second(s)

03-01-2024T16:25:41 - [MESSAGE][INFO] - Checking on bject 'Object Repository/Page_Verif_AccordeonEtatCivilDuDemandeur_Agent/span_Check_DocManquantSignature'

03-01-2024T16:25:43 - [MESSAGE][PASSED] - Object 'Object Repository/Page_Verif_AccordeonEtatCivilDuDemandeur_Agent/span_Check_DocManquantSignature' is checked

03-01-2024T16:25:43 - [TEST_STEP][PASSED] - objVoirDocSignature = findTestObject("Object Repository/Page_Verif_AccordeonEtatCivilDuDemandeur_Agent/span_VoirDocSignature"): Finding Test Object 'Object Repository/Page_Verif_AccordeonEtatCivilDuDemandeur_Agent/span_VoirDocSignature'

03-01-2024T16:25:43 - [MESSAGE][INFO] - Finding Test Object 'Object Repository/Page_Verif_AccordeonEtatCivilDuDemandeur_Agent/span_VoirDocSignature'

03-01-2024T16:25:43 - [TEST_STEP][PASSED] - tools.OpenPopupInTab.OpenBrowserTab(objVoirDocSignature): tools.OpenPopupInTab.OpenBrowserTab is PASSED

03-01-2024T16:25:43 - [MESSAGE][INFO] - Smart Wait Function is triggered

03-01-2024T16:25:43 - [MESSAGE][PASSED] - tools.OpenPopupInTab.OpenBrowserTab is PASSED

03-01-2024T16:25:43 - [TEST_STEP][PASSED] - tools.OpenPopupInTab.CloseBrowserTab(): tools.OpenPopupInTab.CloseBrowserTab is PASSED

03-01-2024T16:25:43 - [MESSAGE][INFO] - Delaying browser in 2 second(s)

03-01-2024T16:25:45 - [MESSAGE][PASSED] - Delayed 2 second(s)

03-01-2024T16:25:45 - [MESSAGE][INFO] - Checking index

03-01-2024T16:25:45 - [MESSAGE][INFO] - Switching window with index: '0'

03-01-2024T16:25:45 - [MESSAGE][PASSED] - Switched to window with index: '0'

03-01-2024T16:25:45 - [MESSAGE][PASSED] - tools.OpenPopupInTab.CloseBrowserTab is PASSED

03-01-2024T16:25:45 - [TEST_STEP][PASSED] - delay(2): Delayed 2 second(s)

03-01-2024T16:25:45 - [MESSAGE][INFO] - Delaying browser in 2 second(s)

03-01-2024T16:25:47 - [MESSAGE][PASSED] - Delayed 2 second(s)

03-01-2024T16:25:47 - [TEST_STEP][PASSED] - click(findTestObject("Object Repository/Page_Verif_AccordeonEtatCivilDuDemandeur_Agent/label_RejeterLeDocumentSignature")): Object: 'Object Repository/Page_Verif_AccordeonEtatCivilDuDemandeur_Agent/label_RejeterLeDocumentSignature' is clicked on

03-01-2024T16:25:47 - [MESSAGE][INFO] - Finding Test Object 'Object Repository/Page_Verif_AccordeonEtatCivilDuDemandeur_Agent/label_RejeterLeDocumentSignature'

03-01-2024T16:25:47 - [MESSAGE][INFO] - Checking timeout

03-01-2024T16:25:47 - [MESSAGE][INFO] - Finding web element with id: 'Object Repository/Page_Verif_AccordeonEtatCivilDuDemandeur_Agent/label_RejeterLeDocumentSignature' located by 'By.xpath: //div/app-etat-civil/div/div[2]/div/app-justificatifs[2]/div/div[2]/div/div[2]/anef-input-radio/div/div/fieldset/div/div[1]/p-radiobutton/label' in '20' second(s)

03-01-2024T16:25:47 - [MESSAGE][INFO] - Smart Wait Function is triggered

03-01-2024T16:25:47 - [MESSAGE][INFO] - Found 1 web elements with id: 'Object Repository/Page_Verif_AccordeonEtatCivilDuDemandeur_Agent/label_RejeterLeDocumentSignature' located by 'By.xpath: //div/app-etat-civil/div/div[2]/div/app-justificatifs[2]/div/div[2]/div/div[2]/anef-input-radio/div/div/fieldset/div/div[1]/p-radiobutton/label' in '20' second(s)

03-01-2024T16:25:47 - [MESSAGE][INFO] - Checking object

03-01-2024T16:25:47 - [MESSAGE][INFO] - Checking timeout

03-01-2024T16:25:47 - [MESSAGE][INFO] - Finding web element from Test Object's properties

03-01-2024T16:25:47 - [MESSAGE][INFO] - Checking timeout

03-01-2024T16:25:47 - [MESSAGE][INFO] - Finding web element with id: 'Object Repository/Page_Verif_AccordeonEtatCivilDuDemandeur_Agent/label_RejeterLeDocumentSignature' located by 'By.xpath: //div/app-etat-civil/div/div[2]/div/app-justificatifs[2]/div/div[2]/div/div[2]/anef-input-radio/div/div/fieldset/div/div[1]/p-radiobutton/label' in '5' second(s)

03-01-2024T16:25:47 - [MESSAGE][INFO] - Smart Wait Function is triggered

03-01-2024T16:25:47 - [MESSAGE][INFO] - Found 1 web elements with id: 'Object Repository/Page_Verif_AccordeonEtatCivilDuDemandeur_Agent/label_RejeterLeDocumentSignature' located by 'By.xpath: //div/app-etat-civil/div/div[2]/div/app-justificatifs[2]/div/div[2]/div/div[2]/anef-input-radio/div/div/fieldset/div/div[1]/p-radiobutton/label' in '5' second(s)

03-01-2024T16:25:47 - [MESSAGE][INFO] - Clicking on object: 'Object Repository/Page_Verif_AccordeonEtatCivilDuDemandeur_Agent/label_RejeterLeDocumentSignature'

03-01-2024T16:25:49 - [MESSAGE][PASSED] - Object: 'Object Repository/Page_Verif_AccordeonEtatCivilDuDemandeur_Agent/label_RejeterLeDocumentSignature' is clicked on

03-01-2024T16:25:49 - [TEST_STEP][PASSED] - doubleClick(findTestObject("Object Repository/Page_Verif_AccordeonEtatCivilDuDemandeur_Agent/List_MotifDuRejetSignature")): Object: 'Object Repository/Page_Verif_AccordeonEtatCivilDuDemandeur_Agent/List_MotifDuRejetSignature' is double clicked on

03-01-2024T16:25:49 - [MESSAGE][INFO] - Finding Test Object 'Object Repository/Page_Verif_AccordeonEtatCivilDuDemandeur_Agent/List_MotifDuRejetSignature'

03-01-2024T16:25:49 - [MESSAGE][INFO] - Checking object

03-01-2024T16:25:49 - [MESSAGE][INFO] - Finding web element from Test Object's properties

03-01-2024T16:25:49 - [MESSAGE][INFO] - Checking timeout

03-01-2024T16:25:49 - [MESSAGE][INFO] - Finding web element with id: 'Object Repository/Page_Verif_AccordeonEtatCivilDuDemandeur_Agent/List_MotifDuRejetSignature' located by 'By.xpath: //*[@id="motif"]/div/div[3]/label' in '5' second(s)

03-01-2024T16:25:49 - [MESSAGE][INFO] - Smart Wait Function is triggered

03-01-2024T16:25:49 - [MESSAGE][INFO] - Found 1 web elements with id: 'Object Repository/Page_Verif_AccordeonEtatCivilDuDemandeur_Agent/List_MotifDuRejetSignature' located by 'By.xpath: //*[@id="motif"]/div/div[3]/label' in '5' second(s)

03-01-2024T16:25:49 - [MESSAGE][INFO] - Double clicking on object: 'Object Repository/Page_Verif_AccordeonEtatCivilDuDemandeur_Agent/List_MotifDuRejetSignature'

03-01-2024T16:25:50 - [MESSAGE][PASSED] - Object: 'Object Repository/Page_Verif_AccordeonEtatCivilDuDemandeur_Agent/List_MotifDuRejetSignature' is double clicked on

03-01-2024T16:25:50 - [TEST_STEP][PASSED] - setText(findTestObject("Object Repository/Page_Verif_AccordeonEtatCivilDuDemandeur_Agent/Txt_ObservationPourDemandeurSignature"), "Observations Signature pour le demandeur"): Text 'Observations Signature pour le demandeur' is set on object 'Object Repository/Page_Verif_AccordeonEtatCivilDuDemandeur_Agent/Txt_ObservationPourDemandeurSignature'

03-01-2024T16:25:50 - [MESSAGE][INFO] - Finding Test Object 'Object Repository/Page_Verif_AccordeonEtatCivilDuDemandeur_Agent/Txt_ObservationPourDemandeurSignature'

03-01-2024T16:25:50 - [MESSAGE][INFO] - Checking timeout

03-01-2024T16:25:50 - [MESSAGE][INFO] - Finding web element with id: 'Object Repository/Page_Verif_AccordeonEtatCivilDuDemandeur_Agent/Txt_ObservationPourDemandeurSignature' located by 'By.xpath: //*[@id="observation"]' in '20' second(s)

03-01-2024T16:25:50 - [MESSAGE][INFO] - Smart Wait Function is triggered

03-01-2024T16:25:50 - [MESSAGE][INFO] - Found 1 web elements with id: 'Object Repository/Page_Verif_AccordeonEtatCivilDuDemandeur_Agent/Txt_ObservationPourDemandeurSignature' located by 'By.xpath: //*[@id="observation"]' in '20' second(s)

03-01-2024T16:25:50 - [MESSAGE][INFO] - Checking object

03-01-2024T16:25:50 - [MESSAGE][INFO] - Checking text

03-01-2024T16:25:50 - [MESSAGE][INFO] - Finding web element from Test Object's properties

03-01-2024T16:25:50 - [MESSAGE][INFO] - Checking timeout

03-01-2024T16:25:50 - [MESSAGE][INFO] - Finding web element with id: 'Object Repository/Page_Verif_AccordeonEtatCivilDuDemandeur_Agent/Txt_ObservationPourDemandeurSignature' located by 'By.xpath: //*[@id="observation"]' in '5' second(s)

03-01-2024T16:25:50 - [MESSAGE][INFO] - Smart Wait Function is triggered

03-01-2024T16:25:50 - [MESSAGE][INFO] - Found 1 web elements with id: 'Object Repository/Page_Verif_AccordeonEtatCivilDuDemandeur_Agent/Txt_ObservationPourDemandeurSignature' located by 'By.xpath: //*[@id="observation"]' in '5' second(s)

03-01-2024T16:25:50 - [MESSAGE][INFO] - Clearing text of object 'Object Repository/Page_Verif_AccordeonEtatCivilDuDemandeur_Agent/Txt_ObservationPourDemandeurSignature'

03-01-2024T16:25:52 - [MESSAGE][INFO] - Finding web element from Test Object's properties

03-01-2024T16:25:52 - [MESSAGE][INFO] - Checking timeout

03-01-2024T16:25:52 - [MESSAGE][INFO] - Finding web element with id: 'Object Repository/Page_Verif_AccordeonEtatCivilDuDemandeur_Agent/Txt_ObservationPourDemandeurSignature' located by 'By.xpath: //*[@id="observation"]' in '5' second(s)

03-01-2024T16:25:52 - [MESSAGE][INFO] - Smart Wait Function is triggered

03-01-2024T16:25:52 - [MESSAGE][INFO] - Found 1 web elements with id: 'Object Repository/Page_Verif_AccordeonEtatCivilDuDemandeur_Agent/Txt_ObservationPourDemandeurSignature' located by 'By.xpath: //*[@id="observation"]' in '5' second(s)

03-01-2024T16:25:52 - [MESSAGE][INFO] - Setting text of object 'Object Repository/Page_Verif_AccordeonEtatCivilDuDemandeur_Agent/Txt_ObservationPourDemandeurSignature' to value 'Observations Signature pour le demandeur'

03-01-2024T16:25:54 - [MESSAGE][PASSED] - Text 'Observations Signature pour le demandeur' is set on object 'Object Repository/Page_Verif_AccordeonEtatCivilDuDemandeur_Agent/Txt_ObservationPourDemandeurSignature'

03-01-2024T16:25:54 - [TEST_STEP][PASSED] - click(findTestObject("Object Repository/Page_Verif_AccordeonEtatCivilDuDemandeur_Agent/div_AccepterLeDocumentSignature")): Object: 'Object Repository/Page_Verif_AccordeonEtatCivilDuDemandeur_Agent/div_AccepterLeDocumentSignature' is clicked on

03-01-2024T16:25:54 - [MESSAGE][INFO] - Finding Test Object 'Object Repository/Page_Verif_AccordeonEtatCivilDuDemandeur_Agent/div_AccepterLeDocumentSignature'

03-01-2024T16:25:54 - [MESSAGE][INFO] - Checking timeout

03-01-2024T16:25:54 - [MESSAGE][INFO] - Finding web element with id: 'Object Repository/Page_Verif_AccordeonEtatCivilDuDemandeur_Agent/div_AccepterLeDocumentSignature' located by 'By.xpath: //div/app-etat-civil/div/div[2]/div/app-justificatifs[2]/div/div[2]/div/div[2]/anef-input-radio/div/div/fieldset/div/div[2]/p-radiobutton/div/div[2]' in '20' second(s)

03-01-2024T16:25:54 - [MESSAGE][INFO] - Smart Wait Function is triggered

03-01-2024T16:25:54 - [MESSAGE][INFO] - Found 1 web elements with id: 'Object Repository/Page_Verif_AccordeonEtatCivilDuDemandeur_Agent/div_AccepterLeDocumentSignature' located by 'By.xpath: //div/app-etat-civil/div/div[2]/div/app-justificatifs[2]/div/div[2]/div/div[2]/anef-input-radio/div/div/fieldset/div/div[2]/p-radiobutton/div/div[2]' in '20' second(s)

03-01-2024T16:25:54 - [MESSAGE][INFO] - Checking object

03-01-2024T16:25:54 - [MESSAGE][INFO] - Checking timeout

03-01-2024T16:25:54 - [MESSAGE][INFO] - Finding web element from Test Object's properties

03-01-2024T16:25:54 - [MESSAGE][INFO] - Checking timeout

03-01-2024T16:25:54 - [MESSAGE][INFO] - Finding web element with id: 'Object Repository/Page_Verif_AccordeonEtatCivilDuDemandeur_Agent/div_AccepterLeDocumentSignature' located by 'By.xpath: //div/app-etat-civil/div/div[2]/div/app-justificatifs[2]/div/div[2]/div/div[2]/anef-input-radio/div/div/fieldset/div/div[2]/p-radiobutton/div/div[2]' in '5' second(s)

03-01-2024T16:25:54 - [MESSAGE][INFO] - Smart Wait Function is triggered

03-01-2024T16:25:54 - [MESSAGE][INFO] - Found 1 web elements with id: 'Object Repository/Page_Verif_AccordeonEtatCivilDuDemandeur_Agent/div_AccepterLeDocumentSignature' located by 'By.xpath: //div/app-etat-civil/div/div[2]/div/app-justificatifs[2]/div/div[2]/div/div[2]/anef-input-radio/div/div/fieldset/div/div[2]/p-radiobutton/div/div[2]' in '5' second(s)

03-01-2024T16:25:54 - [MESSAGE][INFO] - Clicking on object: 'Object Repository/Page_Verif_AccordeonEtatCivilDuDemandeur_Agent/div_AccepterLeDocumentSignature'

03-01-2024T16:25:56 - [MESSAGE][PASSED] - Object: 'Object Repository/Page_Verif_AccordeonEtatCivilDuDemandeur_Agent/div_AccepterLeDocumentSignature' is clicked on

03-01-2024T16:25:56 - [TEST_STEP][PASSED] - DocManquantPasseport = findTestObject("Object Repository/Page_Verif_AccordeonEtatCivilDuDemandeur_Agent/span_Check_DocManquantPasseport"): Finding Test Object 'Object Repository/Page_Verif_AccordeonEtatCivilDuDemandeur_Agent/span_Check_DocManquantPasseport'

03-01-2024T16:25:56 - [MESSAGE][INFO] - Finding Test Object 'Object Repository/Page_Verif_AccordeonEtatCivilDuDemandeur_Agent/span_Check_DocManquantPasseport'

03-01-2024T16:25:56 - [TEST_STEP][PASSED] - verifyElementPresent(DocManquantPasseport, 1): Object 'Object Repository/Page_Verif_AccordeonEtatCivilDuDemandeur_Agent/span_Check_DocManquantPasseport' is present

03-01-2024T16:25:56 - [MESSAGE][INFO] - Checking object

03-01-2024T16:25:56 - [MESSAGE][INFO] - Finding web element from Test Object's properties

03-01-2024T16:25:56 - [MESSAGE][INFO] - Checking timeout

03-01-2024T16:25:56 - [MESSAGE][INFO] - Finding web element with id: 'Object Repository/Page_Verif_AccordeonEtatCivilDuDemandeur_Agent/span_Check_DocManquantPasseport' located by 'By.xpath: //div/app-etat-civil/div/div[2]/div/app-justificatifs[3]/div/div[1]/anef-input-check/div/div/p-checkbox/div/div[2]' in '1' second(s)

03-01-2024T16:25:56 - [MESSAGE][INFO] - Smart Wait Function is triggered

03-01-2024T16:25:57 - [MESSAGE][INFO] - Found 1 web elements with id: 'Object Repository/Page_Verif_AccordeonEtatCivilDuDemandeur_Agent/span_Check_DocManquantPasseport' located by 'By.xpath: //div/app-etat-civil/div/div[2]/div/app-justificatifs[3]/div/div[1]/anef-input-check/div/div/p-checkbox/div/div[2]' in '1' second(s)

03-01-2024T16:25:57 - [MESSAGE][PASSED] - Object 'Object Repository/Page_Verif_AccordeonEtatCivilDuDemandeur_Agent/span_Check_DocManquantPasseport' is present

03-01-2024T16:25:57 - [TEST_STEP][PASSED] - check(DocManquantPasseport): Object 'Object Repository/Page_Verif_AccordeonEtatCivilDuDemandeur_Agent/span_Check_DocManquantPasseport' is checked

03-01-2024T16:25:57 - [MESSAGE][INFO] - Checking object

03-01-2024T16:25:57 - [MESSAGE][INFO] - Finding web element from Test Object's properties

03-01-2024T16:25:57 - [MESSAGE][INFO] - Checking timeout

03-01-2024T16:25:57 - [MESSAGE][INFO] - Finding web element with id: 'Object Repository/Page_Verif_AccordeonEtatCivilDuDemandeur_Agent/span_Check_DocManquantPasseport' located by 'By.xpath: //div/app-etat-civil/div/div[2]/div/app-justificatifs[3]/div/div[1]/anef-input-check/div/div/p-checkbox/div/div[2]' in '5' second(s)

03-01-2024T16:25:57 - [MESSAGE][INFO] - Smart Wait Function is triggered

03-01-2024T16:25:57 - [MESSAGE][INFO] - Found 1 web elements with id: 'Object Repository/Page_Verif_AccordeonEtatCivilDuDemandeur_Agent/span_Check_DocManquantPasseport' located by 'By.xpath: //div/app-etat-civil/div/div[2]/div/app-justificatifs[3]/div/div[1]/anef-input-check/div/div/p-checkbox/div/div[2]' in '5' second(s)

03-01-2024T16:25:57 - [MESSAGE][INFO] - Checking on bject 'Object Repository/Page_Verif_AccordeonEtatCivilDuDemandeur_Agent/span_Check_DocManquantPasseport'

03-01-2024T16:25:59 - [MESSAGE][PASSED] - Object 'Object Repository/Page_Verif_AccordeonEtatCivilDuDemandeur_Agent/span_Check_DocManquantPasseport' is checked

03-01-2024T16:25:59 - [TEST_STEP][PASSED] - MsgDocumentManquantPasseport = findTestObject("Object Repository/Page_Verif_AccordeonEtatCivilDuDemandeur_Agent/label_MsgDocumentManquantPasseport"): Finding Test Object 'Object Repository/Page_Verif_AccordeonEtatCivilDuDemandeur_Agent/label_MsgDocumentManquantPasseport'

03-01-2024T16:25:59 - [MESSAGE][INFO] - Finding Test Object 'Object Repository/Page_Verif_AccordeonEtatCivilDuDemandeur_Agent/label_MsgDocumentManquantPasseport'

03-01-2024T16:25:59 - [TEST_STEP][PASSED] - verifyElementPresent(MsgDocumentManquantPasseport, 1): Object 'Object Repository/Page_Verif_AccordeonEtatCivilDuDemandeur_Agent/label_MsgDocumentManquantPasseport' is present

03-01-2024T16:25:59 - [MESSAGE][INFO] - Checking object

03-01-2024T16:25:59 - [MESSAGE][INFO] - Finding web element from Test Object's properties

03-01-2024T16:25:59 - [MESSAGE][INFO] - Checking timeout

03-01-2024T16:25:59 - [MESSAGE][INFO] - Finding web element with id: 'Object Repository/Page_Verif_AccordeonEtatCivilDuDemandeur_Agent/label_MsgDocumentManquantPasseport' located by 'By.xpath: //*[@id="observation-label"]' in '1' second(s)

03-01-2024T16:25:59 - [MESSAGE][INFO] - Smart Wait Function is triggered

03-01-2024T16:25:59 - [MESSAGE][INFO] - Found 1 web elements with id: 'Object Repository/Page_Verif_AccordeonEtatCivilDuDemandeur_Agent/label_MsgDocumentManquantPasseport' located by 'By.xpath: //*[@id="observation-label"]' in '1' second(s)

03-01-2024T16:25:59 - [MESSAGE][PASSED] - Object 'Object Repository/Page_Verif_AccordeonEtatCivilDuDemandeur_Agent/label_MsgDocumentManquantPasseport' is present

03-01-2024T16:25:59 - [TEST_STEP][PASSED] - TitreMsgDocumentManquantPasseport = getText(MsgDocumentManquantPasseport): Text of object 'Object Repository/Page_Verif_AccordeonEtatCivilDuDemandeur_Agent/label_MsgDocumentManquantPasseport' is: 'Préciser le document manquant au demandeur * :'

03-01-2024T16:25:59 - [MESSAGE][INFO] - Checking object

03-01-2024T16:25:59 - [MESSAGE][INFO] - Finding web element from Test Object's properties

03-01-2024T16:25:59 - [MESSAGE][INFO] - Checking timeout

03-01-2024T16:25:59 - [MESSAGE][INFO] - Finding web element with id: 'Object Repository/Page_Verif_AccordeonEtatCivilDuDemandeur_Agent/label_MsgDocumentManquantPasseport' located by 'By.xpath: //*[@id="observation-label"]' in '5' second(s)

03-01-2024T16:25:59 - [MESSAGE][INFO] - Smart Wait Function is triggered

03-01-2024T16:25:59 - [MESSAGE][INFO] - Found 1 web elements with id: 'Object Repository/Page_Verif_AccordeonEtatCivilDuDemandeur_Agent/label_MsgDocumentManquantPasseport' located by 'By.xpath: //*[@id="observation-label"]' in '5' second(s)

03-01-2024T16:25:59 - [MESSAGE][INFO] - Getting text of object 'Object Repository/Page_Verif_AccordeonEtatCivilDuDemandeur_Agent/label_MsgDocumentManquantPasseport'

03-01-2024T16:25:59 - [MESSAGE][PASSED] - Text of object 'Object Repository/Page_Verif_AccordeonEtatCivilDuDemandeur_Agent/label_MsgDocumentManquantPasseport' is: 'Préciser le document manquant au demandeur * :'

03-01-2024T16:25:59 - [TEST_STEP][PASSED] - if (!(TitreMsgDocumentManquantPasseport.contains("Préciser le document manquant au demandeur * :"))): null

03-01-2024T16:25:59 - [TEST_STEP][PASSED] - else: Le Titre  de Message est bien Affiché : Préciser le document manquant Passeport au demandeur.

03-01-2024T16:25:59 - [TEST_STEP][PASSED] - markPassed("Le Titre  de Message est bien Affiché : Préciser le document manquant Passeport au demandeur."): Le Titre  de Message est bien Affiché : Préciser le document manquant Passeport au demandeur.

03-01-2024T16:25:59 - [MESSAGE][PASSED] - Le Titre  de Message est bien Affiché : Préciser le document manquant Passeport au demandeur.

03-01-2024T16:25:59 - [TEST_STEP][PASSED] - TxtDocManquantPasseport = findTestObject("Object Repository/Page_Verif_AccordeonEtatCivilDuDemandeur_Agent/TextArea_TextDocManquantPasseport"): Finding Test Object 'Object Repository/Page_Verif_AccordeonEtatCivilDuDemandeur_Agent/TextArea_TextDocManquantPasseport'

03-01-2024T16:25:59 - [MESSAGE][INFO] - Finding Test Object 'Object Repository/Page_Verif_AccordeonEtatCivilDuDemandeur_Agent/TextArea_TextDocManquantPasseport'

03-01-2024T16:25:59 - [TEST_STEP][PASSED] - verifyElementPresent(TxtDocManquantPasseport, 1): Object 'Object Repository/Page_Verif_AccordeonEtatCivilDuDemandeur_Agent/TextArea_TextDocManquantPasseport' is present

03-01-2024T16:25:59 - [MESSAGE][INFO] - Checking object

03-01-2024T16:25:59 - [MESSAGE][INFO] - Finding web element from Test Object's properties

03-01-2024T16:25:59 - [MESSAGE][INFO] - Checking timeout

03-01-2024T16:25:59 - [MESSAGE][INFO] - Finding web element with id: 'Object Repository/Page_Verif_AccordeonEtatCivilDuDemandeur_Agent/TextArea_TextDocManquantPasseport' located by 'By.xpath: //*[@id="observation"]' in '1' second(s)

03-01-2024T16:25:59 - [MESSAGE][INFO] - Smart Wait Function is triggered

03-01-2024T16:25:59 - [MESSAGE][INFO] - Found 1 web elements with id: 'Object Repository/Page_Verif_AccordeonEtatCivilDuDemandeur_Agent/TextArea_TextDocManquantPasseport' located by 'By.xpath: //*[@id="observation"]' in '1' second(s)

03-01-2024T16:25:59 - [MESSAGE][PASSED] - Object 'Object Repository/Page_Verif_AccordeonEtatCivilDuDemandeur_Agent/TextArea_TextDocManquantPasseport' is present

03-01-2024T16:25:59 - [TEST_STEP][PASSED] - setText(TxtDocManquantPasseport, "Préciser le document manquant Passeport au demandeur"): Text 'Préciser le document manquant Passeport au demandeur' is set on object 'Object Repository/Page_Verif_AccordeonEtatCivilDuDemandeur_Agent/TextArea_TextDocManquantPasseport'

03-01-2024T16:25:59 - [MESSAGE][INFO] - Checking timeout

03-01-2024T16:25:59 - [MESSAGE][INFO] - Finding web element with id: 'Object Repository/Page_Verif_AccordeonEtatCivilDuDemandeur_Agent/TextArea_TextDocManquantPasseport' located by 'By.xpath: //*[@id="observation"]' in '20' second(s)

03-01-2024T16:25:59 - [MESSAGE][INFO] - Smart Wait Function is triggered

03-01-2024T16:25:59 - [MESSAGE][INFO] - Found 1 web elements with id: 'Object Repository/Page_Verif_AccordeonEtatCivilDuDemandeur_Agent/TextArea_TextDocManquantPasseport' located by 'By.xpath: //*[@id="observation"]' in '20' second(s)

03-01-2024T16:25:59 - [MESSAGE][INFO] - Checking object

03-01-2024T16:25:59 - [MESSAGE][INFO] - Checking text

03-01-2024T16:25:59 - [MESSAGE][INFO] - Finding web element from Test Object's properties

03-01-2024T16:25:59 - [MESSAGE][INFO] - Checking timeout

03-01-2024T16:25:59 - [MESSAGE][INFO] - Finding web element with id: 'Object Repository/Page_Verif_AccordeonEtatCivilDuDemandeur_Agent/TextArea_TextDocManquantPasseport' located by 'By.xpath: //*[@id="observation"]' in '5' second(s)

03-01-2024T16:25:59 - [MESSAGE][INFO] - Smart Wait Function is triggered

03-01-2024T16:25:59 - [MESSAGE][INFO] - Found 1 web elements with id: 'Object Repository/Page_Verif_AccordeonEtatCivilDuDemandeur_Agent/TextArea_TextDocManquantPasseport' located by 'By.xpath: //*[@id="observation"]' in '5' second(s)

03-01-2024T16:25:59 - [MESSAGE][INFO] - Clearing text of object 'Object Repository/Page_Verif_AccordeonEtatCivilDuDemandeur_Agent/TextArea_TextDocManquantPasseport'

03-01-2024T16:26:01 - [MESSAGE][INFO] - Finding web element from Test Object's properties

03-01-2024T16:26:01 - [MESSAGE][INFO] - Checking timeout

03-01-2024T16:26:01 - [MESSAGE][INFO] - Finding web element with id: 'Object Repository/Page_Verif_AccordeonEtatCivilDuDemandeur_Agent/TextArea_TextDocManquantPasseport' located by 'By.xpath: //*[@id="observation"]' in '5' second(s)

03-01-2024T16:26:01 - [MESSAGE][INFO] - Smart Wait Function is triggered

03-01-2024T16:26:01 - [MESSAGE][INFO] - Found 1 web elements with id: 'Object Repository/Page_Verif_AccordeonEtatCivilDuDemandeur_Agent/TextArea_TextDocManquantPasseport' located by 'By.xpath: //*[@id="observation"]' in '5' second(s)

03-01-2024T16:26:01 - [MESSAGE][INFO] - Setting text of object 'Object Repository/Page_Verif_AccordeonEtatCivilDuDemandeur_Agent/TextArea_TextDocManquantPasseport' to value 'Préciser le document manquant Passeport au demandeur'

03-01-2024T16:26:03 - [MESSAGE][PASSED] - Text 'Préciser le document manquant Passeport au demandeur' is set on object 'Object Repository/Page_Verif_AccordeonEtatCivilDuDemandeur_Agent/TextArea_TextDocManquantPasseport'

03-01-2024T16:26:03 - [TEST_STEP][PASSED] - check(DocManquantPasseport): Object 'Object Repository/Page_Verif_AccordeonEtatCivilDuDemandeur_Agent/span_Check_DocManquantPasseport' is checked

03-01-2024T16:26:03 - [MESSAGE][INFO] - Checking object

03-01-2024T16:26:03 - [MESSAGE][INFO] - Finding web element from Test Object's properties

03-01-2024T16:26:03 - [MESSAGE][INFO] - Checking timeout

03-01-2024T16:26:03 - [MESSAGE][INFO] - Finding web element with id: 'Object Repository/Page_Verif_AccordeonEtatCivilDuDemandeur_Agent/span_Check_DocManquantPasseport' located by 'By.xpath: //div/app-etat-civil/div/div[2]/div/app-justificatifs[3]/div/div[1]/anef-input-check/div/div/p-checkbox/div/div[2]' in '5' second(s)

03-01-2024T16:26:03 - [MESSAGE][INFO] - Smart Wait Function is triggered

03-01-2024T16:26:03 - [MESSAGE][INFO] - Found 1 web elements with id: 'Object Repository/Page_Verif_AccordeonEtatCivilDuDemandeur_Agent/span_Check_DocManquantPasseport' located by 'By.xpath: //div/app-etat-civil/div/div[2]/div/app-justificatifs[3]/div/div[1]/anef-input-check/div/div/p-checkbox/div/div[2]' in '5' second(s)

03-01-2024T16:26:03 - [MESSAGE][INFO] - Checking on bject 'Object Repository/Page_Verif_AccordeonEtatCivilDuDemandeur_Agent/span_Check_DocManquantPasseport'

03-01-2024T16:26:06 - [MESSAGE][PASSED] - Object 'Object Repository/Page_Verif_AccordeonEtatCivilDuDemandeur_Agent/span_Check_DocManquantPasseport' is checked

03-01-2024T16:26:06 - [TEST_STEP][PASSED] - objVoirDocPasseport = findTestObject("Object Repository/Page_Verif_AccordeonEtatCivilDuDemandeur_Agent/span_VoirDocPasseport"): Finding Test Object 'Object Repository/Page_Verif_AccordeonEtatCivilDuDemandeur_Agent/span_VoirDocPasseport'

03-01-2024T16:26:06 - [MESSAGE][INFO] - Finding Test Object 'Object Repository/Page_Verif_AccordeonEtatCivilDuDemandeur_Agent/span_VoirDocPasseport'

03-01-2024T16:26:06 - [TEST_STEP][PASSED] - tools.OpenPopupInTab.OpenBrowserTab(objVoirDocPasseport): tools.OpenPopupInTab.OpenBrowserTab is PASSED

03-01-2024T16:26:06 - [MESSAGE][INFO] - Smart Wait Function is triggered

03-01-2024T16:26:06 - [MESSAGE][PASSED] - tools.OpenPopupInTab.OpenBrowserTab is PASSED

03-01-2024T16:26:06 - [TEST_STEP][PASSED] - tools.OpenPopupInTab.CloseBrowserTab(): tools.OpenPopupInTab.CloseBrowserTab is PASSED

03-01-2024T16:26:06 - [MESSAGE][INFO] - Delaying browser in 2 second(s)

03-01-2024T16:26:08 - [MESSAGE][PASSED] - Delayed 2 second(s)

03-01-2024T16:26:08 - [MESSAGE][INFO] - Checking index

03-01-2024T16:26:08 - [MESSAGE][INFO] - Switching window with index: '0'

03-01-2024T16:26:08 - [MESSAGE][PASSED] - Switched to window with index: '0'

03-01-2024T16:26:08 - [MESSAGE][PASSED] - tools.OpenPopupInTab.CloseBrowserTab is PASSED

03-01-2024T16:26:08 - [TEST_STEP][PASSED] - delay(2): Delayed 2 second(s)

03-01-2024T16:26:08 - [MESSAGE][INFO] - Delaying browser in 2 second(s)

03-01-2024T16:26:10 - [MESSAGE][PASSED] - Delayed 2 second(s)

03-01-2024T16:26:10 - [TEST_STEP][PASSED] - click(findTestObject("Object Repository/Page_Verif_AccordeonEtatCivilDuDemandeur_Agent/label_RejeterLeDocumentPasseport")): Object: 'Object Repository/Page_Verif_AccordeonEtatCivilDuDemandeur_Agent/label_RejeterLeDocumentPasseport' is clicked on

03-01-2024T16:26:10 - [MESSAGE][INFO] - Finding Test Object 'Object Repository/Page_Verif_AccordeonEtatCivilDuDemandeur_Agent/label_RejeterLeDocumentPasseport'

03-01-2024T16:26:10 - [MESSAGE][INFO] - Checking timeout

03-01-2024T16:26:10 - [MESSAGE][INFO] - Finding web element with id: 'Object Repository/Page_Verif_AccordeonEtatCivilDuDemandeur_Agent/label_RejeterLeDocumentPasseport' located by 'By.xpath: //div/app-etat-civil/div/div[2]/div/app-justificatifs[3]/div/div[2]/div/div[2]/anef-input-radio/div/div/fieldset/div/div[1]/p-radiobutton/label' in '20' second(s)

03-01-2024T16:26:10 - [MESSAGE][INFO] - Smart Wait Function is triggered

03-01-2024T16:26:10 - [MESSAGE][INFO] - Found 1 web elements with id: 'Object Repository/Page_Verif_AccordeonEtatCivilDuDemandeur_Agent/label_RejeterLeDocumentPasseport' located by 'By.xpath: //div/app-etat-civil/div/div[2]/div/app-justificatifs[3]/div/div[2]/div/div[2]/anef-input-radio/div/div/fieldset/div/div[1]/p-radiobutton/label' in '20' second(s)

03-01-2024T16:26:10 - [MESSAGE][INFO] - Checking object

03-01-2024T16:26:10 - [MESSAGE][INFO] - Checking timeout

03-01-2024T16:26:10 - [MESSAGE][INFO] - Finding web element from Test Object's properties

03-01-2024T16:26:10 - [MESSAGE][INFO] - Checking timeout

03-01-2024T16:26:10 - [MESSAGE][INFO] - Finding web element with id: 'Object Repository/Page_Verif_AccordeonEtatCivilDuDemandeur_Agent/label_RejeterLeDocumentPasseport' located by 'By.xpath: //div/app-etat-civil/div/div[2]/div/app-justificatifs[3]/div/div[2]/div/div[2]/anef-input-radio/div/div/fieldset/div/div[1]/p-radiobutton/label' in '5' second(s)

03-01-2024T16:26:10 - [MESSAGE][INFO] - Smart Wait Function is triggered

03-01-2024T16:26:10 - [MESSAGE][INFO] - Found 1 web elements with id: 'Object Repository/Page_Verif_AccordeonEtatCivilDuDemandeur_Agent/label_RejeterLeDocumentPasseport' located by 'By.xpath: //div/app-etat-civil/div/div[2]/div/app-justificatifs[3]/div/div[2]/div/div[2]/anef-input-radio/div/div/fieldset/div/div[1]/p-radiobutton/label' in '5' second(s)

03-01-2024T16:26:10 - [MESSAGE][INFO] - Clicking on object: 'Object Repository/Page_Verif_AccordeonEtatCivilDuDemandeur_Agent/label_RejeterLeDocumentPasseport'

03-01-2024T16:26:12 - [MESSAGE][PASSED] - Object: 'Object Repository/Page_Verif_AccordeonEtatCivilDuDemandeur_Agent/label_RejeterLeDocumentPasseport' is clicked on

03-01-2024T16:26:12 - [TEST_STEP][PASSED] - doubleClick(findTestObject("Object Repository/Page_Verif_AccordeonEtatCivilDuDemandeur_Agent/List_MotifDuRejetPasseport")): Object: 'Object Repository/Page_Verif_AccordeonEtatCivilDuDemandeur_Agent/List_MotifDuRejetPasseport' is double clicked on

03-01-2024T16:26:12 - [MESSAGE][INFO] - Finding Test Object 'Object Repository/Page_Verif_AccordeonEtatCivilDuDemandeur_Agent/List_MotifDuRejetPasseport'

03-01-2024T16:26:12 - [MESSAGE][INFO] - Checking object

03-01-2024T16:26:12 - [MESSAGE][INFO] - Finding web element from Test Object's properties

03-01-2024T16:26:12 - [MESSAGE][INFO] - Checking timeout

03-01-2024T16:26:12 - [MESSAGE][INFO] - Finding web element with id: 'Object Repository/Page_Verif_AccordeonEtatCivilDuDemandeur_Agent/List_MotifDuRejetPasseport' located by 'By.xpath: //*[@id="motif"]/div/div[3]/label' in '5' second(s)

03-01-2024T16:26:12 - [MESSAGE][INFO] - Smart Wait Function is triggered

03-01-2024T16:26:12 - [MESSAGE][INFO] - Found 1 web elements with id: 'Object Repository/Page_Verif_AccordeonEtatCivilDuDemandeur_Agent/List_MotifDuRejetPasseport' located by 'By.xpath: //*[@id="motif"]/div/div[3]/label' in '5' second(s)

03-01-2024T16:26:12 - [MESSAGE][INFO] - Double clicking on object: 'Object Repository/Page_Verif_AccordeonEtatCivilDuDemandeur_Agent/List_MotifDuRejetPasseport'

03-01-2024T16:26:13 - [MESSAGE][PASSED] - Object: 'Object Repository/Page_Verif_AccordeonEtatCivilDuDemandeur_Agent/List_MotifDuRejetPasseport' is double clicked on

03-01-2024T16:26:13 - [TEST_STEP][PASSED] - setText(findTestObject("Object Repository/Page_Verif_AccordeonEtatCivilDuDemandeur_Agent/Txt_ObservationPourDemandeurPasseport"), "Observations Passeport pour le demandeur"): Text 'Observations Passeport pour le demandeur' is set on object 'Object Repository/Page_Verif_AccordeonEtatCivilDuDemandeur_Agent/Txt_ObservationPourDemandeurPasseport'

03-01-2024T16:26:13 - [MESSAGE][INFO] - Finding Test Object 'Object Repository/Page_Verif_AccordeonEtatCivilDuDemandeur_Agent/Txt_ObservationPourDemandeurPasseport'

03-01-2024T16:26:13 - [MESSAGE][INFO] - Checking timeout

03-01-2024T16:26:13 - [MESSAGE][INFO] - Finding web element with id: 'Object Repository/Page_Verif_AccordeonEtatCivilDuDemandeur_Agent/Txt_ObservationPourDemandeurPasseport' located by 'By.xpath: //*[@id="observation"]' in '20' second(s)

03-01-2024T16:26:13 - [MESSAGE][INFO] - Smart Wait Function is triggered

03-01-2024T16:26:13 - [MESSAGE][INFO] - Found 1 web elements with id: 'Object Repository/Page_Verif_AccordeonEtatCivilDuDemandeur_Agent/Txt_ObservationPourDemandeurPasseport' located by 'By.xpath: //*[@id="observation"]' in '20' second(s)

03-01-2024T16:26:13 - [MESSAGE][INFO] - Checking object

03-01-2024T16:26:13 - [MESSAGE][INFO] - Checking text

03-01-2024T16:26:13 - [MESSAGE][INFO] - Finding web element from Test Object's properties

03-01-2024T16:26:13 - [MESSAGE][INFO] - Checking timeout

03-01-2024T16:26:13 - [MESSAGE][INFO] - Finding web element with id: 'Object Repository/Page_Verif_AccordeonEtatCivilDuDemandeur_Agent/Txt_ObservationPourDemandeurPasseport' located by 'By.xpath: //*[@id="observation"]' in '5' second(s)

03-01-2024T16:26:13 - [MESSAGE][INFO] - Smart Wait Function is triggered

03-01-2024T16:26:13 - [MESSAGE][INFO] - Found 1 web elements with id: 'Object Repository/Page_Verif_AccordeonEtatCivilDuDemandeur_Agent/Txt_ObservationPourDemandeurPasseport' located by 'By.xpath: //*[@id="observation"]' in '5' second(s)

03-01-2024T16:26:13 - [MESSAGE][INFO] - Clearing text of object 'Object Repository/Page_Verif_AccordeonEtatCivilDuDemandeur_Agent/Txt_ObservationPourDemandeurPasseport'

03-01-2024T16:26:15 - [MESSAGE][INFO] - Finding web element from Test Object's properties

03-01-2024T16:26:15 - [MESSAGE][INFO] - Checking timeout

03-01-2024T16:26:15 - [MESSAGE][INFO] - Finding web element with id: 'Object Repository/Page_Verif_AccordeonEtatCivilDuDemandeur_Agent/Txt_ObservationPourDemandeurPasseport' located by 'By.xpath: //*[@id="observation"]' in '5' second(s)

03-01-2024T16:26:15 - [MESSAGE][INFO] - Smart Wait Function is triggered

03-01-2024T16:26:15 - [MESSAGE][INFO] - Found 1 web elements with id: 'Object Repository/Page_Verif_AccordeonEtatCivilDuDemandeur_Agent/Txt_ObservationPourDemandeurPasseport' located by 'By.xpath: //*[@id="observation"]' in '5' second(s)

03-01-2024T16:26:15 - [MESSAGE][INFO] - Setting text of object 'Object Repository/Page_Verif_AccordeonEtatCivilDuDemandeur_Agent/Txt_ObservationPourDemandeurPasseport' to value 'Observations Passeport pour le demandeur'

03-01-2024T16:26:17 - [MESSAGE][PASSED] - Text 'Observations Passeport pour le demandeur' is set on object 'Object Repository/Page_Verif_AccordeonEtatCivilDuDemandeur_Agent/Txt_ObservationPourDemandeurPasseport'

03-01-2024T16:26:17 - [TEST_STEP][PASSED] - click(findTestObject("Object Repository/Page_Verif_AccordeonEtatCivilDuDemandeur_Agent/div_AccepterLeDocumentPasseport")): Object: 'Object Repository/Page_Verif_AccordeonEtatCivilDuDemandeur_Agent/div_AccepterLeDocumentPasseport' is clicked on

03-01-2024T16:26:17 - [MESSAGE][INFO] - Finding Test Object 'Object Repository/Page_Verif_AccordeonEtatCivilDuDemandeur_Agent/div_AccepterLeDocumentPasseport'

03-01-2024T16:26:17 - [MESSAGE][INFO] - Checking timeout

03-01-2024T16:26:17 - [MESSAGE][INFO] - Finding web element with id: 'Object Repository/Page_Verif_AccordeonEtatCivilDuDemandeur_Agent/div_AccepterLeDocumentPasseport' located by 'By.xpath: //div/app-etat-civil/div/div[2]/div/app-justificatifs[3]/div/div[2]/div/div[2]/anef-input-radio/div/div/fieldset/div/div[2]/p-radiobutton/div/div[2]' in '20' second(s)

03-01-2024T16:26:17 - [MESSAGE][INFO] - Smart Wait Function is triggered

03-01-2024T16:26:17 - [MESSAGE][INFO] - Found 1 web elements with id: 'Object Repository/Page_Verif_AccordeonEtatCivilDuDemandeur_Agent/div_AccepterLeDocumentPasseport' located by 'By.xpath: //div/app-etat-civil/div/div[2]/div/app-justificatifs[3]/div/div[2]/div/div[2]/anef-input-radio/div/div/fieldset/div/div[2]/p-radiobutton/div/div[2]' in '20' second(s)

03-01-2024T16:26:17 - [MESSAGE][INFO] - Checking object

03-01-2024T16:26:17 - [MESSAGE][INFO] - Checking timeout

03-01-2024T16:26:17 - [MESSAGE][INFO] - Finding web element from Test Object's properties

03-01-2024T16:26:17 - [MESSAGE][INFO] - Checking timeout

03-01-2024T16:26:17 - [MESSAGE][INFO] - Finding web element with id: 'Object Repository/Page_Verif_AccordeonEtatCivilDuDemandeur_Agent/div_AccepterLeDocumentPasseport' located by 'By.xpath: //div/app-etat-civil/div/div[2]/div/app-justificatifs[3]/div/div[2]/div/div[2]/anef-input-radio/div/div/fieldset/div/div[2]/p-radiobutton/div/div[2]' in '5' second(s)

03-01-2024T16:26:17 - [MESSAGE][INFO] - Smart Wait Function is triggered

03-01-2024T16:26:17 - [MESSAGE][INFO] - Found 1 web elements with id: 'Object Repository/Page_Verif_AccordeonEtatCivilDuDemandeur_Agent/div_AccepterLeDocumentPasseport' located by 'By.xpath: //div/app-etat-civil/div/div[2]/div/app-justificatifs[3]/div/div[2]/div/div[2]/anef-input-radio/div/div/fieldset/div/div[2]/p-radiobutton/div/div[2]' in '5' second(s)

03-01-2024T16:26:17 - [MESSAGE][INFO] - Clicking on object: 'Object Repository/Page_Verif_AccordeonEtatCivilDuDemandeur_Agent/div_AccepterLeDocumentPasseport'

03-01-2024T16:26:19 - [MESSAGE][PASSED] - Object: 'Object Repository/Page_Verif_AccordeonEtatCivilDuDemandeur_Agent/div_AccepterLeDocumentPasseport' is clicked on

03-01-2024T16:26:19 - [TEST_STEP][PASSED] - DocManquantCopieTitreSejour = findTestObject("Object Repository/Page_Verif_AccordeonEtatCivilDuDemandeur_Agent/span_Check_DocManquantCopieTitreSejour"): Finding Test Object 'Object Repository/Page_Verif_AccordeonEtatCivilDuDemandeur_Agent/span_Check_DocManquantCopieTitreSejour'

03-01-2024T16:26:19 - [MESSAGE][INFO] - Finding Test Object 'Object Repository/Page_Verif_AccordeonEtatCivilDuDemandeur_Agent/span_Check_DocManquantCopieTitreSejour'

03-01-2024T16:26:19 - [TEST_STEP][PASSED] - verifyElementPresent(DocManquantCopieTitreSejour, 1): Object 'Object Repository/Page_Verif_AccordeonEtatCivilDuDemandeur_Agent/span_Check_DocManquantCopieTitreSejour' is present

03-01-2024T16:26:19 - [MESSAGE][INFO] - Checking object

03-01-2024T16:26:19 - [MESSAGE][INFO] - Finding web element from Test Object's properties

03-01-2024T16:26:19 - [MESSAGE][INFO] - Checking timeout

03-01-2024T16:26:19 - [MESSAGE][INFO] - Finding web element with id: 'Object Repository/Page_Verif_AccordeonEtatCivilDuDemandeur_Agent/span_Check_DocManquantCopieTitreSejour' located by 'By.xpath: //div/app-etat-civil/div/div[2]/div/app-justificatifs[4]/div/div[1]/anef-input-check/div/div/p-checkbox/div/div[2]' in '1' second(s)

03-01-2024T16:26:19 - [MESSAGE][INFO] - Smart Wait Function is triggered

03-01-2024T16:26:19 - [MESSAGE][INFO] - Found 1 web elements with id: 'Object Repository/Page_Verif_AccordeonEtatCivilDuDemandeur_Agent/span_Check_DocManquantCopieTitreSejour' located by 'By.xpath: //div/app-etat-civil/div/div[2]/div/app-justificatifs[4]/div/div[1]/anef-input-check/div/div/p-checkbox/div/div[2]' in '1' second(s)

03-01-2024T16:26:19 - [MESSAGE][PASSED] - Object 'Object Repository/Page_Verif_AccordeonEtatCivilDuDemandeur_Agent/span_Check_DocManquantCopieTitreSejour' is present

03-01-2024T16:26:19 - [TEST_STEP][PASSED] - check(DocManquantCopieTitreSejour): Object 'Object Repository/Page_Verif_AccordeonEtatCivilDuDemandeur_Agent/span_Check_DocManquantCopieTitreSejour' is checked

03-01-2024T16:26:19 - [MESSAGE][INFO] - Checking object

03-01-2024T16:26:19 - [MESSAGE][INFO] - Finding web element from Test Object's properties

03-01-2024T16:26:19 - [MESSAGE][INFO] - Checking timeout

03-01-2024T16:26:19 - [MESSAGE][INFO] - Finding web element with id: 'Object Repository/Page_Verif_AccordeonEtatCivilDuDemandeur_Agent/span_Check_DocManquantCopieTitreSejour' located by 'By.xpath: //div/app-etat-civil/div/div[2]/div/app-justificatifs[4]/div/div[1]/anef-input-check/div/div/p-checkbox/div/div[2]' in '5' second(s)

03-01-2024T16:26:19 - [MESSAGE][INFO] - Smart Wait Function is triggered

03-01-2024T16:26:19 - [MESSAGE][INFO] - Found 1 web elements with id: 'Object Repository/Page_Verif_AccordeonEtatCivilDuDemandeur_Agent/span_Check_DocManquantCopieTitreSejour' located by 'By.xpath: //div/app-etat-civil/div/div[2]/div/app-justificatifs[4]/div/div[1]/anef-input-check/div/div/p-checkbox/div/div[2]' in '5' second(s)

03-01-2024T16:26:19 - [MESSAGE][INFO] - Checking on bject 'Object Repository/Page_Verif_AccordeonEtatCivilDuDemandeur_Agent/span_Check_DocManquantCopieTitreSejour'

03-01-2024T16:26:22 - [MESSAGE][PASSED] - Object 'Object Repository/Page_Verif_AccordeonEtatCivilDuDemandeur_Agent/span_Check_DocManquantCopieTitreSejour' is checked

03-01-2024T16:26:22 - [TEST_STEP][PASSED] - MsgDocumentManquantCopieTitreSejour = findTestObject("Object Repository/Page_Verif_AccordeonEtatCivilDuDemandeur_Agent/label_MsgDocumentManquantCopieTitreSejour"): Finding Test Object 'Object Repository/Page_Verif_AccordeonEtatCivilDuDemandeur_Agent/label_MsgDocumentManquantCopieTitreSejour'

03-01-2024T16:26:22 - [MESSAGE][INFO] - Finding Test Object 'Object Repository/Page_Verif_AccordeonEtatCivilDuDemandeur_Agent/label_MsgDocumentManquantCopieTitreSejour'

03-01-2024T16:26:22 - [TEST_STEP][PASSED] - verifyElementPresent(MsgDocumentManquantCopieTitreSejour, 1): Object 'Object Repository/Page_Verif_AccordeonEtatCivilDuDemandeur_Agent/label_MsgDocumentManquantCopieTitreSejour' is present

03-01-2024T16:26:22 - [MESSAGE][INFO] - Checking object

03-01-2024T16:26:22 - [MESSAGE][INFO] - Finding web element from Test Object's properties

03-01-2024T16:26:22 - [MESSAGE][INFO] - Checking timeout

03-01-2024T16:26:22 - [MESSAGE][INFO] - Finding web element with id: 'Object Repository/Page_Verif_AccordeonEtatCivilDuDemandeur_Agent/label_MsgDocumentManquantCopieTitreSejour' located by 'By.xpath: //*[@id="observation-label"]' in '1' second(s)

03-01-2024T16:26:22 - [MESSAGE][INFO] - Smart Wait Function is triggered

03-01-2024T16:26:22 - [MESSAGE][INFO] - Found 1 web elements with id: 'Object Repository/Page_Verif_AccordeonEtatCivilDuDemandeur_Agent/label_MsgDocumentManquantCopieTitreSejour' located by 'By.xpath: //*[@id="observation-label"]' in '1' second(s)

03-01-2024T16:26:22 - [MESSAGE][PASSED] - Object 'Object Repository/Page_Verif_AccordeonEtatCivilDuDemandeur_Agent/label_MsgDocumentManquantCopieTitreSejour' is present

03-01-2024T16:26:22 - [TEST_STEP][PASSED] - TitreMsgDocumentManquantCopieTitreSejour = getText(MsgDocumentManquantCopieTitreSejour): Text of object 'Object Repository/Page_Verif_AccordeonEtatCivilDuDemandeur_Agent/label_MsgDocumentManquantCopieTitreSejour' is: 'Préciser le document manquant au demandeur * :'

03-01-2024T16:26:22 - [MESSAGE][INFO] - Checking object

03-01-2024T16:26:22 - [MESSAGE][INFO] - Finding web element from Test Object's properties

03-01-2024T16:26:22 - [MESSAGE][INFO] - Checking timeout

03-01-2024T16:26:22 - [MESSAGE][INFO] - Finding web element with id: 'Object Repository/Page_Verif_AccordeonEtatCivilDuDemandeur_Agent/label_MsgDocumentManquantCopieTitreSejour' located by 'By.xpath: //*[@id="observation-label"]' in '5' second(s)

03-01-2024T16:26:22 - [MESSAGE][INFO] - Smart Wait Function is triggered

03-01-2024T16:26:22 - [MESSAGE][INFO] - Found 1 web elements with id: 'Object Repository/Page_Verif_AccordeonEtatCivilDuDemandeur_Agent/label_MsgDocumentManquantCopieTitreSejour' located by 'By.xpath: //*[@id="observation-label"]' in '5' second(s)

03-01-2024T16:26:22 - [MESSAGE][INFO] - Getting text of object 'Object Repository/Page_Verif_AccordeonEtatCivilDuDemandeur_Agent/label_MsgDocumentManquantCopieTitreSejour'

03-01-2024T16:26:22 - [MESSAGE][PASSED] - Text of object 'Object Repository/Page_Verif_AccordeonEtatCivilDuDemandeur_Agent/label_MsgDocumentManquantCopieTitreSejour' is: 'Préciser le document manquant au demandeur * :'

03-01-2024T16:26:22 - [TEST_STEP][PASSED] - if (!(TitreMsgDocumentManquantCopieTitreSejour.contains("Préciser le document manquant au demandeur * :"))): null

03-01-2024T16:26:22 - [TEST_STEP][PASSED] - else: Le Titre  de Message est bien Affiché : Préciser le document manquant la Copie du titre de séjour au demandeur.

03-01-2024T16:26:22 - [TEST_STEP][PASSED] - markPassed("Le Titre  de Message est bien Affiché : Préciser le document manquant la Copie du titre de séjour au demandeur."): Le Titre  de Message est bien Affiché : Préciser le document manquant la Copie du titre de séjour au demandeur.

03-01-2024T16:26:22 - [MESSAGE][PASSED] - Le Titre  de Message est bien Affiché : Préciser le document manquant la Copie du titre de séjour au demandeur.

03-01-2024T16:26:22 - [TEST_STEP][PASSED] - TxtDocManquantCopieTitreSejour = findTestObject("Object Repository/Page_Verif_AccordeonEtatCivilDuDemandeur_Agent/TextArea_TextDocManquantCopieTitreSejour"): Finding Test Object 'Object Repository/Page_Verif_AccordeonEtatCivilDuDemandeur_Agent/TextArea_TextDocManquantCopieTitreSejour'

03-01-2024T16:26:22 - [MESSAGE][INFO] - Finding Test Object 'Object Repository/Page_Verif_AccordeonEtatCivilDuDemandeur_Agent/TextArea_TextDocManquantCopieTitreSejour'

03-01-2024T16:26:22 - [TEST_STEP][PASSED] - verifyElementPresent(TxtDocManquantPasseport, 1): Object 'Object Repository/Page_Verif_AccordeonEtatCivilDuDemandeur_Agent/TextArea_TextDocManquantPasseport' is present

03-01-2024T16:26:22 - [MESSAGE][INFO] - Checking object

03-01-2024T16:26:22 - [MESSAGE][INFO] - Finding web element from Test Object's properties

03-01-2024T16:26:22 - [MESSAGE][INFO] - Checking timeout

03-01-2024T16:26:22 - [MESSAGE][INFO] - Finding web element with id: 'Object Repository/Page_Verif_AccordeonEtatCivilDuDemandeur_Agent/TextArea_TextDocManquantPasseport' located by 'By.xpath: //*[@id="observation"]' in '1' second(s)

03-01-2024T16:26:22 - [MESSAGE][INFO] - Smart Wait Function is triggered

03-01-2024T16:26:22 - [MESSAGE][INFO] - Found 1 web elements with id: 'Object Repository/Page_Verif_AccordeonEtatCivilDuDemandeur_Agent/TextArea_TextDocManquantPasseport' located by 'By.xpath: //*[@id="observation"]' in '1' second(s)

03-01-2024T16:26:22 - [MESSAGE][PASSED] - Object 'Object Repository/Page_Verif_AccordeonEtatCivilDuDemandeur_Agent/TextArea_TextDocManquantPasseport' is present

03-01-2024T16:26:22 - [TEST_STEP][PASSED] - setText(TxtDocManquantCopieTitreSejour, "Préciser le document manquant la Copie du titre de séjour au demandeur"): Text 'Préciser le document manquant la Copie du titre de séjour au demandeur' is set on object 'Object Repository/Page_Verif_AccordeonEtatCivilDuDemandeur_Agent/TextArea_TextDocManquantCopieTitreSejour'

03-01-2024T16:26:22 - [MESSAGE][INFO] - Checking timeout

03-01-2024T16:26:22 - [MESSAGE][INFO] - Finding web element with id: 'Object Repository/Page_Verif_AccordeonEtatCivilDuDemandeur_Agent/TextArea_TextDocManquantCopieTitreSejour' located by 'By.xpath: //*[@id="observation"]' in '20' second(s)

03-01-2024T16:26:22 - [MESSAGE][INFO] - Smart Wait Function is triggered

03-01-2024T16:26:22 - [MESSAGE][INFO] - Found 1 web elements with id: 'Object Repository/Page_Verif_AccordeonEtatCivilDuDemandeur_Agent/TextArea_TextDocManquantCopieTitreSejour' located by 'By.xpath: //*[@id="observation"]' in '20' second(s)

03-01-2024T16:26:22 - [MESSAGE][INFO] - Checking object

03-01-2024T16:26:22 - [MESSAGE][INFO] - Checking text

03-01-2024T16:26:22 - [MESSAGE][INFO] - Finding web element from Test Object's properties

03-01-2024T16:26:22 - [MESSAGE][INFO] - Checking timeout

03-01-2024T16:26:22 - [MESSAGE][INFO] - Finding web element with id: 'Object Repository/Page_Verif_AccordeonEtatCivilDuDemandeur_Agent/TextArea_TextDocManquantCopieTitreSejour' located by 'By.xpath: //*[@id="observation"]' in '5' second(s)

03-01-2024T16:26:22 - [MESSAGE][INFO] - Smart Wait Function is triggered

03-01-2024T16:26:22 - [MESSAGE][INFO] - Found 1 web elements with id: 'Object Repository/Page_Verif_AccordeonEtatCivilDuDemandeur_Agent/TextArea_TextDocManquantCopieTitreSejour' located by 'By.xpath: //*[@id="observation"]' in '5' second(s)

03-01-2024T16:26:22 - [MESSAGE][INFO] - Clearing text of object 'Object Repository/Page_Verif_AccordeonEtatCivilDuDemandeur_Agent/TextArea_TextDocManquantCopieTitreSejour'

03-01-2024T16:26:24 - [MESSAGE][INFO] - Finding web element from Test Object's properties

03-01-2024T16:26:24 - [MESSAGE][INFO] - Checking timeout

03-01-2024T16:26:24 - [MESSAGE][INFO] - Finding web element with id: 'Object Repository/Page_Verif_AccordeonEtatCivilDuDemandeur_Agent/TextArea_TextDocManquantCopieTitreSejour' located by 'By.xpath: //*[@id="observation"]' in '5' second(s)

03-01-2024T16:26:24 - [MESSAGE][INFO] - Smart Wait Function is triggered

03-01-2024T16:26:24 - [MESSAGE][INFO] - Found 1 web elements with id: 'Object Repository/Page_Verif_AccordeonEtatCivilDuDemandeur_Agent/TextArea_TextDocManquantCopieTitreSejour' located by 'By.xpath: //*[@id="observation"]' in '5' second(s)

03-01-2024T16:26:24 - [MESSAGE][INFO] - Setting text of object 'Object Repository/Page_Verif_AccordeonEtatCivilDuDemandeur_Agent/TextArea_TextDocManquantCopieTitreSejour' to value 'Préciser le document manquant la Copie du titre de séjour au demandeur'

03-01-2024T16:26:26 - [MESSAGE][PASSED] - Text 'Préciser le document manquant la Copie du titre de séjour au demandeur' is set on object 'Object Repository/Page_Verif_AccordeonEtatCivilDuDemandeur_Agent/TextArea_TextDocManquantCopieTitreSejour'

03-01-2024T16:26:26 - [TEST_STEP][PASSED] - check(DocManquantCopieTitreSejour): Object 'Object Repository/Page_Verif_AccordeonEtatCivilDuDemandeur_Agent/span_Check_DocManquantCopieTitreSejour' is checked

03-01-2024T16:26:26 - [MESSAGE][INFO] - Checking object

03-01-2024T16:26:26 - [MESSAGE][INFO] - Finding web element from Test Object's properties

03-01-2024T16:26:26 - [MESSAGE][INFO] - Checking timeout

03-01-2024T16:26:26 - [MESSAGE][INFO] - Finding web element with id: 'Object Repository/Page_Verif_AccordeonEtatCivilDuDemandeur_Agent/span_Check_DocManquantCopieTitreSejour' located by 'By.xpath: //div/app-etat-civil/div/div[2]/div/app-justificatifs[4]/div/div[1]/anef-input-check/div/div/p-checkbox/div/div[2]' in '5' second(s)

03-01-2024T16:26:26 - [MESSAGE][INFO] - Smart Wait Function is triggered

03-01-2024T16:26:26 - [MESSAGE][INFO] - Found 1 web elements with id: 'Object Repository/Page_Verif_AccordeonEtatCivilDuDemandeur_Agent/span_Check_DocManquantCopieTitreSejour' located by 'By.xpath: //div/app-etat-civil/div/div[2]/div/app-justificatifs[4]/div/div[1]/anef-input-check/div/div/p-checkbox/div/div[2]' in '5' second(s)

03-01-2024T16:26:26 - [MESSAGE][INFO] - Checking on bject 'Object Repository/Page_Verif_AccordeonEtatCivilDuDemandeur_Agent/span_Check_DocManquantCopieTitreSejour'

03-01-2024T16:26:29 - [MESSAGE][PASSED] - Object 'Object Repository/Page_Verif_AccordeonEtatCivilDuDemandeur_Agent/span_Check_DocManquantCopieTitreSejour' is checked

03-01-2024T16:26:29 - [TEST_STEP][PASSED] - objVoirDocCopieTitreSejour = findTestObject("Object Repository/Page_Verif_AccordeonEtatCivilDuDemandeur_Agent/span_VoirDocCopieTitreSejour"): Finding Test Object 'Object Repository/Page_Verif_AccordeonEtatCivilDuDemandeur_Agent/span_VoirDocCopieTitreSejour'

03-01-2024T16:26:29 - [MESSAGE][INFO] - Finding Test Object 'Object Repository/Page_Verif_AccordeonEtatCivilDuDemandeur_Agent/span_VoirDocCopieTitreSejour'

03-01-2024T16:26:29 - [TEST_STEP][PASSED] - tools.OpenPopupInTab.OpenBrowserTab(objVoirDocCopieTitreSejour): tools.OpenPopupInTab.OpenBrowserTab is PASSED

03-01-2024T16:26:29 - [MESSAGE][INFO] - Smart Wait Function is triggered

03-01-2024T16:26:29 - [MESSAGE][PASSED] - tools.OpenPopupInTab.OpenBrowserTab is PASSED

03-01-2024T16:26:29 - [TEST_STEP][PASSED] - tools.OpenPopupInTab.CloseBrowserTab(): tools.OpenPopupInTab.CloseBrowserTab is PASSED

03-01-2024T16:26:29 - [MESSAGE][INFO] - Delaying browser in 2 second(s)

03-01-2024T16:26:31 - [MESSAGE][PASSED] - Delayed 2 second(s)

03-01-2024T16:26:31 - [MESSAGE][INFO] - Checking index

03-01-2024T16:26:31 - [MESSAGE][INFO] - Switching window with index: '0'

03-01-2024T16:26:31 - [MESSAGE][PASSED] - Switched to window with index: '0'

03-01-2024T16:26:31 - [MESSAGE][PASSED] - tools.OpenPopupInTab.CloseBrowserTab is PASSED

03-01-2024T16:26:31 - [TEST_STEP][PASSED] - delay(2): Delayed 2 second(s)

03-01-2024T16:26:31 - [MESSAGE][INFO] - Delaying browser in 2 second(s)

03-01-2024T16:26:33 - [MESSAGE][PASSED] - Delayed 2 second(s)

03-01-2024T16:26:33 - [TEST_STEP][PASSED] - click(findTestObject("Object Repository/Page_Verif_AccordeonEtatCivilDuDemandeur_Agent/label_RejeterLeDocumentCopieTitreSejour")): Object: 'Object Repository/Page_Verif_AccordeonEtatCivilDuDemandeur_Agent/label_RejeterLeDocumentCopieTitreSejour' is clicked on

03-01-2024T16:26:33 - [MESSAGE][INFO] - Finding Test Object 'Object Repository/Page_Verif_AccordeonEtatCivilDuDemandeur_Agent/label_RejeterLeDocumentCopieTitreSejour'

03-01-2024T16:26:33 - [MESSAGE][INFO] - Checking timeout

03-01-2024T16:26:33 - [MESSAGE][INFO] - Finding web element with id: 'Object Repository/Page_Verif_AccordeonEtatCivilDuDemandeur_Agent/label_RejeterLeDocumentCopieTitreSejour' located by 'By.xpath: //div/app-etat-civil/div/div[2]/div/app-justificatifs[4]/div/div[2]/div/div[2]/anef-input-radio/div/div/fieldset/div/div[1]/p-radiobutton/label' in '20' second(s)

03-01-2024T16:26:33 - [MESSAGE][INFO] - Smart Wait Function is triggered

03-01-2024T16:26:33 - [MESSAGE][INFO] - Found 1 web elements with id: 'Object Repository/Page_Verif_AccordeonEtatCivilDuDemandeur_Agent/label_RejeterLeDocumentCopieTitreSejour' located by 'By.xpath: //div/app-etat-civil/div/div[2]/div/app-justificatifs[4]/div/div[2]/div/div[2]/anef-input-radio/div/div/fieldset/div/div[1]/p-radiobutton/label' in '20' second(s)

03-01-2024T16:26:33 - [MESSAGE][INFO] - Checking object

03-01-2024T16:26:33 - [MESSAGE][INFO] - Checking timeout

03-01-2024T16:26:33 - [MESSAGE][INFO] - Finding web element from Test Object's properties

03-01-2024T16:26:33 - [MESSAGE][INFO] - Checking timeout

03-01-2024T16:26:33 - [MESSAGE][INFO] - Finding web element with id: 'Object Repository/Page_Verif_AccordeonEtatCivilDuDemandeur_Agent/label_RejeterLeDocumentCopieTitreSejour' located by 'By.xpath: //div/app-etat-civil/div/div[2]/div/app-justificatifs[4]/div/div[2]/div/div[2]/anef-input-radio/div/div/fieldset/div/div[1]/p-radiobutton/label' in '5' second(s)

03-01-2024T16:26:33 - [MESSAGE][INFO] - Smart Wait Function is triggered

03-01-2024T16:26:33 - [MESSAGE][INFO] - Found 1 web elements with id: 'Object Repository/Page_Verif_AccordeonEtatCivilDuDemandeur_Agent/label_RejeterLeDocumentCopieTitreSejour' located by 'By.xpath: //div/app-etat-civil/div/div[2]/div/app-justificatifs[4]/div/div[2]/div/div[2]/anef-input-radio/div/div/fieldset/div/div[1]/p-radiobutton/label' in '5' second(s)

03-01-2024T16:26:33 - [MESSAGE][INFO] - Clicking on object: 'Object Repository/Page_Verif_AccordeonEtatCivilDuDemandeur_Agent/label_RejeterLeDocumentCopieTitreSejour'

03-01-2024T16:26:35 - [MESSAGE][PASSED] - Object: 'Object Repository/Page_Verif_AccordeonEtatCivilDuDemandeur_Agent/label_RejeterLeDocumentCopieTitreSejour' is clicked on

03-01-2024T16:26:35 - [TEST_STEP][PASSED] - doubleClick(findTestObject("Object Repository/Page_Verif_AccordeonEtatCivilDuDemandeur_Agent/List_MotifDuRejetCopieTitreSejour")): Object: 'Object Repository/Page_Verif_AccordeonEtatCivilDuDemandeur_Agent/List_MotifDuRejetCopieTitreSejour' is double clicked on

03-01-2024T16:26:35 - [MESSAGE][INFO] - Finding Test Object 'Object Repository/Page_Verif_AccordeonEtatCivilDuDemandeur_Agent/List_MotifDuRejetCopieTitreSejour'

03-01-2024T16:26:35 - [MESSAGE][INFO] - Checking object

03-01-2024T16:26:35 - [MESSAGE][INFO] - Finding web element from Test Object's properties

03-01-2024T16:26:35 - [MESSAGE][INFO] - Checking timeout

03-01-2024T16:26:35 - [MESSAGE][INFO] - Finding web element with id: 'Object Repository/Page_Verif_AccordeonEtatCivilDuDemandeur_Agent/List_MotifDuRejetCopieTitreSejour' located by 'By.xpath: //*[@id="motif"]/div/div[3]/label' in '5' second(s)

03-01-2024T16:26:35 - [MESSAGE][INFO] - Smart Wait Function is triggered

03-01-2024T16:26:35 - [MESSAGE][INFO] - Found 1 web elements with id: 'Object Repository/Page_Verif_AccordeonEtatCivilDuDemandeur_Agent/List_MotifDuRejetCopieTitreSejour' located by 'By.xpath: //*[@id="motif"]/div/div[3]/label' in '5' second(s)

03-01-2024T16:26:35 - [MESSAGE][INFO] - Double clicking on object: 'Object Repository/Page_Verif_AccordeonEtatCivilDuDemandeur_Agent/List_MotifDuRejetCopieTitreSejour'

03-01-2024T16:26:36 - [MESSAGE][PASSED] - Object: 'Object Repository/Page_Verif_AccordeonEtatCivilDuDemandeur_Agent/List_MotifDuRejetCopieTitreSejour' is double clicked on

03-01-2024T16:26:36 - [TEST_STEP][PASSED] - setText(findTestObject("Object Repository/Page_Verif_AccordeonEtatCivilDuDemandeur_Agent/Txt_ObservationPourDemandeurCopieTitreSejour"), "Observations de la Copie du titre de séjour pour le demandeur"): Text 'Observations de la Copie du titre de séjour pour le demandeur' is set on object 'Object Repository/Page_Verif_AccordeonEtatCivilDuDemandeur_Agent/Txt_ObservationPourDemandeurCopieTitreSejour'

03-01-2024T16:26:36 - [MESSAGE][INFO] - Finding Test Object 'Object Repository/Page_Verif_AccordeonEtatCivilDuDemandeur_Agent/Txt_ObservationPourDemandeurCopieTitreSejour'

03-01-2024T16:26:36 - [MESSAGE][INFO] - Checking timeout

03-01-2024T16:26:36 - [MESSAGE][INFO] - Finding web element with id: 'Object Repository/Page_Verif_AccordeonEtatCivilDuDemandeur_Agent/Txt_ObservationPourDemandeurCopieTitreSejour' located by 'By.xpath: //*[@id="observation"]' in '20' second(s)

03-01-2024T16:26:36 - [MESSAGE][INFO] - Smart Wait Function is triggered

03-01-2024T16:26:36 - [MESSAGE][INFO] - Found 1 web elements with id: 'Object Repository/Page_Verif_AccordeonEtatCivilDuDemandeur_Agent/Txt_ObservationPourDemandeurCopieTitreSejour' located by 'By.xpath: //*[@id="observation"]' in '20' second(s)

03-01-2024T16:26:36 - [MESSAGE][INFO] - Checking object

03-01-2024T16:26:36 - [MESSAGE][INFO] - Checking text

03-01-2024T16:26:36 - [MESSAGE][INFO] - Finding web element from Test Object's properties

03-01-2024T16:26:36 - [MESSAGE][INFO] - Checking timeout

03-01-2024T16:26:36 - [MESSAGE][INFO] - Finding web element with id: 'Object Repository/Page_Verif_AccordeonEtatCivilDuDemandeur_Agent/Txt_ObservationPourDemandeurCopieTitreSejour' located by 'By.xpath: //*[@id="observation"]' in '5' second(s)

03-01-2024T16:26:36 - [MESSAGE][INFO] - Smart Wait Function is triggered

03-01-2024T16:26:36 - [MESSAGE][INFO] - Found 1 web elements with id: 'Object Repository/Page_Verif_AccordeonEtatCivilDuDemandeur_Agent/Txt_ObservationPourDemandeurCopieTitreSejour' located by 'By.xpath: //*[@id="observation"]' in '5' second(s)

03-01-2024T16:26:36 - [MESSAGE][INFO] - Clearing text of object 'Object Repository/Page_Verif_AccordeonEtatCivilDuDemandeur_Agent/Txt_ObservationPourDemandeurCopieTitreSejour'

03-01-2024T16:26:38 - [MESSAGE][INFO] - Finding web element from Test Object's properties

03-01-2024T16:26:38 - [MESSAGE][INFO] - Checking timeout

03-01-2024T16:26:38 - [MESSAGE][INFO] - Finding web element with id: 'Object Repository/Page_Verif_AccordeonEtatCivilDuDemandeur_Agent/Txt_ObservationPourDemandeurCopieTitreSejour' located by 'By.xpath: //*[@id="observation"]' in '5' second(s)

03-01-2024T16:26:38 - [MESSAGE][INFO] - Smart Wait Function is triggered

03-01-2024T16:26:38 - [MESSAGE][INFO] - Found 1 web elements with id: 'Object Repository/Page_Verif_AccordeonEtatCivilDuDemandeur_Agent/Txt_ObservationPourDemandeurCopieTitreSejour' located by 'By.xpath: //*[@id="observation"]' in '5' second(s)

03-01-2024T16:26:38 - [MESSAGE][INFO] - Setting text of object 'Object Repository/Page_Verif_AccordeonEtatCivilDuDemandeur_Agent/Txt_ObservationPourDemandeurCopieTitreSejour' to value 'Observations de la Copie du titre de séjour pour le demandeur'

03-01-2024T16:26:40 - [MESSAGE][PASSED] - Text 'Observations de la Copie du titre de séjour pour le demandeur' is set on object 'Object Repository/Page_Verif_AccordeonEtatCivilDuDemandeur_Agent/Txt_ObservationPourDemandeurCopieTitreSejour'

03-01-2024T16:26:40 - [TEST_STEP][PASSED] - click(findTestObject("Object Repository/Page_Verif_AccordeonEtatCivilDuDemandeur_Agent/div_AccepterLeDocumentCopieTitreSejour")): Object: 'Object Repository/Page_Verif_AccordeonEtatCivilDuDemandeur_Agent/div_AccepterLeDocumentCopieTitreSejour' is clicked on

03-01-2024T16:26:40 - [MESSAGE][INFO] - Finding Test Object 'Object Repository/Page_Verif_AccordeonEtatCivilDuDemandeur_Agent/div_AccepterLeDocumentCopieTitreSejour'

03-01-2024T16:26:40 - [MESSAGE][INFO] - Checking timeout

03-01-2024T16:26:40 - [MESSAGE][INFO] - Finding web element with id: 'Object Repository/Page_Verif_AccordeonEtatCivilDuDemandeur_Agent/div_AccepterLeDocumentCopieTitreSejour' located by 'By.xpath: //div/app-etat-civil/div/div[2]/div/app-justificatifs[4]/div/div[2]/div/div[2]/anef-input-radio/div/div/fieldset/div/div[2]/p-radiobutton/div/div[2]' in '20' second(s)

03-01-2024T16:26:40 - [MESSAGE][INFO] - Smart Wait Function is triggered

03-01-2024T16:26:40 - [MESSAGE][INFO] - Found 1 web elements with id: 'Object Repository/Page_Verif_AccordeonEtatCivilDuDemandeur_Agent/div_AccepterLeDocumentCopieTitreSejour' located by 'By.xpath: //div/app-etat-civil/div/div[2]/div/app-justificatifs[4]/div/div[2]/div/div[2]/anef-input-radio/div/div/fieldset/div/div[2]/p-radiobutton/div/div[2]' in '20' second(s)

03-01-2024T16:26:40 - [MESSAGE][INFO] - Checking object

03-01-2024T16:26:40 - [MESSAGE][INFO] - Checking timeout

03-01-2024T16:26:40 - [MESSAGE][INFO] - Finding web element from Test Object's properties

03-01-2024T16:26:40 - [MESSAGE][INFO] - Checking timeout

03-01-2024T16:26:40 - [MESSAGE][INFO] - Finding web element with id: 'Object Repository/Page_Verif_AccordeonEtatCivilDuDemandeur_Agent/div_AccepterLeDocumentCopieTitreSejour' located by 'By.xpath: //div/app-etat-civil/div/div[2]/div/app-justificatifs[4]/div/div[2]/div/div[2]/anef-input-radio/div/div/fieldset/div/div[2]/p-radiobutton/div/div[2]' in '5' second(s)

03-01-2024T16:26:40 - [MESSAGE][INFO] - Smart Wait Function is triggered

03-01-2024T16:26:40 - [MESSAGE][INFO] - Found 1 web elements with id: 'Object Repository/Page_Verif_AccordeonEtatCivilDuDemandeur_Agent/div_AccepterLeDocumentCopieTitreSejour' located by 'By.xpath: //div/app-etat-civil/div/div[2]/div/app-justificatifs[4]/div/div[2]/div/div[2]/anef-input-radio/div/div/fieldset/div/div[2]/p-radiobutton/div/div[2]' in '5' second(s)

03-01-2024T16:26:40 - [MESSAGE][INFO] - Clicking on object: 'Object Repository/Page_Verif_AccordeonEtatCivilDuDemandeur_Agent/div_AccepterLeDocumentCopieTitreSejour'

03-01-2024T16:26:42 - [MESSAGE][PASSED] - Object: 'Object Repository/Page_Verif_AccordeonEtatCivilDuDemandeur_Agent/div_AccepterLeDocumentCopieTitreSejour' is clicked on

03-01-2024T16:26:42 - [TEST_STEP][PASSED] - "MOTIF DE SÉJOUR": null

03-01-2024T16:26:42 - [TEST_STEP][PASSED] - "ATTESTATION SUR L'HONNEUR": null

03-01-2024T16:26:43 - [TEST_STEP][PASSED] - if (verifyElementPresent(findTestObject("Object Repository/Page_Verif_AccordeonMotifDeSejour_Agent/objVoirDocCopieSouscriptionAssurance"), 3, OPTIONAL)): com.kms.katalon.core.webui.exception.WebElementNotFoundException: Web element with id: 'Object Repository/Page_Verif_AccordeonMotifDeSejour_Agent/objVoirDocCopieSouscriptionAssurance' located by '//div/app-motif-sejour-visiteur/div/div[2]/div/app-justificatifs/div/div[2]/div/div[1]/div[2]/app-visionneuse/a/span' not found (Root cause: com.kms.katalon.core.exception.StepFailedException: com.kms.katalon.core.webui.exception.WebElementNotFoundException: Web element with id: 'Object Repository/Page_Verif_AccordeonMotifDeSejour_Agent/objVoirDocCopieSouscriptionAssurance' located by '//div/app-motif-sejour-visiteur/div/div[2]/div/app-justificatifs/div/div[2]/div/div[1]/div[2]/app-visionneuse/a/span' not found
	at com.kms.katalon.core.webui.keyword.internal.WebUIKeywordMain.stepFailed(WebUIKeywordMain.groovy:64)
	at com.kms.katalon.core.webui.keyword.builtin.VerifyElementPresentKeyword$_verifyElementPresent_closure1.doCall(VerifyElementPresentKeyword.groovy:85)
	at com.kms.katalon.core.webui.keyword.builtin.VerifyElementPresentKeyword$_verifyElementPresent_closure1.call(VerifyElementPresentKeyword.groovy)
	at com.kms.katalon.core.webui.keyword.internal.WebUIKeywordMain.runKeyword(WebUIKeywordMain.groovy:20)
	at com.kms.katalon.core.webui.keyword.builtin.VerifyElementPresentKeyword.verifyElementPresent(VerifyElementPresentKeyword.groovy:92)
	at com.kms.katalon.core.webui.keyword.builtin.VerifyElementPresentKeyword.execute(VerifyElementPresentKeyword.groovy:68)
	at com.kms.katalon.core.keyword.internal.KeywordExecutor.executeKeywordForPlatform(KeywordExecutor.groovy:74)
	at com.kms.katalon.core.webui.keyword.WebUiBuiltInKeywords.verifyElementPresent(WebUiBuiltInKeywords.groovy:1487)
	at java.base/jdk.internal.reflect.NativeMethodAccessorImpl.invoke0(Native Method)
	at java.base/jdk.internal.reflect.NativeMethodAccessorImpl.invoke(NativeMethodAccessorImpl.java:77)
	at java.base/jdk.internal.reflect.DelegatingMethodAccessorImpl.invoke(DelegatingMethodAccessorImpl.java:43)
	at com.kazurayam.ksbackyard.HighlightElement$_pandemic_closure1.doCall(HighlightElement.groovy:105)
	at jdk.internal.reflect.GeneratedMethodAccessor6.invoke(Unknown Source)
	at java.base/jdk.internal.reflect.DelegatingMethodAccessorImpl.invoke(DelegatingMethodAccessorImpl.java:43)
	at Verif_AccordeonEtatCivilDuDemandeur.run(Verif_AccordeonEtatCivilDuDemandeur:193)
	at com.kms.katalon.core.main.ScriptEngine.run(ScriptEngine.java:194)
	at com.kms.katalon.core.main.ScriptEngine.runScriptAsRawText(ScriptEngine.java:119)
	at com.kms.katalon.core.main.TestCaseExecutor.runScript(TestCaseExecutor.java:448)
	at com.kms.katalon.core.main.TestCaseExecutor.doExecute(TestCaseExecutor.java:439)
	at com.kms.katalon.core.main.TestCaseExecutor.processExecutionPhase(TestCaseExecutor.java:418)
	at com.kms.katalon.core.main.TestCaseExecutor.accessMainPhase(TestCaseExecutor.java:410)
	at com.kms.katalon.core.main.TestCaseExecutor.execute(TestCaseExecutor.java:285)
	at com.kms.katalon.core.main.TestCaseMain.runTestCase(TestCaseMain.java:137)
	at com.kms.katalon.core.keyword.builtin.CallTestCaseKeyword$_callTestCase_closure1.doCall(CallTestCaseKeyword.groovy:59)
	at com.kms.katalon.core.keyword.builtin.CallTestCaseKeyword$_callTestCase_closure1.call(CallTestCaseKeyword.groovy)
	at com.kms.katalon.core.keyword.internal.KeywordMain.runKeyword(KeywordMain.groovy:75)
	at com.kms.katalon.core.keyword.builtin.CallTestCaseKeyword.callTestCase(CallTestCaseKeyword.groovy:81)
	at com.kms.katalon.core.keyword.builtin.CallTestCaseKeyword.execute(CallTestCaseKeyword.groovy:44)
	at com.kms.katalon.core.keyword.internal.KeywordExecutor.executeKeywordForPlatform(KeywordExecutor.groovy:74)
	at com.kms.katalon.core.keyword.BuiltinKeywords.callTestCase(BuiltinKeywords.groovy:310)
	at java.base/jdk.internal.reflect.NativeMethodAccessorImpl.invoke0(Native Method)
	at java.base/jdk.internal.reflect.NativeMethodAccessorImpl.invoke(NativeMethodAccessorImpl.java:77)
	at java.base/jdk.internal.reflect.DelegatingMethodAccessorImpl.invoke(DelegatingMethodAccessorImpl.java:43)
	at com.kazurayam.ksbackyard.HighlightElement$_pandemic_closure1.doCall(HighlightElement.groovy:105)
	at jdk.internal.reflect.GeneratedMethodAccessor6.invoke(Unknown Source)
	at java.base/jdk.internal.reflect.DelegatingMethodAccessorImpl.invoke(DelegatingMethodAccessorImpl.java:43)
	at TNR R.TSPT Supp90-Visiteur.run(TNR R.TSPT Supp90-Visiteur:119)
	at com.kms.katalon.core.main.ScriptEngine.run(ScriptEngine.java:194)
	at com.kms.katalon.core.main.ScriptEngine.runScriptAsRawText(ScriptEngine.java:119)
	at com.kms.katalon.core.main.TestCaseExecutor.runScript(TestCaseExecutor.java:448)
	at com.kms.katalon.core.main.TestCaseExecutor.doExecute(TestCaseExecutor.java:439)
	at com.kms.katalon.core.main.TestCaseExecutor.processExecutionPhase(TestCaseExecutor.java:418)
	at com.kms.katalon.core.main.TestCaseExecutor.accessMainPhase(TestCaseExecutor.java:410)
	at com.kms.katalon.core.main.TestCaseExecutor.execute(TestCaseExecutor.java:285)
	at com.kms.katalon.core.common.CommonExecutor.accessTestCaseMainPhase(CommonExecutor.java:65)
	at com.kms.katalon.core.main.TestSuiteExecutor.accessTestSuiteMainPhase(TestSuiteExecutor.java:148)
	at com.kms.katalon.core.main.TestSuiteExecutor.execute(TestSuiteExecutor.java:106)
	at com.kms.katalon.core.main.TestCaseMain.startTestSuite(TestCaseMain.java:180)
	at TempTestSuite1704295324522.run(TempTestSuite1704295324522.groovy:36)
	at java.base/jdk.internal.reflect.NativeMethodAccessorImpl.invoke0(Native Method)
	at java.base/jdk.internal.reflect.NativeMethodAccessorImpl.invoke(NativeMethodAccessorImpl.java:77)
	at java.base/jdk.internal.reflect.DelegatingMethodAccessorImpl.invoke(DelegatingMethodAccessorImpl.java:43)
)

03-01-2024T16:26:43 - [MESSAGE][INFO] - Finding Test Object 'Object Repository/Page_Verif_AccordeonMotifDeSejour_Agent/objVoirDocCopieSouscriptionAssurance'

03-01-2024T16:26:43 - [MESSAGE][INFO] - Checking object

03-01-2024T16:26:43 - [MESSAGE][INFO] - Finding web element from Test Object's properties

03-01-2024T16:26:43 - [MESSAGE][INFO] - Checking timeout

03-01-2024T16:26:43 - [MESSAGE][INFO] - Finding web element with id: 'Object Repository/Page_Verif_AccordeonMotifDeSejour_Agent/objVoirDocCopieSouscriptionAssurance' located by 'By.xpath: //div/app-motif-sejour-visiteur/div/div[2]/div/app-justificatifs/div/div[2]/div/div[1]/div[2]/app-visionneuse/a/span' in '3' second(s)

03-01-2024T16:26:43 - [MESSAGE][INFO] - Smart Wait Function is triggered

03-01-2024T16:26:43 - [MESSAGE][INFO] - Smart Wait Function is triggered

03-01-2024T16:26:43 - [MESSAGE][INFO] - Smart Wait Function is triggered

03-01-2024T16:26:43 - [MESSAGE][INFO] - Smart Wait Function is triggered

03-01-2024T16:26:43 - [MESSAGE][INFO] - Smart Wait Function is triggered

03-01-2024T16:26:43 - [MESSAGE][INFO] - Smart Wait Function is triggered

03-01-2024T16:26:43 - [MESSAGE][INFO] - Smart Wait Function is triggered

03-01-2024T16:26:43 - [MESSAGE][INFO] - Smart Wait Function is triggered

03-01-2024T16:26:43 - [MESSAGE][INFO] - Smart Wait Function is triggered

03-01-2024T16:26:43 - [MESSAGE][INFO] - Smart Wait Function is triggered

03-01-2024T16:26:43 - [MESSAGE][INFO] - Smart Wait Function is triggered

03-01-2024T16:26:43 - [MESSAGE][INFO] - Smart Wait Function is triggered

03-01-2024T16:26:43 - [MESSAGE][INFO] - Smart Wait Function is triggered

03-01-2024T16:26:43 - [MESSAGE][INFO] - Smart Wait Function is triggered

03-01-2024T16:26:43 - [MESSAGE][INFO] - Smart Wait Function is triggered

03-01-2024T16:26:43 - [MESSAGE][INFO] - Smart Wait Function is triggered

03-01-2024T16:26:43 - [MESSAGE][INFO] - Smart Wait Function is triggered

03-01-2024T16:26:43 - [MESSAGE][INFO] - Smart Wait Function is triggered

03-01-2024T16:26:43 - [MESSAGE][INFO] - Smart Wait Function is triggered

03-01-2024T16:26:43 - [MESSAGE][INFO] - Smart Wait Function is triggered

03-01-2024T16:26:43 - [MESSAGE][INFO] - Smart Wait Function is triggered

03-01-2024T16:26:43 - [MESSAGE][INFO] - Smart Wait Function is triggered

03-01-2024T16:26:43 - [MESSAGE][INFO] - Smart Wait Function is triggered

03-01-2024T16:26:43 - [MESSAGE][INFO] - Smart Wait Function is triggered

03-01-2024T16:26:43 - [MESSAGE][INFO] - Smart Wait Function is triggered

03-01-2024T16:26:43 - [MESSAGE][INFO] - Smart Wait Function is triggered

03-01-2024T16:26:43 - [MESSAGE][INFO] - Smart Wait Function is triggered

03-01-2024T16:26:43 - [MESSAGE][INFO] - Smart Wait Function is triggered

03-01-2024T16:26:43 - [MESSAGE][INFO] - Smart Wait Function is triggered

03-01-2024T16:26:43 - [MESSAGE][INFO] - Smart Wait Function is triggered

03-01-2024T16:26:43 - [MESSAGE][INFO] - Smart Wait Function is triggered

03-01-2024T16:26:43 - [MESSAGE][INFO] - Smart Wait Function is triggered

03-01-2024T16:26:43 - [MESSAGE][INFO] - Smart Wait Function is triggered

03-01-2024T16:26:43 - [MESSAGE][INFO] - Smart Wait Function is triggered

03-01-2024T16:26:43 - [MESSAGE][INFO] - Smart Wait Function is triggered

03-01-2024T16:26:43 - [MESSAGE][INFO] - Smart Wait Function is triggered

03-01-2024T16:26:43 - [MESSAGE][INFO] - Smart Wait Function is triggered

03-01-2024T16:26:43 - [MESSAGE][INFO] - Smart Wait Function is triggered

03-01-2024T16:26:44 - [MESSAGE][INFO] - Smart Wait Function is triggered

03-01-2024T16:26:44 - [MESSAGE][INFO] - Smart Wait Function is triggered

03-01-2024T16:26:44 - [MESSAGE][INFO] - Smart Wait Function is triggered

03-01-2024T16:26:44 - [MESSAGE][INFO] - Smart Wait Function is triggered

03-01-2024T16:26:44 - [MESSAGE][INFO] - Smart Wait Function is triggered

03-01-2024T16:26:44 - [MESSAGE][INFO] - Smart Wait Function is triggered

03-01-2024T16:26:44 - [MESSAGE][INFO] - Smart Wait Function is triggered

03-01-2024T16:26:44 - [MESSAGE][INFO] - Smart Wait Function is triggered

03-01-2024T16:26:44 - [MESSAGE][INFO] - Smart Wait Function is triggered

03-01-2024T16:26:44 - [MESSAGE][INFO] - Smart Wait Function is triggered

03-01-2024T16:26:44 - [MESSAGE][INFO] - Smart Wait Function is triggered

03-01-2024T16:26:44 - [MESSAGE][INFO] - Smart Wait Function is triggered

03-01-2024T16:26:44 - [MESSAGE][INFO] - Smart Wait Function is triggered

03-01-2024T16:26:44 - [MESSAGE][INFO] - Smart Wait Function is triggered

03-01-2024T16:26:44 - [MESSAGE][INFO] - Smart Wait Function is triggered

03-01-2024T16:26:44 - [MESSAGE][INFO] - Smart Wait Function is triggered

03-01-2024T16:26:44 - [MESSAGE][INFO] - Smart Wait Function is triggered

03-01-2024T16:26:44 - [MESSAGE][INFO] - Smart Wait Function is triggered

03-01-2024T16:26:44 - [MESSAGE][INFO] - Smart Wait Function is triggered

03-01-2024T16:26:44 - [MESSAGE][INFO] - Smart Wait Function is triggered

03-01-2024T16:26:44 - [MESSAGE][INFO] - Smart Wait Function is triggered

03-01-2024T16:26:44 - [MESSAGE][INFO] - Smart Wait Function is triggered

03-01-2024T16:26:44 - [MESSAGE][INFO] - Smart Wait Function is triggered

03-01-2024T16:26:44 - [MESSAGE][INFO] - Smart Wait Function is triggered

03-01-2024T16:26:44 - [MESSAGE][INFO] - Smart Wait Function is triggered

03-01-2024T16:26:44 - [MESSAGE][INFO] - Smart Wait Function is triggered

03-01-2024T16:26:44 - [MESSAGE][INFO] - Smart Wait Function is triggered

03-01-2024T16:26:44 - [MESSAGE][INFO] - Smart Wait Function is triggered

03-01-2024T16:26:44 - [MESSAGE][INFO] - Smart Wait Function is triggered

03-01-2024T16:26:44 - [MESSAGE][INFO] - Smart Wait Function is triggered

03-01-2024T16:26:44 - [MESSAGE][INFO] - Smart Wait Function is triggered

03-01-2024T16:26:44 - [MESSAGE][INFO] - Smart Wait Function is triggered

03-01-2024T16:26:44 - [MESSAGE][INFO] - Smart Wait Function is triggered

03-01-2024T16:26:44 - [MESSAGE][INFO] - Smart Wait Function is triggered

03-01-2024T16:26:44 - [MESSAGE][INFO] - Smart Wait Function is triggered

03-01-2024T16:26:44 - [MESSAGE][INFO] - Smart Wait Function is triggered

03-01-2024T16:26:44 - [MESSAGE][INFO] - Smart Wait Function is triggered

03-01-2024T16:26:44 - [MESSAGE][INFO] - Smart Wait Function is triggered

03-01-2024T16:26:44 - [MESSAGE][INFO] - Smart Wait Function is triggered

03-01-2024T16:26:44 - [MESSAGE][INFO] - Smart Wait Function is triggered

03-01-2024T16:26:44 - [MESSAGE][INFO] - Smart Wait Function is triggered

03-01-2024T16:26:44 - [MESSAGE][INFO] - Smart Wait Function is triggered

03-01-2024T16:26:44 - [MESSAGE][INFO] - Smart Wait Function is triggered

03-01-2024T16:26:44 - [MESSAGE][INFO] - Smart Wait Function is triggered

03-01-2024T16:26:45 - [MESSAGE][INFO] - Smart Wait Function is triggered

03-01-2024T16:26:45 - [MESSAGE][INFO] - Smart Wait Function is triggered

03-01-2024T16:26:45 - [MESSAGE][INFO] - Smart Wait Function is triggered

03-01-2024T16:26:45 - [MESSAGE][INFO] - Smart Wait Function is triggered

03-01-2024T16:26:45 - [MESSAGE][INFO] - Smart Wait Function is triggered

03-01-2024T16:26:45 - [MESSAGE][INFO] - Smart Wait Function is triggered

03-01-2024T16:26:45 - [MESSAGE][INFO] - Smart Wait Function is triggered

03-01-2024T16:26:45 - [MESSAGE][INFO] - Smart Wait Function is triggered

03-01-2024T16:26:45 - [MESSAGE][INFO] - Smart Wait Function is triggered

03-01-2024T16:26:45 - [MESSAGE][INFO] - Smart Wait Function is triggered

03-01-2024T16:26:45 - [MESSAGE][INFO] - Smart Wait Function is triggered

03-01-2024T16:26:45 - [MESSAGE][INFO] - Smart Wait Function is triggered

03-01-2024T16:26:45 - [MESSAGE][INFO] - Smart Wait Function is triggered

03-01-2024T16:26:45 - [MESSAGE][INFO] - Smart Wait Function is triggered

03-01-2024T16:26:45 - [MESSAGE][INFO] - Smart Wait Function is triggered

03-01-2024T16:26:45 - [MESSAGE][INFO] - Smart Wait Function is triggered

03-01-2024T16:26:45 - [MESSAGE][INFO] - Smart Wait Function is triggered

03-01-2024T16:26:45 - [MESSAGE][INFO] - Smart Wait Function is triggered

03-01-2024T16:26:45 - [MESSAGE][INFO] - Smart Wait Function is triggered

03-01-2024T16:26:45 - [MESSAGE][INFO] - Smart Wait Function is triggered

03-01-2024T16:26:45 - [MESSAGE][INFO] - Smart Wait Function is triggered

03-01-2024T16:26:45 - [MESSAGE][INFO] - Smart Wait Function is triggered

03-01-2024T16:26:45 - [MESSAGE][INFO] - Smart Wait Function is triggered

03-01-2024T16:26:45 - [MESSAGE][INFO] - Smart Wait Function is triggered

03-01-2024T16:26:45 - [MESSAGE][INFO] - Smart Wait Function is triggered

03-01-2024T16:26:45 - [MESSAGE][INFO] - Smart Wait Function is triggered

03-01-2024T16:26:45 - [MESSAGE][INFO] - Smart Wait Function is triggered

03-01-2024T16:26:45 - [MESSAGE][INFO] - Smart Wait Function is triggered

03-01-2024T16:26:45 - [MESSAGE][INFO] - Smart Wait Function is triggered

03-01-2024T16:26:45 - [MESSAGE][INFO] - Smart Wait Function is triggered

03-01-2024T16:26:45 - [MESSAGE][INFO] - Smart Wait Function is triggered

03-01-2024T16:26:45 - [MESSAGE][INFO] - Smart Wait Function is triggered

03-01-2024T16:26:45 - [MESSAGE][INFO] - Smart Wait Function is triggered

03-01-2024T16:26:45 - [MESSAGE][INFO] - Smart Wait Function is triggered

03-01-2024T16:26:45 - [MESSAGE][INFO] - Smart Wait Function is triggered

03-01-2024T16:26:45 - [MESSAGE][INFO] - Smart Wait Function is triggered

03-01-2024T16:26:45 - [MESSAGE][INFO] - Smart Wait Function is triggered

03-01-2024T16:26:45 - [MESSAGE][INFO] - Smart Wait Function is triggered

03-01-2024T16:26:45 - [MESSAGE][INFO] - Smart Wait Function is triggered

03-01-2024T16:26:45 - [MESSAGE][INFO] - Smart Wait Function is triggered

03-01-2024T16:26:45 - [MESSAGE][INFO] - Smart Wait Function is triggered

03-01-2024T16:26:45 - [MESSAGE][INFO] - Smart Wait Function is triggered

03-01-2024T16:26:45 - [MESSAGE][INFO] - Smart Wait Function is triggered

03-01-2024T16:26:45 - [MESSAGE][INFO] - Smart Wait Function is triggered

03-01-2024T16:26:45 - [MESSAGE][INFO] - Smart Wait Function is triggered

03-01-2024T16:26:45 - [MESSAGE][INFO] - Smart Wait Function is triggered

03-01-2024T16:26:45 - [MESSAGE][INFO] - Smart Wait Function is triggered

03-01-2024T16:26:45 - [MESSAGE][INFO] - Smart Wait Function is triggered

03-01-2024T16:26:46 - [MESSAGE][INFO] - Smart Wait Function is triggered

03-01-2024T16:26:46 - [MESSAGE][INFO] - Smart Wait Function is triggered

03-01-2024T16:26:46 - [MESSAGE][INFO] - Smart Wait Function is triggered

03-01-2024T16:26:46 - [MESSAGE][INFO] - Smart Wait Function is triggered

03-01-2024T16:26:46 - [MESSAGE][INFO] - Smart Wait Function is triggered

03-01-2024T16:26:46 - [MESSAGE][INFO] - Smart Wait Function is triggered

03-01-2024T16:26:46 - [MESSAGE][INFO] - Smart Wait Function is triggered

03-01-2024T16:26:46 - [MESSAGE][INFO] - Smart Wait Function is triggered

03-01-2024T16:26:46 - [MESSAGE][INFO] - Smart Wait Function is triggered

03-01-2024T16:26:46 - [MESSAGE][INFO] - Smart Wait Function is triggered

03-01-2024T16:26:46 - [MESSAGE][INFO] - Smart Wait Function is triggered

03-01-2024T16:26:46 - [MESSAGE][INFO] - Smart Wait Function is triggered

03-01-2024T16:26:46 - [MESSAGE][INFO] - Smart Wait Function is triggered

03-01-2024T16:26:46 - [MESSAGE][INFO] - Smart Wait Function is triggered

03-01-2024T16:26:46 - [MESSAGE][INFO] - Smart Wait Function is triggered

03-01-2024T16:26:46 - [MESSAGE][INFO] - Smart Wait Function is triggered

03-01-2024T16:26:46 - [MESSAGE][INFO] - Smart Wait Function is triggered

03-01-2024T16:26:46 - [MESSAGE][INFO] - Smart Wait Function is triggered

03-01-2024T16:26:46 - [MESSAGE][INFO] - Smart Wait Function is triggered

03-01-2024T16:26:46 - [MESSAGE][INFO] - Smart Wait Function is triggered

03-01-2024T16:26:46 - [MESSAGE][INFO] - Smart Wait Function is triggered

03-01-2024T16:26:46 - [MESSAGE][INFO] - Smart Wait Function is triggered

03-01-2024T16:26:46 - [MESSAGE][INFO] - Smart Wait Function is triggered

03-01-2024T16:26:46 - [MESSAGE][INFO] - Smart Wait Function is triggered

03-01-2024T16:26:46 - [MESSAGE][INFO] - Smart Wait Function is triggered

03-01-2024T16:26:46 - [MESSAGE][INFO] - Smart Wait Function is triggered

03-01-2024T16:26:46 - [MESSAGE][INFO] - Smart Wait Function is triggered

03-01-2024T16:26:46 - [MESSAGE][INFO] - Smart Wait Function is triggered

03-01-2024T16:26:46 - [MESSAGE][INFO] - Smart Wait Function is triggered

03-01-2024T16:26:46 - [MESSAGE][INFO] - Smart Wait Function is triggered

03-01-2024T16:26:46 - [MESSAGE][INFO] - Smart Wait Function is triggered

03-01-2024T16:26:46 - [MESSAGE][INFO] - Smart Wait Function is triggered

03-01-2024T16:26:46 - [MESSAGE][INFO] - Smart Wait Function is triggered

03-01-2024T16:26:46 - [MESSAGE][INFO] - Smart Wait Function is triggered

03-01-2024T16:26:46 - [MESSAGE][INFO] - Smart Wait Function is triggered

03-01-2024T16:26:46 - [MESSAGE][INFO] - Smart Wait Function is triggered

03-01-2024T16:26:46 - [MESSAGE][INFO] - Smart Wait Function is triggered

03-01-2024T16:26:46 - [MESSAGE][INFO] - Smart Wait Function is triggered

03-01-2024T16:26:46 - [MESSAGE][INFO] - Smart Wait Function is triggered

03-01-2024T16:26:46 - [MESSAGE][INFO] - Smart Wait Function is triggered

03-01-2024T16:26:46 - [MESSAGE][INFO] - Smart Wait Function is triggered

03-01-2024T16:26:46 - [MESSAGE][INFO] - Smart Wait Function is triggered

03-01-2024T16:26:46 - [MESSAGE][INFO] - Smart Wait Function is triggered

03-01-2024T16:26:46 - [MESSAGE][INFO] - Smart Wait Function is triggered

03-01-2024T16:26:46 - [MESSAGE][INFO] - Smart Wait Function is triggered

03-01-2024T16:26:47 - [MESSAGE][INFO] - Smart Wait Function is triggered

03-01-2024T16:26:47 - [MESSAGE][INFO] - Smart Wait Function is triggered

03-01-2024T16:26:47 - [MESSAGE][INFO] - Smart Wait Function is triggered

03-01-2024T16:26:47 - [MESSAGE][INFO] - Smart Wait Function is triggered

03-01-2024T16:26:47 - [MESSAGE][INFO] - Unable to find the element located by 'By.xpath: //div/app-motif-sejour-visiteur/div/div[2]/div/app-justificatifs/div/div[2]/div/div[1]/div[2]/app-visionneuse/a/span'. Please recheck the objects properties to make sure the desired element is located. 

03-01-2024T16:26:47 - [MESSAGE][WARNING] - com.kms.katalon.core.webui.exception.WebElementNotFoundException: Web element with id: 'Object Repository/Page_Verif_AccordeonMotifDeSejour_Agent/objVoirDocCopieSouscriptionAssurance' located by '//div/app-motif-sejour-visiteur/div/div[2]/div/app-justificatifs/div/div[2]/div/div[1]/div[2]/app-visionneuse/a/span' not found (Root cause: com.kms.katalon.core.exception.StepFailedException: com.kms.katalon.core.webui.exception.WebElementNotFoundException: Web element with id: 'Object Repository/Page_Verif_AccordeonMotifDeSejour_Agent/objVoirDocCopieSouscriptionAssurance' located by '//div/app-motif-sejour-visiteur/div/div[2]/div/app-justificatifs/div/div[2]/div/div[1]/div[2]/app-visionneuse/a/span' not found
	at com.kms.katalon.core.webui.keyword.internal.WebUIKeywordMain.stepFailed(WebUIKeywordMain.groovy:64)
	at com.kms.katalon.core.webui.keyword.builtin.VerifyElementPresentKeyword$_verifyElementPresent_closure1.doCall(VerifyElementPresentKeyword.groovy:85)
	at com.kms.katalon.core.webui.keyword.builtin.VerifyElementPresentKeyword$_verifyElementPresent_closure1.call(VerifyElementPresentKeyword.groovy)
	at com.kms.katalon.core.webui.keyword.internal.WebUIKeywordMain.runKeyword(WebUIKeywordMain.groovy:20)
	at com.kms.katalon.core.webui.keyword.builtin.VerifyElementPresentKeyword.verifyElementPresent(VerifyElementPresentKeyword.groovy:92)
	at com.kms.katalon.core.webui.keyword.builtin.VerifyElementPresentKeyword.execute(VerifyElementPresentKeyword.groovy:68)
	at com.kms.katalon.core.keyword.internal.KeywordExecutor.executeKeywordForPlatform(KeywordExecutor.groovy:74)
	at com.kms.katalon.core.webui.keyword.WebUiBuiltInKeywords.verifyElementPresent(WebUiBuiltInKeywords.groovy:1487)
	at java.base/jdk.internal.reflect.NativeMethodAccessorImpl.invoke0(Native Method)
	at java.base/jdk.internal.reflect.NativeMethodAccessorImpl.invoke(NativeMethodAccessorImpl.java:77)
	at java.base/jdk.internal.reflect.DelegatingMethodAccessorImpl.invoke(DelegatingMethodAccessorImpl.java:43)
	at com.kazurayam.ksbackyard.HighlightElement$_pandemic_closure1.doCall(HighlightElement.groovy:105)
	at jdk.internal.reflect.GeneratedMethodAccessor6.invoke(Unknown Source)
	at java.base/jdk.internal.reflect.DelegatingMethodAccessorImpl.invoke(DelegatingMethodAccessorImpl.java:43)
	at Verif_AccordeonEtatCivilDuDemandeur.run(Verif_AccordeonEtatCivilDuDemandeur:193)
	at com.kms.katalon.core.main.ScriptEngine.run(ScriptEngine.java:194)
	at com.kms.katalon.core.main.ScriptEngine.runScriptAsRawText(ScriptEngine.java:119)
	at com.kms.katalon.core.main.TestCaseExecutor.runScript(TestCaseExecutor.java:448)
	at com.kms.katalon.core.main.TestCaseExecutor.doExecute(TestCaseExecutor.java:439)
	at com.kms.katalon.core.main.TestCaseExecutor.processExecutionPhase(TestCaseExecutor.java:418)
	at com.kms.katalon.core.main.TestCaseExecutor.accessMainPhase(TestCaseExecutor.java:410)
	at com.kms.katalon.core.main.TestCaseExecutor.execute(TestCaseExecutor.java:285)
	at com.kms.katalon.core.main.TestCaseMain.runTestCase(TestCaseMain.java:137)
	at com.kms.katalon.core.keyword.builtin.CallTestCaseKeyword$_callTestCase_closure1.doCall(CallTestCaseKeyword.groovy:59)
	at com.kms.katalon.core.keyword.builtin.CallTestCaseKeyword$_callTestCase_closure1.call(CallTestCaseKeyword.groovy)
	at com.kms.katalon.core.keyword.internal.KeywordMain.runKeyword(KeywordMain.groovy:75)
	at com.kms.katalon.core.keyword.builtin.CallTestCaseKeyword.callTestCase(CallTestCaseKeyword.groovy:81)
	at com.kms.katalon.core.keyword.builtin.CallTestCaseKeyword.execute(CallTestCaseKeyword.groovy:44)
	at com.kms.katalon.core.keyword.internal.KeywordExecutor.executeKeywordForPlatform(KeywordExecutor.groovy:74)
	at com.kms.katalon.core.keyword.BuiltinKeywords.callTestCase(BuiltinKeywords.groovy:310)
	at java.base/jdk.internal.reflect.NativeMethodAccessorImpl.invoke0(Native Method)
	at java.base/jdk.internal.reflect.NativeMethodAccessorImpl.invoke(NativeMethodAccessorImpl.java:77)
	at java.base/jdk.internal.reflect.DelegatingMethodAccessorImpl.invoke(DelegatingMethodAccessorImpl.java:43)
	at com.kazurayam.ksbackyard.HighlightElement$_pandemic_closure1.doCall(HighlightElement.groovy:105)
	at jdk.internal.reflect.GeneratedMethodAccessor6.invoke(Unknown Source)
	at java.base/jdk.internal.reflect.DelegatingMethodAccessorImpl.invoke(DelegatingMethodAccessorImpl.java:43)
	at TNR R.TSPT Supp90-Visiteur.run(TNR R.TSPT Supp90-Visiteur:119)
	at com.kms.katalon.core.main.ScriptEngine.run(ScriptEngine.java:194)
	at com.kms.katalon.core.main.ScriptEngine.runScriptAsRawText(ScriptEngine.java:119)
	at com.kms.katalon.core.main.TestCaseExecutor.runScript(TestCaseExecutor.java:448)
	at com.kms.katalon.core.main.TestCaseExecutor.doExecute(TestCaseExecutor.java:439)
	at com.kms.katalon.core.main.TestCaseExecutor.processExecutionPhase(TestCaseExecutor.java:418)
	at com.kms.katalon.core.main.TestCaseExecutor.accessMainPhase(TestCaseExecutor.java:410)
	at com.kms.katalon.core.main.TestCaseExecutor.execute(TestCaseExecutor.java:285)
	at com.kms.katalon.core.common.CommonExecutor.accessTestCaseMainPhase(CommonExecutor.java:65)
	at com.kms.katalon.core.main.TestSuiteExecutor.accessTestSuiteMainPhase(TestSuiteExecutor.java:148)
	at com.kms.katalon.core.main.TestSuiteExecutor.execute(TestSuiteExecutor.java:106)
	at com.kms.katalon.core.main.TestCaseMain.startTestSuite(TestCaseMain.java:180)
	at TempTestSuite1704295324522.run(TempTestSuite1704295324522.groovy:36)
	at java.base/jdk.internal.reflect.NativeMethodAccessorImpl.invoke0(Native Method)
	at java.base/jdk.internal.reflect.NativeMethodAccessorImpl.invoke(NativeMethodAccessorImpl.java:77)
	at java.base/jdk.internal.reflect.DelegatingMethodAccessorImpl.invoke(DelegatingMethodAccessorImpl.java:43)
)
[[ATTACHMENT|C:\\Users\\ISSAM.RHARBAOUI\\git\\ANEF-RenouvellementSejour\\Reports\\20240103_162204\\TS_TNR_R.TSPT_Suppo90\\20240103_162204\\1704295607103.png]]

03-01-2024T16:26:47 - [TEST_STEP][PASSED] - "RESSOURCES": null

03-01-2024T16:26:47 - [TEST_STEP][PASSED] - if (verifyElementPresent(findTestObject("Object Repository/Page_Verif_AccordeonMotifDeSejour_Agent/objVoirDocCopieRESSOURCES"), 3, OPTIONAL)): com.kms.katalon.core.webui.exception.WebElementNotFoundException: Web element with id: 'Object Repository/Page_Verif_AccordeonMotifDeSejour_Agent/objVoirDocCopieRESSOURCES' located by '//div/app-ressources-visiteur/div/div[2]/app-justificatifs/div/div[2]/div/div[1]/div[2]/app-visionneuse/a/span' not found (Root cause: com.kms.katalon.core.exception.StepFailedException: com.kms.katalon.core.webui.exception.WebElementNotFoundException: Web element with id: 'Object Repository/Page_Verif_AccordeonMotifDeSejour_Agent/objVoirDocCopieRESSOURCES' located by '//div/app-ressources-visiteur/div/div[2]/app-justificatifs/div/div[2]/div/div[1]/div[2]/app-visionneuse/a/span' not found
	at com.kms.katalon.core.webui.keyword.internal.WebUIKeywordMain.stepFailed(WebUIKeywordMain.groovy:64)
	at com.kms.katalon.core.webui.keyword.builtin.VerifyElementPresentKeyword$_verifyElementPresent_closure1.doCall(VerifyElementPresentKeyword.groovy:85)
	at com.kms.katalon.core.webui.keyword.builtin.VerifyElementPresentKeyword$_verifyElementPresent_closure1.call(VerifyElementPresentKeyword.groovy)
	at com.kms.katalon.core.webui.keyword.internal.WebUIKeywordMain.runKeyword(WebUIKeywordMain.groovy:20)
	at com.kms.katalon.core.webui.keyword.builtin.VerifyElementPresentKeyword.verifyElementPresent(VerifyElementPresentKeyword.groovy:92)
	at com.kms.katalon.core.webui.keyword.builtin.VerifyElementPresentKeyword.execute(VerifyElementPresentKeyword.groovy:68)
	at com.kms.katalon.core.keyword.internal.KeywordExecutor.executeKeywordForPlatform(KeywordExecutor.groovy:74)
	at com.kms.katalon.core.webui.keyword.WebUiBuiltInKeywords.verifyElementPresent(WebUiBuiltInKeywords.groovy:1487)
	at java.base/jdk.internal.reflect.NativeMethodAccessorImpl.invoke0(Native Method)
	at java.base/jdk.internal.reflect.NativeMethodAccessorImpl.invoke(NativeMethodAccessorImpl.java:77)
	at java.base/jdk.internal.reflect.DelegatingMethodAccessorImpl.invoke(DelegatingMethodAccessorImpl.java:43)
	at com.kazurayam.ksbackyard.HighlightElement$_pandemic_closure1.doCall(HighlightElement.groovy:105)
	at jdk.internal.reflect.GeneratedMethodAccessor6.invoke(Unknown Source)
	at java.base/jdk.internal.reflect.DelegatingMethodAccessorImpl.invoke(DelegatingMethodAccessorImpl.java:43)
	at Verif_AccordeonEtatCivilDuDemandeur.run(Verif_AccordeonEtatCivilDuDemandeur:204)
	at com.kms.katalon.core.main.ScriptEngine.run(ScriptEngine.java:194)
	at com.kms.katalon.core.main.ScriptEngine.runScriptAsRawText(ScriptEngine.java:119)
	at com.kms.katalon.core.main.TestCaseExecutor.runScript(TestCaseExecutor.java:448)
	at com.kms.katalon.core.main.TestCaseExecutor.doExecute(TestCaseExecutor.java:439)
	at com.kms.katalon.core.main.TestCaseExecutor.processExecutionPhase(TestCaseExecutor.java:418)
	at com.kms.katalon.core.main.TestCaseExecutor.accessMainPhase(TestCaseExecutor.java:410)
	at com.kms.katalon.core.main.TestCaseExecutor.execute(TestCaseExecutor.java:285)
	at com.kms.katalon.core.main.TestCaseMain.runTestCase(TestCaseMain.java:137)
	at com.kms.katalon.core.keyword.builtin.CallTestCaseKeyword$_callTestCase_closure1.doCall(CallTestCaseKeyword.groovy:59)
	at com.kms.katalon.core.keyword.builtin.CallTestCaseKeyword$_callTestCase_closure1.call(CallTestCaseKeyword.groovy)
	at com.kms.katalon.core.keyword.internal.KeywordMain.runKeyword(KeywordMain.groovy:75)
	at com.kms.katalon.core.keyword.builtin.CallTestCaseKeyword.callTestCase(CallTestCaseKeyword.groovy:81)
	at com.kms.katalon.core.keyword.builtin.CallTestCaseKeyword.execute(CallTestCaseKeyword.groovy:44)
	at com.kms.katalon.core.keyword.internal.KeywordExecutor.executeKeywordForPlatform(KeywordExecutor.groovy:74)
	at com.kms.katalon.core.keyword.BuiltinKeywords.callTestCase(BuiltinKeywords.groovy:310)
	at java.base/jdk.internal.reflect.NativeMethodAccessorImpl.invoke0(Native Method)
	at java.base/jdk.internal.reflect.NativeMethodAccessorImpl.invoke(NativeMethodAccessorImpl.java:77)
	at java.base/jdk.internal.reflect.DelegatingMethodAccessorImpl.invoke(DelegatingMethodAccessorImpl.java:43)
	at com.kazurayam.ksbackyard.HighlightElement$_pandemic_closure1.doCall(HighlightElement.groovy:105)
	at jdk.internal.reflect.GeneratedMethodAccessor6.invoke(Unknown Source)
	at java.base/jdk.internal.reflect.DelegatingMethodAccessorImpl.invoke(DelegatingMethodAccessorImpl.java:43)
	at TNR R.TSPT Supp90-Visiteur.run(TNR R.TSPT Supp90-Visiteur:119)
	at com.kms.katalon.core.main.ScriptEngine.run(ScriptEngine.java:194)
	at com.kms.katalon.core.main.ScriptEngine.runScriptAsRawText(ScriptEngine.java:119)
	at com.kms.katalon.core.main.TestCaseExecutor.runScript(TestCaseExecutor.java:448)
	at com.kms.katalon.core.main.TestCaseExecutor.doExecute(TestCaseExecutor.java:439)
	at com.kms.katalon.core.main.TestCaseExecutor.processExecutionPhase(TestCaseExecutor.java:418)
	at com.kms.katalon.core.main.TestCaseExecutor.accessMainPhase(TestCaseExecutor.java:410)
	at com.kms.katalon.core.main.TestCaseExecutor.execute(TestCaseExecutor.java:285)
	at com.kms.katalon.core.common.CommonExecutor.accessTestCaseMainPhase(CommonExecutor.java:65)
	at com.kms.katalon.core.main.TestSuiteExecutor.accessTestSuiteMainPhase(TestSuiteExecutor.java:148)
	at com.kms.katalon.core.main.TestSuiteExecutor.execute(TestSuiteExecutor.java:106)
	at com.kms.katalon.core.main.TestCaseMain.startTestSuite(TestCaseMain.java:180)
	at TempTestSuite1704295324522.run(TempTestSuite1704295324522.groovy:36)
	at java.base/jdk.internal.reflect.NativeMethodAccessorImpl.invoke0(Native Method)
	at java.base/jdk.internal.reflect.NativeMethodAccessorImpl.invoke(NativeMethodAccessorImpl.java:77)
	at java.base/jdk.internal.reflect.DelegatingMethodAccessorImpl.invoke(DelegatingMethodAccessorImpl.java:43)
)

03-01-2024T16:26:47 - [MESSAGE][INFO] - Finding Test Object 'Object Repository/Page_Verif_AccordeonMotifDeSejour_Agent/objVoirDocCopieRESSOURCES'

03-01-2024T16:26:47 - [MESSAGE][INFO] - Checking object

03-01-2024T16:26:47 - [MESSAGE][INFO] - Finding web element from Test Object's properties

03-01-2024T16:26:47 - [MESSAGE][INFO] - Checking timeout

03-01-2024T16:26:47 - [MESSAGE][INFO] - Finding web element with id: 'Object Repository/Page_Verif_AccordeonMotifDeSejour_Agent/objVoirDocCopieRESSOURCES' located by 'By.xpath: //div/app-ressources-visiteur/div/div[2]/app-justificatifs/div/div[2]/div/div[1]/div[2]/app-visionneuse/a/span' in '3' second(s)

03-01-2024T16:26:47 - [MESSAGE][INFO] - Smart Wait Function is triggered

03-01-2024T16:26:47 - [MESSAGE][INFO] - Smart Wait Function is triggered

03-01-2024T16:26:47 - [MESSAGE][INFO] - Smart Wait Function is triggered

03-01-2024T16:26:47 - [MESSAGE][INFO] - Smart Wait Function is triggered

03-01-2024T16:26:47 - [MESSAGE][INFO] - Smart Wait Function is triggered

03-01-2024T16:26:47 - [MESSAGE][INFO] - Smart Wait Function is triggered

03-01-2024T16:26:47 - [MESSAGE][INFO] - Smart Wait Function is triggered

03-01-2024T16:26:47 - [MESSAGE][INFO] - Smart Wait Function is triggered

03-01-2024T16:26:47 - [MESSAGE][INFO] - Smart Wait Function is triggered

03-01-2024T16:26:47 - [MESSAGE][INFO] - Smart Wait Function is triggered

03-01-2024T16:26:47 - [MESSAGE][INFO] - Smart Wait Function is triggered

03-01-2024T16:26:47 - [MESSAGE][INFO] - Smart Wait Function is triggered

03-01-2024T16:26:47 - [MESSAGE][INFO] - Smart Wait Function is triggered

03-01-2024T16:26:47 - [MESSAGE][INFO] - Smart Wait Function is triggered

03-01-2024T16:26:48 - [MESSAGE][INFO] - Smart Wait Function is triggered

03-01-2024T16:26:48 - [MESSAGE][INFO] - Smart Wait Function is triggered

03-01-2024T16:26:48 - [MESSAGE][INFO] - Smart Wait Function is triggered

03-01-2024T16:26:48 - [MESSAGE][INFO] - Smart Wait Function is triggered

03-01-2024T16:26:48 - [MESSAGE][INFO] - Smart Wait Function is triggered

03-01-2024T16:26:48 - [MESSAGE][INFO] - Smart Wait Function is triggered

03-01-2024T16:26:48 - [MESSAGE][INFO] - Smart Wait Function is triggered

03-01-2024T16:26:48 - [MESSAGE][INFO] - Smart Wait Function is triggered

03-01-2024T16:26:48 - [MESSAGE][INFO] - Smart Wait Function is triggered

03-01-2024T16:26:48 - [MESSAGE][INFO] - Smart Wait Function is triggered

03-01-2024T16:26:48 - [MESSAGE][INFO] - Smart Wait Function is triggered

03-01-2024T16:26:48 - [MESSAGE][INFO] - Smart Wait Function is triggered

03-01-2024T16:26:48 - [MESSAGE][INFO] - Smart Wait Function is triggered

03-01-2024T16:26:48 - [MESSAGE][INFO] - Smart Wait Function is triggered

03-01-2024T16:26:48 - [MESSAGE][INFO] - Smart Wait Function is triggered

03-01-2024T16:26:48 - [MESSAGE][INFO] - Smart Wait Function is triggered

03-01-2024T16:26:48 - [MESSAGE][INFO] - Smart Wait Function is triggered

03-01-2024T16:26:48 - [MESSAGE][INFO] - Smart Wait Function is triggered

03-01-2024T16:26:48 - [MESSAGE][INFO] - Smart Wait Function is triggered

03-01-2024T16:26:48 - [MESSAGE][INFO] - Smart Wait Function is triggered

03-01-2024T16:26:48 - [MESSAGE][INFO] - Smart Wait Function is triggered

03-01-2024T16:26:48 - [MESSAGE][INFO] - Smart Wait Function is triggered

03-01-2024T16:26:48 - [MESSAGE][INFO] - Smart Wait Function is triggered

03-01-2024T16:26:48 - [MESSAGE][INFO] - Smart Wait Function is triggered

03-01-2024T16:26:48 - [MESSAGE][INFO] - Smart Wait Function is triggered

03-01-2024T16:26:48 - [MESSAGE][INFO] - Smart Wait Function is triggered

03-01-2024T16:26:48 - [MESSAGE][INFO] - Smart Wait Function is triggered

03-01-2024T16:26:48 - [MESSAGE][INFO] - Smart Wait Function is triggered

03-01-2024T16:26:48 - [MESSAGE][INFO] - Smart Wait Function is triggered

03-01-2024T16:26:48 - [MESSAGE][INFO] - Smart Wait Function is triggered

03-01-2024T16:26:48 - [MESSAGE][INFO] - Smart Wait Function is triggered

03-01-2024T16:26:48 - [MESSAGE][INFO] - Smart Wait Function is triggered

03-01-2024T16:26:48 - [MESSAGE][INFO] - Smart Wait Function is triggered

03-01-2024T16:26:48 - [MESSAGE][INFO] - Smart Wait Function is triggered

03-01-2024T16:26:48 - [MESSAGE][INFO] - Smart Wait Function is triggered

03-01-2024T16:26:48 - [MESSAGE][INFO] - Smart Wait Function is triggered

03-01-2024T16:26:48 - [MESSAGE][INFO] - Smart Wait Function is triggered

03-01-2024T16:26:48 - [MESSAGE][INFO] - Smart Wait Function is triggered

03-01-2024T16:26:48 - [MESSAGE][INFO] - Smart Wait Function is triggered

03-01-2024T16:26:48 - [MESSAGE][INFO] - Smart Wait Function is triggered

03-01-2024T16:26:48 - [MESSAGE][INFO] - Smart Wait Function is triggered

03-01-2024T16:26:48 - [MESSAGE][INFO] - Smart Wait Function is triggered

03-01-2024T16:26:48 - [MESSAGE][INFO] - Smart Wait Function is triggered

03-01-2024T16:26:48 - [MESSAGE][INFO] - Smart Wait Function is triggered

03-01-2024T16:26:48 - [MESSAGE][INFO] - Smart Wait Function is triggered

03-01-2024T16:26:48 - [MESSAGE][INFO] - Smart Wait Function is triggered

03-01-2024T16:26:48 - [MESSAGE][INFO] - Smart Wait Function is triggered

03-01-2024T16:26:48 - [MESSAGE][INFO] - Smart Wait Function is triggered

03-01-2024T16:26:49 - [MESSAGE][INFO] - Smart Wait Function is triggered

03-01-2024T16:26:49 - [MESSAGE][INFO] - Smart Wait Function is triggered

03-01-2024T16:26:49 - [MESSAGE][INFO] - Smart Wait Function is triggered

03-01-2024T16:26:49 - [MESSAGE][INFO] - Smart Wait Function is triggered

03-01-2024T16:26:49 - [MESSAGE][INFO] - Smart Wait Function is triggered

03-01-2024T16:26:49 - [MESSAGE][INFO] - Smart Wait Function is triggered

03-01-2024T16:26:49 - [MESSAGE][INFO] - Smart Wait Function is triggered

03-01-2024T16:26:49 - [MESSAGE][INFO] - Smart Wait Function is triggered

03-01-2024T16:26:49 - [MESSAGE][INFO] - Smart Wait Function is triggered

03-01-2024T16:26:49 - [MESSAGE][INFO] - Smart Wait Function is triggered

03-01-2024T16:26:49 - [MESSAGE][INFO] - Smart Wait Function is triggered

03-01-2024T16:26:49 - [MESSAGE][INFO] - Smart Wait Function is triggered

03-01-2024T16:26:49 - [MESSAGE][INFO] - Smart Wait Function is triggered

03-01-2024T16:26:49 - [MESSAGE][INFO] - Smart Wait Function is triggered

03-01-2024T16:26:49 - [MESSAGE][INFO] - Smart Wait Function is triggered

03-01-2024T16:26:49 - [MESSAGE][INFO] - Smart Wait Function is triggered

03-01-2024T16:26:49 - [MESSAGE][INFO] - Smart Wait Function is triggered

03-01-2024T16:26:49 - [MESSAGE][INFO] - Smart Wait Function is triggered

03-01-2024T16:26:49 - [MESSAGE][INFO] - Smart Wait Function is triggered

03-01-2024T16:26:49 - [MESSAGE][INFO] - Smart Wait Function is triggered

03-01-2024T16:26:49 - [MESSAGE][INFO] - Smart Wait Function is triggered

03-01-2024T16:26:49 - [MESSAGE][INFO] - Smart Wait Function is triggered

03-01-2024T16:26:49 - [MESSAGE][INFO] - Smart Wait Function is triggered

03-01-2024T16:26:49 - [MESSAGE][INFO] - Smart Wait Function is triggered

03-01-2024T16:26:49 - [MESSAGE][INFO] - Smart Wait Function is triggered

03-01-2024T16:26:49 - [MESSAGE][INFO] - Smart Wait Function is triggered

03-01-2024T16:26:49 - [MESSAGE][INFO] - Smart Wait Function is triggered

03-01-2024T16:26:49 - [MESSAGE][INFO] - Smart Wait Function is triggered

03-01-2024T16:26:49 - [MESSAGE][INFO] - Smart Wait Function is triggered

03-01-2024T16:26:49 - [MESSAGE][INFO] - Smart Wait Function is triggered

03-01-2024T16:26:49 - [MESSAGE][INFO] - Smart Wait Function is triggered

03-01-2024T16:26:49 - [MESSAGE][INFO] - Smart Wait Function is triggered

03-01-2024T16:26:49 - [MESSAGE][INFO] - Smart Wait Function is triggered

03-01-2024T16:26:49 - [MESSAGE][INFO] - Smart Wait Function is triggered

03-01-2024T16:26:49 - [MESSAGE][INFO] - Smart Wait Function is triggered

03-01-2024T16:26:49 - [MESSAGE][INFO] - Smart Wait Function is triggered

03-01-2024T16:26:49 - [MESSAGE][INFO] - Smart Wait Function is triggered

03-01-2024T16:26:49 - [MESSAGE][INFO] - Smart Wait Function is triggered

03-01-2024T16:26:49 - [MESSAGE][INFO] - Smart Wait Function is triggered

03-01-2024T16:26:49 - [MESSAGE][INFO] - Smart Wait Function is triggered

03-01-2024T16:26:49 - [MESSAGE][INFO] - Smart Wait Function is triggered

03-01-2024T16:26:49 - [MESSAGE][INFO] - Smart Wait Function is triggered

03-01-2024T16:26:49 - [MESSAGE][INFO] - Smart Wait Function is triggered

03-01-2024T16:26:49 - [MESSAGE][INFO] - Smart Wait Function is triggered

03-01-2024T16:26:49 - [MESSAGE][INFO] - Smart Wait Function is triggered

03-01-2024T16:26:49 - [MESSAGE][INFO] - Smart Wait Function is triggered

03-01-2024T16:26:49 - [MESSAGE][INFO] - Smart Wait Function is triggered

03-01-2024T16:26:50 - [MESSAGE][INFO] - Smart Wait Function is triggered

03-01-2024T16:26:50 - [MESSAGE][INFO] - Smart Wait Function is triggered

03-01-2024T16:26:50 - [MESSAGE][INFO] - Smart Wait Function is triggered

03-01-2024T16:26:50 - [MESSAGE][INFO] - Smart Wait Function is triggered

03-01-2024T16:26:50 - [MESSAGE][INFO] - Smart Wait Function is triggered

03-01-2024T16:26:50 - [MESSAGE][INFO] - Smart Wait Function is triggered

03-01-2024T16:26:50 - [MESSAGE][INFO] - Smart Wait Function is triggered

03-01-2024T16:26:50 - [MESSAGE][INFO] - Smart Wait Function is triggered

03-01-2024T16:26:50 - [MESSAGE][INFO] - Smart Wait Function is triggered

03-01-2024T16:26:50 - [MESSAGE][INFO] - Smart Wait Function is triggered

03-01-2024T16:26:50 - [MESSAGE][INFO] - Smart Wait Function is triggered

03-01-2024T16:26:50 - [MESSAGE][INFO] - Smart Wait Function is triggered

03-01-2024T16:26:50 - [MESSAGE][INFO] - Smart Wait Function is triggered

03-01-2024T16:26:50 - [MESSAGE][INFO] - Smart Wait Function is triggered

03-01-2024T16:26:50 - [MESSAGE][INFO] - Smart Wait Function is triggered

03-01-2024T16:26:50 - [MESSAGE][INFO] - Smart Wait Function is triggered

03-01-2024T16:26:50 - [MESSAGE][INFO] - Smart Wait Function is triggered

03-01-2024T16:26:50 - [MESSAGE][INFO] - Smart Wait Function is triggered

03-01-2024T16:26:50 - [MESSAGE][INFO] - Smart Wait Function is triggered

03-01-2024T16:26:50 - [MESSAGE][INFO] - Smart Wait Function is triggered

03-01-2024T16:26:50 - [MESSAGE][INFO] - Smart Wait Function is triggered

03-01-2024T16:26:50 - [MESSAGE][INFO] - Smart Wait Function is triggered

03-01-2024T16:26:50 - [MESSAGE][INFO] - Smart Wait Function is triggered

03-01-2024T16:26:50 - [MESSAGE][INFO] - Smart Wait Function is triggered

03-01-2024T16:26:50 - [MESSAGE][INFO] - Smart Wait Function is triggered

03-01-2024T16:26:50 - [MESSAGE][INFO] - Smart Wait Function is triggered

03-01-2024T16:26:50 - [MESSAGE][INFO] - Smart Wait Function is triggered

03-01-2024T16:26:50 - [MESSAGE][INFO] - Smart Wait Function is triggered

03-01-2024T16:26:50 - [MESSAGE][INFO] - Smart Wait Function is triggered

03-01-2024T16:26:50 - [MESSAGE][INFO] - Smart Wait Function is triggered

03-01-2024T16:26:50 - [MESSAGE][INFO] - Smart Wait Function is triggered

03-01-2024T16:26:50 - [MESSAGE][INFO] - Smart Wait Function is triggered

03-01-2024T16:26:50 - [MESSAGE][INFO] - Smart Wait Function is triggered

03-01-2024T16:26:50 - [MESSAGE][INFO] - Smart Wait Function is triggered

03-01-2024T16:26:50 - [MESSAGE][INFO] - Smart Wait Function is triggered

03-01-2024T16:26:50 - [MESSAGE][INFO] - Smart Wait Function is triggered

03-01-2024T16:26:50 - [MESSAGE][INFO] - Smart Wait Function is triggered

03-01-2024T16:26:50 - [MESSAGE][INFO] - Smart Wait Function is triggered

03-01-2024T16:26:50 - [MESSAGE][INFO] - Smart Wait Function is triggered

03-01-2024T16:26:50 - [MESSAGE][INFO] - Smart Wait Function is triggered

03-01-2024T16:26:50 - [MESSAGE][INFO] - Smart Wait Function is triggered

03-01-2024T16:26:50 - [MESSAGE][INFO] - Smart Wait Function is triggered

03-01-2024T16:26:50 - [MESSAGE][INFO] - Smart Wait Function is triggered

03-01-2024T16:26:50 - [MESSAGE][INFO] - Smart Wait Function is triggered

03-01-2024T16:26:50 - [MESSAGE][INFO] - Smart Wait Function is triggered

03-01-2024T16:26:50 - [MESSAGE][INFO] - Smart Wait Function is triggered

03-01-2024T16:26:51 - [MESSAGE][INFO] - Smart Wait Function is triggered

03-01-2024T16:26:51 - [MESSAGE][INFO] - Smart Wait Function is triggered

03-01-2024T16:26:51 - [MESSAGE][INFO] - Smart Wait Function is triggered

03-01-2024T16:26:51 - [MESSAGE][INFO] - Smart Wait Function is triggered

03-01-2024T16:26:51 - [MESSAGE][INFO] - Smart Wait Function is triggered

03-01-2024T16:26:51 - [MESSAGE][INFO] - Smart Wait Function is triggered

03-01-2024T16:26:51 - [MESSAGE][INFO] - Smart Wait Function is triggered

03-01-2024T16:26:51 - [MESSAGE][INFO] - Smart Wait Function is triggered

03-01-2024T16:26:51 - [MESSAGE][INFO] - Smart Wait Function is triggered

03-01-2024T16:26:51 - [MESSAGE][INFO] - Smart Wait Function is triggered

03-01-2024T16:26:51 - [MESSAGE][INFO] - Smart Wait Function is triggered

03-01-2024T16:26:51 - [MESSAGE][INFO] - Smart Wait Function is triggered

03-01-2024T16:26:51 - [MESSAGE][INFO] - Smart Wait Function is triggered

03-01-2024T16:26:51 - [MESSAGE][INFO] - Smart Wait Function is triggered

03-01-2024T16:26:51 - [MESSAGE][INFO] - Smart Wait Function is triggered

03-01-2024T16:26:51 - [MESSAGE][INFO] - Smart Wait Function is triggered

03-01-2024T16:26:51 - [MESSAGE][INFO] - Smart Wait Function is triggered

03-01-2024T16:26:51 - [MESSAGE][INFO] - Smart Wait Function is triggered

03-01-2024T16:26:51 - [MESSAGE][INFO] - Smart Wait Function is triggered

03-01-2024T16:26:51 - [MESSAGE][INFO] - Smart Wait Function is triggered

03-01-2024T16:26:51 - [MESSAGE][INFO] - Smart Wait Function is triggered

03-01-2024T16:26:51 - [MESSAGE][INFO] - Smart Wait Function is triggered

03-01-2024T16:26:51 - [MESSAGE][INFO] - Smart Wait Function is triggered

03-01-2024T16:26:51 - [MESSAGE][INFO] - Smart Wait Function is triggered

03-01-2024T16:26:51 - [MESSAGE][INFO] - Smart Wait Function is triggered

03-01-2024T16:26:51 - [MESSAGE][INFO] - Smart Wait Function is triggered

03-01-2024T16:26:51 - [MESSAGE][INFO] - Smart Wait Function is triggered

03-01-2024T16:26:51 - [MESSAGE][INFO] - Smart Wait Function is triggered

03-01-2024T16:26:51 - [MESSAGE][INFO] - Unable to find the element located by 'By.xpath: //div/app-ressources-visiteur/div/div[2]/app-justificatifs/div/div[2]/div/div[1]/div[2]/app-visionneuse/a/span'. Please recheck the objects properties to make sure the desired element is located. 

03-01-2024T16:26:52 - [MESSAGE][WARNING] - com.kms.katalon.core.webui.exception.WebElementNotFoundException: Web element with id: 'Object Repository/Page_Verif_AccordeonMotifDeSejour_Agent/objVoirDocCopieRESSOURCES' located by '//div/app-ressources-visiteur/div/div[2]/app-justificatifs/div/div[2]/div/div[1]/div[2]/app-visionneuse/a/span' not found (Root cause: com.kms.katalon.core.exception.StepFailedException: com.kms.katalon.core.webui.exception.WebElementNotFoundException: Web element with id: 'Object Repository/Page_Verif_AccordeonMotifDeSejour_Agent/objVoirDocCopieRESSOURCES' located by '//div/app-ressources-visiteur/div/div[2]/app-justificatifs/div/div[2]/div/div[1]/div[2]/app-visionneuse/a/span' not found
	at com.kms.katalon.core.webui.keyword.internal.WebUIKeywordMain.stepFailed(WebUIKeywordMain.groovy:64)
	at com.kms.katalon.core.webui.keyword.builtin.VerifyElementPresentKeyword$_verifyElementPresent_closure1.doCall(VerifyElementPresentKeyword.groovy:85)
	at com.kms.katalon.core.webui.keyword.builtin.VerifyElementPresentKeyword$_verifyElementPresent_closure1.call(VerifyElementPresentKeyword.groovy)
	at com.kms.katalon.core.webui.keyword.internal.WebUIKeywordMain.runKeyword(WebUIKeywordMain.groovy:20)
	at com.kms.katalon.core.webui.keyword.builtin.VerifyElementPresentKeyword.verifyElementPresent(VerifyElementPresentKeyword.groovy:92)
	at com.kms.katalon.core.webui.keyword.builtin.VerifyElementPresentKeyword.execute(VerifyElementPresentKeyword.groovy:68)
	at com.kms.katalon.core.keyword.internal.KeywordExecutor.executeKeywordForPlatform(KeywordExecutor.groovy:74)
	at com.kms.katalon.core.webui.keyword.WebUiBuiltInKeywords.verifyElementPresent(WebUiBuiltInKeywords.groovy:1487)
	at java.base/jdk.internal.reflect.NativeMethodAccessorImpl.invoke0(Native Method)
	at java.base/jdk.internal.reflect.NativeMethodAccessorImpl.invoke(NativeMethodAccessorImpl.java:77)
	at java.base/jdk.internal.reflect.DelegatingMethodAccessorImpl.invoke(DelegatingMethodAccessorImpl.java:43)
	at com.kazurayam.ksbackyard.HighlightElement$_pandemic_closure1.doCall(HighlightElement.groovy:105)
	at jdk.internal.reflect.GeneratedMethodAccessor6.invoke(Unknown Source)
	at java.base/jdk.internal.reflect.DelegatingMethodAccessorImpl.invoke(DelegatingMethodAccessorImpl.java:43)
	at Verif_AccordeonEtatCivilDuDemandeur.run(Verif_AccordeonEtatCivilDuDemandeur:204)
	at com.kms.katalon.core.main.ScriptEngine.run(ScriptEngine.java:194)
	at com.kms.katalon.core.main.ScriptEngine.runScriptAsRawText(ScriptEngine.java:119)
	at com.kms.katalon.core.main.TestCaseExecutor.runScript(TestCaseExecutor.java:448)
	at com.kms.katalon.core.main.TestCaseExecutor.doExecute(TestCaseExecutor.java:439)
	at com.kms.katalon.core.main.TestCaseExecutor.processExecutionPhase(TestCaseExecutor.java:418)
	at com.kms.katalon.core.main.TestCaseExecutor.accessMainPhase(TestCaseExecutor.java:410)
	at com.kms.katalon.core.main.TestCaseExecutor.execute(TestCaseExecutor.java:285)
	at com.kms.katalon.core.main.TestCaseMain.runTestCase(TestCaseMain.java:137)
	at com.kms.katalon.core.keyword.builtin.CallTestCaseKeyword$_callTestCase_closure1.doCall(CallTestCaseKeyword.groovy:59)
	at com.kms.katalon.core.keyword.builtin.CallTestCaseKeyword$_callTestCase_closure1.call(CallTestCaseKeyword.groovy)
	at com.kms.katalon.core.keyword.internal.KeywordMain.runKeyword(KeywordMain.groovy:75)
	at com.kms.katalon.core.keyword.builtin.CallTestCaseKeyword.callTestCase(CallTestCaseKeyword.groovy:81)
	at com.kms.katalon.core.keyword.builtin.CallTestCaseKeyword.execute(CallTestCaseKeyword.groovy:44)
	at com.kms.katalon.core.keyword.internal.KeywordExecutor.executeKeywordForPlatform(KeywordExecutor.groovy:74)
	at com.kms.katalon.core.keyword.BuiltinKeywords.callTestCase(BuiltinKeywords.groovy:310)
	at java.base/jdk.internal.reflect.NativeMethodAccessorImpl.invoke0(Native Method)
	at java.base/jdk.internal.reflect.NativeMethodAccessorImpl.invoke(NativeMethodAccessorImpl.java:77)
	at java.base/jdk.internal.reflect.DelegatingMethodAccessorImpl.invoke(DelegatingMethodAccessorImpl.java:43)
	at com.kazurayam.ksbackyard.HighlightElement$_pandemic_closure1.doCall(HighlightElement.groovy:105)
	at jdk.internal.reflect.GeneratedMethodAccessor6.invoke(Unknown Source)
	at java.base/jdk.internal.reflect.DelegatingMethodAccessorImpl.invoke(DelegatingMethodAccessorImpl.java:43)
	at TNR R.TSPT Supp90-Visiteur.run(TNR R.TSPT Supp90-Visiteur:119)
	at com.kms.katalon.core.main.ScriptEngine.run(ScriptEngine.java:194)
	at com.kms.katalon.core.main.ScriptEngine.runScriptAsRawText(ScriptEngine.java:119)
	at com.kms.katalon.core.main.TestCaseExecutor.runScript(TestCaseExecutor.java:448)
	at com.kms.katalon.core.main.TestCaseExecutor.doExecute(TestCaseExecutor.java:439)
	at com.kms.katalon.core.main.TestCaseExecutor.processExecutionPhase(TestCaseExecutor.java:418)
	at com.kms.katalon.core.main.TestCaseExecutor.accessMainPhase(TestCaseExecutor.java:410)
	at com.kms.katalon.core.main.TestCaseExecutor.execute(TestCaseExecutor.java:285)
	at com.kms.katalon.core.common.CommonExecutor.accessTestCaseMainPhase(CommonExecutor.java:65)
	at com.kms.katalon.core.main.TestSuiteExecutor.accessTestSuiteMainPhase(TestSuiteExecutor.java:148)
	at com.kms.katalon.core.main.TestSuiteExecutor.execute(TestSuiteExecutor.java:106)
	at com.kms.katalon.core.main.TestCaseMain.startTestSuite(TestCaseMain.java:180)
	at TempTestSuite1704295324522.run(TempTestSuite1704295324522.groovy:36)
	at java.base/jdk.internal.reflect.NativeMethodAccessorImpl.invoke0(Native Method)
	at java.base/jdk.internal.reflect.NativeMethodAccessorImpl.invoke(NativeMethodAccessorImpl.java:77)
	at java.base/jdk.internal.reflect.DelegatingMethodAccessorImpl.invoke(DelegatingMethodAccessorImpl.java:43)
)
[[ATTACHMENT|C:\\Users\\ISSAM.RHARBAOUI\\git\\ANEF-RenouvellementSejour\\Reports\\20240103_162204\\TS_TNR_R.TSPT_Suppo90\\20240103_162204\\1704295611742.png]]

03-01-2024T16:26:52 - [TEST_STEP][PASSED] - "ADRESSE": null

03-01-2024T16:26:52 - [TEST_STEP][PASSED] - if (verifyElementPresent(findTestObject("Object Repository/Page_Verif_AccordeonMotifDeSejour_Agent/objVoirDocCopieADRESSE"), 3, OPTIONAL)): null

03-01-2024T16:26:52 - [MESSAGE][INFO] - Finding Test Object 'Object Repository/Page_Verif_AccordeonMotifDeSejour_Agent/objVoirDocCopieADRESSE'

03-01-2024T16:26:52 - [MESSAGE][INFO] - Checking object

03-01-2024T16:26:52 - [MESSAGE][INFO] - Finding web element from Test Object's properties

03-01-2024T16:26:52 - [MESSAGE][INFO] - Checking timeout

03-01-2024T16:26:52 - [MESSAGE][INFO] - Finding web element with id: 'Object Repository/Page_Verif_AccordeonMotifDeSejour_Agent/objVoirDocCopieADRESSE' located by 'By.xpath: //div/div/div[2]/app-justificatifs/div/div[2]/div/div[1]/div[2]/app-visionneuse/a/span' in '3' second(s)

03-01-2024T16:26:52 - [MESSAGE][INFO] - Smart Wait Function is triggered

03-01-2024T16:26:52 - [MESSAGE][INFO] - Found 9 web elements with id: 'Object Repository/Page_Verif_AccordeonMotifDeSejour_Agent/objVoirDocCopieADRESSE' located by 'By.xpath: //div/div/div[2]/app-justificatifs/div/div[2]/div/div[1]/div[2]/app-visionneuse/a/span' in '3' second(s)

03-01-2024T16:26:52 - [MESSAGE][PASSED] - Object 'Object Repository/Page_Verif_AccordeonMotifDeSejour_Agent/objVoirDocCopieADRESSE' is present

03-01-2024T16:26:52 - [TEST_STEP][PASSED] - objVoirDocCopieADRESSE = findTestObject("Object Repository/Page_Verif_AccordeonMotifDeSejour_Agent/objVoirDocCopieADRESSE"): Finding Test Object 'Object Repository/Page_Verif_AccordeonMotifDeSejour_Agent/objVoirDocCopieADRESSE'

03-01-2024T16:26:52 - [MESSAGE][INFO] - Finding Test Object 'Object Repository/Page_Verif_AccordeonMotifDeSejour_Agent/objVoirDocCopieADRESSE'

03-01-2024T16:26:52 - [TEST_STEP][PASSED] - tools.OpenPopupInTab.OpenBrowserTab(objVoirDocCopieADRESSE): tools.OpenPopupInTab.OpenBrowserTab is PASSED

03-01-2024T16:26:52 - [MESSAGE][INFO] - Smart Wait Function is triggered

03-01-2024T16:26:52 - [MESSAGE][PASSED] - tools.OpenPopupInTab.OpenBrowserTab is PASSED

03-01-2024T16:26:52 - [TEST_STEP][PASSED] - tools.OpenPopupInTab.CloseBrowserTab(): tools.OpenPopupInTab.CloseBrowserTab is PASSED

03-01-2024T16:26:53 - [MESSAGE][INFO] - Delaying browser in 2 second(s)

03-01-2024T16:26:55 - [MESSAGE][PASSED] - Delayed 2 second(s)

03-01-2024T16:26:55 - [MESSAGE][INFO] - Checking index

03-01-2024T16:26:55 - [MESSAGE][INFO] - Switching window with index: '0'

03-01-2024T16:26:55 - [MESSAGE][PASSED] - Switched to window with index: '0'

03-01-2024T16:26:55 - [MESSAGE][PASSED] - tools.OpenPopupInTab.CloseBrowserTab is PASSED

03-01-2024T16:26:55 - [TEST_STEP][PASSED] - delay(2): Delayed 2 second(s)

03-01-2024T16:26:55 - [MESSAGE][INFO] - Delaying browser in 2 second(s)

03-01-2024T16:26:57 - [MESSAGE][PASSED] - Delayed 2 second(s)

03-01-2024T16:26:57 - [TEST_STEP][PASSED] - click(findTestObject("Object Repository/Page_Verif_AccordeonMotifDeSejour_Agent/div_AccepterLeDocumentCopieADRESSE")): Object: 'Object Repository/Page_Verif_AccordeonMotifDeSejour_Agent/div_AccepterLeDocumentCopieADRESSE' is clicked on

03-01-2024T16:26:57 - [MESSAGE][INFO] - Finding Test Object 'Object Repository/Page_Verif_AccordeonMotifDeSejour_Agent/div_AccepterLeDocumentCopieADRESSE'

03-01-2024T16:26:57 - [MESSAGE][INFO] - Checking timeout

03-01-2024T16:26:57 - [MESSAGE][INFO] - Finding web element with id: 'Object Repository/Page_Verif_AccordeonMotifDeSejour_Agent/div_AccepterLeDocumentCopieADRESSE' located by 'By.xpath: //div/div/div[2]/app-justificatifs/div/div[2]/div/div[2]/anef-input-radio/div/div/fieldset/div/div[2]/p-radiobutton/div/div[2]' in '20' second(s)

03-01-2024T16:26:57 - [MESSAGE][INFO] - Smart Wait Function is triggered

03-01-2024T16:26:57 - [MESSAGE][INFO] - Found 9 web elements with id: 'Object Repository/Page_Verif_AccordeonMotifDeSejour_Agent/div_AccepterLeDocumentCopieADRESSE' located by 'By.xpath: //div/div/div[2]/app-justificatifs/div/div[2]/div/div[2]/anef-input-radio/div/div/fieldset/div/div[2]/p-radiobutton/div/div[2]' in '20' second(s)

03-01-2024T16:26:57 - [MESSAGE][INFO] - Checking object

03-01-2024T16:26:57 - [MESSAGE][INFO] - Checking timeout

03-01-2024T16:26:57 - [MESSAGE][INFO] - Finding web element from Test Object's properties

03-01-2024T16:26:57 - [MESSAGE][INFO] - Checking timeout

03-01-2024T16:26:57 - [MESSAGE][INFO] - Finding web element with id: 'Object Repository/Page_Verif_AccordeonMotifDeSejour_Agent/div_AccepterLeDocumentCopieADRESSE' located by 'By.xpath: //div/div/div[2]/app-justificatifs/div/div[2]/div/div[2]/anef-input-radio/div/div/fieldset/div/div[2]/p-radiobutton/div/div[2]' in '5' second(s)

03-01-2024T16:26:57 - [MESSAGE][INFO] - Smart Wait Function is triggered

03-01-2024T16:26:57 - [MESSAGE][INFO] - Found 9 web elements with id: 'Object Repository/Page_Verif_AccordeonMotifDeSejour_Agent/div_AccepterLeDocumentCopieADRESSE' located by 'By.xpath: //div/div/div[2]/app-justificatifs/div/div[2]/div/div[2]/anef-input-radio/div/div/fieldset/div/div[2]/p-radiobutton/div/div[2]' in '5' second(s)

03-01-2024T16:26:57 - [MESSAGE][INFO] - Clicking on object: 'Object Repository/Page_Verif_AccordeonMotifDeSejour_Agent/div_AccepterLeDocumentCopieADRESSE'

03-01-2024T16:26:59 - [MESSAGE][PASSED] - Object: 'Object Repository/Page_Verif_AccordeonMotifDeSejour_Agent/div_AccepterLeDocumentCopieADRESSE' is clicked on

03-01-2024T16:26:59 - [TEST_STEP][PASSED] - "CASIER JUDICIAIRE": null

03-01-2024T16:26:59 - [TEST_STEP][PASSED] - if (verifyElementPresent(findTestObject("Object Repository/Page_Verif_AccordeonMotifDeSejour_Agent/Select_EtatDuCasierJudiciaire"), 3, OPTIONAL)): null

03-01-2024T16:26:59 - [MESSAGE][INFO] - Finding Test Object 'Object Repository/Page_Verif_AccordeonMotifDeSejour_Agent/Select_EtatDuCasierJudiciaire'

03-01-2024T16:26:59 - [MESSAGE][INFO] - Checking object

03-01-2024T16:26:59 - [MESSAGE][INFO] - Finding web element from Test Object's properties

03-01-2024T16:26:59 - [MESSAGE][INFO] - Checking timeout

03-01-2024T16:26:59 - [MESSAGE][INFO] - Finding web element with id: 'Object Repository/Page_Verif_AccordeonMotifDeSejour_Agent/Select_EtatDuCasierJudiciaire' located by 'By.xpath: //*[@id="etat_courrier_cjn"]/div/div[4]/span' in '3' second(s)

03-01-2024T16:26:59 - [MESSAGE][INFO] - Smart Wait Function is triggered

03-01-2024T16:26:59 - [MESSAGE][INFO] - Found 1 web elements with id: 'Object Repository/Page_Verif_AccordeonMotifDeSejour_Agent/Select_EtatDuCasierJudiciaire' located by 'By.xpath: //*[@id="etat_courrier_cjn"]/div/div[4]/span' in '3' second(s)

03-01-2024T16:26:59 - [MESSAGE][PASSED] - Object 'Object Repository/Page_Verif_AccordeonMotifDeSejour_Agent/Select_EtatDuCasierJudiciaire' is present

03-01-2024T16:26:59 - [TEST_STEP][PASSED] - Select_EtatDuCasierJudiciaire = findTestObject("Object Repository/Page_Verif_AccordeonMotifDeSejour_Agent/Select_EtatDuCasierJudiciaire"): Finding Test Object 'Object Repository/Page_Verif_AccordeonMotifDeSejour_Agent/Select_EtatDuCasierJudiciaire'

03-01-2024T16:26:59 - [MESSAGE][INFO] - Finding Test Object 'Object Repository/Page_Verif_AccordeonMotifDeSejour_Agent/Select_EtatDuCasierJudiciaire'

03-01-2024T16:26:59 - [TEST_STEP][PASSED] - click(Select_EtatDuCasierJudiciaire): Object: 'Object Repository/Page_Verif_AccordeonMotifDeSejour_Agent/Select_EtatDuCasierJudiciaire' is clicked on

03-01-2024T16:26:59 - [MESSAGE][INFO] - Checking timeout

03-01-2024T16:26:59 - [MESSAGE][INFO] - Finding web element with id: 'Object Repository/Page_Verif_AccordeonMotifDeSejour_Agent/Select_EtatDuCasierJudiciaire' located by 'By.xpath: //*[@id="etat_courrier_cjn"]/div/div[4]/span' in '20' second(s)

03-01-2024T16:26:59 - [MESSAGE][INFO] - Smart Wait Function is triggered

03-01-2024T16:26:59 - [MESSAGE][INFO] - Found 1 web elements with id: 'Object Repository/Page_Verif_AccordeonMotifDeSejour_Agent/Select_EtatDuCasierJudiciaire' located by 'By.xpath: //*[@id="etat_courrier_cjn"]/div/div[4]/span' in '20' second(s)

03-01-2024T16:26:59 - [MESSAGE][INFO] - Checking object

03-01-2024T16:26:59 - [MESSAGE][INFO] - Checking timeout

03-01-2024T16:26:59 - [MESSAGE][INFO] - Finding web element from Test Object's properties

03-01-2024T16:26:59 - [MESSAGE][INFO] - Checking timeout

03-01-2024T16:26:59 - [MESSAGE][INFO] - Finding web element with id: 'Object Repository/Page_Verif_AccordeonMotifDeSejour_Agent/Select_EtatDuCasierJudiciaire' located by 'By.xpath: //*[@id="etat_courrier_cjn"]/div/div[4]/span' in '5' second(s)

03-01-2024T16:26:59 - [MESSAGE][INFO] - Smart Wait Function is triggered

03-01-2024T16:26:59 - [MESSAGE][INFO] - Found 1 web elements with id: 'Object Repository/Page_Verif_AccordeonMotifDeSejour_Agent/Select_EtatDuCasierJudiciaire' located by 'By.xpath: //*[@id="etat_courrier_cjn"]/div/div[4]/span' in '5' second(s)

03-01-2024T16:26:59 - [MESSAGE][INFO] - Clicking on object: 'Object Repository/Page_Verif_AccordeonMotifDeSejour_Agent/Select_EtatDuCasierJudiciaire'

03-01-2024T16:27:01 - [MESSAGE][PASSED] - Object: 'Object Repository/Page_Verif_AccordeonMotifDeSejour_Agent/Select_EtatDuCasierJudiciaire' is clicked on

03-01-2024T16:27:01 - [TEST_STEP][PASSED] - Select_Value_EtatDuCasierJudiciaire = findTestObject("Object Repository/Page_Verif_AccordeonMotifDeSejour_Agent/Select_Value_EtatDuCasierJudiciaire"): Finding Test Object 'Object Repository/Page_Verif_AccordeonMotifDeSejour_Agent/Select_Value_EtatDuCasierJudiciaire'

03-01-2024T16:27:01 - [MESSAGE][INFO] - Finding Test Object 'Object Repository/Page_Verif_AccordeonMotifDeSejour_Agent/Select_Value_EtatDuCasierJudiciaire'

03-01-2024T16:27:01 - [TEST_STEP][PASSED] - click(Select_Value_EtatDuCasierJudiciaire): Object: 'Object Repository/Page_Verif_AccordeonMotifDeSejour_Agent/Select_Value_EtatDuCasierJudiciaire' is clicked on

03-01-2024T16:27:01 - [MESSAGE][INFO] - Checking timeout

03-01-2024T16:27:01 - [MESSAGE][INFO] - Finding web element with id: 'Object Repository/Page_Verif_AccordeonMotifDeSejour_Agent/Select_Value_EtatDuCasierJudiciaire' located by 'By.xpath: //*[@id="etat_courrier_cjn"]/div/div[5]/div/ul/p-dropdownitem[2]/li/span' in '20' second(s)

03-01-2024T16:27:01 - [MESSAGE][INFO] - Smart Wait Function is triggered

03-01-2024T16:27:01 - [MESSAGE][INFO] - Found 1 web elements with id: 'Object Repository/Page_Verif_AccordeonMotifDeSejour_Agent/Select_Value_EtatDuCasierJudiciaire' located by 'By.xpath: //*[@id="etat_courrier_cjn"]/div/div[5]/div/ul/p-dropdownitem[2]/li/span' in '20' second(s)

03-01-2024T16:27:01 - [MESSAGE][INFO] - Checking object

03-01-2024T16:27:01 - [MESSAGE][INFO] - Checking timeout

03-01-2024T16:27:01 - [MESSAGE][INFO] - Finding web element from Test Object's properties

03-01-2024T16:27:01 - [MESSAGE][INFO] - Checking timeout

03-01-2024T16:27:01 - [MESSAGE][INFO] - Finding web element with id: 'Object Repository/Page_Verif_AccordeonMotifDeSejour_Agent/Select_Value_EtatDuCasierJudiciaire' located by 'By.xpath: //*[@id="etat_courrier_cjn"]/div/div[5]/div/ul/p-dropdownitem[2]/li/span' in '5' second(s)

03-01-2024T16:27:01 - [MESSAGE][INFO] - Smart Wait Function is triggered

03-01-2024T16:27:01 - [MESSAGE][INFO] - Found 1 web elements with id: 'Object Repository/Page_Verif_AccordeonMotifDeSejour_Agent/Select_Value_EtatDuCasierJudiciaire' located by 'By.xpath: //*[@id="etat_courrier_cjn"]/div/div[5]/div/ul/p-dropdownitem[2]/li/span' in '5' second(s)

03-01-2024T16:27:01 - [MESSAGE][INFO] - Clicking on object: 'Object Repository/Page_Verif_AccordeonMotifDeSejour_Agent/Select_Value_EtatDuCasierJudiciaire'

03-01-2024T16:27:04 - [MESSAGE][PASSED] - Object: 'Object Repository/Page_Verif_AccordeonMotifDeSejour_Agent/Select_Value_EtatDuCasierJudiciaire' is clicked on

03-01-2024T16:27:04 - [TEST_STEP][PASSED] - delay(2): Delayed 2 second(s)

03-01-2024T16:27:04 - [MESSAGE][INFO] - Delaying browser in 2 second(s)

03-01-2024T16:27:06 - [MESSAGE][PASSED] - Delayed 2 second(s)

03-01-2024T16:27:06 - [TEST_STEP][PASSED] - "BIOMÉTRIE": null

03-01-2024T16:27:06 - [TEST_STEP][PASSED] - DemandeurContacte = findTestObject("Object Repository/Page_Verif_AccordeonMotifDeSejour_Agent/check_DemandeurContacte"): Finding Test Object 'Object Repository/Page_Verif_AccordeonMotifDeSejour_Agent/check_DemandeurContacte'

03-01-2024T16:27:06 - [MESSAGE][INFO] - Finding Test Object 'Object Repository/Page_Verif_AccordeonMotifDeSejour_Agent/check_DemandeurContacte'

03-01-2024T16:27:06 - [TEST_STEP][FAILED] - click(DemandeurContacte): Unable to click on object 'Object Repository/Page_Verif_AccordeonMotifDeSejour_Agent/check_DemandeurContacte' (Root cause: com.kms.katalon.core.exception.StepFailedException: Unable to click on object 'Object Repository/Page_Verif_AccordeonMotifDeSejour_Agent/check_DemandeurContacte'
	at com.kms.katalon.core.webui.keyword.internal.WebUIKeywordMain.stepFailed(WebUIKeywordMain.groovy:64)
	at com.kms.katalon.core.webui.keyword.internal.WebUIKeywordMain.runKeyword(WebUIKeywordMain.groovy:26)
	at com.kms.katalon.core.webui.keyword.builtin.ClickKeyword.click(ClickKeyword.groovy:74)
	at com.kms.katalon.core.webui.keyword.builtin.ClickKeyword.execute(ClickKeyword.groovy:40)
	at com.kms.katalon.core.keyword.internal.KeywordExecutor.executeKeywordForPlatform(KeywordExecutor.groovy:74)
	at com.kms.katalon.core.webui.keyword.WebUiBuiltInKeywords.click(WebUiBuiltInKeywords.groovy:659)
	at jdk.internal.reflect.GeneratedMethodAccessor25.invoke(Unknown Source)
	at java.base/jdk.internal.reflect.DelegatingMethodAccessorImpl.invoke(DelegatingMethodAccessorImpl.java:43)
	at com.kazurayam.ksbackyard.HighlightElement$_pandemic_closure1.doCall(HighlightElement.groovy:105)
	at jdk.internal.reflect.GeneratedMethodAccessor6.invoke(Unknown Source)
	at java.base/jdk.internal.reflect.DelegatingMethodAccessorImpl.invoke(DelegatingMethodAccessorImpl.java:43)
	at Verif_AccordeonEtatCivilDuDemandeur.run(Verif_AccordeonEtatCivilDuDemandeur:235)
	at com.kms.katalon.core.main.ScriptEngine.run(ScriptEngine.java:194)
	at com.kms.katalon.core.main.ScriptEngine.runScriptAsRawText(ScriptEngine.java:119)
	at com.kms.katalon.core.main.TestCaseExecutor.runScript(TestCaseExecutor.java:448)
	at com.kms.katalon.core.main.TestCaseExecutor.doExecute(TestCaseExecutor.java:439)
	at com.kms.katalon.core.main.TestCaseExecutor.processExecutionPhase(TestCaseExecutor.java:418)
	at com.kms.katalon.core.main.TestCaseExecutor.accessMainPhase(TestCaseExecutor.java:410)
	at com.kms.katalon.core.main.TestCaseExecutor.execute(TestCaseExecutor.java:285)
	at com.kms.katalon.core.main.TestCaseMain.runTestCase(TestCaseMain.java:137)
	at com.kms.katalon.core.keyword.builtin.CallTestCaseKeyword$_callTestCase_closure1.doCall(CallTestCaseKeyword.groovy:59)
	at com.kms.katalon.core.keyword.builtin.CallTestCaseKeyword$_callTestCase_closure1.call(CallTestCaseKeyword.groovy)
	at com.kms.katalon.core.keyword.internal.KeywordMain.runKeyword(KeywordMain.groovy:75)
	at com.kms.katalon.core.keyword.builtin.CallTestCaseKeyword.callTestCase(CallTestCaseKeyword.groovy:81)
	at com.kms.katalon.core.keyword.builtin.CallTestCaseKeyword.execute(CallTestCaseKeyword.groovy:44)
	at com.kms.katalon.core.keyword.internal.KeywordExecutor.executeKeywordForPlatform(KeywordExecutor.groovy:74)
	at com.kms.katalon.core.keyword.BuiltinKeywords.callTestCase(BuiltinKeywords.groovy:310)
	at java.base/jdk.internal.reflect.NativeMethodAccessorImpl.invoke0(Native Method)
	at java.base/jdk.internal.reflect.NativeMethodAccessorImpl.invoke(NativeMethodAccessorImpl.java:77)
	at java.base/jdk.internal.reflect.DelegatingMethodAccessorImpl.invoke(DelegatingMethodAccessorImpl.java:43)
	at com.kazurayam.ksbackyard.HighlightElement$_pandemic_closure1.doCall(HighlightElement.groovy:105)
	at jdk.internal.reflect.GeneratedMethodAccessor6.invoke(Unknown Source)
	at java.base/jdk.internal.reflect.DelegatingMethodAccessorImpl.invoke(DelegatingMethodAccessorImpl.java:43)
	at TNR R.TSPT Supp90-Visiteur.run(TNR R.TSPT Supp90-Visiteur:119)
	at com.kms.katalon.core.main.ScriptEngine.run(ScriptEngine.java:194)
	at com.kms.katalon.core.main.ScriptEngine.runScriptAsRawText(ScriptEngine.java:119)
	at com.kms.katalon.core.main.TestCaseExecutor.runScript(TestCaseExecutor.java:448)
	at com.kms.katalon.core.main.TestCaseExecutor.doExecute(TestCaseExecutor.java:439)
	at com.kms.katalon.core.main.TestCaseExecutor.processExecutionPhase(TestCaseExecutor.java:418)
	at com.kms.katalon.core.main.TestCaseExecutor.accessMainPhase(TestCaseExecutor.java:410)
	at com.kms.katalon.core.main.TestCaseExecutor.execute(TestCaseExecutor.java:285)
	at com.kms.katalon.core.common.CommonExecutor.accessTestCaseMainPhase(CommonExecutor.java:65)
	at com.kms.katalon.core.main.TestSuiteExecutor.accessTestSuiteMainPhase(TestSuiteExecutor.java:148)
	at com.kms.katalon.core.main.TestSuiteExecutor.execute(TestSuiteExecutor.java:106)
	at com.kms.katalon.core.main.TestCaseMain.startTestSuite(TestCaseMain.java:180)
	at TempTestSuite1704295324522.run(TempTestSuite1704295324522.groovy:36)
	at java.base/jdk.internal.reflect.NativeMethodAccessorImpl.invoke0(Native Method)
	at java.base/jdk.internal.reflect.NativeMethodAccessorImpl.invoke(NativeMethodAccessorImpl.java:77)
	at java.base/jdk.internal.reflect.DelegatingMethodAccessorImpl.invoke(DelegatingMethodAccessorImpl.java:43)
Caused by: com.kms.katalon.core.webui.exception.WebElementNotFoundException: Web element with id: 'Object Repository/Page_Verif_AccordeonMotifDeSejour_Agent/check_DemandeurContacte' located by '/html/body/app-root/app-layout/div/div/div/app-navigation-layout/div[2]/app-demande-instruction/div/div[1]/form/p-accordion/div/p-accordiontab[9]/div[2]/div/div/div[2]/anef-input-check/div/div/p-checkbox/label' not found
	at com.kms.katalon.core.webui.common.WebUiCommonHelper.findWebElement(WebUiCommonHelper.java:1379)
	at com.kms.katalon.core.webui.keyword.internal.WebUIAbstractKeyword.findWebElement(WebUIAbstractKeyword.groovy:27)
	at com.kms.katalon.core.webui.keyword.builtin.ClickKeyword$_click_closure1.doCall(ClickKeyword.groovy:65)
	at com.kms.katalon.core.webui.keyword.builtin.ClickKeyword$_click_closure1.call(ClickKeyword.groovy)
	at com.kms.katalon.core.webui.keyword.internal.WebUIKeywordMain.runKeyword(WebUIKeywordMain.groovy:20)
	at com.kms.katalon.core.webui.keyword.builtin.ClickKeyword.click(ClickKeyword.groovy:74)
	at com.kms.katalon.core.webui.keyword.builtin.ClickKeyword.execute(ClickKeyword.groovy:40)
	at com.kms.katalon.core.keyword.internal.KeywordExecutor.executeKeywordForPlatform(KeywordExecutor.groovy:74)
	at com.kms.katalon.core.webui.keyword.WebUiBuiltInKeywords.click(WebUiBuiltInKeywords.groovy:659)
	at jdk.internal.reflect.GeneratedMethodAccessor25.invoke(Unknown Source)
	at java.base/jdk.internal.reflect.DelegatingMethodAccessorImpl.invoke(DelegatingMethodAccessorImpl.java:43)
	at com.kazurayam.ksbackyard.HighlightElement$_pandemic_closure1.doCall(HighlightElement.groovy:105)
	at jdk.internal.reflect.GeneratedMethodAccessor6.invoke(Unknown Source)
	at java.base/jdk.internal.reflect.DelegatingMethodAccessorImpl.invoke(DelegatingMethodAccessorImpl.java:43)
	at Script1695818233662.run(Script1695818233662.groovy:235)
	at com.kms.katalon.core.main.ScriptEngine.run(ScriptEngine.java:194)
	at com.kms.katalon.core.main.ScriptEngine.runScriptAsRawText(ScriptEngine.java:119)
	at com.kms.katalon.core.main.TestCaseExecutor.runScript(TestCaseExecutor.java:448)
	at com.kms.katalon.core.main.TestCaseExecutor.doExecute(TestCaseExecutor.java:439)
	at com.kms.katalon.core.main.TestCaseExecutor.processExecutionPhase(TestCaseExecutor.java:418)
	at com.kms.katalon.core.main.TestCaseExecutor.accessMainPhase(TestCaseExecutor.java:410)
	at com.kms.katalon.core.main.TestCaseExecutor.execute(TestCaseExecutor.java:285)
	at com.kms.katalon.core.main.TestCaseMain.runTestCase(TestCaseMain.java:137)
	at com.kms.katalon.core.keyword.builtin.CallTestCaseKeyword$_callTestCase_closure1.doCall(CallTestCaseKeyword.groovy:59)
	at com.kms.katalon.core.keyword.builtin.CallTestCaseKeyword$_callTestCase_closure1.call(CallTestCaseKeyword.groovy)
	at com.kms.katalon.core.keyword.internal.KeywordMain.runKeyword(KeywordMain.groovy:75)
	at com.kms.katalon.core.keyword.builtin.CallTestCaseKeyword.callTestCase(CallTestCaseKeyword.groovy:81)
	at com.kms.katalon.core.keyword.builtin.CallTestCaseKeyword.execute(CallTestCaseKeyword.groovy:44)
	at com.kms.katalon.core.keyword.internal.KeywordExecutor.executeKeywordForPlatform(KeywordExecutor.groovy:74)
	at com.kms.katalon.core.keyword.BuiltinKeywords.callTestCase(BuiltinKeywords.groovy:310)
	at java.base/jdk.internal.reflect.NativeMethodAccessorImpl.invoke0(Native Method)
	at java.base/jdk.internal.reflect.NativeMethodAccessorImpl.invoke(NativeMethodAccessorImpl.java:77)
	at java.base/jdk.internal.reflect.DelegatingMethodAccessorImpl.invoke(DelegatingMethodAccessorImpl.java:43)
	at com.kazurayam.ksbackyard.HighlightElement$_pandemic_closure1.doCall(HighlightElement.groovy:105)
	at jdk.internal.reflect.GeneratedMethodAccessor6.invoke(Unknown Source)
	at java.base/jdk.internal.reflect.DelegatingMethodAccessorImpl.invoke(DelegatingMethodAccessorImpl.java:43)
	at Script1695213876796.run(Script1695213876796.groovy:119)
	... 15 more
)

03-01-2024T16:27:06 - [MESSAGE][INFO] - Checking timeout

03-01-2024T16:27:06 - [MESSAGE][INFO] - Finding web element with id: 'Object Repository/Page_Verif_AccordeonMotifDeSejour_Agent/check_DemandeurContacte' located by 'By.xpath: /html/body/app-root/app-layout/div/div/div/app-navigation-layout/div[2]/app-demande-instruction/div/div[1]/form/p-accordion/div/p-accordiontab[9]/div[2]/div/div/div[2]/anef-input-check/div/div/p-checkbox/label' in '20' second(s)

03-01-2024T16:27:06 - [MESSAGE][INFO] - Smart Wait Function is triggered

03-01-2024T16:27:06 - [MESSAGE][INFO] - Smart Wait Function is triggered

03-01-2024T16:27:06 - [MESSAGE][INFO] - Smart Wait Function is triggered

03-01-2024T16:27:06 - [MESSAGE][INFO] - Smart Wait Function is triggered

03-01-2024T16:27:06 - [MESSAGE][INFO] - Smart Wait Function is triggered

03-01-2024T16:27:06 - [MESSAGE][INFO] - Smart Wait Function is triggered

03-01-2024T16:27:06 - [MESSAGE][INFO] - Smart Wait Function is triggered

03-01-2024T16:27:06 - [MESSAGE][INFO] - Smart Wait Function is triggered

03-01-2024T16:27:06 - [MESSAGE][INFO] - Smart Wait Function is triggered

03-01-2024T16:27:06 - [MESSAGE][INFO] - Smart Wait Function is triggered

03-01-2024T16:27:06 - [MESSAGE][INFO] - Smart Wait Function is triggered

03-01-2024T16:27:06 - [MESSAGE][INFO] - Smart Wait Function is triggered

03-01-2024T16:27:06 - [MESSAGE][INFO] - Smart Wait Function is triggered

03-01-2024T16:27:06 - [MESSAGE][INFO] - Smart Wait Function is triggered

03-01-2024T16:27:06 - [MESSAGE][INFO] - Smart Wait Function is triggered

03-01-2024T16:27:06 - [MESSAGE][INFO] - Smart Wait Function is triggered

03-01-2024T16:27:06 - [MESSAGE][INFO] - Smart Wait Function is triggered

03-01-2024T16:27:06 - [MESSAGE][INFO] - Smart Wait Function is triggered

03-01-2024T16:27:06 - [MESSAGE][INFO] - Smart Wait Function is triggered

03-01-2024T16:27:06 - [MESSAGE][INFO] - Smart Wait Function is triggered

03-01-2024T16:27:06 - [MESSAGE][INFO] - Smart Wait Function is triggered

03-01-2024T16:27:06 - [MESSAGE][INFO] - Smart Wait Function is triggered

03-01-2024T16:27:06 - [MESSAGE][INFO] - Smart Wait Function is triggered

03-01-2024T16:27:06 - [MESSAGE][INFO] - Smart Wait Function is triggered

03-01-2024T16:27:06 - [MESSAGE][INFO] - Smart Wait Function is triggered

03-01-2024T16:27:06 - [MESSAGE][INFO] - Smart Wait Function is triggered

03-01-2024T16:27:06 - [MESSAGE][INFO] - Smart Wait Function is triggered

03-01-2024T16:27:06 - [MESSAGE][INFO] - Smart Wait Function is triggered

03-01-2024T16:27:06 - [MESSAGE][INFO] - Smart Wait Function is triggered

03-01-2024T16:27:06 - [MESSAGE][INFO] - Smart Wait Function is triggered

03-01-2024T16:27:06 - [MESSAGE][INFO] - Smart Wait Function is triggered

03-01-2024T16:27:06 - [MESSAGE][INFO] - Smart Wait Function is triggered

03-01-2024T16:27:06 - [MESSAGE][INFO] - Smart Wait Function is triggered

03-01-2024T16:27:06 - [MESSAGE][INFO] - Smart Wait Function is triggered

03-01-2024T16:27:06 - [MESSAGE][INFO] - Smart Wait Function is triggered

03-01-2024T16:27:06 - [MESSAGE][INFO] - Smart Wait Function is triggered

03-01-2024T16:27:06 - [MESSAGE][INFO] - Smart Wait Function is triggered

03-01-2024T16:27:06 - [MESSAGE][INFO] - Smart Wait Function is triggered

03-01-2024T16:27:06 - [MESSAGE][INFO] - Smart Wait Function is triggered

03-01-2024T16:27:06 - [MESSAGE][INFO] - Smart Wait Function is triggered

03-01-2024T16:27:06 - [MESSAGE][INFO] - Smart Wait Function is triggered

03-01-2024T16:27:06 - [MESSAGE][INFO] - Smart Wait Function is triggered

03-01-2024T16:27:06 - [MESSAGE][INFO] - Smart Wait Function is triggered

03-01-2024T16:27:06 - [MESSAGE][INFO] - Smart Wait Function is triggered

03-01-2024T16:27:06 - [MESSAGE][INFO] - Smart Wait Function is triggered

03-01-2024T16:27:06 - [MESSAGE][INFO] - Smart Wait Function is triggered

03-01-2024T16:27:06 - [MESSAGE][INFO] - Smart Wait Function is triggered

03-01-2024T16:27:07 - [MESSAGE][INFO] - Smart Wait Function is triggered

03-01-2024T16:27:07 - [MESSAGE][INFO] - Smart Wait Function is triggered

03-01-2024T16:27:07 - [MESSAGE][INFO] - Smart Wait Function is triggered

03-01-2024T16:27:07 - [MESSAGE][INFO] - Smart Wait Function is triggered

03-01-2024T16:27:07 - [MESSAGE][INFO] - Smart Wait Function is triggered

03-01-2024T16:27:07 - [MESSAGE][INFO] - Smart Wait Function is triggered

03-01-2024T16:27:07 - [MESSAGE][INFO] - Smart Wait Function is triggered

03-01-2024T16:27:07 - [MESSAGE][INFO] - Smart Wait Function is triggered

03-01-2024T16:27:07 - [MESSAGE][INFO] - Smart Wait Function is triggered

03-01-2024T16:27:07 - [MESSAGE][INFO] - Smart Wait Function is triggered

03-01-2024T16:27:07 - [MESSAGE][INFO] - Smart Wait Function is triggered

03-01-2024T16:27:07 - [MESSAGE][INFO] - Smart Wait Function is triggered

03-01-2024T16:27:07 - [MESSAGE][INFO] - Smart Wait Function is triggered

03-01-2024T16:27:07 - [MESSAGE][INFO] - Smart Wait Function is triggered

03-01-2024T16:27:07 - [MESSAGE][INFO] - Smart Wait Function is triggered

03-01-2024T16:27:07 - [MESSAGE][INFO] - Smart Wait Function is triggered

03-01-2024T16:27:07 - [MESSAGE][INFO] - Smart Wait Function is triggered

03-01-2024T16:27:07 - [MESSAGE][INFO] - Smart Wait Function is triggered

03-01-2024T16:27:07 - [MESSAGE][INFO] - Smart Wait Function is triggered

03-01-2024T16:27:07 - [MESSAGE][INFO] - Smart Wait Function is triggered

03-01-2024T16:27:07 - [MESSAGE][INFO] - Smart Wait Function is triggered

03-01-2024T16:27:07 - [MESSAGE][INFO] - Smart Wait Function is triggered

03-01-2024T16:27:07 - [MESSAGE][INFO] - Smart Wait Function is triggered

03-01-2024T16:27:07 - [MESSAGE][INFO] - Smart Wait Function is triggered

03-01-2024T16:27:07 - [MESSAGE][INFO] - Smart Wait Function is triggered

03-01-2024T16:27:07 - [MESSAGE][INFO] - Smart Wait Function is triggered

03-01-2024T16:27:07 - [MESSAGE][INFO] - Smart Wait Function is triggered

03-01-2024T16:27:07 - [MESSAGE][INFO] - Smart Wait Function is triggered

03-01-2024T16:27:07 - [MESSAGE][INFO] - Smart Wait Function is triggered

03-01-2024T16:27:07 - [MESSAGE][INFO] - Smart Wait Function is triggered

03-01-2024T16:27:07 - [MESSAGE][INFO] - Smart Wait Function is triggered

03-01-2024T16:27:07 - [MESSAGE][INFO] - Smart Wait Function is triggered

03-01-2024T16:27:07 - [MESSAGE][INFO] - Smart Wait Function is triggered

03-01-2024T16:27:07 - [MESSAGE][INFO] - Smart Wait Function is triggered

03-01-2024T16:27:07 - [MESSAGE][INFO] - Smart Wait Function is triggered

03-01-2024T16:27:07 - [MESSAGE][INFO] - Smart Wait Function is triggered

03-01-2024T16:27:07 - [MESSAGE][INFO] - Smart Wait Function is triggered

03-01-2024T16:27:07 - [MESSAGE][INFO] - Smart Wait Function is triggered

03-01-2024T16:27:07 - [MESSAGE][INFO] - Smart Wait Function is triggered

03-01-2024T16:27:07 - [MESSAGE][INFO] - Smart Wait Function is triggered

03-01-2024T16:27:07 - [MESSAGE][INFO] - Smart Wait Function is triggered

03-01-2024T16:27:07 - [MESSAGE][INFO] - Smart Wait Function is triggered

03-01-2024T16:27:08 - [MESSAGE][INFO] - Smart Wait Function is triggered

03-01-2024T16:27:08 - [MESSAGE][INFO] - Smart Wait Function is triggered

03-01-2024T16:27:08 - [MESSAGE][INFO] - Smart Wait Function is triggered

03-01-2024T16:27:08 - [MESSAGE][INFO] - Smart Wait Function is triggered

03-01-2024T16:27:08 - [MESSAGE][INFO] - Smart Wait Function is triggered

03-01-2024T16:27:08 - [MESSAGE][INFO] - Smart Wait Function is triggered

03-01-2024T16:27:08 - [MESSAGE][INFO] - Smart Wait Function is triggered

03-01-2024T16:27:08 - [MESSAGE][INFO] - Smart Wait Function is triggered

03-01-2024T16:27:08 - [MESSAGE][INFO] - Smart Wait Function is triggered

03-01-2024T16:27:08 - [MESSAGE][INFO] - Smart Wait Function is triggered

03-01-2024T16:27:08 - [MESSAGE][INFO] - Smart Wait Function is triggered

03-01-2024T16:27:08 - [MESSAGE][INFO] - Smart Wait Function is triggered

03-01-2024T16:27:08 - [MESSAGE][INFO] - Smart Wait Function is triggered

03-01-2024T16:27:08 - [MESSAGE][INFO] - Smart Wait Function is triggered

03-01-2024T16:27:08 - [MESSAGE][INFO] - Smart Wait Function is triggered

03-01-2024T16:27:08 - [MESSAGE][INFO] - Smart Wait Function is triggered

03-01-2024T16:27:08 - [MESSAGE][INFO] - Smart Wait Function is triggered

03-01-2024T16:27:08 - [MESSAGE][INFO] - Smart Wait Function is triggered

03-01-2024T16:27:08 - [MESSAGE][INFO] - Smart Wait Function is triggered

03-01-2024T16:27:08 - [MESSAGE][INFO] - Smart Wait Function is triggered

03-01-2024T16:27:08 - [MESSAGE][INFO] - Smart Wait Function is triggered

03-01-2024T16:27:08 - [MESSAGE][INFO] - Smart Wait Function is triggered

03-01-2024T16:27:08 - [MESSAGE][INFO] - Smart Wait Function is triggered

03-01-2024T16:27:08 - [MESSAGE][INFO] - Smart Wait Function is triggered

03-01-2024T16:27:08 - [MESSAGE][INFO] - Smart Wait Function is triggered

03-01-2024T16:27:08 - [MESSAGE][INFO] - Smart Wait Function is triggered

03-01-2024T16:27:08 - [MESSAGE][INFO] - Smart Wait Function is triggered

03-01-2024T16:27:08 - [MESSAGE][INFO] - Smart Wait Function is triggered

03-01-2024T16:27:08 - [MESSAGE][INFO] - Smart Wait Function is triggered

03-01-2024T16:27:08 - [MESSAGE][INFO] - Smart Wait Function is triggered

03-01-2024T16:27:08 - [MESSAGE][INFO] - Smart Wait Function is triggered

03-01-2024T16:27:08 - [MESSAGE][INFO] - Smart Wait Function is triggered

03-01-2024T16:27:08 - [MESSAGE][INFO] - Smart Wait Function is triggered

03-01-2024T16:27:08 - [MESSAGE][INFO] - Smart Wait Function is triggered

03-01-2024T16:27:08 - [MESSAGE][INFO] - Smart Wait Function is triggered

03-01-2024T16:27:08 - [MESSAGE][INFO] - Smart Wait Function is triggered

03-01-2024T16:27:08 - [MESSAGE][INFO] - Smart Wait Function is triggered

03-01-2024T16:27:08 - [MESSAGE][INFO] - Smart Wait Function is triggered

03-01-2024T16:27:08 - [MESSAGE][INFO] - Smart Wait Function is triggered

03-01-2024T16:27:08 - [MESSAGE][INFO] - Smart Wait Function is triggered

03-01-2024T16:27:08 - [MESSAGE][INFO] - Smart Wait Function is triggered

03-01-2024T16:27:08 - [MESSAGE][INFO] - Smart Wait Function is triggered

03-01-2024T16:27:08 - [MESSAGE][INFO] - Smart Wait Function is triggered

03-01-2024T16:27:08 - [MESSAGE][INFO] - Smart Wait Function is triggered

03-01-2024T16:27:08 - [MESSAGE][INFO] - Smart Wait Function is triggered

03-01-2024T16:27:08 - [MESSAGE][INFO] - Smart Wait Function is triggered

03-01-2024T16:27:09 - [MESSAGE][INFO] - Smart Wait Function is triggered

03-01-2024T16:27:09 - [MESSAGE][INFO] - Smart Wait Function is triggered

03-01-2024T16:27:09 - [MESSAGE][INFO] - Smart Wait Function is triggered

03-01-2024T16:27:09 - [MESSAGE][INFO] - Smart Wait Function is triggered

03-01-2024T16:27:09 - [MESSAGE][INFO] - Smart Wait Function is triggered

03-01-2024T16:27:09 - [MESSAGE][INFO] - Smart Wait Function is triggered

03-01-2024T16:27:09 - [MESSAGE][INFO] - Smart Wait Function is triggered

03-01-2024T16:27:09 - [MESSAGE][INFO] - Smart Wait Function is triggered

03-01-2024T16:27:09 - [MESSAGE][INFO] - Smart Wait Function is triggered

03-01-2024T16:27:09 - [MESSAGE][INFO] - Smart Wait Function is triggered

03-01-2024T16:27:09 - [MESSAGE][INFO] - Smart Wait Function is triggered

03-01-2024T16:27:09 - [MESSAGE][INFO] - Smart Wait Function is triggered

03-01-2024T16:27:09 - [MESSAGE][INFO] - Smart Wait Function is triggered

03-01-2024T16:27:09 - [MESSAGE][INFO] - Smart Wait Function is triggered

03-01-2024T16:27:09 - [MESSAGE][INFO] - Smart Wait Function is triggered

03-01-2024T16:27:09 - [MESSAGE][INFO] - Smart Wait Function is triggered

03-01-2024T16:27:09 - [MESSAGE][INFO] - Smart Wait Function is triggered

03-01-2024T16:27:09 - [MESSAGE][INFO] - Smart Wait Function is triggered

03-01-2024T16:27:09 - [MESSAGE][INFO] - Smart Wait Function is triggered

03-01-2024T16:27:09 - [MESSAGE][INFO] - Smart Wait Function is triggered

03-01-2024T16:27:09 - [MESSAGE][INFO] - Smart Wait Function is triggered

03-01-2024T16:27:09 - [MESSAGE][INFO] - Smart Wait Function is triggered

03-01-2024T16:27:09 - [MESSAGE][INFO] - Smart Wait Function is triggered

03-01-2024T16:27:09 - [MESSAGE][INFO] - Smart Wait Function is triggered

03-01-2024T16:27:09 - [MESSAGE][INFO] - Smart Wait Function is triggered

03-01-2024T16:27:09 - [MESSAGE][INFO] - Smart Wait Function is triggered

03-01-2024T16:27:09 - [MESSAGE][INFO] - Smart Wait Function is triggered

03-01-2024T16:27:09 - [MESSAGE][INFO] - Smart Wait Function is triggered

03-01-2024T16:27:09 - [MESSAGE][INFO] - Smart Wait Function is triggered

03-01-2024T16:27:09 - [MESSAGE][INFO] - Smart Wait Function is triggered

03-01-2024T16:27:09 - [MESSAGE][INFO] - Smart Wait Function is triggered

03-01-2024T16:27:09 - [MESSAGE][INFO] - Smart Wait Function is triggered

03-01-2024T16:27:09 - [MESSAGE][INFO] - Smart Wait Function is triggered

03-01-2024T16:27:09 - [MESSAGE][INFO] - Smart Wait Function is triggered

03-01-2024T16:27:09 - [MESSAGE][INFO] - Smart Wait Function is triggered

03-01-2024T16:27:09 - [MESSAGE][INFO] - Smart Wait Function is triggered

03-01-2024T16:27:09 - [MESSAGE][INFO] - Smart Wait Function is triggered

03-01-2024T16:27:09 - [MESSAGE][INFO] - Smart Wait Function is triggered

03-01-2024T16:27:09 - [MESSAGE][INFO] - Smart Wait Function is triggered

03-01-2024T16:27:09 - [MESSAGE][INFO] - Smart Wait Function is triggered

03-01-2024T16:27:09 - [MESSAGE][INFO] - Smart Wait Function is triggered

03-01-2024T16:27:09 - [MESSAGE][INFO] - Smart Wait Function is triggered

03-01-2024T16:27:09 - [MESSAGE][INFO] - Smart Wait Function is triggered

03-01-2024T16:27:09 - [MESSAGE][INFO] - Smart Wait Function is triggered

03-01-2024T16:27:09 - [MESSAGE][INFO] - Smart Wait Function is triggered

03-01-2024T16:27:09 - [MESSAGE][INFO] - Smart Wait Function is triggered

03-01-2024T16:27:09 - [MESSAGE][INFO] - Smart Wait Function is triggered

03-01-2024T16:27:09 - [MESSAGE][INFO] - Smart Wait Function is triggered

03-01-2024T16:27:10 - [MESSAGE][INFO] - Smart Wait Function is triggered

03-01-2024T16:27:10 - [MESSAGE][INFO] - Smart Wait Function is triggered

03-01-2024T16:27:10 - [MESSAGE][INFO] - Smart Wait Function is triggered

03-01-2024T16:27:10 - [MESSAGE][INFO] - Smart Wait Function is triggered

03-01-2024T16:27:10 - [MESSAGE][INFO] - Smart Wait Function is triggered

03-01-2024T16:27:10 - [MESSAGE][INFO] - Smart Wait Function is triggered

03-01-2024T16:27:10 - [MESSAGE][INFO] - Smart Wait Function is triggered

03-01-2024T16:27:10 - [MESSAGE][INFO] - Smart Wait Function is triggered

03-01-2024T16:27:10 - [MESSAGE][INFO] - Smart Wait Function is triggered

03-01-2024T16:27:10 - [MESSAGE][INFO] - Smart Wait Function is triggered

03-01-2024T16:27:10 - [MESSAGE][INFO] - Smart Wait Function is triggered

03-01-2024T16:27:10 - [MESSAGE][INFO] - Smart Wait Function is triggered

03-01-2024T16:27:10 - [MESSAGE][INFO] - Smart Wait Function is triggered

03-01-2024T16:27:10 - [MESSAGE][INFO] - Smart Wait Function is triggered

03-01-2024T16:27:10 - [MESSAGE][INFO] - Smart Wait Function is triggered

03-01-2024T16:27:10 - [MESSAGE][INFO] - Smart Wait Function is triggered

03-01-2024T16:27:10 - [MESSAGE][INFO] - Smart Wait Function is triggered

03-01-2024T16:27:10 - [MESSAGE][INFO] - Smart Wait Function is triggered

03-01-2024T16:27:10 - [MESSAGE][INFO] - Smart Wait Function is triggered

03-01-2024T16:27:10 - [MESSAGE][INFO] - Smart Wait Function is triggered

03-01-2024T16:27:10 - [MESSAGE][INFO] - Smart Wait Function is triggered

03-01-2024T16:27:10 - [MESSAGE][INFO] - Smart Wait Function is triggered

03-01-2024T16:27:10 - [MESSAGE][INFO] - Smart Wait Function is triggered

03-01-2024T16:27:10 - [MESSAGE][INFO] - Smart Wait Function is triggered

03-01-2024T16:27:10 - [MESSAGE][INFO] - Smart Wait Function is triggered

03-01-2024T16:27:10 - [MESSAGE][INFO] - Smart Wait Function is triggered

03-01-2024T16:27:10 - [MESSAGE][INFO] - Smart Wait Function is triggered

03-01-2024T16:27:10 - [MESSAGE][INFO] - Smart Wait Function is triggered

03-01-2024T16:27:10 - [MESSAGE][INFO] - Smart Wait Function is triggered

03-01-2024T16:27:10 - [MESSAGE][INFO] - Smart Wait Function is triggered

03-01-2024T16:27:10 - [MESSAGE][INFO] - Smart Wait Function is triggered

03-01-2024T16:27:10 - [MESSAGE][INFO] - Smart Wait Function is triggered

03-01-2024T16:27:10 - [MESSAGE][INFO] - Smart Wait Function is triggered

03-01-2024T16:27:10 - [MESSAGE][INFO] - Smart Wait Function is triggered

03-01-2024T16:27:10 - [MESSAGE][INFO] - Smart Wait Function is triggered

03-01-2024T16:27:10 - [MESSAGE][INFO] - Smart Wait Function is triggered

03-01-2024T16:27:10 - [MESSAGE][INFO] - Smart Wait Function is triggered

03-01-2024T16:27:10 - [MESSAGE][INFO] - Smart Wait Function is triggered

03-01-2024T16:27:10 - [MESSAGE][INFO] - Smart Wait Function is triggered

03-01-2024T16:27:10 - [MESSAGE][INFO] - Smart Wait Function is triggered

03-01-2024T16:27:10 - [MESSAGE][INFO] - Smart Wait Function is triggered

03-01-2024T16:27:10 - [MESSAGE][INFO] - Smart Wait Function is triggered

03-01-2024T16:27:10 - [MESSAGE][INFO] - Smart Wait Function is triggered

03-01-2024T16:27:10 - [MESSAGE][INFO] - Smart Wait Function is triggered

03-01-2024T16:27:10 - [MESSAGE][INFO] - Smart Wait Function is triggered

03-01-2024T16:27:11 - [MESSAGE][INFO] - Smart Wait Function is triggered

03-01-2024T16:27:11 - [MESSAGE][INFO] - Smart Wait Function is triggered

03-01-2024T16:27:11 - [MESSAGE][INFO] - Smart Wait Function is triggered

03-01-2024T16:27:11 - [MESSAGE][INFO] - Smart Wait Function is triggered

03-01-2024T16:27:11 - [MESSAGE][INFO] - Smart Wait Function is triggered

03-01-2024T16:27:11 - [MESSAGE][INFO] - Smart Wait Function is triggered

03-01-2024T16:27:11 - [MESSAGE][INFO] - Smart Wait Function is triggered

03-01-2024T16:27:11 - [MESSAGE][INFO] - Smart Wait Function is triggered

03-01-2024T16:27:11 - [MESSAGE][INFO] - Smart Wait Function is triggered

03-01-2024T16:27:11 - [MESSAGE][INFO] - Smart Wait Function is triggered

03-01-2024T16:27:11 - [MESSAGE][INFO] - Smart Wait Function is triggered

03-01-2024T16:27:11 - [MESSAGE][INFO] - Smart Wait Function is triggered

03-01-2024T16:27:11 - [MESSAGE][INFO] - Smart Wait Function is triggered

03-01-2024T16:27:11 - [MESSAGE][INFO] - Smart Wait Function is triggered

03-01-2024T16:27:11 - [MESSAGE][INFO] - Smart Wait Function is triggered

03-01-2024T16:27:11 - [MESSAGE][INFO] - Smart Wait Function is triggered

03-01-2024T16:27:11 - [MESSAGE][INFO] - Smart Wait Function is triggered

03-01-2024T16:27:11 - [MESSAGE][INFO] - Smart Wait Function is triggered

03-01-2024T16:27:11 - [MESSAGE][INFO] - Smart Wait Function is triggered

03-01-2024T16:27:11 - [MESSAGE][INFO] - Smart Wait Function is triggered

03-01-2024T16:27:11 - [MESSAGE][INFO] - Smart Wait Function is triggered

03-01-2024T16:27:11 - [MESSAGE][INFO] - Smart Wait Function is triggered

03-01-2024T16:27:11 - [MESSAGE][INFO] - Smart Wait Function is triggered

03-01-2024T16:27:11 - [MESSAGE][INFO] - Smart Wait Function is triggered

03-01-2024T16:27:11 - [MESSAGE][INFO] - Smart Wait Function is triggered

03-01-2024T16:27:11 - [MESSAGE][INFO] - Smart Wait Function is triggered

03-01-2024T16:27:11 - [MESSAGE][INFO] - Smart Wait Function is triggered

03-01-2024T16:27:11 - [MESSAGE][INFO] - Smart Wait Function is triggered

03-01-2024T16:27:11 - [MESSAGE][INFO] - Smart Wait Function is triggered

03-01-2024T16:27:11 - [MESSAGE][INFO] - Smart Wait Function is triggered

03-01-2024T16:27:11 - [MESSAGE][INFO] - Smart Wait Function is triggered

03-01-2024T16:27:11 - [MESSAGE][INFO] - Smart Wait Function is triggered

03-01-2024T16:27:11 - [MESSAGE][INFO] - Smart Wait Function is triggered

03-01-2024T16:27:11 - [MESSAGE][INFO] - Smart Wait Function is triggered

03-01-2024T16:27:11 - [MESSAGE][INFO] - Smart Wait Function is triggered

03-01-2024T16:27:11 - [MESSAGE][INFO] - Smart Wait Function is triggered

03-01-2024T16:27:11 - [MESSAGE][INFO] - Smart Wait Function is triggered

03-01-2024T16:27:11 - [MESSAGE][INFO] - Smart Wait Function is triggered

03-01-2024T16:27:11 - [MESSAGE][INFO] - Smart Wait Function is triggered

03-01-2024T16:27:11 - [MESSAGE][INFO] - Smart Wait Function is triggered

03-01-2024T16:27:11 - [MESSAGE][INFO] - Smart Wait Function is triggered

03-01-2024T16:27:11 - [MESSAGE][INFO] - Smart Wait Function is triggered

03-01-2024T16:27:11 - [MESSAGE][INFO] - Smart Wait Function is triggered

03-01-2024T16:27:11 - [MESSAGE][INFO] - Smart Wait Function is triggered

03-01-2024T16:27:11 - [MESSAGE][INFO] - Smart Wait Function is triggered

03-01-2024T16:27:11 - [MESSAGE][INFO] - Smart Wait Function is triggered

03-01-2024T16:27:12 - [MESSAGE][INFO] - Smart Wait Function is triggered

03-01-2024T16:27:12 - [MESSAGE][INFO] - Smart Wait Function is triggered

03-01-2024T16:27:12 - [MESSAGE][INFO] - Smart Wait Function is triggered

03-01-2024T16:27:12 - [MESSAGE][INFO] - Smart Wait Function is triggered

03-01-2024T16:27:12 - [MESSAGE][INFO] - Smart Wait Function is triggered

03-01-2024T16:27:12 - [MESSAGE][INFO] - Smart Wait Function is triggered

03-01-2024T16:27:12 - [MESSAGE][INFO] - Smart Wait Function is triggered

03-01-2024T16:27:12 - [MESSAGE][INFO] - Smart Wait Function is triggered

03-01-2024T16:27:12 - [MESSAGE][INFO] - Smart Wait Function is triggered

03-01-2024T16:27:12 - [MESSAGE][INFO] - Smart Wait Function is triggered

03-01-2024T16:27:12 - [MESSAGE][INFO] - Smart Wait Function is triggered

03-01-2024T16:27:12 - [MESSAGE][INFO] - Smart Wait Function is triggered

03-01-2024T16:27:12 - [MESSAGE][INFO] - Smart Wait Function is triggered

03-01-2024T16:27:12 - [MESSAGE][INFO] - Smart Wait Function is triggered

03-01-2024T16:27:12 - [MESSAGE][INFO] - Smart Wait Function is triggered

03-01-2024T16:27:12 - [MESSAGE][INFO] - Smart Wait Function is triggered

03-01-2024T16:27:12 - [MESSAGE][INFO] - Smart Wait Function is triggered

03-01-2024T16:27:12 - [MESSAGE][INFO] - Smart Wait Function is triggered

03-01-2024T16:27:12 - [MESSAGE][INFO] - Smart Wait Function is triggered

03-01-2024T16:27:12 - [MESSAGE][INFO] - Smart Wait Function is triggered

03-01-2024T16:27:12 - [MESSAGE][INFO] - Smart Wait Function is triggered

03-01-2024T16:27:12 - [MESSAGE][INFO] - Smart Wait Function is triggered

03-01-2024T16:27:12 - [MESSAGE][INFO] - Smart Wait Function is triggered

03-01-2024T16:27:12 - [MESSAGE][INFO] - Smart Wait Function is triggered

03-01-2024T16:27:12 - [MESSAGE][INFO] - Smart Wait Function is triggered

03-01-2024T16:27:12 - [MESSAGE][INFO] - Smart Wait Function is triggered

03-01-2024T16:27:12 - [MESSAGE][INFO] - Smart Wait Function is triggered

03-01-2024T16:27:12 - [MESSAGE][INFO] - Smart Wait Function is triggered

03-01-2024T16:27:12 - [MESSAGE][INFO] - Smart Wait Function is triggered

03-01-2024T16:27:12 - [MESSAGE][INFO] - Smart Wait Function is triggered

03-01-2024T16:27:12 - [MESSAGE][INFO] - Smart Wait Function is triggered

03-01-2024T16:27:12 - [MESSAGE][INFO] - Smart Wait Function is triggered

03-01-2024T16:27:12 - [MESSAGE][INFO] - Smart Wait Function is triggered

03-01-2024T16:27:12 - [MESSAGE][INFO] - Smart Wait Function is triggered

03-01-2024T16:27:12 - [MESSAGE][INFO] - Smart Wait Function is triggered

03-01-2024T16:27:12 - [MESSAGE][INFO] - Smart Wait Function is triggered

03-01-2024T16:27:12 - [MESSAGE][INFO] - Smart Wait Function is triggered

03-01-2024T16:27:12 - [MESSAGE][INFO] - Smart Wait Function is triggered

03-01-2024T16:27:12 - [MESSAGE][INFO] - Smart Wait Function is triggered

03-01-2024T16:27:12 - [MESSAGE][INFO] - Smart Wait Function is triggered

03-01-2024T16:27:12 - [MESSAGE][INFO] - Smart Wait Function is triggered

03-01-2024T16:27:12 - [MESSAGE][INFO] - Smart Wait Function is triggered

03-01-2024T16:27:12 - [MESSAGE][INFO] - Smart Wait Function is triggered

03-01-2024T16:27:12 - [MESSAGE][INFO] - Smart Wait Function is triggered

03-01-2024T16:27:12 - [MESSAGE][INFO] - Smart Wait Function is triggered

03-01-2024T16:27:12 - [MESSAGE][INFO] - Smart Wait Function is triggered

03-01-2024T16:27:12 - [MESSAGE][INFO] - Smart Wait Function is triggered

03-01-2024T16:27:12 - [MESSAGE][INFO] - Smart Wait Function is triggered

03-01-2024T16:27:12 - [MESSAGE][INFO] - Smart Wait Function is triggered

03-01-2024T16:27:12 - [MESSAGE][INFO] - Smart Wait Function is triggered

03-01-2024T16:27:13 - [MESSAGE][INFO] - Smart Wait Function is triggered

03-01-2024T16:27:13 - [MESSAGE][INFO] - Smart Wait Function is triggered

03-01-2024T16:27:13 - [MESSAGE][INFO] - Smart Wait Function is triggered

03-01-2024T16:27:13 - [MESSAGE][INFO] - Smart Wait Function is triggered

03-01-2024T16:27:13 - [MESSAGE][INFO] - Smart Wait Function is triggered

03-01-2024T16:27:13 - [MESSAGE][INFO] - Smart Wait Function is triggered

03-01-2024T16:27:13 - [MESSAGE][INFO] - Smart Wait Function is triggered

03-01-2024T16:27:13 - [MESSAGE][INFO] - Smart Wait Function is triggered

03-01-2024T16:27:13 - [MESSAGE][INFO] - Smart Wait Function is triggered

03-01-2024T16:27:13 - [MESSAGE][INFO] - Smart Wait Function is triggered

03-01-2024T16:27:13 - [MESSAGE][INFO] - Smart Wait Function is triggered

03-01-2024T16:27:13 - [MESSAGE][INFO] - Smart Wait Function is triggered

03-01-2024T16:27:13 - [MESSAGE][INFO] - Smart Wait Function is triggered

03-01-2024T16:27:13 - [MESSAGE][INFO] - Smart Wait Function is triggered

03-01-2024T16:27:13 - [MESSAGE][INFO] - Smart Wait Function is triggered

03-01-2024T16:27:13 - [MESSAGE][INFO] - Smart Wait Function is triggered

03-01-2024T16:27:13 - [MESSAGE][INFO] - Smart Wait Function is triggered

03-01-2024T16:27:13 - [MESSAGE][INFO] - Smart Wait Function is triggered

03-01-2024T16:27:13 - [MESSAGE][INFO] - Smart Wait Function is triggered

03-01-2024T16:27:13 - [MESSAGE][INFO] - Smart Wait Function is triggered

03-01-2024T16:27:13 - [MESSAGE][INFO] - Smart Wait Function is triggered

03-01-2024T16:27:13 - [MESSAGE][INFO] - Smart Wait Function is triggered

03-01-2024T16:27:13 - [MESSAGE][INFO] - Smart Wait Function is triggered

03-01-2024T16:27:13 - [MESSAGE][INFO] - Smart Wait Function is triggered

03-01-2024T16:27:13 - [MESSAGE][INFO] - Smart Wait Function is triggered

03-01-2024T16:27:13 - [MESSAGE][INFO] - Smart Wait Function is triggered

03-01-2024T16:27:13 - [MESSAGE][INFO] - Smart Wait Function is triggered

03-01-2024T16:27:13 - [MESSAGE][INFO] - Smart Wait Function is triggered

03-01-2024T16:27:13 - [MESSAGE][INFO] - Smart Wait Function is triggered

03-01-2024T16:27:13 - [MESSAGE][INFO] - Smart Wait Function is triggered

03-01-2024T16:27:13 - [MESSAGE][INFO] - Smart Wait Function is triggered

03-01-2024T16:27:13 - [MESSAGE][INFO] - Smart Wait Function is triggered

03-01-2024T16:27:13 - [MESSAGE][INFO] - Smart Wait Function is triggered

03-01-2024T16:27:13 - [MESSAGE][INFO] - Smart Wait Function is triggered

03-01-2024T16:27:13 - [MESSAGE][INFO] - Smart Wait Function is triggered

03-01-2024T16:27:13 - [MESSAGE][INFO] - Smart Wait Function is triggered

03-01-2024T16:27:13 - [MESSAGE][INFO] - Smart Wait Function is triggered

03-01-2024T16:27:13 - [MESSAGE][INFO] - Smart Wait Function is triggered

03-01-2024T16:27:13 - [MESSAGE][INFO] - Smart Wait Function is triggered

03-01-2024T16:27:13 - [MESSAGE][INFO] - Smart Wait Function is triggered

03-01-2024T16:27:13 - [MESSAGE][INFO] - Smart Wait Function is triggered

03-01-2024T16:27:13 - [MESSAGE][INFO] - Smart Wait Function is triggered

03-01-2024T16:27:13 - [MESSAGE][INFO] - Smart Wait Function is triggered

03-01-2024T16:27:13 - [MESSAGE][INFO] - Smart Wait Function is triggered

03-01-2024T16:27:13 - [MESSAGE][INFO] - Smart Wait Function is triggered

03-01-2024T16:27:13 - [MESSAGE][INFO] - Smart Wait Function is triggered

03-01-2024T16:27:13 - [MESSAGE][INFO] - Smart Wait Function is triggered

03-01-2024T16:27:13 - [MESSAGE][INFO] - Smart Wait Function is triggered

03-01-2024T16:27:13 - [MESSAGE][INFO] - Smart Wait Function is triggered

03-01-2024T16:27:14 - [MESSAGE][INFO] - Smart Wait Function is triggered

03-01-2024T16:27:14 - [MESSAGE][INFO] - Smart Wait Function is triggered

03-01-2024T16:27:14 - [MESSAGE][INFO] - Smart Wait Function is triggered

03-01-2024T16:27:14 - [MESSAGE][INFO] - Smart Wait Function is triggered

03-01-2024T16:27:14 - [MESSAGE][INFO] - Smart Wait Function is triggered

03-01-2024T16:27:14 - [MESSAGE][INFO] - Smart Wait Function is triggered

03-01-2024T16:27:14 - [MESSAGE][INFO] - Smart Wait Function is triggered

03-01-2024T16:27:14 - [MESSAGE][INFO] - Smart Wait Function is triggered

03-01-2024T16:27:14 - [MESSAGE][INFO] - Smart Wait Function is triggered

03-01-2024T16:27:14 - [MESSAGE][INFO] - Smart Wait Function is triggered

03-01-2024T16:27:14 - [MESSAGE][INFO] - Smart Wait Function is triggered

03-01-2024T16:27:14 - [MESSAGE][INFO] - Smart Wait Function is triggered

03-01-2024T16:27:14 - [MESSAGE][INFO] - Smart Wait Function is triggered

03-01-2024T16:27:14 - [MESSAGE][INFO] - Smart Wait Function is triggered

03-01-2024T16:27:14 - [MESSAGE][INFO] - Smart Wait Function is triggered

03-01-2024T16:27:14 - [MESSAGE][INFO] - Smart Wait Function is triggered

03-01-2024T16:27:14 - [MESSAGE][INFO] - Smart Wait Function is triggered

03-01-2024T16:27:14 - [MESSAGE][INFO] - Smart Wait Function is triggered

03-01-2024T16:27:14 - [MESSAGE][INFO] - Smart Wait Function is triggered

03-01-2024T16:27:14 - [MESSAGE][INFO] - Smart Wait Function is triggered

03-01-2024T16:27:14 - [MESSAGE][INFO] - Smart Wait Function is triggered

03-01-2024T16:27:14 - [MESSAGE][INFO] - Smart Wait Function is triggered

03-01-2024T16:27:14 - [MESSAGE][INFO] - Smart Wait Function is triggered

03-01-2024T16:27:14 - [MESSAGE][INFO] - Smart Wait Function is triggered

03-01-2024T16:27:14 - [MESSAGE][INFO] - Smart Wait Function is triggered

03-01-2024T16:27:14 - [MESSAGE][INFO] - Smart Wait Function is triggered

03-01-2024T16:27:14 - [MESSAGE][INFO] - Smart Wait Function is triggered

03-01-2024T16:27:14 - [MESSAGE][INFO] - Smart Wait Function is triggered

03-01-2024T16:27:14 - [MESSAGE][INFO] - Smart Wait Function is triggered

03-01-2024T16:27:14 - [MESSAGE][INFO] - Smart Wait Function is triggered

03-01-2024T16:27:14 - [MESSAGE][INFO] - Smart Wait Function is triggered

03-01-2024T16:27:14 - [MESSAGE][INFO] - Smart Wait Function is triggered

03-01-2024T16:27:14 - [MESSAGE][INFO] - Smart Wait Function is triggered

03-01-2024T16:27:14 - [MESSAGE][INFO] - Smart Wait Function is triggered

03-01-2024T16:27:14 - [MESSAGE][INFO] - Smart Wait Function is triggered

03-01-2024T16:27:14 - [MESSAGE][INFO] - Smart Wait Function is triggered

03-01-2024T16:27:14 - [MESSAGE][INFO] - Smart Wait Function is triggered

03-01-2024T16:27:14 - [MESSAGE][INFO] - Smart Wait Function is triggered

03-01-2024T16:27:14 - [MESSAGE][INFO] - Smart Wait Function is triggered

03-01-2024T16:27:14 - [MESSAGE][INFO] - Smart Wait Function is triggered

03-01-2024T16:27:14 - [MESSAGE][INFO] - Smart Wait Function is triggered

03-01-2024T16:27:14 - [MESSAGE][INFO] - Smart Wait Function is triggered

03-01-2024T16:27:14 - [MESSAGE][INFO] - Smart Wait Function is triggered

03-01-2024T16:27:14 - [MESSAGE][INFO] - Smart Wait Function is triggered

03-01-2024T16:27:14 - [MESSAGE][INFO] - Smart Wait Function is triggered

03-01-2024T16:27:14 - [MESSAGE][INFO] - Smart Wait Function is triggered

03-01-2024T16:27:15 - [MESSAGE][INFO] - Smart Wait Function is triggered

03-01-2024T16:27:15 - [MESSAGE][INFO] - Smart Wait Function is triggered

03-01-2024T16:27:15 - [MESSAGE][INFO] - Smart Wait Function is triggered

03-01-2024T16:27:15 - [MESSAGE][INFO] - Smart Wait Function is triggered

03-01-2024T16:27:15 - [MESSAGE][INFO] - Smart Wait Function is triggered

03-01-2024T16:27:15 - [MESSAGE][INFO] - Smart Wait Function is triggered

03-01-2024T16:27:15 - [MESSAGE][INFO] - Smart Wait Function is triggered

03-01-2024T16:27:15 - [MESSAGE][INFO] - Smart Wait Function is triggered

03-01-2024T16:27:15 - [MESSAGE][INFO] - Smart Wait Function is triggered

03-01-2024T16:27:15 - [MESSAGE][INFO] - Smart Wait Function is triggered

03-01-2024T16:27:15 - [MESSAGE][INFO] - Smart Wait Function is triggered

03-01-2024T16:27:15 - [MESSAGE][INFO] - Smart Wait Function is triggered

03-01-2024T16:27:15 - [MESSAGE][INFO] - Smart Wait Function is triggered

03-01-2024T16:27:15 - [MESSAGE][INFO] - Smart Wait Function is triggered

03-01-2024T16:27:15 - [MESSAGE][INFO] - Smart Wait Function is triggered

03-01-2024T16:27:15 - [MESSAGE][INFO] - Smart Wait Function is triggered

03-01-2024T16:27:15 - [MESSAGE][INFO] - Smart Wait Function is triggered

03-01-2024T16:27:15 - [MESSAGE][INFO] - Smart Wait Function is triggered

03-01-2024T16:27:15 - [MESSAGE][INFO] - Smart Wait Function is triggered

03-01-2024T16:27:15 - [MESSAGE][INFO] - Smart Wait Function is triggered

03-01-2024T16:27:15 - [MESSAGE][INFO] - Smart Wait Function is triggered

03-01-2024T16:27:15 - [MESSAGE][INFO] - Smart Wait Function is triggered

03-01-2024T16:27:15 - [MESSAGE][INFO] - Smart Wait Function is triggered

03-01-2024T16:27:15 - [MESSAGE][INFO] - Smart Wait Function is triggered

03-01-2024T16:27:15 - [MESSAGE][INFO] - Smart Wait Function is triggered

03-01-2024T16:27:15 - [MESSAGE][INFO] - Smart Wait Function is triggered

03-01-2024T16:27:15 - [MESSAGE][INFO] - Smart Wait Function is triggered

03-01-2024T16:27:15 - [MESSAGE][INFO] - Smart Wait Function is triggered

03-01-2024T16:27:15 - [MESSAGE][INFO] - Smart Wait Function is triggered

03-01-2024T16:27:15 - [MESSAGE][INFO] - Smart Wait Function is triggered

03-01-2024T16:27:15 - [MESSAGE][INFO] - Smart Wait Function is triggered

03-01-2024T16:27:15 - [MESSAGE][INFO] - Smart Wait Function is triggered

03-01-2024T16:27:15 - [MESSAGE][INFO] - Smart Wait Function is triggered

03-01-2024T16:27:15 - [MESSAGE][INFO] - Smart Wait Function is triggered

03-01-2024T16:27:15 - [MESSAGE][INFO] - Smart Wait Function is triggered

03-01-2024T16:27:15 - [MESSAGE][INFO] - Smart Wait Function is triggered

03-01-2024T16:27:15 - [MESSAGE][INFO] - Smart Wait Function is triggered

03-01-2024T16:27:15 - [MESSAGE][INFO] - Smart Wait Function is triggered

03-01-2024T16:27:15 - [MESSAGE][INFO] - Smart Wait Function is triggered

03-01-2024T16:27:15 - [MESSAGE][INFO] - Smart Wait Function is triggered

03-01-2024T16:27:15 - [MESSAGE][INFO] - Smart Wait Function is triggered

03-01-2024T16:27:15 - [MESSAGE][INFO] - Smart Wait Function is triggered

03-01-2024T16:27:15 - [MESSAGE][INFO] - Smart Wait Function is triggered

03-01-2024T16:27:15 - [MESSAGE][INFO] - Smart Wait Function is triggered

03-01-2024T16:27:16 - [MESSAGE][INFO] - Smart Wait Function is triggered

03-01-2024T16:27:16 - [MESSAGE][INFO] - Smart Wait Function is triggered

03-01-2024T16:27:16 - [MESSAGE][INFO] - Smart Wait Function is triggered

03-01-2024T16:27:16 - [MESSAGE][INFO] - Smart Wait Function is triggered

03-01-2024T16:27:16 - [MESSAGE][INFO] - Smart Wait Function is triggered

03-01-2024T16:27:16 - [MESSAGE][INFO] - Smart Wait Function is triggered

03-01-2024T16:27:16 - [MESSAGE][INFO] - Smart Wait Function is triggered

03-01-2024T16:27:16 - [MESSAGE][INFO] - Smart Wait Function is triggered

03-01-2024T16:27:16 - [MESSAGE][INFO] - Smart Wait Function is triggered

03-01-2024T16:27:16 - [MESSAGE][INFO] - Smart Wait Function is triggered

03-01-2024T16:27:16 - [MESSAGE][INFO] - Smart Wait Function is triggered

03-01-2024T16:27:16 - [MESSAGE][INFO] - Smart Wait Function is triggered

03-01-2024T16:27:16 - [MESSAGE][INFO] - Smart Wait Function is triggered

03-01-2024T16:27:16 - [MESSAGE][INFO] - Smart Wait Function is triggered

03-01-2024T16:27:16 - [MESSAGE][INFO] - Smart Wait Function is triggered

03-01-2024T16:27:16 - [MESSAGE][INFO] - Smart Wait Function is triggered

03-01-2024T16:27:16 - [MESSAGE][INFO] - Smart Wait Function is triggered

03-01-2024T16:27:16 - [MESSAGE][INFO] - Smart Wait Function is triggered

03-01-2024T16:27:16 - [MESSAGE][INFO] - Smart Wait Function is triggered

03-01-2024T16:27:16 - [MESSAGE][INFO] - Smart Wait Function is triggered

03-01-2024T16:27:16 - [MESSAGE][INFO] - Smart Wait Function is triggered

03-01-2024T16:27:16 - [MESSAGE][INFO] - Smart Wait Function is triggered

03-01-2024T16:27:16 - [MESSAGE][INFO] - Smart Wait Function is triggered

03-01-2024T16:27:16 - [MESSAGE][INFO] - Smart Wait Function is triggered

03-01-2024T16:27:16 - [MESSAGE][INFO] - Smart Wait Function is triggered

03-01-2024T16:27:16 - [MESSAGE][INFO] - Smart Wait Function is triggered

03-01-2024T16:27:16 - [MESSAGE][INFO] - Smart Wait Function is triggered

03-01-2024T16:27:16 - [MESSAGE][INFO] - Smart Wait Function is triggered

03-01-2024T16:27:16 - [MESSAGE][INFO] - Smart Wait Function is triggered

03-01-2024T16:27:16 - [MESSAGE][INFO] - Smart Wait Function is triggered

03-01-2024T16:27:16 - [MESSAGE][INFO] - Smart Wait Function is triggered

03-01-2024T16:27:16 - [MESSAGE][INFO] - Smart Wait Function is triggered

03-01-2024T16:27:16 - [MESSAGE][INFO] - Smart Wait Function is triggered

03-01-2024T16:27:16 - [MESSAGE][INFO] - Smart Wait Function is triggered

03-01-2024T16:27:16 - [MESSAGE][INFO] - Smart Wait Function is triggered

03-01-2024T16:27:16 - [MESSAGE][INFO] - Smart Wait Function is triggered

03-01-2024T16:27:16 - [MESSAGE][INFO] - Smart Wait Function is triggered

03-01-2024T16:27:16 - [MESSAGE][INFO] - Smart Wait Function is triggered

03-01-2024T16:27:16 - [MESSAGE][INFO] - Smart Wait Function is triggered

03-01-2024T16:27:16 - [MESSAGE][INFO] - Smart Wait Function is triggered

03-01-2024T16:27:16 - [MESSAGE][INFO] - Smart Wait Function is triggered

03-01-2024T16:27:16 - [MESSAGE][INFO] - Smart Wait Function is triggered

03-01-2024T16:27:16 - [MESSAGE][INFO] - Smart Wait Function is triggered

03-01-2024T16:27:16 - [MESSAGE][INFO] - Smart Wait Function is triggered

03-01-2024T16:27:16 - [MESSAGE][INFO] - Smart Wait Function is triggered

03-01-2024T16:27:16 - [MESSAGE][INFO] - Smart Wait Function is triggered

03-01-2024T16:27:16 - [MESSAGE][INFO] - Smart Wait Function is triggered

03-01-2024T16:27:16 - [MESSAGE][INFO] - Smart Wait Function is triggered

03-01-2024T16:27:16 - [MESSAGE][INFO] - Smart Wait Function is triggered

03-01-2024T16:27:16 - [MESSAGE][INFO] - Smart Wait Function is triggered

03-01-2024T16:27:17 - [MESSAGE][INFO] - Smart Wait Function is triggered

03-01-2024T16:27:17 - [MESSAGE][INFO] - Smart Wait Function is triggered

03-01-2024T16:27:17 - [MESSAGE][INFO] - Smart Wait Function is triggered

03-01-2024T16:27:17 - [MESSAGE][INFO] - Smart Wait Function is triggered

03-01-2024T16:27:17 - [MESSAGE][INFO] - Smart Wait Function is triggered

03-01-2024T16:27:17 - [MESSAGE][INFO] - Smart Wait Function is triggered

03-01-2024T16:27:17 - [MESSAGE][INFO] - Smart Wait Function is triggered

03-01-2024T16:27:17 - [MESSAGE][INFO] - Smart Wait Function is triggered

03-01-2024T16:27:17 - [MESSAGE][INFO] - Smart Wait Function is triggered

03-01-2024T16:27:17 - [MESSAGE][INFO] - Smart Wait Function is triggered

03-01-2024T16:27:17 - [MESSAGE][INFO] - Smart Wait Function is triggered

03-01-2024T16:27:17 - [MESSAGE][INFO] - Smart Wait Function is triggered

03-01-2024T16:27:17 - [MESSAGE][INFO] - Smart Wait Function is triggered

03-01-2024T16:27:17 - [MESSAGE][INFO] - Smart Wait Function is triggered

03-01-2024T16:27:17 - [MESSAGE][INFO] - Smart Wait Function is triggered

03-01-2024T16:27:17 - [MESSAGE][INFO] - Smart Wait Function is triggered

03-01-2024T16:27:17 - [MESSAGE][INFO] - Smart Wait Function is triggered

03-01-2024T16:27:17 - [MESSAGE][INFO] - Smart Wait Function is triggered

03-01-2024T16:27:17 - [MESSAGE][INFO] - Smart Wait Function is triggered

03-01-2024T16:27:17 - [MESSAGE][INFO] - Smart Wait Function is triggered

03-01-2024T16:27:17 - [MESSAGE][INFO] - Smart Wait Function is triggered

03-01-2024T16:27:17 - [MESSAGE][INFO] - Smart Wait Function is triggered

03-01-2024T16:27:17 - [MESSAGE][INFO] - Smart Wait Function is triggered

03-01-2024T16:27:17 - [MESSAGE][INFO] - Smart Wait Function is triggered

03-01-2024T16:27:17 - [MESSAGE][INFO] - Smart Wait Function is triggered

03-01-2024T16:27:17 - [MESSAGE][INFO] - Smart Wait Function is triggered

03-01-2024T16:27:17 - [MESSAGE][INFO] - Smart Wait Function is triggered

03-01-2024T16:27:17 - [MESSAGE][INFO] - Smart Wait Function is triggered

03-01-2024T16:27:17 - [MESSAGE][INFO] - Smart Wait Function is triggered

03-01-2024T16:27:17 - [MESSAGE][INFO] - Smart Wait Function is triggered

03-01-2024T16:27:17 - [MESSAGE][INFO] - Smart Wait Function is triggered

03-01-2024T16:27:17 - [MESSAGE][INFO] - Smart Wait Function is triggered

03-01-2024T16:27:17 - [MESSAGE][INFO] - Smart Wait Function is triggered

03-01-2024T16:27:17 - [MESSAGE][INFO] - Smart Wait Function is triggered

03-01-2024T16:27:17 - [MESSAGE][INFO] - Smart Wait Function is triggered

03-01-2024T16:27:17 - [MESSAGE][INFO] - Smart Wait Function is triggered

03-01-2024T16:27:17 - [MESSAGE][INFO] - Smart Wait Function is triggered

03-01-2024T16:27:17 - [MESSAGE][INFO] - Smart Wait Function is triggered

03-01-2024T16:27:17 - [MESSAGE][INFO] - Smart Wait Function is triggered

03-01-2024T16:27:17 - [MESSAGE][INFO] - Smart Wait Function is triggered

03-01-2024T16:27:17 - [MESSAGE][INFO] - Smart Wait Function is triggered

03-01-2024T16:27:17 - [MESSAGE][INFO] - Smart Wait Function is triggered

03-01-2024T16:27:17 - [MESSAGE][INFO] - Smart Wait Function is triggered

03-01-2024T16:27:17 - [MESSAGE][INFO] - Smart Wait Function is triggered

03-01-2024T16:27:17 - [MESSAGE][INFO] - Smart Wait Function is triggered

03-01-2024T16:27:17 - [MESSAGE][INFO] - Smart Wait Function is triggered

03-01-2024T16:27:17 - [MESSAGE][INFO] - Smart Wait Function is triggered

03-01-2024T16:27:17 - [MESSAGE][INFO] - Smart Wait Function is triggered

03-01-2024T16:27:17 - [MESSAGE][INFO] - Smart Wait Function is triggered

03-01-2024T16:27:17 - [MESSAGE][INFO] - Smart Wait Function is triggered

03-01-2024T16:27:18 - [MESSAGE][INFO] - Smart Wait Function is triggered

03-01-2024T16:27:18 - [MESSAGE][INFO] - Smart Wait Function is triggered

03-01-2024T16:27:18 - [MESSAGE][INFO] - Smart Wait Function is triggered

03-01-2024T16:27:18 - [MESSAGE][INFO] - Smart Wait Function is triggered

03-01-2024T16:27:18 - [MESSAGE][INFO] - Smart Wait Function is triggered

03-01-2024T16:27:18 - [MESSAGE][INFO] - Smart Wait Function is triggered

03-01-2024T16:27:18 - [MESSAGE][INFO] - Smart Wait Function is triggered

03-01-2024T16:27:18 - [MESSAGE][INFO] - Smart Wait Function is triggered

03-01-2024T16:27:18 - [MESSAGE][INFO] - Smart Wait Function is triggered

03-01-2024T16:27:18 - [MESSAGE][INFO] - Smart Wait Function is triggered

03-01-2024T16:27:18 - [MESSAGE][INFO] - Smart Wait Function is triggered

03-01-2024T16:27:18 - [MESSAGE][INFO] - Smart Wait Function is triggered

03-01-2024T16:27:18 - [MESSAGE][INFO] - Smart Wait Function is triggered

03-01-2024T16:27:18 - [MESSAGE][INFO] - Smart Wait Function is triggered

03-01-2024T16:27:18 - [MESSAGE][INFO] - Smart Wait Function is triggered

03-01-2024T16:27:18 - [MESSAGE][INFO] - Smart Wait Function is triggered

03-01-2024T16:27:18 - [MESSAGE][INFO] - Smart Wait Function is triggered

03-01-2024T16:27:18 - [MESSAGE][INFO] - Smart Wait Function is triggered

03-01-2024T16:27:18 - [MESSAGE][INFO] - Smart Wait Function is triggered

03-01-2024T16:27:18 - [MESSAGE][INFO] - Smart Wait Function is triggered

03-01-2024T16:27:18 - [MESSAGE][INFO] - Smart Wait Function is triggered

03-01-2024T16:27:18 - [MESSAGE][INFO] - Smart Wait Function is triggered

03-01-2024T16:27:18 - [MESSAGE][INFO] - Smart Wait Function is triggered

03-01-2024T16:27:18 - [MESSAGE][INFO] - Smart Wait Function is triggered

03-01-2024T16:27:18 - [MESSAGE][INFO] - Smart Wait Function is triggered

03-01-2024T16:27:18 - [MESSAGE][INFO] - Smart Wait Function is triggered

03-01-2024T16:27:18 - [MESSAGE][INFO] - Smart Wait Function is triggered

03-01-2024T16:27:18 - [MESSAGE][INFO] - Smart Wait Function is triggered

03-01-2024T16:27:18 - [MESSAGE][INFO] - Smart Wait Function is triggered

03-01-2024T16:27:18 - [MESSAGE][INFO] - Smart Wait Function is triggered

03-01-2024T16:27:18 - [MESSAGE][INFO] - Smart Wait Function is triggered

03-01-2024T16:27:18 - [MESSAGE][INFO] - Smart Wait Function is triggered

03-01-2024T16:27:18 - [MESSAGE][INFO] - Smart Wait Function is triggered

03-01-2024T16:27:18 - [MESSAGE][INFO] - Smart Wait Function is triggered

03-01-2024T16:27:18 - [MESSAGE][INFO] - Smart Wait Function is triggered

03-01-2024T16:27:18 - [MESSAGE][INFO] - Smart Wait Function is triggered

03-01-2024T16:27:18 - [MESSAGE][INFO] - Smart Wait Function is triggered

03-01-2024T16:27:18 - [MESSAGE][INFO] - Smart Wait Function is triggered

03-01-2024T16:27:18 - [MESSAGE][INFO] - Smart Wait Function is triggered

03-01-2024T16:27:18 - [MESSAGE][INFO] - Smart Wait Function is triggered

03-01-2024T16:27:18 - [MESSAGE][INFO] - Smart Wait Function is triggered

03-01-2024T16:27:18 - [MESSAGE][INFO] - Smart Wait Function is triggered

03-01-2024T16:27:18 - [MESSAGE][INFO] - Smart Wait Function is triggered

03-01-2024T16:27:18 - [MESSAGE][INFO] - Smart Wait Function is triggered

03-01-2024T16:27:18 - [MESSAGE][INFO] - Smart Wait Function is triggered

03-01-2024T16:27:18 - [MESSAGE][INFO] - Smart Wait Function is triggered

03-01-2024T16:27:18 - [MESSAGE][INFO] - Smart Wait Function is triggered

03-01-2024T16:27:19 - [MESSAGE][INFO] - Smart Wait Function is triggered

03-01-2024T16:27:19 - [MESSAGE][INFO] - Smart Wait Function is triggered

03-01-2024T16:27:19 - [MESSAGE][INFO] - Smart Wait Function is triggered

03-01-2024T16:27:19 - [MESSAGE][INFO] - Smart Wait Function is triggered

03-01-2024T16:27:19 - [MESSAGE][INFO] - Smart Wait Function is triggered

03-01-2024T16:27:19 - [MESSAGE][INFO] - Smart Wait Function is triggered

03-01-2024T16:27:19 - [MESSAGE][INFO] - Smart Wait Function is triggered

03-01-2024T16:27:19 - [MESSAGE][INFO] - Smart Wait Function is triggered

03-01-2024T16:27:19 - [MESSAGE][INFO] - Smart Wait Function is triggered

03-01-2024T16:27:19 - [MESSAGE][INFO] - Smart Wait Function is triggered

03-01-2024T16:27:19 - [MESSAGE][INFO] - Smart Wait Function is triggered

03-01-2024T16:27:19 - [MESSAGE][INFO] - Smart Wait Function is triggered

03-01-2024T16:27:19 - [MESSAGE][INFO] - Smart Wait Function is triggered

03-01-2024T16:27:19 - [MESSAGE][INFO] - Smart Wait Function is triggered

03-01-2024T16:27:19 - [MESSAGE][INFO] - Smart Wait Function is triggered

03-01-2024T16:27:19 - [MESSAGE][INFO] - Smart Wait Function is triggered

03-01-2024T16:27:19 - [MESSAGE][INFO] - Smart Wait Function is triggered

03-01-2024T16:27:19 - [MESSAGE][INFO] - Smart Wait Function is triggered

03-01-2024T16:27:19 - [MESSAGE][INFO] - Smart Wait Function is triggered

03-01-2024T16:27:19 - [MESSAGE][INFO] - Smart Wait Function is triggered

03-01-2024T16:27:19 - [MESSAGE][INFO] - Smart Wait Function is triggered

03-01-2024T16:27:19 - [MESSAGE][INFO] - Smart Wait Function is triggered

03-01-2024T16:27:19 - [MESSAGE][INFO] - Smart Wait Function is triggered

03-01-2024T16:27:19 - [MESSAGE][INFO] - Smart Wait Function is triggered

03-01-2024T16:27:19 - [MESSAGE][INFO] - Smart Wait Function is triggered

03-01-2024T16:27:19 - [MESSAGE][INFO] - Smart Wait Function is triggered

03-01-2024T16:27:19 - [MESSAGE][INFO] - Smart Wait Function is triggered

03-01-2024T16:27:19 - [MESSAGE][INFO] - Smart Wait Function is triggered

03-01-2024T16:27:19 - [MESSAGE][INFO] - Smart Wait Function is triggered

03-01-2024T16:27:19 - [MESSAGE][INFO] - Smart Wait Function is triggered

03-01-2024T16:27:19 - [MESSAGE][INFO] - Smart Wait Function is triggered

03-01-2024T16:27:19 - [MESSAGE][INFO] - Smart Wait Function is triggered

03-01-2024T16:27:19 - [MESSAGE][INFO] - Smart Wait Function is triggered

03-01-2024T16:27:19 - [MESSAGE][INFO] - Smart Wait Function is triggered

03-01-2024T16:27:19 - [MESSAGE][INFO] - Smart Wait Function is triggered

03-01-2024T16:27:19 - [MESSAGE][INFO] - Smart Wait Function is triggered

03-01-2024T16:27:19 - [MESSAGE][INFO] - Smart Wait Function is triggered

03-01-2024T16:27:19 - [MESSAGE][INFO] - Smart Wait Function is triggered

03-01-2024T16:27:19 - [MESSAGE][INFO] - Smart Wait Function is triggered

03-01-2024T16:27:19 - [MESSAGE][INFO] - Smart Wait Function is triggered

03-01-2024T16:27:19 - [MESSAGE][INFO] - Smart Wait Function is triggered

03-01-2024T16:27:19 - [MESSAGE][INFO] - Smart Wait Function is triggered

03-01-2024T16:27:19 - [MESSAGE][INFO] - Smart Wait Function is triggered

03-01-2024T16:27:19 - [MESSAGE][INFO] - Smart Wait Function is triggered

03-01-2024T16:27:19 - [MESSAGE][INFO] - Smart Wait Function is triggered

03-01-2024T16:27:19 - [MESSAGE][INFO] - Smart Wait Function is triggered

03-01-2024T16:27:19 - [MESSAGE][INFO] - Smart Wait Function is triggered

03-01-2024T16:27:19 - [MESSAGE][INFO] - Smart Wait Function is triggered

03-01-2024T16:27:19 - [MESSAGE][INFO] - Smart Wait Function is triggered

03-01-2024T16:27:20 - [MESSAGE][INFO] - Smart Wait Function is triggered

03-01-2024T16:27:20 - [MESSAGE][INFO] - Smart Wait Function is triggered

03-01-2024T16:27:20 - [MESSAGE][INFO] - Smart Wait Function is triggered

03-01-2024T16:27:20 - [MESSAGE][INFO] - Smart Wait Function is triggered

03-01-2024T16:27:20 - [MESSAGE][INFO] - Smart Wait Function is triggered

03-01-2024T16:27:20 - [MESSAGE][INFO] - Smart Wait Function is triggered

03-01-2024T16:27:20 - [MESSAGE][INFO] - Smart Wait Function is triggered

03-01-2024T16:27:20 - [MESSAGE][INFO] - Smart Wait Function is triggered

03-01-2024T16:27:20 - [MESSAGE][INFO] - Smart Wait Function is triggered

03-01-2024T16:27:20 - [MESSAGE][INFO] - Smart Wait Function is triggered

03-01-2024T16:27:20 - [MESSAGE][INFO] - Smart Wait Function is triggered

03-01-2024T16:27:20 - [MESSAGE][INFO] - Smart Wait Function is triggered

03-01-2024T16:27:20 - [MESSAGE][INFO] - Smart Wait Function is triggered

03-01-2024T16:27:20 - [MESSAGE][INFO] - Smart Wait Function is triggered

03-01-2024T16:27:20 - [MESSAGE][INFO] - Smart Wait Function is triggered

03-01-2024T16:27:20 - [MESSAGE][INFO] - Smart Wait Function is triggered

03-01-2024T16:27:20 - [MESSAGE][INFO] - Smart Wait Function is triggered

03-01-2024T16:27:20 - [MESSAGE][INFO] - Smart Wait Function is triggered

03-01-2024T16:27:20 - [MESSAGE][INFO] - Smart Wait Function is triggered

03-01-2024T16:27:20 - [MESSAGE][INFO] - Smart Wait Function is triggered

03-01-2024T16:27:20 - [MESSAGE][INFO] - Smart Wait Function is triggered

03-01-2024T16:27:20 - [MESSAGE][INFO] - Smart Wait Function is triggered

03-01-2024T16:27:20 - [MESSAGE][INFO] - Smart Wait Function is triggered

03-01-2024T16:27:20 - [MESSAGE][INFO] - Smart Wait Function is triggered

03-01-2024T16:27:20 - [MESSAGE][INFO] - Smart Wait Function is triggered

03-01-2024T16:27:20 - [MESSAGE][INFO] - Smart Wait Function is triggered

03-01-2024T16:27:20 - [MESSAGE][INFO] - Smart Wait Function is triggered

03-01-2024T16:27:20 - [MESSAGE][INFO] - Smart Wait Function is triggered

03-01-2024T16:27:20 - [MESSAGE][INFO] - Smart Wait Function is triggered

03-01-2024T16:27:20 - [MESSAGE][INFO] - Smart Wait Function is triggered

03-01-2024T16:27:20 - [MESSAGE][INFO] - Smart Wait Function is triggered

03-01-2024T16:27:20 - [MESSAGE][INFO] - Smart Wait Function is triggered

03-01-2024T16:27:20 - [MESSAGE][INFO] - Smart Wait Function is triggered

03-01-2024T16:27:20 - [MESSAGE][INFO] - Smart Wait Function is triggered

03-01-2024T16:27:20 - [MESSAGE][INFO] - Smart Wait Function is triggered

03-01-2024T16:27:20 - [MESSAGE][INFO] - Smart Wait Function is triggered

03-01-2024T16:27:20 - [MESSAGE][INFO] - Smart Wait Function is triggered

03-01-2024T16:27:20 - [MESSAGE][INFO] - Smart Wait Function is triggered

03-01-2024T16:27:20 - [MESSAGE][INFO] - Smart Wait Function is triggered

03-01-2024T16:27:20 - [MESSAGE][INFO] - Smart Wait Function is triggered

03-01-2024T16:27:20 - [MESSAGE][INFO] - Smart Wait Function is triggered

03-01-2024T16:27:20 - [MESSAGE][INFO] - Smart Wait Function is triggered

03-01-2024T16:27:20 - [MESSAGE][INFO] - Smart Wait Function is triggered

03-01-2024T16:27:20 - [MESSAGE][INFO] - Smart Wait Function is triggered

03-01-2024T16:27:20 - [MESSAGE][INFO] - Smart Wait Function is triggered

03-01-2024T16:27:20 - [MESSAGE][INFO] - Smart Wait Function is triggered

03-01-2024T16:27:20 - [MESSAGE][INFO] - Smart Wait Function is triggered

03-01-2024T16:27:21 - [MESSAGE][INFO] - Smart Wait Function is triggered

03-01-2024T16:27:21 - [MESSAGE][INFO] - Smart Wait Function is triggered

03-01-2024T16:27:21 - [MESSAGE][INFO] - Smart Wait Function is triggered

03-01-2024T16:27:21 - [MESSAGE][INFO] - Smart Wait Function is triggered

03-01-2024T16:27:21 - [MESSAGE][INFO] - Smart Wait Function is triggered

03-01-2024T16:27:21 - [MESSAGE][INFO] - Smart Wait Function is triggered

03-01-2024T16:27:21 - [MESSAGE][INFO] - Smart Wait Function is triggered

03-01-2024T16:27:21 - [MESSAGE][INFO] - Smart Wait Function is triggered

03-01-2024T16:27:21 - [MESSAGE][INFO] - Smart Wait Function is triggered

03-01-2024T16:27:21 - [MESSAGE][INFO] - Smart Wait Function is triggered

03-01-2024T16:27:21 - [MESSAGE][INFO] - Smart Wait Function is triggered

03-01-2024T16:27:21 - [MESSAGE][INFO] - Smart Wait Function is triggered

03-01-2024T16:27:21 - [MESSAGE][INFO] - Smart Wait Function is triggered

03-01-2024T16:27:21 - [MESSAGE][INFO] - Smart Wait Function is triggered

03-01-2024T16:27:21 - [MESSAGE][INFO] - Smart Wait Function is triggered

03-01-2024T16:27:21 - [MESSAGE][INFO] - Smart Wait Function is triggered

03-01-2024T16:27:21 - [MESSAGE][INFO] - Smart Wait Function is triggered

03-01-2024T16:27:21 - [MESSAGE][INFO] - Smart Wait Function is triggered

03-01-2024T16:27:21 - [MESSAGE][INFO] - Smart Wait Function is triggered

03-01-2024T16:27:21 - [MESSAGE][INFO] - Smart Wait Function is triggered

03-01-2024T16:27:21 - [MESSAGE][INFO] - Smart Wait Function is triggered

03-01-2024T16:27:21 - [MESSAGE][INFO] - Smart Wait Function is triggered

03-01-2024T16:27:21 - [MESSAGE][INFO] - Smart Wait Function is triggered

03-01-2024T16:27:21 - [MESSAGE][INFO] - Smart Wait Function is triggered

03-01-2024T16:27:21 - [MESSAGE][INFO] - Smart Wait Function is triggered

03-01-2024T16:27:21 - [MESSAGE][INFO] - Smart Wait Function is triggered

03-01-2024T16:27:21 - [MESSAGE][INFO] - Smart Wait Function is triggered

03-01-2024T16:27:21 - [MESSAGE][INFO] - Smart Wait Function is triggered

03-01-2024T16:27:21 - [MESSAGE][INFO] - Smart Wait Function is triggered

03-01-2024T16:27:21 - [MESSAGE][INFO] - Smart Wait Function is triggered

03-01-2024T16:27:21 - [MESSAGE][INFO] - Smart Wait Function is triggered

03-01-2024T16:27:21 - [MESSAGE][INFO] - Smart Wait Function is triggered

03-01-2024T16:27:21 - [MESSAGE][INFO] - Smart Wait Function is triggered

03-01-2024T16:27:21 - [MESSAGE][INFO] - Smart Wait Function is triggered

03-01-2024T16:27:21 - [MESSAGE][INFO] - Smart Wait Function is triggered

03-01-2024T16:27:21 - [MESSAGE][INFO] - Smart Wait Function is triggered

03-01-2024T16:27:21 - [MESSAGE][INFO] - Smart Wait Function is triggered

03-01-2024T16:27:21 - [MESSAGE][INFO] - Smart Wait Function is triggered

03-01-2024T16:27:21 - [MESSAGE][INFO] - Smart Wait Function is triggered

03-01-2024T16:27:21 - [MESSAGE][INFO] - Smart Wait Function is triggered

03-01-2024T16:27:21 - [MESSAGE][INFO] - Smart Wait Function is triggered

03-01-2024T16:27:21 - [MESSAGE][INFO] - Smart Wait Function is triggered

03-01-2024T16:27:21 - [MESSAGE][INFO] - Smart Wait Function is triggered

03-01-2024T16:27:21 - [MESSAGE][INFO] - Smart Wait Function is triggered

03-01-2024T16:27:21 - [MESSAGE][INFO] - Smart Wait Function is triggered

03-01-2024T16:27:21 - [MESSAGE][INFO] - Smart Wait Function is triggered

03-01-2024T16:27:21 - [MESSAGE][INFO] - Smart Wait Function is triggered

03-01-2024T16:27:21 - [MESSAGE][INFO] - Smart Wait Function is triggered

03-01-2024T16:27:21 - [MESSAGE][INFO] - Smart Wait Function is triggered

03-01-2024T16:27:21 - [MESSAGE][INFO] - Smart Wait Function is triggered

03-01-2024T16:27:22 - [MESSAGE][INFO] - Smart Wait Function is triggered

03-01-2024T16:27:22 - [MESSAGE][INFO] - Smart Wait Function is triggered

03-01-2024T16:27:22 - [MESSAGE][INFO] - Smart Wait Function is triggered

03-01-2024T16:27:22 - [MESSAGE][INFO] - Smart Wait Function is triggered

03-01-2024T16:27:22 - [MESSAGE][INFO] - Smart Wait Function is triggered

03-01-2024T16:27:22 - [MESSAGE][INFO] - Smart Wait Function is triggered

03-01-2024T16:27:22 - [MESSAGE][INFO] - Smart Wait Function is triggered

03-01-2024T16:27:22 - [MESSAGE][INFO] - Smart Wait Function is triggered

03-01-2024T16:27:22 - [MESSAGE][INFO] - Smart Wait Function is triggered

03-01-2024T16:27:22 - [MESSAGE][INFO] - Smart Wait Function is triggered

03-01-2024T16:27:22 - [MESSAGE][INFO] - Smart Wait Function is triggered

03-01-2024T16:27:22 - [MESSAGE][INFO] - Smart Wait Function is triggered

03-01-2024T16:27:22 - [MESSAGE][INFO] - Smart Wait Function is triggered

03-01-2024T16:27:22 - [MESSAGE][INFO] - Smart Wait Function is triggered

03-01-2024T16:27:22 - [MESSAGE][INFO] - Smart Wait Function is triggered

03-01-2024T16:27:22 - [MESSAGE][INFO] - Smart Wait Function is triggered

03-01-2024T16:27:22 - [MESSAGE][INFO] - Smart Wait Function is triggered

03-01-2024T16:27:22 - [MESSAGE][INFO] - Smart Wait Function is triggered

03-01-2024T16:27:22 - [MESSAGE][INFO] - Smart Wait Function is triggered

03-01-2024T16:27:22 - [MESSAGE][INFO] - Smart Wait Function is triggered

03-01-2024T16:27:22 - [MESSAGE][INFO] - Smart Wait Function is triggered

03-01-2024T16:27:22 - [MESSAGE][INFO] - Smart Wait Function is triggered

03-01-2024T16:27:22 - [MESSAGE][INFO] - Smart Wait Function is triggered

03-01-2024T16:27:22 - [MESSAGE][INFO] - Smart Wait Function is triggered

03-01-2024T16:27:22 - [MESSAGE][INFO] - Smart Wait Function is triggered

03-01-2024T16:27:22 - [MESSAGE][INFO] - Smart Wait Function is triggered

03-01-2024T16:27:22 - [MESSAGE][INFO] - Smart Wait Function is triggered

03-01-2024T16:27:22 - [MESSAGE][INFO] - Smart Wait Function is triggered

03-01-2024T16:27:22 - [MESSAGE][INFO] - Smart Wait Function is triggered

03-01-2024T16:27:22 - [MESSAGE][INFO] - Smart Wait Function is triggered

03-01-2024T16:27:22 - [MESSAGE][INFO] - Smart Wait Function is triggered

03-01-2024T16:27:22 - [MESSAGE][INFO] - Smart Wait Function is triggered

03-01-2024T16:27:22 - [MESSAGE][INFO] - Smart Wait Function is triggered

03-01-2024T16:27:23 - [MESSAGE][INFO] - Smart Wait Function is triggered

03-01-2024T16:27:23 - [MESSAGE][INFO] - Smart Wait Function is triggered

03-01-2024T16:27:23 - [MESSAGE][INFO] - Smart Wait Function is triggered

03-01-2024T16:27:23 - [MESSAGE][INFO] - Smart Wait Function is triggered

03-01-2024T16:27:23 - [MESSAGE][INFO] - Smart Wait Function is triggered

03-01-2024T16:27:23 - [MESSAGE][INFO] - Smart Wait Function is triggered

03-01-2024T16:27:23 - [MESSAGE][INFO] - Smart Wait Function is triggered

03-01-2024T16:27:23 - [MESSAGE][INFO] - Smart Wait Function is triggered

03-01-2024T16:27:23 - [MESSAGE][INFO] - Smart Wait Function is triggered

03-01-2024T16:27:23 - [MESSAGE][INFO] - Smart Wait Function is triggered

03-01-2024T16:27:23 - [MESSAGE][INFO] - Smart Wait Function is triggered

03-01-2024T16:27:23 - [MESSAGE][INFO] - Smart Wait Function is triggered

03-01-2024T16:27:23 - [MESSAGE][INFO] - Smart Wait Function is triggered

03-01-2024T16:27:23 - [MESSAGE][INFO] - Smart Wait Function is triggered

03-01-2024T16:27:23 - [MESSAGE][INFO] - Smart Wait Function is triggered

03-01-2024T16:27:23 - [MESSAGE][INFO] - Smart Wait Function is triggered

03-01-2024T16:27:23 - [MESSAGE][INFO] - Smart Wait Function is triggered

03-01-2024T16:27:23 - [MESSAGE][INFO] - Smart Wait Function is triggered

03-01-2024T16:27:23 - [MESSAGE][INFO] - Smart Wait Function is triggered

03-01-2024T16:27:23 - [MESSAGE][INFO] - Smart Wait Function is triggered

03-01-2024T16:27:23 - [MESSAGE][INFO] - Smart Wait Function is triggered

03-01-2024T16:27:23 - [MESSAGE][INFO] - Smart Wait Function is triggered

03-01-2024T16:27:23 - [MESSAGE][INFO] - Smart Wait Function is triggered

03-01-2024T16:27:23 - [MESSAGE][INFO] - Smart Wait Function is triggered

03-01-2024T16:27:23 - [MESSAGE][INFO] - Smart Wait Function is triggered

03-01-2024T16:27:23 - [MESSAGE][INFO] - Smart Wait Function is triggered

03-01-2024T16:27:23 - [MESSAGE][INFO] - Smart Wait Function is triggered

03-01-2024T16:27:23 - [MESSAGE][INFO] - Smart Wait Function is triggered

03-01-2024T16:27:23 - [MESSAGE][INFO] - Smart Wait Function is triggered

03-01-2024T16:27:23 - [MESSAGE][INFO] - Smart Wait Function is triggered

03-01-2024T16:27:23 - [MESSAGE][INFO] - Smart Wait Function is triggered

03-01-2024T16:27:23 - [MESSAGE][INFO] - Smart Wait Function is triggered

03-01-2024T16:27:23 - [MESSAGE][INFO] - Smart Wait Function is triggered

03-01-2024T16:27:23 - [MESSAGE][INFO] - Smart Wait Function is triggered

03-01-2024T16:27:23 - [MESSAGE][INFO] - Smart Wait Function is triggered

03-01-2024T16:27:23 - [MESSAGE][INFO] - Smart Wait Function is triggered

03-01-2024T16:27:23 - [MESSAGE][INFO] - Smart Wait Function is triggered

03-01-2024T16:27:23 - [MESSAGE][INFO] - Smart Wait Function is triggered

03-01-2024T16:27:24 - [MESSAGE][INFO] - Smart Wait Function is triggered

03-01-2024T16:27:24 - [MESSAGE][INFO] - Smart Wait Function is triggered

03-01-2024T16:27:24 - [MESSAGE][INFO] - Smart Wait Function is triggered

03-01-2024T16:27:24 - [MESSAGE][INFO] - Smart Wait Function is triggered

03-01-2024T16:27:24 - [MESSAGE][INFO] - Smart Wait Function is triggered

03-01-2024T16:27:24 - [MESSAGE][INFO] - Smart Wait Function is triggered

03-01-2024T16:27:24 - [MESSAGE][INFO] - Smart Wait Function is triggered

03-01-2024T16:27:24 - [MESSAGE][INFO] - Smart Wait Function is triggered

03-01-2024T16:27:24 - [MESSAGE][INFO] - Smart Wait Function is triggered

03-01-2024T16:27:24 - [MESSAGE][INFO] - Smart Wait Function is triggered

03-01-2024T16:27:24 - [MESSAGE][INFO] - Smart Wait Function is triggered

03-01-2024T16:27:24 - [MESSAGE][INFO] - Smart Wait Function is triggered

03-01-2024T16:27:24 - [MESSAGE][INFO] - Smart Wait Function is triggered

03-01-2024T16:27:24 - [MESSAGE][INFO] - Smart Wait Function is triggered

03-01-2024T16:27:24 - [MESSAGE][INFO] - Smart Wait Function is triggered

03-01-2024T16:27:24 - [MESSAGE][INFO] - Smart Wait Function is triggered

03-01-2024T16:27:24 - [MESSAGE][INFO] - Smart Wait Function is triggered

03-01-2024T16:27:24 - [MESSAGE][INFO] - Smart Wait Function is triggered

03-01-2024T16:27:24 - [MESSAGE][INFO] - Smart Wait Function is triggered

03-01-2024T16:27:24 - [MESSAGE][INFO] - Smart Wait Function is triggered

03-01-2024T16:27:24 - [MESSAGE][INFO] - Smart Wait Function is triggered

03-01-2024T16:27:24 - [MESSAGE][INFO] - Smart Wait Function is triggered

03-01-2024T16:27:24 - [MESSAGE][INFO] - Smart Wait Function is triggered

03-01-2024T16:27:24 - [MESSAGE][INFO] - Smart Wait Function is triggered

03-01-2024T16:27:24 - [MESSAGE][INFO] - Smart Wait Function is triggered

03-01-2024T16:27:24 - [MESSAGE][INFO] - Smart Wait Function is triggered

03-01-2024T16:27:24 - [MESSAGE][INFO] - Smart Wait Function is triggered

03-01-2024T16:27:24 - [MESSAGE][INFO] - Smart Wait Function is triggered

03-01-2024T16:27:24 - [MESSAGE][INFO] - Smart Wait Function is triggered

03-01-2024T16:27:24 - [MESSAGE][INFO] - Smart Wait Function is triggered

03-01-2024T16:27:24 - [MESSAGE][INFO] - Smart Wait Function is triggered

03-01-2024T16:27:24 - [MESSAGE][INFO] - Smart Wait Function is triggered

03-01-2024T16:27:24 - [MESSAGE][INFO] - Smart Wait Function is triggered

03-01-2024T16:27:24 - [MESSAGE][INFO] - Smart Wait Function is triggered

03-01-2024T16:27:24 - [MESSAGE][INFO] - Smart Wait Function is triggered

03-01-2024T16:27:24 - [MESSAGE][INFO] - Smart Wait Function is triggered

03-01-2024T16:27:24 - [MESSAGE][INFO] - Smart Wait Function is triggered

03-01-2024T16:27:24 - [MESSAGE][INFO] - Smart Wait Function is triggered

03-01-2024T16:27:24 - [MESSAGE][INFO] - Smart Wait Function is triggered

03-01-2024T16:27:24 - [MESSAGE][INFO] - Smart Wait Function is triggered

03-01-2024T16:27:24 - [MESSAGE][INFO] - Smart Wait Function is triggered

03-01-2024T16:27:24 - [MESSAGE][INFO] - Smart Wait Function is triggered

03-01-2024T16:27:24 - [MESSAGE][INFO] - Smart Wait Function is triggered

03-01-2024T16:27:24 - [MESSAGE][INFO] - Smart Wait Function is triggered

03-01-2024T16:27:24 - [MESSAGE][INFO] - Smart Wait Function is triggered

03-01-2024T16:27:24 - [MESSAGE][INFO] - Smart Wait Function is triggered

03-01-2024T16:27:24 - [MESSAGE][INFO] - Smart Wait Function is triggered

03-01-2024T16:27:24 - [MESSAGE][INFO] - Smart Wait Function is triggered

03-01-2024T16:27:24 - [MESSAGE][INFO] - Smart Wait Function is triggered

03-01-2024T16:27:24 - [MESSAGE][INFO] - Smart Wait Function is triggered

03-01-2024T16:27:24 - [MESSAGE][INFO] - Smart Wait Function is triggered

03-01-2024T16:27:25 - [MESSAGE][INFO] - Smart Wait Function is triggered

03-01-2024T16:27:25 - [MESSAGE][INFO] - Smart Wait Function is triggered

03-01-2024T16:27:25 - [MESSAGE][INFO] - Smart Wait Function is triggered

03-01-2024T16:27:25 - [MESSAGE][INFO] - Smart Wait Function is triggered

03-01-2024T16:27:25 - [MESSAGE][INFO] - Smart Wait Function is triggered

03-01-2024T16:27:25 - [MESSAGE][INFO] - Smart Wait Function is triggered

03-01-2024T16:27:25 - [MESSAGE][INFO] - Smart Wait Function is triggered

03-01-2024T16:27:25 - [MESSAGE][INFO] - Smart Wait Function is triggered

03-01-2024T16:27:25 - [MESSAGE][INFO] - Smart Wait Function is triggered

03-01-2024T16:27:25 - [MESSAGE][INFO] - Smart Wait Function is triggered

03-01-2024T16:27:25 - [MESSAGE][INFO] - Smart Wait Function is triggered

03-01-2024T16:27:25 - [MESSAGE][INFO] - Smart Wait Function is triggered

03-01-2024T16:27:25 - [MESSAGE][INFO] - Smart Wait Function is triggered

03-01-2024T16:27:25 - [MESSAGE][INFO] - Smart Wait Function is triggered

03-01-2024T16:27:25 - [MESSAGE][INFO] - Smart Wait Function is triggered

03-01-2024T16:27:25 - [MESSAGE][INFO] - Smart Wait Function is triggered

03-01-2024T16:27:25 - [MESSAGE][INFO] - Smart Wait Function is triggered

03-01-2024T16:27:25 - [MESSAGE][INFO] - Smart Wait Function is triggered

03-01-2024T16:27:25 - [MESSAGE][INFO] - Smart Wait Function is triggered

03-01-2024T16:27:25 - [MESSAGE][INFO] - Smart Wait Function is triggered

03-01-2024T16:27:25 - [MESSAGE][INFO] - Smart Wait Function is triggered

03-01-2024T16:27:25 - [MESSAGE][INFO] - Smart Wait Function is triggered

03-01-2024T16:27:25 - [MESSAGE][INFO] - Smart Wait Function is triggered

03-01-2024T16:27:25 - [MESSAGE][INFO] - Smart Wait Function is triggered

03-01-2024T16:27:25 - [MESSAGE][INFO] - Smart Wait Function is triggered

03-01-2024T16:27:25 - [MESSAGE][INFO] - Smart Wait Function is triggered

03-01-2024T16:27:25 - [MESSAGE][INFO] - Smart Wait Function is triggered

03-01-2024T16:27:25 - [MESSAGE][INFO] - Smart Wait Function is triggered

03-01-2024T16:27:25 - [MESSAGE][INFO] - Smart Wait Function is triggered

03-01-2024T16:27:25 - [MESSAGE][INFO] - Smart Wait Function is triggered

03-01-2024T16:27:25 - [MESSAGE][INFO] - Smart Wait Function is triggered

03-01-2024T16:27:25 - [MESSAGE][INFO] - Smart Wait Function is triggered

03-01-2024T16:27:25 - [MESSAGE][INFO] - Smart Wait Function is triggered

03-01-2024T16:27:25 - [MESSAGE][INFO] - Smart Wait Function is triggered

03-01-2024T16:27:25 - [MESSAGE][INFO] - Smart Wait Function is triggered

03-01-2024T16:27:25 - [MESSAGE][INFO] - Smart Wait Function is triggered

03-01-2024T16:27:25 - [MESSAGE][INFO] - Smart Wait Function is triggered

03-01-2024T16:27:25 - [MESSAGE][INFO] - Smart Wait Function is triggered

03-01-2024T16:27:25 - [MESSAGE][INFO] - Smart Wait Function is triggered

03-01-2024T16:27:25 - [MESSAGE][INFO] - Smart Wait Function is triggered

03-01-2024T16:27:25 - [MESSAGE][INFO] - Smart Wait Function is triggered

03-01-2024T16:27:25 - [MESSAGE][INFO] - Smart Wait Function is triggered

03-01-2024T16:27:25 - [MESSAGE][INFO] - Smart Wait Function is triggered

03-01-2024T16:27:25 - [MESSAGE][INFO] - Smart Wait Function is triggered

03-01-2024T16:27:25 - [MESSAGE][INFO] - Smart Wait Function is triggered

03-01-2024T16:27:25 - [MESSAGE][INFO] - Smart Wait Function is triggered

03-01-2024T16:27:25 - [MESSAGE][INFO] - Smart Wait Function is triggered

03-01-2024T16:27:25 - [MESSAGE][INFO] - Smart Wait Function is triggered

03-01-2024T16:27:25 - [MESSAGE][INFO] - Smart Wait Function is triggered

03-01-2024T16:27:26 - [MESSAGE][INFO] - Smart Wait Function is triggered

03-01-2024T16:27:26 - [MESSAGE][INFO] - Smart Wait Function is triggered

03-01-2024T16:27:26 - [MESSAGE][INFO] - Smart Wait Function is triggered

03-01-2024T16:27:26 - [MESSAGE][INFO] - Smart Wait Function is triggered

03-01-2024T16:27:26 - [MESSAGE][INFO] - Smart Wait Function is triggered

03-01-2024T16:27:26 - [MESSAGE][INFO] - Smart Wait Function is triggered

03-01-2024T16:27:26 - [MESSAGE][INFO] - Smart Wait Function is triggered

03-01-2024T16:27:26 - [MESSAGE][INFO] - Smart Wait Function is triggered

03-01-2024T16:27:26 - [MESSAGE][INFO] - Smart Wait Function is triggered

03-01-2024T16:27:26 - [MESSAGE][INFO] - Smart Wait Function is triggered

03-01-2024T16:27:26 - [MESSAGE][INFO] - Smart Wait Function is triggered

03-01-2024T16:27:26 - [MESSAGE][INFO] - Smart Wait Function is triggered

03-01-2024T16:27:26 - [MESSAGE][INFO] - Smart Wait Function is triggered

03-01-2024T16:27:26 - [MESSAGE][INFO] - Smart Wait Function is triggered

03-01-2024T16:27:26 - [MESSAGE][INFO] - Smart Wait Function is triggered

03-01-2024T16:27:26 - [MESSAGE][INFO] - Smart Wait Function is triggered

03-01-2024T16:27:26 - [MESSAGE][INFO] - Smart Wait Function is triggered

03-01-2024T16:27:26 - [MESSAGE][INFO] - Smart Wait Function is triggered

03-01-2024T16:27:26 - [MESSAGE][INFO] - Smart Wait Function is triggered

03-01-2024T16:27:26 - [MESSAGE][INFO] - Smart Wait Function is triggered

03-01-2024T16:27:26 - [MESSAGE][INFO] - Smart Wait Function is triggered

03-01-2024T16:27:26 - [MESSAGE][INFO] - Smart Wait Function is triggered

03-01-2024T16:27:26 - [MESSAGE][INFO] - Smart Wait Function is triggered

03-01-2024T16:27:26 - [MESSAGE][INFO] - Smart Wait Function is triggered

03-01-2024T16:27:26 - [MESSAGE][INFO] - Smart Wait Function is triggered

03-01-2024T16:27:26 - [MESSAGE][INFO] - Smart Wait Function is triggered

03-01-2024T16:27:26 - [MESSAGE][INFO] - Smart Wait Function is triggered

03-01-2024T16:27:26 - [MESSAGE][INFO] - Smart Wait Function is triggered

03-01-2024T16:27:26 - [MESSAGE][INFO] - Smart Wait Function is triggered

03-01-2024T16:27:26 - [MESSAGE][INFO] - Smart Wait Function is triggered

03-01-2024T16:27:26 - [MESSAGE][INFO] - Smart Wait Function is triggered

03-01-2024T16:27:26 - [MESSAGE][INFO] - Smart Wait Function is triggered

03-01-2024T16:27:26 - [MESSAGE][INFO] - Smart Wait Function is triggered

03-01-2024T16:27:26 - [MESSAGE][INFO] - Smart Wait Function is triggered

03-01-2024T16:27:26 - [MESSAGE][INFO] - Smart Wait Function is triggered

03-01-2024T16:27:26 - [MESSAGE][INFO] - Smart Wait Function is triggered

03-01-2024T16:27:26 - [MESSAGE][INFO] - Smart Wait Function is triggered

03-01-2024T16:27:26 - [MESSAGE][INFO] - Smart Wait Function is triggered

03-01-2024T16:27:26 - [MESSAGE][INFO] - Smart Wait Function is triggered

03-01-2024T16:27:26 - [MESSAGE][INFO] - Smart Wait Function is triggered

03-01-2024T16:27:26 - [MESSAGE][INFO] - Smart Wait Function is triggered

03-01-2024T16:27:26 - [MESSAGE][INFO] - Smart Wait Function is triggered

03-01-2024T16:27:27 - [MESSAGE][INFO] - Smart Wait Function is triggered

03-01-2024T16:27:27 - [MESSAGE][INFO] - Smart Wait Function is triggered

03-01-2024T16:27:27 - [MESSAGE][INFO] - Smart Wait Function is triggered

03-01-2024T16:27:27 - [MESSAGE][INFO] - Smart Wait Function is triggered

03-01-2024T16:27:27 - [MESSAGE][INFO] - Smart Wait Function is triggered

03-01-2024T16:27:27 - [MESSAGE][INFO] - Unable to find the element located by 'By.xpath: /html/body/app-root/app-layout/div/div/div/app-navigation-layout/div[2]/app-demande-instruction/div/div[1]/form/p-accordion/div/p-accordiontab[9]/div[2]/div/div/div[2]/anef-input-check/div/div/p-checkbox/label'. Please recheck the objects properties to make sure the desired element is located. 

03-01-2024T16:27:27 - [MESSAGE][INFO] - Checking object

03-01-2024T16:27:27 - [MESSAGE][INFO] - Checking timeout

03-01-2024T16:27:27 - [MESSAGE][INFO] - Finding web element from Test Object's properties

03-01-2024T16:27:27 - [MESSAGE][INFO] - Checking timeout

03-01-2024T16:27:27 - [MESSAGE][INFO] - Finding web element with id: 'Object Repository/Page_Verif_AccordeonMotifDeSejour_Agent/check_DemandeurContacte' located by 'By.xpath: /html/body/app-root/app-layout/div/div/div/app-navigation-layout/div[2]/app-demande-instruction/div/div[1]/form/p-accordion/div/p-accordiontab[9]/div[2]/div/div/div[2]/anef-input-check/div/div/p-checkbox/label' in '5' second(s)

03-01-2024T16:27:27 - [MESSAGE][INFO] - Smart Wait Function is triggered

03-01-2024T16:27:27 - [MESSAGE][INFO] - Smart Wait Function is triggered

03-01-2024T16:27:27 - [MESSAGE][INFO] - Smart Wait Function is triggered

03-01-2024T16:27:27 - [MESSAGE][INFO] - Smart Wait Function is triggered

03-01-2024T16:27:27 - [MESSAGE][INFO] - Smart Wait Function is triggered

03-01-2024T16:27:27 - [MESSAGE][INFO] - Smart Wait Function is triggered

03-01-2024T16:27:27 - [MESSAGE][INFO] - Smart Wait Function is triggered

03-01-2024T16:27:27 - [MESSAGE][INFO] - Smart Wait Function is triggered

03-01-2024T16:27:27 - [MESSAGE][INFO] - Smart Wait Function is triggered

03-01-2024T16:27:27 - [MESSAGE][INFO] - Smart Wait Function is triggered

03-01-2024T16:27:27 - [MESSAGE][INFO] - Smart Wait Function is triggered

03-01-2024T16:27:27 - [MESSAGE][INFO] - Smart Wait Function is triggered

03-01-2024T16:27:27 - [MESSAGE][INFO] - Smart Wait Function is triggered

03-01-2024T16:27:27 - [MESSAGE][INFO] - Smart Wait Function is triggered

03-01-2024T16:27:27 - [MESSAGE][INFO] - Smart Wait Function is triggered

03-01-2024T16:27:27 - [MESSAGE][INFO] - Smart Wait Function is triggered

03-01-2024T16:27:27 - [MESSAGE][INFO] - Smart Wait Function is triggered

03-01-2024T16:27:27 - [MESSAGE][INFO] - Smart Wait Function is triggered

03-01-2024T16:27:27 - [MESSAGE][INFO] - Smart Wait Function is triggered

03-01-2024T16:27:27 - [MESSAGE][INFO] - Smart Wait Function is triggered

03-01-2024T16:27:27 - [MESSAGE][INFO] - Smart Wait Function is triggered

03-01-2024T16:27:27 - [MESSAGE][INFO] - Smart Wait Function is triggered

03-01-2024T16:27:27 - [MESSAGE][INFO] - Smart Wait Function is triggered

03-01-2024T16:27:27 - [MESSAGE][INFO] - Smart Wait Function is triggered

03-01-2024T16:27:27 - [MESSAGE][INFO] - Smart Wait Function is triggered

03-01-2024T16:27:27 - [MESSAGE][INFO] - Smart Wait Function is triggered

03-01-2024T16:27:27 - [MESSAGE][INFO] - Smart Wait Function is triggered

03-01-2024T16:27:27 - [MESSAGE][INFO] - Smart Wait Function is triggered

03-01-2024T16:27:27 - [MESSAGE][INFO] - Smart Wait Function is triggered

03-01-2024T16:27:27 - [MESSAGE][INFO] - Smart Wait Function is triggered

03-01-2024T16:27:27 - [MESSAGE][INFO] - Smart Wait Function is triggered

03-01-2024T16:27:27 - [MESSAGE][INFO] - Smart Wait Function is triggered

03-01-2024T16:27:27 - [MESSAGE][INFO] - Smart Wait Function is triggered

03-01-2024T16:27:27 - [MESSAGE][INFO] - Smart Wait Function is triggered

03-01-2024T16:27:27 - [MESSAGE][INFO] - Smart Wait Function is triggered

03-01-2024T16:27:27 - [MESSAGE][INFO] - Smart Wait Function is triggered

03-01-2024T16:27:27 - [MESSAGE][INFO] - Smart Wait Function is triggered

03-01-2024T16:27:27 - [MESSAGE][INFO] - Smart Wait Function is triggered

03-01-2024T16:27:27 - [MESSAGE][INFO] - Smart Wait Function is triggered

03-01-2024T16:27:27 - [MESSAGE][INFO] - Smart Wait Function is triggered

03-01-2024T16:27:28 - [MESSAGE][INFO] - Smart Wait Function is triggered

03-01-2024T16:27:28 - [MESSAGE][INFO] - Smart Wait Function is triggered

03-01-2024T16:27:28 - [MESSAGE][INFO] - Smart Wait Function is triggered

03-01-2024T16:27:28 - [MESSAGE][INFO] - Smart Wait Function is triggered

03-01-2024T16:27:28 - [MESSAGE][INFO] - Smart Wait Function is triggered

03-01-2024T16:27:28 - [MESSAGE][INFO] - Smart Wait Function is triggered

03-01-2024T16:27:28 - [MESSAGE][INFO] - Smart Wait Function is triggered

03-01-2024T16:27:28 - [MESSAGE][INFO] - Smart Wait Function is triggered

03-01-2024T16:27:28 - [MESSAGE][INFO] - Smart Wait Function is triggered

03-01-2024T16:27:28 - [MESSAGE][INFO] - Smart Wait Function is triggered

03-01-2024T16:27:28 - [MESSAGE][INFO] - Smart Wait Function is triggered

03-01-2024T16:27:28 - [MESSAGE][INFO] - Smart Wait Function is triggered

03-01-2024T16:27:28 - [MESSAGE][INFO] - Smart Wait Function is triggered

03-01-2024T16:27:28 - [MESSAGE][INFO] - Smart Wait Function is triggered

03-01-2024T16:27:28 - [MESSAGE][INFO] - Smart Wait Function is triggered

03-01-2024T16:27:28 - [MESSAGE][INFO] - Smart Wait Function is triggered

03-01-2024T16:27:28 - [MESSAGE][INFO] - Smart Wait Function is triggered

03-01-2024T16:27:28 - [MESSAGE][INFO] - Smart Wait Function is triggered

03-01-2024T16:27:28 - [MESSAGE][INFO] - Smart Wait Function is triggered

03-01-2024T16:27:28 - [MESSAGE][INFO] - Smart Wait Function is triggered

03-01-2024T16:27:28 - [MESSAGE][INFO] - Smart Wait Function is triggered

03-01-2024T16:27:28 - [MESSAGE][INFO] - Smart Wait Function is triggered

03-01-2024T16:27:28 - [MESSAGE][INFO] - Smart Wait Function is triggered

03-01-2024T16:27:28 - [MESSAGE][INFO] - Smart Wait Function is triggered

03-01-2024T16:27:28 - [MESSAGE][INFO] - Smart Wait Function is triggered

03-01-2024T16:27:28 - [MESSAGE][INFO] - Smart Wait Function is triggered

03-01-2024T16:27:28 - [MESSAGE][INFO] - Smart Wait Function is triggered

03-01-2024T16:27:28 - [MESSAGE][INFO] - Smart Wait Function is triggered

03-01-2024T16:27:28 - [MESSAGE][INFO] - Smart Wait Function is triggered

03-01-2024T16:27:28 - [MESSAGE][INFO] - Smart Wait Function is triggered

03-01-2024T16:27:28 - [MESSAGE][INFO] - Smart Wait Function is triggered

03-01-2024T16:27:28 - [MESSAGE][INFO] - Smart Wait Function is triggered

03-01-2024T16:27:28 - [MESSAGE][INFO] - Smart Wait Function is triggered

03-01-2024T16:27:28 - [MESSAGE][INFO] - Smart Wait Function is triggered

03-01-2024T16:27:28 - [MESSAGE][INFO] - Smart Wait Function is triggered

03-01-2024T16:27:28 - [MESSAGE][INFO] - Smart Wait Function is triggered

03-01-2024T16:27:28 - [MESSAGE][INFO] - Smart Wait Function is triggered

03-01-2024T16:27:28 - [MESSAGE][INFO] - Smart Wait Function is triggered

03-01-2024T16:27:28 - [MESSAGE][INFO] - Smart Wait Function is triggered

03-01-2024T16:27:28 - [MESSAGE][INFO] - Smart Wait Function is triggered

03-01-2024T16:27:28 - [MESSAGE][INFO] - Smart Wait Function is triggered

03-01-2024T16:27:28 - [MESSAGE][INFO] - Smart Wait Function is triggered

03-01-2024T16:27:28 - [MESSAGE][INFO] - Smart Wait Function is triggered

03-01-2024T16:27:28 - [MESSAGE][INFO] - Smart Wait Function is triggered

03-01-2024T16:27:28 - [MESSAGE][INFO] - Smart Wait Function is triggered

03-01-2024T16:27:28 - [MESSAGE][INFO] - Smart Wait Function is triggered

03-01-2024T16:27:28 - [MESSAGE][INFO] - Smart Wait Function is triggered

03-01-2024T16:27:28 - [MESSAGE][INFO] - Smart Wait Function is triggered

03-01-2024T16:27:28 - [MESSAGE][INFO] - Smart Wait Function is triggered

03-01-2024T16:27:28 - [MESSAGE][INFO] - Smart Wait Function is triggered

03-01-2024T16:27:29 - [MESSAGE][INFO] - Smart Wait Function is triggered

03-01-2024T16:27:29 - [MESSAGE][INFO] - Smart Wait Function is triggered

03-01-2024T16:27:29 - [MESSAGE][INFO] - Smart Wait Function is triggered

03-01-2024T16:27:29 - [MESSAGE][INFO] - Smart Wait Function is triggered

03-01-2024T16:27:29 - [MESSAGE][INFO] - Smart Wait Function is triggered

03-01-2024T16:27:29 - [MESSAGE][INFO] - Smart Wait Function is triggered

03-01-2024T16:27:29 - [MESSAGE][INFO] - Smart Wait Function is triggered

03-01-2024T16:27:29 - [MESSAGE][INFO] - Smart Wait Function is triggered

03-01-2024T16:27:29 - [MESSAGE][INFO] - Smart Wait Function is triggered

03-01-2024T16:27:29 - [MESSAGE][INFO] - Smart Wait Function is triggered

03-01-2024T16:27:29 - [MESSAGE][INFO] - Smart Wait Function is triggered

03-01-2024T16:27:29 - [MESSAGE][INFO] - Smart Wait Function is triggered

03-01-2024T16:27:29 - [MESSAGE][INFO] - Smart Wait Function is triggered

03-01-2024T16:27:29 - [MESSAGE][INFO] - Smart Wait Function is triggered

03-01-2024T16:27:29 - [MESSAGE][INFO] - Smart Wait Function is triggered

03-01-2024T16:27:29 - [MESSAGE][INFO] - Smart Wait Function is triggered

03-01-2024T16:27:29 - [MESSAGE][INFO] - Smart Wait Function is triggered

03-01-2024T16:27:29 - [MESSAGE][INFO] - Smart Wait Function is triggered

03-01-2024T16:27:29 - [MESSAGE][INFO] - Smart Wait Function is triggered

03-01-2024T16:27:29 - [MESSAGE][INFO] - Smart Wait Function is triggered

03-01-2024T16:27:29 - [MESSAGE][INFO] - Smart Wait Function is triggered

03-01-2024T16:27:29 - [MESSAGE][INFO] - Smart Wait Function is triggered

03-01-2024T16:27:29 - [MESSAGE][INFO] - Smart Wait Function is triggered

03-01-2024T16:27:29 - [MESSAGE][INFO] - Smart Wait Function is triggered

03-01-2024T16:27:29 - [MESSAGE][INFO] - Smart Wait Function is triggered

03-01-2024T16:27:29 - [MESSAGE][INFO] - Smart Wait Function is triggered

03-01-2024T16:27:29 - [MESSAGE][INFO] - Smart Wait Function is triggered

03-01-2024T16:27:29 - [MESSAGE][INFO] - Smart Wait Function is triggered

03-01-2024T16:27:29 - [MESSAGE][INFO] - Smart Wait Function is triggered

03-01-2024T16:27:29 - [MESSAGE][INFO] - Smart Wait Function is triggered

03-01-2024T16:27:29 - [MESSAGE][INFO] - Smart Wait Function is triggered

03-01-2024T16:27:29 - [MESSAGE][INFO] - Smart Wait Function is triggered

03-01-2024T16:27:29 - [MESSAGE][INFO] - Smart Wait Function is triggered

03-01-2024T16:27:29 - [MESSAGE][INFO] - Smart Wait Function is triggered

03-01-2024T16:27:29 - [MESSAGE][INFO] - Smart Wait Function is triggered

03-01-2024T16:27:29 - [MESSAGE][INFO] - Smart Wait Function is triggered

03-01-2024T16:27:29 - [MESSAGE][INFO] - Smart Wait Function is triggered

03-01-2024T16:27:29 - [MESSAGE][INFO] - Smart Wait Function is triggered

03-01-2024T16:27:29 - [MESSAGE][INFO] - Smart Wait Function is triggered

03-01-2024T16:27:29 - [MESSAGE][INFO] - Smart Wait Function is triggered

03-01-2024T16:27:29 - [MESSAGE][INFO] - Smart Wait Function is triggered

03-01-2024T16:27:29 - [MESSAGE][INFO] - Smart Wait Function is triggered

03-01-2024T16:27:29 - [MESSAGE][INFO] - Smart Wait Function is triggered

03-01-2024T16:27:29 - [MESSAGE][INFO] - Smart Wait Function is triggered

03-01-2024T16:27:29 - [MESSAGE][INFO] - Smart Wait Function is triggered

03-01-2024T16:27:29 - [MESSAGE][INFO] - Smart Wait Function is triggered

03-01-2024T16:27:29 - [MESSAGE][INFO] - Smart Wait Function is triggered

03-01-2024T16:27:29 - [MESSAGE][INFO] - Smart Wait Function is triggered

03-01-2024T16:27:29 - [MESSAGE][INFO] - Smart Wait Function is triggered

03-01-2024T16:27:29 - [MESSAGE][INFO] - Smart Wait Function is triggered

03-01-2024T16:27:29 - [MESSAGE][INFO] - Smart Wait Function is triggered

03-01-2024T16:27:30 - [MESSAGE][INFO] - Smart Wait Function is triggered

03-01-2024T16:27:30 - [MESSAGE][INFO] - Smart Wait Function is triggered

03-01-2024T16:27:30 - [MESSAGE][INFO] - Smart Wait Function is triggered

03-01-2024T16:27:30 - [MESSAGE][INFO] - Smart Wait Function is triggered

03-01-2024T16:27:30 - [MESSAGE][INFO] - Smart Wait Function is triggered

03-01-2024T16:27:30 - [MESSAGE][INFO] - Smart Wait Function is triggered

03-01-2024T16:27:30 - [MESSAGE][INFO] - Smart Wait Function is triggered

03-01-2024T16:27:30 - [MESSAGE][INFO] - Smart Wait Function is triggered

03-01-2024T16:27:30 - [MESSAGE][INFO] - Smart Wait Function is triggered

03-01-2024T16:27:30 - [MESSAGE][INFO] - Smart Wait Function is triggered

03-01-2024T16:27:30 - [MESSAGE][INFO] - Smart Wait Function is triggered

03-01-2024T16:27:30 - [MESSAGE][INFO] - Smart Wait Function is triggered

03-01-2024T16:27:30 - [MESSAGE][INFO] - Smart Wait Function is triggered

03-01-2024T16:27:30 - [MESSAGE][INFO] - Smart Wait Function is triggered

03-01-2024T16:27:30 - [MESSAGE][INFO] - Smart Wait Function is triggered

03-01-2024T16:27:30 - [MESSAGE][INFO] - Smart Wait Function is triggered

03-01-2024T16:27:30 - [MESSAGE][INFO] - Smart Wait Function is triggered

03-01-2024T16:27:30 - [MESSAGE][INFO] - Smart Wait Function is triggered

03-01-2024T16:27:30 - [MESSAGE][INFO] - Smart Wait Function is triggered

03-01-2024T16:27:30 - [MESSAGE][INFO] - Smart Wait Function is triggered

03-01-2024T16:27:30 - [MESSAGE][INFO] - Smart Wait Function is triggered

03-01-2024T16:27:30 - [MESSAGE][INFO] - Smart Wait Function is triggered

03-01-2024T16:27:30 - [MESSAGE][INFO] - Smart Wait Function is triggered

03-01-2024T16:27:30 - [MESSAGE][INFO] - Smart Wait Function is triggered

03-01-2024T16:27:30 - [MESSAGE][INFO] - Smart Wait Function is triggered

03-01-2024T16:27:30 - [MESSAGE][INFO] - Smart Wait Function is triggered

03-01-2024T16:27:30 - [MESSAGE][INFO] - Smart Wait Function is triggered

03-01-2024T16:27:30 - [MESSAGE][INFO] - Smart Wait Function is triggered

03-01-2024T16:27:30 - [MESSAGE][INFO] - Smart Wait Function is triggered

03-01-2024T16:27:30 - [MESSAGE][INFO] - Smart Wait Function is triggered

03-01-2024T16:27:30 - [MESSAGE][INFO] - Smart Wait Function is triggered

03-01-2024T16:27:30 - [MESSAGE][INFO] - Smart Wait Function is triggered

03-01-2024T16:27:30 - [MESSAGE][INFO] - Smart Wait Function is triggered

03-01-2024T16:27:30 - [MESSAGE][INFO] - Smart Wait Function is triggered

03-01-2024T16:27:30 - [MESSAGE][INFO] - Smart Wait Function is triggered

03-01-2024T16:27:30 - [MESSAGE][INFO] - Smart Wait Function is triggered

03-01-2024T16:27:30 - [MESSAGE][INFO] - Smart Wait Function is triggered

03-01-2024T16:27:30 - [MESSAGE][INFO] - Smart Wait Function is triggered

03-01-2024T16:27:30 - [MESSAGE][INFO] - Smart Wait Function is triggered

03-01-2024T16:27:30 - [MESSAGE][INFO] - Smart Wait Function is triggered

03-01-2024T16:27:30 - [MESSAGE][INFO] - Smart Wait Function is triggered

03-01-2024T16:27:30 - [MESSAGE][INFO] - Smart Wait Function is triggered

03-01-2024T16:27:30 - [MESSAGE][INFO] - Smart Wait Function is triggered

03-01-2024T16:27:30 - [MESSAGE][INFO] - Smart Wait Function is triggered

03-01-2024T16:27:30 - [MESSAGE][INFO] - Smart Wait Function is triggered

03-01-2024T16:27:30 - [MESSAGE][INFO] - Smart Wait Function is triggered

03-01-2024T16:27:30 - [MESSAGE][INFO] - Smart Wait Function is triggered

03-01-2024T16:27:30 - [MESSAGE][INFO] - Smart Wait Function is triggered

03-01-2024T16:27:30 - [MESSAGE][INFO] - Smart Wait Function is triggered

03-01-2024T16:27:30 - [MESSAGE][INFO] - Smart Wait Function is triggered

03-01-2024T16:27:31 - [MESSAGE][INFO] - Smart Wait Function is triggered

03-01-2024T16:27:31 - [MESSAGE][INFO] - Smart Wait Function is triggered

03-01-2024T16:27:31 - [MESSAGE][INFO] - Smart Wait Function is triggered

03-01-2024T16:27:31 - [MESSAGE][INFO] - Smart Wait Function is triggered

03-01-2024T16:27:31 - [MESSAGE][INFO] - Smart Wait Function is triggered

03-01-2024T16:27:31 - [MESSAGE][INFO] - Smart Wait Function is triggered

03-01-2024T16:27:31 - [MESSAGE][INFO] - Smart Wait Function is triggered

03-01-2024T16:27:31 - [MESSAGE][INFO] - Smart Wait Function is triggered

03-01-2024T16:27:31 - [MESSAGE][INFO] - Smart Wait Function is triggered

03-01-2024T16:27:31 - [MESSAGE][INFO] - Smart Wait Function is triggered

03-01-2024T16:27:31 - [MESSAGE][INFO] - Smart Wait Function is triggered

03-01-2024T16:27:31 - [MESSAGE][INFO] - Smart Wait Function is triggered

03-01-2024T16:27:31 - [MESSAGE][INFO] - Smart Wait Function is triggered

03-01-2024T16:27:31 - [MESSAGE][INFO] - Smart Wait Function is triggered

03-01-2024T16:27:31 - [MESSAGE][INFO] - Smart Wait Function is triggered

03-01-2024T16:27:31 - [MESSAGE][INFO] - Smart Wait Function is triggered

03-01-2024T16:27:31 - [MESSAGE][INFO] - Smart Wait Function is triggered

03-01-2024T16:27:31 - [MESSAGE][INFO] - Smart Wait Function is triggered

03-01-2024T16:27:31 - [MESSAGE][INFO] - Smart Wait Function is triggered

03-01-2024T16:27:31 - [MESSAGE][INFO] - Smart Wait Function is triggered

03-01-2024T16:27:31 - [MESSAGE][INFO] - Smart Wait Function is triggered

03-01-2024T16:27:31 - [MESSAGE][INFO] - Smart Wait Function is triggered

03-01-2024T16:27:31 - [MESSAGE][INFO] - Smart Wait Function is triggered

03-01-2024T16:27:31 - [MESSAGE][INFO] - Smart Wait Function is triggered

03-01-2024T16:27:31 - [MESSAGE][INFO] - Smart Wait Function is triggered

03-01-2024T16:27:31 - [MESSAGE][INFO] - Smart Wait Function is triggered

03-01-2024T16:27:31 - [MESSAGE][INFO] - Smart Wait Function is triggered

03-01-2024T16:27:31 - [MESSAGE][INFO] - Smart Wait Function is triggered

03-01-2024T16:27:31 - [MESSAGE][INFO] - Smart Wait Function is triggered

03-01-2024T16:27:31 - [MESSAGE][INFO] - Smart Wait Function is triggered

03-01-2024T16:27:31 - [MESSAGE][INFO] - Smart Wait Function is triggered

03-01-2024T16:27:31 - [MESSAGE][INFO] - Smart Wait Function is triggered

03-01-2024T16:27:31 - [MESSAGE][INFO] - Smart Wait Function is triggered

03-01-2024T16:27:31 - [MESSAGE][INFO] - Smart Wait Function is triggered

03-01-2024T16:27:31 - [MESSAGE][INFO] - Smart Wait Function is triggered

03-01-2024T16:27:31 - [MESSAGE][INFO] - Smart Wait Function is triggered

03-01-2024T16:27:31 - [MESSAGE][INFO] - Smart Wait Function is triggered

03-01-2024T16:27:31 - [MESSAGE][INFO] - Smart Wait Function is triggered

03-01-2024T16:27:31 - [MESSAGE][INFO] - Smart Wait Function is triggered

03-01-2024T16:27:31 - [MESSAGE][INFO] - Smart Wait Function is triggered

03-01-2024T16:27:31 - [MESSAGE][INFO] - Smart Wait Function is triggered

03-01-2024T16:27:31 - [MESSAGE][INFO] - Smart Wait Function is triggered

03-01-2024T16:27:31 - [MESSAGE][INFO] - Smart Wait Function is triggered

03-01-2024T16:27:31 - [MESSAGE][INFO] - Smart Wait Function is triggered

03-01-2024T16:27:31 - [MESSAGE][INFO] - Smart Wait Function is triggered

03-01-2024T16:27:31 - [MESSAGE][INFO] - Smart Wait Function is triggered

03-01-2024T16:27:31 - [MESSAGE][INFO] - Smart Wait Function is triggered

03-01-2024T16:27:31 - [MESSAGE][INFO] - Smart Wait Function is triggered

03-01-2024T16:27:31 - [MESSAGE][INFO] - Smart Wait Function is triggered

03-01-2024T16:27:31 - [MESSAGE][INFO] - Smart Wait Function is triggered

03-01-2024T16:27:31 - [MESSAGE][INFO] - Smart Wait Function is triggered

03-01-2024T16:27:32 - [MESSAGE][INFO] - Smart Wait Function is triggered

03-01-2024T16:27:32 - [MESSAGE][INFO] - Smart Wait Function is triggered

03-01-2024T16:27:32 - [MESSAGE][INFO] - Smart Wait Function is triggered

03-01-2024T16:27:32 - [MESSAGE][INFO] - Smart Wait Function is triggered

03-01-2024T16:27:32 - [MESSAGE][INFO] - Smart Wait Function is triggered

03-01-2024T16:27:32 - [MESSAGE][INFO] - Smart Wait Function is triggered

03-01-2024T16:27:32 - [MESSAGE][INFO] - Smart Wait Function is triggered

03-01-2024T16:27:32 - [MESSAGE][INFO] - Smart Wait Function is triggered

03-01-2024T16:27:32 - [MESSAGE][INFO] - Smart Wait Function is triggered

03-01-2024T16:27:32 - [MESSAGE][INFO] - Smart Wait Function is triggered

03-01-2024T16:27:32 - [MESSAGE][INFO] - Smart Wait Function is triggered

03-01-2024T16:27:32 - [MESSAGE][INFO] - Smart Wait Function is triggered

03-01-2024T16:27:32 - [MESSAGE][INFO] - Smart Wait Function is triggered

03-01-2024T16:27:32 - [MESSAGE][INFO] - Smart Wait Function is triggered

03-01-2024T16:27:32 - [MESSAGE][INFO] - Smart Wait Function is triggered

03-01-2024T16:27:32 - [MESSAGE][INFO] - Smart Wait Function is triggered

03-01-2024T16:27:32 - [MESSAGE][INFO] - Smart Wait Function is triggered

03-01-2024T16:27:32 - [MESSAGE][INFO] - Smart Wait Function is triggered

03-01-2024T16:27:32 - [MESSAGE][INFO] - Smart Wait Function is triggered

03-01-2024T16:27:32 - [MESSAGE][INFO] - Smart Wait Function is triggered

03-01-2024T16:27:32 - [MESSAGE][INFO] - Smart Wait Function is triggered

03-01-2024T16:27:32 - [MESSAGE][INFO] - Smart Wait Function is triggered

03-01-2024T16:27:32 - [MESSAGE][INFO] - Smart Wait Function is triggered

03-01-2024T16:27:32 - [MESSAGE][INFO] - Smart Wait Function is triggered

03-01-2024T16:27:32 - [MESSAGE][INFO] - Smart Wait Function is triggered

03-01-2024T16:27:32 - [MESSAGE][INFO] - Smart Wait Function is triggered

03-01-2024T16:27:32 - [MESSAGE][INFO] - Smart Wait Function is triggered

03-01-2024T16:27:32 - [MESSAGE][INFO] - Smart Wait Function is triggered

03-01-2024T16:27:32 - [MESSAGE][INFO] - Smart Wait Function is triggered

03-01-2024T16:27:32 - [MESSAGE][INFO] - Smart Wait Function is triggered

03-01-2024T16:27:32 - [MESSAGE][INFO] - Smart Wait Function is triggered

03-01-2024T16:27:32 - [MESSAGE][INFO] - Smart Wait Function is triggered

03-01-2024T16:27:32 - [MESSAGE][INFO] - Smart Wait Function is triggered

03-01-2024T16:27:32 - [MESSAGE][INFO] - Smart Wait Function is triggered

03-01-2024T16:27:32 - [MESSAGE][INFO] - Smart Wait Function is triggered

03-01-2024T16:27:32 - [MESSAGE][INFO] - Smart Wait Function is triggered

03-01-2024T16:27:32 - [MESSAGE][INFO] - Smart Wait Function is triggered

03-01-2024T16:27:32 - [MESSAGE][INFO] - Smart Wait Function is triggered

03-01-2024T16:27:32 - [MESSAGE][INFO] - Smart Wait Function is triggered

03-01-2024T16:27:32 - [MESSAGE][INFO] - Smart Wait Function is triggered

03-01-2024T16:27:32 - [MESSAGE][INFO] - Smart Wait Function is triggered

03-01-2024T16:27:32 - [MESSAGE][INFO] - Smart Wait Function is triggered

03-01-2024T16:27:32 - [MESSAGE][INFO] - Smart Wait Function is triggered

03-01-2024T16:27:32 - [MESSAGE][INFO] - Smart Wait Function is triggered

03-01-2024T16:27:32 - [MESSAGE][INFO] - Smart Wait Function is triggered

03-01-2024T16:27:32 - [MESSAGE][INFO] - Smart Wait Function is triggered

03-01-2024T16:27:32 - [MESSAGE][INFO] - Smart Wait Function is triggered

03-01-2024T16:27:32 - [MESSAGE][INFO] - Smart Wait Function is triggered

03-01-2024T16:27:32 - [MESSAGE][INFO] - Smart Wait Function is triggered

03-01-2024T16:27:33 - [MESSAGE][INFO] - Smart Wait Function is triggered

03-01-2024T16:27:33 - [MESSAGE][INFO] - Smart Wait Function is triggered

03-01-2024T16:27:33 - [MESSAGE][INFO] - Smart Wait Function is triggered

03-01-2024T16:27:33 - [MESSAGE][INFO] - Smart Wait Function is triggered

03-01-2024T16:27:33 - [MESSAGE][INFO] - Smart Wait Function is triggered

03-01-2024T16:27:33 - [MESSAGE][INFO] - Smart Wait Function is triggered

03-01-2024T16:27:33 - [MESSAGE][INFO] - Smart Wait Function is triggered

03-01-2024T16:27:33 - [MESSAGE][INFO] - Smart Wait Function is triggered

03-01-2024T16:27:33 - [MESSAGE][INFO] - Unable to find the element located by 'By.xpath: /html/body/app-root/app-layout/div/div/div/app-navigation-layout/div[2]/app-demande-instruction/div/div[1]/form/p-accordion/div/p-accordiontab[9]/div[2]/div/div/div[2]/anef-input-check/div/div/p-checkbox/label'. Please recheck the objects properties to make sure the desired element is located. 

03-01-2024T16:27:33 - [MESSAGE][FAILED] - Unable to click on object 'Object Repository/Page_Verif_AccordeonMotifDeSejour_Agent/check_DemandeurContacte' (Root cause: com.kms.katalon.core.exception.StepFailedException: Unable to click on object 'Object Repository/Page_Verif_AccordeonMotifDeSejour_Agent/check_DemandeurContacte'
	at com.kms.katalon.core.webui.keyword.internal.WebUIKeywordMain.stepFailed(WebUIKeywordMain.groovy:64)
	at com.kms.katalon.core.webui.keyword.internal.WebUIKeywordMain.runKeyword(WebUIKeywordMain.groovy:26)
	at com.kms.katalon.core.webui.keyword.builtin.ClickKeyword.click(ClickKeyword.groovy:74)
	at com.kms.katalon.core.webui.keyword.builtin.ClickKeyword.execute(ClickKeyword.groovy:40)
	at com.kms.katalon.core.keyword.internal.KeywordExecutor.executeKeywordForPlatform(KeywordExecutor.groovy:74)
	at com.kms.katalon.core.webui.keyword.WebUiBuiltInKeywords.click(WebUiBuiltInKeywords.groovy:659)
	at jdk.internal.reflect.GeneratedMethodAccessor25.invoke(Unknown Source)
	at java.base/jdk.internal.reflect.DelegatingMethodAccessorImpl.invoke(DelegatingMethodAccessorImpl.java:43)
	at com.kazurayam.ksbackyard.HighlightElement$_pandemic_closure1.doCall(HighlightElement.groovy:105)
	at jdk.internal.reflect.GeneratedMethodAccessor6.invoke(Unknown Source)
	at java.base/jdk.internal.reflect.DelegatingMethodAccessorImpl.invoke(DelegatingMethodAccessorImpl.java:43)
	at Verif_AccordeonEtatCivilDuDemandeur.run(Verif_AccordeonEtatCivilDuDemandeur:235)
	at com.kms.katalon.core.main.ScriptEngine.run(ScriptEngine.java:194)
	at com.kms.katalon.core.main.ScriptEngine.runScriptAsRawText(ScriptEngine.java:119)
	at com.kms.katalon.core.main.TestCaseExecutor.runScript(TestCaseExecutor.java:448)
	at com.kms.katalon.core.main.TestCaseExecutor.doExecute(TestCaseExecutor.java:439)
	at com.kms.katalon.core.main.TestCaseExecutor.processExecutionPhase(TestCaseExecutor.java:418)
	at com.kms.katalon.core.main.TestCaseExecutor.accessMainPhase(TestCaseExecutor.java:410)
	at com.kms.katalon.core.main.TestCaseExecutor.execute(TestCaseExecutor.java:285)
	at com.kms.katalon.core.main.TestCaseMain.runTestCase(TestCaseMain.java:137)
	at com.kms.katalon.core.keyword.builtin.CallTestCaseKeyword$_callTestCase_closure1.doCall(CallTestCaseKeyword.groovy:59)
	at com.kms.katalon.core.keyword.builtin.CallTestCaseKeyword$_callTestCase_closure1.call(CallTestCaseKeyword.groovy)
	at com.kms.katalon.core.keyword.internal.KeywordMain.runKeyword(KeywordMain.groovy:75)
	at com.kms.katalon.core.keyword.builtin.CallTestCaseKeyword.callTestCase(CallTestCaseKeyword.groovy:81)
	at com.kms.katalon.core.keyword.builtin.CallTestCaseKeyword.execute(CallTestCaseKeyword.groovy:44)
	at com.kms.katalon.core.keyword.internal.KeywordExecutor.executeKeywordForPlatform(KeywordExecutor.groovy:74)
	at com.kms.katalon.core.keyword.BuiltinKeywords.callTestCase(BuiltinKeywords.groovy:310)
	at java.base/jdk.internal.reflect.NativeMethodAccessorImpl.invoke0(Native Method)
	at java.base/jdk.internal.reflect.NativeMethodAccessorImpl.invoke(NativeMethodAccessorImpl.java:77)
	at java.base/jdk.internal.reflect.DelegatingMethodAccessorImpl.invoke(DelegatingMethodAccessorImpl.java:43)
	at com.kazurayam.ksbackyard.HighlightElement$_pandemic_closure1.doCall(HighlightElement.groovy:105)
	at jdk.internal.reflect.GeneratedMethodAccessor6.invoke(Unknown Source)
	at java.base/jdk.internal.reflect.DelegatingMethodAccessorImpl.invoke(DelegatingMethodAccessorImpl.java:43)
	at TNR R.TSPT Supp90-Visiteur.run(TNR R.TSPT Supp90-Visiteur:119)
	at com.kms.katalon.core.main.ScriptEngine.run(ScriptEngine.java:194)
	at com.kms.katalon.core.main.ScriptEngine.runScriptAsRawText(ScriptEngine.java:119)
	at com.kms.katalon.core.main.TestCaseExecutor.runScript(TestCaseExecutor.java:448)
	at com.kms.katalon.core.main.TestCaseExecutor.doExecute(TestCaseExecutor.java:439)
	at com.kms.katalon.core.main.TestCaseExecutor.processExecutionPhase(TestCaseExecutor.java:418)
	at com.kms.katalon.core.main.TestCaseExecutor.accessMainPhase(TestCaseExecutor.java:410)
	at com.kms.katalon.core.main.TestCaseExecutor.execute(TestCaseExecutor.java:285)
	at com.kms.katalon.core.common.CommonExecutor.accessTestCaseMainPhase(CommonExecutor.java:65)
	at com.kms.katalon.core.main.TestSuiteExecutor.accessTestSuiteMainPhase(TestSuiteExecutor.java:148)
	at com.kms.katalon.core.main.TestSuiteExecutor.execute(TestSuiteExecutor.java:106)
	at com.kms.katalon.core.main.TestCaseMain.startTestSuite(TestCaseMain.java:180)
	at TempTestSuite1704295324522.run(TempTestSuite1704295324522.groovy:36)
	at java.base/jdk.internal.reflect.NativeMethodAccessorImpl.invoke0(Native Method)
	at java.base/jdk.internal.reflect.NativeMethodAccessorImpl.invoke(NativeMethodAccessorImpl.java:77)
	at java.base/jdk.internal.reflect.DelegatingMethodAccessorImpl.invoke(DelegatingMethodAccessorImpl.java:43)
Caused by: com.kms.katalon.core.webui.exception.WebElementNotFoundException: Web element with id: 'Object Repository/Page_Verif_AccordeonMotifDeSejour_Agent/check_DemandeurContacte' located by '/html/body/app-root/app-layout/div/div/div/app-navigation-layout/div[2]/app-demande-instruction/div/div[1]/form/p-accordion/div/p-accordiontab[9]/div[2]/div/div/div[2]/anef-input-check/div/div/p-checkbox/label' not found
	at com.kms.katalon.core.webui.common.WebUiCommonHelper.findWebElement(WebUiCommonHelper.java:1379)
	at com.kms.katalon.core.webui.keyword.internal.WebUIAbstractKeyword.findWebElement(WebUIAbstractKeyword.groovy:27)
	at com.kms.katalon.core.webui.keyword.builtin.ClickKeyword$_click_closure1.doCall(ClickKeyword.groovy:65)
	at com.kms.katalon.core.webui.keyword.builtin.ClickKeyword$_click_closure1.call(ClickKeyword.groovy)
	at com.kms.katalon.core.webui.keyword.internal.WebUIKeywordMain.runKeyword(WebUIKeywordMain.groovy:20)
	at com.kms.katalon.core.webui.keyword.builtin.ClickKeyword.click(ClickKeyword.groovy:74)
	at com.kms.katalon.core.webui.keyword.builtin.ClickKeyword.execute(ClickKeyword.groovy:40)
	at com.kms.katalon.core.keyword.internal.KeywordExecutor.executeKeywordForPlatform(KeywordExecutor.groovy:74)
	at com.kms.katalon.core.webui.keyword.WebUiBuiltInKeywords.click(WebUiBuiltInKeywords.groovy:659)
	at jdk.internal.reflect.GeneratedMethodAccessor25.invoke(Unknown Source)
	at java.base/jdk.internal.reflect.DelegatingMethodAccessorImpl.invoke(DelegatingMethodAccessorImpl.java:43)
	at com.kazurayam.ksbackyard.HighlightElement$_pandemic_closure1.doCall(HighlightElement.groovy:105)
	at jdk.internal.reflect.GeneratedMethodAccessor6.invoke(Unknown Source)
	at java.base/jdk.internal.reflect.DelegatingMethodAccessorImpl.invoke(DelegatingMethodAccessorImpl.java:43)
	at Script1695818233662.run(Script1695818233662.groovy:235)
	at com.kms.katalon.core.main.ScriptEngine.run(ScriptEngine.java:194)
	at com.kms.katalon.core.main.ScriptEngine.runScriptAsRawText(ScriptEngine.java:119)
	at com.kms.katalon.core.main.TestCaseExecutor.runScript(TestCaseExecutor.java:448)
	at com.kms.katalon.core.main.TestCaseExecutor.doExecute(TestCaseExecutor.java:439)
	at com.kms.katalon.core.main.TestCaseExecutor.processExecutionPhase(TestCaseExecutor.java:418)
	at com.kms.katalon.core.main.TestCaseExecutor.accessMainPhase(TestCaseExecutor.java:410)
	at com.kms.katalon.core.main.TestCaseExecutor.execute(TestCaseExecutor.java:285)
	at com.kms.katalon.core.main.TestCaseMain.runTestCase(TestCaseMain.java:137)
	at com.kms.katalon.core.keyword.builtin.CallTestCaseKeyword$_callTestCase_closure1.doCall(CallTestCaseKeyword.groovy:59)
	at com.kms.katalon.core.keyword.builtin.CallTestCaseKeyword$_callTestCase_closure1.call(CallTestCaseKeyword.groovy)
	at com.kms.katalon.core.keyword.internal.KeywordMain.runKeyword(KeywordMain.groovy:75)
	at com.kms.katalon.core.keyword.builtin.CallTestCaseKeyword.callTestCase(CallTestCaseKeyword.groovy:81)
	at com.kms.katalon.core.keyword.builtin.CallTestCaseKeyword.execute(CallTestCaseKeyword.groovy:44)
	at com.kms.katalon.core.keyword.internal.KeywordExecutor.executeKeywordForPlatform(KeywordExecutor.groovy:74)
	at com.kms.katalon.core.keyword.BuiltinKeywords.callTestCase(BuiltinKeywords.groovy:310)
	at java.base/jdk.internal.reflect.NativeMethodAccessorImpl.invoke0(Native Method)
	at java.base/jdk.internal.reflect.NativeMethodAccessorImpl.invoke(NativeMethodAccessorImpl.java:77)
	at java.base/jdk.internal.reflect.DelegatingMethodAccessorImpl.invoke(DelegatingMethodAccessorImpl.java:43)
	at com.kazurayam.ksbackyard.HighlightElement$_pandemic_closure1.doCall(HighlightElement.groovy:105)
	at jdk.internal.reflect.GeneratedMethodAccessor6.invoke(Unknown Source)
	at java.base/jdk.internal.reflect.DelegatingMethodAccessorImpl.invoke(DelegatingMethodAccessorImpl.java:43)
	at Script1695213876796.run(Script1695213876796.groovy:119)
	... 15 more
)
[[ATTACHMENT|C:\\Users\\ISSAM.RHARBAOUI\\git\\ANEF-RenouvellementSejour\\Reports\\20240103_162204\\TS_TNR_R.TSPT_Suppo90\\20240103_162204\\1704295653158.png]]

03-01-2024T16:27:33 - [MESSAGE][FAILED] - Unable to call Test Case 'Test Cases/Test Reutilisable/AgentTraitementDemande/Verif_AccordeonEtatCivilDuDemandeur' (Root cause: com.kms.katalon.core.exception.StepFailedException: Call Test Case 'Test Cases/Test Reutilisable/AgentTraitementDemande/Verif_AccordeonEtatCivilDuDemandeur' failed
	at com.kms.katalon.core.keyword.builtin.CallTestCaseKeyword$_callTestCase_closure1.doCall(CallTestCaseKeyword.groovy:63)
	at com.kms.katalon.core.keyword.builtin.CallTestCaseKeyword$_callTestCase_closure1.call(CallTestCaseKeyword.groovy)
	at com.kms.katalon.core.keyword.internal.KeywordMain.runKeyword(KeywordMain.groovy:75)
	at com.kms.katalon.core.keyword.builtin.CallTestCaseKeyword.callTestCase(CallTestCaseKeyword.groovy:81)
	at com.kms.katalon.core.keyword.builtin.CallTestCaseKeyword.execute(CallTestCaseKeyword.groovy:44)
	at com.kms.katalon.core.keyword.internal.KeywordExecutor.executeKeywordForPlatform(KeywordExecutor.groovy:74)
	at com.kms.katalon.core.keyword.BuiltinKeywords.callTestCase(BuiltinKeywords.groovy:310)
	at java.base/jdk.internal.reflect.NativeMethodAccessorImpl.invoke0(Native Method)
	at java.base/jdk.internal.reflect.NativeMethodAccessorImpl.invoke(NativeMethodAccessorImpl.java:77)
	at java.base/jdk.internal.reflect.DelegatingMethodAccessorImpl.invoke(DelegatingMethodAccessorImpl.java:43)
	at com.kazurayam.ksbackyard.HighlightElement$_pandemic_closure1.doCall(HighlightElement.groovy:105)
	at jdk.internal.reflect.GeneratedMethodAccessor6.invoke(Unknown Source)
	at java.base/jdk.internal.reflect.DelegatingMethodAccessorImpl.invoke(DelegatingMethodAccessorImpl.java:43)
	at TNR R.TSPT Supp90-Visiteur.run(TNR R.TSPT Supp90-Visiteur:119)
	at com.kms.katalon.core.main.ScriptEngine.run(ScriptEngine.java:194)
	at com.kms.katalon.core.main.ScriptEngine.runScriptAsRawText(ScriptEngine.java:119)
	at com.kms.katalon.core.main.TestCaseExecutor.runScript(TestCaseExecutor.java:448)
	at com.kms.katalon.core.main.TestCaseExecutor.doExecute(TestCaseExecutor.java:439)
	at com.kms.katalon.core.main.TestCaseExecutor.processExecutionPhase(TestCaseExecutor.java:418)
	at com.kms.katalon.core.main.TestCaseExecutor.accessMainPhase(TestCaseExecutor.java:410)
	at com.kms.katalon.core.main.TestCaseExecutor.execute(TestCaseExecutor.java:285)
	at com.kms.katalon.core.common.CommonExecutor.accessTestCaseMainPhase(CommonExecutor.java:65)
	at com.kms.katalon.core.main.TestSuiteExecutor.accessTestSuiteMainPhase(TestSuiteExecutor.java:148)
	at com.kms.katalon.core.main.TestSuiteExecutor.execute(TestSuiteExecutor.java:106)
	at com.kms.katalon.core.main.TestCaseMain.startTestSuite(TestCaseMain.java:180)
	at TempTestSuite1704295324522.run(TempTestSuite1704295324522.groovy:36)
	at java.base/jdk.internal.reflect.NativeMethodAccessorImpl.invoke0(Native Method)
	at java.base/jdk.internal.reflect.NativeMethodAccessorImpl.invoke(NativeMethodAccessorImpl.java:77)
	at java.base/jdk.internal.reflect.DelegatingMethodAccessorImpl.invoke(DelegatingMethodAccessorImpl.java:43)
Caused by: com.kms.katalon.core.exception.StepFailedException: Unable to click on object 'Object Repository/Page_Verif_AccordeonMotifDeSejour_Agent/check_DemandeurContacte'
	at com.kms.katalon.core.webui.keyword.internal.WebUIKeywordMain.stepFailed(WebUIKeywordMain.groovy:64)
	at com.kms.katalon.core.webui.keyword.internal.WebUIKeywordMain.runKeyword(WebUIKeywordMain.groovy:26)
	at com.kms.katalon.core.webui.keyword.builtin.ClickKeyword.click(ClickKeyword.groovy:74)
	at com.kms.katalon.core.webui.keyword.builtin.ClickKeyword.execute(ClickKeyword.groovy:40)
	at com.kms.katalon.core.keyword.internal.KeywordExecutor.executeKeywordForPlatform(KeywordExecutor.groovy:74)
	at com.kms.katalon.core.webui.keyword.WebUiBuiltInKeywords.click(WebUiBuiltInKeywords.groovy:659)
	at jdk.internal.reflect.GeneratedMethodAccessor25.invoke(Unknown Source)
	at java.base/jdk.internal.reflect.DelegatingMethodAccessorImpl.invoke(DelegatingMethodAccessorImpl.java:43)
	at com.kazurayam.ksbackyard.HighlightElement$_pandemic_closure1.doCall(HighlightElement.groovy:105)
	at jdk.internal.reflect.GeneratedMethodAccessor6.invoke(Unknown Source)
	at java.base/jdk.internal.reflect.DelegatingMethodAccessorImpl.invoke(DelegatingMethodAccessorImpl.java:43)
	at Verif_AccordeonEtatCivilDuDemandeur.run(Verif_AccordeonEtatCivilDuDemandeur:235)
	at com.kms.katalon.core.main.ScriptEngine.run(ScriptEngine.java:194)
	at com.kms.katalon.core.main.ScriptEngine.runScriptAsRawText(ScriptEngine.java:119)
	at com.kms.katalon.core.main.TestCaseExecutor.runScript(TestCaseExecutor.java:448)
	at com.kms.katalon.core.main.TestCaseExecutor.doExecute(TestCaseExecutor.java:439)
	at com.kms.katalon.core.main.TestCaseExecutor.processExecutionPhase(TestCaseExecutor.java:418)
	at com.kms.katalon.core.main.TestCaseExecutor.accessMainPhase(TestCaseExecutor.java:410)
	at com.kms.katalon.core.main.TestCaseExecutor.execute(TestCaseExecutor.java:285)
	at com.kms.katalon.core.main.TestCaseMain.runTestCase(TestCaseMain.java:137)
	at com.kms.katalon.core.keyword.builtin.CallTestCaseKeyword$_callTestCase_closure1.doCall(CallTestCaseKeyword.groovy:59)
	... 28 more
Caused by: com.kms.katalon.core.webui.exception.WebElementNotFoundException: Web element with id: 'Object Repository/Page_Verif_AccordeonMotifDeSejour_Agent/check_DemandeurContacte' located by '/html/body/app-root/app-layout/div/div/div/app-navigation-layout/div[2]/app-demande-instruction/div/div[1]/form/p-accordion/div/p-accordiontab[9]/div[2]/div/div/div[2]/anef-input-check/div/div/p-checkbox/label' not found
	at com.kms.katalon.core.webui.common.WebUiCommonHelper.findWebElement(WebUiCommonHelper.java:1379)
	at com.kms.katalon.core.webui.keyword.internal.WebUIAbstractKeyword.findWebElement(WebUIAbstractKeyword.groovy:27)
	at com.kms.katalon.core.webui.keyword.builtin.ClickKeyword$_click_closure1.doCall(ClickKeyword.groovy:65)
	at com.kms.katalon.core.webui.keyword.builtin.ClickKeyword$_click_closure1.call(ClickKeyword.groovy)
	at com.kms.katalon.core.webui.keyword.internal.WebUIKeywordMain.runKeyword(WebUIKeywordMain.groovy:20)
	... 47 more
)

03-01-2024T16:27:38 - [TEST_STEP][PASSED] - Video: Video recording for test case 'Test Cases/Cas D Utilisations/Usager Etudiant/TNR R.TSPT Supp90-Visiteur' .

03-01-2024T16:27:38 - [MESSAGE][INFO] - Video recording for test case 'Test Cases/Cas D Utilisations/Usager Etudiant/TNR R.TSPT Supp90-Visiteur' .]]></system-out>
         <system-err><![CDATA[03-01-2024T16:22:15 - [TEST_CASE][FAILED] - Test Cases/Cas D Utilisations/Usager Etudiant/TNR R.TSPT Supp90-Visiteur: Test Cases/Cas D Utilisations/Usager Etudiant/TNR R.TSPT Supp90-Visiteur FAILED.
Reason:
com.kms.katalon.core.exception.StepFailedException: Call Test Case 'Test Cases/Test Reutilisable/AgentTraitementDemande/Verif_AccordeonEtatCivilDuDemandeur' failed
	at com.kms.katalon.core.keyword.builtin.CallTestCaseKeyword$_callTestCase_closure1.doCall(CallTestCaseKeyword.groovy:63)
	at com.kms.katalon.core.keyword.builtin.CallTestCaseKeyword$_callTestCase_closure1.call(CallTestCaseKeyword.groovy)
	at com.kms.katalon.core.keyword.internal.KeywordMain.runKeyword(KeywordMain.groovy:75)
	at com.kms.katalon.core.keyword.builtin.CallTestCaseKeyword.callTestCase(CallTestCaseKeyword.groovy:81)
	at com.kms.katalon.core.keyword.builtin.CallTestCaseKeyword.execute(CallTestCaseKeyword.groovy:44)
	at com.kms.katalon.core.keyword.internal.KeywordExecutor.executeKeywordForPlatform(KeywordExecutor.groovy:74)
	at com.kms.katalon.core.keyword.BuiltinKeywords.callTestCase(BuiltinKeywords.groovy:310)
	at java.base/jdk.internal.reflect.NativeMethodAccessorImpl.invoke0(Native Method)
	at java.base/jdk.internal.reflect.NativeMethodAccessorImpl.invoke(NativeMethodAccessorImpl.java:77)
	at java.base/jdk.internal.reflect.DelegatingMethodAccessorImpl.invoke(DelegatingMethodAccessorImpl.java:43)
	at com.kazurayam.ksbackyard.HighlightElement$_pandemic_closure1.doCall(HighlightElement.groovy:105)
	at jdk.internal.reflect.GeneratedMethodAccessor6.invoke(Unknown Source)
	at java.base/jdk.internal.reflect.DelegatingMethodAccessorImpl.invoke(DelegatingMethodAccessorImpl.java:43)
	at TNR R.TSPT Supp90-Visiteur.run(TNR R.TSPT Supp90-Visiteur:119)
	at com.kms.katalon.core.main.ScriptEngine.run(ScriptEngine.java:194)
	at com.kms.katalon.core.main.ScriptEngine.runScriptAsRawText(ScriptEngine.java:119)
	at com.kms.katalon.core.main.TestCaseExecutor.runScript(TestCaseExecutor.java:448)
	at com.kms.katalon.core.main.TestCaseExecutor.doExecute(TestCaseExecutor.java:439)
	at com.kms.katalon.core.main.TestCaseExecutor.processExecutionPhase(TestCaseExecutor.java:418)
	at com.kms.katalon.core.main.TestCaseExecutor.accessMainPhase(TestCaseExecutor.java:410)
	at com.kms.katalon.core.main.TestCaseExecutor.execute(TestCaseExecutor.java:285)
	at com.kms.katalon.core.common.CommonExecutor.accessTestCaseMainPhase(CommonExecutor.java:65)
	at com.kms.katalon.core.main.TestSuiteExecutor.accessTestSuiteMainPhase(TestSuiteExecutor.java:148)
	at com.kms.katalon.core.main.TestSuiteExecutor.execute(TestSuiteExecutor.java:106)
	at com.kms.katalon.core.main.TestCaseMain.startTestSuite(TestCaseMain.java:180)
	at TempTestSuite1704295324522.run(TempTestSuite1704295324522.groovy:36)
	at java.base/jdk.internal.reflect.NativeMethodAccessorImpl.invoke0(Native Method)
	at java.base/jdk.internal.reflect.NativeMethodAccessorImpl.invoke(NativeMethodAccessorImpl.java:77)
	at java.base/jdk.internal.reflect.DelegatingMethodAccessorImpl.invoke(DelegatingMethodAccessorImpl.java:43)
Caused by: com.kms.katalon.core.exception.StepFailedException: Unable to click on object 'Object Repository/Page_Verif_AccordeonMotifDeSejour_Agent/check_DemandeurContacte'
	at com.kms.katalon.core.webui.keyword.internal.WebUIKeywordMain.stepFailed(WebUIKeywordMain.groovy:64)
	at com.kms.katalon.core.webui.keyword.internal.WebUIKeywordMain.runKeyword(WebUIKeywordMain.groovy:26)
	at com.kms.katalon.core.webui.keyword.builtin.ClickKeyword.click(ClickKeyword.groovy:74)
	at com.kms.katalon.core.webui.keyword.builtin.ClickKeyword.execute(ClickKeyword.groovy:40)
	at com.kms.katalon.core.keyword.internal.KeywordExecutor.executeKeywordForPlatform(KeywordExecutor.groovy:74)
	at com.kms.katalon.core.webui.keyword.WebUiBuiltInKeywords.click(WebUiBuiltInKeywords.groovy:659)
	at jdk.internal.reflect.GeneratedMethodAccessor25.invoke(Unknown Source)
	at java.base/jdk.internal.reflect.DelegatingMethodAccessorImpl.invoke(DelegatingMethodAccessorImpl.java:43)
	at com.kazurayam.ksbackyard.HighlightElement$_pandemic_closure1.doCall(HighlightElement.groovy:105)
	at jdk.internal.reflect.GeneratedMethodAccessor6.invoke(Unknown Source)
	at java.base/jdk.internal.reflect.DelegatingMethodAccessorImpl.invoke(DelegatingMethodAccessorImpl.java:43)
	at Verif_AccordeonEtatCivilDuDemandeur.run(Verif_AccordeonEtatCivilDuDemandeur:235)
	at com.kms.katalon.core.main.ScriptEngine.run(ScriptEngine.java:194)
	at com.kms.katalon.core.main.ScriptEngine.runScriptAsRawText(ScriptEngine.java:119)
	at com.kms.katalon.core.main.TestCaseExecutor.runScript(TestCaseExecutor.java:448)
	at com.kms.katalon.core.main.TestCaseExecutor.doExecute(TestCaseExecutor.java:439)
	at com.kms.katalon.core.main.TestCaseExecutor.processExecutionPhase(TestCaseExecutor.java:418)
	at com.kms.katalon.core.main.TestCaseExecutor.accessMainPhase(TestCaseExecutor.java:410)
	at com.kms.katalon.core.main.TestCaseExecutor.execute(TestCaseExecutor.java:285)
	at com.kms.katalon.core.main.TestCaseMain.runTestCase(TestCaseMain.java:137)
	at com.kms.katalon.core.keyword.builtin.CallTestCaseKeyword$_callTestCase_closure1.doCall(CallTestCaseKeyword.groovy:59)
	... 28 more
Caused by: com.kms.katalon.core.webui.exception.WebElementNotFoundException: Web element with id: 'Object Repository/Page_Verif_AccordeonMotifDeSejour_Agent/check_DemandeurContacte' located by '/html/body/app-root/app-layout/div/div/div/app-navigation-layout/div[2]/app-demande-instruction/div/div[1]/form/p-accordion/div/p-accordiontab[9]/div[2]/div/div/div[2]/anef-input-check/div/div/p-checkbox/label' not found
	at com.kms.katalon.core.webui.common.WebUiCommonHelper.findWebElement(WebUiCommonHelper.java:1379)
	at com.kms.katalon.core.webui.keyword.internal.WebUIAbstractKeyword.findWebElement(WebUIAbstractKeyword.groovy:27)
	at com.kms.katalon.core.webui.keyword.builtin.ClickKeyword$_click_closure1.doCall(ClickKeyword.groovy:65)
	at com.kms.katalon.core.webui.keyword.builtin.ClickKeyword$_click_closure1.call(ClickKeyword.groovy)
	at com.kms.katalon.core.webui.keyword.internal.WebUIKeywordMain.runKeyword(WebUIKeywordMain.groovy:20)
	... 47 more]]></system-err>
      </testcase>
      <system-out><![CDATA[03-01-2024T16:22:14 - [TEST_SUITE][FAILED] - TS_TNR_R.TSPT_Suppo90: Test Cases/Cas D Utilisations/Usager Etudiant/TNR R.TSPT Supp90-Visiteur FAILED.
Reason:
com.kms.katalon.core.exception.StepFailedException: Call Test Case 'Test Cases/Test Reutilisable/AgentTraitementDemande/Verif_AccordeonEtatCivilDuDemandeur' failed
	at com.kms.katalon.core.keyword.builtin.CallTestCaseKeyword$_callTestCase_closure1.doCall(CallTestCaseKeyword.groovy:63)
	at com.kms.katalon.core.keyword.builtin.CallTestCaseKeyword$_callTestCase_closure1.call(CallTestCaseKeyword.groovy)
	at com.kms.katalon.core.keyword.internal.KeywordMain.runKeyword(KeywordMain.groovy:75)
	at com.kms.katalon.core.keyword.builtin.CallTestCaseKeyword.callTestCase(CallTestCaseKeyword.groovy:81)
	at com.kms.katalon.core.keyword.builtin.CallTestCaseKeyword.execute(CallTestCaseKeyword.groovy:44)
	at com.kms.katalon.core.keyword.internal.KeywordExecutor.executeKeywordForPlatform(KeywordExecutor.groovy:74)
	at com.kms.katalon.core.keyword.BuiltinKeywords.callTestCase(BuiltinKeywords.groovy:310)
	at java.base/jdk.internal.reflect.NativeMethodAccessorImpl.invoke0(Native Method)
	at java.base/jdk.internal.reflect.NativeMethodAccessorImpl.invoke(NativeMethodAccessorImpl.java:77)
	at java.base/jdk.internal.reflect.DelegatingMethodAccessorImpl.invoke(DelegatingMethodAccessorImpl.java:43)
	at com.kazurayam.ksbackyard.HighlightElement$_pandemic_closure1.doCall(HighlightElement.groovy:105)
	at jdk.internal.reflect.GeneratedMethodAccessor6.invoke(Unknown Source)
	at java.base/jdk.internal.reflect.DelegatingMethodAccessorImpl.invoke(DelegatingMethodAccessorImpl.java:43)
	at TNR R.TSPT Supp90-Visiteur.run(TNR R.TSPT Supp90-Visiteur:119)
	at com.kms.katalon.core.main.ScriptEngine.run(ScriptEngine.java:194)
	at com.kms.katalon.core.main.ScriptEngine.runScriptAsRawText(ScriptEngine.java:119)
	at com.kms.katalon.core.main.TestCaseExecutor.runScript(TestCaseExecutor.java:448)
	at com.kms.katalon.core.main.TestCaseExecutor.doExecute(TestCaseExecutor.java:439)
	at com.kms.katalon.core.main.TestCaseExecutor.processExecutionPhase(TestCaseExecutor.java:418)
	at com.kms.katalon.core.main.TestCaseExecutor.accessMainPhase(TestCaseExecutor.java:410)
	at com.kms.katalon.core.main.TestCaseExecutor.execute(TestCaseExecutor.java:285)
	at com.kms.katalon.core.common.CommonExecutor.accessTestCaseMainPhase(CommonExecutor.java:65)
	at com.kms.katalon.core.main.TestSuiteExecutor.accessTestSuiteMainPhase(TestSuiteExecutor.java:148)
	at com.kms.katalon.core.main.TestSuiteExecutor.execute(TestSuiteExecutor.java:106)
	at com.kms.katalon.core.main.TestCaseMain.startTestSuite(TestCaseMain.java:180)
	at TempTestSuite1704295324522.run(TempTestSuite1704295324522.groovy:36)
	at java.base/jdk.internal.reflect.NativeMethodAccessorImpl.invoke0(Native Method)
	at java.base/jdk.internal.reflect.NativeMethodAccessorImpl.invoke(NativeMethodAccessorImpl.java:77)
	at java.base/jdk.internal.reflect.DelegatingMethodAccessorImpl.invoke(DelegatingMethodAccessorImpl.java:43)
Caused by: com.kms.katalon.core.exception.StepFailedException: Unable to click on object 'Object Repository/Page_Verif_AccordeonMotifDeSejour_Agent/check_DemandeurContacte'
	at com.kms.katalon.core.webui.keyword.internal.WebUIKeywordMain.stepFailed(WebUIKeywordMain.groovy:64)
	at com.kms.katalon.core.webui.keyword.internal.WebUIKeywordMain.runKeyword(WebUIKeywordMain.groovy:26)
	at com.kms.katalon.core.webui.keyword.builtin.ClickKeyword.click(ClickKeyword.groovy:74)
	at com.kms.katalon.core.webui.keyword.builtin.ClickKeyword.execute(ClickKeyword.groovy:40)
	at com.kms.katalon.core.keyword.internal.KeywordExecutor.executeKeywordForPlatform(KeywordExecutor.groovy:74)
	at com.kms.katalon.core.webui.keyword.WebUiBuiltInKeywords.click(WebUiBuiltInKeywords.groovy:659)
	at jdk.internal.reflect.GeneratedMethodAccessor25.invoke(Unknown Source)
	at java.base/jdk.internal.reflect.DelegatingMethodAccessorImpl.invoke(DelegatingMethodAccessorImpl.java:43)
	at com.kazurayam.ksbackyard.HighlightElement$_pandemic_closure1.doCall(HighlightElement.groovy:105)
	at jdk.internal.reflect.GeneratedMethodAccessor6.invoke(Unknown Source)
	at java.base/jdk.internal.reflect.DelegatingMethodAccessorImpl.invoke(DelegatingMethodAccessorImpl.java:43)
	at Verif_AccordeonEtatCivilDuDemandeur.run(Verif_AccordeonEtatCivilDuDemandeur:235)
	at com.kms.katalon.core.main.ScriptEngine.run(ScriptEngine.java:194)
	at com.kms.katalon.core.main.ScriptEngine.runScriptAsRawText(ScriptEngine.java:119)
	at com.kms.katalon.core.main.TestCaseExecutor.runScript(TestCaseExecutor.java:448)
	at com.kms.katalon.core.main.TestCaseExecutor.doExecute(TestCaseExecutor.java:439)
	at com.kms.katalon.core.main.TestCaseExecutor.processExecutionPhase(TestCaseExecutor.java:418)
	at com.kms.katalon.core.main.TestCaseExecutor.accessMainPhase(TestCaseExecutor.java:410)
	at com.kms.katalon.core.main.TestCaseExecutor.execute(TestCaseExecutor.java:285)
	at com.kms.katalon.core.main.TestCaseMain.runTestCase(TestCaseMain.java:137)
	at com.kms.katalon.core.keyword.builtin.CallTestCaseKeyword$_callTestCase_closure1.doCall(CallTestCaseKeyword.groovy:59)
	... 28 more
Caused by: com.kms.katalon.core.webui.exception.WebElementNotFoundException: Web element with id: 'Object Repository/Page_Verif_AccordeonMotifDeSejour_Agent/check_DemandeurContacte' located by '/html/body/app-root/app-layout/div/div/div/app-navigation-layout/div[2]/app-demande-instruction/div/div[1]/form/p-accordion/div/p-accordiontab[9]/div[2]/div/div/div[2]/anef-input-check/div/div/p-checkbox/label' not found
	at com.kms.katalon.core.webui.common.WebUiCommonHelper.findWebElement(WebUiCommonHelper.java:1379)
	at com.kms.katalon.core.webui.keyword.internal.WebUIAbstractKeyword.findWebElement(WebUIAbstractKeyword.groovy:27)
	at com.kms.katalon.core.webui.keyword.builtin.ClickKeyword$_click_closure1.doCall(ClickKeyword.groovy:65)
	at com.kms.katalon.core.webui.keyword.builtin.ClickKeyword$_click_closure1.call(ClickKeyword.groovy)
	at com.kms.katalon.core.webui.keyword.internal.WebUIKeywordMain.runKeyword(WebUIKeywordMain.groovy:20)
	... 47 more]]></system-out>
      <system-err><![CDATA[03-01-2024T16:22:14 - [TEST_SUITE][FAILED] - TS_TNR_R.TSPT_Suppo90: Test Cases/Cas D Utilisations/Usager Etudiant/TNR R.TSPT Supp90-Visiteur FAILED.
Reason:
com.kms.katalon.core.exception.StepFailedException: Call Test Case 'Test Cases/Test Reutilisable/AgentTraitementDemande/Verif_AccordeonEtatCivilDuDemandeur' failed
	at com.kms.katalon.core.keyword.builtin.CallTestCaseKeyword$_callTestCase_closure1.doCall(CallTestCaseKeyword.groovy:63)
	at com.kms.katalon.core.keyword.builtin.CallTestCaseKeyword$_callTestCase_closure1.call(CallTestCaseKeyword.groovy)
	at com.kms.katalon.core.keyword.internal.KeywordMain.runKeyword(KeywordMain.groovy:75)
	at com.kms.katalon.core.keyword.builtin.CallTestCaseKeyword.callTestCase(CallTestCaseKeyword.groovy:81)
	at com.kms.katalon.core.keyword.builtin.CallTestCaseKeyword.execute(CallTestCaseKeyword.groovy:44)
	at com.kms.katalon.core.keyword.internal.KeywordExecutor.executeKeywordForPlatform(KeywordExecutor.groovy:74)
	at com.kms.katalon.core.keyword.BuiltinKeywords.callTestCase(BuiltinKeywords.groovy:310)
	at java.base/jdk.internal.reflect.NativeMethodAccessorImpl.invoke0(Native Method)
	at java.base/jdk.internal.reflect.NativeMethodAccessorImpl.invoke(NativeMethodAccessorImpl.java:77)
	at java.base/jdk.internal.reflect.DelegatingMethodAccessorImpl.invoke(DelegatingMethodAccessorImpl.java:43)
	at com.kazurayam.ksbackyard.HighlightElement$_pandemic_closure1.doCall(HighlightElement.groovy:105)
	at jdk.internal.reflect.GeneratedMethodAccessor6.invoke(Unknown Source)
	at java.base/jdk.internal.reflect.DelegatingMethodAccessorImpl.invoke(DelegatingMethodAccessorImpl.java:43)
	at TNR R.TSPT Supp90-Visiteur.run(TNR R.TSPT Supp90-Visiteur:119)
	at com.kms.katalon.core.main.ScriptEngine.run(ScriptEngine.java:194)
	at com.kms.katalon.core.main.ScriptEngine.runScriptAsRawText(ScriptEngine.java:119)
	at com.kms.katalon.core.main.TestCaseExecutor.runScript(TestCaseExecutor.java:448)
	at com.kms.katalon.core.main.TestCaseExecutor.doExecute(TestCaseExecutor.java:439)
	at com.kms.katalon.core.main.TestCaseExecutor.processExecutionPhase(TestCaseExecutor.java:418)
	at com.kms.katalon.core.main.TestCaseExecutor.accessMainPhase(TestCaseExecutor.java:410)
	at com.kms.katalon.core.main.TestCaseExecutor.execute(TestCaseExecutor.java:285)
	at com.kms.katalon.core.common.CommonExecutor.accessTestCaseMainPhase(CommonExecutor.java:65)
	at com.kms.katalon.core.main.TestSuiteExecutor.accessTestSuiteMainPhase(TestSuiteExecutor.java:148)
	at com.kms.katalon.core.main.TestSuiteExecutor.execute(TestSuiteExecutor.java:106)
	at com.kms.katalon.core.main.TestCaseMain.startTestSuite(TestCaseMain.java:180)
	at TempTestSuite1704295324522.run(TempTestSuite1704295324522.groovy:36)
	at java.base/jdk.internal.reflect.NativeMethodAccessorImpl.invoke0(Native Method)
	at java.base/jdk.internal.reflect.NativeMethodAccessorImpl.invoke(NativeMethodAccessorImpl.java:77)
	at java.base/jdk.internal.reflect.DelegatingMethodAccessorImpl.invoke(DelegatingMethodAccessorImpl.java:43)
Caused by: com.kms.katalon.core.exception.StepFailedException: Unable to click on object 'Object Repository/Page_Verif_AccordeonMotifDeSejour_Agent/check_DemandeurContacte'
	at com.kms.katalon.core.webui.keyword.internal.WebUIKeywordMain.stepFailed(WebUIKeywordMain.groovy:64)
	at com.kms.katalon.core.webui.keyword.internal.WebUIKeywordMain.runKeyword(WebUIKeywordMain.groovy:26)
	at com.kms.katalon.core.webui.keyword.builtin.ClickKeyword.click(ClickKeyword.groovy:74)
	at com.kms.katalon.core.webui.keyword.builtin.ClickKeyword.execute(ClickKeyword.groovy:40)
	at com.kms.katalon.core.keyword.internal.KeywordExecutor.executeKeywordForPlatform(KeywordExecutor.groovy:74)
	at com.kms.katalon.core.webui.keyword.WebUiBuiltInKeywords.click(WebUiBuiltInKeywords.groovy:659)
	at jdk.internal.reflect.GeneratedMethodAccessor25.invoke(Unknown Source)
	at java.base/jdk.internal.reflect.DelegatingMethodAccessorImpl.invoke(DelegatingMethodAccessorImpl.java:43)
	at com.kazurayam.ksbackyard.HighlightElement$_pandemic_closure1.doCall(HighlightElement.groovy:105)
	at jdk.internal.reflect.GeneratedMethodAccessor6.invoke(Unknown Source)
	at java.base/jdk.internal.reflect.DelegatingMethodAccessorImpl.invoke(DelegatingMethodAccessorImpl.java:43)
	at Verif_AccordeonEtatCivilDuDemandeur.run(Verif_AccordeonEtatCivilDuDemandeur:235)
	at com.kms.katalon.core.main.ScriptEngine.run(ScriptEngine.java:194)
	at com.kms.katalon.core.main.ScriptEngine.runScriptAsRawText(ScriptEngine.java:119)
	at com.kms.katalon.core.main.TestCaseExecutor.runScript(TestCaseExecutor.java:448)
	at com.kms.katalon.core.main.TestCaseExecutor.doExecute(TestCaseExecutor.java:439)
	at com.kms.katalon.core.main.TestCaseExecutor.processExecutionPhase(TestCaseExecutor.java:418)
	at com.kms.katalon.core.main.TestCaseExecutor.accessMainPhase(TestCaseExecutor.java:410)
	at com.kms.katalon.core.main.TestCaseExecutor.execute(TestCaseExecutor.java:285)
	at com.kms.katalon.core.main.TestCaseMain.runTestCase(TestCaseMain.java:137)
	at com.kms.katalon.core.keyword.builtin.CallTestCaseKeyword$_callTestCase_closure1.doCall(CallTestCaseKeyword.groovy:59)
	... 28 more
Caused by: com.kms.katalon.core.webui.exception.WebElementNotFoundException: Web element with id: 'Object Repository/Page_Verif_AccordeonMotifDeSejour_Agent/check_DemandeurContacte' located by '/html/body/app-root/app-layout/div/div/div/app-navigation-layout/div[2]/app-demande-instruction/div/div[1]/form/p-accordion/div/p-accordiontab[9]/div[2]/div/div/div[2]/anef-input-check/div/div/p-checkbox/label' not found
	at com.kms.katalon.core.webui.common.WebUiCommonHelper.findWebElement(WebUiCommonHelper.java:1379)
	at com.kms.katalon.core.webui.keyword.internal.WebUIAbstractKeyword.findWebElement(WebUIAbstractKeyword.groovy:27)
	at com.kms.katalon.core.webui.keyword.builtin.ClickKeyword$_click_closure1.doCall(ClickKeyword.groovy:65)
	at com.kms.katalon.core.webui.keyword.builtin.ClickKeyword$_click_closure1.call(ClickKeyword.groovy)
	at com.kms.katalon.core.webui.keyword.internal.WebUIKeywordMain.runKeyword(WebUIKeywordMain.groovy:20)
	... 47 more]]></system-err>
   </testsuite>
</testsuites>
