<?xml version="1.0" encoding="UTF-8"?>
<testsuites name="TS_TNR_R.TSPT_Suppo90" time="338.908" tests="1" failures="1" errors="0">
   <testsuite name="TS_TNR_R.TSPT_Suppo90" tests="1" failures="1" errors="0" time="338.908" skipped="0" timestamp="03-01-2024T15:36:40" hostname="issam.rharbaoui - FR-L5448059.groupinfra.com" id="Test Suites/TS_TNR_R.TSPT_Suppo90">
      <properties>
         <property name="deviceName" value=""/>
         <property name="devicePlatform" value=""/>
         <property name="logFolder" value="C:\\Users\\ISSAM.RHARBAOUI\\git\\ANEF-RenouvellementSejour\\Reports\\20240103_153630\\TS_TNR_R.TSPT_Suppo90\\20240103_153630"/>
         <property name="logFiles" value="C:\\Users\\ISSAM.RHARBAOUI\\git\\ANEF-RenouvellementSejour\\Reports\\20240103_153630\\TS_TNR_R.TSPT_Suppo90\\20240103_153630\\execution0.log"/>
         <property name="attachments" value="C:\\Users\\ISSAM.RHARBAOUI\\git\\ANEF-RenouvellementSejour\\Reports\\20240103_153630\\TS_TNR_R.TSPT_Suppo90\\20240103_153630\\1704292701049.png, C:\\Users\\ISSAM.RHARBAOUI\\git\\ANEF-RenouvellementSejour\\Reports\\20240103_153630\\TS_TNR_R.TSPT_Suppo90\\20240103_153630\\1704292707994.png, C:\\Users\\ISSAM.RHARBAOUI\\git\\ANEF-RenouvellementSejour\\Reports\\20240103_153630\\TS_TNR_R.TSPT_Suppo90\\20240103_153630\\1704292824181.png, C:\\Users\\ISSAM.RHARBAOUI\\git\\ANEF-RenouvellementSejour\\Reports\\20240103_153630\\TS_TNR_R.TSPT_Suppo90\\20240103_153630\\1704292873691.png, C:\\Users\\ISSAM.RHARBAOUI\\git\\ANEF-RenouvellementSejour\\Reports\\20240103_153630\\TS_TNR_R.TSPT_Suppo90\\20240103_153630\\1704292903855.png, C:\\Users\\ISSAM.RHARBAOUI\\git\\ANEF-RenouvellementSejour\\Reports\\20240103_153630\\TS_TNR_R.TSPT_Suppo90\\20240103_153630\\1704292935226.png"/>
         <property name="hostName" value="issam.rharbaoui - FR-L5448059.groupinfra.com"/>
         <property name="os" value="Windows 10 64bit"/>
         <property name="katalonVersion" value="9.1.0.212"/>
         <property name="browser" value="Chrome 120.0.0.0"/>
         <property name="hostAddress" value="192.168.1.134"/>
         <property name="sessionId" value="91d4e1aa0044b5ae8a5acd228946fbfd"/>
         <property name="seleniumVersion" value="3.141.59"/>
         <property name="proxyInformation" value="ProxyInformation { proxyOption=NO_PROXY, proxyServerType=HTTP, username=, password=********, proxyServerAddress=, proxyServerPort=0, executionList=&quot;&quot;, isApplyToDesiredCapabilities=true }"/>
         <property name="platform" value="Windows 10"/>
      </properties>
      <testcase name="Test Cases/Cas D Utilisations/Usager Etudiant/TNR R.TSPT Supp90-Visiteur" time="338.095" classname="Test Cases/Cas D Utilisations/Usager Etudiant/TNR R.TSPT Supp90-Visiteur" status="FAILED">
         <failure type="FAILED" message="Test Cases/Cas D Utilisations/Usager Etudiant/TNR R.TSPT Supp90-Visiteur FAILED.&#xa;Reason:&#xa;com.kms.katalon.core.exception.StepFailedException: Call Test Case 'Test Cases/Test Reutilisable/DemandeOuRenouvelle_TitreSejour/FormulaireMotifDeLaDemande' failed&#xa;	at com.kms.katalon.core.keyword.builtin.CallTestCaseKeyword$_callTestCase_closure1.doCall(CallTestCaseKeyword.groovy:63)&#xa;	at com.kms.katalon.core.keyword.builtin.CallTestCaseKeyword$_callTestCase_closure1.call(CallTestCaseKeyword.groovy)&#xa;	at com.kms.katalon.core.keyword.internal.KeywordMain.runKeyword(KeywordMain.groovy:75)&#xa;	at com.kms.katalon.core.keyword.builtin.CallTestCaseKeyword.callTestCase(CallTestCaseKeyword.groovy:81)&#xa;	at com.kms.katalon.core.keyword.builtin.CallTestCaseKeyword.execute(CallTestCaseKeyword.groovy:44)&#xa;	at com.kms.katalon.core.keyword.internal.KeywordExecutor.executeKeywordForPlatform(KeywordExecutor.groovy:74)&#xa;	at com.kms.katalon.core.keyword.BuiltinKeywords.callTestCase(BuiltinKeywords.groovy:310)&#xa;	at java.base/jdk.internal.reflect.NativeMethodAccessorImpl.invoke0(Native Method)&#xa;	at java.base/jdk.internal.reflect.NativeMethodAccessorImpl.invoke(NativeMethodAccessorImpl.java:77)&#xa;	at java.base/jdk.internal.reflect.DelegatingMethodAccessorImpl.invoke(DelegatingMethodAccessorImpl.java:43)&#xa;	at com.kazurayam.ksbackyard.HighlightElement$_pandemic_closure1.doCall(HighlightElement.groovy:105)&#xa;	at jdk.internal.reflect.GeneratedMethodAccessor5.invoke(Unknown Source)&#xa;	at java.base/jdk.internal.reflect.DelegatingMethodAccessorImpl.invoke(DelegatingMethodAccessorImpl.java:43)&#xa;	at TNR R.TSPT Supp90-Visiteur.run(TNR R.TSPT Supp90-Visiteur:52)&#xa;	at com.kms.katalon.core.main.ScriptEngine.run(ScriptEngine.java:194)&#xa;	at com.kms.katalon.core.main.ScriptEngine.runScriptAsRawText(ScriptEngine.java:119)&#xa;	at com.kms.katalon.core.main.TestCaseExecutor.runScript(TestCaseExecutor.java:448)&#xa;	at com.kms.katalon.core.main.TestCaseExecutor.doExecute(TestCaseExecutor.java:439)&#xa;	at com.kms.katalon.core.main.TestCaseExecutor.processExecutionPhase(TestCaseExecutor.java:418)&#xa;	at com.kms.katalon.core.main.TestCaseExecutor.accessMainPhase(TestCaseExecutor.java:410)&#xa;	at com.kms.katalon.core.main.TestCaseExecutor.execute(TestCaseExecutor.java:285)&#xa;	at com.kms.katalon.core.common.CommonExecutor.accessTestCaseMainPhase(CommonExecutor.java:65)&#xa;	at com.kms.katalon.core.main.TestSuiteExecutor.accessTestSuiteMainPhase(TestSuiteExecutor.java:148)&#xa;	at com.kms.katalon.core.main.TestSuiteExecutor.execute(TestSuiteExecutor.java:106)&#xa;	at com.kms.katalon.core.main.TestCaseMain.startTestSuite(TestCaseMain.java:180)&#xa;	at TempTestSuite1704292590673.run(TempTestSuite1704292590673.groovy:36)&#xa;	at java.base/jdk.internal.reflect.NativeMethodAccessorImpl.invoke0(Native Method)&#xa;	at java.base/jdk.internal.reflect.NativeMethodAccessorImpl.invoke(NativeMethodAccessorImpl.java:77)&#xa;	at java.base/jdk.internal.reflect.DelegatingMethodAccessorImpl.invoke(DelegatingMethodAccessorImpl.java:43)&#xa;Caused by: com.kms.katalon.core.exception.StepFailedException: Unable to check object 'Object Repository/Page_MotifDeLaDemande_Usager/CheckBox_JetaisEtudiantEnFrance_Non'&#xa;	at com.kms.katalon.core.webui.keyword.internal.WebUIKeywordMain.stepFailed(WebUIKeywordMain.groovy:64)&#xa;	at com.kms.katalon.core.webui.keyword.internal.WebUIKeywordMain.runKeyword(WebUIKeywordMain.groovy:26)&#xa;	at com.kms.katalon.core.webui.keyword.builtin.CheckKeyword.check(CheckKeyword.groovy:88)&#xa;	at com.kms.katalon.core.webui.keyword.builtin.CheckKeyword.execute(CheckKeyword.groovy:67)&#xa;	at com.kms.katalon.core.keyword.internal.KeywordExecutor.executeKeywordForPlatform(KeywordExecutor.groovy:74)&#xa;	at com.kms.katalon.core.webui.keyword.WebUiBuiltInKeywords.check(WebUiBuiltInKeywords.groovy:1108)&#xa;	at java.base/jdk.internal.reflect.NativeMethodAccessorImpl.invoke0(Native Method)&#xa;	at java.base/jdk.internal.reflect.NativeMethodAccessorImpl.invoke(NativeMethodAccessorImpl.java:77)&#xa;	at java.base/jdk.internal.reflect.DelegatingMethodAccessorImpl.invoke(DelegatingMethodAccessorImpl.java:43)&#xa;	at com.kazurayam.ksbackyard.HighlightElement$_pandemic_closure1.doCall(HighlightElement.groovy:105)&#xa;	at jdk.internal.reflect.GeneratedMethodAccessor5.invoke(Unknown Source)&#xa;	at java.base/jdk.internal.reflect.DelegatingMethodAccessorImpl.invoke(DelegatingMethodAccessorImpl.java:43)&#xa;	at FormulaireMotifDeLaDemande.run(FormulaireMotifDeLaDemande:53)&#xa;	at com.kms.katalon.core.main.ScriptEngine.run(ScriptEngine.java:194)&#xa;	at com.kms.katalon.core.main.ScriptEngine.runScriptAsRawText(ScriptEngine.java:119)&#xa;	at com.kms.katalon.core.main.TestCaseExecutor.runScript(TestCaseExecutor.java:448)&#xa;	at com.kms.katalon.core.main.TestCaseExecutor.doExecute(TestCaseExecutor.java:439)&#xa;	at com.kms.katalon.core.main.TestCaseExecutor.processExecutionPhase(TestCaseExecutor.java:418)&#xa;	at com.kms.katalon.core.main.TestCaseExecutor.accessMainPhase(TestCaseExecutor.java:410)&#xa;	at com.kms.katalon.core.main.TestCaseExecutor.execute(TestCaseExecutor.java:285)&#xa;	at com.kms.katalon.core.main.TestCaseMain.runTestCase(TestCaseMain.java:137)&#xa;	at com.kms.katalon.core.keyword.builtin.CallTestCaseKeyword$_callTestCase_closure1.doCall(CallTestCaseKeyword.groovy:59)&#xa;	... 28 more&#xa;Caused by: org.openqa.selenium.ElementNotInteractableException: element not interactable&#xa;  (Session info: chrome=120.0.6099.130)&#xa;Build info: version: '3.141.59', revision: 'e82be7d358', time: '2018-11-14T08:25:53'&#xa;System info: host: 'FR-L5448059', ip: '192.168.1.134', os.name: 'Windows 10', os.arch: 'amd64', os.version: '10.0', java.version: '17.0.7'&#xa;Driver info: com.kms.katalon.selenium.driver.CChromeDriver&#xa;Capabilities {acceptInsecureCerts: false, browserName: chrome, browserVersion: 120.0.6099.130, chrome: {chromedriverVersion: 119.0.6045.105 (38c72552c5e..., userDataDir: C:\Users\ISSAM~1.RHA\AppDat...}, fedcm:accounts: true, goog:chromeOptions: {debuggerAddress: localhost:58698}, javascriptEnabled: true, networkConnectionEnabled: false, pageLoadStrategy: normal, platform: WINDOWS, platformName: WINDOWS, proxy: Proxy(), setWindowRect: true, strictFileInteractability: false, timeouts: {implicit: 0, pageLoad: 300000, script: 30000}, unhandledPromptBehavior: dismiss and notify, webauthn:extension:credBlob: true, webauthn:extension:largeBlob: true, webauthn:extension:minPinLength: true, webauthn:extension:prf: true, webauthn:virtualAuthenticators: true}&#xa;Session ID: 91d4e1aa0044b5ae8a5acd228946fbfd&#xa;	at java.base/jdk.internal.reflect.NativeConstructorAccessorImpl.newInstance0(Native Method)&#xa;	at java.base/jdk.internal.reflect.NativeConstructorAccessorImpl.newInstance(NativeConstructorAccessorImpl.java:77)&#xa;	at java.base/jdk.internal.reflect.DelegatingConstructorAccessorImpl.newInstance(DelegatingConstructorAccessorImpl.java:45)&#xa;	at org.openqa.selenium.remote.http.W3CHttpResponseCodec.createException(W3CHttpResponseCodec.java:187)&#xa;	at org.openqa.selenium.remote.http.W3CHttpResponseCodec.decode(W3CHttpResponseCodec.java:122)&#xa;	at org.openqa.selenium.remote.http.W3CHttpResponseCodec.decode(W3CHttpResponseCodec.java:49)&#xa;	at org.openqa.selenium.remote.HttpCommandExecutor.execute(HttpCommandExecutor.java:158)&#xa;	at org.openqa.selenium.remote.service.DriverCommandExecutor.execute(DriverCommandExecutor.java:83)&#xa;	at org.openqa.selenium.remote.RemoteWebDriver.execute(RemoteWebDriver.java:552)&#xa;	at com.kms.katalon.selenium.driver.CChromeDriver.execute(CChromeDriver.java:19)&#xa;	at org.openqa.selenium.remote.RemoteWebElement.execute(RemoteWebElement.java:285)&#xa;	at org.openqa.selenium.remote.RemoteWebElement.click(RemoteWebElement.java:84)&#xa;	at jdk.internal.reflect.GeneratedMethodAccessor26.invoke(Unknown Source)&#xa;	at java.base/jdk.internal.reflect.DelegatingMethodAccessorImpl.invoke(DelegatingMethodAccessorImpl.java:43)&#xa;	at org.openqa.selenium.support.events.EventFiringWebDriver$EventFiringWebElement.lambda$new$0(EventFiringWebDriver.java:404)&#xa;	at jdk.proxy2/jdk.proxy2.$Proxy25.click(Unknown Source)&#xa;	at org.openqa.selenium.support.events.EventFiringWebDriver$EventFiringWebElement.click(EventFiringWebDriver.java:417)&#xa;	at com.kms.katalon.core.webui.keyword.builtin.CheckKeyword$_check_closure1.doCall(CheckKeyword.groovy:80)&#xa;	at com.kms.katalon.core.webui.keyword.builtin.CheckKeyword$_check_closure1.call(CheckKeyword.groovy)&#xa;	at com.kms.katalon.core.webui.keyword.internal.WebUIKeywordMain.runKeyword(WebUIKeywordMain.groovy:20)&#xa;	... 48 more&#xa;"/>
         <system-out><![CDATA[03-01-2024T15:36:41 - [TEST_CASE][FAILED] - Test Cases/Cas D Utilisations/Usager Etudiant/TNR R.TSPT Supp90-Visiteur: Test Cases/Cas D Utilisations/Usager Etudiant/TNR R.TSPT Supp90-Visiteur FAILED.
Reason:
com.kms.katalon.core.exception.StepFailedException: Call Test Case 'Test Cases/Test Reutilisable/DemandeOuRenouvelle_TitreSejour/FormulaireMotifDeLaDemande' failed
	at com.kms.katalon.core.keyword.builtin.CallTestCaseKeyword$_callTestCase_closure1.doCall(CallTestCaseKeyword.groovy:63)
	at com.kms.katalon.core.keyword.builtin.CallTestCaseKeyword$_callTestCase_closure1.call(CallTestCaseKeyword.groovy)
	at com.kms.katalon.core.keyword.internal.KeywordMain.runKeyword(KeywordMain.groovy:75)
	at com.kms.katalon.core.keyword.builtin.CallTestCaseKeyword.callTestCase(CallTestCaseKeyword.groovy:81)
	at com.kms.katalon.core.keyword.builtin.CallTestCaseKeyword.execute(CallTestCaseKeyword.groovy:44)
	at com.kms.katalon.core.keyword.internal.KeywordExecutor.executeKeywordForPlatform(KeywordExecutor.groovy:74)
	at com.kms.katalon.core.keyword.BuiltinKeywords.callTestCase(BuiltinKeywords.groovy:310)
	at java.base/jdk.internal.reflect.NativeMethodAccessorImpl.invoke0(Native Method)
	at java.base/jdk.internal.reflect.NativeMethodAccessorImpl.invoke(NativeMethodAccessorImpl.java:77)
	at java.base/jdk.internal.reflect.DelegatingMethodAccessorImpl.invoke(DelegatingMethodAccessorImpl.java:43)
	at com.kazurayam.ksbackyard.HighlightElement$_pandemic_closure1.doCall(HighlightElement.groovy:105)
	at jdk.internal.reflect.GeneratedMethodAccessor5.invoke(Unknown Source)
	at java.base/jdk.internal.reflect.DelegatingMethodAccessorImpl.invoke(DelegatingMethodAccessorImpl.java:43)
	at TNR R.TSPT Supp90-Visiteur.run(TNR R.TSPT Supp90-Visiteur:52)
	at com.kms.katalon.core.main.ScriptEngine.run(ScriptEngine.java:194)
	at com.kms.katalon.core.main.ScriptEngine.runScriptAsRawText(ScriptEngine.java:119)
	at com.kms.katalon.core.main.TestCaseExecutor.runScript(TestCaseExecutor.java:448)
	at com.kms.katalon.core.main.TestCaseExecutor.doExecute(TestCaseExecutor.java:439)
	at com.kms.katalon.core.main.TestCaseExecutor.processExecutionPhase(TestCaseExecutor.java:418)
	at com.kms.katalon.core.main.TestCaseExecutor.accessMainPhase(TestCaseExecutor.java:410)
	at com.kms.katalon.core.main.TestCaseExecutor.execute(TestCaseExecutor.java:285)
	at com.kms.katalon.core.common.CommonExecutor.accessTestCaseMainPhase(CommonExecutor.java:65)
	at com.kms.katalon.core.main.TestSuiteExecutor.accessTestSuiteMainPhase(TestSuiteExecutor.java:148)
	at com.kms.katalon.core.main.TestSuiteExecutor.execute(TestSuiteExecutor.java:106)
	at com.kms.katalon.core.main.TestCaseMain.startTestSuite(TestCaseMain.java:180)
	at TempTestSuite1704292590673.run(TempTestSuite1704292590673.groovy:36)
	at java.base/jdk.internal.reflect.NativeMethodAccessorImpl.invoke0(Native Method)
	at java.base/jdk.internal.reflect.NativeMethodAccessorImpl.invoke(NativeMethodAccessorImpl.java:77)
	at java.base/jdk.internal.reflect.DelegatingMethodAccessorImpl.invoke(DelegatingMethodAccessorImpl.java:43)
Caused by: com.kms.katalon.core.exception.StepFailedException: Unable to check object 'Object Repository/Page_MotifDeLaDemande_Usager/CheckBox_JetaisEtudiantEnFrance_Non'
	at com.kms.katalon.core.webui.keyword.internal.WebUIKeywordMain.stepFailed(WebUIKeywordMain.groovy:64)
	at com.kms.katalon.core.webui.keyword.internal.WebUIKeywordMain.runKeyword(WebUIKeywordMain.groovy:26)
	at com.kms.katalon.core.webui.keyword.builtin.CheckKeyword.check(CheckKeyword.groovy:88)
	at com.kms.katalon.core.webui.keyword.builtin.CheckKeyword.execute(CheckKeyword.groovy:67)
	at com.kms.katalon.core.keyword.internal.KeywordExecutor.executeKeywordForPlatform(KeywordExecutor.groovy:74)
	at com.kms.katalon.core.webui.keyword.WebUiBuiltInKeywords.check(WebUiBuiltInKeywords.groovy:1108)
	at java.base/jdk.internal.reflect.NativeMethodAccessorImpl.invoke0(Native Method)
	at java.base/jdk.internal.reflect.NativeMethodAccessorImpl.invoke(NativeMethodAccessorImpl.java:77)
	at java.base/jdk.internal.reflect.DelegatingMethodAccessorImpl.invoke(DelegatingMethodAccessorImpl.java:43)
	at com.kazurayam.ksbackyard.HighlightElement$_pandemic_closure1.doCall(HighlightElement.groovy:105)
	at jdk.internal.reflect.GeneratedMethodAccessor5.invoke(Unknown Source)
	at java.base/jdk.internal.reflect.DelegatingMethodAccessorImpl.invoke(DelegatingMethodAccessorImpl.java:43)
	at FormulaireMotifDeLaDemande.run(FormulaireMotifDeLaDemande:53)
	at com.kms.katalon.core.main.ScriptEngine.run(ScriptEngine.java:194)
	at com.kms.katalon.core.main.ScriptEngine.runScriptAsRawText(ScriptEngine.java:119)
	at com.kms.katalon.core.main.TestCaseExecutor.runScript(TestCaseExecutor.java:448)
	at com.kms.katalon.core.main.TestCaseExecutor.doExecute(TestCaseExecutor.java:439)
	at com.kms.katalon.core.main.TestCaseExecutor.processExecutionPhase(TestCaseExecutor.java:418)
	at com.kms.katalon.core.main.TestCaseExecutor.accessMainPhase(TestCaseExecutor.java:410)
	at com.kms.katalon.core.main.TestCaseExecutor.execute(TestCaseExecutor.java:285)
	at com.kms.katalon.core.main.TestCaseMain.runTestCase(TestCaseMain.java:137)
	at com.kms.katalon.core.keyword.builtin.CallTestCaseKeyword$_callTestCase_closure1.doCall(CallTestCaseKeyword.groovy:59)
	... 28 more
Caused by: org.openqa.selenium.ElementNotInteractableException: element not interactable
  (Session info: chrome=120.0.6099.130)
Build info: version: '3.141.59', revision: 'e82be7d358', time: '2018-11-14T08:25:53'
System info: host: 'FR-L5448059', ip: '192.168.1.134', os.name: 'Windows 10', os.arch: 'amd64', os.version: '10.0', java.version: '17.0.7'
Driver info: com.kms.katalon.selenium.driver.CChromeDriver
Capabilities {acceptInsecureCerts: false, browserName: chrome, browserVersion: 120.0.6099.130, chrome: {chromedriverVersion: 119.0.6045.105 (38c72552c5e..., userDataDir: C:\Users\ISSAM~1.RHA\AppDat...}, fedcm:accounts: true, goog:chromeOptions: {debuggerAddress: localhost:58698}, javascriptEnabled: true, networkConnectionEnabled: false, pageLoadStrategy: normal, platform: WINDOWS, platformName: WINDOWS, proxy: Proxy(), setWindowRect: true, strictFileInteractability: false, timeouts: {implicit: 0, pageLoad: 300000, script: 30000}, unhandledPromptBehavior: dismiss and notify, webauthn:extension:credBlob: true, webauthn:extension:largeBlob: true, webauthn:extension:minPinLength: true, webauthn:extension:prf: true, webauthn:virtualAuthenticators: true}
Session ID: 91d4e1aa0044b5ae8a5acd228946fbfd
	at java.base/jdk.internal.reflect.NativeConstructorAccessorImpl.newInstance0(Native Method)
	at java.base/jdk.internal.reflect.NativeConstructorAccessorImpl.newInstance(NativeConstructorAccessorImpl.java:77)
	at java.base/jdk.internal.reflect.DelegatingConstructorAccessorImpl.newInstance(DelegatingConstructorAccessorImpl.java:45)
	at org.openqa.selenium.remote.http.W3CHttpResponseCodec.createException(W3CHttpResponseCodec.java:187)
	at org.openqa.selenium.remote.http.W3CHttpResponseCodec.decode(W3CHttpResponseCodec.java:122)
	at org.openqa.selenium.remote.http.W3CHttpResponseCodec.decode(W3CHttpResponseCodec.java:49)
	at org.openqa.selenium.remote.HttpCommandExecutor.execute(HttpCommandExecutor.java:158)
	at org.openqa.selenium.remote.service.DriverCommandExecutor.execute(DriverCommandExecutor.java:83)
	at org.openqa.selenium.remote.RemoteWebDriver.execute(RemoteWebDriver.java:552)
	at com.kms.katalon.selenium.driver.CChromeDriver.execute(CChromeDriver.java:19)
	at org.openqa.selenium.remote.RemoteWebElement.execute(RemoteWebElement.java:285)
	at org.openqa.selenium.remote.RemoteWebElement.click(RemoteWebElement.java:84)
	at jdk.internal.reflect.GeneratedMethodAccessor26.invoke(Unknown Source)
	at java.base/jdk.internal.reflect.DelegatingMethodAccessorImpl.invoke(DelegatingMethodAccessorImpl.java:43)
	at org.openqa.selenium.support.events.EventFiringWebDriver$EventFiringWebElement.lambda$new$0(EventFiringWebDriver.java:404)
	at jdk.proxy2/jdk.proxy2.$Proxy25.click(Unknown Source)
	at org.openqa.selenium.support.events.EventFiringWebDriver$EventFiringWebElement.click(EventFiringWebDriver.java:417)
	at com.kms.katalon.core.webui.keyword.builtin.CheckKeyword$_check_closure1.doCall(CheckKeyword.groovy:80)
	at com.kms.katalon.core.webui.keyword.builtin.CheckKeyword$_check_closure1.call(CheckKeyword.groovy)
	at com.kms.katalon.core.webui.keyword.internal.WebUIKeywordMain.runKeyword(WebUIKeywordMain.groovy:20)
	... 48 more


03-01-2024T15:36:43 - [TEST_STEP][PASSED] - com.kazurayam.ksbackyard.HighlightElement.pandemic(): com.kazurayam.ksbackyard.HighlightElement.pandemic is PASSED

03-01-2024T15:36:44 - [MESSAGE][PASSED] - com.kazurayam.ksbackyard.HighlightElement.pandemic is PASSED

03-01-2024T15:36:44 - [TEST_STEP][PASSED] - callTestCase(findTestCase("Test Reutilisable/Main/Lancer URL ANEF"), ["Profiles":"Usager", "EnvExec":EnvExec], STOP_ON_FAILURE): Call Test Case 'Test Cases/Test Reutilisable/Main/Lancer URL ANEF' successfully

03-01-2024T15:36:44 - [MESSAGE][INFO] - Checking called Test Case

03-01-2024T15:36:44 - [MESSAGE][INFO] - Starting to call Test Case 'Test Cases/Test Reutilisable/Main/Lancer URL ANEF'

03-01-2024T15:36:44 - [TEST_CASE][PASSED] - Test Cases/Test Reutilisable/Main/Lancer URL ANEF: Test Cases/Test Reutilisable/Main/Lancer URL ANEF

03-01-2024T15:36:46 - [TEST_STEP][PASSED] - "RunConfiguration: getProjectDir for LogDriver ": null

03-01-2024T15:36:46 - [TEST_STEP][PASSED] - RunBrowserConfiguration = getExecutionProperties(): null

03-01-2024T15:36:46 - [TEST_STEP][PASSED] - DriverName = "": null

03-01-2024T15:36:46 - [TEST_STEP][PASSED] - openBrowser(""): Browser is opened with url: ''

03-01-2024T15:36:46 - [MESSAGE][INFO] - Opening browser

03-01-2024T15:36:46 - [MESSAGE][INFO] - Starting 'Chrome' driver

03-01-2024T15:36:46 - [MESSAGE][INFO] - User set preference: ['args', '[--incognito, --start-maximized, --remote-allow-origins=*]']

03-01-2024T15:36:46 - [MESSAGE][INFO] - User set preference: ['prefs', '{download.default_directory=${GlobalVariable.downloadPath}, download_dir=${GlobalVariable.downloadPath}, download.prompt_for_download=false}']

03-01-2024T15:36:46 - [MESSAGE][INFO] - User set preference: ['loggingPrefs', '{browser=ALL}']

03-01-2024T15:36:46 - [MESSAGE][INFO] - Action delay is set to 2 000 milliseconds

03-01-2024T15:36:49 - [MESSAGE][PASSED] - Browser is opened with url: ''

03-01-2024T15:36:49 - [TEST_STEP][PASSED] - driver = getWebDriver(): null

03-01-2024T15:36:49 - [TEST_STEP][PASSED] - wrappedDriver = driver.getWrappedDriver(): null

03-01-2024T15:36:49 - [TEST_STEP][PASSED] - out.println(wrappedDriver.getClass()): null

03-01-2024T15:36:50 - [TEST_STEP][PASSED] - if (class == com.kms.katalon.selenium.driver.CRemoteWebDriver): null

03-01-2024T15:36:50 - [TEST_STEP][PASSED] - else: null

03-01-2024T15:36:50 - [TEST_STEP][PASSED] - DriverName = get("WebUI").get("browserType"): null

03-01-2024T15:36:50 - [TEST_STEP][PASSED] - println("DriverName :" + DriverName): null

03-01-2024T15:36:50 - [TEST_STEP][PASSED] - println("Driverpath :" + RunBrowserConfiguration.get("drivers")): null

03-01-2024T15:36:50 - [TEST_STEP][PASSED] - DriverName = DriverName: null

03-01-2024T15:36:52 - [TEST_STEP][PASSED] - delay(medium_wait): Delayed 3 second(s)

03-01-2024T15:36:52 - [MESSAGE][INFO] - Delaying browser in 3 second(s)

03-01-2024T15:36:55 - [MESSAGE][PASSED] - Delayed 3 second(s)

03-01-2024T15:36:55 - [TEST_STEP][PASSED] - executedBrowser = getExecutedBrowser(): null

03-01-2024T15:36:55 - [TEST_STEP][PASSED] - if (Profiles == "Usager"): null

03-01-2024T15:36:55 - [TEST_STEP][PASSED] - switch (DriverName): null

03-01-2024T15:36:55 - [TEST_STEP][PASSED] - case "CHROME_DRIVER":: null

03-01-2024T15:36:55 - [TEST_STEP][PASSED] - if (EnvExec == "URL_ANEFQualif"): Navigate to 'https://qualif.administration-etrangers-en-france.interieur.gouv.fr/particuliers/#/' successfully

03-01-2024T15:36:55 - [TEST_STEP][PASSED] - navigateToUrl(URL_ANEFQualif): Navigate to 'https://qualif.administration-etrangers-en-france.interieur.gouv.fr/particuliers/#/' successfully

03-01-2024T15:36:55 - [MESSAGE][INFO] - Checking url

03-01-2024T15:36:55 - [MESSAGE][INFO] - Navigating to 'https://qualif.administration-etrangers-en-france.interieur.gouv.fr/particuliers/#/'

03-01-2024T15:37:10 - [MESSAGE][PASSED] - Navigate to 'https://qualif.administration-etrangers-en-france.interieur.gouv.fr/particuliers/#/' successfully

03-01-2024T15:37:10 - [TEST_STEP][PASSED] - if (EnvExec == "URL_ANEFPreProd"): null

03-01-2024T15:37:10 - [TEST_STEP][PASSED] - maximizeWindow(): Current window maximized

03-01-2024T15:37:10 - [MESSAGE][INFO] - Maximizing current window

03-01-2024T15:37:10 - [MESSAGE][PASSED] - Current window maximized

03-01-2024T15:37:10 - [TEST_STEP][PASSED] - System.setProperty("webdriver.chrome.driver", getChromeDriverPath()): null

03-01-2024T15:37:10 - [TEST_STEP][PASSED] - System.setProperty("webdriver.chrome.logfile", getProjectDir() + "/Dump/chromedriver.log"): null

03-01-2024T15:37:10 - [TEST_STEP][PASSED] - callTestCase(findTestCase("Test Reutilisable/Main/Erreur lie a la confidentialite"), [:], STOP_ON_FAILURE): Call Test Case 'Test Cases/Test Reutilisable/Main/Erreur lie a la confidentialite' successfully

03-01-2024T15:37:10 - [MESSAGE][INFO] - Checking called Test Case

03-01-2024T15:37:10 - [MESSAGE][INFO] - Starting to call Test Case 'Test Cases/Test Reutilisable/Main/Erreur lie a la confidentialite'

03-01-2024T15:37:10 - [TEST_CASE][PASSED] - Test Cases/Test Reutilisable/Main/Erreur lie a la confidentialite: Test Cases/Test Reutilisable/Main/Erreur lie a la confidentialite

03-01-2024T15:37:11 - [TEST_STEP][PASSED] - tools.WaitForLoadedPage.waitForElementRendering(): tools.WaitForLoadedPage.waitForElementRendering is PASSED

03-01-2024T15:37:11 - [MESSAGE][PASSED] - tools.WaitForLoadedPage.waitForElementRendering is PASSED

03-01-2024T15:37:11 - [TEST_STEP][PASSED] - "Call Highlight.on() automatically": null

03-01-2024T15:37:11 - [TEST_STEP][PASSED] - DriverName = DriverName: null

03-01-2024T15:37:11 - [TEST_STEP][PASSED] - if (DriverName == "CHROME_DRIVER" || "EDGE_CHROMIUM_DRIVER" || "HEADLESS_DRIVER"): null

03-01-2024T15:37:11 - [TEST_STEP][PASSED] - if (verifyElementPresent(findTestObject("Object Repository/Connexion Usager/Btn_Parametres Avances"), 2, OPTIONAL)): null

03-01-2024T15:37:11 - [MESSAGE][INFO] - Finding Test Object 'Object Repository/Connexion Usager/Btn_Parametres Avances'

03-01-2024T15:37:11 - [MESSAGE][INFO] - Checking object

03-01-2024T15:37:11 - [MESSAGE][INFO] - Finding web element from Test Object's properties

03-01-2024T15:37:11 - [MESSAGE][INFO] - Checking timeout

03-01-2024T15:37:11 - [MESSAGE][INFO] - Finding web element with id: 'Object Repository/Connexion Usager/Btn_Parametres Avances' located by 'By.xpath: //*[@id="details-button"]' in '2' second(s)

03-01-2024T15:37:11 - [MESSAGE][INFO] - Smart Wait Function is triggered

03-01-2024T15:37:11 - [MESSAGE][INFO] - Found 1 web elements with id: 'Object Repository/Connexion Usager/Btn_Parametres Avances' located by 'By.xpath: //*[@id="details-button"]' in '2' second(s)

03-01-2024T15:37:11 - [MESSAGE][PASSED] - Object 'Object Repository/Connexion Usager/Btn_Parametres Avances' is present

03-01-2024T15:37:11 - [TEST_STEP][PASSED] - click(findTestObject("Object Repository/Connexion Usager/Btn_Parametres Avances"), OPTIONAL): Object: 'Object Repository/Connexion Usager/Btn_Parametres Avances' is clicked on

03-01-2024T15:37:11 - [MESSAGE][INFO] - Finding Test Object 'Object Repository/Connexion Usager/Btn_Parametres Avances'

03-01-2024T15:37:11 - [MESSAGE][INFO] - Checking timeout

03-01-2024T15:37:11 - [MESSAGE][INFO] - Finding web element with id: 'Object Repository/Connexion Usager/Btn_Parametres Avances' located by 'By.xpath: //*[@id="details-button"]' in '20' second(s)

03-01-2024T15:37:11 - [MESSAGE][INFO] - Smart Wait Function is triggered

03-01-2024T15:37:11 - [MESSAGE][INFO] - Found 1 web elements with id: 'Object Repository/Connexion Usager/Btn_Parametres Avances' located by 'By.xpath: //*[@id="details-button"]' in '20' second(s)

03-01-2024T15:37:11 - [MESSAGE][INFO] - Checking object

03-01-2024T15:37:11 - [MESSAGE][INFO] - Checking timeout

03-01-2024T15:37:11 - [MESSAGE][INFO] - Finding web element from Test Object's properties

03-01-2024T15:37:11 - [MESSAGE][INFO] - Checking timeout

03-01-2024T15:37:11 - [MESSAGE][INFO] - Finding web element with id: 'Object Repository/Connexion Usager/Btn_Parametres Avances' located by 'By.xpath: //*[@id="details-button"]' in '5' second(s)

03-01-2024T15:37:11 - [MESSAGE][INFO] - Smart Wait Function is triggered

03-01-2024T15:37:11 - [MESSAGE][INFO] - Found 1 web elements with id: 'Object Repository/Connexion Usager/Btn_Parametres Avances' located by 'By.xpath: //*[@id="details-button"]' in '5' second(s)

03-01-2024T15:37:11 - [MESSAGE][INFO] - Clicking on object: 'Object Repository/Connexion Usager/Btn_Parametres Avances'

03-01-2024T15:37:14 - [MESSAGE][PASSED] - Object: 'Object Repository/Connexion Usager/Btn_Parametres Avances' is clicked on

03-01-2024T15:37:14 - [TEST_STEP][PASSED] - click(findTestObject("Object Repository/Connexion Usager/Link_Proceed-Link"), OPTIONAL): Object: 'Object Repository/Connexion Usager/Link_Proceed-Link' is clicked on

03-01-2024T15:37:14 - [MESSAGE][INFO] - Finding Test Object 'Object Repository/Connexion Usager/Link_Proceed-Link'

03-01-2024T15:37:14 - [MESSAGE][INFO] - Checking timeout

03-01-2024T15:37:14 - [MESSAGE][INFO] - Finding web element with id: 'Object Repository/Connexion Usager/Link_Proceed-Link' located by 'By.xpath: //*[@id="proceed-link"]' in '20' second(s)

03-01-2024T15:37:14 - [MESSAGE][INFO] - Smart Wait Function is triggered

03-01-2024T15:37:14 - [MESSAGE][INFO] - Found 1 web elements with id: 'Object Repository/Connexion Usager/Link_Proceed-Link' located by 'By.xpath: //*[@id="proceed-link"]' in '20' second(s)

03-01-2024T15:37:14 - [MESSAGE][INFO] - Checking object

03-01-2024T15:37:14 - [MESSAGE][INFO] - Checking timeout

03-01-2024T15:37:14 - [MESSAGE][INFO] - Finding web element from Test Object's properties

03-01-2024T15:37:14 - [MESSAGE][INFO] - Checking timeout

03-01-2024T15:37:14 - [MESSAGE][INFO] - Finding web element with id: 'Object Repository/Connexion Usager/Link_Proceed-Link' located by 'By.xpath: //*[@id="proceed-link"]' in '5' second(s)

03-01-2024T15:37:14 - [MESSAGE][INFO] - Smart Wait Function is triggered

03-01-2024T15:37:14 - [MESSAGE][INFO] - Found 1 web elements with id: 'Object Repository/Connexion Usager/Link_Proceed-Link' located by 'By.xpath: //*[@id="proceed-link"]' in '5' second(s)

03-01-2024T15:37:14 - [MESSAGE][INFO] - Clicking on object: 'Object Repository/Connexion Usager/Link_Proceed-Link'

03-01-2024T15:37:17 - [MESSAGE][PASSED] - Object: 'Object Repository/Connexion Usager/Link_Proceed-Link' is clicked on

03-01-2024T15:37:17 - [TEST_STEP][PASSED] - if (DriverName == "IE_DRIVER"): null

03-01-2024T15:37:17 - [TEST_STEP][PASSED] - delay(3): Delayed 3 second(s)

03-01-2024T15:37:17 - [MESSAGE][INFO] - Delaying browser in 3 second(s)

03-01-2024T15:37:20 - [MESSAGE][PASSED] - Delayed 3 second(s)

03-01-2024T15:37:20 - [MESSAGE][PASSED] - Call Test Case 'Test Cases/Test Reutilisable/Main/Erreur lie a la confidentialite' successfully

03-01-2024T15:37:20 - [TEST_STEP][PASSED] - delay(5): Delayed 5 second(s)

03-01-2024T15:37:20 - [MESSAGE][INFO] - Delaying browser in 5 second(s)

03-01-2024T15:37:25 - [MESSAGE][PASSED] - Delayed 5 second(s)

03-01-2024T15:37:25 - [TEST_STEP][PASSED] - verifyElementVisible(findTestObject("Object Repository/Connexion Usager/Link_Se Connecter"), STOP_ON_FAILURE): Object 'Object Repository/Connexion Usager/Link_Se Connecter' is visible

03-01-2024T15:37:25 - [MESSAGE][INFO] - Finding Test Object 'Object Repository/Connexion Usager/Link_Se Connecter'

03-01-2024T15:37:25 - [MESSAGE][INFO] - Checking object

03-01-2024T15:37:25 - [MESSAGE][INFO] - Finding web element from Test Object's properties

03-01-2024T15:37:25 - [MESSAGE][INFO] - Checking timeout

03-01-2024T15:37:25 - [MESSAGE][INFO] - Finding web element with id: 'Object Repository/Connexion Usager/Link_Se Connecter' located by 'By.xpath: //*[@id="connexion_link"]' in '5' second(s)

03-01-2024T15:37:25 - [MESSAGE][INFO] - Smart Wait Function is triggered

03-01-2024T15:37:25 - [MESSAGE][INFO] - Found 1 web elements with id: 'Object Repository/Connexion Usager/Link_Se Connecter' located by 'By.xpath: //*[@id="connexion_link"]' in '5' second(s)

03-01-2024T15:37:25 - [MESSAGE][PASSED] - Object 'Object Repository/Connexion Usager/Link_Se Connecter' is visible

03-01-2024T15:37:25 - [TEST_STEP][PASSED] - break: null

03-01-2024T15:37:25 - [TEST_STEP][PASSED] - if (Profiles == "Agent"): null

03-01-2024T15:37:25 - [TEST_STEP][PASSED] - else: null

03-01-2024T15:37:25 - [TEST_STEP][PASSED] - println("Vérifier le Portail de votre connexion Usager ou Agent"): null

03-01-2024T15:37:25 - [MESSAGE][PASSED] - Call Test Case 'Test Cases/Test Reutilisable/Main/Lancer URL ANEF' successfully

03-01-2024T15:37:25 - [TEST_STEP][PASSED] - callTestCase(findTestCase("Test Reutilisable/Main/Creer Votre Compte"), ["NumEtrangerVisa":NumEtrangerVisa, "DateDebut":DateDebut, "DateFin":DateFin, "EnvExec":EnvExec], STOP_ON_FAILURE): Call Test Case 'Test Cases/Test Reutilisable/Main/Creer Votre Compte' successfully

03-01-2024T15:37:25 - [MESSAGE][INFO] - Checking called Test Case

03-01-2024T15:37:25 - [MESSAGE][INFO] - Starting to call Test Case 'Test Cases/Test Reutilisable/Main/Creer Votre Compte'

03-01-2024T15:37:25 - [TEST_CASE][PASSED] - Test Cases/Test Reutilisable/Main/Creer Votre Compte: Test Cases/Test Reutilisable/Main/Creer Votre Compte

03-01-2024T15:37:26 - [TEST_STEP][PASSED] - "waiting for the number of elements in the DOM to stop changing": null

03-01-2024T15:37:26 - [TEST_STEP][PASSED] - com.kazurayam.ksbackyard.HighlightElement.pandemic(): com.kazurayam.ksbackyard.HighlightElement.pandemic is PASSED

03-01-2024T15:37:26 - [MESSAGE][PASSED] - com.kazurayam.ksbackyard.HighlightElement.pandemic is PASSED

03-01-2024T15:37:26 - [TEST_STEP][PASSED] - waitForPageLoad(5): Wait for page load successfully

03-01-2024T15:37:26 - [MESSAGE][INFO] - Checking timeout

03-01-2024T15:37:26 - [MESSAGE][PASSED] - Wait for page load successfully

03-01-2024T15:37:26 - [TEST_STEP][PASSED] - click(findTestObject("Object Repository/Connexion Usager/Link_Se Connecter")): Object: 'Object Repository/Connexion Usager/Link_Se Connecter' is clicked on

03-01-2024T15:37:26 - [MESSAGE][INFO] - Finding Test Object 'Object Repository/Connexion Usager/Link_Se Connecter'

03-01-2024T15:37:26 - [MESSAGE][INFO] - Checking timeout

03-01-2024T15:37:26 - [MESSAGE][INFO] - Finding web element with id: 'Object Repository/Connexion Usager/Link_Se Connecter' located by 'By.xpath: //*[@id="connexion_link"]' in '20' second(s)

03-01-2024T15:37:26 - [MESSAGE][INFO] - Smart Wait Function is triggered

03-01-2024T15:37:26 - [MESSAGE][INFO] - Found 1 web elements with id: 'Object Repository/Connexion Usager/Link_Se Connecter' located by 'By.xpath: //*[@id="connexion_link"]' in '20' second(s)

03-01-2024T15:37:26 - [MESSAGE][INFO] - Checking object

03-01-2024T15:37:26 - [MESSAGE][INFO] - Checking timeout

03-01-2024T15:37:26 - [MESSAGE][INFO] - Finding web element from Test Object's properties

03-01-2024T15:37:26 - [MESSAGE][INFO] - Checking timeout

03-01-2024T15:37:26 - [MESSAGE][INFO] - Finding web element with id: 'Object Repository/Connexion Usager/Link_Se Connecter' located by 'By.xpath: //*[@id="connexion_link"]' in '5' second(s)

03-01-2024T15:37:26 - [MESSAGE][INFO] - Smart Wait Function is triggered

03-01-2024T15:37:26 - [MESSAGE][INFO] - Found 1 web elements with id: 'Object Repository/Connexion Usager/Link_Se Connecter' located by 'By.xpath: //*[@id="connexion_link"]' in '5' second(s)

03-01-2024T15:37:26 - [MESSAGE][INFO] - Clicking on object: 'Object Repository/Connexion Usager/Link_Se Connecter'

03-01-2024T15:37:30 - [MESSAGE][PASSED] - Object: 'Object Repository/Connexion Usager/Link_Se Connecter' is clicked on

03-01-2024T15:37:30 - [TEST_STEP][PASSED] - if (EnvExec == "URL_ANEFQualif"): Call Test Case 'Test Cases/Test Reutilisable/Main/Erreur lie a la confidentialite' successfully

03-01-2024T15:37:30 - [TEST_STEP][PASSED] - callTestCase(findTestCase("Test Reutilisable/Main/Erreur lie a la confidentialite"), [:], STOP_ON_FAILURE): Call Test Case 'Test Cases/Test Reutilisable/Main/Erreur lie a la confidentialite' successfully

03-01-2024T15:37:30 - [MESSAGE][INFO] - Checking called Test Case

03-01-2024T15:37:30 - [MESSAGE][INFO] - Starting to call Test Case 'Test Cases/Test Reutilisable/Main/Erreur lie a la confidentialite'

03-01-2024T15:37:30 - [TEST_CASE][PASSED] - Test Cases/Test Reutilisable/Main/Erreur lie a la confidentialite: Test Cases/Test Reutilisable/Main/Erreur lie a la confidentialite

03-01-2024T15:37:30 - [TEST_STEP][PASSED] - tools.WaitForLoadedPage.waitForElementRendering(): tools.WaitForLoadedPage.waitForElementRendering is PASSED

03-01-2024T15:37:30 - [MESSAGE][PASSED] - tools.WaitForLoadedPage.waitForElementRendering is PASSED

03-01-2024T15:37:30 - [TEST_STEP][PASSED] - "Call Highlight.on() automatically": null

03-01-2024T15:37:30 - [TEST_STEP][PASSED] - DriverName = DriverName: null

03-01-2024T15:37:30 - [TEST_STEP][PASSED] - if (DriverName == "CHROME_DRIVER" || "EDGE_CHROMIUM_DRIVER" || "HEADLESS_DRIVER"): null

03-01-2024T15:37:30 - [TEST_STEP][PASSED] - if (verifyElementPresent(findTestObject("Object Repository/Connexion Usager/Btn_Parametres Avances"), 2, OPTIONAL)): null

03-01-2024T15:37:30 - [MESSAGE][INFO] - Finding Test Object 'Object Repository/Connexion Usager/Btn_Parametres Avances'

03-01-2024T15:37:30 - [MESSAGE][INFO] - Checking object

03-01-2024T15:37:30 - [MESSAGE][INFO] - Finding web element from Test Object's properties

03-01-2024T15:37:30 - [MESSAGE][INFO] - Checking timeout

03-01-2024T15:37:30 - [MESSAGE][INFO] - Finding web element with id: 'Object Repository/Connexion Usager/Btn_Parametres Avances' located by 'By.xpath: //*[@id="details-button"]' in '2' second(s)

03-01-2024T15:37:30 - [MESSAGE][INFO] - Smart Wait Function is triggered

03-01-2024T15:37:30 - [MESSAGE][INFO] - Found 1 web elements with id: 'Object Repository/Connexion Usager/Btn_Parametres Avances' located by 'By.xpath: //*[@id="details-button"]' in '2' second(s)

03-01-2024T15:37:30 - [MESSAGE][PASSED] - Object 'Object Repository/Connexion Usager/Btn_Parametres Avances' is present

03-01-2024T15:37:30 - [TEST_STEP][PASSED] - click(findTestObject("Object Repository/Connexion Usager/Btn_Parametres Avances"), OPTIONAL): Object: 'Object Repository/Connexion Usager/Btn_Parametres Avances' is clicked on

03-01-2024T15:37:30 - [MESSAGE][INFO] - Finding Test Object 'Object Repository/Connexion Usager/Btn_Parametres Avances'

03-01-2024T15:37:31 - [MESSAGE][INFO] - Checking timeout

03-01-2024T15:37:31 - [MESSAGE][INFO] - Finding web element with id: 'Object Repository/Connexion Usager/Btn_Parametres Avances' located by 'By.xpath: //*[@id="details-button"]' in '20' second(s)

03-01-2024T15:37:31 - [MESSAGE][INFO] - Smart Wait Function is triggered

03-01-2024T15:37:31 - [MESSAGE][INFO] - Found 1 web elements with id: 'Object Repository/Connexion Usager/Btn_Parametres Avances' located by 'By.xpath: //*[@id="details-button"]' in '20' second(s)

03-01-2024T15:37:31 - [MESSAGE][INFO] - Checking object

03-01-2024T15:37:31 - [MESSAGE][INFO] - Checking timeout

03-01-2024T15:37:31 - [MESSAGE][INFO] - Finding web element from Test Object's properties

03-01-2024T15:37:31 - [MESSAGE][INFO] - Checking timeout

03-01-2024T15:37:31 - [MESSAGE][INFO] - Finding web element with id: 'Object Repository/Connexion Usager/Btn_Parametres Avances' located by 'By.xpath: //*[@id="details-button"]' in '5' second(s)

03-01-2024T15:37:31 - [MESSAGE][INFO] - Smart Wait Function is triggered

03-01-2024T15:37:31 - [MESSAGE][INFO] - Found 1 web elements with id: 'Object Repository/Connexion Usager/Btn_Parametres Avances' located by 'By.xpath: //*[@id="details-button"]' in '5' second(s)

03-01-2024T15:37:31 - [MESSAGE][INFO] - Clicking on object: 'Object Repository/Connexion Usager/Btn_Parametres Avances'

03-01-2024T15:37:33 - [MESSAGE][PASSED] - Object: 'Object Repository/Connexion Usager/Btn_Parametres Avances' is clicked on

03-01-2024T15:37:33 - [TEST_STEP][PASSED] - click(findTestObject("Object Repository/Connexion Usager/Link_Proceed-Link"), OPTIONAL): Object: 'Object Repository/Connexion Usager/Link_Proceed-Link' is clicked on

03-01-2024T15:37:33 - [MESSAGE][INFO] - Finding Test Object 'Object Repository/Connexion Usager/Link_Proceed-Link'

03-01-2024T15:37:33 - [MESSAGE][INFO] - Checking timeout

03-01-2024T15:37:33 - [MESSAGE][INFO] - Finding web element with id: 'Object Repository/Connexion Usager/Link_Proceed-Link' located by 'By.xpath: //*[@id="proceed-link"]' in '20' second(s)

03-01-2024T15:37:33 - [MESSAGE][INFO] - Smart Wait Function is triggered

03-01-2024T15:37:33 - [MESSAGE][INFO] - Found 1 web elements with id: 'Object Repository/Connexion Usager/Link_Proceed-Link' located by 'By.xpath: //*[@id="proceed-link"]' in '20' second(s)

03-01-2024T15:37:33 - [MESSAGE][INFO] - Checking object

03-01-2024T15:37:33 - [MESSAGE][INFO] - Checking timeout

03-01-2024T15:37:33 - [MESSAGE][INFO] - Finding web element from Test Object's properties

03-01-2024T15:37:33 - [MESSAGE][INFO] - Checking timeout

03-01-2024T15:37:33 - [MESSAGE][INFO] - Finding web element with id: 'Object Repository/Connexion Usager/Link_Proceed-Link' located by 'By.xpath: //*[@id="proceed-link"]' in '5' second(s)

03-01-2024T15:37:33 - [MESSAGE][INFO] - Smart Wait Function is triggered

03-01-2024T15:37:33 - [MESSAGE][INFO] - Found 1 web elements with id: 'Object Repository/Connexion Usager/Link_Proceed-Link' located by 'By.xpath: //*[@id="proceed-link"]' in '5' second(s)

03-01-2024T15:37:33 - [MESSAGE][INFO] - Clicking on object: 'Object Repository/Connexion Usager/Link_Proceed-Link'

03-01-2024T15:37:36 - [MESSAGE][PASSED] - Object: 'Object Repository/Connexion Usager/Link_Proceed-Link' is clicked on

03-01-2024T15:37:36 - [TEST_STEP][PASSED] - if (DriverName == "IE_DRIVER"): null

03-01-2024T15:37:36 - [TEST_STEP][PASSED] - delay(3): Delayed 3 second(s)

03-01-2024T15:37:36 - [MESSAGE][INFO] - Delaying browser in 3 second(s)

03-01-2024T15:37:39 - [MESSAGE][PASSED] - Delayed 3 second(s)

03-01-2024T15:37:39 - [MESSAGE][PASSED] - Call Test Case 'Test Cases/Test Reutilisable/Main/Erreur lie a la confidentialite' successfully

03-01-2024T15:37:39 - [TEST_STEP][PASSED] - click(findTestObject("Object Repository/Connexion Usager/Link_Creer Votre Compte")): Object: 'Object Repository/Connexion Usager/Link_Creer Votre Compte' is clicked on

03-01-2024T15:37:39 - [MESSAGE][INFO] - Finding Test Object 'Object Repository/Connexion Usager/Link_Creer Votre Compte'

03-01-2024T15:37:39 - [MESSAGE][INFO] - Checking timeout

03-01-2024T15:37:39 - [MESSAGE][INFO] - Finding web element with id: 'Object Repository/Connexion Usager/Link_Creer Votre Compte' located by 'By.xpath: //*[@id="portail-anef"]/div/main/div[2]/a|/html/body/div/main/div[2]/a' in '20' second(s)

03-01-2024T15:37:39 - [MESSAGE][INFO] - Smart Wait Function is triggered

03-01-2024T15:37:39 - [MESSAGE][INFO] - Found 1 web elements with id: 'Object Repository/Connexion Usager/Link_Creer Votre Compte' located by 'By.xpath: //*[@id="portail-anef"]/div/main/div[2]/a|/html/body/div/main/div[2]/a' in '20' second(s)

03-01-2024T15:37:39 - [MESSAGE][INFO] - Checking object

03-01-2024T15:37:39 - [MESSAGE][INFO] - Checking timeout

03-01-2024T15:37:39 - [MESSAGE][INFO] - Finding web element from Test Object's properties

03-01-2024T15:37:39 - [MESSAGE][INFO] - Checking timeout

03-01-2024T15:37:39 - [MESSAGE][INFO] - Finding web element with id: 'Object Repository/Connexion Usager/Link_Creer Votre Compte' located by 'By.xpath: //*[@id="portail-anef"]/div/main/div[2]/a|/html/body/div/main/div[2]/a' in '5' second(s)

03-01-2024T15:37:39 - [MESSAGE][INFO] - Smart Wait Function is triggered

03-01-2024T15:37:39 - [MESSAGE][INFO] - Found 1 web elements with id: 'Object Repository/Connexion Usager/Link_Creer Votre Compte' located by 'By.xpath: //*[@id="portail-anef"]/div/main/div[2]/a|/html/body/div/main/div[2]/a' in '5' second(s)

03-01-2024T15:37:39 - [MESSAGE][INFO] - Clicking on object: 'Object Repository/Connexion Usager/Link_Creer Votre Compte'

03-01-2024T15:37:42 - [MESSAGE][PASSED] - Object: 'Object Repository/Connexion Usager/Link_Creer Votre Compte' is clicked on

03-01-2024T15:37:42 - [TEST_STEP][PASSED] - waitForPageLoad(5): Wait for page load successfully

03-01-2024T15:37:42 - [MESSAGE][INFO] - Checking timeout

03-01-2024T15:37:42 - [MESSAGE][PASSED] - Wait for page load successfully

03-01-2024T15:37:42 - [TEST_STEP][PASSED] - println("NumEtrangerVisa = " + NumEtrangerVisa): null

03-01-2024T15:37:42 - [TEST_STEP][PASSED] - setText(findTestObject("Object Repository/Connexion Usager/Input_Numero etranger_Visa"), NumEtrangerVisa): Text '7703043876' is set on object 'Object Repository/Connexion Usager/Input_Numero etranger_Visa'

03-01-2024T15:37:42 - [MESSAGE][INFO] - Finding Test Object 'Object Repository/Connexion Usager/Input_Numero etranger_Visa'

03-01-2024T15:37:43 - [MESSAGE][INFO] - Checking timeout

03-01-2024T15:37:43 - [MESSAGE][INFO] - Finding web element with id: 'Object Repository/Connexion Usager/Input_Numero etranger_Visa' located by 'By.xpath: //*[@placeholder="Exemple : 9999999999" and @type = 'text']' in '20' second(s)

03-01-2024T15:37:43 - [MESSAGE][INFO] - Smart Wait Function is triggered

03-01-2024T15:37:43 - [MESSAGE][INFO] - Found 1 web elements with id: 'Object Repository/Connexion Usager/Input_Numero etranger_Visa' located by 'By.xpath: //*[@placeholder="Exemple : 9999999999" and @type = 'text']' in '20' second(s)

03-01-2024T15:37:43 - [MESSAGE][INFO] - Checking object

03-01-2024T15:37:43 - [MESSAGE][INFO] - Checking text

03-01-2024T15:37:43 - [MESSAGE][INFO] - Finding web element from Test Object's properties

03-01-2024T15:37:43 - [MESSAGE][INFO] - Checking timeout

03-01-2024T15:37:43 - [MESSAGE][INFO] - Finding web element with id: 'Object Repository/Connexion Usager/Input_Numero etranger_Visa' located by 'By.xpath: //*[@placeholder="Exemple : 9999999999" and @type = 'text']' in '5' second(s)

03-01-2024T15:37:43 - [MESSAGE][INFO] - Smart Wait Function is triggered

03-01-2024T15:37:43 - [MESSAGE][INFO] - Found 1 web elements with id: 'Object Repository/Connexion Usager/Input_Numero etranger_Visa' located by 'By.xpath: //*[@placeholder="Exemple : 9999999999" and @type = 'text']' in '5' second(s)

03-01-2024T15:37:43 - [MESSAGE][INFO] - Clearing text of object 'Object Repository/Connexion Usager/Input_Numero etranger_Visa'

03-01-2024T15:37:45 - [MESSAGE][INFO] - Finding web element from Test Object's properties

03-01-2024T15:37:45 - [MESSAGE][INFO] - Checking timeout

03-01-2024T15:37:45 - [MESSAGE][INFO] - Finding web element with id: 'Object Repository/Connexion Usager/Input_Numero etranger_Visa' located by 'By.xpath: //*[@placeholder="Exemple : 9999999999" and @type = 'text']' in '5' second(s)

03-01-2024T15:37:45 - [MESSAGE][INFO] - Smart Wait Function is triggered

03-01-2024T15:37:45 - [MESSAGE][INFO] - Found 1 web elements with id: 'Object Repository/Connexion Usager/Input_Numero etranger_Visa' located by 'By.xpath: //*[@placeholder="Exemple : 9999999999" and @type = 'text']' in '5' second(s)

03-01-2024T15:37:45 - [MESSAGE][INFO] - Setting text of object 'Object Repository/Connexion Usager/Input_Numero etranger_Visa' to value '7703043876'

03-01-2024T15:37:47 - [MESSAGE][PASSED] - Text '7703043876' is set on object 'Object Repository/Connexion Usager/Input_Numero etranger_Visa'

03-01-2024T15:37:47 - [TEST_STEP][PASSED] - DateDebut = DateDebut: null

03-01-2024T15:37:47 - [TEST_STEP][PASSED] - DateDebut = tools.MyStringTools.ParsedDateDebut(): tools.MyStringTools.ParsedDateDebut is PASSED

03-01-2024T15:37:47 - [MESSAGE][PASSED] - tools.MyStringTools.ParsedDateDebut is PASSED

03-01-2024T15:37:47 - [TEST_STEP][PASSED] - ParsedDateDebut = tools.MyStringTools.ParsedDateDebut(): tools.MyStringTools.ParsedDateDebut is PASSED

03-01-2024T15:37:47 - [MESSAGE][PASSED] - tools.MyStringTools.ParsedDateDebut is PASSED

03-01-2024T15:37:47 - [TEST_STEP][PASSED] - setText(findTestObject("Object Repository/Connexion Usager/Date Debut Validite/Input_Jour"), ParsedDateDebut[0]): Text '16' is set on object 'Object Repository/Connexion Usager/Date Debut Validite/Input_Jour'

03-01-2024T15:37:47 - [MESSAGE][INFO] - Finding Test Object 'Object Repository/Connexion Usager/Date Debut Validite/Input_Jour'

03-01-2024T15:37:47 - [MESSAGE][INFO] - Checking timeout

03-01-2024T15:37:47 - [MESSAGE][INFO] - Finding web element with id: 'Object Repository/Connexion Usager/Date Debut Validite/Input_Jour' located by 'By.xpath: /html/body/app-root/div/app-root/main/app-registration/div/div[3]/app-identification/form/div[2]/app-date[1]/fieldset/div[2]/div[1]/input' in '20' second(s)

03-01-2024T15:37:47 - [MESSAGE][INFO] - Smart Wait Function is triggered

03-01-2024T15:37:47 - [MESSAGE][INFO] - Found 1 web elements with id: 'Object Repository/Connexion Usager/Date Debut Validite/Input_Jour' located by 'By.xpath: /html/body/app-root/div/app-root/main/app-registration/div/div[3]/app-identification/form/div[2]/app-date[1]/fieldset/div[2]/div[1]/input' in '20' second(s)

03-01-2024T15:37:47 - [MESSAGE][INFO] - Checking object

03-01-2024T15:37:47 - [MESSAGE][INFO] - Checking text

03-01-2024T15:37:47 - [MESSAGE][INFO] - Finding web element from Test Object's properties

03-01-2024T15:37:47 - [MESSAGE][INFO] - Checking timeout

03-01-2024T15:37:47 - [MESSAGE][INFO] - Finding web element with id: 'Object Repository/Connexion Usager/Date Debut Validite/Input_Jour' located by 'By.xpath: /html/body/app-root/div/app-root/main/app-registration/div/div[3]/app-identification/form/div[2]/app-date[1]/fieldset/div[2]/div[1]/input' in '5' second(s)

03-01-2024T15:37:47 - [MESSAGE][INFO] - Smart Wait Function is triggered

03-01-2024T15:37:47 - [MESSAGE][INFO] - Found 1 web elements with id: 'Object Repository/Connexion Usager/Date Debut Validite/Input_Jour' located by 'By.xpath: /html/body/app-root/div/app-root/main/app-registration/div/div[3]/app-identification/form/div[2]/app-date[1]/fieldset/div[2]/div[1]/input' in '5' second(s)

03-01-2024T15:37:47 - [MESSAGE][INFO] - Clearing text of object 'Object Repository/Connexion Usager/Date Debut Validite/Input_Jour'

03-01-2024T15:37:49 - [MESSAGE][INFO] - Finding web element from Test Object's properties

03-01-2024T15:37:49 - [MESSAGE][INFO] - Checking timeout

03-01-2024T15:37:49 - [MESSAGE][INFO] - Finding web element with id: 'Object Repository/Connexion Usager/Date Debut Validite/Input_Jour' located by 'By.xpath: /html/body/app-root/div/app-root/main/app-registration/div/div[3]/app-identification/form/div[2]/app-date[1]/fieldset/div[2]/div[1]/input' in '5' second(s)

03-01-2024T15:37:49 - [MESSAGE][INFO] - Smart Wait Function is triggered

03-01-2024T15:37:49 - [MESSAGE][INFO] - Found 1 web elements with id: 'Object Repository/Connexion Usager/Date Debut Validite/Input_Jour' located by 'By.xpath: /html/body/app-root/div/app-root/main/app-registration/div/div[3]/app-identification/form/div[2]/app-date[1]/fieldset/div[2]/div[1]/input' in '5' second(s)

03-01-2024T15:37:49 - [MESSAGE][INFO] - Setting text of object 'Object Repository/Connexion Usager/Date Debut Validite/Input_Jour' to value '16'

03-01-2024T15:37:52 - [MESSAGE][PASSED] - Text '16' is set on object 'Object Repository/Connexion Usager/Date Debut Validite/Input_Jour'

03-01-2024T15:37:52 - [TEST_STEP][PASSED] - selectOptionByIndex(findTestObject("Object Repository/Connexion Usager/Date Debut Validite/Select_Mois"), ParsedDateDebut[1]): All options with index in [1] are selected on object 'Object Repository/Connexion Usager/Date Debut Validite/Select_Mois'

03-01-2024T15:37:52 - [MESSAGE][INFO] - Finding Test Object 'Object Repository/Connexion Usager/Date Debut Validite/Select_Mois'

03-01-2024T15:37:52 - [MESSAGE][INFO] - Checking timeout

03-01-2024T15:37:52 - [MESSAGE][INFO] - Finding web element with id: 'Object Repository/Connexion Usager/Date Debut Validite/Select_Mois' located by 'By.xpath: /html/body/app-root/div/app-root/main/app-registration/div/div[3]/app-identification/form/div[2]/app-date[1]/fieldset/div[2]/div[2]/select' in '20' second(s)

03-01-2024T15:37:52 - [MESSAGE][INFO] - Smart Wait Function is triggered

03-01-2024T15:37:52 - [MESSAGE][INFO] - Found 1 web elements with id: 'Object Repository/Connexion Usager/Date Debut Validite/Select_Mois' located by 'By.xpath: /html/body/app-root/div/app-root/main/app-registration/div/div[3]/app-identification/form/div[2]/app-date[1]/fieldset/div[2]/div[2]/select' in '20' second(s)

03-01-2024T15:37:52 - [MESSAGE][INFO] - Checking object

03-01-2024T15:37:52 - [MESSAGE][INFO] - Checking index range

03-01-2024T15:37:52 - [MESSAGE][INFO] - Converting range parameter '01' to index array

03-01-2024T15:37:52 - [MESSAGE][INFO] - Range parameter '01' is converted to index array [1]

03-01-2024T15:37:52 - [MESSAGE][INFO] - Finding web element from Test Object's properties

03-01-2024T15:37:52 - [MESSAGE][INFO] - Checking timeout

03-01-2024T15:37:52 - [MESSAGE][INFO] - Finding web element with id: 'Object Repository/Connexion Usager/Date Debut Validite/Select_Mois' located by 'By.xpath: /html/body/app-root/div/app-root/main/app-registration/div/div[3]/app-identification/form/div[2]/app-date[1]/fieldset/div[2]/div[2]/select' in '5' second(s)

03-01-2024T15:37:52 - [MESSAGE][INFO] - Smart Wait Function is triggered

03-01-2024T15:37:52 - [MESSAGE][INFO] - Found 1 web elements with id: 'Object Repository/Connexion Usager/Date Debut Validite/Select_Mois' located by 'By.xpath: /html/body/app-root/div/app-root/main/app-registration/div/div[3]/app-identification/form/div[2]/app-date[1]/fieldset/div[2]/div[2]/select' in '5' second(s)

03-01-2024T15:37:52 - [MESSAGE][INFO] - Checking index parameters

03-01-2024T15:37:52 - [MESSAGE][INFO] - Smart Wait Function is triggered

03-01-2024T15:37:52 - [MESSAGE][INFO] - Selecting options on object 'Object Repository/Connexion Usager/Date Debut Validite/Select_Mois' with index in [1]

03-01-2024T15:37:52 - [MESSAGE][INFO] - Smart Wait Function is triggered

03-01-2024T15:37:54 - [MESSAGE][INFO] - Option with index 1 is selected

03-01-2024T15:37:54 - [MESSAGE][PASSED] - All options with index in [1] are selected on object 'Object Repository/Connexion Usager/Date Debut Validite/Select_Mois'

03-01-2024T15:37:54 - [TEST_STEP][PASSED] - setText(findTestObject("Object Repository/Connexion Usager/Date Debut Validite/Input_Annee"), ParsedDateDebut[2]): Text '2023' is set on object 'Object Repository/Connexion Usager/Date Debut Validite/Input_Annee'

03-01-2024T15:37:54 - [MESSAGE][INFO] - Finding Test Object 'Object Repository/Connexion Usager/Date Debut Validite/Input_Annee'

03-01-2024T15:37:54 - [MESSAGE][INFO] - Checking timeout

03-01-2024T15:37:54 - [MESSAGE][INFO] - Finding web element with id: 'Object Repository/Connexion Usager/Date Debut Validite/Input_Annee' located by 'By.xpath: /html/body/app-root/div/app-root/main/app-registration/div/div[3]/app-identification/form/div[2]/app-date[1]/fieldset/div[2]/div[3]/input' in '20' second(s)

03-01-2024T15:37:54 - [MESSAGE][INFO] - Smart Wait Function is triggered

03-01-2024T15:37:54 - [MESSAGE][INFO] - Found 1 web elements with id: 'Object Repository/Connexion Usager/Date Debut Validite/Input_Annee' located by 'By.xpath: /html/body/app-root/div/app-root/main/app-registration/div/div[3]/app-identification/form/div[2]/app-date[1]/fieldset/div[2]/div[3]/input' in '20' second(s)

03-01-2024T15:37:54 - [MESSAGE][INFO] - Checking object

03-01-2024T15:37:54 - [MESSAGE][INFO] - Checking text

03-01-2024T15:37:54 - [MESSAGE][INFO] - Finding web element from Test Object's properties

03-01-2024T15:37:54 - [MESSAGE][INFO] - Checking timeout

03-01-2024T15:37:54 - [MESSAGE][INFO] - Finding web element with id: 'Object Repository/Connexion Usager/Date Debut Validite/Input_Annee' located by 'By.xpath: /html/body/app-root/div/app-root/main/app-registration/div/div[3]/app-identification/form/div[2]/app-date[1]/fieldset/div[2]/div[3]/input' in '5' second(s)

03-01-2024T15:37:54 - [MESSAGE][INFO] - Smart Wait Function is triggered

03-01-2024T15:37:54 - [MESSAGE][INFO] - Found 1 web elements with id: 'Object Repository/Connexion Usager/Date Debut Validite/Input_Annee' located by 'By.xpath: /html/body/app-root/div/app-root/main/app-registration/div/div[3]/app-identification/form/div[2]/app-date[1]/fieldset/div[2]/div[3]/input' in '5' second(s)

03-01-2024T15:37:54 - [MESSAGE][INFO] - Clearing text of object 'Object Repository/Connexion Usager/Date Debut Validite/Input_Annee'

03-01-2024T15:37:56 - [MESSAGE][INFO] - Finding web element from Test Object's properties

03-01-2024T15:37:56 - [MESSAGE][INFO] - Checking timeout

03-01-2024T15:37:56 - [MESSAGE][INFO] - Finding web element with id: 'Object Repository/Connexion Usager/Date Debut Validite/Input_Annee' located by 'By.xpath: /html/body/app-root/div/app-root/main/app-registration/div/div[3]/app-identification/form/div[2]/app-date[1]/fieldset/div[2]/div[3]/input' in '5' second(s)

03-01-2024T15:37:56 - [MESSAGE][INFO] - Smart Wait Function is triggered

03-01-2024T15:37:56 - [MESSAGE][INFO] - Found 1 web elements with id: 'Object Repository/Connexion Usager/Date Debut Validite/Input_Annee' located by 'By.xpath: /html/body/app-root/div/app-root/main/app-registration/div/div[3]/app-identification/form/div[2]/app-date[1]/fieldset/div[2]/div[3]/input' in '5' second(s)

03-01-2024T15:37:56 - [MESSAGE][INFO] - Setting text of object 'Object Repository/Connexion Usager/Date Debut Validite/Input_Annee' to value '2023'

03-01-2024T15:37:58 - [MESSAGE][PASSED] - Text '2023' is set on object 'Object Repository/Connexion Usager/Date Debut Validite/Input_Annee'

03-01-2024T15:37:58 - [TEST_STEP][PASSED] - DateFin = DateFin: null

03-01-2024T15:37:58 - [TEST_STEP][PASSED] - DateFin = tools.MyStringTools.ParsedDateFin(): tools.MyStringTools.ParsedDateFin is PASSED

03-01-2024T15:37:58 - [MESSAGE][PASSED] - tools.MyStringTools.ParsedDateFin is PASSED

03-01-2024T15:37:58 - [TEST_STEP][PASSED] - ParsedDateFin = tools.MyStringTools.ParsedDateFin(): tools.MyStringTools.ParsedDateFin is PASSED

03-01-2024T15:37:58 - [MESSAGE][PASSED] - tools.MyStringTools.ParsedDateFin is PASSED

03-01-2024T15:37:58 - [TEST_STEP][PASSED] - setText(findTestObject("Object Repository/Connexion Usager/Date Fin Validite/Input_Jour"), ParsedDateFin[0]): Text '15' is set on object 'Object Repository/Connexion Usager/Date Fin Validite/Input_Jour'

03-01-2024T15:37:58 - [MESSAGE][INFO] - Finding Test Object 'Object Repository/Connexion Usager/Date Fin Validite/Input_Jour'

03-01-2024T15:37:58 - [MESSAGE][INFO] - Checking timeout

03-01-2024T15:37:58 - [MESSAGE][INFO] - Finding web element with id: 'Object Repository/Connexion Usager/Date Fin Validite/Input_Jour' located by 'By.xpath: /html/body/app-root/div/app-root/main/app-registration/div/div[3]/app-identification/form/div[2]/app-date[2]/fieldset/div[2]/div[1]/input' in '20' second(s)

03-01-2024T15:37:58 - [MESSAGE][INFO] - Smart Wait Function is triggered

03-01-2024T15:37:58 - [MESSAGE][INFO] - Found 1 web elements with id: 'Object Repository/Connexion Usager/Date Fin Validite/Input_Jour' located by 'By.xpath: /html/body/app-root/div/app-root/main/app-registration/div/div[3]/app-identification/form/div[2]/app-date[2]/fieldset/div[2]/div[1]/input' in '20' second(s)

03-01-2024T15:37:58 - [MESSAGE][INFO] - Checking object

03-01-2024T15:37:58 - [MESSAGE][INFO] - Checking text

03-01-2024T15:37:58 - [MESSAGE][INFO] - Finding web element from Test Object's properties

03-01-2024T15:37:58 - [MESSAGE][INFO] - Checking timeout

03-01-2024T15:37:58 - [MESSAGE][INFO] - Finding web element with id: 'Object Repository/Connexion Usager/Date Fin Validite/Input_Jour' located by 'By.xpath: /html/body/app-root/div/app-root/main/app-registration/div/div[3]/app-identification/form/div[2]/app-date[2]/fieldset/div[2]/div[1]/input' in '5' second(s)

03-01-2024T15:37:58 - [MESSAGE][INFO] - Smart Wait Function is triggered

03-01-2024T15:37:58 - [MESSAGE][INFO] - Found 1 web elements with id: 'Object Repository/Connexion Usager/Date Fin Validite/Input_Jour' located by 'By.xpath: /html/body/app-root/div/app-root/main/app-registration/div/div[3]/app-identification/form/div[2]/app-date[2]/fieldset/div[2]/div[1]/input' in '5' second(s)

03-01-2024T15:37:58 - [MESSAGE][INFO] - Clearing text of object 'Object Repository/Connexion Usager/Date Fin Validite/Input_Jour'

03-01-2024T15:38:00 - [MESSAGE][INFO] - Finding web element from Test Object's properties

03-01-2024T15:38:00 - [MESSAGE][INFO] - Checking timeout

03-01-2024T15:38:00 - [MESSAGE][INFO] - Finding web element with id: 'Object Repository/Connexion Usager/Date Fin Validite/Input_Jour' located by 'By.xpath: /html/body/app-root/div/app-root/main/app-registration/div/div[3]/app-identification/form/div[2]/app-date[2]/fieldset/div[2]/div[1]/input' in '5' second(s)

03-01-2024T15:38:00 - [MESSAGE][INFO] - Smart Wait Function is triggered

03-01-2024T15:38:00 - [MESSAGE][INFO] - Found 1 web elements with id: 'Object Repository/Connexion Usager/Date Fin Validite/Input_Jour' located by 'By.xpath: /html/body/app-root/div/app-root/main/app-registration/div/div[3]/app-identification/form/div[2]/app-date[2]/fieldset/div[2]/div[1]/input' in '5' second(s)

03-01-2024T15:38:00 - [MESSAGE][INFO] - Setting text of object 'Object Repository/Connexion Usager/Date Fin Validite/Input_Jour' to value '15'

03-01-2024T15:38:02 - [MESSAGE][PASSED] - Text '15' is set on object 'Object Repository/Connexion Usager/Date Fin Validite/Input_Jour'

03-01-2024T15:38:02 - [TEST_STEP][PASSED] - selectOptionByIndex(findTestObject("Object Repository/Connexion Usager/Date Fin Validite/Select_Mois"), ParsedDateFin[1]): All options with index in [1] are selected on object 'Object Repository/Connexion Usager/Date Fin Validite/Select_Mois'

03-01-2024T15:38:02 - [MESSAGE][INFO] - Finding Test Object 'Object Repository/Connexion Usager/Date Fin Validite/Select_Mois'

03-01-2024T15:38:02 - [MESSAGE][INFO] - Checking timeout

03-01-2024T15:38:02 - [MESSAGE][INFO] - Finding web element with id: 'Object Repository/Connexion Usager/Date Fin Validite/Select_Mois' located by 'By.xpath: /html/body/app-root/div/app-root/main/app-registration/div/div[3]/app-identification/form/div[2]/app-date[2]/fieldset/div[2]/div[2]/select' in '20' second(s)

03-01-2024T15:38:02 - [MESSAGE][INFO] - Smart Wait Function is triggered

03-01-2024T15:38:02 - [MESSAGE][INFO] - Found 1 web elements with id: 'Object Repository/Connexion Usager/Date Fin Validite/Select_Mois' located by 'By.xpath: /html/body/app-root/div/app-root/main/app-registration/div/div[3]/app-identification/form/div[2]/app-date[2]/fieldset/div[2]/div[2]/select' in '20' second(s)

03-01-2024T15:38:02 - [MESSAGE][INFO] - Checking object

03-01-2024T15:38:02 - [MESSAGE][INFO] - Checking index range

03-01-2024T15:38:02 - [MESSAGE][INFO] - Converting range parameter '01' to index array

03-01-2024T15:38:02 - [MESSAGE][INFO] - Range parameter '01' is converted to index array [1]

03-01-2024T15:38:02 - [MESSAGE][INFO] - Finding web element from Test Object's properties

03-01-2024T15:38:02 - [MESSAGE][INFO] - Checking timeout

03-01-2024T15:38:02 - [MESSAGE][INFO] - Finding web element with id: 'Object Repository/Connexion Usager/Date Fin Validite/Select_Mois' located by 'By.xpath: /html/body/app-root/div/app-root/main/app-registration/div/div[3]/app-identification/form/div[2]/app-date[2]/fieldset/div[2]/div[2]/select' in '5' second(s)

03-01-2024T15:38:02 - [MESSAGE][INFO] - Smart Wait Function is triggered

03-01-2024T15:38:02 - [MESSAGE][INFO] - Found 1 web elements with id: 'Object Repository/Connexion Usager/Date Fin Validite/Select_Mois' located by 'By.xpath: /html/body/app-root/div/app-root/main/app-registration/div/div[3]/app-identification/form/div[2]/app-date[2]/fieldset/div[2]/div[2]/select' in '5' second(s)

03-01-2024T15:38:02 - [MESSAGE][INFO] - Checking index parameters

03-01-2024T15:38:02 - [MESSAGE][INFO] - Smart Wait Function is triggered

03-01-2024T15:38:02 - [MESSAGE][INFO] - Selecting options on object 'Object Repository/Connexion Usager/Date Fin Validite/Select_Mois' with index in [1]

03-01-2024T15:38:02 - [MESSAGE][INFO] - Smart Wait Function is triggered

03-01-2024T15:38:05 - [MESSAGE][INFO] - Option with index 1 is selected

03-01-2024T15:38:05 - [MESSAGE][PASSED] - All options with index in [1] are selected on object 'Object Repository/Connexion Usager/Date Fin Validite/Select_Mois'

03-01-2024T15:38:05 - [TEST_STEP][PASSED] - setText(findTestObject("Object Repository/Connexion Usager/Date Fin Validite/Input_Annee"), ParsedDateFin[2]): Text '2024' is set on object 'Object Repository/Connexion Usager/Date Fin Validite/Input_Annee'

03-01-2024T15:38:05 - [MESSAGE][INFO] - Finding Test Object 'Object Repository/Connexion Usager/Date Fin Validite/Input_Annee'

03-01-2024T15:38:05 - [MESSAGE][INFO] - Checking timeout

03-01-2024T15:38:05 - [MESSAGE][INFO] - Finding web element with id: 'Object Repository/Connexion Usager/Date Fin Validite/Input_Annee' located by 'By.xpath: /html/body/app-root/div/app-root/main/app-registration/div/div[3]/app-identification/form/div[2]/app-date[2]/fieldset/div[2]/div[3]/input' in '20' second(s)

03-01-2024T15:38:05 - [MESSAGE][INFO] - Smart Wait Function is triggered

03-01-2024T15:38:05 - [MESSAGE][INFO] - Found 1 web elements with id: 'Object Repository/Connexion Usager/Date Fin Validite/Input_Annee' located by 'By.xpath: /html/body/app-root/div/app-root/main/app-registration/div/div[3]/app-identification/form/div[2]/app-date[2]/fieldset/div[2]/div[3]/input' in '20' second(s)

03-01-2024T15:38:05 - [MESSAGE][INFO] - Checking object

03-01-2024T15:38:05 - [MESSAGE][INFO] - Checking text

03-01-2024T15:38:05 - [MESSAGE][INFO] - Finding web element from Test Object's properties

03-01-2024T15:38:05 - [MESSAGE][INFO] - Checking timeout

03-01-2024T15:38:05 - [MESSAGE][INFO] - Finding web element with id: 'Object Repository/Connexion Usager/Date Fin Validite/Input_Annee' located by 'By.xpath: /html/body/app-root/div/app-root/main/app-registration/div/div[3]/app-identification/form/div[2]/app-date[2]/fieldset/div[2]/div[3]/input' in '5' second(s)

03-01-2024T15:38:05 - [MESSAGE][INFO] - Smart Wait Function is triggered

03-01-2024T15:38:05 - [MESSAGE][INFO] - Found 1 web elements with id: 'Object Repository/Connexion Usager/Date Fin Validite/Input_Annee' located by 'By.xpath: /html/body/app-root/div/app-root/main/app-registration/div/div[3]/app-identification/form/div[2]/app-date[2]/fieldset/div[2]/div[3]/input' in '5' second(s)

03-01-2024T15:38:05 - [MESSAGE][INFO] - Clearing text of object 'Object Repository/Connexion Usager/Date Fin Validite/Input_Annee'

03-01-2024T15:38:07 - [MESSAGE][INFO] - Finding web element from Test Object's properties

03-01-2024T15:38:07 - [MESSAGE][INFO] - Checking timeout

03-01-2024T15:38:07 - [MESSAGE][INFO] - Finding web element with id: 'Object Repository/Connexion Usager/Date Fin Validite/Input_Annee' located by 'By.xpath: /html/body/app-root/div/app-root/main/app-registration/div/div[3]/app-identification/form/div[2]/app-date[2]/fieldset/div[2]/div[3]/input' in '5' second(s)

03-01-2024T15:38:07 - [MESSAGE][INFO] - Smart Wait Function is triggered

03-01-2024T15:38:07 - [MESSAGE][INFO] - Found 1 web elements with id: 'Object Repository/Connexion Usager/Date Fin Validite/Input_Annee' located by 'By.xpath: /html/body/app-root/div/app-root/main/app-registration/div/div[3]/app-identification/form/div[2]/app-date[2]/fieldset/div[2]/div[3]/input' in '5' second(s)

03-01-2024T15:38:07 - [MESSAGE][INFO] - Setting text of object 'Object Repository/Connexion Usager/Date Fin Validite/Input_Annee' to value '2024'

03-01-2024T15:38:09 - [MESSAGE][PASSED] - Text '2024' is set on object 'Object Repository/Connexion Usager/Date Fin Validite/Input_Annee'

03-01-2024T15:38:09 - [TEST_STEP][PASSED] - click(findTestObject("Object Repository/Connexion Usager/Btn_Creer Un Compte")): Object: 'Object Repository/Connexion Usager/Btn_Creer Un Compte' is clicked on

03-01-2024T15:38:09 - [MESSAGE][INFO] - Finding Test Object 'Object Repository/Connexion Usager/Btn_Creer Un Compte'

03-01-2024T15:38:09 - [MESSAGE][INFO] - Checking timeout

03-01-2024T15:38:09 - [MESSAGE][INFO] - Finding web element with id: 'Object Repository/Connexion Usager/Btn_Creer Un Compte' located by 'By.xpath: /html/body/app-root/div/app-root/main/app-registration/div/div[3]/app-identification/form/p-button/button' in '20' second(s)

03-01-2024T15:38:09 - [MESSAGE][INFO] - Smart Wait Function is triggered

03-01-2024T15:38:09 - [MESSAGE][INFO] - Found 1 web elements with id: 'Object Repository/Connexion Usager/Btn_Creer Un Compte' located by 'By.xpath: /html/body/app-root/div/app-root/main/app-registration/div/div[3]/app-identification/form/p-button/button' in '20' second(s)

03-01-2024T15:38:09 - [MESSAGE][INFO] - Checking object

03-01-2024T15:38:09 - [MESSAGE][INFO] - Checking timeout

03-01-2024T15:38:09 - [MESSAGE][INFO] - Finding web element from Test Object's properties

03-01-2024T15:38:09 - [MESSAGE][INFO] - Checking timeout

03-01-2024T15:38:09 - [MESSAGE][INFO] - Finding web element with id: 'Object Repository/Connexion Usager/Btn_Creer Un Compte' located by 'By.xpath: /html/body/app-root/div/app-root/main/app-registration/div/div[3]/app-identification/form/p-button/button' in '5' second(s)

03-01-2024T15:38:09 - [MESSAGE][INFO] - Smart Wait Function is triggered

03-01-2024T15:38:09 - [MESSAGE][INFO] - Found 1 web elements with id: 'Object Repository/Connexion Usager/Btn_Creer Un Compte' located by 'By.xpath: /html/body/app-root/div/app-root/main/app-registration/div/div[3]/app-identification/form/p-button/button' in '5' second(s)

03-01-2024T15:38:09 - [MESSAGE][INFO] - Clicking on object: 'Object Repository/Connexion Usager/Btn_Creer Un Compte'

03-01-2024T15:38:11 - [MESSAGE][PASSED] - Object: 'Object Repository/Connexion Usager/Btn_Creer Un Compte' is clicked on

03-01-2024T15:38:11 - [TEST_STEP][PASSED] - "Vérification si Certaines informations que vous avez saisies sont incorrectes. Veuillez vérifier votre saisie. pb serveur AGERDF": null

03-01-2024T15:38:11 - [TEST_STEP][PASSED] - callTestCase(findTestCase("Test Cases/Test Reutilisable/Main/VerificationCertainesInformationsSontIncorrectes"), [:], OPTIONAL): Call Test Case 'Test Cases/Test Reutilisable/Main/VerificationCertainesInformationsSontIncorrectes' successfully

03-01-2024T15:38:11 - [MESSAGE][INFO] - Checking called Test Case

03-01-2024T15:38:11 - [MESSAGE][INFO] - Starting to call Test Case 'Test Cases/Test Reutilisable/Main/VerificationCertainesInformationsSontIncorrectes'

03-01-2024T15:38:11 - [TEST_CASE][PASSED] - Test Cases/Test Reutilisable/Main/VerificationCertainesInformationsSontIncorrectes: Test Cases/Test Reutilisable/Main/VerificationCertainesInformationsSontIncorrectes

03-01-2024T15:38:11 - [TEST_STEP][PASSED] - "Vérification si Certaines informations que vous avez saisies sont incorrectes. Veuillez vérifier votre saisie. pb serveur AGERDF": null

03-01-2024T15:38:11 - [TEST_STEP][PASSED] - delay(3): Delayed 3 second(s)

03-01-2024T15:38:11 - [MESSAGE][INFO] - Delaying browser in 3 second(s)

03-01-2024T15:38:14 - [MESSAGE][PASSED] - Delayed 3 second(s)

03-01-2024T15:38:14 - [TEST_STEP][PASSED] - StopTestCase = false: null

03-01-2024T15:38:14 - [TEST_STEP][PASSED] - MsgAlertPresent = verifyElementVisible(findTestObject("Object Repository/Connexion Usager/lbl_CertainesInformationsSaisiesSontIncorrectes"), OPTIONAL): Web element with id: 'Object Repository/Connexion Usager/lbl_CertainesInformationsSaisiesSontIncorrectes' located by '//p' not found (Root cause: com.kms.katalon.core.exception.StepFailedException: Web element with id: 'Object Repository/Connexion Usager/lbl_CertainesInformationsSaisiesSontIncorrectes' located by '//p' not found
	at com.kms.katalon.core.webui.keyword.internal.WebUIKeywordMain.stepFailed(WebUIKeywordMain.groovy:64)
	at com.kms.katalon.core.webui.keyword.builtin.VerifyElementVisibleKeyword$_verifyElementVisible_closure1.doCall(VerifyElementVisibleKeyword.groovy:89)
	at com.kms.katalon.core.webui.keyword.builtin.VerifyElementVisibleKeyword$_verifyElementVisible_closure1.call(VerifyElementVisibleKeyword.groovy)
	at com.kms.katalon.core.webui.keyword.internal.WebUIKeywordMain.runKeyword(WebUIKeywordMain.groovy:20)
	at com.kms.katalon.core.webui.keyword.builtin.VerifyElementVisibleKeyword.verifyElementVisible(VerifyElementVisibleKeyword.groovy:97)
	at com.kms.katalon.core.webui.keyword.builtin.VerifyElementVisibleKeyword.execute(VerifyElementVisibleKeyword.groovy:67)
	at com.kms.katalon.core.keyword.internal.KeywordExecutor.executeKeywordForPlatform(KeywordExecutor.groovy:74)
	at com.kms.katalon.core.webui.keyword.WebUiBuiltInKeywords.verifyElementVisible(WebUiBuiltInKeywords.groovy:401)
	at java.base/jdk.internal.reflect.NativeMethodAccessorImpl.invoke0(Native Method)
	at java.base/jdk.internal.reflect.NativeMethodAccessorImpl.invoke(NativeMethodAccessorImpl.java:77)
	at java.base/jdk.internal.reflect.DelegatingMethodAccessorImpl.invoke(DelegatingMethodAccessorImpl.java:43)
	at com.kazurayam.ksbackyard.HighlightElement$_pandemic_closure1.doCall(HighlightElement.groovy:105)
	at jdk.internal.reflect.GeneratedMethodAccessor5.invoke(Unknown Source)
	at java.base/jdk.internal.reflect.DelegatingMethodAccessorImpl.invoke(DelegatingMethodAccessorImpl.java:43)
	at VerificationCertainesInformationsSontIncorrectes.run(VerificationCertainesInformationsSontIncorrectes:85)
	at com.kms.katalon.core.main.ScriptEngine.run(ScriptEngine.java:194)
	at com.kms.katalon.core.main.ScriptEngine.runScriptAsRawText(ScriptEngine.java:119)
	at com.kms.katalon.core.main.TestCaseExecutor.runScript(TestCaseExecutor.java:448)
	at com.kms.katalon.core.main.TestCaseExecutor.doExecute(TestCaseExecutor.java:439)
	at com.kms.katalon.core.main.TestCaseExecutor.processExecutionPhase(TestCaseExecutor.java:418)
	at com.kms.katalon.core.main.TestCaseExecutor.accessMainPhase(TestCaseExecutor.java:410)
	at com.kms.katalon.core.main.TestCaseExecutor.execute(TestCaseExecutor.java:285)
	at com.kms.katalon.core.main.TestCaseMain.runTestCase(TestCaseMain.java:137)
	at com.kms.katalon.core.keyword.builtin.CallTestCaseKeyword$_callTestCase_closure1.doCall(CallTestCaseKeyword.groovy:59)
	at com.kms.katalon.core.keyword.builtin.CallTestCaseKeyword$_callTestCase_closure1.call(CallTestCaseKeyword.groovy)
	at com.kms.katalon.core.keyword.internal.KeywordMain.runKeyword(KeywordMain.groovy:75)
	at com.kms.katalon.core.keyword.builtin.CallTestCaseKeyword.callTestCase(CallTestCaseKeyword.groovy:81)
	at com.kms.katalon.core.keyword.builtin.CallTestCaseKeyword.execute(CallTestCaseKeyword.groovy:44)
	at com.kms.katalon.core.keyword.internal.KeywordExecutor.executeKeywordForPlatform(KeywordExecutor.groovy:74)
	at com.kms.katalon.core.keyword.BuiltinKeywords.callTestCase(BuiltinKeywords.groovy:310)
	at java.base/jdk.internal.reflect.NativeMethodAccessorImpl.invoke0(Native Method)
	at java.base/jdk.internal.reflect.NativeMethodAccessorImpl.invoke(NativeMethodAccessorImpl.java:77)
	at java.base/jdk.internal.reflect.DelegatingMethodAccessorImpl.invoke(DelegatingMethodAccessorImpl.java:43)
	at com.kazurayam.ksbackyard.HighlightElement$_pandemic_closure1.doCall(HighlightElement.groovy:105)
	at jdk.internal.reflect.GeneratedMethodAccessor5.invoke(Unknown Source)
	at java.base/jdk.internal.reflect.DelegatingMethodAccessorImpl.invoke(DelegatingMethodAccessorImpl.java:43)
	at Creer Votre Compte.run(Creer Votre Compte:109)
	at com.kms.katalon.core.main.ScriptEngine.run(ScriptEngine.java:194)
	at com.kms.katalon.core.main.ScriptEngine.runScriptAsRawText(ScriptEngine.java:119)
	at com.kms.katalon.core.main.TestCaseExecutor.runScript(TestCaseExecutor.java:448)
	at com.kms.katalon.core.main.TestCaseExecutor.doExecute(TestCaseExecutor.java:439)
	at com.kms.katalon.core.main.TestCaseExecutor.processExecutionPhase(TestCaseExecutor.java:418)
	at com.kms.katalon.core.main.TestCaseExecutor.accessMainPhase(TestCaseExecutor.java:410)
	at com.kms.katalon.core.main.TestCaseExecutor.execute(TestCaseExecutor.java:285)
	at com.kms.katalon.core.main.TestCaseMain.runTestCase(TestCaseMain.java:137)
	at com.kms.katalon.core.keyword.builtin.CallTestCaseKeyword$_callTestCase_closure1.doCall(CallTestCaseKeyword.groovy:59)
	at com.kms.katalon.core.keyword.builtin.CallTestCaseKeyword$_callTestCase_closure1.call(CallTestCaseKeyword.groovy)
	at com.kms.katalon.core.keyword.internal.KeywordMain.runKeyword(KeywordMain.groovy:75)
	at com.kms.katalon.core.keyword.builtin.CallTestCaseKeyword.callTestCase(CallTestCaseKeyword.groovy:81)
	at com.kms.katalon.core.keyword.builtin.CallTestCaseKeyword.execute(CallTestCaseKeyword.groovy:44)
	at com.kms.katalon.core.keyword.internal.KeywordExecutor.executeKeywordForPlatform(KeywordExecutor.groovy:74)
	at com.kms.katalon.core.keyword.BuiltinKeywords.callTestCase(BuiltinKeywords.groovy:310)
	at java.base/jdk.internal.reflect.NativeMethodAccessorImpl.invoke0(Native Method)
	at java.base/jdk.internal.reflect.NativeMethodAccessorImpl.invoke(NativeMethodAccessorImpl.java:77)
	at java.base/jdk.internal.reflect.DelegatingMethodAccessorImpl.invoke(DelegatingMethodAccessorImpl.java:43)
	at com.kazurayam.ksbackyard.HighlightElement$_pandemic_closure1.doCall(HighlightElement.groovy:105)
	at java.base/jdk.internal.reflect.NativeMethodAccessorImpl.invoke0(Native Method)
	at java.base/jdk.internal.reflect.NativeMethodAccessorImpl.invoke(NativeMethodAccessorImpl.java:77)
	at java.base/jdk.internal.reflect.DelegatingMethodAccessorImpl.invoke(DelegatingMethodAccessorImpl.java:43)
	at TNR R.TSPT Supp90-Visiteur.run(TNR R.TSPT Supp90-Visiteur:30)
	at com.kms.katalon.core.main.ScriptEngine.run(ScriptEngine.java:194)
	at com.kms.katalon.core.main.ScriptEngine.runScriptAsRawText(ScriptEngine.java:119)
	at com.kms.katalon.core.main.TestCaseExecutor.runScript(TestCaseExecutor.java:448)
	at com.kms.katalon.core.main.TestCaseExecutor.doExecute(TestCaseExecutor.java:439)
	at com.kms.katalon.core.main.TestCaseExecutor.processExecutionPhase(TestCaseExecutor.java:418)
	at com.kms.katalon.core.main.TestCaseExecutor.accessMainPhase(TestCaseExecutor.java:410)
	at com.kms.katalon.core.main.TestCaseExecutor.execute(TestCaseExecutor.java:285)
	at com.kms.katalon.core.common.CommonExecutor.accessTestCaseMainPhase(CommonExecutor.java:65)
	at com.kms.katalon.core.main.TestSuiteExecutor.accessTestSuiteMainPhase(TestSuiteExecutor.java:148)
	at com.kms.katalon.core.main.TestSuiteExecutor.execute(TestSuiteExecutor.java:106)
	at com.kms.katalon.core.main.TestCaseMain.startTestSuite(TestCaseMain.java:180)
	at TempTestSuite1704292590673.run(TempTestSuite1704292590673.groovy:36)
	at java.base/jdk.internal.reflect.NativeMethodAccessorImpl.invoke0(Native Method)
	at java.base/jdk.internal.reflect.NativeMethodAccessorImpl.invoke(NativeMethodAccessorImpl.java:77)
	at java.base/jdk.internal.reflect.DelegatingMethodAccessorImpl.invoke(DelegatingMethodAccessorImpl.java:43)
)

03-01-2024T15:38:14 - [MESSAGE][INFO] - Finding Test Object 'Object Repository/Connexion Usager/lbl_CertainesInformationsSaisiesSontIncorrectes'

03-01-2024T15:38:15 - [MESSAGE][INFO] - Checking object

03-01-2024T15:38:15 - [MESSAGE][INFO] - Finding web element from Test Object's properties

03-01-2024T15:38:15 - [MESSAGE][INFO] - Checking timeout

03-01-2024T15:38:15 - [MESSAGE][INFO] - Finding web element with id: 'Object Repository/Connexion Usager/lbl_CertainesInformationsSaisiesSontIncorrectes' located by 'By.xpath: //p' in '5' second(s)

03-01-2024T15:38:15 - [MESSAGE][INFO] - Smart Wait Function is triggered

03-01-2024T15:38:15 - [MESSAGE][INFO] - Smart Wait Function is triggered

03-01-2024T15:38:15 - [MESSAGE][INFO] - Smart Wait Function is triggered

03-01-2024T15:38:15 - [MESSAGE][INFO] - Smart Wait Function is triggered

03-01-2024T15:38:15 - [MESSAGE][INFO] - Smart Wait Function is triggered

03-01-2024T15:38:15 - [MESSAGE][INFO] - Smart Wait Function is triggered

03-01-2024T15:38:15 - [MESSAGE][INFO] - Smart Wait Function is triggered

03-01-2024T15:38:15 - [MESSAGE][INFO] - Smart Wait Function is triggered

03-01-2024T15:38:15 - [MESSAGE][INFO] - Smart Wait Function is triggered

03-01-2024T15:38:15 - [MESSAGE][INFO] - Smart Wait Function is triggered

03-01-2024T15:38:15 - [MESSAGE][INFO] - Smart Wait Function is triggered

03-01-2024T15:38:15 - [MESSAGE][INFO] - Smart Wait Function is triggered

03-01-2024T15:38:15 - [MESSAGE][INFO] - Smart Wait Function is triggered

03-01-2024T15:38:15 - [MESSAGE][INFO] - Smart Wait Function is triggered

03-01-2024T15:38:15 - [MESSAGE][INFO] - Smart Wait Function is triggered

03-01-2024T15:38:15 - [MESSAGE][INFO] - Smart Wait Function is triggered

03-01-2024T15:38:15 - [MESSAGE][INFO] - Smart Wait Function is triggered

03-01-2024T15:38:15 - [MESSAGE][INFO] - Smart Wait Function is triggered

03-01-2024T15:38:15 - [MESSAGE][INFO] - Smart Wait Function is triggered

03-01-2024T15:38:15 - [MESSAGE][INFO] - Smart Wait Function is triggered

03-01-2024T15:38:15 - [MESSAGE][INFO] - Smart Wait Function is triggered

03-01-2024T15:38:15 - [MESSAGE][INFO] - Smart Wait Function is triggered

03-01-2024T15:38:15 - [MESSAGE][INFO] - Smart Wait Function is triggered

03-01-2024T15:38:15 - [MESSAGE][INFO] - Smart Wait Function is triggered

03-01-2024T15:38:15 - [MESSAGE][INFO] - Smart Wait Function is triggered

03-01-2024T15:38:15 - [MESSAGE][INFO] - Smart Wait Function is triggered

03-01-2024T15:38:15 - [MESSAGE][INFO] - Smart Wait Function is triggered

03-01-2024T15:38:15 - [MESSAGE][INFO] - Smart Wait Function is triggered

03-01-2024T15:38:15 - [MESSAGE][INFO] - Smart Wait Function is triggered

03-01-2024T15:38:15 - [MESSAGE][INFO] - Smart Wait Function is triggered

03-01-2024T15:38:15 - [MESSAGE][INFO] - Smart Wait Function is triggered

03-01-2024T15:38:15 - [MESSAGE][INFO] - Smart Wait Function is triggered

03-01-2024T15:38:15 - [MESSAGE][INFO] - Smart Wait Function is triggered

03-01-2024T15:38:15 - [MESSAGE][INFO] - Smart Wait Function is triggered

03-01-2024T15:38:15 - [MESSAGE][INFO] - Smart Wait Function is triggered

03-01-2024T15:38:15 - [MESSAGE][INFO] - Smart Wait Function is triggered

03-01-2024T15:38:15 - [MESSAGE][INFO] - Smart Wait Function is triggered

03-01-2024T15:38:15 - [MESSAGE][INFO] - Smart Wait Function is triggered

03-01-2024T15:38:15 - [MESSAGE][INFO] - Smart Wait Function is triggered

03-01-2024T15:38:15 - [MESSAGE][INFO] - Smart Wait Function is triggered

03-01-2024T15:38:15 - [MESSAGE][INFO] - Smart Wait Function is triggered

03-01-2024T15:38:15 - [MESSAGE][INFO] - Smart Wait Function is triggered

03-01-2024T15:38:15 - [MESSAGE][INFO] - Smart Wait Function is triggered

03-01-2024T15:38:15 - [MESSAGE][INFO] - Smart Wait Function is triggered

03-01-2024T15:38:15 - [MESSAGE][INFO] - Smart Wait Function is triggered

03-01-2024T15:38:15 - [MESSAGE][INFO] - Smart Wait Function is triggered

03-01-2024T15:38:15 - [MESSAGE][INFO] - Smart Wait Function is triggered

03-01-2024T15:38:15 - [MESSAGE][INFO] - Smart Wait Function is triggered

03-01-2024T15:38:15 - [MESSAGE][INFO] - Smart Wait Function is triggered

03-01-2024T15:38:16 - [MESSAGE][INFO] - Smart Wait Function is triggered

03-01-2024T15:38:16 - [MESSAGE][INFO] - Smart Wait Function is triggered

03-01-2024T15:38:16 - [MESSAGE][INFO] - Smart Wait Function is triggered

03-01-2024T15:38:16 - [MESSAGE][INFO] - Smart Wait Function is triggered

03-01-2024T15:38:16 - [MESSAGE][INFO] - Smart Wait Function is triggered

03-01-2024T15:38:16 - [MESSAGE][INFO] - Smart Wait Function is triggered

03-01-2024T15:38:16 - [MESSAGE][INFO] - Smart Wait Function is triggered

03-01-2024T15:38:16 - [MESSAGE][INFO] - Smart Wait Function is triggered

03-01-2024T15:38:16 - [MESSAGE][INFO] - Smart Wait Function is triggered

03-01-2024T15:38:16 - [MESSAGE][INFO] - Smart Wait Function is triggered

03-01-2024T15:38:16 - [MESSAGE][INFO] - Smart Wait Function is triggered

03-01-2024T15:38:16 - [MESSAGE][INFO] - Smart Wait Function is triggered

03-01-2024T15:38:16 - [MESSAGE][INFO] - Smart Wait Function is triggered

03-01-2024T15:38:16 - [MESSAGE][INFO] - Smart Wait Function is triggered

03-01-2024T15:38:16 - [MESSAGE][INFO] - Smart Wait Function is triggered

03-01-2024T15:38:16 - [MESSAGE][INFO] - Smart Wait Function is triggered

03-01-2024T15:38:16 - [MESSAGE][INFO] - Smart Wait Function is triggered

03-01-2024T15:38:16 - [MESSAGE][INFO] - Smart Wait Function is triggered

03-01-2024T15:38:16 - [MESSAGE][INFO] - Smart Wait Function is triggered

03-01-2024T15:38:16 - [MESSAGE][INFO] - Smart Wait Function is triggered

03-01-2024T15:38:16 - [MESSAGE][INFO] - Smart Wait Function is triggered

03-01-2024T15:38:16 - [MESSAGE][INFO] - Smart Wait Function is triggered

03-01-2024T15:38:16 - [MESSAGE][INFO] - Smart Wait Function is triggered

03-01-2024T15:38:16 - [MESSAGE][INFO] - Smart Wait Function is triggered

03-01-2024T15:38:16 - [MESSAGE][INFO] - Smart Wait Function is triggered

03-01-2024T15:38:16 - [MESSAGE][INFO] - Smart Wait Function is triggered

03-01-2024T15:38:16 - [MESSAGE][INFO] - Smart Wait Function is triggered

03-01-2024T15:38:16 - [MESSAGE][INFO] - Smart Wait Function is triggered

03-01-2024T15:38:16 - [MESSAGE][INFO] - Smart Wait Function is triggered

03-01-2024T15:38:16 - [MESSAGE][INFO] - Smart Wait Function is triggered

03-01-2024T15:38:16 - [MESSAGE][INFO] - Smart Wait Function is triggered

03-01-2024T15:38:16 - [MESSAGE][INFO] - Smart Wait Function is triggered

03-01-2024T15:38:16 - [MESSAGE][INFO] - Smart Wait Function is triggered

03-01-2024T15:38:16 - [MESSAGE][INFO] - Smart Wait Function is triggered

03-01-2024T15:38:16 - [MESSAGE][INFO] - Smart Wait Function is triggered

03-01-2024T15:38:16 - [MESSAGE][INFO] - Smart Wait Function is triggered

03-01-2024T15:38:16 - [MESSAGE][INFO] - Smart Wait Function is triggered

03-01-2024T15:38:16 - [MESSAGE][INFO] - Smart Wait Function is triggered

03-01-2024T15:38:16 - [MESSAGE][INFO] - Smart Wait Function is triggered

03-01-2024T15:38:16 - [MESSAGE][INFO] - Smart Wait Function is triggered

03-01-2024T15:38:16 - [MESSAGE][INFO] - Smart Wait Function is triggered

03-01-2024T15:38:16 - [MESSAGE][INFO] - Smart Wait Function is triggered

03-01-2024T15:38:16 - [MESSAGE][INFO] - Smart Wait Function is triggered

03-01-2024T15:38:17 - [MESSAGE][INFO] - Smart Wait Function is triggered

03-01-2024T15:38:17 - [MESSAGE][INFO] - Smart Wait Function is triggered

03-01-2024T15:38:17 - [MESSAGE][INFO] - Smart Wait Function is triggered

03-01-2024T15:38:17 - [MESSAGE][INFO] - Smart Wait Function is triggered

03-01-2024T15:38:17 - [MESSAGE][INFO] - Smart Wait Function is triggered

03-01-2024T15:38:17 - [MESSAGE][INFO] - Smart Wait Function is triggered

03-01-2024T15:38:17 - [MESSAGE][INFO] - Smart Wait Function is triggered

03-01-2024T15:38:17 - [MESSAGE][INFO] - Smart Wait Function is triggered

03-01-2024T15:38:17 - [MESSAGE][INFO] - Smart Wait Function is triggered

03-01-2024T15:38:17 - [MESSAGE][INFO] - Smart Wait Function is triggered

03-01-2024T15:38:17 - [MESSAGE][INFO] - Smart Wait Function is triggered

03-01-2024T15:38:17 - [MESSAGE][INFO] - Smart Wait Function is triggered

03-01-2024T15:38:17 - [MESSAGE][INFO] - Smart Wait Function is triggered

03-01-2024T15:38:17 - [MESSAGE][INFO] - Smart Wait Function is triggered

03-01-2024T15:38:17 - [MESSAGE][INFO] - Smart Wait Function is triggered

03-01-2024T15:38:17 - [MESSAGE][INFO] - Smart Wait Function is triggered

03-01-2024T15:38:17 - [MESSAGE][INFO] - Smart Wait Function is triggered

03-01-2024T15:38:17 - [MESSAGE][INFO] - Smart Wait Function is triggered

03-01-2024T15:38:17 - [MESSAGE][INFO] - Smart Wait Function is triggered

03-01-2024T15:38:17 - [MESSAGE][INFO] - Smart Wait Function is triggered

03-01-2024T15:38:17 - [MESSAGE][INFO] - Smart Wait Function is triggered

03-01-2024T15:38:17 - [MESSAGE][INFO] - Smart Wait Function is triggered

03-01-2024T15:38:17 - [MESSAGE][INFO] - Smart Wait Function is triggered

03-01-2024T15:38:17 - [MESSAGE][INFO] - Smart Wait Function is triggered

03-01-2024T15:38:17 - [MESSAGE][INFO] - Smart Wait Function is triggered

03-01-2024T15:38:17 - [MESSAGE][INFO] - Smart Wait Function is triggered

03-01-2024T15:38:17 - [MESSAGE][INFO] - Smart Wait Function is triggered

03-01-2024T15:38:17 - [MESSAGE][INFO] - Smart Wait Function is triggered

03-01-2024T15:38:17 - [MESSAGE][INFO] - Smart Wait Function is triggered

03-01-2024T15:38:17 - [MESSAGE][INFO] - Smart Wait Function is triggered

03-01-2024T15:38:17 - [MESSAGE][INFO] - Smart Wait Function is triggered

03-01-2024T15:38:17 - [MESSAGE][INFO] - Smart Wait Function is triggered

03-01-2024T15:38:17 - [MESSAGE][INFO] - Smart Wait Function is triggered

03-01-2024T15:38:17 - [MESSAGE][INFO] - Smart Wait Function is triggered

03-01-2024T15:38:17 - [MESSAGE][INFO] - Smart Wait Function is triggered

03-01-2024T15:38:17 - [MESSAGE][INFO] - Smart Wait Function is triggered

03-01-2024T15:38:17 - [MESSAGE][INFO] - Smart Wait Function is triggered

03-01-2024T15:38:17 - [MESSAGE][INFO] - Smart Wait Function is triggered

03-01-2024T15:38:17 - [MESSAGE][INFO] - Smart Wait Function is triggered

03-01-2024T15:38:17 - [MESSAGE][INFO] - Smart Wait Function is triggered

03-01-2024T15:38:17 - [MESSAGE][INFO] - Smart Wait Function is triggered

03-01-2024T15:38:17 - [MESSAGE][INFO] - Smart Wait Function is triggered

03-01-2024T15:38:17 - [MESSAGE][INFO] - Smart Wait Function is triggered

03-01-2024T15:38:18 - [MESSAGE][INFO] - Smart Wait Function is triggered

03-01-2024T15:38:18 - [MESSAGE][INFO] - Smart Wait Function is triggered

03-01-2024T15:38:18 - [MESSAGE][INFO] - Smart Wait Function is triggered

03-01-2024T15:38:18 - [MESSAGE][INFO] - Smart Wait Function is triggered

03-01-2024T15:38:18 - [MESSAGE][INFO] - Smart Wait Function is triggered

03-01-2024T15:38:18 - [MESSAGE][INFO] - Smart Wait Function is triggered

03-01-2024T15:38:18 - [MESSAGE][INFO] - Smart Wait Function is triggered

03-01-2024T15:38:18 - [MESSAGE][INFO] - Smart Wait Function is triggered

03-01-2024T15:38:18 - [MESSAGE][INFO] - Smart Wait Function is triggered

03-01-2024T15:38:18 - [MESSAGE][INFO] - Smart Wait Function is triggered

03-01-2024T15:38:18 - [MESSAGE][INFO] - Smart Wait Function is triggered

03-01-2024T15:38:18 - [MESSAGE][INFO] - Smart Wait Function is triggered

03-01-2024T15:38:18 - [MESSAGE][INFO] - Smart Wait Function is triggered

03-01-2024T15:38:18 - [MESSAGE][INFO] - Smart Wait Function is triggered

03-01-2024T15:38:18 - [MESSAGE][INFO] - Smart Wait Function is triggered

03-01-2024T15:38:18 - [MESSAGE][INFO] - Smart Wait Function is triggered

03-01-2024T15:38:18 - [MESSAGE][INFO] - Smart Wait Function is triggered

03-01-2024T15:38:18 - [MESSAGE][INFO] - Smart Wait Function is triggered

03-01-2024T15:38:18 - [MESSAGE][INFO] - Smart Wait Function is triggered

03-01-2024T15:38:18 - [MESSAGE][INFO] - Smart Wait Function is triggered

03-01-2024T15:38:18 - [MESSAGE][INFO] - Smart Wait Function is triggered

03-01-2024T15:38:18 - [MESSAGE][INFO] - Smart Wait Function is triggered

03-01-2024T15:38:18 - [MESSAGE][INFO] - Smart Wait Function is triggered

03-01-2024T15:38:18 - [MESSAGE][INFO] - Smart Wait Function is triggered

03-01-2024T15:38:18 - [MESSAGE][INFO] - Smart Wait Function is triggered

03-01-2024T15:38:18 - [MESSAGE][INFO] - Smart Wait Function is triggered

03-01-2024T15:38:18 - [MESSAGE][INFO] - Smart Wait Function is triggered

03-01-2024T15:38:18 - [MESSAGE][INFO] - Smart Wait Function is triggered

03-01-2024T15:38:18 - [MESSAGE][INFO] - Smart Wait Function is triggered

03-01-2024T15:38:18 - [MESSAGE][INFO] - Smart Wait Function is triggered

03-01-2024T15:38:18 - [MESSAGE][INFO] - Smart Wait Function is triggered

03-01-2024T15:38:18 - [MESSAGE][INFO] - Smart Wait Function is triggered

03-01-2024T15:38:18 - [MESSAGE][INFO] - Smart Wait Function is triggered

03-01-2024T15:38:18 - [MESSAGE][INFO] - Smart Wait Function is triggered

03-01-2024T15:38:18 - [MESSAGE][INFO] - Smart Wait Function is triggered

03-01-2024T15:38:18 - [MESSAGE][INFO] - Smart Wait Function is triggered

03-01-2024T15:38:18 - [MESSAGE][INFO] - Smart Wait Function is triggered

03-01-2024T15:38:18 - [MESSAGE][INFO] - Smart Wait Function is triggered

03-01-2024T15:38:18 - [MESSAGE][INFO] - Smart Wait Function is triggered

03-01-2024T15:38:18 - [MESSAGE][INFO] - Smart Wait Function is triggered

03-01-2024T15:38:19 - [MESSAGE][INFO] - Smart Wait Function is triggered

03-01-2024T15:38:19 - [MESSAGE][INFO] - Smart Wait Function is triggered

03-01-2024T15:38:19 - [MESSAGE][INFO] - Smart Wait Function is triggered

03-01-2024T15:38:19 - [MESSAGE][INFO] - Smart Wait Function is triggered

03-01-2024T15:38:19 - [MESSAGE][INFO] - Smart Wait Function is triggered

03-01-2024T15:38:19 - [MESSAGE][INFO] - Smart Wait Function is triggered

03-01-2024T15:38:19 - [MESSAGE][INFO] - Smart Wait Function is triggered

03-01-2024T15:38:19 - [MESSAGE][INFO] - Smart Wait Function is triggered

03-01-2024T15:38:19 - [MESSAGE][INFO] - Smart Wait Function is triggered

03-01-2024T15:38:19 - [MESSAGE][INFO] - Smart Wait Function is triggered

03-01-2024T15:38:19 - [MESSAGE][INFO] - Smart Wait Function is triggered

03-01-2024T15:38:19 - [MESSAGE][INFO] - Smart Wait Function is triggered

03-01-2024T15:38:19 - [MESSAGE][INFO] - Smart Wait Function is triggered

03-01-2024T15:38:19 - [MESSAGE][INFO] - Smart Wait Function is triggered

03-01-2024T15:38:19 - [MESSAGE][INFO] - Smart Wait Function is triggered

03-01-2024T15:38:19 - [MESSAGE][INFO] - Smart Wait Function is triggered

03-01-2024T15:38:19 - [MESSAGE][INFO] - Smart Wait Function is triggered

03-01-2024T15:38:19 - [MESSAGE][INFO] - Smart Wait Function is triggered

03-01-2024T15:38:19 - [MESSAGE][INFO] - Smart Wait Function is triggered

03-01-2024T15:38:19 - [MESSAGE][INFO] - Smart Wait Function is triggered

03-01-2024T15:38:19 - [MESSAGE][INFO] - Smart Wait Function is triggered

03-01-2024T15:38:19 - [MESSAGE][INFO] - Smart Wait Function is triggered

03-01-2024T15:38:19 - [MESSAGE][INFO] - Smart Wait Function is triggered

03-01-2024T15:38:19 - [MESSAGE][INFO] - Smart Wait Function is triggered

03-01-2024T15:38:19 - [MESSAGE][INFO] - Smart Wait Function is triggered

03-01-2024T15:38:19 - [MESSAGE][INFO] - Smart Wait Function is triggered

03-01-2024T15:38:19 - [MESSAGE][INFO] - Smart Wait Function is triggered

03-01-2024T15:38:19 - [MESSAGE][INFO] - Smart Wait Function is triggered

03-01-2024T15:38:19 - [MESSAGE][INFO] - Smart Wait Function is triggered

03-01-2024T15:38:19 - [MESSAGE][INFO] - Smart Wait Function is triggered

03-01-2024T15:38:19 - [MESSAGE][INFO] - Smart Wait Function is triggered

03-01-2024T15:38:19 - [MESSAGE][INFO] - Smart Wait Function is triggered

03-01-2024T15:38:19 - [MESSAGE][INFO] - Smart Wait Function is triggered

03-01-2024T15:38:19 - [MESSAGE][INFO] - Smart Wait Function is triggered

03-01-2024T15:38:19 - [MESSAGE][INFO] - Smart Wait Function is triggered

03-01-2024T15:38:19 - [MESSAGE][INFO] - Smart Wait Function is triggered

03-01-2024T15:38:19 - [MESSAGE][INFO] - Smart Wait Function is triggered

03-01-2024T15:38:19 - [MESSAGE][INFO] - Smart Wait Function is triggered

03-01-2024T15:38:19 - [MESSAGE][INFO] - Smart Wait Function is triggered

03-01-2024T15:38:20 - [MESSAGE][INFO] - Smart Wait Function is triggered

03-01-2024T15:38:20 - [MESSAGE][INFO] - Smart Wait Function is triggered

03-01-2024T15:38:20 - [MESSAGE][INFO] - Smart Wait Function is triggered

03-01-2024T15:38:20 - [MESSAGE][INFO] - Smart Wait Function is triggered

03-01-2024T15:38:20 - [MESSAGE][INFO] - Smart Wait Function is triggered

03-01-2024T15:38:20 - [MESSAGE][INFO] - Smart Wait Function is triggered

03-01-2024T15:38:20 - [MESSAGE][INFO] - Smart Wait Function is triggered

03-01-2024T15:38:20 - [MESSAGE][INFO] - Smart Wait Function is triggered

03-01-2024T15:38:20 - [MESSAGE][INFO] - Smart Wait Function is triggered

03-01-2024T15:38:20 - [MESSAGE][INFO] - Smart Wait Function is triggered

03-01-2024T15:38:20 - [MESSAGE][INFO] - Smart Wait Function is triggered

03-01-2024T15:38:20 - [MESSAGE][INFO] - Smart Wait Function is triggered

03-01-2024T15:38:20 - [MESSAGE][INFO] - Smart Wait Function is triggered

03-01-2024T15:38:20 - [MESSAGE][INFO] - Smart Wait Function is triggered

03-01-2024T15:38:20 - [MESSAGE][INFO] - Smart Wait Function is triggered

03-01-2024T15:38:20 - [MESSAGE][INFO] - Smart Wait Function is triggered

03-01-2024T15:38:20 - [MESSAGE][INFO] - Smart Wait Function is triggered

03-01-2024T15:38:20 - [MESSAGE][INFO] - Smart Wait Function is triggered

03-01-2024T15:38:20 - [MESSAGE][INFO] - Smart Wait Function is triggered

03-01-2024T15:38:20 - [MESSAGE][INFO] - Smart Wait Function is triggered

03-01-2024T15:38:20 - [MESSAGE][INFO] - Smart Wait Function is triggered

03-01-2024T15:38:20 - [MESSAGE][INFO] - Smart Wait Function is triggered

03-01-2024T15:38:20 - [MESSAGE][INFO] - Smart Wait Function is triggered

03-01-2024T15:38:20 - [MESSAGE][INFO] - Smart Wait Function is triggered

03-01-2024T15:38:20 - [MESSAGE][INFO] - Smart Wait Function is triggered

03-01-2024T15:38:20 - [MESSAGE][INFO] - Smart Wait Function is triggered

03-01-2024T15:38:20 - [MESSAGE][INFO] - Smart Wait Function is triggered

03-01-2024T15:38:20 - [MESSAGE][INFO] - Smart Wait Function is triggered

03-01-2024T15:38:20 - [MESSAGE][INFO] - Smart Wait Function is triggered

03-01-2024T15:38:20 - [MESSAGE][INFO] - Smart Wait Function is triggered

03-01-2024T15:38:20 - [MESSAGE][INFO] - Smart Wait Function is triggered

03-01-2024T15:38:20 - [MESSAGE][INFO] - Smart Wait Function is triggered

03-01-2024T15:38:20 - [MESSAGE][INFO] - Smart Wait Function is triggered

03-01-2024T15:38:20 - [MESSAGE][INFO] - Smart Wait Function is triggered

03-01-2024T15:38:20 - [MESSAGE][INFO] - Smart Wait Function is triggered

03-01-2024T15:38:20 - [MESSAGE][INFO] - Smart Wait Function is triggered

03-01-2024T15:38:20 - [MESSAGE][INFO] - Smart Wait Function is triggered

03-01-2024T15:38:20 - [MESSAGE][INFO] - Smart Wait Function is triggered

03-01-2024T15:38:20 - [MESSAGE][INFO] - Smart Wait Function is triggered

03-01-2024T15:38:20 - [MESSAGE][INFO] - Smart Wait Function is triggered

03-01-2024T15:38:20 - [MESSAGE][INFO] - Smart Wait Function is triggered

03-01-2024T15:38:20 - [MESSAGE][INFO] - Smart Wait Function is triggered

03-01-2024T15:38:20 - [MESSAGE][INFO] - Smart Wait Function is triggered

03-01-2024T15:38:20 - [MESSAGE][INFO] - Smart Wait Function is triggered

03-01-2024T15:38:21 - [MESSAGE][INFO] - Smart Wait Function is triggered

03-01-2024T15:38:21 - [MESSAGE][INFO] - Smart Wait Function is triggered

03-01-2024T15:38:21 - [MESSAGE][INFO] - Unable to find the element located by 'By.xpath: //p'. Please recheck the objects properties to make sure the desired element is located. 

03-01-2024T15:38:21 - [MESSAGE][WARNING] - Web element with id: 'Object Repository/Connexion Usager/lbl_CertainesInformationsSaisiesSontIncorrectes' located by '//p' not found (Root cause: com.kms.katalon.core.exception.StepFailedException: Web element with id: 'Object Repository/Connexion Usager/lbl_CertainesInformationsSaisiesSontIncorrectes' located by '//p' not found
	at com.kms.katalon.core.webui.keyword.internal.WebUIKeywordMain.stepFailed(WebUIKeywordMain.groovy:64)
	at com.kms.katalon.core.webui.keyword.builtin.VerifyElementVisibleKeyword$_verifyElementVisible_closure1.doCall(VerifyElementVisibleKeyword.groovy:89)
	at com.kms.katalon.core.webui.keyword.builtin.VerifyElementVisibleKeyword$_verifyElementVisible_closure1.call(VerifyElementVisibleKeyword.groovy)
	at com.kms.katalon.core.webui.keyword.internal.WebUIKeywordMain.runKeyword(WebUIKeywordMain.groovy:20)
	at com.kms.katalon.core.webui.keyword.builtin.VerifyElementVisibleKeyword.verifyElementVisible(VerifyElementVisibleKeyword.groovy:97)
	at com.kms.katalon.core.webui.keyword.builtin.VerifyElementVisibleKeyword.execute(VerifyElementVisibleKeyword.groovy:67)
	at com.kms.katalon.core.keyword.internal.KeywordExecutor.executeKeywordForPlatform(KeywordExecutor.groovy:74)
	at com.kms.katalon.core.webui.keyword.WebUiBuiltInKeywords.verifyElementVisible(WebUiBuiltInKeywords.groovy:401)
	at java.base/jdk.internal.reflect.NativeMethodAccessorImpl.invoke0(Native Method)
	at java.base/jdk.internal.reflect.NativeMethodAccessorImpl.invoke(NativeMethodAccessorImpl.java:77)
	at java.base/jdk.internal.reflect.DelegatingMethodAccessorImpl.invoke(DelegatingMethodAccessorImpl.java:43)
	at com.kazurayam.ksbackyard.HighlightElement$_pandemic_closure1.doCall(HighlightElement.groovy:105)
	at jdk.internal.reflect.GeneratedMethodAccessor5.invoke(Unknown Source)
	at java.base/jdk.internal.reflect.DelegatingMethodAccessorImpl.invoke(DelegatingMethodAccessorImpl.java:43)
	at VerificationCertainesInformationsSontIncorrectes.run(VerificationCertainesInformationsSontIncorrectes:85)
	at com.kms.katalon.core.main.ScriptEngine.run(ScriptEngine.java:194)
	at com.kms.katalon.core.main.ScriptEngine.runScriptAsRawText(ScriptEngine.java:119)
	at com.kms.katalon.core.main.TestCaseExecutor.runScript(TestCaseExecutor.java:448)
	at com.kms.katalon.core.main.TestCaseExecutor.doExecute(TestCaseExecutor.java:439)
	at com.kms.katalon.core.main.TestCaseExecutor.processExecutionPhase(TestCaseExecutor.java:418)
	at com.kms.katalon.core.main.TestCaseExecutor.accessMainPhase(TestCaseExecutor.java:410)
	at com.kms.katalon.core.main.TestCaseExecutor.execute(TestCaseExecutor.java:285)
	at com.kms.katalon.core.main.TestCaseMain.runTestCase(TestCaseMain.java:137)
	at com.kms.katalon.core.keyword.builtin.CallTestCaseKeyword$_callTestCase_closure1.doCall(CallTestCaseKeyword.groovy:59)
	at com.kms.katalon.core.keyword.builtin.CallTestCaseKeyword$_callTestCase_closure1.call(CallTestCaseKeyword.groovy)
	at com.kms.katalon.core.keyword.internal.KeywordMain.runKeyword(KeywordMain.groovy:75)
	at com.kms.katalon.core.keyword.builtin.CallTestCaseKeyword.callTestCase(CallTestCaseKeyword.groovy:81)
	at com.kms.katalon.core.keyword.builtin.CallTestCaseKeyword.execute(CallTestCaseKeyword.groovy:44)
	at com.kms.katalon.core.keyword.internal.KeywordExecutor.executeKeywordForPlatform(KeywordExecutor.groovy:74)
	at com.kms.katalon.core.keyword.BuiltinKeywords.callTestCase(BuiltinKeywords.groovy:310)
	at java.base/jdk.internal.reflect.NativeMethodAccessorImpl.invoke0(Native Method)
	at java.base/jdk.internal.reflect.NativeMethodAccessorImpl.invoke(NativeMethodAccessorImpl.java:77)
	at java.base/jdk.internal.reflect.DelegatingMethodAccessorImpl.invoke(DelegatingMethodAccessorImpl.java:43)
	at com.kazurayam.ksbackyard.HighlightElement$_pandemic_closure1.doCall(HighlightElement.groovy:105)
	at jdk.internal.reflect.GeneratedMethodAccessor5.invoke(Unknown Source)
	at java.base/jdk.internal.reflect.DelegatingMethodAccessorImpl.invoke(DelegatingMethodAccessorImpl.java:43)
	at Creer Votre Compte.run(Creer Votre Compte:109)
	at com.kms.katalon.core.main.ScriptEngine.run(ScriptEngine.java:194)
	at com.kms.katalon.core.main.ScriptEngine.runScriptAsRawText(ScriptEngine.java:119)
	at com.kms.katalon.core.main.TestCaseExecutor.runScript(TestCaseExecutor.java:448)
	at com.kms.katalon.core.main.TestCaseExecutor.doExecute(TestCaseExecutor.java:439)
	at com.kms.katalon.core.main.TestCaseExecutor.processExecutionPhase(TestCaseExecutor.java:418)
	at com.kms.katalon.core.main.TestCaseExecutor.accessMainPhase(TestCaseExecutor.java:410)
	at com.kms.katalon.core.main.TestCaseExecutor.execute(TestCaseExecutor.java:285)
	at com.kms.katalon.core.main.TestCaseMain.runTestCase(TestCaseMain.java:137)
	at com.kms.katalon.core.keyword.builtin.CallTestCaseKeyword$_callTestCase_closure1.doCall(CallTestCaseKeyword.groovy:59)
	at com.kms.katalon.core.keyword.builtin.CallTestCaseKeyword$_callTestCase_closure1.call(CallTestCaseKeyword.groovy)
	at com.kms.katalon.core.keyword.internal.KeywordMain.runKeyword(KeywordMain.groovy:75)
	at com.kms.katalon.core.keyword.builtin.CallTestCaseKeyword.callTestCase(CallTestCaseKeyword.groovy:81)
	at com.kms.katalon.core.keyword.builtin.CallTestCaseKeyword.execute(CallTestCaseKeyword.groovy:44)
	at com.kms.katalon.core.keyword.internal.KeywordExecutor.executeKeywordForPlatform(KeywordExecutor.groovy:74)
	at com.kms.katalon.core.keyword.BuiltinKeywords.callTestCase(BuiltinKeywords.groovy:310)
	at java.base/jdk.internal.reflect.NativeMethodAccessorImpl.invoke0(Native Method)
	at java.base/jdk.internal.reflect.NativeMethodAccessorImpl.invoke(NativeMethodAccessorImpl.java:77)
	at java.base/jdk.internal.reflect.DelegatingMethodAccessorImpl.invoke(DelegatingMethodAccessorImpl.java:43)
	at com.kazurayam.ksbackyard.HighlightElement$_pandemic_closure1.doCall(HighlightElement.groovy:105)
	at java.base/jdk.internal.reflect.NativeMethodAccessorImpl.invoke0(Native Method)
	at java.base/jdk.internal.reflect.NativeMethodAccessorImpl.invoke(NativeMethodAccessorImpl.java:77)
	at java.base/jdk.internal.reflect.DelegatingMethodAccessorImpl.invoke(DelegatingMethodAccessorImpl.java:43)
	at TNR R.TSPT Supp90-Visiteur.run(TNR R.TSPT Supp90-Visiteur:30)
	at com.kms.katalon.core.main.ScriptEngine.run(ScriptEngine.java:194)
	at com.kms.katalon.core.main.ScriptEngine.runScriptAsRawText(ScriptEngine.java:119)
	at com.kms.katalon.core.main.TestCaseExecutor.runScript(TestCaseExecutor.java:448)
	at com.kms.katalon.core.main.TestCaseExecutor.doExecute(TestCaseExecutor.java:439)
	at com.kms.katalon.core.main.TestCaseExecutor.processExecutionPhase(TestCaseExecutor.java:418)
	at com.kms.katalon.core.main.TestCaseExecutor.accessMainPhase(TestCaseExecutor.java:410)
	at com.kms.katalon.core.main.TestCaseExecutor.execute(TestCaseExecutor.java:285)
	at com.kms.katalon.core.common.CommonExecutor.accessTestCaseMainPhase(CommonExecutor.java:65)
	at com.kms.katalon.core.main.TestSuiteExecutor.accessTestSuiteMainPhase(TestSuiteExecutor.java:148)
	at com.kms.katalon.core.main.TestSuiteExecutor.execute(TestSuiteExecutor.java:106)
	at com.kms.katalon.core.main.TestCaseMain.startTestSuite(TestCaseMain.java:180)
	at TempTestSuite1704292590673.run(TempTestSuite1704292590673.groovy:36)
	at java.base/jdk.internal.reflect.NativeMethodAccessorImpl.invoke0(Native Method)
	at java.base/jdk.internal.reflect.NativeMethodAccessorImpl.invoke(NativeMethodAccessorImpl.java:77)
	at java.base/jdk.internal.reflect.DelegatingMethodAccessorImpl.invoke(DelegatingMethodAccessorImpl.java:43)
)
[[ATTACHMENT|C:\\Users\\ISSAM.RHARBAOUI\\git\\ANEF-RenouvellementSejour\\Reports\\20240103_153630\\TS_TNR_R.TSPT_Suppo90\\20240103_153630\\1704292701049.png]]

03-01-2024T15:38:21 - [TEST_STEP][PASSED] - if (MsgAlertPresent): null

03-01-2024T15:38:21 - [TEST_STEP][PASSED] - else: Vos informations ne sont pas associées à un compte ==>> Création d'un nouveau Compte avec ces Informations.

03-01-2024T15:38:21 - [TEST_STEP][PASSED] - markPassed("Vos informations ne sont pas associées à un compte ==>> Création d'un nouveau Compte avec ces Informations."): Vos informations ne sont pas associées à un compte ==>> Création d'un nouveau Compte avec ces Informations.

03-01-2024T15:38:21 - [MESSAGE][PASSED] - Vos informations ne sont pas associées à un compte ==>> Création d'un nouveau Compte avec ces Informations.

03-01-2024T15:38:21 - [TEST_STEP][PASSED] - waitForPageLoad(2): Wait for page load successfully

03-01-2024T15:38:21 - [MESSAGE][INFO] - Checking timeout

03-01-2024T15:38:21 - [MESSAGE][PASSED] - Wait for page load successfully

03-01-2024T15:38:21 - [MESSAGE][PASSED] - Call Test Case 'Test Cases/Test Reutilisable/Main/VerificationCertainesInformationsSontIncorrectes' successfully

03-01-2024T15:38:21 - [TEST_STEP][PASSED] - if (StopTestCase == true): null

03-01-2024T15:38:21 - [TEST_STEP][PASSED] - "Vérification si le compte existe déjà(message Erreur : Il semblerait que vos informations soient déjà associées à un compte.)": null

03-01-2024T15:38:21 - [TEST_STEP][PASSED] - callTestCase(findTestCase("Test Cases/Test Reutilisable/Main/VerificationSiCompteExisteDeja"), [:], OPTIONAL): Call Test Case 'Test Cases/Test Reutilisable/Main/VerificationSiCompteExisteDeja' successfully

03-01-2024T15:38:21 - [MESSAGE][INFO] - Checking called Test Case

03-01-2024T15:38:21 - [MESSAGE][INFO] - Starting to call Test Case 'Test Cases/Test Reutilisable/Main/VerificationSiCompteExisteDeja'

03-01-2024T15:38:21 - [TEST_CASE][PASSED] - Test Cases/Test Reutilisable/Main/VerificationSiCompteExisteDeja: Test Cases/Test Reutilisable/Main/VerificationSiCompteExisteDeja

03-01-2024T15:38:21 - [TEST_STEP][PASSED] - "Vérification si le compte existe déjà(message Erreur : Il semblerait que vos informations soient déjà associées à un compte.)": null

03-01-2024T15:38:21 - [TEST_STEP][PASSED] - delay(3): Delayed 3 second(s)

03-01-2024T15:38:21 - [MESSAGE][INFO] - Delaying browser in 3 second(s)

03-01-2024T15:38:24 - [MESSAGE][PASSED] - Delayed 3 second(s)

03-01-2024T15:38:24 - [TEST_STEP][PASSED] - StopTestCase = false: null

03-01-2024T15:38:24 - [TEST_STEP][PASSED] - MsgAlertPresent = verifyElementPresent(findTestObject("Object Repository/Connexion Usager/Verif_PopUpCompteExisteDeja"), 2, OPTIONAL): com.kms.katalon.core.webui.exception.WebElementNotFoundException: Web element with id: 'Object Repository/Connexion Usager/Verif_PopUpCompteExisteDeja' located by '/html/body/div[1]/div[1]/p[1]' not found (Root cause: com.kms.katalon.core.exception.StepFailedException: com.kms.katalon.core.webui.exception.WebElementNotFoundException: Web element with id: 'Object Repository/Connexion Usager/Verif_PopUpCompteExisteDeja' located by '/html/body/div[1]/div[1]/p[1]' not found
	at com.kms.katalon.core.webui.keyword.internal.WebUIKeywordMain.stepFailed(WebUIKeywordMain.groovy:64)
	at com.kms.katalon.core.webui.keyword.builtin.VerifyElementPresentKeyword$_verifyElementPresent_closure1.doCall(VerifyElementPresentKeyword.groovy:85)
	at com.kms.katalon.core.webui.keyword.builtin.VerifyElementPresentKeyword$_verifyElementPresent_closure1.call(VerifyElementPresentKeyword.groovy)
	at com.kms.katalon.core.webui.keyword.internal.WebUIKeywordMain.runKeyword(WebUIKeywordMain.groovy:20)
	at com.kms.katalon.core.webui.keyword.builtin.VerifyElementPresentKeyword.verifyElementPresent(VerifyElementPresentKeyword.groovy:92)
	at com.kms.katalon.core.webui.keyword.builtin.VerifyElementPresentKeyword.execute(VerifyElementPresentKeyword.groovy:68)
	at com.kms.katalon.core.keyword.internal.KeywordExecutor.executeKeywordForPlatform(KeywordExecutor.groovy:74)
	at com.kms.katalon.core.webui.keyword.WebUiBuiltInKeywords.verifyElementPresent(WebUiBuiltInKeywords.groovy:1487)
	at java.base/jdk.internal.reflect.NativeMethodAccessorImpl.invoke0(Native Method)
	at java.base/jdk.internal.reflect.NativeMethodAccessorImpl.invoke(NativeMethodAccessorImpl.java:77)
	at java.base/jdk.internal.reflect.DelegatingMethodAccessorImpl.invoke(DelegatingMethodAccessorImpl.java:43)
	at com.kazurayam.ksbackyard.HighlightElement$_pandemic_closure1.doCall(HighlightElement.groovy:105)
	at jdk.internal.reflect.GeneratedMethodAccessor5.invoke(Unknown Source)
	at java.base/jdk.internal.reflect.DelegatingMethodAccessorImpl.invoke(DelegatingMethodAccessorImpl.java:43)
	at VerificationSiCompteExisteDeja.run(VerificationSiCompteExisteDeja:69)
	at com.kms.katalon.core.main.ScriptEngine.run(ScriptEngine.java:194)
	at com.kms.katalon.core.main.ScriptEngine.runScriptAsRawText(ScriptEngine.java:119)
	at com.kms.katalon.core.main.TestCaseExecutor.runScript(TestCaseExecutor.java:448)
	at com.kms.katalon.core.main.TestCaseExecutor.doExecute(TestCaseExecutor.java:439)
	at com.kms.katalon.core.main.TestCaseExecutor.processExecutionPhase(TestCaseExecutor.java:418)
	at com.kms.katalon.core.main.TestCaseExecutor.accessMainPhase(TestCaseExecutor.java:410)
	at com.kms.katalon.core.main.TestCaseExecutor.execute(TestCaseExecutor.java:285)
	at com.kms.katalon.core.main.TestCaseMain.runTestCase(TestCaseMain.java:137)
	at com.kms.katalon.core.keyword.builtin.CallTestCaseKeyword$_callTestCase_closure1.doCall(CallTestCaseKeyword.groovy:59)
	at com.kms.katalon.core.keyword.builtin.CallTestCaseKeyword$_callTestCase_closure1.call(CallTestCaseKeyword.groovy)
	at com.kms.katalon.core.keyword.internal.KeywordMain.runKeyword(KeywordMain.groovy:75)
	at com.kms.katalon.core.keyword.builtin.CallTestCaseKeyword.callTestCase(CallTestCaseKeyword.groovy:81)
	at com.kms.katalon.core.keyword.builtin.CallTestCaseKeyword.execute(CallTestCaseKeyword.groovy:44)
	at com.kms.katalon.core.keyword.internal.KeywordExecutor.executeKeywordForPlatform(KeywordExecutor.groovy:74)
	at com.kms.katalon.core.keyword.BuiltinKeywords.callTestCase(BuiltinKeywords.groovy:310)
	at java.base/jdk.internal.reflect.NativeMethodAccessorImpl.invoke0(Native Method)
	at java.base/jdk.internal.reflect.NativeMethodAccessorImpl.invoke(NativeMethodAccessorImpl.java:77)
	at java.base/jdk.internal.reflect.DelegatingMethodAccessorImpl.invoke(DelegatingMethodAccessorImpl.java:43)
	at com.kazurayam.ksbackyard.HighlightElement$_pandemic_closure1.doCall(HighlightElement.groovy:105)
	at jdk.internal.reflect.GeneratedMethodAccessor5.invoke(Unknown Source)
	at java.base/jdk.internal.reflect.DelegatingMethodAccessorImpl.invoke(DelegatingMethodAccessorImpl.java:43)
	at Creer Votre Compte.run(Creer Votre Compte:117)
	at com.kms.katalon.core.main.ScriptEngine.run(ScriptEngine.java:194)
	at com.kms.katalon.core.main.ScriptEngine.runScriptAsRawText(ScriptEngine.java:119)
	at com.kms.katalon.core.main.TestCaseExecutor.runScript(TestCaseExecutor.java:448)
	at com.kms.katalon.core.main.TestCaseExecutor.doExecute(TestCaseExecutor.java:439)
	at com.kms.katalon.core.main.TestCaseExecutor.processExecutionPhase(TestCaseExecutor.java:418)
	at com.kms.katalon.core.main.TestCaseExecutor.accessMainPhase(TestCaseExecutor.java:410)
	at com.kms.katalon.core.main.TestCaseExecutor.execute(TestCaseExecutor.java:285)
	at com.kms.katalon.core.main.TestCaseMain.runTestCase(TestCaseMain.java:137)
	at com.kms.katalon.core.keyword.builtin.CallTestCaseKeyword$_callTestCase_closure1.doCall(CallTestCaseKeyword.groovy:59)
	at com.kms.katalon.core.keyword.builtin.CallTestCaseKeyword$_callTestCase_closure1.call(CallTestCaseKeyword.groovy)
	at com.kms.katalon.core.keyword.internal.KeywordMain.runKeyword(KeywordMain.groovy:75)
	at com.kms.katalon.core.keyword.builtin.CallTestCaseKeyword.callTestCase(CallTestCaseKeyword.groovy:81)
	at com.kms.katalon.core.keyword.builtin.CallTestCaseKeyword.execute(CallTestCaseKeyword.groovy:44)
	at com.kms.katalon.core.keyword.internal.KeywordExecutor.executeKeywordForPlatform(KeywordExecutor.groovy:74)
	at com.kms.katalon.core.keyword.BuiltinKeywords.callTestCase(BuiltinKeywords.groovy:310)
	at java.base/jdk.internal.reflect.NativeMethodAccessorImpl.invoke0(Native Method)
	at java.base/jdk.internal.reflect.NativeMethodAccessorImpl.invoke(NativeMethodAccessorImpl.java:77)
	at java.base/jdk.internal.reflect.DelegatingMethodAccessorImpl.invoke(DelegatingMethodAccessorImpl.java:43)
	at com.kazurayam.ksbackyard.HighlightElement$_pandemic_closure1.doCall(HighlightElement.groovy:105)
	at java.base/jdk.internal.reflect.NativeMethodAccessorImpl.invoke0(Native Method)
	at java.base/jdk.internal.reflect.NativeMethodAccessorImpl.invoke(NativeMethodAccessorImpl.java:77)
	at java.base/jdk.internal.reflect.DelegatingMethodAccessorImpl.invoke(DelegatingMethodAccessorImpl.java:43)
	at TNR R.TSPT Supp90-Visiteur.run(TNR R.TSPT Supp90-Visiteur:30)
	at com.kms.katalon.core.main.ScriptEngine.run(ScriptEngine.java:194)
	at com.kms.katalon.core.main.ScriptEngine.runScriptAsRawText(ScriptEngine.java:119)
	at com.kms.katalon.core.main.TestCaseExecutor.runScript(TestCaseExecutor.java:448)
	at com.kms.katalon.core.main.TestCaseExecutor.doExecute(TestCaseExecutor.java:439)
	at com.kms.katalon.core.main.TestCaseExecutor.processExecutionPhase(TestCaseExecutor.java:418)
	at com.kms.katalon.core.main.TestCaseExecutor.accessMainPhase(TestCaseExecutor.java:410)
	at com.kms.katalon.core.main.TestCaseExecutor.execute(TestCaseExecutor.java:285)
	at com.kms.katalon.core.common.CommonExecutor.accessTestCaseMainPhase(CommonExecutor.java:65)
	at com.kms.katalon.core.main.TestSuiteExecutor.accessTestSuiteMainPhase(TestSuiteExecutor.java:148)
	at com.kms.katalon.core.main.TestSuiteExecutor.execute(TestSuiteExecutor.java:106)
	at com.kms.katalon.core.main.TestCaseMain.startTestSuite(TestCaseMain.java:180)
	at TempTestSuite1704292590673.run(TempTestSuite1704292590673.groovy:36)
	at java.base/jdk.internal.reflect.NativeMethodAccessorImpl.invoke0(Native Method)
	at java.base/jdk.internal.reflect.NativeMethodAccessorImpl.invoke(NativeMethodAccessorImpl.java:77)
	at java.base/jdk.internal.reflect.DelegatingMethodAccessorImpl.invoke(DelegatingMethodAccessorImpl.java:43)
)

03-01-2024T15:38:24 - [MESSAGE][INFO] - Finding Test Object 'Object Repository/Connexion Usager/Verif_PopUpCompteExisteDeja'

03-01-2024T15:38:24 - [MESSAGE][INFO] - Checking object

03-01-2024T15:38:24 - [MESSAGE][INFO] - Finding web element from Test Object's properties

03-01-2024T15:38:24 - [MESSAGE][INFO] - Checking timeout

03-01-2024T15:38:24 - [MESSAGE][INFO] - Finding web element with id: 'Object Repository/Connexion Usager/Verif_PopUpCompteExisteDeja' located by 'By.xpath: /html/body/div[1]/div[1]/p[1]' in '2' second(s)

03-01-2024T15:38:24 - [MESSAGE][INFO] - Smart Wait Function is triggered

03-01-2024T15:38:25 - [MESSAGE][INFO] - Smart Wait Function is triggered

03-01-2024T15:38:25 - [MESSAGE][INFO] - Smart Wait Function is triggered

03-01-2024T15:38:25 - [MESSAGE][INFO] - Smart Wait Function is triggered

03-01-2024T15:38:25 - [MESSAGE][INFO] - Smart Wait Function is triggered

03-01-2024T15:38:25 - [MESSAGE][INFO] - Smart Wait Function is triggered

03-01-2024T15:38:25 - [MESSAGE][INFO] - Smart Wait Function is triggered

03-01-2024T15:38:25 - [MESSAGE][INFO] - Smart Wait Function is triggered

03-01-2024T15:38:25 - [MESSAGE][INFO] - Smart Wait Function is triggered

03-01-2024T15:38:25 - [MESSAGE][INFO] - Smart Wait Function is triggered

03-01-2024T15:38:25 - [MESSAGE][INFO] - Smart Wait Function is triggered

03-01-2024T15:38:25 - [MESSAGE][INFO] - Smart Wait Function is triggered

03-01-2024T15:38:25 - [MESSAGE][INFO] - Smart Wait Function is triggered

03-01-2024T15:38:25 - [MESSAGE][INFO] - Smart Wait Function is triggered

03-01-2024T15:38:25 - [MESSAGE][INFO] - Smart Wait Function is triggered

03-01-2024T15:38:25 - [MESSAGE][INFO] - Smart Wait Function is triggered

03-01-2024T15:38:25 - [MESSAGE][INFO] - Smart Wait Function is triggered

03-01-2024T15:38:25 - [MESSAGE][INFO] - Smart Wait Function is triggered

03-01-2024T15:38:25 - [MESSAGE][INFO] - Smart Wait Function is triggered

03-01-2024T15:38:25 - [MESSAGE][INFO] - Smart Wait Function is triggered

03-01-2024T15:38:25 - [MESSAGE][INFO] - Smart Wait Function is triggered

03-01-2024T15:38:25 - [MESSAGE][INFO] - Smart Wait Function is triggered

03-01-2024T15:38:25 - [MESSAGE][INFO] - Smart Wait Function is triggered

03-01-2024T15:38:25 - [MESSAGE][INFO] - Smart Wait Function is triggered

03-01-2024T15:38:25 - [MESSAGE][INFO] - Smart Wait Function is triggered

03-01-2024T15:38:25 - [MESSAGE][INFO] - Smart Wait Function is triggered

03-01-2024T15:38:25 - [MESSAGE][INFO] - Smart Wait Function is triggered

03-01-2024T15:38:25 - [MESSAGE][INFO] - Smart Wait Function is triggered

03-01-2024T15:38:25 - [MESSAGE][INFO] - Smart Wait Function is triggered

03-01-2024T15:38:25 - [MESSAGE][INFO] - Smart Wait Function is triggered

03-01-2024T15:38:25 - [MESSAGE][INFO] - Smart Wait Function is triggered

03-01-2024T15:38:25 - [MESSAGE][INFO] - Smart Wait Function is triggered

03-01-2024T15:38:25 - [MESSAGE][INFO] - Smart Wait Function is triggered

03-01-2024T15:38:25 - [MESSAGE][INFO] - Smart Wait Function is triggered

03-01-2024T15:38:25 - [MESSAGE][INFO] - Smart Wait Function is triggered

03-01-2024T15:38:25 - [MESSAGE][INFO] - Smart Wait Function is triggered

03-01-2024T15:38:25 - [MESSAGE][INFO] - Smart Wait Function is triggered

03-01-2024T15:38:25 - [MESSAGE][INFO] - Smart Wait Function is triggered

03-01-2024T15:38:25 - [MESSAGE][INFO] - Smart Wait Function is triggered

03-01-2024T15:38:25 - [MESSAGE][INFO] - Smart Wait Function is triggered

03-01-2024T15:38:25 - [MESSAGE][INFO] - Smart Wait Function is triggered

03-01-2024T15:38:25 - [MESSAGE][INFO] - Smart Wait Function is triggered

03-01-2024T15:38:25 - [MESSAGE][INFO] - Smart Wait Function is triggered

03-01-2024T15:38:25 - [MESSAGE][INFO] - Smart Wait Function is triggered

03-01-2024T15:38:25 - [MESSAGE][INFO] - Smart Wait Function is triggered

03-01-2024T15:38:25 - [MESSAGE][INFO] - Smart Wait Function is triggered

03-01-2024T15:38:25 - [MESSAGE][INFO] - Smart Wait Function is triggered

03-01-2024T15:38:25 - [MESSAGE][INFO] - Smart Wait Function is triggered

03-01-2024T15:38:25 - [MESSAGE][INFO] - Smart Wait Function is triggered

03-01-2024T15:38:25 - [MESSAGE][INFO] - Smart Wait Function is triggered

03-01-2024T15:38:25 - [MESSAGE][INFO] - Smart Wait Function is triggered

03-01-2024T15:38:25 - [MESSAGE][INFO] - Smart Wait Function is triggered

03-01-2024T15:38:25 - [MESSAGE][INFO] - Smart Wait Function is triggered

03-01-2024T15:38:25 - [MESSAGE][INFO] - Smart Wait Function is triggered

03-01-2024T15:38:26 - [MESSAGE][INFO] - Smart Wait Function is triggered

03-01-2024T15:38:26 - [MESSAGE][INFO] - Smart Wait Function is triggered

03-01-2024T15:38:26 - [MESSAGE][INFO] - Smart Wait Function is triggered

03-01-2024T15:38:26 - [MESSAGE][INFO] - Smart Wait Function is triggered

03-01-2024T15:38:26 - [MESSAGE][INFO] - Smart Wait Function is triggered

03-01-2024T15:38:26 - [MESSAGE][INFO] - Smart Wait Function is triggered

03-01-2024T15:38:26 - [MESSAGE][INFO] - Smart Wait Function is triggered

03-01-2024T15:38:26 - [MESSAGE][INFO] - Smart Wait Function is triggered

03-01-2024T15:38:26 - [MESSAGE][INFO] - Smart Wait Function is triggered

03-01-2024T15:38:26 - [MESSAGE][INFO] - Smart Wait Function is triggered

03-01-2024T15:38:26 - [MESSAGE][INFO] - Smart Wait Function is triggered

03-01-2024T15:38:26 - [MESSAGE][INFO] - Smart Wait Function is triggered

03-01-2024T15:38:26 - [MESSAGE][INFO] - Smart Wait Function is triggered

03-01-2024T15:38:26 - [MESSAGE][INFO] - Smart Wait Function is triggered

03-01-2024T15:38:26 - [MESSAGE][INFO] - Smart Wait Function is triggered

03-01-2024T15:38:26 - [MESSAGE][INFO] - Smart Wait Function is triggered

03-01-2024T15:38:26 - [MESSAGE][INFO] - Smart Wait Function is triggered

03-01-2024T15:38:26 - [MESSAGE][INFO] - Smart Wait Function is triggered

03-01-2024T15:38:26 - [MESSAGE][INFO] - Smart Wait Function is triggered

03-01-2024T15:38:26 - [MESSAGE][INFO] - Smart Wait Function is triggered

03-01-2024T15:38:26 - [MESSAGE][INFO] - Smart Wait Function is triggered

03-01-2024T15:38:26 - [MESSAGE][INFO] - Smart Wait Function is triggered

03-01-2024T15:38:26 - [MESSAGE][INFO] - Smart Wait Function is triggered

03-01-2024T15:38:26 - [MESSAGE][INFO] - Smart Wait Function is triggered

03-01-2024T15:38:26 - [MESSAGE][INFO] - Smart Wait Function is triggered

03-01-2024T15:38:26 - [MESSAGE][INFO] - Smart Wait Function is triggered

03-01-2024T15:38:26 - [MESSAGE][INFO] - Smart Wait Function is triggered

03-01-2024T15:38:26 - [MESSAGE][INFO] - Smart Wait Function is triggered

03-01-2024T15:38:26 - [MESSAGE][INFO] - Smart Wait Function is triggered

03-01-2024T15:38:26 - [MESSAGE][INFO] - Smart Wait Function is triggered

03-01-2024T15:38:26 - [MESSAGE][INFO] - Smart Wait Function is triggered

03-01-2024T15:38:26 - [MESSAGE][INFO] - Smart Wait Function is triggered

03-01-2024T15:38:26 - [MESSAGE][INFO] - Smart Wait Function is triggered

03-01-2024T15:38:26 - [MESSAGE][INFO] - Smart Wait Function is triggered

03-01-2024T15:38:26 - [MESSAGE][INFO] - Smart Wait Function is triggered

03-01-2024T15:38:26 - [MESSAGE][INFO] - Smart Wait Function is triggered

03-01-2024T15:38:26 - [MESSAGE][INFO] - Smart Wait Function is triggered

03-01-2024T15:38:26 - [MESSAGE][INFO] - Smart Wait Function is triggered

03-01-2024T15:38:26 - [MESSAGE][INFO] - Smart Wait Function is triggered

03-01-2024T15:38:26 - [MESSAGE][INFO] - Smart Wait Function is triggered

03-01-2024T15:38:26 - [MESSAGE][INFO] - Smart Wait Function is triggered

03-01-2024T15:38:26 - [MESSAGE][INFO] - Smart Wait Function is triggered

03-01-2024T15:38:26 - [MESSAGE][INFO] - Smart Wait Function is triggered

03-01-2024T15:38:26 - [MESSAGE][INFO] - Smart Wait Function is triggered

03-01-2024T15:38:26 - [MESSAGE][INFO] - Smart Wait Function is triggered

03-01-2024T15:38:26 - [MESSAGE][INFO] - Smart Wait Function is triggered

03-01-2024T15:38:26 - [MESSAGE][INFO] - Smart Wait Function is triggered

03-01-2024T15:38:27 - [MESSAGE][INFO] - Smart Wait Function is triggered

03-01-2024T15:38:27 - [MESSAGE][INFO] - Smart Wait Function is triggered

03-01-2024T15:38:27 - [MESSAGE][INFO] - Smart Wait Function is triggered

03-01-2024T15:38:27 - [MESSAGE][INFO] - Smart Wait Function is triggered

03-01-2024T15:38:27 - [MESSAGE][INFO] - Smart Wait Function is triggered

03-01-2024T15:38:27 - [MESSAGE][INFO] - Smart Wait Function is triggered

03-01-2024T15:38:27 - [MESSAGE][INFO] - Smart Wait Function is triggered

03-01-2024T15:38:27 - [MESSAGE][INFO] - Smart Wait Function is triggered

03-01-2024T15:38:27 - [MESSAGE][INFO] - Smart Wait Function is triggered

03-01-2024T15:38:27 - [MESSAGE][INFO] - Smart Wait Function is triggered

03-01-2024T15:38:27 - [MESSAGE][INFO] - Smart Wait Function is triggered

03-01-2024T15:38:27 - [MESSAGE][INFO] - Smart Wait Function is triggered

03-01-2024T15:38:27 - [MESSAGE][INFO] - Smart Wait Function is triggered

03-01-2024T15:38:27 - [MESSAGE][INFO] - Smart Wait Function is triggered

03-01-2024T15:38:27 - [MESSAGE][INFO] - Smart Wait Function is triggered

03-01-2024T15:38:27 - [MESSAGE][INFO] - Smart Wait Function is triggered

03-01-2024T15:38:27 - [MESSAGE][INFO] - Smart Wait Function is triggered

03-01-2024T15:38:27 - [MESSAGE][INFO] - Smart Wait Function is triggered

03-01-2024T15:38:27 - [MESSAGE][INFO] - Smart Wait Function is triggered

03-01-2024T15:38:27 - [MESSAGE][INFO] - Smart Wait Function is triggered

03-01-2024T15:38:27 - [MESSAGE][INFO] - Smart Wait Function is triggered

03-01-2024T15:38:27 - [MESSAGE][INFO] - Smart Wait Function is triggered

03-01-2024T15:38:27 - [MESSAGE][INFO] - Smart Wait Function is triggered

03-01-2024T15:38:27 - [MESSAGE][INFO] - Smart Wait Function is triggered

03-01-2024T15:38:27 - [MESSAGE][INFO] - Smart Wait Function is triggered

03-01-2024T15:38:27 - [MESSAGE][INFO] - Smart Wait Function is triggered

03-01-2024T15:38:27 - [MESSAGE][INFO] - Smart Wait Function is triggered

03-01-2024T15:38:27 - [MESSAGE][INFO] - Smart Wait Function is triggered

03-01-2024T15:38:27 - [MESSAGE][INFO] - Smart Wait Function is triggered

03-01-2024T15:38:27 - [MESSAGE][INFO] - Smart Wait Function is triggered

03-01-2024T15:38:27 - [MESSAGE][INFO] - Smart Wait Function is triggered

03-01-2024T15:38:27 - [MESSAGE][INFO] - Smart Wait Function is triggered

03-01-2024T15:38:27 - [MESSAGE][INFO] - Smart Wait Function is triggered

03-01-2024T15:38:27 - [MESSAGE][INFO] - Smart Wait Function is triggered

03-01-2024T15:38:27 - [MESSAGE][INFO] - Smart Wait Function is triggered

03-01-2024T15:38:27 - [MESSAGE][INFO] - Smart Wait Function is triggered

03-01-2024T15:38:27 - [MESSAGE][INFO] - Smart Wait Function is triggered

03-01-2024T15:38:27 - [MESSAGE][INFO] - Smart Wait Function is triggered

03-01-2024T15:38:27 - [MESSAGE][INFO] - Smart Wait Function is triggered

03-01-2024T15:38:27 - [MESSAGE][INFO] - Smart Wait Function is triggered

03-01-2024T15:38:27 - [MESSAGE][INFO] - Smart Wait Function is triggered

03-01-2024T15:38:27 - [MESSAGE][INFO] - Smart Wait Function is triggered

03-01-2024T15:38:27 - [MESSAGE][INFO] - Smart Wait Function is triggered

03-01-2024T15:38:27 - [MESSAGE][INFO] - Smart Wait Function is triggered

03-01-2024T15:38:27 - [MESSAGE][INFO] - Smart Wait Function is triggered

03-01-2024T15:38:27 - [MESSAGE][INFO] - Smart Wait Function is triggered

03-01-2024T15:38:27 - [MESSAGE][INFO] - Smart Wait Function is triggered

03-01-2024T15:38:27 - [MESSAGE][INFO] - Smart Wait Function is triggered

03-01-2024T15:38:27 - [MESSAGE][INFO] - Smart Wait Function is triggered

03-01-2024T15:38:27 - [MESSAGE][INFO] - Unable to find the element located by 'By.xpath: /html/body/div[1]/div[1]/p[1]'. Please recheck the objects properties to make sure the desired element is located. 

03-01-2024T15:38:28 - [MESSAGE][WARNING] - com.kms.katalon.core.webui.exception.WebElementNotFoundException: Web element with id: 'Object Repository/Connexion Usager/Verif_PopUpCompteExisteDeja' located by '/html/body/div[1]/div[1]/p[1]' not found (Root cause: com.kms.katalon.core.exception.StepFailedException: com.kms.katalon.core.webui.exception.WebElementNotFoundException: Web element with id: 'Object Repository/Connexion Usager/Verif_PopUpCompteExisteDeja' located by '/html/body/div[1]/div[1]/p[1]' not found
	at com.kms.katalon.core.webui.keyword.internal.WebUIKeywordMain.stepFailed(WebUIKeywordMain.groovy:64)
	at com.kms.katalon.core.webui.keyword.builtin.VerifyElementPresentKeyword$_verifyElementPresent_closure1.doCall(VerifyElementPresentKeyword.groovy:85)
	at com.kms.katalon.core.webui.keyword.builtin.VerifyElementPresentKeyword$_verifyElementPresent_closure1.call(VerifyElementPresentKeyword.groovy)
	at com.kms.katalon.core.webui.keyword.internal.WebUIKeywordMain.runKeyword(WebUIKeywordMain.groovy:20)
	at com.kms.katalon.core.webui.keyword.builtin.VerifyElementPresentKeyword.verifyElementPresent(VerifyElementPresentKeyword.groovy:92)
	at com.kms.katalon.core.webui.keyword.builtin.VerifyElementPresentKeyword.execute(VerifyElementPresentKeyword.groovy:68)
	at com.kms.katalon.core.keyword.internal.KeywordExecutor.executeKeywordForPlatform(KeywordExecutor.groovy:74)
	at com.kms.katalon.core.webui.keyword.WebUiBuiltInKeywords.verifyElementPresent(WebUiBuiltInKeywords.groovy:1487)
	at java.base/jdk.internal.reflect.NativeMethodAccessorImpl.invoke0(Native Method)
	at java.base/jdk.internal.reflect.NativeMethodAccessorImpl.invoke(NativeMethodAccessorImpl.java:77)
	at java.base/jdk.internal.reflect.DelegatingMethodAccessorImpl.invoke(DelegatingMethodAccessorImpl.java:43)
	at com.kazurayam.ksbackyard.HighlightElement$_pandemic_closure1.doCall(HighlightElement.groovy:105)
	at jdk.internal.reflect.GeneratedMethodAccessor5.invoke(Unknown Source)
	at java.base/jdk.internal.reflect.DelegatingMethodAccessorImpl.invoke(DelegatingMethodAccessorImpl.java:43)
	at VerificationSiCompteExisteDeja.run(VerificationSiCompteExisteDeja:69)
	at com.kms.katalon.core.main.ScriptEngine.run(ScriptEngine.java:194)
	at com.kms.katalon.core.main.ScriptEngine.runScriptAsRawText(ScriptEngine.java:119)
	at com.kms.katalon.core.main.TestCaseExecutor.runScript(TestCaseExecutor.java:448)
	at com.kms.katalon.core.main.TestCaseExecutor.doExecute(TestCaseExecutor.java:439)
	at com.kms.katalon.core.main.TestCaseExecutor.processExecutionPhase(TestCaseExecutor.java:418)
	at com.kms.katalon.core.main.TestCaseExecutor.accessMainPhase(TestCaseExecutor.java:410)
	at com.kms.katalon.core.main.TestCaseExecutor.execute(TestCaseExecutor.java:285)
	at com.kms.katalon.core.main.TestCaseMain.runTestCase(TestCaseMain.java:137)
	at com.kms.katalon.core.keyword.builtin.CallTestCaseKeyword$_callTestCase_closure1.doCall(CallTestCaseKeyword.groovy:59)
	at com.kms.katalon.core.keyword.builtin.CallTestCaseKeyword$_callTestCase_closure1.call(CallTestCaseKeyword.groovy)
	at com.kms.katalon.core.keyword.internal.KeywordMain.runKeyword(KeywordMain.groovy:75)
	at com.kms.katalon.core.keyword.builtin.CallTestCaseKeyword.callTestCase(CallTestCaseKeyword.groovy:81)
	at com.kms.katalon.core.keyword.builtin.CallTestCaseKeyword.execute(CallTestCaseKeyword.groovy:44)
	at com.kms.katalon.core.keyword.internal.KeywordExecutor.executeKeywordForPlatform(KeywordExecutor.groovy:74)
	at com.kms.katalon.core.keyword.BuiltinKeywords.callTestCase(BuiltinKeywords.groovy:310)
	at java.base/jdk.internal.reflect.NativeMethodAccessorImpl.invoke0(Native Method)
	at java.base/jdk.internal.reflect.NativeMethodAccessorImpl.invoke(NativeMethodAccessorImpl.java:77)
	at java.base/jdk.internal.reflect.DelegatingMethodAccessorImpl.invoke(DelegatingMethodAccessorImpl.java:43)
	at com.kazurayam.ksbackyard.HighlightElement$_pandemic_closure1.doCall(HighlightElement.groovy:105)
	at jdk.internal.reflect.GeneratedMethodAccessor5.invoke(Unknown Source)
	at java.base/jdk.internal.reflect.DelegatingMethodAccessorImpl.invoke(DelegatingMethodAccessorImpl.java:43)
	at Creer Votre Compte.run(Creer Votre Compte:117)
	at com.kms.katalon.core.main.ScriptEngine.run(ScriptEngine.java:194)
	at com.kms.katalon.core.main.ScriptEngine.runScriptAsRawText(ScriptEngine.java:119)
	at com.kms.katalon.core.main.TestCaseExecutor.runScript(TestCaseExecutor.java:448)
	at com.kms.katalon.core.main.TestCaseExecutor.doExecute(TestCaseExecutor.java:439)
	at com.kms.katalon.core.main.TestCaseExecutor.processExecutionPhase(TestCaseExecutor.java:418)
	at com.kms.katalon.core.main.TestCaseExecutor.accessMainPhase(TestCaseExecutor.java:410)
	at com.kms.katalon.core.main.TestCaseExecutor.execute(TestCaseExecutor.java:285)
	at com.kms.katalon.core.main.TestCaseMain.runTestCase(TestCaseMain.java:137)
	at com.kms.katalon.core.keyword.builtin.CallTestCaseKeyword$_callTestCase_closure1.doCall(CallTestCaseKeyword.groovy:59)
	at com.kms.katalon.core.keyword.builtin.CallTestCaseKeyword$_callTestCase_closure1.call(CallTestCaseKeyword.groovy)
	at com.kms.katalon.core.keyword.internal.KeywordMain.runKeyword(KeywordMain.groovy:75)
	at com.kms.katalon.core.keyword.builtin.CallTestCaseKeyword.callTestCase(CallTestCaseKeyword.groovy:81)
	at com.kms.katalon.core.keyword.builtin.CallTestCaseKeyword.execute(CallTestCaseKeyword.groovy:44)
	at com.kms.katalon.core.keyword.internal.KeywordExecutor.executeKeywordForPlatform(KeywordExecutor.groovy:74)
	at com.kms.katalon.core.keyword.BuiltinKeywords.callTestCase(BuiltinKeywords.groovy:310)
	at java.base/jdk.internal.reflect.NativeMethodAccessorImpl.invoke0(Native Method)
	at java.base/jdk.internal.reflect.NativeMethodAccessorImpl.invoke(NativeMethodAccessorImpl.java:77)
	at java.base/jdk.internal.reflect.DelegatingMethodAccessorImpl.invoke(DelegatingMethodAccessorImpl.java:43)
	at com.kazurayam.ksbackyard.HighlightElement$_pandemic_closure1.doCall(HighlightElement.groovy:105)
	at java.base/jdk.internal.reflect.NativeMethodAccessorImpl.invoke0(Native Method)
	at java.base/jdk.internal.reflect.NativeMethodAccessorImpl.invoke(NativeMethodAccessorImpl.java:77)
	at java.base/jdk.internal.reflect.DelegatingMethodAccessorImpl.invoke(DelegatingMethodAccessorImpl.java:43)
	at TNR R.TSPT Supp90-Visiteur.run(TNR R.TSPT Supp90-Visiteur:30)
	at com.kms.katalon.core.main.ScriptEngine.run(ScriptEngine.java:194)
	at com.kms.katalon.core.main.ScriptEngine.runScriptAsRawText(ScriptEngine.java:119)
	at com.kms.katalon.core.main.TestCaseExecutor.runScript(TestCaseExecutor.java:448)
	at com.kms.katalon.core.main.TestCaseExecutor.doExecute(TestCaseExecutor.java:439)
	at com.kms.katalon.core.main.TestCaseExecutor.processExecutionPhase(TestCaseExecutor.java:418)
	at com.kms.katalon.core.main.TestCaseExecutor.accessMainPhase(TestCaseExecutor.java:410)
	at com.kms.katalon.core.main.TestCaseExecutor.execute(TestCaseExecutor.java:285)
	at com.kms.katalon.core.common.CommonExecutor.accessTestCaseMainPhase(CommonExecutor.java:65)
	at com.kms.katalon.core.main.TestSuiteExecutor.accessTestSuiteMainPhase(TestSuiteExecutor.java:148)
	at com.kms.katalon.core.main.TestSuiteExecutor.execute(TestSuiteExecutor.java:106)
	at com.kms.katalon.core.main.TestCaseMain.startTestSuite(TestCaseMain.java:180)
	at TempTestSuite1704292590673.run(TempTestSuite1704292590673.groovy:36)
	at java.base/jdk.internal.reflect.NativeMethodAccessorImpl.invoke0(Native Method)
	at java.base/jdk.internal.reflect.NativeMethodAccessorImpl.invoke(NativeMethodAccessorImpl.java:77)
	at java.base/jdk.internal.reflect.DelegatingMethodAccessorImpl.invoke(DelegatingMethodAccessorImpl.java:43)
)
[[ATTACHMENT|C:\\Users\\ISSAM.RHARBAOUI\\git\\ANEF-RenouvellementSejour\\Reports\\20240103_153630\\TS_TNR_R.TSPT_Suppo90\\20240103_153630\\1704292707994.png]]

03-01-2024T15:38:28 - [TEST_STEP][PASSED] - if (MsgAlertPresent): null

03-01-2024T15:38:28 - [TEST_STEP][PASSED] - else: Vos informations ne sont pas associées à un compte ==>> Création d'un nouveau Compte avec ces Informations.

03-01-2024T15:38:28 - [TEST_STEP][PASSED] - markPassed("Vos informations ne sont pas associées à un compte ==>> Création d'un nouveau Compte avec ces Informations."): Vos informations ne sont pas associées à un compte ==>> Création d'un nouveau Compte avec ces Informations.

03-01-2024T15:38:28 - [MESSAGE][PASSED] - Vos informations ne sont pas associées à un compte ==>> Création d'un nouveau Compte avec ces Informations.

03-01-2024T15:38:28 - [TEST_STEP][PASSED] - waitForPageLoad(2): Wait for page load successfully

03-01-2024T15:38:28 - [MESSAGE][INFO] - Checking timeout

03-01-2024T15:38:28 - [MESSAGE][PASSED] - Wait for page load successfully

03-01-2024T15:38:28 - [MESSAGE][PASSED] - Call Test Case 'Test Cases/Test Reutilisable/Main/VerificationSiCompteExisteDeja' successfully

03-01-2024T15:38:28 - [TEST_STEP][PASSED] - if (StopTestCase == true): null

03-01-2024T15:38:28 - [TEST_STEP][PASSED] - MonEmail = NumEtrangerVisa + "@yopmail.com": null

03-01-2024T15:38:28 - [TEST_STEP][PASSED] - delay(2): Delayed 2 second(s)

03-01-2024T15:38:28 - [MESSAGE][INFO] - Delaying browser in 2 second(s)

03-01-2024T15:38:30 - [MESSAGE][PASSED] - Delayed 2 second(s)

03-01-2024T15:38:30 - [TEST_STEP][PASSED] - setText(findTestObject("Object Repository/Connexion Usager/Input_Email"), MonEmail): Text '7703043876@yopmail.com' is set on object 'Object Repository/Connexion Usager/Input_Email'

03-01-2024T15:38:30 - [MESSAGE][INFO] - Finding Test Object 'Object Repository/Connexion Usager/Input_Email'

03-01-2024T15:38:30 - [MESSAGE][INFO] - Checking timeout

03-01-2024T15:38:30 - [MESSAGE][INFO] - Finding web element with id: 'Object Repository/Connexion Usager/Input_Email' located by 'By.xpath: //*/div/app-input[1]/div/div/input [@type = 'email']' in '20' second(s)

03-01-2024T15:38:30 - [MESSAGE][INFO] - Smart Wait Function is triggered

03-01-2024T15:38:30 - [MESSAGE][INFO] - Found 1 web elements with id: 'Object Repository/Connexion Usager/Input_Email' located by 'By.xpath: //*/div/app-input[1]/div/div/input [@type = 'email']' in '20' second(s)

03-01-2024T15:38:30 - [MESSAGE][INFO] - Checking object

03-01-2024T15:38:30 - [MESSAGE][INFO] - Checking text

03-01-2024T15:38:30 - [MESSAGE][INFO] - Finding web element from Test Object's properties

03-01-2024T15:38:30 - [MESSAGE][INFO] - Checking timeout

03-01-2024T15:38:30 - [MESSAGE][INFO] - Finding web element with id: 'Object Repository/Connexion Usager/Input_Email' located by 'By.xpath: //*/div/app-input[1]/div/div/input [@type = 'email']' in '5' second(s)

03-01-2024T15:38:30 - [MESSAGE][INFO] - Smart Wait Function is triggered

03-01-2024T15:38:30 - [MESSAGE][INFO] - Found 1 web elements with id: 'Object Repository/Connexion Usager/Input_Email' located by 'By.xpath: //*/div/app-input[1]/div/div/input [@type = 'email']' in '5' second(s)

03-01-2024T15:38:30 - [MESSAGE][INFO] - Clearing text of object 'Object Repository/Connexion Usager/Input_Email'

03-01-2024T15:38:32 - [MESSAGE][INFO] - Finding web element from Test Object's properties

03-01-2024T15:38:32 - [MESSAGE][INFO] - Checking timeout

03-01-2024T15:38:32 - [MESSAGE][INFO] - Finding web element with id: 'Object Repository/Connexion Usager/Input_Email' located by 'By.xpath: //*/div/app-input[1]/div/div/input [@type = 'email']' in '5' second(s)

03-01-2024T15:38:32 - [MESSAGE][INFO] - Smart Wait Function is triggered

03-01-2024T15:38:32 - [MESSAGE][INFO] - Found 1 web elements with id: 'Object Repository/Connexion Usager/Input_Email' located by 'By.xpath: //*/div/app-input[1]/div/div/input [@type = 'email']' in '5' second(s)

03-01-2024T15:38:32 - [MESSAGE][INFO] - Setting text of object 'Object Repository/Connexion Usager/Input_Email' to value '7703043876@yopmail.com'

03-01-2024T15:38:34 - [MESSAGE][PASSED] - Text '7703043876@yopmail.com' is set on object 'Object Repository/Connexion Usager/Input_Email'

03-01-2024T15:38:34 - [TEST_STEP][PASSED] - setText(findTestObject("Object Repository/Connexion Usager/Input_ConfirmeEmail"), MonEmail): Text '7703043876@yopmail.com' is set on object 'Object Repository/Connexion Usager/Input_ConfirmeEmail'

03-01-2024T15:38:34 - [MESSAGE][INFO] - Finding Test Object 'Object Repository/Connexion Usager/Input_ConfirmeEmail'

03-01-2024T15:38:34 - [MESSAGE][INFO] - Checking timeout

03-01-2024T15:38:34 - [MESSAGE][INFO] - Finding web element with id: 'Object Repository/Connexion Usager/Input_ConfirmeEmail' located by 'By.xpath: //*/div/app-input[2]/div/div/input [@type = 'email']' in '20' second(s)

03-01-2024T15:38:34 - [MESSAGE][INFO] - Smart Wait Function is triggered

03-01-2024T15:38:34 - [MESSAGE][INFO] - Found 1 web elements with id: 'Object Repository/Connexion Usager/Input_ConfirmeEmail' located by 'By.xpath: //*/div/app-input[2]/div/div/input [@type = 'email']' in '20' second(s)

03-01-2024T15:38:34 - [MESSAGE][INFO] - Checking object

03-01-2024T15:38:34 - [MESSAGE][INFO] - Checking text

03-01-2024T15:38:34 - [MESSAGE][INFO] - Finding web element from Test Object's properties

03-01-2024T15:38:34 - [MESSAGE][INFO] - Checking timeout

03-01-2024T15:38:34 - [MESSAGE][INFO] - Finding web element with id: 'Object Repository/Connexion Usager/Input_ConfirmeEmail' located by 'By.xpath: //*/div/app-input[2]/div/div/input [@type = 'email']' in '5' second(s)

03-01-2024T15:38:34 - [MESSAGE][INFO] - Smart Wait Function is triggered

03-01-2024T15:38:34 - [MESSAGE][INFO] - Found 1 web elements with id: 'Object Repository/Connexion Usager/Input_ConfirmeEmail' located by 'By.xpath: //*/div/app-input[2]/div/div/input [@type = 'email']' in '5' second(s)

03-01-2024T15:38:34 - [MESSAGE][INFO] - Clearing text of object 'Object Repository/Connexion Usager/Input_ConfirmeEmail'

03-01-2024T15:38:36 - [MESSAGE][INFO] - Finding web element from Test Object's properties

03-01-2024T15:38:36 - [MESSAGE][INFO] - Checking timeout

03-01-2024T15:38:36 - [MESSAGE][INFO] - Finding web element with id: 'Object Repository/Connexion Usager/Input_ConfirmeEmail' located by 'By.xpath: //*/div/app-input[2]/div/div/input [@type = 'email']' in '5' second(s)

03-01-2024T15:38:36 - [MESSAGE][INFO] - Smart Wait Function is triggered

03-01-2024T15:38:36 - [MESSAGE][INFO] - Found 1 web elements with id: 'Object Repository/Connexion Usager/Input_ConfirmeEmail' located by 'By.xpath: //*/div/app-input[2]/div/div/input [@type = 'email']' in '5' second(s)

03-01-2024T15:38:36 - [MESSAGE][INFO] - Setting text of object 'Object Repository/Connexion Usager/Input_ConfirmeEmail' to value '7703043876@yopmail.com'

03-01-2024T15:38:39 - [MESSAGE][PASSED] - Text '7703043876@yopmail.com' is set on object 'Object Repository/Connexion Usager/Input_ConfirmeEmail'

03-01-2024T15:38:39 - [TEST_STEP][PASSED] - click(findTestObject("Object Repository/Connexion Usager/span_btn_ValiderEmail")): Object: 'Object Repository/Connexion Usager/span_btn_ValiderEmail' is clicked on

03-01-2024T15:38:39 - [MESSAGE][INFO] - Finding Test Object 'Object Repository/Connexion Usager/span_btn_ValiderEmail'

03-01-2024T15:38:39 - [MESSAGE][INFO] - Checking timeout

03-01-2024T15:38:39 - [MESSAGE][INFO] - Finding web element with id: 'Object Repository/Connexion Usager/span_btn_ValiderEmail' located by 'By.xpath: //span[(text() = 'Valider' or . = 'Valider')]' in '20' second(s)

03-01-2024T15:38:39 - [MESSAGE][INFO] - Smart Wait Function is triggered

03-01-2024T15:38:39 - [MESSAGE][INFO] - Found 1 web elements with id: 'Object Repository/Connexion Usager/span_btn_ValiderEmail' located by 'By.xpath: //span[(text() = 'Valider' or . = 'Valider')]' in '20' second(s)

03-01-2024T15:38:39 - [MESSAGE][INFO] - Checking object

03-01-2024T15:38:39 - [MESSAGE][INFO] - Checking timeout

03-01-2024T15:38:39 - [MESSAGE][INFO] - Finding web element from Test Object's properties

03-01-2024T15:38:39 - [MESSAGE][INFO] - Checking timeout

03-01-2024T15:38:39 - [MESSAGE][INFO] - Finding web element with id: 'Object Repository/Connexion Usager/span_btn_ValiderEmail' located by 'By.xpath: //span[(text() = 'Valider' or . = 'Valider')]' in '5' second(s)

03-01-2024T15:38:39 - [MESSAGE][INFO] - Smart Wait Function is triggered

03-01-2024T15:38:39 - [MESSAGE][INFO] - Found 1 web elements with id: 'Object Repository/Connexion Usager/span_btn_ValiderEmail' located by 'By.xpath: //span[(text() = 'Valider' or . = 'Valider')]' in '5' second(s)

03-01-2024T15:38:39 - [MESSAGE][INFO] - Clicking on object: 'Object Repository/Connexion Usager/span_btn_ValiderEmail'

03-01-2024T15:38:41 - [MESSAGE][PASSED] - Object: 'Object Repository/Connexion Usager/span_btn_ValiderEmail' is clicked on

03-01-2024T15:38:41 - [TEST_STEP][PASSED] - delay(2): Delayed 2 second(s)

03-01-2024T15:38:41 - [MESSAGE][INFO] - Delaying browser in 2 second(s)

03-01-2024T15:38:43 - [MESSAGE][PASSED] - Delayed 2 second(s)

03-01-2024T15:38:43 - [TEST_STEP][PASSED] - click(findTestObject("Object Repository/Connexion Usager/btn_span_RetourAccueil")): Object: 'Object Repository/Connexion Usager/btn_span_RetourAccueil' is clicked on

03-01-2024T15:38:43 - [MESSAGE][INFO] - Finding Test Object 'Object Repository/Connexion Usager/btn_span_RetourAccueil'

03-01-2024T15:38:43 - [MESSAGE][INFO] - Checking timeout

03-01-2024T15:38:43 - [MESSAGE][INFO] - Finding web element with id: 'Object Repository/Connexion Usager/btn_span_RetourAccueil' located by 'By.xpath: (.//*[normalize-space(text()) and normalize-space(.)='CRÉATION DE COMPTE'])[1]/following::span[2]' in '20' second(s)

03-01-2024T15:38:43 - [MESSAGE][INFO] - Smart Wait Function is triggered

03-01-2024T15:38:43 - [MESSAGE][INFO] - Found 1 web elements with id: 'Object Repository/Connexion Usager/btn_span_RetourAccueil' located by 'By.xpath: (.//*[normalize-space(text()) and normalize-space(.)='CRÉATION DE COMPTE'])[1]/following::span[2]' in '20' second(s)

03-01-2024T15:38:43 - [MESSAGE][INFO] - Checking object

03-01-2024T15:38:43 - [MESSAGE][INFO] - Checking timeout

03-01-2024T15:38:43 - [MESSAGE][INFO] - Finding web element from Test Object's properties

03-01-2024T15:38:43 - [MESSAGE][INFO] - Checking timeout

03-01-2024T15:38:43 - [MESSAGE][INFO] - Finding web element with id: 'Object Repository/Connexion Usager/btn_span_RetourAccueil' located by 'By.xpath: (.//*[normalize-space(text()) and normalize-space(.)='CRÉATION DE COMPTE'])[1]/following::span[2]' in '5' second(s)

03-01-2024T15:38:43 - [MESSAGE][INFO] - Smart Wait Function is triggered

03-01-2024T15:38:43 - [MESSAGE][INFO] - Found 1 web elements with id: 'Object Repository/Connexion Usager/btn_span_RetourAccueil' located by 'By.xpath: (.//*[normalize-space(text()) and normalize-space(.)='CRÉATION DE COMPTE'])[1]/following::span[2]' in '5' second(s)

03-01-2024T15:38:43 - [MESSAGE][INFO] - Clicking on object: 'Object Repository/Connexion Usager/btn_span_RetourAccueil'

03-01-2024T15:38:45 - [MESSAGE][PASSED] - Object: 'Object Repository/Connexion Usager/btn_span_RetourAccueil' is clicked on

03-01-2024T15:38:45 - [TEST_STEP][PASSED] - delay(2): Delayed 2 second(s)

03-01-2024T15:38:45 - [MESSAGE][INFO] - Delaying browser in 2 second(s)

03-01-2024T15:38:47 - [MESSAGE][PASSED] - Delayed 2 second(s)

03-01-2024T15:38:47 - [TEST_STEP][PASSED] - tools.GetWebCookieByNamedCollected.GetWebCookie(): tools.GetWebCookieByNamedCollected.GetWebCookie is PASSED

03-01-2024T15:38:47 - [MESSAGE][PASSED] - tools.GetWebCookieByNamedCollected.GetWebCookie is PASSED

03-01-2024T15:38:47 - [TEST_STEP][PASSED] - if (EnvExec == "URL_ANEFQualif"): Navigate to 'https://qualif.administration-etrangers-en-france.interieur.gouv.fr/particuliers/#/espace-personnel/inscription/mot-de-passe?token=eyJ0eXAiOiJKV1QiLCJhbGciOiJIUzI1NiJ9.eyJpYXQiOjE3MDQyOTI2OTIuNDYzODI5LCJleHAiOjE3MDQzNzkwOTIuNDYzODI5LCJsb2dpbiI6MzAwMjYzODYsInN1YiI6InJlZ2lzdGVyIiwidXJsX3ByZWZpeCI6Ii91c2FnZXIifQ.jP20x4nQiV_It6aVxyI2wWYvkdhsZErUrr8xfTWeI5w' successfully

03-01-2024T15:38:47 - [TEST_STEP][PASSED] - URL_CreationMDP = URLpwQualif + Token: null

03-01-2024T15:38:47 - [TEST_STEP][PASSED] - navigateToUrl(URL_CreationMDP): Navigate to 'https://qualif.administration-etrangers-en-france.interieur.gouv.fr/particuliers/#/espace-personnel/inscription/mot-de-passe?token=eyJ0eXAiOiJKV1QiLCJhbGciOiJIUzI1NiJ9.eyJpYXQiOjE3MDQyOTI2OTIuNDYzODI5LCJleHAiOjE3MDQzNzkwOTIuNDYzODI5LCJsb2dpbiI6MzAwMjYzODYsInN1YiI6InJlZ2lzdGVyIiwidXJsX3ByZWZpeCI6Ii91c2FnZXIifQ.jP20x4nQiV_It6aVxyI2wWYvkdhsZErUrr8xfTWeI5w' successfully

03-01-2024T15:38:47 - [MESSAGE][INFO] - Checking url

03-01-2024T15:38:47 - [MESSAGE][INFO] - Navigating to 'https://qualif.administration-etrangers-en-france.interieur.gouv.fr/particuliers/#/espace-personnel/inscription/mot-de-passe?token=eyJ0eXAiOiJKV1QiLCJhbGciOiJIUzI1NiJ9.eyJpYXQiOjE3MDQyOTI2OTIuNDYzODI5LCJleHAiOjE3MDQzNzkwOTIuNDYzODI5LCJsb2dpbiI6MzAwMjYzODYsInN1YiI6InJlZ2lzdGVyIiwidXJsX3ByZWZpeCI6Ii91c2FnZXIifQ.jP20x4nQiV_It6aVxyI2wWYvkdhsZErUrr8xfTWeI5w'

03-01-2024T15:38:49 - [MESSAGE][PASSED] - Navigate to 'https://qualif.administration-etrangers-en-france.interieur.gouv.fr/particuliers/#/espace-personnel/inscription/mot-de-passe?token=eyJ0eXAiOiJKV1QiLCJhbGciOiJIUzI1NiJ9.eyJpYXQiOjE3MDQyOTI2OTIuNDYzODI5LCJleHAiOjE3MDQzNzkwOTIuNDYzODI5LCJsb2dpbiI6MzAwMjYzODYsInN1YiI6InJlZ2lzdGVyIiwidXJsX3ByZWZpeCI6Ii91c2FnZXIifQ.jP20x4nQiV_It6aVxyI2wWYvkdhsZErUrr8xfTWeI5w' successfully

03-01-2024T15:38:49 - [TEST_STEP][PASSED] - if (EnvExec == "URL_ANEFPreProd"): null

03-01-2024T15:38:49 - [TEST_STEP][PASSED] - callTestCase(findTestCase("Test Reutilisable/Main/Verif_FormatNewPW"), [:], STOP_ON_FAILURE): Call Test Case 'Test Cases/Test Reutilisable/Main/Verif_FormatNewPW' successfully

03-01-2024T15:38:49 - [MESSAGE][INFO] - Checking called Test Case

03-01-2024T15:38:49 - [MESSAGE][INFO] - Starting to call Test Case 'Test Cases/Test Reutilisable/Main/Verif_FormatNewPW'

03-01-2024T15:38:49 - [TEST_CASE][PASSED] - Test Cases/Test Reutilisable/Main/Verif_FormatNewPW: Test Cases/Test Reutilisable/Main/Verif_FormatNewPW

03-01-2024T15:38:50 - [TEST_STEP][PASSED] - com.kazurayam.ksbackyard.HighlightElement.pandemic(): com.kazurayam.ksbackyard.HighlightElement.pandemic is PASSED

03-01-2024T15:38:50 - [MESSAGE][PASSED] - com.kazurayam.ksbackyard.HighlightElement.pandemic is PASSED

03-01-2024T15:38:50 - [TEST_STEP][PASSED] - println("Créer un mot de passe sans majuscule"): null

03-01-2024T15:38:50 - [TEST_STEP][PASSED] - setText(findTestObject("Object Repository/Connexion Usager/Input_Password"), "hhizaoui001!"): Text 'hhizaoui001!' is set on object 'Object Repository/Connexion Usager/Input_Password'

03-01-2024T15:38:50 - [MESSAGE][INFO] - Finding Test Object 'Object Repository/Connexion Usager/Input_Password'

03-01-2024T15:38:50 - [MESSAGE][INFO] - Checking timeout

03-01-2024T15:38:50 - [MESSAGE][INFO] - Finding web element with id: 'Object Repository/Connexion Usager/Input_Password' located by 'By.xpath: //*/app-input[1]/div/div/input [@type = 'password']' in '20' second(s)

03-01-2024T15:38:50 - [MESSAGE][INFO] - Smart Wait Function is triggered

03-01-2024T15:38:50 - [MESSAGE][INFO] - Found 1 web elements with id: 'Object Repository/Connexion Usager/Input_Password' located by 'By.xpath: //*/app-input[1]/div/div/input [@type = 'password']' in '20' second(s)

03-01-2024T15:38:50 - [MESSAGE][INFO] - Checking object

03-01-2024T15:38:50 - [MESSAGE][INFO] - Checking text

03-01-2024T15:38:50 - [MESSAGE][INFO] - Finding web element from Test Object's properties

03-01-2024T15:38:50 - [MESSAGE][INFO] - Checking timeout

03-01-2024T15:38:50 - [MESSAGE][INFO] - Finding web element with id: 'Object Repository/Connexion Usager/Input_Password' located by 'By.xpath: //*/app-input[1]/div/div/input [@type = 'password']' in '5' second(s)

03-01-2024T15:38:50 - [MESSAGE][INFO] - Smart Wait Function is triggered

03-01-2024T15:38:50 - [MESSAGE][INFO] - Found 1 web elements with id: 'Object Repository/Connexion Usager/Input_Password' located by 'By.xpath: //*/app-input[1]/div/div/input [@type = 'password']' in '5' second(s)

03-01-2024T15:38:50 - [MESSAGE][INFO] - Clearing text of object 'Object Repository/Connexion Usager/Input_Password'

03-01-2024T15:38:52 - [MESSAGE][INFO] - Finding web element from Test Object's properties

03-01-2024T15:38:52 - [MESSAGE][INFO] - Checking timeout

03-01-2024T15:38:52 - [MESSAGE][INFO] - Finding web element with id: 'Object Repository/Connexion Usager/Input_Password' located by 'By.xpath: //*/app-input[1]/div/div/input [@type = 'password']' in '5' second(s)

03-01-2024T15:38:52 - [MESSAGE][INFO] - Smart Wait Function is triggered

03-01-2024T15:38:52 - [MESSAGE][INFO] - Found 1 web elements with id: 'Object Repository/Connexion Usager/Input_Password' located by 'By.xpath: //*/app-input[1]/div/div/input [@type = 'password']' in '5' second(s)

03-01-2024T15:38:52 - [MESSAGE][INFO] - Setting text of object 'Object Repository/Connexion Usager/Input_Password' to value 'hhizaoui001!'

03-01-2024T15:38:54 - [MESSAGE][PASSED] - Text 'hhizaoui001!' is set on object 'Object Repository/Connexion Usager/Input_Password'

03-01-2024T15:38:54 - [TEST_STEP][PASSED] - setText(findTestObject("Object Repository/Connexion Usager/Input_ConfirmePassword"), "hhizaoui001!"): Text 'hhizaoui001!' is set on object 'Object Repository/Connexion Usager/Input_ConfirmePassword'

03-01-2024T15:38:54 - [MESSAGE][INFO] - Finding Test Object 'Object Repository/Connexion Usager/Input_ConfirmePassword'

03-01-2024T15:38:54 - [MESSAGE][INFO] - Checking timeout

03-01-2024T15:38:54 - [MESSAGE][INFO] - Finding web element with id: 'Object Repository/Connexion Usager/Input_ConfirmePassword' located by 'By.xpath: //*/app-input[2]/div/div/input [@type = 'password']' in '20' second(s)

03-01-2024T15:38:54 - [MESSAGE][INFO] - Smart Wait Function is triggered

03-01-2024T15:38:54 - [MESSAGE][INFO] - Found 1 web elements with id: 'Object Repository/Connexion Usager/Input_ConfirmePassword' located by 'By.xpath: //*/app-input[2]/div/div/input [@type = 'password']' in '20' second(s)

03-01-2024T15:38:54 - [MESSAGE][INFO] - Checking object

03-01-2024T15:38:54 - [MESSAGE][INFO] - Checking text

03-01-2024T15:38:54 - [MESSAGE][INFO] - Finding web element from Test Object's properties

03-01-2024T15:38:54 - [MESSAGE][INFO] - Checking timeout

03-01-2024T15:38:54 - [MESSAGE][INFO] - Finding web element with id: 'Object Repository/Connexion Usager/Input_ConfirmePassword' located by 'By.xpath: //*/app-input[2]/div/div/input [@type = 'password']' in '5' second(s)

03-01-2024T15:38:54 - [MESSAGE][INFO] - Smart Wait Function is triggered

03-01-2024T15:38:54 - [MESSAGE][INFO] - Found 1 web elements with id: 'Object Repository/Connexion Usager/Input_ConfirmePassword' located by 'By.xpath: //*/app-input[2]/div/div/input [@type = 'password']' in '5' second(s)

03-01-2024T15:38:54 - [MESSAGE][INFO] - Clearing text of object 'Object Repository/Connexion Usager/Input_ConfirmePassword'

03-01-2024T15:38:56 - [MESSAGE][INFO] - Finding web element from Test Object's properties

03-01-2024T15:38:56 - [MESSAGE][INFO] - Checking timeout

03-01-2024T15:38:56 - [MESSAGE][INFO] - Finding web element with id: 'Object Repository/Connexion Usager/Input_ConfirmePassword' located by 'By.xpath: //*/app-input[2]/div/div/input [@type = 'password']' in '5' second(s)

03-01-2024T15:38:56 - [MESSAGE][INFO] - Smart Wait Function is triggered

03-01-2024T15:38:56 - [MESSAGE][INFO] - Found 1 web elements with id: 'Object Repository/Connexion Usager/Input_ConfirmePassword' located by 'By.xpath: //*/app-input[2]/div/div/input [@type = 'password']' in '5' second(s)

03-01-2024T15:38:56 - [MESSAGE][INFO] - Setting text of object 'Object Repository/Connexion Usager/Input_ConfirmePassword' to value 'hhizaoui001!'

03-01-2024T15:38:59 - [MESSAGE][PASSED] - Text 'hhizaoui001!' is set on object 'Object Repository/Connexion Usager/Input_ConfirmePassword'

03-01-2024T15:38:59 - [TEST_STEP][PASSED] - click(findTestObject("Object Repository/Connexion Usager/btn_CreerMDP")): Object: 'Object Repository/Connexion Usager/btn_CreerMDP' is clicked on

03-01-2024T15:38:59 - [MESSAGE][INFO] - Finding Test Object 'Object Repository/Connexion Usager/btn_CreerMDP'

03-01-2024T15:38:59 - [MESSAGE][INFO] - Checking timeout

03-01-2024T15:38:59 - [MESSAGE][INFO] - Finding web element with id: 'Object Repository/Connexion Usager/btn_CreerMDP' located by 'By.xpath: //*/div/p-button/button [@type= 'button']' in '20' second(s)

03-01-2024T15:38:59 - [MESSAGE][INFO] - Smart Wait Function is triggered

03-01-2024T15:38:59 - [MESSAGE][INFO] - Found 1 web elements with id: 'Object Repository/Connexion Usager/btn_CreerMDP' located by 'By.xpath: //*/div/p-button/button [@type= 'button']' in '20' second(s)

03-01-2024T15:38:59 - [MESSAGE][INFO] - Checking object

03-01-2024T15:38:59 - [MESSAGE][INFO] - Checking timeout

03-01-2024T15:38:59 - [MESSAGE][INFO] - Finding web element from Test Object's properties

03-01-2024T15:38:59 - [MESSAGE][INFO] - Checking timeout

03-01-2024T15:38:59 - [MESSAGE][INFO] - Finding web element with id: 'Object Repository/Connexion Usager/btn_CreerMDP' located by 'By.xpath: //*/div/p-button/button [@type= 'button']' in '5' second(s)

03-01-2024T15:38:59 - [MESSAGE][INFO] - Smart Wait Function is triggered

03-01-2024T15:38:59 - [MESSAGE][INFO] - Found 1 web elements with id: 'Object Repository/Connexion Usager/btn_CreerMDP' located by 'By.xpath: //*/div/p-button/button [@type= 'button']' in '5' second(s)

03-01-2024T15:38:59 - [MESSAGE][INFO] - Clicking on object: 'Object Repository/Connexion Usager/btn_CreerMDP'

03-01-2024T15:39:01 - [MESSAGE][PASSED] - Object: 'Object Repository/Connexion Usager/btn_CreerMDP' is clicked on

03-01-2024T15:39:01 - [TEST_STEP][PASSED] - verifyElementPresent(findTestObject("Object Repository/Connexion Usager/div_MSG_FormatNonRespecte"), 1): Object 'Object Repository/Connexion Usager/div_MSG_FormatNonRespecte' is present

03-01-2024T15:39:01 - [MESSAGE][INFO] - Finding Test Object 'Object Repository/Connexion Usager/div_MSG_FormatNonRespecte'

03-01-2024T15:39:01 - [MESSAGE][INFO] - Checking object

03-01-2024T15:39:01 - [MESSAGE][INFO] - Finding web element from Test Object's properties

03-01-2024T15:39:01 - [MESSAGE][INFO] - Checking timeout

03-01-2024T15:39:01 - [MESSAGE][INFO] - Finding web element with id: 'Object Repository/Connexion Usager/div_MSG_FormatNonRespecte' located by 'By.xpath: //*/app-input[1]/div/div/div[1]/div[2]/div/span[2]' in '1' second(s)

03-01-2024T15:39:01 - [MESSAGE][INFO] - Smart Wait Function is triggered

03-01-2024T15:39:01 - [MESSAGE][INFO] - Found 1 web elements with id: 'Object Repository/Connexion Usager/div_MSG_FormatNonRespecte' located by 'By.xpath: //*/app-input[1]/div/div/div[1]/div[2]/div/span[2]' in '1' second(s)

03-01-2024T15:39:01 - [MESSAGE][PASSED] - Object 'Object Repository/Connexion Usager/div_MSG_FormatNonRespecte' is present

03-01-2024T15:39:01 - [TEST_STEP][PASSED] - println("Créer un mot de passe sans minuscule"): null

03-01-2024T15:39:01 - [TEST_STEP][PASSED] - setText(findTestObject("Object Repository/Connexion Usager/Input_Password"), "HHIZAOUI001!"): Text 'HHIZAOUI001!' is set on object 'Object Repository/Connexion Usager/Input_Password'

03-01-2024T15:39:01 - [MESSAGE][INFO] - Finding Test Object 'Object Repository/Connexion Usager/Input_Password'

03-01-2024T15:39:01 - [MESSAGE][INFO] - Checking timeout

03-01-2024T15:39:01 - [MESSAGE][INFO] - Finding web element with id: 'Object Repository/Connexion Usager/Input_Password' located by 'By.xpath: //*/app-input[1]/div/div/input [@type = 'password']' in '20' second(s)

03-01-2024T15:39:01 - [MESSAGE][INFO] - Smart Wait Function is triggered

03-01-2024T15:39:01 - [MESSAGE][INFO] - Found 1 web elements with id: 'Object Repository/Connexion Usager/Input_Password' located by 'By.xpath: //*/app-input[1]/div/div/input [@type = 'password']' in '20' second(s)

03-01-2024T15:39:01 - [MESSAGE][INFO] - Checking object

03-01-2024T15:39:01 - [MESSAGE][INFO] - Checking text

03-01-2024T15:39:01 - [MESSAGE][INFO] - Finding web element from Test Object's properties

03-01-2024T15:39:01 - [MESSAGE][INFO] - Checking timeout

03-01-2024T15:39:01 - [MESSAGE][INFO] - Finding web element with id: 'Object Repository/Connexion Usager/Input_Password' located by 'By.xpath: //*/app-input[1]/div/div/input [@type = 'password']' in '5' second(s)

03-01-2024T15:39:01 - [MESSAGE][INFO] - Smart Wait Function is triggered

03-01-2024T15:39:01 - [MESSAGE][INFO] - Found 1 web elements with id: 'Object Repository/Connexion Usager/Input_Password' located by 'By.xpath: //*/app-input[1]/div/div/input [@type = 'password']' in '5' second(s)

03-01-2024T15:39:01 - [MESSAGE][INFO] - Clearing text of object 'Object Repository/Connexion Usager/Input_Password'

03-01-2024T15:39:03 - [MESSAGE][INFO] - Finding web element from Test Object's properties

03-01-2024T15:39:03 - [MESSAGE][INFO] - Checking timeout

03-01-2024T15:39:03 - [MESSAGE][INFO] - Finding web element with id: 'Object Repository/Connexion Usager/Input_Password' located by 'By.xpath: //*/app-input[1]/div/div/input [@type = 'password']' in '5' second(s)

03-01-2024T15:39:03 - [MESSAGE][INFO] - Smart Wait Function is triggered

03-01-2024T15:39:03 - [MESSAGE][INFO] - Found 1 web elements with id: 'Object Repository/Connexion Usager/Input_Password' located by 'By.xpath: //*/app-input[1]/div/div/input [@type = 'password']' in '5' second(s)

03-01-2024T15:39:03 - [MESSAGE][INFO] - Setting text of object 'Object Repository/Connexion Usager/Input_Password' to value 'HHIZAOUI001!'

03-01-2024T15:39:05 - [MESSAGE][PASSED] - Text 'HHIZAOUI001!' is set on object 'Object Repository/Connexion Usager/Input_Password'

03-01-2024T15:39:05 - [TEST_STEP][PASSED] - setText(findTestObject("Object Repository/Connexion Usager/Input_ConfirmePassword"), "HHIZAOUI001!"): Text 'HHIZAOUI001!' is set on object 'Object Repository/Connexion Usager/Input_ConfirmePassword'

03-01-2024T15:39:05 - [MESSAGE][INFO] - Finding Test Object 'Object Repository/Connexion Usager/Input_ConfirmePassword'

03-01-2024T15:39:06 - [MESSAGE][INFO] - Checking timeout

03-01-2024T15:39:06 - [MESSAGE][INFO] - Finding web element with id: 'Object Repository/Connexion Usager/Input_ConfirmePassword' located by 'By.xpath: //*/app-input[2]/div/div/input [@type = 'password']' in '20' second(s)

03-01-2024T15:39:06 - [MESSAGE][INFO] - Smart Wait Function is triggered

03-01-2024T15:39:06 - [MESSAGE][INFO] - Found 1 web elements with id: 'Object Repository/Connexion Usager/Input_ConfirmePassword' located by 'By.xpath: //*/app-input[2]/div/div/input [@type = 'password']' in '20' second(s)

03-01-2024T15:39:06 - [MESSAGE][INFO] - Checking object

03-01-2024T15:39:06 - [MESSAGE][INFO] - Checking text

03-01-2024T15:39:06 - [MESSAGE][INFO] - Finding web element from Test Object's properties

03-01-2024T15:39:06 - [MESSAGE][INFO] - Checking timeout

03-01-2024T15:39:06 - [MESSAGE][INFO] - Finding web element with id: 'Object Repository/Connexion Usager/Input_ConfirmePassword' located by 'By.xpath: //*/app-input[2]/div/div/input [@type = 'password']' in '5' second(s)

03-01-2024T15:39:06 - [MESSAGE][INFO] - Smart Wait Function is triggered

03-01-2024T15:39:06 - [MESSAGE][INFO] - Found 1 web elements with id: 'Object Repository/Connexion Usager/Input_ConfirmePassword' located by 'By.xpath: //*/app-input[2]/div/div/input [@type = 'password']' in '5' second(s)

03-01-2024T15:39:06 - [MESSAGE][INFO] - Clearing text of object 'Object Repository/Connexion Usager/Input_ConfirmePassword'

03-01-2024T15:39:08 - [MESSAGE][INFO] - Finding web element from Test Object's properties

03-01-2024T15:39:08 - [MESSAGE][INFO] - Checking timeout

03-01-2024T15:39:08 - [MESSAGE][INFO] - Finding web element with id: 'Object Repository/Connexion Usager/Input_ConfirmePassword' located by 'By.xpath: //*/app-input[2]/div/div/input [@type = 'password']' in '5' second(s)

03-01-2024T15:39:08 - [MESSAGE][INFO] - Smart Wait Function is triggered

03-01-2024T15:39:08 - [MESSAGE][INFO] - Found 1 web elements with id: 'Object Repository/Connexion Usager/Input_ConfirmePassword' located by 'By.xpath: //*/app-input[2]/div/div/input [@type = 'password']' in '5' second(s)

03-01-2024T15:39:08 - [MESSAGE][INFO] - Setting text of object 'Object Repository/Connexion Usager/Input_ConfirmePassword' to value 'HHIZAOUI001!'

03-01-2024T15:39:10 - [MESSAGE][PASSED] - Text 'HHIZAOUI001!' is set on object 'Object Repository/Connexion Usager/Input_ConfirmePassword'

03-01-2024T15:39:10 - [TEST_STEP][PASSED] - click(findTestObject("Object Repository/Connexion Usager/btn_CreerMDP")): Object: 'Object Repository/Connexion Usager/btn_CreerMDP' is clicked on

03-01-2024T15:39:10 - [MESSAGE][INFO] - Finding Test Object 'Object Repository/Connexion Usager/btn_CreerMDP'

03-01-2024T15:39:10 - [MESSAGE][INFO] - Checking timeout

03-01-2024T15:39:10 - [MESSAGE][INFO] - Finding web element with id: 'Object Repository/Connexion Usager/btn_CreerMDP' located by 'By.xpath: //*/div/p-button/button [@type= 'button']' in '20' second(s)

03-01-2024T15:39:10 - [MESSAGE][INFO] - Smart Wait Function is triggered

03-01-2024T15:39:10 - [MESSAGE][INFO] - Found 1 web elements with id: 'Object Repository/Connexion Usager/btn_CreerMDP' located by 'By.xpath: //*/div/p-button/button [@type= 'button']' in '20' second(s)

03-01-2024T15:39:10 - [MESSAGE][INFO] - Checking object

03-01-2024T15:39:10 - [MESSAGE][INFO] - Checking timeout

03-01-2024T15:39:10 - [MESSAGE][INFO] - Finding web element from Test Object's properties

03-01-2024T15:39:10 - [MESSAGE][INFO] - Checking timeout

03-01-2024T15:39:10 - [MESSAGE][INFO] - Finding web element with id: 'Object Repository/Connexion Usager/btn_CreerMDP' located by 'By.xpath: //*/div/p-button/button [@type= 'button']' in '5' second(s)

03-01-2024T15:39:10 - [MESSAGE][INFO] - Smart Wait Function is triggered

03-01-2024T15:39:10 - [MESSAGE][INFO] - Found 1 web elements with id: 'Object Repository/Connexion Usager/btn_CreerMDP' located by 'By.xpath: //*/div/p-button/button [@type= 'button']' in '5' second(s)

03-01-2024T15:39:10 - [MESSAGE][INFO] - Clicking on object: 'Object Repository/Connexion Usager/btn_CreerMDP'

03-01-2024T15:39:12 - [MESSAGE][PASSED] - Object: 'Object Repository/Connexion Usager/btn_CreerMDP' is clicked on

03-01-2024T15:39:12 - [TEST_STEP][PASSED] - verifyElementPresent(findTestObject("Object Repository/Connexion Usager/div_MSG_FormatNonRespecte"), 1): Object 'Object Repository/Connexion Usager/div_MSG_FormatNonRespecte' is present

03-01-2024T15:39:12 - [MESSAGE][INFO] - Finding Test Object 'Object Repository/Connexion Usager/div_MSG_FormatNonRespecte'

03-01-2024T15:39:12 - [MESSAGE][INFO] - Checking object

03-01-2024T15:39:12 - [MESSAGE][INFO] - Finding web element from Test Object's properties

03-01-2024T15:39:12 - [MESSAGE][INFO] - Checking timeout

03-01-2024T15:39:12 - [MESSAGE][INFO] - Finding web element with id: 'Object Repository/Connexion Usager/div_MSG_FormatNonRespecte' located by 'By.xpath: //*/app-input[1]/div/div/div[1]/div[2]/div/span[2]' in '1' second(s)

03-01-2024T15:39:12 - [MESSAGE][INFO] - Smart Wait Function is triggered

03-01-2024T15:39:12 - [MESSAGE][INFO] - Found 1 web elements with id: 'Object Repository/Connexion Usager/div_MSG_FormatNonRespecte' located by 'By.xpath: //*/app-input[1]/div/div/div[1]/div[2]/div/span[2]' in '1' second(s)

03-01-2024T15:39:12 - [MESSAGE][PASSED] - Object 'Object Repository/Connexion Usager/div_MSG_FormatNonRespecte' is present

03-01-2024T15:39:12 - [TEST_STEP][PASSED] - println("Créer un mot de passe sans caractère spécial"): null

03-01-2024T15:39:12 - [TEST_STEP][PASSED] - setText(findTestObject("Object Repository/Connexion Usager/Input_Password"), "HHizaoui0010"): Text 'HHizaoui0010' is set on object 'Object Repository/Connexion Usager/Input_Password'

03-01-2024T15:39:12 - [MESSAGE][INFO] - Finding Test Object 'Object Repository/Connexion Usager/Input_Password'

03-01-2024T15:39:12 - [MESSAGE][INFO] - Checking timeout

03-01-2024T15:39:12 - [MESSAGE][INFO] - Finding web element with id: 'Object Repository/Connexion Usager/Input_Password' located by 'By.xpath: //*/app-input[1]/div/div/input [@type = 'password']' in '20' second(s)

03-01-2024T15:39:12 - [MESSAGE][INFO] - Smart Wait Function is triggered

03-01-2024T15:39:12 - [MESSAGE][INFO] - Found 1 web elements with id: 'Object Repository/Connexion Usager/Input_Password' located by 'By.xpath: //*/app-input[1]/div/div/input [@type = 'password']' in '20' second(s)

03-01-2024T15:39:12 - [MESSAGE][INFO] - Checking object

03-01-2024T15:39:12 - [MESSAGE][INFO] - Checking text

03-01-2024T15:39:12 - [MESSAGE][INFO] - Finding web element from Test Object's properties

03-01-2024T15:39:12 - [MESSAGE][INFO] - Checking timeout

03-01-2024T15:39:12 - [MESSAGE][INFO] - Finding web element with id: 'Object Repository/Connexion Usager/Input_Password' located by 'By.xpath: //*/app-input[1]/div/div/input [@type = 'password']' in '5' second(s)

03-01-2024T15:39:12 - [MESSAGE][INFO] - Smart Wait Function is triggered

03-01-2024T15:39:12 - [MESSAGE][INFO] - Found 1 web elements with id: 'Object Repository/Connexion Usager/Input_Password' located by 'By.xpath: //*/app-input[1]/div/div/input [@type = 'password']' in '5' second(s)

03-01-2024T15:39:12 - [MESSAGE][INFO] - Clearing text of object 'Object Repository/Connexion Usager/Input_Password'

03-01-2024T15:39:14 - [MESSAGE][INFO] - Finding web element from Test Object's properties

03-01-2024T15:39:14 - [MESSAGE][INFO] - Checking timeout

03-01-2024T15:39:14 - [MESSAGE][INFO] - Finding web element with id: 'Object Repository/Connexion Usager/Input_Password' located by 'By.xpath: //*/app-input[1]/div/div/input [@type = 'password']' in '5' second(s)

03-01-2024T15:39:14 - [MESSAGE][INFO] - Smart Wait Function is triggered

03-01-2024T15:39:14 - [MESSAGE][INFO] - Found 1 web elements with id: 'Object Repository/Connexion Usager/Input_Password' located by 'By.xpath: //*/app-input[1]/div/div/input [@type = 'password']' in '5' second(s)

03-01-2024T15:39:14 - [MESSAGE][INFO] - Setting text of object 'Object Repository/Connexion Usager/Input_Password' to value 'HHizaoui0010'

03-01-2024T15:39:17 - [MESSAGE][PASSED] - Text 'HHizaoui0010' is set on object 'Object Repository/Connexion Usager/Input_Password'

03-01-2024T15:39:17 - [TEST_STEP][PASSED] - setText(findTestObject("Object Repository/Connexion Usager/Input_ConfirmePassword"), "HHizaoui0010"): Text 'HHizaoui0010' is set on object 'Object Repository/Connexion Usager/Input_ConfirmePassword'

03-01-2024T15:39:17 - [MESSAGE][INFO] - Finding Test Object 'Object Repository/Connexion Usager/Input_ConfirmePassword'

03-01-2024T15:39:17 - [MESSAGE][INFO] - Checking timeout

03-01-2024T15:39:17 - [MESSAGE][INFO] - Finding web element with id: 'Object Repository/Connexion Usager/Input_ConfirmePassword' located by 'By.xpath: //*/app-input[2]/div/div/input [@type = 'password']' in '20' second(s)

03-01-2024T15:39:17 - [MESSAGE][INFO] - Smart Wait Function is triggered

03-01-2024T15:39:17 - [MESSAGE][INFO] - Found 1 web elements with id: 'Object Repository/Connexion Usager/Input_ConfirmePassword' located by 'By.xpath: //*/app-input[2]/div/div/input [@type = 'password']' in '20' second(s)

03-01-2024T15:39:17 - [MESSAGE][INFO] - Checking object

03-01-2024T15:39:17 - [MESSAGE][INFO] - Checking text

03-01-2024T15:39:17 - [MESSAGE][INFO] - Finding web element from Test Object's properties

03-01-2024T15:39:17 - [MESSAGE][INFO] - Checking timeout

03-01-2024T15:39:17 - [MESSAGE][INFO] - Finding web element with id: 'Object Repository/Connexion Usager/Input_ConfirmePassword' located by 'By.xpath: //*/app-input[2]/div/div/input [@type = 'password']' in '5' second(s)

03-01-2024T15:39:17 - [MESSAGE][INFO] - Smart Wait Function is triggered

03-01-2024T15:39:17 - [MESSAGE][INFO] - Found 1 web elements with id: 'Object Repository/Connexion Usager/Input_ConfirmePassword' located by 'By.xpath: //*/app-input[2]/div/div/input [@type = 'password']' in '5' second(s)

03-01-2024T15:39:17 - [MESSAGE][INFO] - Clearing text of object 'Object Repository/Connexion Usager/Input_ConfirmePassword'

03-01-2024T15:39:19 - [MESSAGE][INFO] - Finding web element from Test Object's properties

03-01-2024T15:39:19 - [MESSAGE][INFO] - Checking timeout

03-01-2024T15:39:19 - [MESSAGE][INFO] - Finding web element with id: 'Object Repository/Connexion Usager/Input_ConfirmePassword' located by 'By.xpath: //*/app-input[2]/div/div/input [@type = 'password']' in '5' second(s)

03-01-2024T15:39:19 - [MESSAGE][INFO] - Smart Wait Function is triggered

03-01-2024T15:39:19 - [MESSAGE][INFO] - Found 1 web elements with id: 'Object Repository/Connexion Usager/Input_ConfirmePassword' located by 'By.xpath: //*/app-input[2]/div/div/input [@type = 'password']' in '5' second(s)

03-01-2024T15:39:19 - [MESSAGE][INFO] - Setting text of object 'Object Repository/Connexion Usager/Input_ConfirmePassword' to value 'HHizaoui0010'

03-01-2024T15:39:21 - [MESSAGE][PASSED] - Text 'HHizaoui0010' is set on object 'Object Repository/Connexion Usager/Input_ConfirmePassword'

03-01-2024T15:39:21 - [TEST_STEP][PASSED] - click(findTestObject("Object Repository/Connexion Usager/btn_CreerMDP")): Object: 'Object Repository/Connexion Usager/btn_CreerMDP' is clicked on

03-01-2024T15:39:21 - [MESSAGE][INFO] - Finding Test Object 'Object Repository/Connexion Usager/btn_CreerMDP'

03-01-2024T15:39:21 - [MESSAGE][INFO] - Checking timeout

03-01-2024T15:39:21 - [MESSAGE][INFO] - Finding web element with id: 'Object Repository/Connexion Usager/btn_CreerMDP' located by 'By.xpath: //*/div/p-button/button [@type= 'button']' in '20' second(s)

03-01-2024T15:39:21 - [MESSAGE][INFO] - Smart Wait Function is triggered

03-01-2024T15:39:21 - [MESSAGE][INFO] - Found 1 web elements with id: 'Object Repository/Connexion Usager/btn_CreerMDP' located by 'By.xpath: //*/div/p-button/button [@type= 'button']' in '20' second(s)

03-01-2024T15:39:21 - [MESSAGE][INFO] - Checking object

03-01-2024T15:39:21 - [MESSAGE][INFO] - Checking timeout

03-01-2024T15:39:21 - [MESSAGE][INFO] - Finding web element from Test Object's properties

03-01-2024T15:39:21 - [MESSAGE][INFO] - Checking timeout

03-01-2024T15:39:21 - [MESSAGE][INFO] - Finding web element with id: 'Object Repository/Connexion Usager/btn_CreerMDP' located by 'By.xpath: //*/div/p-button/button [@type= 'button']' in '5' second(s)

03-01-2024T15:39:21 - [MESSAGE][INFO] - Smart Wait Function is triggered

03-01-2024T15:39:21 - [MESSAGE][INFO] - Found 1 web elements with id: 'Object Repository/Connexion Usager/btn_CreerMDP' located by 'By.xpath: //*/div/p-button/button [@type= 'button']' in '5' second(s)

03-01-2024T15:39:21 - [MESSAGE][INFO] - Clicking on object: 'Object Repository/Connexion Usager/btn_CreerMDP'

03-01-2024T15:39:23 - [MESSAGE][PASSED] - Object: 'Object Repository/Connexion Usager/btn_CreerMDP' is clicked on

03-01-2024T15:39:23 - [TEST_STEP][PASSED] - verifyElementPresent(findTestObject("Object Repository/Connexion Usager/div_MSG_FormatNonRespecte"), 1): Object 'Object Repository/Connexion Usager/div_MSG_FormatNonRespecte' is present

03-01-2024T15:39:23 - [MESSAGE][INFO] - Finding Test Object 'Object Repository/Connexion Usager/div_MSG_FormatNonRespecte'

03-01-2024T15:39:23 - [MESSAGE][INFO] - Checking object

03-01-2024T15:39:23 - [MESSAGE][INFO] - Finding web element from Test Object's properties

03-01-2024T15:39:23 - [MESSAGE][INFO] - Checking timeout

03-01-2024T15:39:23 - [MESSAGE][INFO] - Finding web element with id: 'Object Repository/Connexion Usager/div_MSG_FormatNonRespecte' located by 'By.xpath: //*/app-input[1]/div/div/div[1]/div[2]/div/span[2]' in '1' second(s)

03-01-2024T15:39:23 - [MESSAGE][INFO] - Smart Wait Function is triggered

03-01-2024T15:39:23 - [MESSAGE][INFO] - Found 1 web elements with id: 'Object Repository/Connexion Usager/div_MSG_FormatNonRespecte' located by 'By.xpath: //*/app-input[1]/div/div/div[1]/div[2]/div/span[2]' in '1' second(s)

03-01-2024T15:39:23 - [MESSAGE][PASSED] - Object 'Object Repository/Connexion Usager/div_MSG_FormatNonRespecte' is present

03-01-2024T15:39:23 - [TEST_STEP][PASSED] - println("Créer un mot de passe sans chiffre"): null

03-01-2024T15:39:23 - [TEST_STEP][PASSED] - setText(findTestObject("Object Repository/Connexion Usager/Input_Password"), "HHizaouihiza!"): Text 'HHizaouihiza!' is set on object 'Object Repository/Connexion Usager/Input_Password'

03-01-2024T15:39:23 - [MESSAGE][INFO] - Finding Test Object 'Object Repository/Connexion Usager/Input_Password'

03-01-2024T15:39:23 - [MESSAGE][INFO] - Checking timeout

03-01-2024T15:39:23 - [MESSAGE][INFO] - Finding web element with id: 'Object Repository/Connexion Usager/Input_Password' located by 'By.xpath: //*/app-input[1]/div/div/input [@type = 'password']' in '20' second(s)

03-01-2024T15:39:23 - [MESSAGE][INFO] - Smart Wait Function is triggered

03-01-2024T15:39:23 - [MESSAGE][INFO] - Found 1 web elements with id: 'Object Repository/Connexion Usager/Input_Password' located by 'By.xpath: //*/app-input[1]/div/div/input [@type = 'password']' in '20' second(s)

03-01-2024T15:39:23 - [MESSAGE][INFO] - Checking object

03-01-2024T15:39:23 - [MESSAGE][INFO] - Checking text

03-01-2024T15:39:23 - [MESSAGE][INFO] - Finding web element from Test Object's properties

03-01-2024T15:39:23 - [MESSAGE][INFO] - Checking timeout

03-01-2024T15:39:23 - [MESSAGE][INFO] - Finding web element with id: 'Object Repository/Connexion Usager/Input_Password' located by 'By.xpath: //*/app-input[1]/div/div/input [@type = 'password']' in '5' second(s)

03-01-2024T15:39:23 - [MESSAGE][INFO] - Smart Wait Function is triggered

03-01-2024T15:39:23 - [MESSAGE][INFO] - Found 1 web elements with id: 'Object Repository/Connexion Usager/Input_Password' located by 'By.xpath: //*/app-input[1]/div/div/input [@type = 'password']' in '5' second(s)

03-01-2024T15:39:23 - [MESSAGE][INFO] - Clearing text of object 'Object Repository/Connexion Usager/Input_Password'

03-01-2024T15:39:25 - [MESSAGE][INFO] - Finding web element from Test Object's properties

03-01-2024T15:39:25 - [MESSAGE][INFO] - Checking timeout

03-01-2024T15:39:25 - [MESSAGE][INFO] - Finding web element with id: 'Object Repository/Connexion Usager/Input_Password' located by 'By.xpath: //*/app-input[1]/div/div/input [@type = 'password']' in '5' second(s)

03-01-2024T15:39:25 - [MESSAGE][INFO] - Smart Wait Function is triggered

03-01-2024T15:39:25 - [MESSAGE][INFO] - Found 1 web elements with id: 'Object Repository/Connexion Usager/Input_Password' located by 'By.xpath: //*/app-input[1]/div/div/input [@type = 'password']' in '5' second(s)

03-01-2024T15:39:25 - [MESSAGE][INFO] - Setting text of object 'Object Repository/Connexion Usager/Input_Password' to value 'HHizaouihiza!'

03-01-2024T15:39:28 - [MESSAGE][PASSED] - Text 'HHizaouihiza!' is set on object 'Object Repository/Connexion Usager/Input_Password'

03-01-2024T15:39:28 - [TEST_STEP][PASSED] - setText(findTestObject("Object Repository/Connexion Usager/Input_ConfirmePassword"), "HHizaouihiza!"): Text 'HHizaouihiza!' is set on object 'Object Repository/Connexion Usager/Input_ConfirmePassword'

03-01-2024T15:39:28 - [MESSAGE][INFO] - Finding Test Object 'Object Repository/Connexion Usager/Input_ConfirmePassword'

03-01-2024T15:39:28 - [MESSAGE][INFO] - Checking timeout

03-01-2024T15:39:28 - [MESSAGE][INFO] - Finding web element with id: 'Object Repository/Connexion Usager/Input_ConfirmePassword' located by 'By.xpath: //*/app-input[2]/div/div/input [@type = 'password']' in '20' second(s)

03-01-2024T15:39:28 - [MESSAGE][INFO] - Smart Wait Function is triggered

03-01-2024T15:39:28 - [MESSAGE][INFO] - Found 1 web elements with id: 'Object Repository/Connexion Usager/Input_ConfirmePassword' located by 'By.xpath: //*/app-input[2]/div/div/input [@type = 'password']' in '20' second(s)

03-01-2024T15:39:28 - [MESSAGE][INFO] - Checking object

03-01-2024T15:39:28 - [MESSAGE][INFO] - Checking text

03-01-2024T15:39:28 - [MESSAGE][INFO] - Finding web element from Test Object's properties

03-01-2024T15:39:28 - [MESSAGE][INFO] - Checking timeout

03-01-2024T15:39:28 - [MESSAGE][INFO] - Finding web element with id: 'Object Repository/Connexion Usager/Input_ConfirmePassword' located by 'By.xpath: //*/app-input[2]/div/div/input [@type = 'password']' in '5' second(s)

03-01-2024T15:39:28 - [MESSAGE][INFO] - Smart Wait Function is triggered

03-01-2024T15:39:28 - [MESSAGE][INFO] - Found 1 web elements with id: 'Object Repository/Connexion Usager/Input_ConfirmePassword' located by 'By.xpath: //*/app-input[2]/div/div/input [@type = 'password']' in '5' second(s)

03-01-2024T15:39:28 - [MESSAGE][INFO] - Clearing text of object 'Object Repository/Connexion Usager/Input_ConfirmePassword'

03-01-2024T15:39:30 - [MESSAGE][INFO] - Finding web element from Test Object's properties

03-01-2024T15:39:30 - [MESSAGE][INFO] - Checking timeout

03-01-2024T15:39:30 - [MESSAGE][INFO] - Finding web element with id: 'Object Repository/Connexion Usager/Input_ConfirmePassword' located by 'By.xpath: //*/app-input[2]/div/div/input [@type = 'password']' in '5' second(s)

03-01-2024T15:39:30 - [MESSAGE][INFO] - Smart Wait Function is triggered

03-01-2024T15:39:30 - [MESSAGE][INFO] - Found 1 web elements with id: 'Object Repository/Connexion Usager/Input_ConfirmePassword' located by 'By.xpath: //*/app-input[2]/div/div/input [@type = 'password']' in '5' second(s)

03-01-2024T15:39:30 - [MESSAGE][INFO] - Setting text of object 'Object Repository/Connexion Usager/Input_ConfirmePassword' to value 'HHizaouihiza!'

03-01-2024T15:39:32 - [MESSAGE][PASSED] - Text 'HHizaouihiza!' is set on object 'Object Repository/Connexion Usager/Input_ConfirmePassword'

03-01-2024T15:39:32 - [TEST_STEP][PASSED] - click(findTestObject("Object Repository/Connexion Usager/btn_CreerMDP")): Object: 'Object Repository/Connexion Usager/btn_CreerMDP' is clicked on

03-01-2024T15:39:32 - [MESSAGE][INFO] - Finding Test Object 'Object Repository/Connexion Usager/btn_CreerMDP'

03-01-2024T15:39:32 - [MESSAGE][INFO] - Checking timeout

03-01-2024T15:39:32 - [MESSAGE][INFO] - Finding web element with id: 'Object Repository/Connexion Usager/btn_CreerMDP' located by 'By.xpath: //*/div/p-button/button [@type= 'button']' in '20' second(s)

03-01-2024T15:39:32 - [MESSAGE][INFO] - Smart Wait Function is triggered

03-01-2024T15:39:32 - [MESSAGE][INFO] - Found 1 web elements with id: 'Object Repository/Connexion Usager/btn_CreerMDP' located by 'By.xpath: //*/div/p-button/button [@type= 'button']' in '20' second(s)

03-01-2024T15:39:32 - [MESSAGE][INFO] - Checking object

03-01-2024T15:39:32 - [MESSAGE][INFO] - Checking timeout

03-01-2024T15:39:32 - [MESSAGE][INFO] - Finding web element from Test Object's properties

03-01-2024T15:39:32 - [MESSAGE][INFO] - Checking timeout

03-01-2024T15:39:32 - [MESSAGE][INFO] - Finding web element with id: 'Object Repository/Connexion Usager/btn_CreerMDP' located by 'By.xpath: //*/div/p-button/button [@type= 'button']' in '5' second(s)

03-01-2024T15:39:32 - [MESSAGE][INFO] - Smart Wait Function is triggered

03-01-2024T15:39:32 - [MESSAGE][INFO] - Found 1 web elements with id: 'Object Repository/Connexion Usager/btn_CreerMDP' located by 'By.xpath: //*/div/p-button/button [@type= 'button']' in '5' second(s)

03-01-2024T15:39:32 - [MESSAGE][INFO] - Clicking on object: 'Object Repository/Connexion Usager/btn_CreerMDP'

03-01-2024T15:39:34 - [MESSAGE][PASSED] - Object: 'Object Repository/Connexion Usager/btn_CreerMDP' is clicked on

03-01-2024T15:39:34 - [TEST_STEP][PASSED] - verifyElementPresent(findTestObject("Object Repository/Connexion Usager/div_MSG_FormatNonRespecte"), 1): Object 'Object Repository/Connexion Usager/div_MSG_FormatNonRespecte' is present

03-01-2024T15:39:34 - [MESSAGE][INFO] - Finding Test Object 'Object Repository/Connexion Usager/div_MSG_FormatNonRespecte'

03-01-2024T15:39:34 - [MESSAGE][INFO] - Checking object

03-01-2024T15:39:34 - [MESSAGE][INFO] - Finding web element from Test Object's properties

03-01-2024T15:39:34 - [MESSAGE][INFO] - Checking timeout

03-01-2024T15:39:34 - [MESSAGE][INFO] - Finding web element with id: 'Object Repository/Connexion Usager/div_MSG_FormatNonRespecte' located by 'By.xpath: //*/app-input[1]/div/div/div[1]/div[2]/div/span[2]' in '1' second(s)

03-01-2024T15:39:34 - [MESSAGE][INFO] - Smart Wait Function is triggered

03-01-2024T15:39:34 - [MESSAGE][INFO] - Found 1 web elements with id: 'Object Repository/Connexion Usager/div_MSG_FormatNonRespecte' located by 'By.xpath: //*/app-input[1]/div/div/div[1]/div[2]/div/span[2]' in '1' second(s)

03-01-2024T15:39:34 - [MESSAGE][PASSED] - Object 'Object Repository/Connexion Usager/div_MSG_FormatNonRespecte' is present

03-01-2024T15:39:34 - [TEST_STEP][PASSED] - println("Saisir 2 mots de passe différents"): null

03-01-2024T15:39:34 - [TEST_STEP][PASSED] - setText(findTestObject("Object Repository/Connexion Usager/Input_Password"), "HHizaoui001!"): Text 'HHizaoui001!' is set on object 'Object Repository/Connexion Usager/Input_Password'

03-01-2024T15:39:34 - [MESSAGE][INFO] - Finding Test Object 'Object Repository/Connexion Usager/Input_Password'

03-01-2024T15:39:34 - [MESSAGE][INFO] - Checking timeout

03-01-2024T15:39:34 - [MESSAGE][INFO] - Finding web element with id: 'Object Repository/Connexion Usager/Input_Password' located by 'By.xpath: //*/app-input[1]/div/div/input [@type = 'password']' in '20' second(s)

03-01-2024T15:39:34 - [MESSAGE][INFO] - Smart Wait Function is triggered

03-01-2024T15:39:34 - [MESSAGE][INFO] - Found 1 web elements with id: 'Object Repository/Connexion Usager/Input_Password' located by 'By.xpath: //*/app-input[1]/div/div/input [@type = 'password']' in '20' second(s)

03-01-2024T15:39:34 - [MESSAGE][INFO] - Checking object

03-01-2024T15:39:34 - [MESSAGE][INFO] - Checking text

03-01-2024T15:39:34 - [MESSAGE][INFO] - Finding web element from Test Object's properties

03-01-2024T15:39:34 - [MESSAGE][INFO] - Checking timeout

03-01-2024T15:39:34 - [MESSAGE][INFO] - Finding web element with id: 'Object Repository/Connexion Usager/Input_Password' located by 'By.xpath: //*/app-input[1]/div/div/input [@type = 'password']' in '5' second(s)

03-01-2024T15:39:34 - [MESSAGE][INFO] - Smart Wait Function is triggered

03-01-2024T15:39:34 - [MESSAGE][INFO] - Found 1 web elements with id: 'Object Repository/Connexion Usager/Input_Password' located by 'By.xpath: //*/app-input[1]/div/div/input [@type = 'password']' in '5' second(s)

03-01-2024T15:39:34 - [MESSAGE][INFO] - Clearing text of object 'Object Repository/Connexion Usager/Input_Password'

03-01-2024T15:39:36 - [MESSAGE][INFO] - Finding web element from Test Object's properties

03-01-2024T15:39:36 - [MESSAGE][INFO] - Checking timeout

03-01-2024T15:39:36 - [MESSAGE][INFO] - Finding web element with id: 'Object Repository/Connexion Usager/Input_Password' located by 'By.xpath: //*/app-input[1]/div/div/input [@type = 'password']' in '5' second(s)

03-01-2024T15:39:36 - [MESSAGE][INFO] - Smart Wait Function is triggered

03-01-2024T15:39:36 - [MESSAGE][INFO] - Found 1 web elements with id: 'Object Repository/Connexion Usager/Input_Password' located by 'By.xpath: //*/app-input[1]/div/div/input [@type = 'password']' in '5' second(s)

03-01-2024T15:39:36 - [MESSAGE][INFO] - Setting text of object 'Object Repository/Connexion Usager/Input_Password' to value 'HHizaoui001!'

03-01-2024T15:39:39 - [MESSAGE][PASSED] - Text 'HHizaoui001!' is set on object 'Object Repository/Connexion Usager/Input_Password'

03-01-2024T15:39:39 - [TEST_STEP][PASSED] - setText(findTestObject("Object Repository/Connexion Usager/Input_ConfirmePassword"), "HHizaoui001!def"): Text 'HHizaoui001!def' is set on object 'Object Repository/Connexion Usager/Input_ConfirmePassword'

03-01-2024T15:39:39 - [MESSAGE][INFO] - Finding Test Object 'Object Repository/Connexion Usager/Input_ConfirmePassword'

03-01-2024T15:39:39 - [MESSAGE][INFO] - Checking timeout

03-01-2024T15:39:39 - [MESSAGE][INFO] - Finding web element with id: 'Object Repository/Connexion Usager/Input_ConfirmePassword' located by 'By.xpath: //*/app-input[2]/div/div/input [@type = 'password']' in '20' second(s)

03-01-2024T15:39:39 - [MESSAGE][INFO] - Smart Wait Function is triggered

03-01-2024T15:39:39 - [MESSAGE][INFO] - Found 1 web elements with id: 'Object Repository/Connexion Usager/Input_ConfirmePassword' located by 'By.xpath: //*/app-input[2]/div/div/input [@type = 'password']' in '20' second(s)

03-01-2024T15:39:39 - [MESSAGE][INFO] - Checking object

03-01-2024T15:39:39 - [MESSAGE][INFO] - Checking text

03-01-2024T15:39:39 - [MESSAGE][INFO] - Finding web element from Test Object's properties

03-01-2024T15:39:39 - [MESSAGE][INFO] - Checking timeout

03-01-2024T15:39:39 - [MESSAGE][INFO] - Finding web element with id: 'Object Repository/Connexion Usager/Input_ConfirmePassword' located by 'By.xpath: //*/app-input[2]/div/div/input [@type = 'password']' in '5' second(s)

03-01-2024T15:39:39 - [MESSAGE][INFO] - Smart Wait Function is triggered

03-01-2024T15:39:39 - [MESSAGE][INFO] - Found 1 web elements with id: 'Object Repository/Connexion Usager/Input_ConfirmePassword' located by 'By.xpath: //*/app-input[2]/div/div/input [@type = 'password']' in '5' second(s)

03-01-2024T15:39:39 - [MESSAGE][INFO] - Clearing text of object 'Object Repository/Connexion Usager/Input_ConfirmePassword'

03-01-2024T15:39:41 - [MESSAGE][INFO] - Finding web element from Test Object's properties

03-01-2024T15:39:41 - [MESSAGE][INFO] - Checking timeout

03-01-2024T15:39:41 - [MESSAGE][INFO] - Finding web element with id: 'Object Repository/Connexion Usager/Input_ConfirmePassword' located by 'By.xpath: //*/app-input[2]/div/div/input [@type = 'password']' in '5' second(s)

03-01-2024T15:39:41 - [MESSAGE][INFO] - Smart Wait Function is triggered

03-01-2024T15:39:41 - [MESSAGE][INFO] - Found 1 web elements with id: 'Object Repository/Connexion Usager/Input_ConfirmePassword' located by 'By.xpath: //*/app-input[2]/div/div/input [@type = 'password']' in '5' second(s)

03-01-2024T15:39:41 - [MESSAGE][INFO] - Setting text of object 'Object Repository/Connexion Usager/Input_ConfirmePassword' to value 'HHizaoui001!def'

03-01-2024T15:39:43 - [MESSAGE][PASSED] - Text 'HHizaoui001!def' is set on object 'Object Repository/Connexion Usager/Input_ConfirmePassword'

03-01-2024T15:39:43 - [TEST_STEP][PASSED] - click(findTestObject("Object Repository/Connexion Usager/btn_CreerMDP")): Object: 'Object Repository/Connexion Usager/btn_CreerMDP' is clicked on

03-01-2024T15:39:43 - [MESSAGE][INFO] - Finding Test Object 'Object Repository/Connexion Usager/btn_CreerMDP'

03-01-2024T15:39:43 - [MESSAGE][INFO] - Checking timeout

03-01-2024T15:39:43 - [MESSAGE][INFO] - Finding web element with id: 'Object Repository/Connexion Usager/btn_CreerMDP' located by 'By.xpath: //*/div/p-button/button [@type= 'button']' in '20' second(s)

03-01-2024T15:39:43 - [MESSAGE][INFO] - Smart Wait Function is triggered

03-01-2024T15:39:43 - [MESSAGE][INFO] - Found 1 web elements with id: 'Object Repository/Connexion Usager/btn_CreerMDP' located by 'By.xpath: //*/div/p-button/button [@type= 'button']' in '20' second(s)

03-01-2024T15:39:43 - [MESSAGE][INFO] - Checking object

03-01-2024T15:39:43 - [MESSAGE][INFO] - Checking timeout

03-01-2024T15:39:43 - [MESSAGE][INFO] - Finding web element from Test Object's properties

03-01-2024T15:39:43 - [MESSAGE][INFO] - Checking timeout

03-01-2024T15:39:43 - [MESSAGE][INFO] - Finding web element with id: 'Object Repository/Connexion Usager/btn_CreerMDP' located by 'By.xpath: //*/div/p-button/button [@type= 'button']' in '5' second(s)

03-01-2024T15:39:43 - [MESSAGE][INFO] - Smart Wait Function is triggered

03-01-2024T15:39:43 - [MESSAGE][INFO] - Found 1 web elements with id: 'Object Repository/Connexion Usager/btn_CreerMDP' located by 'By.xpath: //*/div/p-button/button [@type= 'button']' in '5' second(s)

03-01-2024T15:39:43 - [MESSAGE][INFO] - Clicking on object: 'Object Repository/Connexion Usager/btn_CreerMDP'

03-01-2024T15:39:45 - [MESSAGE][PASSED] - Object: 'Object Repository/Connexion Usager/btn_CreerMDP' is clicked on

03-01-2024T15:39:45 - [TEST_STEP][PASSED] - verifyElementPresent(findTestObject("Object Repository/Connexion Usager/div_ MSG_ChampsDoiventEtreIdentiques"), 1): Object 'Object Repository/Connexion Usager/div_ MSG_ChampsDoiventEtreIdentiques' is present

03-01-2024T15:39:45 - [MESSAGE][INFO] - Finding Test Object 'Object Repository/Connexion Usager/div_ MSG_ChampsDoiventEtreIdentiques'

03-01-2024T15:39:46 - [MESSAGE][INFO] - Checking object

03-01-2024T15:39:46 - [MESSAGE][INFO] - Finding web element from Test Object's properties

03-01-2024T15:39:46 - [MESSAGE][INFO] - Checking timeout

03-01-2024T15:39:46 - [MESSAGE][INFO] - Finding web element with id: 'Object Repository/Connexion Usager/div_ MSG_ChampsDoiventEtreIdentiques' located by 'By.xpath: //*/div[2]/div/div[1]/p/span' in '1' second(s)

03-01-2024T15:39:46 - [MESSAGE][INFO] - Smart Wait Function is triggered

03-01-2024T15:39:46 - [MESSAGE][INFO] - Found 1 web elements with id: 'Object Repository/Connexion Usager/div_ MSG_ChampsDoiventEtreIdentiques' located by 'By.xpath: //*/div[2]/div/div[1]/p/span' in '1' second(s)

03-01-2024T15:39:46 - [MESSAGE][PASSED] - Object 'Object Repository/Connexion Usager/div_ MSG_ChampsDoiventEtreIdentiques' is present

03-01-2024T15:39:46 - [TEST_STEP][PASSED] - println("Créer un mot de passe moins de 12 caractères"): null

03-01-2024T15:39:46 - [TEST_STEP][PASSED] - setText(findTestObject("Object Repository/Connexion Usager/Input_Password"), "HHiza001!"): Text 'HHiza001!' is set on object 'Object Repository/Connexion Usager/Input_Password'

03-01-2024T15:39:46 - [MESSAGE][INFO] - Finding Test Object 'Object Repository/Connexion Usager/Input_Password'

03-01-2024T15:39:46 - [MESSAGE][INFO] - Checking timeout

03-01-2024T15:39:46 - [MESSAGE][INFO] - Finding web element with id: 'Object Repository/Connexion Usager/Input_Password' located by 'By.xpath: //*/app-input[1]/div/div/input [@type = 'password']' in '20' second(s)

03-01-2024T15:39:46 - [MESSAGE][INFO] - Smart Wait Function is triggered

03-01-2024T15:39:46 - [MESSAGE][INFO] - Found 1 web elements with id: 'Object Repository/Connexion Usager/Input_Password' located by 'By.xpath: //*/app-input[1]/div/div/input [@type = 'password']' in '20' second(s)

03-01-2024T15:39:46 - [MESSAGE][INFO] - Checking object

03-01-2024T15:39:46 - [MESSAGE][INFO] - Checking text

03-01-2024T15:39:46 - [MESSAGE][INFO] - Finding web element from Test Object's properties

03-01-2024T15:39:46 - [MESSAGE][INFO] - Checking timeout

03-01-2024T15:39:46 - [MESSAGE][INFO] - Finding web element with id: 'Object Repository/Connexion Usager/Input_Password' located by 'By.xpath: //*/app-input[1]/div/div/input [@type = 'password']' in '5' second(s)

03-01-2024T15:39:46 - [MESSAGE][INFO] - Smart Wait Function is triggered

03-01-2024T15:39:46 - [MESSAGE][INFO] - Found 1 web elements with id: 'Object Repository/Connexion Usager/Input_Password' located by 'By.xpath: //*/app-input[1]/div/div/input [@type = 'password']' in '5' second(s)

03-01-2024T15:39:46 - [MESSAGE][INFO] - Clearing text of object 'Object Repository/Connexion Usager/Input_Password'

03-01-2024T15:39:48 - [MESSAGE][INFO] - Finding web element from Test Object's properties

03-01-2024T15:39:48 - [MESSAGE][INFO] - Checking timeout

03-01-2024T15:39:48 - [MESSAGE][INFO] - Finding web element with id: 'Object Repository/Connexion Usager/Input_Password' located by 'By.xpath: //*/app-input[1]/div/div/input [@type = 'password']' in '5' second(s)

03-01-2024T15:39:48 - [MESSAGE][INFO] - Smart Wait Function is triggered

03-01-2024T15:39:48 - [MESSAGE][INFO] - Found 1 web elements with id: 'Object Repository/Connexion Usager/Input_Password' located by 'By.xpath: //*/app-input[1]/div/div/input [@type = 'password']' in '5' second(s)

03-01-2024T15:39:48 - [MESSAGE][INFO] - Setting text of object 'Object Repository/Connexion Usager/Input_Password' to value 'HHiza001!'

03-01-2024T15:39:50 - [MESSAGE][PASSED] - Text 'HHiza001!' is set on object 'Object Repository/Connexion Usager/Input_Password'

03-01-2024T15:39:50 - [TEST_STEP][PASSED] - setText(findTestObject("Object Repository/Connexion Usager/Input_ConfirmePassword"), "HHiza001!"): Text 'HHiza001!' is set on object 'Object Repository/Connexion Usager/Input_ConfirmePassword'

03-01-2024T15:39:50 - [MESSAGE][INFO] - Finding Test Object 'Object Repository/Connexion Usager/Input_ConfirmePassword'

03-01-2024T15:39:50 - [MESSAGE][INFO] - Checking timeout

03-01-2024T15:39:50 - [MESSAGE][INFO] - Finding web element with id: 'Object Repository/Connexion Usager/Input_ConfirmePassword' located by 'By.xpath: //*/app-input[2]/div/div/input [@type = 'password']' in '20' second(s)

03-01-2024T15:39:50 - [MESSAGE][INFO] - Smart Wait Function is triggered

03-01-2024T15:39:50 - [MESSAGE][INFO] - Found 1 web elements with id: 'Object Repository/Connexion Usager/Input_ConfirmePassword' located by 'By.xpath: //*/app-input[2]/div/div/input [@type = 'password']' in '20' second(s)

03-01-2024T15:39:50 - [MESSAGE][INFO] - Checking object

03-01-2024T15:39:50 - [MESSAGE][INFO] - Checking text

03-01-2024T15:39:50 - [MESSAGE][INFO] - Finding web element from Test Object's properties

03-01-2024T15:39:50 - [MESSAGE][INFO] - Checking timeout

03-01-2024T15:39:50 - [MESSAGE][INFO] - Finding web element with id: 'Object Repository/Connexion Usager/Input_ConfirmePassword' located by 'By.xpath: //*/app-input[2]/div/div/input [@type = 'password']' in '5' second(s)

03-01-2024T15:39:50 - [MESSAGE][INFO] - Smart Wait Function is triggered

03-01-2024T15:39:50 - [MESSAGE][INFO] - Found 1 web elements with id: 'Object Repository/Connexion Usager/Input_ConfirmePassword' located by 'By.xpath: //*/app-input[2]/div/div/input [@type = 'password']' in '5' second(s)

03-01-2024T15:39:50 - [MESSAGE][INFO] - Clearing text of object 'Object Repository/Connexion Usager/Input_ConfirmePassword'

03-01-2024T15:39:52 - [MESSAGE][INFO] - Finding web element from Test Object's properties

03-01-2024T15:39:52 - [MESSAGE][INFO] - Checking timeout

03-01-2024T15:39:52 - [MESSAGE][INFO] - Finding web element with id: 'Object Repository/Connexion Usager/Input_ConfirmePassword' located by 'By.xpath: //*/app-input[2]/div/div/input [@type = 'password']' in '5' second(s)

03-01-2024T15:39:52 - [MESSAGE][INFO] - Smart Wait Function is triggered

03-01-2024T15:39:52 - [MESSAGE][INFO] - Found 1 web elements with id: 'Object Repository/Connexion Usager/Input_ConfirmePassword' located by 'By.xpath: //*/app-input[2]/div/div/input [@type = 'password']' in '5' second(s)

03-01-2024T15:39:52 - [MESSAGE][INFO] - Setting text of object 'Object Repository/Connexion Usager/Input_ConfirmePassword' to value 'HHiza001!'

03-01-2024T15:39:55 - [MESSAGE][PASSED] - Text 'HHiza001!' is set on object 'Object Repository/Connexion Usager/Input_ConfirmePassword'

03-01-2024T15:39:55 - [TEST_STEP][PASSED] - click(findTestObject("Object Repository/Connexion Usager/btn_CreerMDP")): Object: 'Object Repository/Connexion Usager/btn_CreerMDP' is clicked on

03-01-2024T15:39:55 - [MESSAGE][INFO] - Finding Test Object 'Object Repository/Connexion Usager/btn_CreerMDP'

03-01-2024T15:39:55 - [MESSAGE][INFO] - Checking timeout

03-01-2024T15:39:55 - [MESSAGE][INFO] - Finding web element with id: 'Object Repository/Connexion Usager/btn_CreerMDP' located by 'By.xpath: //*/div/p-button/button [@type= 'button']' in '20' second(s)

03-01-2024T15:39:55 - [MESSAGE][INFO] - Smart Wait Function is triggered

03-01-2024T15:39:55 - [MESSAGE][INFO] - Found 1 web elements with id: 'Object Repository/Connexion Usager/btn_CreerMDP' located by 'By.xpath: //*/div/p-button/button [@type= 'button']' in '20' second(s)

03-01-2024T15:39:55 - [MESSAGE][INFO] - Checking object

03-01-2024T15:39:55 - [MESSAGE][INFO] - Checking timeout

03-01-2024T15:39:55 - [MESSAGE][INFO] - Finding web element from Test Object's properties

03-01-2024T15:39:55 - [MESSAGE][INFO] - Checking timeout

03-01-2024T15:39:55 - [MESSAGE][INFO] - Finding web element with id: 'Object Repository/Connexion Usager/btn_CreerMDP' located by 'By.xpath: //*/div/p-button/button [@type= 'button']' in '5' second(s)

03-01-2024T15:39:55 - [MESSAGE][INFO] - Smart Wait Function is triggered

03-01-2024T15:39:55 - [MESSAGE][INFO] - Found 1 web elements with id: 'Object Repository/Connexion Usager/btn_CreerMDP' located by 'By.xpath: //*/div/p-button/button [@type= 'button']' in '5' second(s)

03-01-2024T15:39:55 - [MESSAGE][INFO] - Clicking on object: 'Object Repository/Connexion Usager/btn_CreerMDP'

03-01-2024T15:39:57 - [MESSAGE][PASSED] - Object: 'Object Repository/Connexion Usager/btn_CreerMDP' is clicked on

03-01-2024T15:39:57 - [TEST_STEP][PASSED] - verifyElementPresent(findTestObject("Object Repository/Connexion Usager/div_MSG_FormatNonRespecte"), 1): Object 'Object Repository/Connexion Usager/div_MSG_FormatNonRespecte' is present

03-01-2024T15:39:57 - [MESSAGE][INFO] - Finding Test Object 'Object Repository/Connexion Usager/div_MSG_FormatNonRespecte'

03-01-2024T15:39:57 - [MESSAGE][INFO] - Checking object

03-01-2024T15:39:57 - [MESSAGE][INFO] - Finding web element from Test Object's properties

03-01-2024T15:39:57 - [MESSAGE][INFO] - Checking timeout

03-01-2024T15:39:57 - [MESSAGE][INFO] - Finding web element with id: 'Object Repository/Connexion Usager/div_MSG_FormatNonRespecte' located by 'By.xpath: //*/app-input[1]/div/div/div[1]/div[2]/div/span[2]' in '1' second(s)

03-01-2024T15:39:57 - [MESSAGE][INFO] - Smart Wait Function is triggered

03-01-2024T15:39:57 - [MESSAGE][INFO] - Found 1 web elements with id: 'Object Repository/Connexion Usager/div_MSG_FormatNonRespecte' located by 'By.xpath: //*/app-input[1]/div/div/div[1]/div[2]/div/span[2]' in '1' second(s)

03-01-2024T15:39:57 - [MESSAGE][PASSED] - Object 'Object Repository/Connexion Usager/div_MSG_FormatNonRespecte' is present

03-01-2024T15:39:57 - [MESSAGE][PASSED] - Call Test Case 'Test Cases/Test Reutilisable/Main/Verif_FormatNewPW' successfully

03-01-2024T15:39:57 - [TEST_STEP][PASSED] - setEncryptedText(findTestObject("Object Repository/Connexion Usager/Input_Password"), Password): Text ****** has been set on object 'Object Repository/Connexion Usager/Input_Password'

03-01-2024T15:39:57 - [MESSAGE][INFO] - Finding Test Object 'Object Repository/Connexion Usager/Input_Password'

03-01-2024T15:39:57 - [MESSAGE][INFO] - Checking timeout

03-01-2024T15:39:57 - [MESSAGE][INFO] - Finding web element with id: 'Object Repository/Connexion Usager/Input_Password' located by 'By.xpath: //*/app-input[1]/div/div/input [@type = 'password']' in '20' second(s)

03-01-2024T15:39:57 - [MESSAGE][INFO] - Smart Wait Function is triggered

03-01-2024T15:39:57 - [MESSAGE][INFO] - Found 1 web elements with id: 'Object Repository/Connexion Usager/Input_Password' located by 'By.xpath: //*/app-input[1]/div/div/input [@type = 'password']' in '20' second(s)

03-01-2024T15:39:57 - [MESSAGE][INFO] - Checking object

03-01-2024T15:39:57 - [MESSAGE][INFO] - Checking text

03-01-2024T15:39:57 - [MESSAGE][INFO] - Finding web element from Test Object's properties

03-01-2024T15:39:57 - [MESSAGE][INFO] - Checking timeout

03-01-2024T15:39:57 - [MESSAGE][INFO] - Finding web element with id: 'Object Repository/Connexion Usager/Input_Password' located by 'By.xpath: //*/app-input[1]/div/div/input [@type = 'password']' in '5' second(s)

03-01-2024T15:39:57 - [MESSAGE][INFO] - Smart Wait Function is triggered

03-01-2024T15:39:57 - [MESSAGE][INFO] - Found 1 web elements with id: 'Object Repository/Connexion Usager/Input_Password' located by 'By.xpath: //*/app-input[1]/div/div/input [@type = 'password']' in '5' second(s)

03-01-2024T15:39:57 - [MESSAGE][INFO] - Clearing text of object 'Object Repository/Connexion Usager/Input_Password'

03-01-2024T15:39:59 - [MESSAGE][INFO] - Setting  text of object 'Object Repository/Connexion Usager/Input_Password' to value ******

03-01-2024T15:40:01 - [MESSAGE][PASSED] - Text ****** has been set on object 'Object Repository/Connexion Usager/Input_Password'

03-01-2024T15:40:01 - [TEST_STEP][PASSED] - setEncryptedText(findTestObject("Object Repository/Connexion Usager/Input_ConfirmePassword"), Password): Text ****** has been set on object 'Object Repository/Connexion Usager/Input_ConfirmePassword'

03-01-2024T15:40:01 - [MESSAGE][INFO] - Finding Test Object 'Object Repository/Connexion Usager/Input_ConfirmePassword'

03-01-2024T15:40:01 - [MESSAGE][INFO] - Checking timeout

03-01-2024T15:40:01 - [MESSAGE][INFO] - Finding web element with id: 'Object Repository/Connexion Usager/Input_ConfirmePassword' located by 'By.xpath: //*/app-input[2]/div/div/input [@type = 'password']' in '20' second(s)

03-01-2024T15:40:01 - [MESSAGE][INFO] - Smart Wait Function is triggered

03-01-2024T15:40:01 - [MESSAGE][INFO] - Found 1 web elements with id: 'Object Repository/Connexion Usager/Input_ConfirmePassword' located by 'By.xpath: //*/app-input[2]/div/div/input [@type = 'password']' in '20' second(s)

03-01-2024T15:40:01 - [MESSAGE][INFO] - Checking object

03-01-2024T15:40:01 - [MESSAGE][INFO] - Checking text

03-01-2024T15:40:01 - [MESSAGE][INFO] - Finding web element from Test Object's properties

03-01-2024T15:40:01 - [MESSAGE][INFO] - Checking timeout

03-01-2024T15:40:01 - [MESSAGE][INFO] - Finding web element with id: 'Object Repository/Connexion Usager/Input_ConfirmePassword' located by 'By.xpath: //*/app-input[2]/div/div/input [@type = 'password']' in '5' second(s)

03-01-2024T15:40:01 - [MESSAGE][INFO] - Smart Wait Function is triggered

03-01-2024T15:40:01 - [MESSAGE][INFO] - Found 1 web elements with id: 'Object Repository/Connexion Usager/Input_ConfirmePassword' located by 'By.xpath: //*/app-input[2]/div/div/input [@type = 'password']' in '5' second(s)

03-01-2024T15:40:01 - [MESSAGE][INFO] - Clearing text of object 'Object Repository/Connexion Usager/Input_ConfirmePassword'

03-01-2024T15:40:03 - [MESSAGE][INFO] - Setting  text of object 'Object Repository/Connexion Usager/Input_ConfirmePassword' to value ******

03-01-2024T15:40:06 - [MESSAGE][PASSED] - Text ****** has been set on object 'Object Repository/Connexion Usager/Input_ConfirmePassword'

03-01-2024T15:40:06 - [TEST_STEP][PASSED] - click(findTestObject("Object Repository/Connexion Usager/btn_CreerMDP")): Object: 'Object Repository/Connexion Usager/btn_CreerMDP' is clicked on

03-01-2024T15:40:06 - [MESSAGE][INFO] - Finding Test Object 'Object Repository/Connexion Usager/btn_CreerMDP'

03-01-2024T15:40:06 - [MESSAGE][INFO] - Checking timeout

03-01-2024T15:40:06 - [MESSAGE][INFO] - Finding web element with id: 'Object Repository/Connexion Usager/btn_CreerMDP' located by 'By.xpath: //*/div/p-button/button [@type= 'button']' in '20' second(s)

03-01-2024T15:40:06 - [MESSAGE][INFO] - Smart Wait Function is triggered

03-01-2024T15:40:06 - [MESSAGE][INFO] - Found 1 web elements with id: 'Object Repository/Connexion Usager/btn_CreerMDP' located by 'By.xpath: //*/div/p-button/button [@type= 'button']' in '20' second(s)

03-01-2024T15:40:06 - [MESSAGE][INFO] - Checking object

03-01-2024T15:40:06 - [MESSAGE][INFO] - Checking timeout

03-01-2024T15:40:06 - [MESSAGE][INFO] - Finding web element from Test Object's properties

03-01-2024T15:40:06 - [MESSAGE][INFO] - Checking timeout

03-01-2024T15:40:06 - [MESSAGE][INFO] - Finding web element with id: 'Object Repository/Connexion Usager/btn_CreerMDP' located by 'By.xpath: //*/div/p-button/button [@type= 'button']' in '5' second(s)

03-01-2024T15:40:06 - [MESSAGE][INFO] - Smart Wait Function is triggered

03-01-2024T15:40:06 - [MESSAGE][INFO] - Found 1 web elements with id: 'Object Repository/Connexion Usager/btn_CreerMDP' located by 'By.xpath: //*/div/p-button/button [@type= 'button']' in '5' second(s)

03-01-2024T15:40:06 - [MESSAGE][INFO] - Clicking on object: 'Object Repository/Connexion Usager/btn_CreerMDP'

03-01-2024T15:40:08 - [MESSAGE][PASSED] - Object: 'Object Repository/Connexion Usager/btn_CreerMDP' is clicked on

03-01-2024T15:40:08 - [TEST_STEP][PASSED] - click(findTestObject("Object Repository/Connexion Usager/btn_span_RetourAccueil")): Object: 'Object Repository/Connexion Usager/btn_span_RetourAccueil' is clicked on

03-01-2024T15:40:08 - [MESSAGE][INFO] - Finding Test Object 'Object Repository/Connexion Usager/btn_span_RetourAccueil'

03-01-2024T15:40:08 - [MESSAGE][INFO] - Checking timeout

03-01-2024T15:40:08 - [MESSAGE][INFO] - Finding web element with id: 'Object Repository/Connexion Usager/btn_span_RetourAccueil' located by 'By.xpath: (.//*[normalize-space(text()) and normalize-space(.)='CRÉATION DE COMPTE'])[1]/following::span[2]' in '20' second(s)

03-01-2024T15:40:08 - [MESSAGE][INFO] - Smart Wait Function is triggered

03-01-2024T15:40:08 - [MESSAGE][INFO] - Smart Wait Function is triggered

03-01-2024T15:40:08 - [MESSAGE][INFO] - Smart Wait Function is triggered

03-01-2024T15:40:08 - [MESSAGE][INFO] - Smart Wait Function is triggered

03-01-2024T15:40:08 - [MESSAGE][INFO] - Smart Wait Function is triggered

03-01-2024T15:40:08 - [MESSAGE][INFO] - Smart Wait Function is triggered

03-01-2024T15:40:08 - [MESSAGE][INFO] - Smart Wait Function is triggered

03-01-2024T15:40:08 - [MESSAGE][INFO] - Smart Wait Function is triggered

03-01-2024T15:40:08 - [MESSAGE][INFO] - Smart Wait Function is triggered

03-01-2024T15:40:08 - [MESSAGE][INFO] - Smart Wait Function is triggered

03-01-2024T15:40:08 - [MESSAGE][INFO] - Smart Wait Function is triggered

03-01-2024T15:40:08 - [MESSAGE][INFO] - Smart Wait Function is triggered

03-01-2024T15:40:08 - [MESSAGE][INFO] - Smart Wait Function is triggered

03-01-2024T15:40:08 - [MESSAGE][INFO] - Smart Wait Function is triggered

03-01-2024T15:40:08 - [MESSAGE][INFO] - Smart Wait Function is triggered

03-01-2024T15:40:08 - [MESSAGE][INFO] - Smart Wait Function is triggered

03-01-2024T15:40:08 - [MESSAGE][INFO] - Smart Wait Function is triggered

03-01-2024T15:40:08 - [MESSAGE][INFO] - Smart Wait Function is triggered

03-01-2024T15:40:08 - [MESSAGE][INFO] - Smart Wait Function is triggered

03-01-2024T15:40:08 - [MESSAGE][INFO] - Smart Wait Function is triggered

03-01-2024T15:40:08 - [MESSAGE][INFO] - Smart Wait Function is triggered

03-01-2024T15:40:08 - [MESSAGE][INFO] - Smart Wait Function is triggered

03-01-2024T15:40:08 - [MESSAGE][INFO] - Smart Wait Function is triggered

03-01-2024T15:40:08 - [MESSAGE][INFO] - Smart Wait Function is triggered

03-01-2024T15:40:08 - [MESSAGE][INFO] - Smart Wait Function is triggered

03-01-2024T15:40:08 - [MESSAGE][INFO] - Smart Wait Function is triggered

03-01-2024T15:40:08 - [MESSAGE][INFO] - Smart Wait Function is triggered

03-01-2024T15:40:09 - [MESSAGE][INFO] - Smart Wait Function is triggered

03-01-2024T15:40:09 - [MESSAGE][INFO] - Smart Wait Function is triggered

03-01-2024T15:40:09 - [MESSAGE][INFO] - Smart Wait Function is triggered

03-01-2024T15:40:09 - [MESSAGE][INFO] - Smart Wait Function is triggered

03-01-2024T15:40:09 - [MESSAGE][INFO] - Smart Wait Function is triggered

03-01-2024T15:40:09 - [MESSAGE][INFO] - Smart Wait Function is triggered

03-01-2024T15:40:09 - [MESSAGE][INFO] - Smart Wait Function is triggered

03-01-2024T15:40:09 - [MESSAGE][INFO] - Smart Wait Function is triggered

03-01-2024T15:40:09 - [MESSAGE][INFO] - Smart Wait Function is triggered

03-01-2024T15:40:09 - [MESSAGE][INFO] - Smart Wait Function is triggered

03-01-2024T15:40:09 - [MESSAGE][INFO] - Smart Wait Function is triggered

03-01-2024T15:40:09 - [MESSAGE][INFO] - Smart Wait Function is triggered

03-01-2024T15:40:09 - [MESSAGE][INFO] - Smart Wait Function is triggered

03-01-2024T15:40:09 - [MESSAGE][INFO] - Smart Wait Function is triggered

03-01-2024T15:40:09 - [MESSAGE][INFO] - Smart Wait Function is triggered

03-01-2024T15:40:09 - [MESSAGE][INFO] - Smart Wait Function is triggered

03-01-2024T15:40:09 - [MESSAGE][INFO] - Smart Wait Function is triggered

03-01-2024T15:40:09 - [MESSAGE][INFO] - Smart Wait Function is triggered

03-01-2024T15:40:09 - [MESSAGE][INFO] - Smart Wait Function is triggered

03-01-2024T15:40:09 - [MESSAGE][INFO] - Smart Wait Function is triggered

03-01-2024T15:40:09 - [MESSAGE][INFO] - Smart Wait Function is triggered

03-01-2024T15:40:09 - [MESSAGE][INFO] - Smart Wait Function is triggered

03-01-2024T15:40:09 - [MESSAGE][INFO] - Smart Wait Function is triggered

03-01-2024T15:40:09 - [MESSAGE][INFO] - Smart Wait Function is triggered

03-01-2024T15:40:09 - [MESSAGE][INFO] - Smart Wait Function is triggered

03-01-2024T15:40:09 - [MESSAGE][INFO] - Smart Wait Function is triggered

03-01-2024T15:40:09 - [MESSAGE][INFO] - Found 1 web elements with id: 'Object Repository/Connexion Usager/btn_span_RetourAccueil' located by 'By.xpath: (.//*[normalize-space(text()) and normalize-space(.)='CRÉATION DE COMPTE'])[1]/following::span[2]' in '20' second(s)

03-01-2024T15:40:09 - [MESSAGE][INFO] - Checking object

03-01-2024T15:40:09 - [MESSAGE][INFO] - Checking timeout

03-01-2024T15:40:09 - [MESSAGE][INFO] - Finding web element from Test Object's properties

03-01-2024T15:40:09 - [MESSAGE][INFO] - Checking timeout

03-01-2024T15:40:09 - [MESSAGE][INFO] - Finding web element with id: 'Object Repository/Connexion Usager/btn_span_RetourAccueil' located by 'By.xpath: (.//*[normalize-space(text()) and normalize-space(.)='CRÉATION DE COMPTE'])[1]/following::span[2]' in '5' second(s)

03-01-2024T15:40:09 - [MESSAGE][INFO] - Smart Wait Function is triggered

03-01-2024T15:40:09 - [MESSAGE][INFO] - Found 1 web elements with id: 'Object Repository/Connexion Usager/btn_span_RetourAccueil' located by 'By.xpath: (.//*[normalize-space(text()) and normalize-space(.)='CRÉATION DE COMPTE'])[1]/following::span[2]' in '5' second(s)

03-01-2024T15:40:09 - [MESSAGE][INFO] - Clicking on object: 'Object Repository/Connexion Usager/btn_span_RetourAccueil'

03-01-2024T15:40:11 - [MESSAGE][PASSED] - Object: 'Object Repository/Connexion Usager/btn_span_RetourAccueil' is clicked on

03-01-2024T15:40:11 - [TEST_STEP][PASSED] - waitForPageLoad(5): Wait for page load successfully

03-01-2024T15:40:11 - [MESSAGE][INFO] - Checking timeout

03-01-2024T15:40:11 - [MESSAGE][PASSED] - Wait for page load successfully

03-01-2024T15:40:11 - [MESSAGE][PASSED] - Call Test Case 'Test Cases/Test Reutilisable/Main/Creer Votre Compte' successfully

03-01-2024T15:40:11 - [TEST_STEP][FAILED] - if (StopTestCase == false): Unable to call Test Case 'Test Cases/Test Reutilisable/DemandeOuRenouvelle_TitreSejour/FormulaireMotifDeLaDemande' (Root cause: com.kms.katalon.core.exception.StepFailedException: Call Test Case 'Test Cases/Test Reutilisable/DemandeOuRenouvelle_TitreSejour/FormulaireMotifDeLaDemande' failed
	at com.kms.katalon.core.keyword.builtin.CallTestCaseKeyword$_callTestCase_closure1.doCall(CallTestCaseKeyword.groovy:63)
	at com.kms.katalon.core.keyword.builtin.CallTestCaseKeyword$_callTestCase_closure1.call(CallTestCaseKeyword.groovy)
	at com.kms.katalon.core.keyword.internal.KeywordMain.runKeyword(KeywordMain.groovy:75)
	at com.kms.katalon.core.keyword.builtin.CallTestCaseKeyword.callTestCase(CallTestCaseKeyword.groovy:81)
	at com.kms.katalon.core.keyword.builtin.CallTestCaseKeyword.execute(CallTestCaseKeyword.groovy:44)
	at com.kms.katalon.core.keyword.internal.KeywordExecutor.executeKeywordForPlatform(KeywordExecutor.groovy:74)
	at com.kms.katalon.core.keyword.BuiltinKeywords.callTestCase(BuiltinKeywords.groovy:310)
	at java.base/jdk.internal.reflect.NativeMethodAccessorImpl.invoke0(Native Method)
	at java.base/jdk.internal.reflect.NativeMethodAccessorImpl.invoke(NativeMethodAccessorImpl.java:77)
	at java.base/jdk.internal.reflect.DelegatingMethodAccessorImpl.invoke(DelegatingMethodAccessorImpl.java:43)
	at com.kazurayam.ksbackyard.HighlightElement$_pandemic_closure1.doCall(HighlightElement.groovy:105)
	at jdk.internal.reflect.GeneratedMethodAccessor5.invoke(Unknown Source)
	at java.base/jdk.internal.reflect.DelegatingMethodAccessorImpl.invoke(DelegatingMethodAccessorImpl.java:43)
	at TNR R.TSPT Supp90-Visiteur.run(TNR R.TSPT Supp90-Visiteur:52)
	at com.kms.katalon.core.main.ScriptEngine.run(ScriptEngine.java:194)
	at com.kms.katalon.core.main.ScriptEngine.runScriptAsRawText(ScriptEngine.java:119)
	at com.kms.katalon.core.main.TestCaseExecutor.runScript(TestCaseExecutor.java:448)
	at com.kms.katalon.core.main.TestCaseExecutor.doExecute(TestCaseExecutor.java:439)
	at com.kms.katalon.core.main.TestCaseExecutor.processExecutionPhase(TestCaseExecutor.java:418)
	at com.kms.katalon.core.main.TestCaseExecutor.accessMainPhase(TestCaseExecutor.java:410)
	at com.kms.katalon.core.main.TestCaseExecutor.execute(TestCaseExecutor.java:285)
	at com.kms.katalon.core.common.CommonExecutor.accessTestCaseMainPhase(CommonExecutor.java:65)
	at com.kms.katalon.core.main.TestSuiteExecutor.accessTestSuiteMainPhase(TestSuiteExecutor.java:148)
	at com.kms.katalon.core.main.TestSuiteExecutor.execute(TestSuiteExecutor.java:106)
	at com.kms.katalon.core.main.TestCaseMain.startTestSuite(TestCaseMain.java:180)
	at TempTestSuite1704292590673.run(TempTestSuite1704292590673.groovy:36)
	at java.base/jdk.internal.reflect.NativeMethodAccessorImpl.invoke0(Native Method)
	at java.base/jdk.internal.reflect.NativeMethodAccessorImpl.invoke(NativeMethodAccessorImpl.java:77)
	at java.base/jdk.internal.reflect.DelegatingMethodAccessorImpl.invoke(DelegatingMethodAccessorImpl.java:43)
Caused by: com.kms.katalon.core.exception.StepFailedException: Unable to check object 'Object Repository/Page_MotifDeLaDemande_Usager/CheckBox_JetaisEtudiantEnFrance_Non'
	at com.kms.katalon.core.webui.keyword.internal.WebUIKeywordMain.stepFailed(WebUIKeywordMain.groovy:64)
	at com.kms.katalon.core.webui.keyword.internal.WebUIKeywordMain.runKeyword(WebUIKeywordMain.groovy:26)
	at com.kms.katalon.core.webui.keyword.builtin.CheckKeyword.check(CheckKeyword.groovy:88)
	at com.kms.katalon.core.webui.keyword.builtin.CheckKeyword.execute(CheckKeyword.groovy:67)
	at com.kms.katalon.core.keyword.internal.KeywordExecutor.executeKeywordForPlatform(KeywordExecutor.groovy:74)
	at com.kms.katalon.core.webui.keyword.WebUiBuiltInKeywords.check(WebUiBuiltInKeywords.groovy:1108)
	at java.base/jdk.internal.reflect.NativeMethodAccessorImpl.invoke0(Native Method)
	at java.base/jdk.internal.reflect.NativeMethodAccessorImpl.invoke(NativeMethodAccessorImpl.java:77)
	at java.base/jdk.internal.reflect.DelegatingMethodAccessorImpl.invoke(DelegatingMethodAccessorImpl.java:43)
	at com.kazurayam.ksbackyard.HighlightElement$_pandemic_closure1.doCall(HighlightElement.groovy:105)
	at jdk.internal.reflect.GeneratedMethodAccessor5.invoke(Unknown Source)
	at java.base/jdk.internal.reflect.DelegatingMethodAccessorImpl.invoke(DelegatingMethodAccessorImpl.java:43)
	at FormulaireMotifDeLaDemande.run(FormulaireMotifDeLaDemande:53)
	at com.kms.katalon.core.main.ScriptEngine.run(ScriptEngine.java:194)
	at com.kms.katalon.core.main.ScriptEngine.runScriptAsRawText(ScriptEngine.java:119)
	at com.kms.katalon.core.main.TestCaseExecutor.runScript(TestCaseExecutor.java:448)
	at com.kms.katalon.core.main.TestCaseExecutor.doExecute(TestCaseExecutor.java:439)
	at com.kms.katalon.core.main.TestCaseExecutor.processExecutionPhase(TestCaseExecutor.java:418)
	at com.kms.katalon.core.main.TestCaseExecutor.accessMainPhase(TestCaseExecutor.java:410)
	at com.kms.katalon.core.main.TestCaseExecutor.execute(TestCaseExecutor.java:285)
	at com.kms.katalon.core.main.TestCaseMain.runTestCase(TestCaseMain.java:137)
	at com.kms.katalon.core.keyword.builtin.CallTestCaseKeyword$_callTestCase_closure1.doCall(CallTestCaseKeyword.groovy:59)
	... 28 more
Caused by: org.openqa.selenium.ElementNotInteractableException: element not interactable
  (Session info: chrome=120.0.6099.130)
Build info: version: '3.141.59', revision: 'e82be7d358', time: '2018-11-14T08:25:53'
System info: host: 'FR-L5448059', ip: '192.168.1.134', os.name: 'Windows 10', os.arch: 'amd64', os.version: '10.0', java.version: '17.0.7'
Driver info: com.kms.katalon.selenium.driver.CChromeDriver
Capabilities {acceptInsecureCerts: false, browserName: chrome, browserVersion: 120.0.6099.130, chrome: {chromedriverVersion: 119.0.6045.105 (38c72552c5e..., userDataDir: C:\Users\ISSAM~1.RHA\AppDat...}, fedcm:accounts: true, goog:chromeOptions: {debuggerAddress: localhost:58698}, javascriptEnabled: true, networkConnectionEnabled: false, pageLoadStrategy: normal, platform: WINDOWS, platformName: WINDOWS, proxy: Proxy(), setWindowRect: true, strictFileInteractability: false, timeouts: {implicit: 0, pageLoad: 300000, script: 30000}, unhandledPromptBehavior: dismiss and notify, webauthn:extension:credBlob: true, webauthn:extension:largeBlob: true, webauthn:extension:minPinLength: true, webauthn:extension:prf: true, webauthn:virtualAuthenticators: true}
Session ID: 91d4e1aa0044b5ae8a5acd228946fbfd
	at java.base/jdk.internal.reflect.NativeConstructorAccessorImpl.newInstance0(Native Method)
	at java.base/jdk.internal.reflect.NativeConstructorAccessorImpl.newInstance(NativeConstructorAccessorImpl.java:77)
	at java.base/jdk.internal.reflect.DelegatingConstructorAccessorImpl.newInstance(DelegatingConstructorAccessorImpl.java:45)
	at org.openqa.selenium.remote.http.W3CHttpResponseCodec.createException(W3CHttpResponseCodec.java:187)
	at org.openqa.selenium.remote.http.W3CHttpResponseCodec.decode(W3CHttpResponseCodec.java:122)
	at org.openqa.selenium.remote.http.W3CHttpResponseCodec.decode(W3CHttpResponseCodec.java:49)
	at org.openqa.selenium.remote.HttpCommandExecutor.execute(HttpCommandExecutor.java:158)
	at org.openqa.selenium.remote.service.DriverCommandExecutor.execute(DriverCommandExecutor.java:83)
	at org.openqa.selenium.remote.RemoteWebDriver.execute(RemoteWebDriver.java:552)
	at com.kms.katalon.selenium.driver.CChromeDriver.execute(CChromeDriver.java:19)
	at org.openqa.selenium.remote.RemoteWebElement.execute(RemoteWebElement.java:285)
	at org.openqa.selenium.remote.RemoteWebElement.click(RemoteWebElement.java:84)
	at jdk.internal.reflect.GeneratedMethodAccessor26.invoke(Unknown Source)
	at java.base/jdk.internal.reflect.DelegatingMethodAccessorImpl.invoke(DelegatingMethodAccessorImpl.java:43)
	at org.openqa.selenium.support.events.EventFiringWebDriver$EventFiringWebElement.lambda$new$0(EventFiringWebDriver.java:404)
	at jdk.proxy2/jdk.proxy2.$Proxy25.click(Unknown Source)
	at org.openqa.selenium.support.events.EventFiringWebDriver$EventFiringWebElement.click(EventFiringWebDriver.java:417)
	at com.kms.katalon.core.webui.keyword.builtin.CheckKeyword$_check_closure1.doCall(CheckKeyword.groovy:80)
	at com.kms.katalon.core.webui.keyword.builtin.CheckKeyword$_check_closure1.call(CheckKeyword.groovy)
	at com.kms.katalon.core.webui.keyword.internal.WebUIKeywordMain.runKeyword(WebUIKeywordMain.groovy:20)
	... 48 more
)

03-01-2024T15:40:11 - [TEST_STEP][PASSED] - callTestCase(findTestCase("Test Reutilisable/Main/Identification"), ["Profiles":"Usager", "NumEtrangerVisa":NumEtrangerVisa, "EnvExec":"EnvExec"], STOP_ON_FAILURE): Call Test Case 'Test Cases/Test Reutilisable/Main/Identification' successfully

03-01-2024T15:40:11 - [MESSAGE][INFO] - Checking called Test Case

03-01-2024T15:40:11 - [MESSAGE][INFO] - Starting to call Test Case 'Test Cases/Test Reutilisable/Main/Identification'

03-01-2024T15:40:11 - [TEST_CASE][PASSED] - Test Cases/Test Reutilisable/Main/Identification: Test Cases/Test Reutilisable/Main/Identification

03-01-2024T15:40:12 - [TEST_STEP][PASSED] - if (Profiles == "Usager"): Object 'Object Repository/Page_Accueil_Usager/Span_MesNotifications' is present

03-01-2024T15:40:12 - [TEST_STEP][PASSED] - delay(5): Delayed 5 second(s)

03-01-2024T15:40:12 - [MESSAGE][INFO] - Delaying browser in 5 second(s)

03-01-2024T15:40:17 - [MESSAGE][PASSED] - Delayed 5 second(s)

03-01-2024T15:40:17 - [TEST_STEP][PASSED] - click(findTestObject("Object Repository/Connexion Usager/Link_Se Connecter")): Object: 'Object Repository/Connexion Usager/Link_Se Connecter' is clicked on

03-01-2024T15:40:17 - [MESSAGE][INFO] - Finding Test Object 'Object Repository/Connexion Usager/Link_Se Connecter'

03-01-2024T15:40:17 - [MESSAGE][INFO] - Checking timeout

03-01-2024T15:40:17 - [MESSAGE][INFO] - Finding web element with id: 'Object Repository/Connexion Usager/Link_Se Connecter' located by 'By.xpath: //*[@id="connexion_link"]' in '20' second(s)

03-01-2024T15:40:17 - [MESSAGE][INFO] - Smart Wait Function is triggered

03-01-2024T15:40:17 - [MESSAGE][INFO] - Found 1 web elements with id: 'Object Repository/Connexion Usager/Link_Se Connecter' located by 'By.xpath: //*[@id="connexion_link"]' in '20' second(s)

03-01-2024T15:40:17 - [MESSAGE][INFO] - Checking object

03-01-2024T15:40:17 - [MESSAGE][INFO] - Checking timeout

03-01-2024T15:40:17 - [MESSAGE][INFO] - Finding web element from Test Object's properties

03-01-2024T15:40:17 - [MESSAGE][INFO] - Checking timeout

03-01-2024T15:40:17 - [MESSAGE][INFO] - Finding web element with id: 'Object Repository/Connexion Usager/Link_Se Connecter' located by 'By.xpath: //*[@id="connexion_link"]' in '5' second(s)

03-01-2024T15:40:17 - [MESSAGE][INFO] - Smart Wait Function is triggered

03-01-2024T15:40:17 - [MESSAGE][INFO] - Found 1 web elements with id: 'Object Repository/Connexion Usager/Link_Se Connecter' located by 'By.xpath: //*[@id="connexion_link"]' in '5' second(s)

03-01-2024T15:40:17 - [MESSAGE][INFO] - Clicking on object: 'Object Repository/Connexion Usager/Link_Se Connecter'

03-01-2024T15:40:20 - [MESSAGE][PASSED] - Object: 'Object Repository/Connexion Usager/Link_Se Connecter' is clicked on

03-01-2024T15:40:20 - [TEST_STEP][PASSED] - callTestCase(findTestCase("Test Reutilisable/Main/Erreur lie a la confidentialite"), [:], STOP_ON_FAILURE): Call Test Case 'Test Cases/Test Reutilisable/Main/Erreur lie a la confidentialite' successfully

03-01-2024T15:40:20 - [MESSAGE][INFO] - Checking called Test Case

03-01-2024T15:40:20 - [MESSAGE][INFO] - Starting to call Test Case 'Test Cases/Test Reutilisable/Main/Erreur lie a la confidentialite'

03-01-2024T15:40:21 - [TEST_CASE][PASSED] - Test Cases/Test Reutilisable/Main/Erreur lie a la confidentialite: Test Cases/Test Reutilisable/Main/Erreur lie a la confidentialite

03-01-2024T15:40:21 - [TEST_STEP][PASSED] - tools.WaitForLoadedPage.waitForElementRendering(): tools.WaitForLoadedPage.waitForElementRendering is PASSED

03-01-2024T15:40:21 - [MESSAGE][PASSED] - tools.WaitForLoadedPage.waitForElementRendering is PASSED

03-01-2024T15:40:21 - [TEST_STEP][PASSED] - "Call Highlight.on() automatically": null

03-01-2024T15:40:21 - [TEST_STEP][PASSED] - DriverName = DriverName: null

03-01-2024T15:40:21 - [TEST_STEP][PASSED] - if (DriverName == "CHROME_DRIVER" || "EDGE_CHROMIUM_DRIVER" || "HEADLESS_DRIVER"): com.kms.katalon.core.webui.exception.WebElementNotFoundException: Web element with id: 'Object Repository/Connexion Usager/Btn_Parametres Avances' located by '//*[@id="details-button"]' not found (Root cause: com.kms.katalon.core.exception.StepFailedException: com.kms.katalon.core.webui.exception.WebElementNotFoundException: Web element with id: 'Object Repository/Connexion Usager/Btn_Parametres Avances' located by '//*[@id="details-button"]' not found
	at com.kms.katalon.core.webui.keyword.internal.WebUIKeywordMain.stepFailed(WebUIKeywordMain.groovy:64)
	at com.kms.katalon.core.webui.keyword.builtin.VerifyElementPresentKeyword$_verifyElementPresent_closure1.doCall(VerifyElementPresentKeyword.groovy:85)
	at com.kms.katalon.core.webui.keyword.builtin.VerifyElementPresentKeyword$_verifyElementPresent_closure1.call(VerifyElementPresentKeyword.groovy)
	at com.kms.katalon.core.webui.keyword.internal.WebUIKeywordMain.runKeyword(WebUIKeywordMain.groovy:20)
	at com.kms.katalon.core.webui.keyword.builtin.VerifyElementPresentKeyword.verifyElementPresent(VerifyElementPresentKeyword.groovy:92)
	at com.kms.katalon.core.webui.keyword.builtin.VerifyElementPresentKeyword.execute(VerifyElementPresentKeyword.groovy:68)
	at com.kms.katalon.core.keyword.internal.KeywordExecutor.executeKeywordForPlatform(KeywordExecutor.groovy:74)
	at com.kms.katalon.core.webui.keyword.WebUiBuiltInKeywords.verifyElementPresent(WebUiBuiltInKeywords.groovy:1487)
	at java.base/jdk.internal.reflect.NativeMethodAccessorImpl.invoke0(Native Method)
	at java.base/jdk.internal.reflect.NativeMethodAccessorImpl.invoke(NativeMethodAccessorImpl.java:77)
	at java.base/jdk.internal.reflect.DelegatingMethodAccessorImpl.invoke(DelegatingMethodAccessorImpl.java:43)
	at com.kazurayam.ksbackyard.HighlightElement$_pandemic_closure1.doCall(HighlightElement.groovy:105)
	at jdk.internal.reflect.GeneratedMethodAccessor5.invoke(Unknown Source)
	at java.base/jdk.internal.reflect.DelegatingMethodAccessorImpl.invoke(DelegatingMethodAccessorImpl.java:43)
	at Erreur lie a la confidentialite.run(Erreur lie a la confidentialite:43)
	at com.kms.katalon.core.main.ScriptEngine.run(ScriptEngine.java:194)
	at com.kms.katalon.core.main.ScriptEngine.runScriptAsRawText(ScriptEngine.java:119)
	at com.kms.katalon.core.main.TestCaseExecutor.runScript(TestCaseExecutor.java:448)
	at com.kms.katalon.core.main.TestCaseExecutor.doExecute(TestCaseExecutor.java:439)
	at com.kms.katalon.core.main.TestCaseExecutor.processExecutionPhase(TestCaseExecutor.java:418)
	at com.kms.katalon.core.main.TestCaseExecutor.accessMainPhase(TestCaseExecutor.java:410)
	at com.kms.katalon.core.main.TestCaseExecutor.execute(TestCaseExecutor.java:285)
	at com.kms.katalon.core.main.TestCaseMain.runTestCase(TestCaseMain.java:137)
	at com.kms.katalon.core.keyword.builtin.CallTestCaseKeyword$_callTestCase_closure1.doCall(CallTestCaseKeyword.groovy:59)
	at com.kms.katalon.core.keyword.builtin.CallTestCaseKeyword$_callTestCase_closure1.call(CallTestCaseKeyword.groovy)
	at com.kms.katalon.core.keyword.internal.KeywordMain.runKeyword(KeywordMain.groovy:75)
	at com.kms.katalon.core.keyword.builtin.CallTestCaseKeyword.callTestCase(CallTestCaseKeyword.groovy:81)
	at com.kms.katalon.core.keyword.builtin.CallTestCaseKeyword.execute(CallTestCaseKeyword.groovy:44)
	at com.kms.katalon.core.keyword.internal.KeywordExecutor.executeKeywordForPlatform(KeywordExecutor.groovy:74)
	at com.kms.katalon.core.keyword.BuiltinKeywords.callTestCase(BuiltinKeywords.groovy:310)
	at java.base/jdk.internal.reflect.NativeMethodAccessorImpl.invoke0(Native Method)
	at java.base/jdk.internal.reflect.NativeMethodAccessorImpl.invoke(NativeMethodAccessorImpl.java:77)
	at java.base/jdk.internal.reflect.DelegatingMethodAccessorImpl.invoke(DelegatingMethodAccessorImpl.java:43)
	at com.kazurayam.ksbackyard.HighlightElement$_pandemic_closure1.doCall(HighlightElement.groovy:105)
	at jdk.internal.reflect.GeneratedMethodAccessor5.invoke(Unknown Source)
	at java.base/jdk.internal.reflect.DelegatingMethodAccessorImpl.invoke(DelegatingMethodAccessorImpl.java:43)
	at Identification.run(Identification:35)
	at com.kms.katalon.core.main.ScriptEngine.run(ScriptEngine.java:194)
	at com.kms.katalon.core.main.ScriptEngine.runScriptAsRawText(ScriptEngine.java:119)
	at com.kms.katalon.core.main.TestCaseExecutor.runScript(TestCaseExecutor.java:448)
	at com.kms.katalon.core.main.TestCaseExecutor.doExecute(TestCaseExecutor.java:439)
	at com.kms.katalon.core.main.TestCaseExecutor.processExecutionPhase(TestCaseExecutor.java:418)
	at com.kms.katalon.core.main.TestCaseExecutor.accessMainPhase(TestCaseExecutor.java:410)
	at com.kms.katalon.core.main.TestCaseExecutor.execute(TestCaseExecutor.java:285)
	at com.kms.katalon.core.main.TestCaseMain.runTestCase(TestCaseMain.java:137)
	at com.kms.katalon.core.keyword.builtin.CallTestCaseKeyword$_callTestCase_closure1.doCall(CallTestCaseKeyword.groovy:59)
	at com.kms.katalon.core.keyword.builtin.CallTestCaseKeyword$_callTestCase_closure1.call(CallTestCaseKeyword.groovy)
	at com.kms.katalon.core.keyword.internal.KeywordMain.runKeyword(KeywordMain.groovy:75)
	at com.kms.katalon.core.keyword.builtin.CallTestCaseKeyword.callTestCase(CallTestCaseKeyword.groovy:81)
	at com.kms.katalon.core.keyword.builtin.CallTestCaseKeyword.execute(CallTestCaseKeyword.groovy:44)
	at com.kms.katalon.core.keyword.internal.KeywordExecutor.executeKeywordForPlatform(KeywordExecutor.groovy:74)
	at com.kms.katalon.core.keyword.BuiltinKeywords.callTestCase(BuiltinKeywords.groovy:310)
	at java.base/jdk.internal.reflect.NativeMethodAccessorImpl.invoke0(Native Method)
	at java.base/jdk.internal.reflect.NativeMethodAccessorImpl.invoke(NativeMethodAccessorImpl.java:77)
	at java.base/jdk.internal.reflect.DelegatingMethodAccessorImpl.invoke(DelegatingMethodAccessorImpl.java:43)
	at com.kazurayam.ksbackyard.HighlightElement$_pandemic_closure1.doCall(HighlightElement.groovy:105)
	at jdk.internal.reflect.GeneratedMethodAccessor5.invoke(Unknown Source)
	at java.base/jdk.internal.reflect.DelegatingMethodAccessorImpl.invoke(DelegatingMethodAccessorImpl.java:43)
	at TNR R.TSPT Supp90-Visiteur.run(TNR R.TSPT Supp90-Visiteur:35)
	at com.kms.katalon.core.main.ScriptEngine.run(ScriptEngine.java:194)
	at com.kms.katalon.core.main.ScriptEngine.runScriptAsRawText(ScriptEngine.java:119)
	at com.kms.katalon.core.main.TestCaseExecutor.runScript(TestCaseExecutor.java:448)
	at com.kms.katalon.core.main.TestCaseExecutor.doExecute(TestCaseExecutor.java:439)
	at com.kms.katalon.core.main.TestCaseExecutor.processExecutionPhase(TestCaseExecutor.java:418)
	at com.kms.katalon.core.main.TestCaseExecutor.accessMainPhase(TestCaseExecutor.java:410)
	at com.kms.katalon.core.main.TestCaseExecutor.execute(TestCaseExecutor.java:285)
	at com.kms.katalon.core.common.CommonExecutor.accessTestCaseMainPhase(CommonExecutor.java:65)
	at com.kms.katalon.core.main.TestSuiteExecutor.accessTestSuiteMainPhase(TestSuiteExecutor.java:148)
	at com.kms.katalon.core.main.TestSuiteExecutor.execute(TestSuiteExecutor.java:106)
	at com.kms.katalon.core.main.TestCaseMain.startTestSuite(TestCaseMain.java:180)
	at TempTestSuite1704292590673.run(TempTestSuite1704292590673.groovy:36)
	at java.base/jdk.internal.reflect.NativeMethodAccessorImpl.invoke0(Native Method)
	at java.base/jdk.internal.reflect.NativeMethodAccessorImpl.invoke(NativeMethodAccessorImpl.java:77)
	at java.base/jdk.internal.reflect.DelegatingMethodAccessorImpl.invoke(DelegatingMethodAccessorImpl.java:43)
)

03-01-2024T15:40:21 - [TEST_STEP][PASSED] - if (verifyElementPresent(findTestObject("Object Repository/Connexion Usager/Btn_Parametres Avances"), 2, OPTIONAL)): com.kms.katalon.core.webui.exception.WebElementNotFoundException: Web element with id: 'Object Repository/Connexion Usager/Btn_Parametres Avances' located by '//*[@id="details-button"]' not found (Root cause: com.kms.katalon.core.exception.StepFailedException: com.kms.katalon.core.webui.exception.WebElementNotFoundException: Web element with id: 'Object Repository/Connexion Usager/Btn_Parametres Avances' located by '//*[@id="details-button"]' not found
	at com.kms.katalon.core.webui.keyword.internal.WebUIKeywordMain.stepFailed(WebUIKeywordMain.groovy:64)
	at com.kms.katalon.core.webui.keyword.builtin.VerifyElementPresentKeyword$_verifyElementPresent_closure1.doCall(VerifyElementPresentKeyword.groovy:85)
	at com.kms.katalon.core.webui.keyword.builtin.VerifyElementPresentKeyword$_verifyElementPresent_closure1.call(VerifyElementPresentKeyword.groovy)
	at com.kms.katalon.core.webui.keyword.internal.WebUIKeywordMain.runKeyword(WebUIKeywordMain.groovy:20)
	at com.kms.katalon.core.webui.keyword.builtin.VerifyElementPresentKeyword.verifyElementPresent(VerifyElementPresentKeyword.groovy:92)
	at com.kms.katalon.core.webui.keyword.builtin.VerifyElementPresentKeyword.execute(VerifyElementPresentKeyword.groovy:68)
	at com.kms.katalon.core.keyword.internal.KeywordExecutor.executeKeywordForPlatform(KeywordExecutor.groovy:74)
	at com.kms.katalon.core.webui.keyword.WebUiBuiltInKeywords.verifyElementPresent(WebUiBuiltInKeywords.groovy:1487)
	at java.base/jdk.internal.reflect.NativeMethodAccessorImpl.invoke0(Native Method)
	at java.base/jdk.internal.reflect.NativeMethodAccessorImpl.invoke(NativeMethodAccessorImpl.java:77)
	at java.base/jdk.internal.reflect.DelegatingMethodAccessorImpl.invoke(DelegatingMethodAccessorImpl.java:43)
	at com.kazurayam.ksbackyard.HighlightElement$_pandemic_closure1.doCall(HighlightElement.groovy:105)
	at jdk.internal.reflect.GeneratedMethodAccessor5.invoke(Unknown Source)
	at java.base/jdk.internal.reflect.DelegatingMethodAccessorImpl.invoke(DelegatingMethodAccessorImpl.java:43)
	at Erreur lie a la confidentialite.run(Erreur lie a la confidentialite:43)
	at com.kms.katalon.core.main.ScriptEngine.run(ScriptEngine.java:194)
	at com.kms.katalon.core.main.ScriptEngine.runScriptAsRawText(ScriptEngine.java:119)
	at com.kms.katalon.core.main.TestCaseExecutor.runScript(TestCaseExecutor.java:448)
	at com.kms.katalon.core.main.TestCaseExecutor.doExecute(TestCaseExecutor.java:439)
	at com.kms.katalon.core.main.TestCaseExecutor.processExecutionPhase(TestCaseExecutor.java:418)
	at com.kms.katalon.core.main.TestCaseExecutor.accessMainPhase(TestCaseExecutor.java:410)
	at com.kms.katalon.core.main.TestCaseExecutor.execute(TestCaseExecutor.java:285)
	at com.kms.katalon.core.main.TestCaseMain.runTestCase(TestCaseMain.java:137)
	at com.kms.katalon.core.keyword.builtin.CallTestCaseKeyword$_callTestCase_closure1.doCall(CallTestCaseKeyword.groovy:59)
	at com.kms.katalon.core.keyword.builtin.CallTestCaseKeyword$_callTestCase_closure1.call(CallTestCaseKeyword.groovy)
	at com.kms.katalon.core.keyword.internal.KeywordMain.runKeyword(KeywordMain.groovy:75)
	at com.kms.katalon.core.keyword.builtin.CallTestCaseKeyword.callTestCase(CallTestCaseKeyword.groovy:81)
	at com.kms.katalon.core.keyword.builtin.CallTestCaseKeyword.execute(CallTestCaseKeyword.groovy:44)
	at com.kms.katalon.core.keyword.internal.KeywordExecutor.executeKeywordForPlatform(KeywordExecutor.groovy:74)
	at com.kms.katalon.core.keyword.BuiltinKeywords.callTestCase(BuiltinKeywords.groovy:310)
	at java.base/jdk.internal.reflect.NativeMethodAccessorImpl.invoke0(Native Method)
	at java.base/jdk.internal.reflect.NativeMethodAccessorImpl.invoke(NativeMethodAccessorImpl.java:77)
	at java.base/jdk.internal.reflect.DelegatingMethodAccessorImpl.invoke(DelegatingMethodAccessorImpl.java:43)
	at com.kazurayam.ksbackyard.HighlightElement$_pandemic_closure1.doCall(HighlightElement.groovy:105)
	at jdk.internal.reflect.GeneratedMethodAccessor5.invoke(Unknown Source)
	at java.base/jdk.internal.reflect.DelegatingMethodAccessorImpl.invoke(DelegatingMethodAccessorImpl.java:43)
	at Identification.run(Identification:35)
	at com.kms.katalon.core.main.ScriptEngine.run(ScriptEngine.java:194)
	at com.kms.katalon.core.main.ScriptEngine.runScriptAsRawText(ScriptEngine.java:119)
	at com.kms.katalon.core.main.TestCaseExecutor.runScript(TestCaseExecutor.java:448)
	at com.kms.katalon.core.main.TestCaseExecutor.doExecute(TestCaseExecutor.java:439)
	at com.kms.katalon.core.main.TestCaseExecutor.processExecutionPhase(TestCaseExecutor.java:418)
	at com.kms.katalon.core.main.TestCaseExecutor.accessMainPhase(TestCaseExecutor.java:410)
	at com.kms.katalon.core.main.TestCaseExecutor.execute(TestCaseExecutor.java:285)
	at com.kms.katalon.core.main.TestCaseMain.runTestCase(TestCaseMain.java:137)
	at com.kms.katalon.core.keyword.builtin.CallTestCaseKeyword$_callTestCase_closure1.doCall(CallTestCaseKeyword.groovy:59)
	at com.kms.katalon.core.keyword.builtin.CallTestCaseKeyword$_callTestCase_closure1.call(CallTestCaseKeyword.groovy)
	at com.kms.katalon.core.keyword.internal.KeywordMain.runKeyword(KeywordMain.groovy:75)
	at com.kms.katalon.core.keyword.builtin.CallTestCaseKeyword.callTestCase(CallTestCaseKeyword.groovy:81)
	at com.kms.katalon.core.keyword.builtin.CallTestCaseKeyword.execute(CallTestCaseKeyword.groovy:44)
	at com.kms.katalon.core.keyword.internal.KeywordExecutor.executeKeywordForPlatform(KeywordExecutor.groovy:74)
	at com.kms.katalon.core.keyword.BuiltinKeywords.callTestCase(BuiltinKeywords.groovy:310)
	at java.base/jdk.internal.reflect.NativeMethodAccessorImpl.invoke0(Native Method)
	at java.base/jdk.internal.reflect.NativeMethodAccessorImpl.invoke(NativeMethodAccessorImpl.java:77)
	at java.base/jdk.internal.reflect.DelegatingMethodAccessorImpl.invoke(DelegatingMethodAccessorImpl.java:43)
	at com.kazurayam.ksbackyard.HighlightElement$_pandemic_closure1.doCall(HighlightElement.groovy:105)
	at jdk.internal.reflect.GeneratedMethodAccessor5.invoke(Unknown Source)
	at java.base/jdk.internal.reflect.DelegatingMethodAccessorImpl.invoke(DelegatingMethodAccessorImpl.java:43)
	at TNR R.TSPT Supp90-Visiteur.run(TNR R.TSPT Supp90-Visiteur:35)
	at com.kms.katalon.core.main.ScriptEngine.run(ScriptEngine.java:194)
	at com.kms.katalon.core.main.ScriptEngine.runScriptAsRawText(ScriptEngine.java:119)
	at com.kms.katalon.core.main.TestCaseExecutor.runScript(TestCaseExecutor.java:448)
	at com.kms.katalon.core.main.TestCaseExecutor.doExecute(TestCaseExecutor.java:439)
	at com.kms.katalon.core.main.TestCaseExecutor.processExecutionPhase(TestCaseExecutor.java:418)
	at com.kms.katalon.core.main.TestCaseExecutor.accessMainPhase(TestCaseExecutor.java:410)
	at com.kms.katalon.core.main.TestCaseExecutor.execute(TestCaseExecutor.java:285)
	at com.kms.katalon.core.common.CommonExecutor.accessTestCaseMainPhase(CommonExecutor.java:65)
	at com.kms.katalon.core.main.TestSuiteExecutor.accessTestSuiteMainPhase(TestSuiteExecutor.java:148)
	at com.kms.katalon.core.main.TestSuiteExecutor.execute(TestSuiteExecutor.java:106)
	at com.kms.katalon.core.main.TestCaseMain.startTestSuite(TestCaseMain.java:180)
	at TempTestSuite1704292590673.run(TempTestSuite1704292590673.groovy:36)
	at java.base/jdk.internal.reflect.NativeMethodAccessorImpl.invoke0(Native Method)
	at java.base/jdk.internal.reflect.NativeMethodAccessorImpl.invoke(NativeMethodAccessorImpl.java:77)
	at java.base/jdk.internal.reflect.DelegatingMethodAccessorImpl.invoke(DelegatingMethodAccessorImpl.java:43)
)

03-01-2024T15:40:21 - [MESSAGE][INFO] - Finding Test Object 'Object Repository/Connexion Usager/Btn_Parametres Avances'

03-01-2024T15:40:21 - [MESSAGE][INFO] - Checking object

03-01-2024T15:40:21 - [MESSAGE][INFO] - Finding web element from Test Object's properties

03-01-2024T15:40:21 - [MESSAGE][INFO] - Checking timeout

03-01-2024T15:40:21 - [MESSAGE][INFO] - Finding web element with id: 'Object Repository/Connexion Usager/Btn_Parametres Avances' located by 'By.xpath: //*[@id="details-button"]' in '2' second(s)

03-01-2024T15:40:21 - [MESSAGE][INFO] - Smart Wait Function is triggered

03-01-2024T15:40:21 - [MESSAGE][INFO] - Smart Wait Function is triggered

03-01-2024T15:40:21 - [MESSAGE][INFO] - Smart Wait Function is triggered

03-01-2024T15:40:21 - [MESSAGE][INFO] - Smart Wait Function is triggered

03-01-2024T15:40:21 - [MESSAGE][INFO] - Smart Wait Function is triggered

03-01-2024T15:40:21 - [MESSAGE][INFO] - Smart Wait Function is triggered

03-01-2024T15:40:21 - [MESSAGE][INFO] - Smart Wait Function is triggered

03-01-2024T15:40:21 - [MESSAGE][INFO] - Smart Wait Function is triggered

03-01-2024T15:40:21 - [MESSAGE][INFO] - Smart Wait Function is triggered

03-01-2024T15:40:21 - [MESSAGE][INFO] - Smart Wait Function is triggered

03-01-2024T15:40:21 - [MESSAGE][INFO] - Smart Wait Function is triggered

03-01-2024T15:40:21 - [MESSAGE][INFO] - Smart Wait Function is triggered

03-01-2024T15:40:21 - [MESSAGE][INFO] - Smart Wait Function is triggered

03-01-2024T15:40:21 - [MESSAGE][INFO] - Smart Wait Function is triggered

03-01-2024T15:40:21 - [MESSAGE][INFO] - Smart Wait Function is triggered

03-01-2024T15:40:21 - [MESSAGE][INFO] - Smart Wait Function is triggered

03-01-2024T15:40:21 - [MESSAGE][INFO] - Smart Wait Function is triggered

03-01-2024T15:40:21 - [MESSAGE][INFO] - Smart Wait Function is triggered

03-01-2024T15:40:21 - [MESSAGE][INFO] - Smart Wait Function is triggered

03-01-2024T15:40:21 - [MESSAGE][INFO] - Smart Wait Function is triggered

03-01-2024T15:40:21 - [MESSAGE][INFO] - Smart Wait Function is triggered

03-01-2024T15:40:21 - [MESSAGE][INFO] - Smart Wait Function is triggered

03-01-2024T15:40:21 - [MESSAGE][INFO] - Smart Wait Function is triggered

03-01-2024T15:40:21 - [MESSAGE][INFO] - Smart Wait Function is triggered

03-01-2024T15:40:21 - [MESSAGE][INFO] - Smart Wait Function is triggered

03-01-2024T15:40:21 - [MESSAGE][INFO] - Smart Wait Function is triggered

03-01-2024T15:40:21 - [MESSAGE][INFO] - Smart Wait Function is triggered

03-01-2024T15:40:21 - [MESSAGE][INFO] - Smart Wait Function is triggered

03-01-2024T15:40:21 - [MESSAGE][INFO] - Smart Wait Function is triggered

03-01-2024T15:40:21 - [MESSAGE][INFO] - Smart Wait Function is triggered

03-01-2024T15:40:21 - [MESSAGE][INFO] - Smart Wait Function is triggered

03-01-2024T15:40:21 - [MESSAGE][INFO] - Smart Wait Function is triggered

03-01-2024T15:40:21 - [MESSAGE][INFO] - Smart Wait Function is triggered

03-01-2024T15:40:21 - [MESSAGE][INFO] - Smart Wait Function is triggered

03-01-2024T15:40:21 - [MESSAGE][INFO] - Smart Wait Function is triggered

03-01-2024T15:40:21 - [MESSAGE][INFO] - Smart Wait Function is triggered

03-01-2024T15:40:21 - [MESSAGE][INFO] - Smart Wait Function is triggered

03-01-2024T15:40:22 - [MESSAGE][INFO] - Smart Wait Function is triggered

03-01-2024T15:40:22 - [MESSAGE][INFO] - Smart Wait Function is triggered

03-01-2024T15:40:22 - [MESSAGE][INFO] - Smart Wait Function is triggered

03-01-2024T15:40:22 - [MESSAGE][INFO] - Smart Wait Function is triggered

03-01-2024T15:40:22 - [MESSAGE][INFO] - Smart Wait Function is triggered

03-01-2024T15:40:22 - [MESSAGE][INFO] - Smart Wait Function is triggered

03-01-2024T15:40:22 - [MESSAGE][INFO] - Smart Wait Function is triggered

03-01-2024T15:40:22 - [MESSAGE][INFO] - Smart Wait Function is triggered

03-01-2024T15:40:22 - [MESSAGE][INFO] - Smart Wait Function is triggered

03-01-2024T15:40:22 - [MESSAGE][INFO] - Smart Wait Function is triggered

03-01-2024T15:40:22 - [MESSAGE][INFO] - Smart Wait Function is triggered

03-01-2024T15:40:22 - [MESSAGE][INFO] - Smart Wait Function is triggered

03-01-2024T15:40:22 - [MESSAGE][INFO] - Smart Wait Function is triggered

03-01-2024T15:40:22 - [MESSAGE][INFO] - Smart Wait Function is triggered

03-01-2024T15:40:22 - [MESSAGE][INFO] - Smart Wait Function is triggered

03-01-2024T15:40:22 - [MESSAGE][INFO] - Smart Wait Function is triggered

03-01-2024T15:40:22 - [MESSAGE][INFO] - Smart Wait Function is triggered

03-01-2024T15:40:22 - [MESSAGE][INFO] - Smart Wait Function is triggered

03-01-2024T15:40:22 - [MESSAGE][INFO] - Smart Wait Function is triggered

03-01-2024T15:40:22 - [MESSAGE][INFO] - Smart Wait Function is triggered

03-01-2024T15:40:22 - [MESSAGE][INFO] - Smart Wait Function is triggered

03-01-2024T15:40:22 - [MESSAGE][INFO] - Smart Wait Function is triggered

03-01-2024T15:40:22 - [MESSAGE][INFO] - Smart Wait Function is triggered

03-01-2024T15:40:22 - [MESSAGE][INFO] - Smart Wait Function is triggered

03-01-2024T15:40:22 - [MESSAGE][INFO] - Smart Wait Function is triggered

03-01-2024T15:40:22 - [MESSAGE][INFO] - Smart Wait Function is triggered

03-01-2024T15:40:22 - [MESSAGE][INFO] - Smart Wait Function is triggered

03-01-2024T15:40:22 - [MESSAGE][INFO] - Smart Wait Function is triggered

03-01-2024T15:40:22 - [MESSAGE][INFO] - Smart Wait Function is triggered

03-01-2024T15:40:22 - [MESSAGE][INFO] - Smart Wait Function is triggered

03-01-2024T15:40:22 - [MESSAGE][INFO] - Smart Wait Function is triggered

03-01-2024T15:40:22 - [MESSAGE][INFO] - Smart Wait Function is triggered

03-01-2024T15:40:22 - [MESSAGE][INFO] - Smart Wait Function is triggered

03-01-2024T15:40:22 - [MESSAGE][INFO] - Smart Wait Function is triggered

03-01-2024T15:40:22 - [MESSAGE][INFO] - Smart Wait Function is triggered

03-01-2024T15:40:22 - [MESSAGE][INFO] - Smart Wait Function is triggered

03-01-2024T15:40:22 - [MESSAGE][INFO] - Smart Wait Function is triggered

03-01-2024T15:40:22 - [MESSAGE][INFO] - Smart Wait Function is triggered

03-01-2024T15:40:22 - [MESSAGE][INFO] - Smart Wait Function is triggered

03-01-2024T15:40:22 - [MESSAGE][INFO] - Smart Wait Function is triggered

03-01-2024T15:40:22 - [MESSAGE][INFO] - Smart Wait Function is triggered

03-01-2024T15:40:22 - [MESSAGE][INFO] - Smart Wait Function is triggered

03-01-2024T15:40:22 - [MESSAGE][INFO] - Smart Wait Function is triggered

03-01-2024T15:40:22 - [MESSAGE][INFO] - Smart Wait Function is triggered

03-01-2024T15:40:22 - [MESSAGE][INFO] - Smart Wait Function is triggered

03-01-2024T15:40:22 - [MESSAGE][INFO] - Smart Wait Function is triggered

03-01-2024T15:40:22 - [MESSAGE][INFO] - Smart Wait Function is triggered

03-01-2024T15:40:22 - [MESSAGE][INFO] - Smart Wait Function is triggered

03-01-2024T15:40:22 - [MESSAGE][INFO] - Smart Wait Function is triggered

03-01-2024T15:40:22 - [MESSAGE][INFO] - Smart Wait Function is triggered

03-01-2024T15:40:22 - [MESSAGE][INFO] - Smart Wait Function is triggered

03-01-2024T15:40:23 - [MESSAGE][INFO] - Smart Wait Function is triggered

03-01-2024T15:40:23 - [MESSAGE][INFO] - Smart Wait Function is triggered

03-01-2024T15:40:23 - [MESSAGE][INFO] - Smart Wait Function is triggered

03-01-2024T15:40:23 - [MESSAGE][INFO] - Smart Wait Function is triggered

03-01-2024T15:40:23 - [MESSAGE][INFO] - Smart Wait Function is triggered

03-01-2024T15:40:23 - [MESSAGE][INFO] - Smart Wait Function is triggered

03-01-2024T15:40:23 - [MESSAGE][INFO] - Smart Wait Function is triggered

03-01-2024T15:40:23 - [MESSAGE][INFO] - Smart Wait Function is triggered

03-01-2024T15:40:23 - [MESSAGE][INFO] - Smart Wait Function is triggered

03-01-2024T15:40:23 - [MESSAGE][INFO] - Smart Wait Function is triggered

03-01-2024T15:40:23 - [MESSAGE][INFO] - Smart Wait Function is triggered

03-01-2024T15:40:23 - [MESSAGE][INFO] - Smart Wait Function is triggered

03-01-2024T15:40:23 - [MESSAGE][INFO] - Smart Wait Function is triggered

03-01-2024T15:40:23 - [MESSAGE][INFO] - Smart Wait Function is triggered

03-01-2024T15:40:23 - [MESSAGE][INFO] - Smart Wait Function is triggered

03-01-2024T15:40:23 - [MESSAGE][INFO] - Smart Wait Function is triggered

03-01-2024T15:40:23 - [MESSAGE][INFO] - Smart Wait Function is triggered

03-01-2024T15:40:23 - [MESSAGE][INFO] - Smart Wait Function is triggered

03-01-2024T15:40:23 - [MESSAGE][INFO] - Smart Wait Function is triggered

03-01-2024T15:40:23 - [MESSAGE][INFO] - Smart Wait Function is triggered

03-01-2024T15:40:23 - [MESSAGE][INFO] - Smart Wait Function is triggered

03-01-2024T15:40:23 - [MESSAGE][INFO] - Smart Wait Function is triggered

03-01-2024T15:40:23 - [MESSAGE][INFO] - Smart Wait Function is triggered

03-01-2024T15:40:23 - [MESSAGE][INFO] - Smart Wait Function is triggered

03-01-2024T15:40:23 - [MESSAGE][INFO] - Smart Wait Function is triggered

03-01-2024T15:40:23 - [MESSAGE][INFO] - Smart Wait Function is triggered

03-01-2024T15:40:23 - [MESSAGE][INFO] - Smart Wait Function is triggered

03-01-2024T15:40:23 - [MESSAGE][INFO] - Smart Wait Function is triggered

03-01-2024T15:40:23 - [MESSAGE][INFO] - Smart Wait Function is triggered

03-01-2024T15:40:23 - [MESSAGE][INFO] - Smart Wait Function is triggered

03-01-2024T15:40:23 - [MESSAGE][INFO] - Smart Wait Function is triggered

03-01-2024T15:40:23 - [MESSAGE][INFO] - Smart Wait Function is triggered

03-01-2024T15:40:23 - [MESSAGE][INFO] - Smart Wait Function is triggered

03-01-2024T15:40:23 - [MESSAGE][INFO] - Smart Wait Function is triggered

03-01-2024T15:40:23 - [MESSAGE][INFO] - Smart Wait Function is triggered

03-01-2024T15:40:23 - [MESSAGE][INFO] - Smart Wait Function is triggered

03-01-2024T15:40:23 - [MESSAGE][INFO] - Smart Wait Function is triggered

03-01-2024T15:40:23 - [MESSAGE][INFO] - Smart Wait Function is triggered

03-01-2024T15:40:23 - [MESSAGE][INFO] - Smart Wait Function is triggered

03-01-2024T15:40:23 - [MESSAGE][INFO] - Smart Wait Function is triggered

03-01-2024T15:40:23 - [MESSAGE][INFO] - Smart Wait Function is triggered

03-01-2024T15:40:23 - [MESSAGE][INFO] - Smart Wait Function is triggered

03-01-2024T15:40:23 - [MESSAGE][INFO] - Smart Wait Function is triggered

03-01-2024T15:40:23 - [MESSAGE][INFO] - Smart Wait Function is triggered

03-01-2024T15:40:23 - [MESSAGE][INFO] - Smart Wait Function is triggered

03-01-2024T15:40:23 - [MESSAGE][INFO] - Smart Wait Function is triggered

03-01-2024T15:40:23 - [MESSAGE][INFO] - Smart Wait Function is triggered

03-01-2024T15:40:23 - [MESSAGE][INFO] - Smart Wait Function is triggered

03-01-2024T15:40:23 - [MESSAGE][INFO] - Smart Wait Function is triggered

03-01-2024T15:40:24 - [MESSAGE][INFO] - Smart Wait Function is triggered

03-01-2024T15:40:24 - [MESSAGE][INFO] - Smart Wait Function is triggered

03-01-2024T15:40:24 - [MESSAGE][INFO] - Smart Wait Function is triggered

03-01-2024T15:40:24 - [MESSAGE][INFO] - Smart Wait Function is triggered

03-01-2024T15:40:24 - [MESSAGE][INFO] - Smart Wait Function is triggered

03-01-2024T15:40:24 - [MESSAGE][INFO] - Smart Wait Function is triggered

03-01-2024T15:40:24 - [MESSAGE][INFO] - Smart Wait Function is triggered

03-01-2024T15:40:24 - [MESSAGE][INFO] - Smart Wait Function is triggered

03-01-2024T15:40:24 - [MESSAGE][INFO] - Smart Wait Function is triggered

03-01-2024T15:40:24 - [MESSAGE][INFO] - Unable to find the element located by 'By.xpath: //*[@id="details-button"]'. Please recheck the objects properties to make sure the desired element is located. 

03-01-2024T15:40:24 - [MESSAGE][WARNING] - com.kms.katalon.core.webui.exception.WebElementNotFoundException: Web element with id: 'Object Repository/Connexion Usager/Btn_Parametres Avances' located by '//*[@id="details-button"]' not found (Root cause: com.kms.katalon.core.exception.StepFailedException: com.kms.katalon.core.webui.exception.WebElementNotFoundException: Web element with id: 'Object Repository/Connexion Usager/Btn_Parametres Avances' located by '//*[@id="details-button"]' not found
	at com.kms.katalon.core.webui.keyword.internal.WebUIKeywordMain.stepFailed(WebUIKeywordMain.groovy:64)
	at com.kms.katalon.core.webui.keyword.builtin.VerifyElementPresentKeyword$_verifyElementPresent_closure1.doCall(VerifyElementPresentKeyword.groovy:85)
	at com.kms.katalon.core.webui.keyword.builtin.VerifyElementPresentKeyword$_verifyElementPresent_closure1.call(VerifyElementPresentKeyword.groovy)
	at com.kms.katalon.core.webui.keyword.internal.WebUIKeywordMain.runKeyword(WebUIKeywordMain.groovy:20)
	at com.kms.katalon.core.webui.keyword.builtin.VerifyElementPresentKeyword.verifyElementPresent(VerifyElementPresentKeyword.groovy:92)
	at com.kms.katalon.core.webui.keyword.builtin.VerifyElementPresentKeyword.execute(VerifyElementPresentKeyword.groovy:68)
	at com.kms.katalon.core.keyword.internal.KeywordExecutor.executeKeywordForPlatform(KeywordExecutor.groovy:74)
	at com.kms.katalon.core.webui.keyword.WebUiBuiltInKeywords.verifyElementPresent(WebUiBuiltInKeywords.groovy:1487)
	at java.base/jdk.internal.reflect.NativeMethodAccessorImpl.invoke0(Native Method)
	at java.base/jdk.internal.reflect.NativeMethodAccessorImpl.invoke(NativeMethodAccessorImpl.java:77)
	at java.base/jdk.internal.reflect.DelegatingMethodAccessorImpl.invoke(DelegatingMethodAccessorImpl.java:43)
	at com.kazurayam.ksbackyard.HighlightElement$_pandemic_closure1.doCall(HighlightElement.groovy:105)
	at jdk.internal.reflect.GeneratedMethodAccessor5.invoke(Unknown Source)
	at java.base/jdk.internal.reflect.DelegatingMethodAccessorImpl.invoke(DelegatingMethodAccessorImpl.java:43)
	at Erreur lie a la confidentialite.run(Erreur lie a la confidentialite:43)
	at com.kms.katalon.core.main.ScriptEngine.run(ScriptEngine.java:194)
	at com.kms.katalon.core.main.ScriptEngine.runScriptAsRawText(ScriptEngine.java:119)
	at com.kms.katalon.core.main.TestCaseExecutor.runScript(TestCaseExecutor.java:448)
	at com.kms.katalon.core.main.TestCaseExecutor.doExecute(TestCaseExecutor.java:439)
	at com.kms.katalon.core.main.TestCaseExecutor.processExecutionPhase(TestCaseExecutor.java:418)
	at com.kms.katalon.core.main.TestCaseExecutor.accessMainPhase(TestCaseExecutor.java:410)
	at com.kms.katalon.core.main.TestCaseExecutor.execute(TestCaseExecutor.java:285)
	at com.kms.katalon.core.main.TestCaseMain.runTestCase(TestCaseMain.java:137)
	at com.kms.katalon.core.keyword.builtin.CallTestCaseKeyword$_callTestCase_closure1.doCall(CallTestCaseKeyword.groovy:59)
	at com.kms.katalon.core.keyword.builtin.CallTestCaseKeyword$_callTestCase_closure1.call(CallTestCaseKeyword.groovy)
	at com.kms.katalon.core.keyword.internal.KeywordMain.runKeyword(KeywordMain.groovy:75)
	at com.kms.katalon.core.keyword.builtin.CallTestCaseKeyword.callTestCase(CallTestCaseKeyword.groovy:81)
	at com.kms.katalon.core.keyword.builtin.CallTestCaseKeyword.execute(CallTestCaseKeyword.groovy:44)
	at com.kms.katalon.core.keyword.internal.KeywordExecutor.executeKeywordForPlatform(KeywordExecutor.groovy:74)
	at com.kms.katalon.core.keyword.BuiltinKeywords.callTestCase(BuiltinKeywords.groovy:310)
	at java.base/jdk.internal.reflect.NativeMethodAccessorImpl.invoke0(Native Method)
	at java.base/jdk.internal.reflect.NativeMethodAccessorImpl.invoke(NativeMethodAccessorImpl.java:77)
	at java.base/jdk.internal.reflect.DelegatingMethodAccessorImpl.invoke(DelegatingMethodAccessorImpl.java:43)
	at com.kazurayam.ksbackyard.HighlightElement$_pandemic_closure1.doCall(HighlightElement.groovy:105)
	at jdk.internal.reflect.GeneratedMethodAccessor5.invoke(Unknown Source)
	at java.base/jdk.internal.reflect.DelegatingMethodAccessorImpl.invoke(DelegatingMethodAccessorImpl.java:43)
	at Identification.run(Identification:35)
	at com.kms.katalon.core.main.ScriptEngine.run(ScriptEngine.java:194)
	at com.kms.katalon.core.main.ScriptEngine.runScriptAsRawText(ScriptEngine.java:119)
	at com.kms.katalon.core.main.TestCaseExecutor.runScript(TestCaseExecutor.java:448)
	at com.kms.katalon.core.main.TestCaseExecutor.doExecute(TestCaseExecutor.java:439)
	at com.kms.katalon.core.main.TestCaseExecutor.processExecutionPhase(TestCaseExecutor.java:418)
	at com.kms.katalon.core.main.TestCaseExecutor.accessMainPhase(TestCaseExecutor.java:410)
	at com.kms.katalon.core.main.TestCaseExecutor.execute(TestCaseExecutor.java:285)
	at com.kms.katalon.core.main.TestCaseMain.runTestCase(TestCaseMain.java:137)
	at com.kms.katalon.core.keyword.builtin.CallTestCaseKeyword$_callTestCase_closure1.doCall(CallTestCaseKeyword.groovy:59)
	at com.kms.katalon.core.keyword.builtin.CallTestCaseKeyword$_callTestCase_closure1.call(CallTestCaseKeyword.groovy)
	at com.kms.katalon.core.keyword.internal.KeywordMain.runKeyword(KeywordMain.groovy:75)
	at com.kms.katalon.core.keyword.builtin.CallTestCaseKeyword.callTestCase(CallTestCaseKeyword.groovy:81)
	at com.kms.katalon.core.keyword.builtin.CallTestCaseKeyword.execute(CallTestCaseKeyword.groovy:44)
	at com.kms.katalon.core.keyword.internal.KeywordExecutor.executeKeywordForPlatform(KeywordExecutor.groovy:74)
	at com.kms.katalon.core.keyword.BuiltinKeywords.callTestCase(BuiltinKeywords.groovy:310)
	at java.base/jdk.internal.reflect.NativeMethodAccessorImpl.invoke0(Native Method)
	at java.base/jdk.internal.reflect.NativeMethodAccessorImpl.invoke(NativeMethodAccessorImpl.java:77)
	at java.base/jdk.internal.reflect.DelegatingMethodAccessorImpl.invoke(DelegatingMethodAccessorImpl.java:43)
	at com.kazurayam.ksbackyard.HighlightElement$_pandemic_closure1.doCall(HighlightElement.groovy:105)
	at jdk.internal.reflect.GeneratedMethodAccessor5.invoke(Unknown Source)
	at java.base/jdk.internal.reflect.DelegatingMethodAccessorImpl.invoke(DelegatingMethodAccessorImpl.java:43)
	at TNR R.TSPT Supp90-Visiteur.run(TNR R.TSPT Supp90-Visiteur:35)
	at com.kms.katalon.core.main.ScriptEngine.run(ScriptEngine.java:194)
	at com.kms.katalon.core.main.ScriptEngine.runScriptAsRawText(ScriptEngine.java:119)
	at com.kms.katalon.core.main.TestCaseExecutor.runScript(TestCaseExecutor.java:448)
	at com.kms.katalon.core.main.TestCaseExecutor.doExecute(TestCaseExecutor.java:439)
	at com.kms.katalon.core.main.TestCaseExecutor.processExecutionPhase(TestCaseExecutor.java:418)
	at com.kms.katalon.core.main.TestCaseExecutor.accessMainPhase(TestCaseExecutor.java:410)
	at com.kms.katalon.core.main.TestCaseExecutor.execute(TestCaseExecutor.java:285)
	at com.kms.katalon.core.common.CommonExecutor.accessTestCaseMainPhase(CommonExecutor.java:65)
	at com.kms.katalon.core.main.TestSuiteExecutor.accessTestSuiteMainPhase(TestSuiteExecutor.java:148)
	at com.kms.katalon.core.main.TestSuiteExecutor.execute(TestSuiteExecutor.java:106)
	at com.kms.katalon.core.main.TestCaseMain.startTestSuite(TestCaseMain.java:180)
	at TempTestSuite1704292590673.run(TempTestSuite1704292590673.groovy:36)
	at java.base/jdk.internal.reflect.NativeMethodAccessorImpl.invoke0(Native Method)
	at java.base/jdk.internal.reflect.NativeMethodAccessorImpl.invoke(NativeMethodAccessorImpl.java:77)
	at java.base/jdk.internal.reflect.DelegatingMethodAccessorImpl.invoke(DelegatingMethodAccessorImpl.java:43)
)
[[ATTACHMENT|C:\\Users\\ISSAM.RHARBAOUI\\git\\ANEF-RenouvellementSejour\\Reports\\20240103_153630\\TS_TNR_R.TSPT_Suppo90\\20240103_153630\\1704292824181.png]]

03-01-2024T15:40:24 - [TEST_STEP][PASSED] - if (DriverName == "IE_DRIVER"): null

03-01-2024T15:40:24 - [TEST_STEP][PASSED] - delay(3): Delayed 3 second(s)

03-01-2024T15:40:24 - [MESSAGE][INFO] - Delaying browser in 3 second(s)

03-01-2024T15:40:27 - [MESSAGE][PASSED] - Delayed 3 second(s)

03-01-2024T15:40:27 - [MESSAGE][PASSED] - Call Test Case 'Test Cases/Test Reutilisable/Main/Erreur lie a la confidentialite' successfully

03-01-2024T15:40:27 - [TEST_STEP][PASSED] - delay(5): Delayed 5 second(s)

03-01-2024T15:40:27 - [MESSAGE][INFO] - Delaying browser in 5 second(s)

03-01-2024T15:40:32 - [MESSAGE][PASSED] - Delayed 5 second(s)

03-01-2024T15:40:32 - [TEST_STEP][PASSED] - setText(findTestObject("Object Repository/Connexion Usager/Input_Identifiant"), NumEtrangerVisa): Text '7703043876' is set on object 'Object Repository/Connexion Usager/Input_Identifiant'

03-01-2024T15:40:32 - [MESSAGE][INFO] - Finding Test Object 'Object Repository/Connexion Usager/Input_Identifiant'

03-01-2024T15:40:32 - [MESSAGE][INFO] - Checking timeout

03-01-2024T15:40:32 - [MESSAGE][INFO] - Finding web element with id: 'Object Repository/Connexion Usager/Input_Identifiant' located by 'By.xpath: //*[@id="login"]' in '20' second(s)

03-01-2024T15:40:32 - [MESSAGE][INFO] - Smart Wait Function is triggered

03-01-2024T15:40:32 - [MESSAGE][INFO] - Found 1 web elements with id: 'Object Repository/Connexion Usager/Input_Identifiant' located by 'By.xpath: //*[@id="login"]' in '20' second(s)

03-01-2024T15:40:32 - [MESSAGE][INFO] - Checking object

03-01-2024T15:40:32 - [MESSAGE][INFO] - Checking text

03-01-2024T15:40:32 - [MESSAGE][INFO] - Finding web element from Test Object's properties

03-01-2024T15:40:32 - [MESSAGE][INFO] - Checking timeout

03-01-2024T15:40:32 - [MESSAGE][INFO] - Finding web element with id: 'Object Repository/Connexion Usager/Input_Identifiant' located by 'By.xpath: //*[@id="login"]' in '5' second(s)

03-01-2024T15:40:32 - [MESSAGE][INFO] - Smart Wait Function is triggered

03-01-2024T15:40:32 - [MESSAGE][INFO] - Found 1 web elements with id: 'Object Repository/Connexion Usager/Input_Identifiant' located by 'By.xpath: //*[@id="login"]' in '5' second(s)

03-01-2024T15:40:32 - [MESSAGE][INFO] - Clearing text of object 'Object Repository/Connexion Usager/Input_Identifiant'

03-01-2024T15:40:34 - [MESSAGE][INFO] - Finding web element from Test Object's properties

03-01-2024T15:40:34 - [MESSAGE][INFO] - Checking timeout

03-01-2024T15:40:34 - [MESSAGE][INFO] - Finding web element with id: 'Object Repository/Connexion Usager/Input_Identifiant' located by 'By.xpath: //*[@id="login"]' in '5' second(s)

03-01-2024T15:40:34 - [MESSAGE][INFO] - Smart Wait Function is triggered

03-01-2024T15:40:34 - [MESSAGE][INFO] - Found 1 web elements with id: 'Object Repository/Connexion Usager/Input_Identifiant' located by 'By.xpath: //*[@id="login"]' in '5' second(s)

03-01-2024T15:40:34 - [MESSAGE][INFO] - Setting text of object 'Object Repository/Connexion Usager/Input_Identifiant' to value '7703043876'

03-01-2024T15:40:36 - [MESSAGE][PASSED] - Text '7703043876' is set on object 'Object Repository/Connexion Usager/Input_Identifiant'

03-01-2024T15:40:36 - [TEST_STEP][PASSED] - NumEtrangerVisa = NumEtrangerVisa: null

03-01-2024T15:40:36 - [TEST_STEP][PASSED] - setEncryptedText(findTestObject("Object Repository/Connexion Usager/Input_MDP"), Password): Text ****** has been set on object 'Object Repository/Connexion Usager/Input_MDP'

03-01-2024T15:40:36 - [MESSAGE][INFO] - Finding Test Object 'Object Repository/Connexion Usager/Input_MDP'

03-01-2024T15:40:36 - [MESSAGE][INFO] - Checking timeout

03-01-2024T15:40:36 - [MESSAGE][INFO] - Finding web element with id: 'Object Repository/Connexion Usager/Input_MDP' located by 'By.xpath: //*[@id="password"]' in '20' second(s)

03-01-2024T15:40:36 - [MESSAGE][INFO] - Smart Wait Function is triggered

03-01-2024T15:40:36 - [MESSAGE][INFO] - Found 1 web elements with id: 'Object Repository/Connexion Usager/Input_MDP' located by 'By.xpath: //*[@id="password"]' in '20' second(s)

03-01-2024T15:40:36 - [MESSAGE][INFO] - Checking object

03-01-2024T15:40:36 - [MESSAGE][INFO] - Checking text

03-01-2024T15:40:36 - [MESSAGE][INFO] - Finding web element from Test Object's properties

03-01-2024T15:40:36 - [MESSAGE][INFO] - Checking timeout

03-01-2024T15:40:36 - [MESSAGE][INFO] - Finding web element with id: 'Object Repository/Connexion Usager/Input_MDP' located by 'By.xpath: //*[@id="password"]' in '5' second(s)

03-01-2024T15:40:36 - [MESSAGE][INFO] - Smart Wait Function is triggered

03-01-2024T15:40:36 - [MESSAGE][INFO] - Found 1 web elements with id: 'Object Repository/Connexion Usager/Input_MDP' located by 'By.xpath: //*[@id="password"]' in '5' second(s)

03-01-2024T15:40:36 - [MESSAGE][INFO] - Clearing text of object 'Object Repository/Connexion Usager/Input_MDP'

03-01-2024T15:40:38 - [MESSAGE][INFO] - Setting  text of object 'Object Repository/Connexion Usager/Input_MDP' to value ******

03-01-2024T15:40:40 - [MESSAGE][PASSED] - Text ****** has been set on object 'Object Repository/Connexion Usager/Input_MDP'

03-01-2024T15:40:40 - [TEST_STEP][PASSED] - click(findTestObject("Object Repository/Connexion Usager/btn_Sidentifier")): Object: 'Object Repository/Connexion Usager/btn_Sidentifier' is clicked on

03-01-2024T15:40:40 - [MESSAGE][INFO] - Finding Test Object 'Object Repository/Connexion Usager/btn_Sidentifier'

03-01-2024T15:40:40 - [MESSAGE][INFO] - Checking timeout

03-01-2024T15:40:40 - [MESSAGE][INFO] - Finding web element with id: 'Object Repository/Connexion Usager/btn_Sidentifier' located by 'By.xpath: //*[@type= 'submit']' in '20' second(s)

03-01-2024T15:40:40 - [MESSAGE][INFO] - Smart Wait Function is triggered

03-01-2024T15:40:40 - [MESSAGE][INFO] - Found 1 web elements with id: 'Object Repository/Connexion Usager/btn_Sidentifier' located by 'By.xpath: //*[@type= 'submit']' in '20' second(s)

03-01-2024T15:40:40 - [MESSAGE][INFO] - Checking object

03-01-2024T15:40:40 - [MESSAGE][INFO] - Checking timeout

03-01-2024T15:40:40 - [MESSAGE][INFO] - Finding web element from Test Object's properties

03-01-2024T15:40:40 - [MESSAGE][INFO] - Checking timeout

03-01-2024T15:40:40 - [MESSAGE][INFO] - Finding web element with id: 'Object Repository/Connexion Usager/btn_Sidentifier' located by 'By.xpath: //*[@type= 'submit']' in '5' second(s)

03-01-2024T15:40:40 - [MESSAGE][INFO] - Smart Wait Function is triggered

03-01-2024T15:40:40 - [MESSAGE][INFO] - Found 1 web elements with id: 'Object Repository/Connexion Usager/btn_Sidentifier' located by 'By.xpath: //*[@type= 'submit']' in '5' second(s)

03-01-2024T15:40:40 - [MESSAGE][INFO] - Clicking on object: 'Object Repository/Connexion Usager/btn_Sidentifier'

03-01-2024T15:40:44 - [MESSAGE][PASSED] - Object: 'Object Repository/Connexion Usager/btn_Sidentifier' is clicked on

03-01-2024T15:40:44 - [TEST_STEP][PASSED] - delay(15): Delayed 15 second(s)

03-01-2024T15:40:44 - [MESSAGE][INFO] - Delaying browser in 15 second(s)

03-01-2024T15:40:59 - [MESSAGE][PASSED] - Delayed 15 second(s)

03-01-2024T15:40:59 - [TEST_STEP][PASSED] - verifyElementPresent(findTestObject("Object Repository/Page_Accueil_Usager/Span_MesNotifications"), 2, STOP_ON_FAILURE): Object 'Object Repository/Page_Accueil_Usager/Span_MesNotifications' is present

03-01-2024T15:40:59 - [MESSAGE][INFO] - Finding Test Object 'Object Repository/Page_Accueil_Usager/Span_MesNotifications'

03-01-2024T15:40:59 - [MESSAGE][INFO] - Checking object

03-01-2024T15:40:59 - [MESSAGE][INFO] - Finding web element from Test Object's properties

03-01-2024T15:40:59 - [MESSAGE][INFO] - Checking timeout

03-01-2024T15:40:59 - [MESSAGE][INFO] - Finding web element with id: 'Object Repository/Page_Accueil_Usager/Span_MesNotifications' located by 'By.xpath: //*[@id="navBar-new"]/nav/div[3]/div/div/ul/li[1]/a/span' in '2' second(s)

03-01-2024T15:40:59 - [MESSAGE][INFO] - Smart Wait Function is triggered

03-01-2024T15:40:59 - [MESSAGE][INFO] - Found 1 web elements with id: 'Object Repository/Page_Accueil_Usager/Span_MesNotifications' located by 'By.xpath: //*[@id="navBar-new"]/nav/div[3]/div/div/ul/li[1]/a/span' in '2' second(s)

03-01-2024T15:40:59 - [MESSAGE][PASSED] - Object 'Object Repository/Page_Accueil_Usager/Span_MesNotifications' is present

03-01-2024T15:40:59 - [TEST_STEP][PASSED] - if (Profiles == "Agent"): null

03-01-2024T15:40:59 - [TEST_STEP][PASSED] - else: null

03-01-2024T15:40:59 - [TEST_STEP][PASSED] - println("Vérifier le Portail de votre connexion Usager ou Agent"): null

03-01-2024T15:40:59 - [MESSAGE][PASSED] - Call Test Case 'Test Cases/Test Reutilisable/Main/Identification' successfully

03-01-2024T15:40:59 - [TEST_STEP][PASSED] - callTestCase(findTestCase("Test Reutilisable/DemandeOuRenouvelle_TitreSejour/DemandeOuRenouvelleTitreSejour"), ["ChangementSituation":ChangementSituation], STOP_ON_FAILURE): Call Test Case 'Test Cases/Test Reutilisable/DemandeOuRenouvelle_TitreSejour/DemandeOuRenouvelleTitreSejour' successfully

03-01-2024T15:40:59 - [MESSAGE][INFO] - Checking called Test Case

03-01-2024T15:40:59 - [MESSAGE][INFO] - Starting to call Test Case 'Test Cases/Test Reutilisable/DemandeOuRenouvelle_TitreSejour/DemandeOuRenouvelleTitreSejour'

03-01-2024T15:40:59 - [TEST_CASE][PASSED] - Test Cases/Test Reutilisable/DemandeOuRenouvelle_TitreSejour/DemandeOuRenouvelleTitreSejour: Test Cases/Test Reutilisable/DemandeOuRenouvelle_TitreSejour/DemandeOuRenouvelleTitreSejour

03-01-2024T15:41:00 - [TEST_STEP][PASSED] - com.kazurayam.ksbackyard.HighlightElement.pandemic(): com.kazurayam.ksbackyard.HighlightElement.pandemic is PASSED

03-01-2024T15:41:00 - [MESSAGE][PASSED] - com.kazurayam.ksbackyard.HighlightElement.pandemic is PASSED

03-01-2024T15:41:00 - [TEST_STEP][PASSED] - delay(3): Delayed 3 second(s)

03-01-2024T15:41:00 - [MESSAGE][INFO] - Delaying browser in 3 second(s)

03-01-2024T15:41:03 - [MESSAGE][PASSED] - Delayed 3 second(s)

03-01-2024T15:41:03 - [TEST_STEP][PASSED] - if (ChangementSituation == "Non"): null

03-01-2024T15:41:03 - [TEST_STEP][PASSED] - doubleClick(findTestObject("Object Repository/Page_Accueil_Usager/btn_DemandeOuRenouvelleTitreSejour")): Object: 'Object Repository/Page_Accueil_Usager/btn_DemandeOuRenouvelleTitreSejour' is double clicked on

03-01-2024T15:41:03 - [MESSAGE][INFO] - Finding Test Object 'Object Repository/Page_Accueil_Usager/btn_DemandeOuRenouvelleTitreSejour'

03-01-2024T15:41:03 - [MESSAGE][INFO] - Checking object

03-01-2024T15:41:03 - [MESSAGE][INFO] - Finding web element from Test Object's properties

03-01-2024T15:41:03 - [MESSAGE][INFO] - Checking timeout

03-01-2024T15:41:03 - [MESSAGE][INFO] - Finding web element with id: 'Object Repository/Page_Accueil_Usager/btn_DemandeOuRenouvelleTitreSejour' located by 'By.xpath: //app-portal//app-portal-root/app-default-root-content/div/div/anef-tile[1]/a/span/span[2]' in '5' second(s)

03-01-2024T15:41:03 - [MESSAGE][INFO] - Smart Wait Function is triggered

03-01-2024T15:41:03 - [MESSAGE][INFO] - Found 1 web elements with id: 'Object Repository/Page_Accueil_Usager/btn_DemandeOuRenouvelleTitreSejour' located by 'By.xpath: //app-portal//app-portal-root/app-default-root-content/div/div/anef-tile[1]/a/span/span[2]' in '5' second(s)

03-01-2024T15:41:03 - [MESSAGE][INFO] - Double clicking on object: 'Object Repository/Page_Accueil_Usager/btn_DemandeOuRenouvelleTitreSejour'

03-01-2024T15:41:03 - [MESSAGE][PASSED] - Object: 'Object Repository/Page_Accueil_Usager/btn_DemandeOuRenouvelleTitreSejour' is double clicked on

03-01-2024T15:41:03 - [TEST_STEP][PASSED] - delay(3): Delayed 3 second(s)

03-01-2024T15:41:03 - [MESSAGE][INFO] - Delaying browser in 3 second(s)

03-01-2024T15:41:06 - [MESSAGE][PASSED] - Delayed 3 second(s)

03-01-2024T15:41:06 - [TEST_STEP][PASSED] - switch (PourQui): null

03-01-2024T15:41:06 - [TEST_STEP][PASSED] - case "Moi-même":: null

03-01-2024T15:41:06 - [TEST_STEP][PASSED] - check(findTestObject("Object Repository/Page_Accueil_Usager/CheckBox_Moi-meme")): Object 'Object Repository/Page_Accueil_Usager/CheckBox_Moi-meme' is checked

03-01-2024T15:41:06 - [MESSAGE][INFO] - Finding Test Object 'Object Repository/Page_Accueil_Usager/CheckBox_Moi-meme'

03-01-2024T15:41:06 - [MESSAGE][INFO] - Checking object

03-01-2024T15:41:06 - [MESSAGE][INFO] - Finding web element from Test Object's properties

03-01-2024T15:41:06 - [MESSAGE][INFO] - Checking timeout

03-01-2024T15:41:06 - [MESSAGE][INFO] - Finding web element with id: 'Object Repository/Page_Accueil_Usager/CheckBox_Moi-meme' located by 'By.xpath: //*/div[1]/app-radio-tree-button/div/p-radiobutton/div/div[2]/span' in '5' second(s)

03-01-2024T15:41:06 - [MESSAGE][INFO] - Smart Wait Function is triggered

03-01-2024T15:41:06 - [MESSAGE][INFO] - Found 1 web elements with id: 'Object Repository/Page_Accueil_Usager/CheckBox_Moi-meme' located by 'By.xpath: //*/div[1]/app-radio-tree-button/div/p-radiobutton/div/div[2]/span' in '5' second(s)

03-01-2024T15:41:06 - [MESSAGE][INFO] - Checking on bject 'Object Repository/Page_Accueil_Usager/CheckBox_Moi-meme'

03-01-2024T15:41:08 - [MESSAGE][PASSED] - Object 'Object Repository/Page_Accueil_Usager/CheckBox_Moi-meme' is checked

03-01-2024T15:41:08 - [TEST_STEP][PASSED] - break: null

03-01-2024T15:41:08 - [TEST_STEP][PASSED] - click(findTestObject("Object Repository/Page_Accueil_Usager/btn_JeContinue"), OPTIONAL): Object: 'Object Repository/Page_Accueil_Usager/btn_JeContinue' is clicked on

03-01-2024T15:41:08 - [MESSAGE][INFO] - Finding Test Object 'Object Repository/Page_Accueil_Usager/btn_JeContinue'

03-01-2024T15:41:09 - [MESSAGE][INFO] - Checking timeout

03-01-2024T15:41:09 - [MESSAGE][INFO] - Finding web element with id: 'Object Repository/Page_Accueil_Usager/btn_JeContinue' located by 'By.xpath: //*[@ng-reflect-label='Je continue']|/html/body/app-root/div/app-portal/main/app-triage-demandeur/div/div/div/form/div[2]/button/span' in '20' second(s)

03-01-2024T15:41:09 - [MESSAGE][INFO] - Smart Wait Function is triggered

03-01-2024T15:41:09 - [MESSAGE][INFO] - Found 2 web elements with id: 'Object Repository/Page_Accueil_Usager/btn_JeContinue' located by 'By.xpath: //*[@ng-reflect-label='Je continue']|/html/body/app-root/div/app-portal/main/app-triage-demandeur/div/div/div/form/div[2]/button/span' in '20' second(s)

03-01-2024T15:41:09 - [MESSAGE][INFO] - Checking object

03-01-2024T15:41:09 - [MESSAGE][INFO] - Checking timeout

03-01-2024T15:41:09 - [MESSAGE][INFO] - Finding web element from Test Object's properties

03-01-2024T15:41:09 - [MESSAGE][INFO] - Checking timeout

03-01-2024T15:41:09 - [MESSAGE][INFO] - Finding web element with id: 'Object Repository/Page_Accueil_Usager/btn_JeContinue' located by 'By.xpath: //*[@ng-reflect-label='Je continue']|/html/body/app-root/div/app-portal/main/app-triage-demandeur/div/div/div/form/div[2]/button/span' in '5' second(s)

03-01-2024T15:41:09 - [MESSAGE][INFO] - Smart Wait Function is triggered

03-01-2024T15:41:09 - [MESSAGE][INFO] - Found 2 web elements with id: 'Object Repository/Page_Accueil_Usager/btn_JeContinue' located by 'By.xpath: //*[@ng-reflect-label='Je continue']|/html/body/app-root/div/app-portal/main/app-triage-demandeur/div/div/div/form/div[2]/button/span' in '5' second(s)

03-01-2024T15:41:09 - [MESSAGE][INFO] - Clicking on object: 'Object Repository/Page_Accueil_Usager/btn_JeContinue'

03-01-2024T15:41:11 - [MESSAGE][PASSED] - Object: 'Object Repository/Page_Accueil_Usager/btn_JeContinue' is clicked on

03-01-2024T15:41:11 - [TEST_STEP][PASSED] - if (ChangementSituation == "Non"): Call Test Case 'Test Cases/Test Reutilisable/Main/Verif_PopUpVotreTitreEstExpiréDepuis9Mois' successfully

03-01-2024T15:41:11 - [TEST_STEP][PASSED] - callTestCase(findTestCase("Test Cases/Test Reutilisable/Main/Verif_PopUpVotreTitreEstExpiréDepuis9Mois"), [:], STOP_ON_FAILURE): Call Test Case 'Test Cases/Test Reutilisable/Main/Verif_PopUpVotreTitreEstExpiréDepuis9Mois' successfully

03-01-2024T15:41:11 - [MESSAGE][INFO] - Checking called Test Case

03-01-2024T15:41:11 - [MESSAGE][INFO] - Starting to call Test Case 'Test Cases/Test Reutilisable/Main/Verif_PopUpVotreTitreEstExpiréDepuis9Mois'

03-01-2024T15:41:11 - [TEST_CASE][PASSED] - Test Cases/Test Reutilisable/Main/Verif_PopUpVotreTitreEstExpiréDepuis9Mois: Test Cases/Test Reutilisable/Main/Verif_PopUpVotreTitreEstExpiréDepuis9Mois

03-01-2024T15:41:11 - [TEST_STEP][PASSED] - "Vérification s il y a un message Erreur :Votre Titre De séjour est Expiré Depuis 9 Mois.": null

03-01-2024T15:41:11 - [TEST_STEP][PASSED] - MsgAlertPresent = verifyElementPresent(findTestObject("Object Repository/Page_Accueil_Usager/Verif_PopUpVotreTitreDeSejourEstExpireDepuis9Mois"), 1, OPTIONAL): com.kms.katalon.core.webui.exception.WebElementNotFoundException: Web element with id: 'Object Repository/Page_Accueil_Usager/Verif_PopUpVotreTitreDeSejourEstExpireDepuis9Mois' located by '/html/body/app-root/div/app-portal/main/app-theme-v2/div/app-triage/div/div/div/form/div[1]/div/p-message/div/span[2]/strong[1]' not found (Root cause: com.kms.katalon.core.exception.StepFailedException: com.kms.katalon.core.webui.exception.WebElementNotFoundException: Web element with id: 'Object Repository/Page_Accueil_Usager/Verif_PopUpVotreTitreDeSejourEstExpireDepuis9Mois' located by '/html/body/app-root/div/app-portal/main/app-theme-v2/div/app-triage/div/div/div/form/div[1]/div/p-message/div/span[2]/strong[1]' not found
	at com.kms.katalon.core.webui.keyword.internal.WebUIKeywordMain.stepFailed(WebUIKeywordMain.groovy:64)
	at com.kms.katalon.core.webui.keyword.builtin.VerifyElementPresentKeyword$_verifyElementPresent_closure1.doCall(VerifyElementPresentKeyword.groovy:85)
	at com.kms.katalon.core.webui.keyword.builtin.VerifyElementPresentKeyword$_verifyElementPresent_closure1.call(VerifyElementPresentKeyword.groovy)
	at com.kms.katalon.core.webui.keyword.internal.WebUIKeywordMain.runKeyword(WebUIKeywordMain.groovy:20)
	at com.kms.katalon.core.webui.keyword.builtin.VerifyElementPresentKeyword.verifyElementPresent(VerifyElementPresentKeyword.groovy:92)
	at com.kms.katalon.core.webui.keyword.builtin.VerifyElementPresentKeyword.execute(VerifyElementPresentKeyword.groovy:68)
	at com.kms.katalon.core.keyword.internal.KeywordExecutor.executeKeywordForPlatform(KeywordExecutor.groovy:74)
	at com.kms.katalon.core.webui.keyword.WebUiBuiltInKeywords.verifyElementPresent(WebUiBuiltInKeywords.groovy:1487)
	at java.base/jdk.internal.reflect.NativeMethodAccessorImpl.invoke0(Native Method)
	at java.base/jdk.internal.reflect.NativeMethodAccessorImpl.invoke(NativeMethodAccessorImpl.java:77)
	at java.base/jdk.internal.reflect.DelegatingMethodAccessorImpl.invoke(DelegatingMethodAccessorImpl.java:43)
	at com.kazurayam.ksbackyard.HighlightElement$_pandemic_closure1.doCall(HighlightElement.groovy:105)
	at jdk.internal.reflect.GeneratedMethodAccessor5.invoke(Unknown Source)
	at java.base/jdk.internal.reflect.DelegatingMethodAccessorImpl.invoke(DelegatingMethodAccessorImpl.java:43)
	at Verif_PopUpVotreTitreEstExpiréDepuis9Mois.run(Verif_PopUpVotreTitreEstExpiréDepuis9Mois:28)
	at com.kms.katalon.core.main.ScriptEngine.run(ScriptEngine.java:194)
	at com.kms.katalon.core.main.ScriptEngine.runScriptAsRawText(ScriptEngine.java:119)
	at com.kms.katalon.core.main.TestCaseExecutor.runScript(TestCaseExecutor.java:448)
	at com.kms.katalon.core.main.TestCaseExecutor.doExecute(TestCaseExecutor.java:439)
	at com.kms.katalon.core.main.TestCaseExecutor.processExecutionPhase(TestCaseExecutor.java:418)
	at com.kms.katalon.core.main.TestCaseExecutor.accessMainPhase(TestCaseExecutor.java:410)
	at com.kms.katalon.core.main.TestCaseExecutor.execute(TestCaseExecutor.java:285)
	at com.kms.katalon.core.main.TestCaseMain.runTestCase(TestCaseMain.java:137)
	at com.kms.katalon.core.keyword.builtin.CallTestCaseKeyword$_callTestCase_closure1.doCall(CallTestCaseKeyword.groovy:59)
	at com.kms.katalon.core.keyword.builtin.CallTestCaseKeyword$_callTestCase_closure1.call(CallTestCaseKeyword.groovy)
	at com.kms.katalon.core.keyword.internal.KeywordMain.runKeyword(KeywordMain.groovy:75)
	at com.kms.katalon.core.keyword.builtin.CallTestCaseKeyword.callTestCase(CallTestCaseKeyword.groovy:81)
	at com.kms.katalon.core.keyword.builtin.CallTestCaseKeyword.execute(CallTestCaseKeyword.groovy:44)
	at com.kms.katalon.core.keyword.internal.KeywordExecutor.executeKeywordForPlatform(KeywordExecutor.groovy:74)
	at com.kms.katalon.core.keyword.BuiltinKeywords.callTestCase(BuiltinKeywords.groovy:310)
	at java.base/jdk.internal.reflect.NativeMethodAccessorImpl.invoke0(Native Method)
	at java.base/jdk.internal.reflect.NativeMethodAccessorImpl.invoke(NativeMethodAccessorImpl.java:77)
	at java.base/jdk.internal.reflect.DelegatingMethodAccessorImpl.invoke(DelegatingMethodAccessorImpl.java:43)
	at com.kazurayam.ksbackyard.HighlightElement$_pandemic_closure1.doCall(HighlightElement.groovy:105)
	at jdk.internal.reflect.GeneratedMethodAccessor5.invoke(Unknown Source)
	at java.base/jdk.internal.reflect.DelegatingMethodAccessorImpl.invoke(DelegatingMethodAccessorImpl.java:43)
	at DemandeOuRenouvelleTitreSejour.run(DemandeOuRenouvelleTitreSejour:107)
	at com.kms.katalon.core.main.ScriptEngine.run(ScriptEngine.java:194)
	at com.kms.katalon.core.main.ScriptEngine.runScriptAsRawText(ScriptEngine.java:119)
	at com.kms.katalon.core.main.TestCaseExecutor.runScript(TestCaseExecutor.java:448)
	at com.kms.katalon.core.main.TestCaseExecutor.doExecute(TestCaseExecutor.java:439)
	at com.kms.katalon.core.main.TestCaseExecutor.processExecutionPhase(TestCaseExecutor.java:418)
	at com.kms.katalon.core.main.TestCaseExecutor.accessMainPhase(TestCaseExecutor.java:410)
	at com.kms.katalon.core.main.TestCaseExecutor.execute(TestCaseExecutor.java:285)
	at com.kms.katalon.core.main.TestCaseMain.runTestCase(TestCaseMain.java:137)
	at com.kms.katalon.core.keyword.builtin.CallTestCaseKeyword$_callTestCase_closure1.doCall(CallTestCaseKeyword.groovy:59)
	at com.kms.katalon.core.keyword.builtin.CallTestCaseKeyword$_callTestCase_closure1.call(CallTestCaseKeyword.groovy)
	at com.kms.katalon.core.keyword.internal.KeywordMain.runKeyword(KeywordMain.groovy:75)
	at com.kms.katalon.core.keyword.builtin.CallTestCaseKeyword.callTestCase(CallTestCaseKeyword.groovy:81)
	at com.kms.katalon.core.keyword.builtin.CallTestCaseKeyword.execute(CallTestCaseKeyword.groovy:44)
	at com.kms.katalon.core.keyword.internal.KeywordExecutor.executeKeywordForPlatform(KeywordExecutor.groovy:74)
	at com.kms.katalon.core.keyword.BuiltinKeywords.callTestCase(BuiltinKeywords.groovy:310)
	at java.base/jdk.internal.reflect.NativeMethodAccessorImpl.invoke0(Native Method)
	at java.base/jdk.internal.reflect.NativeMethodAccessorImpl.invoke(NativeMethodAccessorImpl.java:77)
	at java.base/jdk.internal.reflect.DelegatingMethodAccessorImpl.invoke(DelegatingMethodAccessorImpl.java:43)
	at com.kazurayam.ksbackyard.HighlightElement$_pandemic_closure1.doCall(HighlightElement.groovy:105)
	at jdk.internal.reflect.GeneratedMethodAccessor5.invoke(Unknown Source)
	at java.base/jdk.internal.reflect.DelegatingMethodAccessorImpl.invoke(DelegatingMethodAccessorImpl.java:43)
	at TNR R.TSPT Supp90-Visiteur.run(TNR R.TSPT Supp90-Visiteur:39)
	at com.kms.katalon.core.main.ScriptEngine.run(ScriptEngine.java:194)
	at com.kms.katalon.core.main.ScriptEngine.runScriptAsRawText(ScriptEngine.java:119)
	at com.kms.katalon.core.main.TestCaseExecutor.runScript(TestCaseExecutor.java:448)
	at com.kms.katalon.core.main.TestCaseExecutor.doExecute(TestCaseExecutor.java:439)
	at com.kms.katalon.core.main.TestCaseExecutor.processExecutionPhase(TestCaseExecutor.java:418)
	at com.kms.katalon.core.main.TestCaseExecutor.accessMainPhase(TestCaseExecutor.java:410)
	at com.kms.katalon.core.main.TestCaseExecutor.execute(TestCaseExecutor.java:285)
	at com.kms.katalon.core.common.CommonExecutor.accessTestCaseMainPhase(CommonExecutor.java:65)
	at com.kms.katalon.core.main.TestSuiteExecutor.accessTestSuiteMainPhase(TestSuiteExecutor.java:148)
	at com.kms.katalon.core.main.TestSuiteExecutor.execute(TestSuiteExecutor.java:106)
	at com.kms.katalon.core.main.TestCaseMain.startTestSuite(TestCaseMain.java:180)
	at TempTestSuite1704292590673.run(TempTestSuite1704292590673.groovy:36)
	at java.base/jdk.internal.reflect.NativeMethodAccessorImpl.invoke0(Native Method)
	at java.base/jdk.internal.reflect.NativeMethodAccessorImpl.invoke(NativeMethodAccessorImpl.java:77)
	at java.base/jdk.internal.reflect.DelegatingMethodAccessorImpl.invoke(DelegatingMethodAccessorImpl.java:43)
)

03-01-2024T15:41:11 - [MESSAGE][INFO] - Finding Test Object 'Object Repository/Page_Accueil_Usager/Verif_PopUpVotreTitreDeSejourEstExpireDepuis9Mois'

03-01-2024T15:41:11 - [MESSAGE][INFO] - Checking object

03-01-2024T15:41:11 - [MESSAGE][INFO] - Finding web element from Test Object's properties

03-01-2024T15:41:11 - [MESSAGE][INFO] - Checking timeout

03-01-2024T15:41:11 - [MESSAGE][INFO] - Finding web element with id: 'Object Repository/Page_Accueil_Usager/Verif_PopUpVotreTitreDeSejourEstExpireDepuis9Mois' located by 'By.xpath: /html/body/app-root/div/app-portal/main/app-theme-v2/div/app-triage/div/div/div/form/div[1]/div/p-message/div/span[2]/strong[1]' in '1' second(s)

03-01-2024T15:41:11 - [MESSAGE][INFO] - Smart Wait Function is triggered

03-01-2024T15:41:11 - [MESSAGE][INFO] - Smart Wait Function is triggered

03-01-2024T15:41:11 - [MESSAGE][INFO] - Smart Wait Function is triggered

03-01-2024T15:41:11 - [MESSAGE][INFO] - Smart Wait Function is triggered

03-01-2024T15:41:11 - [MESSAGE][INFO] - Smart Wait Function is triggered

03-01-2024T15:41:11 - [MESSAGE][INFO] - Smart Wait Function is triggered

03-01-2024T15:41:11 - [MESSAGE][INFO] - Smart Wait Function is triggered

03-01-2024T15:41:11 - [MESSAGE][INFO] - Smart Wait Function is triggered

03-01-2024T15:41:11 - [MESSAGE][INFO] - Smart Wait Function is triggered

03-01-2024T15:41:11 - [MESSAGE][INFO] - Smart Wait Function is triggered

03-01-2024T15:41:11 - [MESSAGE][INFO] - Smart Wait Function is triggered

03-01-2024T15:41:11 - [MESSAGE][INFO] - Smart Wait Function is triggered

03-01-2024T15:41:12 - [MESSAGE][INFO] - Smart Wait Function is triggered

03-01-2024T15:41:12 - [MESSAGE][INFO] - Smart Wait Function is triggered

03-01-2024T15:41:12 - [MESSAGE][INFO] - Smart Wait Function is triggered

03-01-2024T15:41:12 - [MESSAGE][INFO] - Smart Wait Function is triggered

03-01-2024T15:41:12 - [MESSAGE][INFO] - Smart Wait Function is triggered

03-01-2024T15:41:12 - [MESSAGE][INFO] - Smart Wait Function is triggered

03-01-2024T15:41:12 - [MESSAGE][INFO] - Smart Wait Function is triggered

03-01-2024T15:41:12 - [MESSAGE][INFO] - Smart Wait Function is triggered

03-01-2024T15:41:12 - [MESSAGE][INFO] - Smart Wait Function is triggered

03-01-2024T15:41:12 - [MESSAGE][INFO] - Smart Wait Function is triggered

03-01-2024T15:41:12 - [MESSAGE][INFO] - Smart Wait Function is triggered

03-01-2024T15:41:12 - [MESSAGE][INFO] - Smart Wait Function is triggered

03-01-2024T15:41:12 - [MESSAGE][INFO] - Smart Wait Function is triggered

03-01-2024T15:41:12 - [MESSAGE][INFO] - Smart Wait Function is triggered

03-01-2024T15:41:12 - [MESSAGE][INFO] - Smart Wait Function is triggered

03-01-2024T15:41:12 - [MESSAGE][INFO] - Smart Wait Function is triggered

03-01-2024T15:41:12 - [MESSAGE][INFO] - Smart Wait Function is triggered

03-01-2024T15:41:12 - [MESSAGE][INFO] - Smart Wait Function is triggered

03-01-2024T15:41:12 - [MESSAGE][INFO] - Smart Wait Function is triggered

03-01-2024T15:41:12 - [MESSAGE][INFO] - Smart Wait Function is triggered

03-01-2024T15:41:12 - [MESSAGE][INFO] - Smart Wait Function is triggered

03-01-2024T15:41:12 - [MESSAGE][INFO] - Smart Wait Function is triggered

03-01-2024T15:41:12 - [MESSAGE][INFO] - Smart Wait Function is triggered

03-01-2024T15:41:12 - [MESSAGE][INFO] - Smart Wait Function is triggered

03-01-2024T15:41:12 - [MESSAGE][INFO] - Smart Wait Function is triggered

03-01-2024T15:41:12 - [MESSAGE][INFO] - Smart Wait Function is triggered

03-01-2024T15:41:12 - [MESSAGE][INFO] - Smart Wait Function is triggered

03-01-2024T15:41:12 - [MESSAGE][INFO] - Smart Wait Function is triggered

03-01-2024T15:41:12 - [MESSAGE][INFO] - Smart Wait Function is triggered

03-01-2024T15:41:12 - [MESSAGE][INFO] - Smart Wait Function is triggered

03-01-2024T15:41:12 - [MESSAGE][INFO] - Smart Wait Function is triggered

03-01-2024T15:41:12 - [MESSAGE][INFO] - Smart Wait Function is triggered

03-01-2024T15:41:12 - [MESSAGE][INFO] - Smart Wait Function is triggered

03-01-2024T15:41:12 - [MESSAGE][INFO] - Smart Wait Function is triggered

03-01-2024T15:41:12 - [MESSAGE][INFO] - Smart Wait Function is triggered

03-01-2024T15:41:12 - [MESSAGE][INFO] - Smart Wait Function is triggered

03-01-2024T15:41:12 - [MESSAGE][INFO] - Smart Wait Function is triggered

03-01-2024T15:41:12 - [MESSAGE][INFO] - Smart Wait Function is triggered

03-01-2024T15:41:12 - [MESSAGE][INFO] - Smart Wait Function is triggered

03-01-2024T15:41:12 - [MESSAGE][INFO] - Smart Wait Function is triggered

03-01-2024T15:41:13 - [MESSAGE][INFO] - Smart Wait Function is triggered

03-01-2024T15:41:13 - [MESSAGE][INFO] - Smart Wait Function is triggered

03-01-2024T15:41:13 - [MESSAGE][INFO] - Smart Wait Function is triggered

03-01-2024T15:41:13 - [MESSAGE][INFO] - Smart Wait Function is triggered

03-01-2024T15:41:13 - [MESSAGE][INFO] - Smart Wait Function is triggered

03-01-2024T15:41:13 - [MESSAGE][INFO] - Smart Wait Function is triggered

03-01-2024T15:41:13 - [MESSAGE][INFO] - Smart Wait Function is triggered

03-01-2024T15:41:13 - [MESSAGE][INFO] - Smart Wait Function is triggered

03-01-2024T15:41:13 - [MESSAGE][INFO] - Smart Wait Function is triggered

03-01-2024T15:41:13 - [MESSAGE][INFO] - Smart Wait Function is triggered

03-01-2024T15:41:13 - [MESSAGE][INFO] - Smart Wait Function is triggered

03-01-2024T15:41:13 - [MESSAGE][INFO] - Smart Wait Function is triggered

03-01-2024T15:41:13 - [MESSAGE][INFO] - Smart Wait Function is triggered

03-01-2024T15:41:13 - [MESSAGE][INFO] - Smart Wait Function is triggered

03-01-2024T15:41:13 - [MESSAGE][INFO] - Smart Wait Function is triggered

03-01-2024T15:41:13 - [MESSAGE][INFO] - Smart Wait Function is triggered

03-01-2024T15:41:13 - [MESSAGE][INFO] - Smart Wait Function is triggered

03-01-2024T15:41:13 - [MESSAGE][INFO] - Smart Wait Function is triggered

03-01-2024T15:41:13 - [MESSAGE][INFO] - Smart Wait Function is triggered

03-01-2024T15:41:13 - [MESSAGE][INFO] - Smart Wait Function is triggered

03-01-2024T15:41:13 - [MESSAGE][INFO] - Smart Wait Function is triggered

03-01-2024T15:41:13 - [MESSAGE][INFO] - Smart Wait Function is triggered

03-01-2024T15:41:13 - [MESSAGE][INFO] - Smart Wait Function is triggered

03-01-2024T15:41:13 - [MESSAGE][INFO] - Smart Wait Function is triggered

03-01-2024T15:41:13 - [MESSAGE][INFO] - Smart Wait Function is triggered

03-01-2024T15:41:13 - [MESSAGE][INFO] - Smart Wait Function is triggered

03-01-2024T15:41:13 - [MESSAGE][INFO] - Smart Wait Function is triggered

03-01-2024T15:41:13 - [MESSAGE][INFO] - Smart Wait Function is triggered

03-01-2024T15:41:13 - [MESSAGE][INFO] - Smart Wait Function is triggered

03-01-2024T15:41:13 - [MESSAGE][INFO] - Smart Wait Function is triggered

03-01-2024T15:41:13 - [MESSAGE][INFO] - Smart Wait Function is triggered

03-01-2024T15:41:13 - [MESSAGE][INFO] - Smart Wait Function is triggered

03-01-2024T15:41:13 - [MESSAGE][INFO] - Unable to find the element located by 'By.xpath: /html/body/app-root/div/app-portal/main/app-theme-v2/div/app-triage/div/div/div/form/div[1]/div/p-message/div/span[2]/strong[1]'. Please recheck the objects properties to make sure the desired element is located. 

03-01-2024T15:41:13 - [MESSAGE][WARNING] - com.kms.katalon.core.webui.exception.WebElementNotFoundException: Web element with id: 'Object Repository/Page_Accueil_Usager/Verif_PopUpVotreTitreDeSejourEstExpireDepuis9Mois' located by '/html/body/app-root/div/app-portal/main/app-theme-v2/div/app-triage/div/div/div/form/div[1]/div/p-message/div/span[2]/strong[1]' not found (Root cause: com.kms.katalon.core.exception.StepFailedException: com.kms.katalon.core.webui.exception.WebElementNotFoundException: Web element with id: 'Object Repository/Page_Accueil_Usager/Verif_PopUpVotreTitreDeSejourEstExpireDepuis9Mois' located by '/html/body/app-root/div/app-portal/main/app-theme-v2/div/app-triage/div/div/div/form/div[1]/div/p-message/div/span[2]/strong[1]' not found
	at com.kms.katalon.core.webui.keyword.internal.WebUIKeywordMain.stepFailed(WebUIKeywordMain.groovy:64)
	at com.kms.katalon.core.webui.keyword.builtin.VerifyElementPresentKeyword$_verifyElementPresent_closure1.doCall(VerifyElementPresentKeyword.groovy:85)
	at com.kms.katalon.core.webui.keyword.builtin.VerifyElementPresentKeyword$_verifyElementPresent_closure1.call(VerifyElementPresentKeyword.groovy)
	at com.kms.katalon.core.webui.keyword.internal.WebUIKeywordMain.runKeyword(WebUIKeywordMain.groovy:20)
	at com.kms.katalon.core.webui.keyword.builtin.VerifyElementPresentKeyword.verifyElementPresent(VerifyElementPresentKeyword.groovy:92)
	at com.kms.katalon.core.webui.keyword.builtin.VerifyElementPresentKeyword.execute(VerifyElementPresentKeyword.groovy:68)
	at com.kms.katalon.core.keyword.internal.KeywordExecutor.executeKeywordForPlatform(KeywordExecutor.groovy:74)
	at com.kms.katalon.core.webui.keyword.WebUiBuiltInKeywords.verifyElementPresent(WebUiBuiltInKeywords.groovy:1487)
	at java.base/jdk.internal.reflect.NativeMethodAccessorImpl.invoke0(Native Method)
	at java.base/jdk.internal.reflect.NativeMethodAccessorImpl.invoke(NativeMethodAccessorImpl.java:77)
	at java.base/jdk.internal.reflect.DelegatingMethodAccessorImpl.invoke(DelegatingMethodAccessorImpl.java:43)
	at com.kazurayam.ksbackyard.HighlightElement$_pandemic_closure1.doCall(HighlightElement.groovy:105)
	at jdk.internal.reflect.GeneratedMethodAccessor5.invoke(Unknown Source)
	at java.base/jdk.internal.reflect.DelegatingMethodAccessorImpl.invoke(DelegatingMethodAccessorImpl.java:43)
	at Verif_PopUpVotreTitreEstExpiréDepuis9Mois.run(Verif_PopUpVotreTitreEstExpiréDepuis9Mois:28)
	at com.kms.katalon.core.main.ScriptEngine.run(ScriptEngine.java:194)
	at com.kms.katalon.core.main.ScriptEngine.runScriptAsRawText(ScriptEngine.java:119)
	at com.kms.katalon.core.main.TestCaseExecutor.runScript(TestCaseExecutor.java:448)
	at com.kms.katalon.core.main.TestCaseExecutor.doExecute(TestCaseExecutor.java:439)
	at com.kms.katalon.core.main.TestCaseExecutor.processExecutionPhase(TestCaseExecutor.java:418)
	at com.kms.katalon.core.main.TestCaseExecutor.accessMainPhase(TestCaseExecutor.java:410)
	at com.kms.katalon.core.main.TestCaseExecutor.execute(TestCaseExecutor.java:285)
	at com.kms.katalon.core.main.TestCaseMain.runTestCase(TestCaseMain.java:137)
	at com.kms.katalon.core.keyword.builtin.CallTestCaseKeyword$_callTestCase_closure1.doCall(CallTestCaseKeyword.groovy:59)
	at com.kms.katalon.core.keyword.builtin.CallTestCaseKeyword$_callTestCase_closure1.call(CallTestCaseKeyword.groovy)
	at com.kms.katalon.core.keyword.internal.KeywordMain.runKeyword(KeywordMain.groovy:75)
	at com.kms.katalon.core.keyword.builtin.CallTestCaseKeyword.callTestCase(CallTestCaseKeyword.groovy:81)
	at com.kms.katalon.core.keyword.builtin.CallTestCaseKeyword.execute(CallTestCaseKeyword.groovy:44)
	at com.kms.katalon.core.keyword.internal.KeywordExecutor.executeKeywordForPlatform(KeywordExecutor.groovy:74)
	at com.kms.katalon.core.keyword.BuiltinKeywords.callTestCase(BuiltinKeywords.groovy:310)
	at java.base/jdk.internal.reflect.NativeMethodAccessorImpl.invoke0(Native Method)
	at java.base/jdk.internal.reflect.NativeMethodAccessorImpl.invoke(NativeMethodAccessorImpl.java:77)
	at java.base/jdk.internal.reflect.DelegatingMethodAccessorImpl.invoke(DelegatingMethodAccessorImpl.java:43)
	at com.kazurayam.ksbackyard.HighlightElement$_pandemic_closure1.doCall(HighlightElement.groovy:105)
	at jdk.internal.reflect.GeneratedMethodAccessor5.invoke(Unknown Source)
	at java.base/jdk.internal.reflect.DelegatingMethodAccessorImpl.invoke(DelegatingMethodAccessorImpl.java:43)
	at DemandeOuRenouvelleTitreSejour.run(DemandeOuRenouvelleTitreSejour:107)
	at com.kms.katalon.core.main.ScriptEngine.run(ScriptEngine.java:194)
	at com.kms.katalon.core.main.ScriptEngine.runScriptAsRawText(ScriptEngine.java:119)
	at com.kms.katalon.core.main.TestCaseExecutor.runScript(TestCaseExecutor.java:448)
	at com.kms.katalon.core.main.TestCaseExecutor.doExecute(TestCaseExecutor.java:439)
	at com.kms.katalon.core.main.TestCaseExecutor.processExecutionPhase(TestCaseExecutor.java:418)
	at com.kms.katalon.core.main.TestCaseExecutor.accessMainPhase(TestCaseExecutor.java:410)
	at com.kms.katalon.core.main.TestCaseExecutor.execute(TestCaseExecutor.java:285)
	at com.kms.katalon.core.main.TestCaseMain.runTestCase(TestCaseMain.java:137)
	at com.kms.katalon.core.keyword.builtin.CallTestCaseKeyword$_callTestCase_closure1.doCall(CallTestCaseKeyword.groovy:59)
	at com.kms.katalon.core.keyword.builtin.CallTestCaseKeyword$_callTestCase_closure1.call(CallTestCaseKeyword.groovy)
	at com.kms.katalon.core.keyword.internal.KeywordMain.runKeyword(KeywordMain.groovy:75)
	at com.kms.katalon.core.keyword.builtin.CallTestCaseKeyword.callTestCase(CallTestCaseKeyword.groovy:81)
	at com.kms.katalon.core.keyword.builtin.CallTestCaseKeyword.execute(CallTestCaseKeyword.groovy:44)
	at com.kms.katalon.core.keyword.internal.KeywordExecutor.executeKeywordForPlatform(KeywordExecutor.groovy:74)
	at com.kms.katalon.core.keyword.BuiltinKeywords.callTestCase(BuiltinKeywords.groovy:310)
	at java.base/jdk.internal.reflect.NativeMethodAccessorImpl.invoke0(Native Method)
	at java.base/jdk.internal.reflect.NativeMethodAccessorImpl.invoke(NativeMethodAccessorImpl.java:77)
	at java.base/jdk.internal.reflect.DelegatingMethodAccessorImpl.invoke(DelegatingMethodAccessorImpl.java:43)
	at com.kazurayam.ksbackyard.HighlightElement$_pandemic_closure1.doCall(HighlightElement.groovy:105)
	at jdk.internal.reflect.GeneratedMethodAccessor5.invoke(Unknown Source)
	at java.base/jdk.internal.reflect.DelegatingMethodAccessorImpl.invoke(DelegatingMethodAccessorImpl.java:43)
	at TNR R.TSPT Supp90-Visiteur.run(TNR R.TSPT Supp90-Visiteur:39)
	at com.kms.katalon.core.main.ScriptEngine.run(ScriptEngine.java:194)
	at com.kms.katalon.core.main.ScriptEngine.runScriptAsRawText(ScriptEngine.java:119)
	at com.kms.katalon.core.main.TestCaseExecutor.runScript(TestCaseExecutor.java:448)
	at com.kms.katalon.core.main.TestCaseExecutor.doExecute(TestCaseExecutor.java:439)
	at com.kms.katalon.core.main.TestCaseExecutor.processExecutionPhase(TestCaseExecutor.java:418)
	at com.kms.katalon.core.main.TestCaseExecutor.accessMainPhase(TestCaseExecutor.java:410)
	at com.kms.katalon.core.main.TestCaseExecutor.execute(TestCaseExecutor.java:285)
	at com.kms.katalon.core.common.CommonExecutor.accessTestCaseMainPhase(CommonExecutor.java:65)
	at com.kms.katalon.core.main.TestSuiteExecutor.accessTestSuiteMainPhase(TestSuiteExecutor.java:148)
	at com.kms.katalon.core.main.TestSuiteExecutor.execute(TestSuiteExecutor.java:106)
	at com.kms.katalon.core.main.TestCaseMain.startTestSuite(TestCaseMain.java:180)
	at TempTestSuite1704292590673.run(TempTestSuite1704292590673.groovy:36)
	at java.base/jdk.internal.reflect.NativeMethodAccessorImpl.invoke0(Native Method)
	at java.base/jdk.internal.reflect.NativeMethodAccessorImpl.invoke(NativeMethodAccessorImpl.java:77)
	at java.base/jdk.internal.reflect.DelegatingMethodAccessorImpl.invoke(DelegatingMethodAccessorImpl.java:43)
)
[[ATTACHMENT|C:\\Users\\ISSAM.RHARBAOUI\\git\\ANEF-RenouvellementSejour\\Reports\\20240103_153630\\TS_TNR_R.TSPT_Suppo90\\20240103_153630\\1704292873691.png]]

03-01-2024T15:41:13 - [TEST_STEP][PASSED] - if (MsgAlertPresent): null

03-01-2024T15:41:13 - [MESSAGE][PASSED] - Call Test Case 'Test Cases/Test Reutilisable/Main/Verif_PopUpVotreTitreEstExpiréDepuis9Mois' successfully

03-01-2024T15:41:13 - [MESSAGE][PASSED] - Call Test Case 'Test Cases/Test Reutilisable/DemandeOuRenouvelle_TitreSejour/DemandeOuRenouvelleTitreSejour' successfully

03-01-2024T15:41:13 - [TEST_STEP][PASSED] - if (ChangementSituation == "Non"): Call Test Case 'Test Cases/Test Reutilisable/DemandeOuRenouvelle_TitreSejour/FormulaireTypeDeTitreDeSejour' successfully

03-01-2024T15:41:13 - [TEST_STEP][PASSED] - callTestCase(findTestCase("Test Reutilisable/DemandeOuRenouvelle_TitreSejour/FormulaireTypeDeTitreDeSejour"), ["TypeTitreDeSejour":TypeTitreDeSejour, "Titre":Titre], STOP_ON_FAILURE): Call Test Case 'Test Cases/Test Reutilisable/DemandeOuRenouvelle_TitreSejour/FormulaireTypeDeTitreDeSejour' successfully

03-01-2024T15:41:13 - [MESSAGE][INFO] - Checking called Test Case

03-01-2024T15:41:13 - [MESSAGE][INFO] - Starting to call Test Case 'Test Cases/Test Reutilisable/DemandeOuRenouvelle_TitreSejour/FormulaireTypeDeTitreDeSejour'

03-01-2024T15:41:14 - [TEST_CASE][PASSED] - Test Cases/Test Reutilisable/DemandeOuRenouvelle_TitreSejour/FormulaireTypeDeTitreDeSejour: Test Cases/Test Reutilisable/DemandeOuRenouvelle_TitreSejour/FormulaireTypeDeTitreDeSejour

03-01-2024T15:41:14 - [TEST_STEP][PASSED] - com.kazurayam.ksbackyard.HighlightElement.pandemic(): com.kazurayam.ksbackyard.HighlightElement.pandemic is PASSED

03-01-2024T15:41:14 - [MESSAGE][PASSED] - com.kazurayam.ksbackyard.HighlightElement.pandemic is PASSED

03-01-2024T15:41:14 - [TEST_STEP][PASSED] - delay(10): Delayed 10 second(s)

03-01-2024T15:41:14 - [MESSAGE][INFO] - Delaying browser in 10 second(s)

03-01-2024T15:41:24 - [MESSAGE][PASSED] - Delayed 10 second(s)

03-01-2024T15:41:24 - [TEST_STEP][PASSED] - switch (TypeTitreDeSejour): null

03-01-2024T15:41:24 - [TEST_STEP][PASSED] - case "RenouvellementDeTitreSejour":: null

03-01-2024T15:41:24 - [TEST_STEP][PASSED] - if (Titre == "Visiteur" || Titre == "Etudiant"): Delayed 5 second(s)

03-01-2024T15:41:24 - [TEST_STEP][PASSED] - check(findTestObject("Object Repository/Page_DemarcheRenouvellement/CheckBox_SolliciteRenouvellementDeTitreSejour")): Object 'Object Repository/Page_DemarcheRenouvellement/CheckBox_SolliciteRenouvellementDeTitreSejour' is checked

03-01-2024T15:41:24 - [MESSAGE][INFO] - Finding Test Object 'Object Repository/Page_DemarcheRenouvellement/CheckBox_SolliciteRenouvellementDeTitreSejour'

03-01-2024T15:41:24 - [MESSAGE][INFO] - Checking object

03-01-2024T15:41:24 - [MESSAGE][INFO] - Finding web element from Test Object's properties

03-01-2024T15:41:24 - [MESSAGE][INFO] - Checking timeout

03-01-2024T15:41:24 - [MESSAGE][INFO] - Finding web element with id: 'Object Repository/Page_DemarcheRenouvellement/CheckBox_SolliciteRenouvellementDeTitreSejour' located by 'By.xpath: //*/div[1]/div/p-radiobutton/div/div[2]/span' in '5' second(s)

03-01-2024T15:41:24 - [MESSAGE][INFO] - Smart Wait Function is triggered

03-01-2024T15:41:24 - [MESSAGE][INFO] - Found 1 web elements with id: 'Object Repository/Page_DemarcheRenouvellement/CheckBox_SolliciteRenouvellementDeTitreSejour' located by 'By.xpath: //*/div[1]/div/p-radiobutton/div/div[2]/span' in '5' second(s)

03-01-2024T15:41:24 - [MESSAGE][INFO] - Checking on bject 'Object Repository/Page_DemarcheRenouvellement/CheckBox_SolliciteRenouvellementDeTitreSejour'

03-01-2024T15:41:26 - [MESSAGE][PASSED] - Object 'Object Repository/Page_DemarcheRenouvellement/CheckBox_SolliciteRenouvellementDeTitreSejour' is checked

03-01-2024T15:41:26 - [TEST_STEP][PASSED] - click(findTestObject("Object Repository/Page_DemarcheRenouvellement/btn_JeCommence")): Object: 'Object Repository/Page_DemarcheRenouvellement/btn_JeCommence' is clicked on

03-01-2024T15:41:26 - [MESSAGE][INFO] - Finding Test Object 'Object Repository/Page_DemarcheRenouvellement/btn_JeCommence'

03-01-2024T15:41:27 - [MESSAGE][INFO] - Checking timeout

03-01-2024T15:41:27 - [MESSAGE][INFO] - Finding web element with id: 'Object Repository/Page_DemarcheRenouvellement/btn_JeCommence' located by 'By.xpath: //app-informations-declaration//app-actions-bar//button/span[contains(.,'Je continue')]|//app-informations-demande-ptsq//app-actions-bar//button/span[contains(.,'Je continue')]|//*/div[2]/button/span|//button[@type="submit" and contains(., 'Je commence')]|//button[@type="submit" and contains(., 'Je continue')]' in '20' second(s)

03-01-2024T15:41:27 - [MESSAGE][INFO] - Smart Wait Function is triggered

03-01-2024T15:41:27 - [MESSAGE][INFO] - Found 1 web elements with id: 'Object Repository/Page_DemarcheRenouvellement/btn_JeCommence' located by 'By.xpath: //app-informations-declaration//app-actions-bar//button/span[contains(.,'Je continue')]|//app-informations-demande-ptsq//app-actions-bar//button/span[contains(.,'Je continue')]|//*/div[2]/button/span|//button[@type="submit" and contains(., 'Je commence')]|//button[@type="submit" and contains(., 'Je continue')]' in '20' second(s)

03-01-2024T15:41:27 - [MESSAGE][INFO] - Checking object

03-01-2024T15:41:27 - [MESSAGE][INFO] - Checking timeout

03-01-2024T15:41:27 - [MESSAGE][INFO] - Finding web element from Test Object's properties

03-01-2024T15:41:27 - [MESSAGE][INFO] - Checking timeout

03-01-2024T15:41:27 - [MESSAGE][INFO] - Finding web element with id: 'Object Repository/Page_DemarcheRenouvellement/btn_JeCommence' located by 'By.xpath: //app-informations-declaration//app-actions-bar//button/span[contains(.,'Je continue')]|//app-informations-demande-ptsq//app-actions-bar//button/span[contains(.,'Je continue')]|//*/div[2]/button/span|//button[@type="submit" and contains(., 'Je commence')]|//button[@type="submit" and contains(., 'Je continue')]' in '5' second(s)

03-01-2024T15:41:27 - [MESSAGE][INFO] - Smart Wait Function is triggered

03-01-2024T15:41:27 - [MESSAGE][INFO] - Found 1 web elements with id: 'Object Repository/Page_DemarcheRenouvellement/btn_JeCommence' located by 'By.xpath: //app-informations-declaration//app-actions-bar//button/span[contains(.,'Je continue')]|//app-informations-demande-ptsq//app-actions-bar//button/span[contains(.,'Je continue')]|//*/div[2]/button/span|//button[@type="submit" and contains(., 'Je commence')]|//button[@type="submit" and contains(., 'Je continue')]' in '5' second(s)

03-01-2024T15:41:27 - [MESSAGE][INFO] - Clicking on object: 'Object Repository/Page_DemarcheRenouvellement/btn_JeCommence'

03-01-2024T15:41:29 - [MESSAGE][PASSED] - Object: 'Object Repository/Page_DemarcheRenouvellement/btn_JeCommence' is clicked on

03-01-2024T15:41:29 - [TEST_STEP][PASSED] - delay(5): Delayed 5 second(s)

03-01-2024T15:41:29 - [MESSAGE][INFO] - Delaying browser in 5 second(s)

03-01-2024T15:41:34 - [MESSAGE][PASSED] - Delayed 5 second(s)

03-01-2024T15:41:34 - [TEST_STEP][PASSED] - click(findTestObject("Object Repository/Page_DemarcheRenouvellement/Btn_JeContinue")): Object: 'Object Repository/Page_DemarcheRenouvellement/Btn_JeContinue' is clicked on

03-01-2024T15:41:34 - [MESSAGE][INFO] - Finding Test Object 'Object Repository/Page_DemarcheRenouvellement/Btn_JeContinue'

03-01-2024T15:41:34 - [MESSAGE][INFO] - Checking timeout

03-01-2024T15:41:34 - [MESSAGE][INFO] - Finding web element with id: 'Object Repository/Page_DemarcheRenouvellement/Btn_JeContinue' located by 'By.xpath: //button[@type="submit" and contains(., 'Je commence')]|//span[@class="ui-button-text ui-clickable" and contains(., 'Je continue')]|//app-informations-declaration//app-actions-bar//button/span[contains(.,'Je continue')]|//app-informations-demande-ptch/div/app-actions-bar/div/div[2]/div/div[2]/button/span' in '20' second(s)

03-01-2024T15:41:34 - [MESSAGE][INFO] - Smart Wait Function is triggered

03-01-2024T15:41:34 - [MESSAGE][INFO] - Found 1 web elements with id: 'Object Repository/Page_DemarcheRenouvellement/Btn_JeContinue' located by 'By.xpath: //button[@type="submit" and contains(., 'Je commence')]|//span[@class="ui-button-text ui-clickable" and contains(., 'Je continue')]|//app-informations-declaration//app-actions-bar//button/span[contains(.,'Je continue')]|//app-informations-demande-ptch/div/app-actions-bar/div/div[2]/div/div[2]/button/span' in '20' second(s)

03-01-2024T15:41:34 - [MESSAGE][INFO] - Checking object

03-01-2024T15:41:34 - [MESSAGE][INFO] - Checking timeout

03-01-2024T15:41:34 - [MESSAGE][INFO] - Finding web element from Test Object's properties

03-01-2024T15:41:34 - [MESSAGE][INFO] - Checking timeout

03-01-2024T15:41:34 - [MESSAGE][INFO] - Finding web element with id: 'Object Repository/Page_DemarcheRenouvellement/Btn_JeContinue' located by 'By.xpath: //button[@type="submit" and contains(., 'Je commence')]|//span[@class="ui-button-text ui-clickable" and contains(., 'Je continue')]|//app-informations-declaration//app-actions-bar//button/span[contains(.,'Je continue')]|//app-informations-demande-ptch/div/app-actions-bar/div/div[2]/div/div[2]/button/span' in '5' second(s)

03-01-2024T15:41:34 - [MESSAGE][INFO] - Smart Wait Function is triggered

03-01-2024T15:41:34 - [MESSAGE][INFO] - Found 1 web elements with id: 'Object Repository/Page_DemarcheRenouvellement/Btn_JeContinue' located by 'By.xpath: //button[@type="submit" and contains(., 'Je commence')]|//span[@class="ui-button-text ui-clickable" and contains(., 'Je continue')]|//app-informations-declaration//app-actions-bar//button/span[contains(.,'Je continue')]|//app-informations-demande-ptch/div/app-actions-bar/div/div[2]/div/div[2]/button/span' in '5' second(s)

03-01-2024T15:41:34 - [MESSAGE][INFO] - Clicking on object: 'Object Repository/Page_DemarcheRenouvellement/Btn_JeContinue'

03-01-2024T15:41:36 - [MESSAGE][PASSED] - Object: 'Object Repository/Page_DemarcheRenouvellement/Btn_JeContinue' is clicked on

03-01-2024T15:41:36 - [TEST_STEP][PASSED] - delay(5): Delayed 5 second(s)

03-01-2024T15:41:36 - [MESSAGE][INFO] - Delaying browser in 5 second(s)

03-01-2024T15:41:41 - [MESSAGE][PASSED] - Delayed 5 second(s)

03-01-2024T15:41:41 - [TEST_STEP][PASSED] - break: null

03-01-2024T15:41:41 - [TEST_STEP][PASSED] - callTestCase(findTestCase("Test Cases/Test Reutilisable/Main/Verif_PopUpTropTotPourDemanderLeRenouvellementDeVotreTitre"), [:], STOP_ON_FAILURE): Call Test Case 'Test Cases/Test Reutilisable/Main/Verif_PopUpTropTotPourDemanderLeRenouvellementDeVotreTitre' successfully

03-01-2024T15:41:41 - [MESSAGE][INFO] - Checking called Test Case

03-01-2024T15:41:41 - [MESSAGE][INFO] - Starting to call Test Case 'Test Cases/Test Reutilisable/Main/Verif_PopUpTropTotPourDemanderLeRenouvellementDeVotreTitre'

03-01-2024T15:41:41 - [TEST_CASE][PASSED] - Test Cases/Test Reutilisable/Main/Verif_PopUpTropTotPourDemanderLeRenouvellementDeVotreTitre: Test Cases/Test Reutilisable/Main/Verif_PopUpTropTotPourDemanderLeRenouvellementDeVotreTitre

03-01-2024T15:41:41 - [TEST_STEP][PASSED] - "Vérification s il y a un message Erreur : Il est trop tôt pour demander le renouvellement de votre titre.": null

03-01-2024T15:41:41 - [TEST_STEP][PASSED] - MsgAlertPresent = verifyElementPresent(findTestObject("Object Repository/Page_Accueil_Usager/Verif_PopUpTropTotPourDemanderLeRenouvellementDeVotreTitre"), 1, OPTIONAL): com.kms.katalon.core.webui.exception.WebElementNotFoundException: Web element with id: 'Object Repository/Page_Accueil_Usager/Verif_PopUpTropTotPourDemanderLeRenouvellementDeVotreTitre' located by '/html/body/app-root/div/app-portal/main/app-theme-v2/div/app-triage/div/div/div/form/div[2]/div/p-message/div/span[2]' not found (Root cause: com.kms.katalon.core.exception.StepFailedException: com.kms.katalon.core.webui.exception.WebElementNotFoundException: Web element with id: 'Object Repository/Page_Accueil_Usager/Verif_PopUpTropTotPourDemanderLeRenouvellementDeVotreTitre' located by '/html/body/app-root/div/app-portal/main/app-theme-v2/div/app-triage/div/div/div/form/div[2]/div/p-message/div/span[2]' not found
	at com.kms.katalon.core.webui.keyword.internal.WebUIKeywordMain.stepFailed(WebUIKeywordMain.groovy:64)
	at com.kms.katalon.core.webui.keyword.builtin.VerifyElementPresentKeyword$_verifyElementPresent_closure1.doCall(VerifyElementPresentKeyword.groovy:85)
	at com.kms.katalon.core.webui.keyword.builtin.VerifyElementPresentKeyword$_verifyElementPresent_closure1.call(VerifyElementPresentKeyword.groovy)
	at com.kms.katalon.core.webui.keyword.internal.WebUIKeywordMain.runKeyword(WebUIKeywordMain.groovy:20)
	at com.kms.katalon.core.webui.keyword.builtin.VerifyElementPresentKeyword.verifyElementPresent(VerifyElementPresentKeyword.groovy:92)
	at com.kms.katalon.core.webui.keyword.builtin.VerifyElementPresentKeyword.execute(VerifyElementPresentKeyword.groovy:68)
	at com.kms.katalon.core.keyword.internal.KeywordExecutor.executeKeywordForPlatform(KeywordExecutor.groovy:74)
	at com.kms.katalon.core.webui.keyword.WebUiBuiltInKeywords.verifyElementPresent(WebUiBuiltInKeywords.groovy:1487)
	at java.base/jdk.internal.reflect.NativeMethodAccessorImpl.invoke0(Native Method)
	at java.base/jdk.internal.reflect.NativeMethodAccessorImpl.invoke(NativeMethodAccessorImpl.java:77)
	at java.base/jdk.internal.reflect.DelegatingMethodAccessorImpl.invoke(DelegatingMethodAccessorImpl.java:43)
	at com.kazurayam.ksbackyard.HighlightElement$_pandemic_closure1.doCall(HighlightElement.groovy:105)
	at jdk.internal.reflect.GeneratedMethodAccessor5.invoke(Unknown Source)
	at java.base/jdk.internal.reflect.DelegatingMethodAccessorImpl.invoke(DelegatingMethodAccessorImpl.java:43)
	at Verif_PopUpTropTotPourDemanderLeRenouvellementDeVotreTitre.run(Verif_PopUpTropTotPourDemanderLeRenouvellementDeVotreTitre:28)
	at com.kms.katalon.core.main.ScriptEngine.run(ScriptEngine.java:194)
	at com.kms.katalon.core.main.ScriptEngine.runScriptAsRawText(ScriptEngine.java:119)
	at com.kms.katalon.core.main.TestCaseExecutor.runScript(TestCaseExecutor.java:448)
	at com.kms.katalon.core.main.TestCaseExecutor.doExecute(TestCaseExecutor.java:439)
	at com.kms.katalon.core.main.TestCaseExecutor.processExecutionPhase(TestCaseExecutor.java:418)
	at com.kms.katalon.core.main.TestCaseExecutor.accessMainPhase(TestCaseExecutor.java:410)
	at com.kms.katalon.core.main.TestCaseExecutor.execute(TestCaseExecutor.java:285)
	at com.kms.katalon.core.main.TestCaseMain.runTestCase(TestCaseMain.java:137)
	at com.kms.katalon.core.keyword.builtin.CallTestCaseKeyword$_callTestCase_closure1.doCall(CallTestCaseKeyword.groovy:59)
	at com.kms.katalon.core.keyword.builtin.CallTestCaseKeyword$_callTestCase_closure1.call(CallTestCaseKeyword.groovy)
	at com.kms.katalon.core.keyword.internal.KeywordMain.runKeyword(KeywordMain.groovy:75)
	at com.kms.katalon.core.keyword.builtin.CallTestCaseKeyword.callTestCase(CallTestCaseKeyword.groovy:81)
	at com.kms.katalon.core.keyword.builtin.CallTestCaseKeyword.execute(CallTestCaseKeyword.groovy:44)
	at com.kms.katalon.core.keyword.internal.KeywordExecutor.executeKeywordForPlatform(KeywordExecutor.groovy:74)
	at com.kms.katalon.core.keyword.BuiltinKeywords.callTestCase(BuiltinKeywords.groovy:310)
	at java.base/jdk.internal.reflect.NativeMethodAccessorImpl.invoke0(Native Method)
	at java.base/jdk.internal.reflect.NativeMethodAccessorImpl.invoke(NativeMethodAccessorImpl.java:77)
	at java.base/jdk.internal.reflect.DelegatingMethodAccessorImpl.invoke(DelegatingMethodAccessorImpl.java:43)
	at com.kazurayam.ksbackyard.HighlightElement$_pandemic_closure1.doCall(HighlightElement.groovy:105)
	at jdk.internal.reflect.GeneratedMethodAccessor5.invoke(Unknown Source)
	at java.base/jdk.internal.reflect.DelegatingMethodAccessorImpl.invoke(DelegatingMethodAccessorImpl.java:43)
	at FormulaireTypeDeTitreDeSejour.run(FormulaireTypeDeTitreDeSejour:315)
	at com.kms.katalon.core.main.ScriptEngine.run(ScriptEngine.java:194)
	at com.kms.katalon.core.main.ScriptEngine.runScriptAsRawText(ScriptEngine.java:119)
	at com.kms.katalon.core.main.TestCaseExecutor.runScript(TestCaseExecutor.java:448)
	at com.kms.katalon.core.main.TestCaseExecutor.doExecute(TestCaseExecutor.java:439)
	at com.kms.katalon.core.main.TestCaseExecutor.processExecutionPhase(TestCaseExecutor.java:418)
	at com.kms.katalon.core.main.TestCaseExecutor.accessMainPhase(TestCaseExecutor.java:410)
	at com.kms.katalon.core.main.TestCaseExecutor.execute(TestCaseExecutor.java:285)
	at com.kms.katalon.core.main.TestCaseMain.runTestCase(TestCaseMain.java:137)
	at com.kms.katalon.core.keyword.builtin.CallTestCaseKeyword$_callTestCase_closure1.doCall(CallTestCaseKeyword.groovy:59)
	at com.kms.katalon.core.keyword.builtin.CallTestCaseKeyword$_callTestCase_closure1.call(CallTestCaseKeyword.groovy)
	at com.kms.katalon.core.keyword.internal.KeywordMain.runKeyword(KeywordMain.groovy:75)
	at com.kms.katalon.core.keyword.builtin.CallTestCaseKeyword.callTestCase(CallTestCaseKeyword.groovy:81)
	at com.kms.katalon.core.keyword.builtin.CallTestCaseKeyword.execute(CallTestCaseKeyword.groovy:44)
	at com.kms.katalon.core.keyword.internal.KeywordExecutor.executeKeywordForPlatform(KeywordExecutor.groovy:74)
	at com.kms.katalon.core.keyword.BuiltinKeywords.callTestCase(BuiltinKeywords.groovy:310)
	at java.base/jdk.internal.reflect.NativeMethodAccessorImpl.invoke0(Native Method)
	at java.base/jdk.internal.reflect.NativeMethodAccessorImpl.invoke(NativeMethodAccessorImpl.java:77)
	at java.base/jdk.internal.reflect.DelegatingMethodAccessorImpl.invoke(DelegatingMethodAccessorImpl.java:43)
	at com.kazurayam.ksbackyard.HighlightElement$_pandemic_closure1.doCall(HighlightElement.groovy:105)
	at jdk.internal.reflect.GeneratedMethodAccessor5.invoke(Unknown Source)
	at java.base/jdk.internal.reflect.DelegatingMethodAccessorImpl.invoke(DelegatingMethodAccessorImpl.java:43)
	at TNR R.TSPT Supp90-Visiteur.run(TNR R.TSPT Supp90-Visiteur:43)
	at com.kms.katalon.core.main.ScriptEngine.run(ScriptEngine.java:194)
	at com.kms.katalon.core.main.ScriptEngine.runScriptAsRawText(ScriptEngine.java:119)
	at com.kms.katalon.core.main.TestCaseExecutor.runScript(TestCaseExecutor.java:448)
	at com.kms.katalon.core.main.TestCaseExecutor.doExecute(TestCaseExecutor.java:439)
	at com.kms.katalon.core.main.TestCaseExecutor.processExecutionPhase(TestCaseExecutor.java:418)
	at com.kms.katalon.core.main.TestCaseExecutor.accessMainPhase(TestCaseExecutor.java:410)
	at com.kms.katalon.core.main.TestCaseExecutor.execute(TestCaseExecutor.java:285)
	at com.kms.katalon.core.common.CommonExecutor.accessTestCaseMainPhase(CommonExecutor.java:65)
	at com.kms.katalon.core.main.TestSuiteExecutor.accessTestSuiteMainPhase(TestSuiteExecutor.java:148)
	at com.kms.katalon.core.main.TestSuiteExecutor.execute(TestSuiteExecutor.java:106)
	at com.kms.katalon.core.main.TestCaseMain.startTestSuite(TestCaseMain.java:180)
	at TempTestSuite1704292590673.run(TempTestSuite1704292590673.groovy:36)
	at java.base/jdk.internal.reflect.NativeMethodAccessorImpl.invoke0(Native Method)
	at java.base/jdk.internal.reflect.NativeMethodAccessorImpl.invoke(NativeMethodAccessorImpl.java:77)
	at java.base/jdk.internal.reflect.DelegatingMethodAccessorImpl.invoke(DelegatingMethodAccessorImpl.java:43)
)

03-01-2024T15:41:41 - [MESSAGE][INFO] - Finding Test Object 'Object Repository/Page_Accueil_Usager/Verif_PopUpTropTotPourDemanderLeRenouvellementDeVotreTitre'

03-01-2024T15:41:41 - [MESSAGE][INFO] - Checking object

03-01-2024T15:41:41 - [MESSAGE][INFO] - Finding web element from Test Object's properties

03-01-2024T15:41:41 - [MESSAGE][INFO] - Checking timeout

03-01-2024T15:41:41 - [MESSAGE][INFO] - Finding web element with id: 'Object Repository/Page_Accueil_Usager/Verif_PopUpTropTotPourDemanderLeRenouvellementDeVotreTitre' located by 'By.xpath: /html/body/app-root/div/app-portal/main/app-theme-v2/div/app-triage/div/div/div/form/div[2]/div/p-message/div/span[2]' in '1' second(s)

03-01-2024T15:41:41 - [MESSAGE][INFO] - Smart Wait Function is triggered

03-01-2024T15:41:41 - [MESSAGE][INFO] - Smart Wait Function is triggered

03-01-2024T15:41:41 - [MESSAGE][INFO] - Smart Wait Function is triggered

03-01-2024T15:41:41 - [MESSAGE][INFO] - Smart Wait Function is triggered

03-01-2024T15:41:41 - [MESSAGE][INFO] - Smart Wait Function is triggered

03-01-2024T15:41:41 - [MESSAGE][INFO] - Smart Wait Function is triggered

03-01-2024T15:41:41 - [MESSAGE][INFO] - Smart Wait Function is triggered

03-01-2024T15:41:41 - [MESSAGE][INFO] - Smart Wait Function is triggered

03-01-2024T15:41:42 - [MESSAGE][INFO] - Smart Wait Function is triggered

03-01-2024T15:41:42 - [MESSAGE][INFO] - Smart Wait Function is triggered

03-01-2024T15:41:42 - [MESSAGE][INFO] - Smart Wait Function is triggered

03-01-2024T15:41:42 - [MESSAGE][INFO] - Smart Wait Function is triggered

03-01-2024T15:41:42 - [MESSAGE][INFO] - Smart Wait Function is triggered

03-01-2024T15:41:42 - [MESSAGE][INFO] - Smart Wait Function is triggered

03-01-2024T15:41:42 - [MESSAGE][INFO] - Smart Wait Function is triggered

03-01-2024T15:41:42 - [MESSAGE][INFO] - Smart Wait Function is triggered

03-01-2024T15:41:42 - [MESSAGE][INFO] - Smart Wait Function is triggered

03-01-2024T15:41:42 - [MESSAGE][INFO] - Smart Wait Function is triggered

03-01-2024T15:41:42 - [MESSAGE][INFO] - Smart Wait Function is triggered

03-01-2024T15:41:42 - [MESSAGE][INFO] - Smart Wait Function is triggered

03-01-2024T15:41:42 - [MESSAGE][INFO] - Smart Wait Function is triggered

03-01-2024T15:41:42 - [MESSAGE][INFO] - Smart Wait Function is triggered

03-01-2024T15:41:42 - [MESSAGE][INFO] - Smart Wait Function is triggered

03-01-2024T15:41:42 - [MESSAGE][INFO] - Smart Wait Function is triggered

03-01-2024T15:41:42 - [MESSAGE][INFO] - Smart Wait Function is triggered

03-01-2024T15:41:42 - [MESSAGE][INFO] - Smart Wait Function is triggered

03-01-2024T15:41:42 - [MESSAGE][INFO] - Smart Wait Function is triggered

03-01-2024T15:41:42 - [MESSAGE][INFO] - Smart Wait Function is triggered

03-01-2024T15:41:42 - [MESSAGE][INFO] - Smart Wait Function is triggered

03-01-2024T15:41:42 - [MESSAGE][INFO] - Smart Wait Function is triggered

03-01-2024T15:41:42 - [MESSAGE][INFO] - Smart Wait Function is triggered

03-01-2024T15:41:42 - [MESSAGE][INFO] - Smart Wait Function is triggered

03-01-2024T15:41:42 - [MESSAGE][INFO] - Smart Wait Function is triggered

03-01-2024T15:41:42 - [MESSAGE][INFO] - Smart Wait Function is triggered

03-01-2024T15:41:42 - [MESSAGE][INFO] - Smart Wait Function is triggered

03-01-2024T15:41:42 - [MESSAGE][INFO] - Smart Wait Function is triggered

03-01-2024T15:41:42 - [MESSAGE][INFO] - Smart Wait Function is triggered

03-01-2024T15:41:42 - [MESSAGE][INFO] - Smart Wait Function is triggered

03-01-2024T15:41:42 - [MESSAGE][INFO] - Smart Wait Function is triggered

03-01-2024T15:41:42 - [MESSAGE][INFO] - Smart Wait Function is triggered

03-01-2024T15:41:42 - [MESSAGE][INFO] - Smart Wait Function is triggered

03-01-2024T15:41:42 - [MESSAGE][INFO] - Smart Wait Function is triggered

03-01-2024T15:41:42 - [MESSAGE][INFO] - Smart Wait Function is triggered

03-01-2024T15:41:42 - [MESSAGE][INFO] - Smart Wait Function is triggered

03-01-2024T15:41:42 - [MESSAGE][INFO] - Smart Wait Function is triggered

03-01-2024T15:41:42 - [MESSAGE][INFO] - Smart Wait Function is triggered

03-01-2024T15:41:42 - [MESSAGE][INFO] - Smart Wait Function is triggered

03-01-2024T15:41:42 - [MESSAGE][INFO] - Smart Wait Function is triggered

03-01-2024T15:41:42 - [MESSAGE][INFO] - Smart Wait Function is triggered

03-01-2024T15:41:42 - [MESSAGE][INFO] - Smart Wait Function is triggered

03-01-2024T15:41:42 - [MESSAGE][INFO] - Smart Wait Function is triggered

03-01-2024T15:41:42 - [MESSAGE][INFO] - Smart Wait Function is triggered

03-01-2024T15:41:42 - [MESSAGE][INFO] - Smart Wait Function is triggered

03-01-2024T15:41:42 - [MESSAGE][INFO] - Smart Wait Function is triggered

03-01-2024T15:41:42 - [MESSAGE][INFO] - Smart Wait Function is triggered

03-01-2024T15:41:42 - [MESSAGE][INFO] - Smart Wait Function is triggered

03-01-2024T15:41:42 - [MESSAGE][INFO] - Smart Wait Function is triggered

03-01-2024T15:41:42 - [MESSAGE][INFO] - Smart Wait Function is triggered

03-01-2024T15:41:42 - [MESSAGE][INFO] - Smart Wait Function is triggered

03-01-2024T15:41:43 - [MESSAGE][INFO] - Smart Wait Function is triggered

03-01-2024T15:41:43 - [MESSAGE][INFO] - Smart Wait Function is triggered

03-01-2024T15:41:43 - [MESSAGE][INFO] - Smart Wait Function is triggered

03-01-2024T15:41:43 - [MESSAGE][INFO] - Smart Wait Function is triggered

03-01-2024T15:41:43 - [MESSAGE][INFO] - Smart Wait Function is triggered

03-01-2024T15:41:43 - [MESSAGE][INFO] - Smart Wait Function is triggered

03-01-2024T15:41:43 - [MESSAGE][INFO] - Smart Wait Function is triggered

03-01-2024T15:41:43 - [MESSAGE][INFO] - Smart Wait Function is triggered

03-01-2024T15:41:43 - [MESSAGE][INFO] - Smart Wait Function is triggered

03-01-2024T15:41:43 - [MESSAGE][INFO] - Smart Wait Function is triggered

03-01-2024T15:41:43 - [MESSAGE][INFO] - Smart Wait Function is triggered

03-01-2024T15:41:43 - [MESSAGE][INFO] - Smart Wait Function is triggered

03-01-2024T15:41:43 - [MESSAGE][INFO] - Smart Wait Function is triggered

03-01-2024T15:41:43 - [MESSAGE][INFO] - Smart Wait Function is triggered

03-01-2024T15:41:43 - [MESSAGE][INFO] - Smart Wait Function is triggered

03-01-2024T15:41:43 - [MESSAGE][INFO] - Smart Wait Function is triggered

03-01-2024T15:41:43 - [MESSAGE][INFO] - Smart Wait Function is triggered

03-01-2024T15:41:43 - [MESSAGE][INFO] - Smart Wait Function is triggered

03-01-2024T15:41:43 - [MESSAGE][INFO] - Smart Wait Function is triggered

03-01-2024T15:41:43 - [MESSAGE][INFO] - Smart Wait Function is triggered

03-01-2024T15:41:43 - [MESSAGE][INFO] - Smart Wait Function is triggered

03-01-2024T15:41:43 - [MESSAGE][INFO] - Smart Wait Function is triggered

03-01-2024T15:41:43 - [MESSAGE][INFO] - Smart Wait Function is triggered

03-01-2024T15:41:43 - [MESSAGE][INFO] - Smart Wait Function is triggered

03-01-2024T15:41:43 - [MESSAGE][INFO] - Smart Wait Function is triggered

03-01-2024T15:41:43 - [MESSAGE][INFO] - Smart Wait Function is triggered

03-01-2024T15:41:43 - [MESSAGE][INFO] - Smart Wait Function is triggered

03-01-2024T15:41:43 - [MESSAGE][INFO] - Smart Wait Function is triggered

03-01-2024T15:41:43 - [MESSAGE][INFO] - Smart Wait Function is triggered

03-01-2024T15:41:43 - [MESSAGE][INFO] - Smart Wait Function is triggered

03-01-2024T15:41:43 - [MESSAGE][INFO] - Smart Wait Function is triggered

03-01-2024T15:41:43 - [MESSAGE][INFO] - Smart Wait Function is triggered

03-01-2024T15:41:43 - [MESSAGE][INFO] - Smart Wait Function is triggered

03-01-2024T15:41:43 - [MESSAGE][INFO] - Smart Wait Function is triggered

03-01-2024T15:41:43 - [MESSAGE][INFO] - Smart Wait Function is triggered

03-01-2024T15:41:43 - [MESSAGE][INFO] - Smart Wait Function is triggered

03-01-2024T15:41:43 - [MESSAGE][INFO] - Smart Wait Function is triggered

03-01-2024T15:41:43 - [MESSAGE][INFO] - Smart Wait Function is triggered

03-01-2024T15:41:43 - [MESSAGE][INFO] - Smart Wait Function is triggered

03-01-2024T15:41:43 - [MESSAGE][INFO] - Unable to find the element located by 'By.xpath: /html/body/app-root/div/app-portal/main/app-theme-v2/div/app-triage/div/div/div/form/div[2]/div/p-message/div/span[2]'. Please recheck the objects properties to make sure the desired element is located. 

03-01-2024T15:41:44 - [MESSAGE][WARNING] - com.kms.katalon.core.webui.exception.WebElementNotFoundException: Web element with id: 'Object Repository/Page_Accueil_Usager/Verif_PopUpTropTotPourDemanderLeRenouvellementDeVotreTitre' located by '/html/body/app-root/div/app-portal/main/app-theme-v2/div/app-triage/div/div/div/form/div[2]/div/p-message/div/span[2]' not found (Root cause: com.kms.katalon.core.exception.StepFailedException: com.kms.katalon.core.webui.exception.WebElementNotFoundException: Web element with id: 'Object Repository/Page_Accueil_Usager/Verif_PopUpTropTotPourDemanderLeRenouvellementDeVotreTitre' located by '/html/body/app-root/div/app-portal/main/app-theme-v2/div/app-triage/div/div/div/form/div[2]/div/p-message/div/span[2]' not found
	at com.kms.katalon.core.webui.keyword.internal.WebUIKeywordMain.stepFailed(WebUIKeywordMain.groovy:64)
	at com.kms.katalon.core.webui.keyword.builtin.VerifyElementPresentKeyword$_verifyElementPresent_closure1.doCall(VerifyElementPresentKeyword.groovy:85)
	at com.kms.katalon.core.webui.keyword.builtin.VerifyElementPresentKeyword$_verifyElementPresent_closure1.call(VerifyElementPresentKeyword.groovy)
	at com.kms.katalon.core.webui.keyword.internal.WebUIKeywordMain.runKeyword(WebUIKeywordMain.groovy:20)
	at com.kms.katalon.core.webui.keyword.builtin.VerifyElementPresentKeyword.verifyElementPresent(VerifyElementPresentKeyword.groovy:92)
	at com.kms.katalon.core.webui.keyword.builtin.VerifyElementPresentKeyword.execute(VerifyElementPresentKeyword.groovy:68)
	at com.kms.katalon.core.keyword.internal.KeywordExecutor.executeKeywordForPlatform(KeywordExecutor.groovy:74)
	at com.kms.katalon.core.webui.keyword.WebUiBuiltInKeywords.verifyElementPresent(WebUiBuiltInKeywords.groovy:1487)
	at java.base/jdk.internal.reflect.NativeMethodAccessorImpl.invoke0(Native Method)
	at java.base/jdk.internal.reflect.NativeMethodAccessorImpl.invoke(NativeMethodAccessorImpl.java:77)
	at java.base/jdk.internal.reflect.DelegatingMethodAccessorImpl.invoke(DelegatingMethodAccessorImpl.java:43)
	at com.kazurayam.ksbackyard.HighlightElement$_pandemic_closure1.doCall(HighlightElement.groovy:105)
	at jdk.internal.reflect.GeneratedMethodAccessor5.invoke(Unknown Source)
	at java.base/jdk.internal.reflect.DelegatingMethodAccessorImpl.invoke(DelegatingMethodAccessorImpl.java:43)
	at Verif_PopUpTropTotPourDemanderLeRenouvellementDeVotreTitre.run(Verif_PopUpTropTotPourDemanderLeRenouvellementDeVotreTitre:28)
	at com.kms.katalon.core.main.ScriptEngine.run(ScriptEngine.java:194)
	at com.kms.katalon.core.main.ScriptEngine.runScriptAsRawText(ScriptEngine.java:119)
	at com.kms.katalon.core.main.TestCaseExecutor.runScript(TestCaseExecutor.java:448)
	at com.kms.katalon.core.main.TestCaseExecutor.doExecute(TestCaseExecutor.java:439)
	at com.kms.katalon.core.main.TestCaseExecutor.processExecutionPhase(TestCaseExecutor.java:418)
	at com.kms.katalon.core.main.TestCaseExecutor.accessMainPhase(TestCaseExecutor.java:410)
	at com.kms.katalon.core.main.TestCaseExecutor.execute(TestCaseExecutor.java:285)
	at com.kms.katalon.core.main.TestCaseMain.runTestCase(TestCaseMain.java:137)
	at com.kms.katalon.core.keyword.builtin.CallTestCaseKeyword$_callTestCase_closure1.doCall(CallTestCaseKeyword.groovy:59)
	at com.kms.katalon.core.keyword.builtin.CallTestCaseKeyword$_callTestCase_closure1.call(CallTestCaseKeyword.groovy)
	at com.kms.katalon.core.keyword.internal.KeywordMain.runKeyword(KeywordMain.groovy:75)
	at com.kms.katalon.core.keyword.builtin.CallTestCaseKeyword.callTestCase(CallTestCaseKeyword.groovy:81)
	at com.kms.katalon.core.keyword.builtin.CallTestCaseKeyword.execute(CallTestCaseKeyword.groovy:44)
	at com.kms.katalon.core.keyword.internal.KeywordExecutor.executeKeywordForPlatform(KeywordExecutor.groovy:74)
	at com.kms.katalon.core.keyword.BuiltinKeywords.callTestCase(BuiltinKeywords.groovy:310)
	at java.base/jdk.internal.reflect.NativeMethodAccessorImpl.invoke0(Native Method)
	at java.base/jdk.internal.reflect.NativeMethodAccessorImpl.invoke(NativeMethodAccessorImpl.java:77)
	at java.base/jdk.internal.reflect.DelegatingMethodAccessorImpl.invoke(DelegatingMethodAccessorImpl.java:43)
	at com.kazurayam.ksbackyard.HighlightElement$_pandemic_closure1.doCall(HighlightElement.groovy:105)
	at jdk.internal.reflect.GeneratedMethodAccessor5.invoke(Unknown Source)
	at java.base/jdk.internal.reflect.DelegatingMethodAccessorImpl.invoke(DelegatingMethodAccessorImpl.java:43)
	at FormulaireTypeDeTitreDeSejour.run(FormulaireTypeDeTitreDeSejour:315)
	at com.kms.katalon.core.main.ScriptEngine.run(ScriptEngine.java:194)
	at com.kms.katalon.core.main.ScriptEngine.runScriptAsRawText(ScriptEngine.java:119)
	at com.kms.katalon.core.main.TestCaseExecutor.runScript(TestCaseExecutor.java:448)
	at com.kms.katalon.core.main.TestCaseExecutor.doExecute(TestCaseExecutor.java:439)
	at com.kms.katalon.core.main.TestCaseExecutor.processExecutionPhase(TestCaseExecutor.java:418)
	at com.kms.katalon.core.main.TestCaseExecutor.accessMainPhase(TestCaseExecutor.java:410)
	at com.kms.katalon.core.main.TestCaseExecutor.execute(TestCaseExecutor.java:285)
	at com.kms.katalon.core.main.TestCaseMain.runTestCase(TestCaseMain.java:137)
	at com.kms.katalon.core.keyword.builtin.CallTestCaseKeyword$_callTestCase_closure1.doCall(CallTestCaseKeyword.groovy:59)
	at com.kms.katalon.core.keyword.builtin.CallTestCaseKeyword$_callTestCase_closure1.call(CallTestCaseKeyword.groovy)
	at com.kms.katalon.core.keyword.internal.KeywordMain.runKeyword(KeywordMain.groovy:75)
	at com.kms.katalon.core.keyword.builtin.CallTestCaseKeyword.callTestCase(CallTestCaseKeyword.groovy:81)
	at com.kms.katalon.core.keyword.builtin.CallTestCaseKeyword.execute(CallTestCaseKeyword.groovy:44)
	at com.kms.katalon.core.keyword.internal.KeywordExecutor.executeKeywordForPlatform(KeywordExecutor.groovy:74)
	at com.kms.katalon.core.keyword.BuiltinKeywords.callTestCase(BuiltinKeywords.groovy:310)
	at java.base/jdk.internal.reflect.NativeMethodAccessorImpl.invoke0(Native Method)
	at java.base/jdk.internal.reflect.NativeMethodAccessorImpl.invoke(NativeMethodAccessorImpl.java:77)
	at java.base/jdk.internal.reflect.DelegatingMethodAccessorImpl.invoke(DelegatingMethodAccessorImpl.java:43)
	at com.kazurayam.ksbackyard.HighlightElement$_pandemic_closure1.doCall(HighlightElement.groovy:105)
	at jdk.internal.reflect.GeneratedMethodAccessor5.invoke(Unknown Source)
	at java.base/jdk.internal.reflect.DelegatingMethodAccessorImpl.invoke(DelegatingMethodAccessorImpl.java:43)
	at TNR R.TSPT Supp90-Visiteur.run(TNR R.TSPT Supp90-Visiteur:43)
	at com.kms.katalon.core.main.ScriptEngine.run(ScriptEngine.java:194)
	at com.kms.katalon.core.main.ScriptEngine.runScriptAsRawText(ScriptEngine.java:119)
	at com.kms.katalon.core.main.TestCaseExecutor.runScript(TestCaseExecutor.java:448)
	at com.kms.katalon.core.main.TestCaseExecutor.doExecute(TestCaseExecutor.java:439)
	at com.kms.katalon.core.main.TestCaseExecutor.processExecutionPhase(TestCaseExecutor.java:418)
	at com.kms.katalon.core.main.TestCaseExecutor.accessMainPhase(TestCaseExecutor.java:410)
	at com.kms.katalon.core.main.TestCaseExecutor.execute(TestCaseExecutor.java:285)
	at com.kms.katalon.core.common.CommonExecutor.accessTestCaseMainPhase(CommonExecutor.java:65)
	at com.kms.katalon.core.main.TestSuiteExecutor.accessTestSuiteMainPhase(TestSuiteExecutor.java:148)
	at com.kms.katalon.core.main.TestSuiteExecutor.execute(TestSuiteExecutor.java:106)
	at com.kms.katalon.core.main.TestCaseMain.startTestSuite(TestCaseMain.java:180)
	at TempTestSuite1704292590673.run(TempTestSuite1704292590673.groovy:36)
	at java.base/jdk.internal.reflect.NativeMethodAccessorImpl.invoke0(Native Method)
	at java.base/jdk.internal.reflect.NativeMethodAccessorImpl.invoke(NativeMethodAccessorImpl.java:77)
	at java.base/jdk.internal.reflect.DelegatingMethodAccessorImpl.invoke(DelegatingMethodAccessorImpl.java:43)
)
[[ATTACHMENT|C:\\Users\\ISSAM.RHARBAOUI\\git\\ANEF-RenouvellementSejour\\Reports\\20240103_153630\\TS_TNR_R.TSPT_Suppo90\\20240103_153630\\1704292903855.png]]

03-01-2024T15:41:44 - [TEST_STEP][PASSED] - if (MsgAlertPresent): null

03-01-2024T15:41:44 - [TEST_STEP][PASSED] - else:  C'est le bon Moment pour demander le renouvellement de votre titre.

03-01-2024T15:41:44 - [TEST_STEP][PASSED] - markPassed(" C'est le bon Moment pour demander le renouvellement de votre titre."):  C'est le bon Moment pour demander le renouvellement de votre titre.

03-01-2024T15:41:44 - [MESSAGE][PASSED] -  C'est le bon Moment pour demander le renouvellement de votre titre.

03-01-2024T15:41:44 - [MESSAGE][PASSED] - Call Test Case 'Test Cases/Test Reutilisable/Main/Verif_PopUpTropTotPourDemanderLeRenouvellementDeVotreTitre' successfully

03-01-2024T15:41:44 - [MESSAGE][PASSED] - Call Test Case 'Test Cases/Test Reutilisable/DemandeOuRenouvelle_TitreSejour/FormulaireTypeDeTitreDeSejour' successfully

03-01-2024T15:41:44 - [TEST_STEP][FAILED] - if (StopTestCase == false): Unable to call Test Case 'Test Cases/Test Reutilisable/DemandeOuRenouvelle_TitreSejour/FormulaireMotifDeLaDemande' (Root cause: com.kms.katalon.core.exception.StepFailedException: Call Test Case 'Test Cases/Test Reutilisable/DemandeOuRenouvelle_TitreSejour/FormulaireMotifDeLaDemande' failed
	at com.kms.katalon.core.keyword.builtin.CallTestCaseKeyword$_callTestCase_closure1.doCall(CallTestCaseKeyword.groovy:63)
	at com.kms.katalon.core.keyword.builtin.CallTestCaseKeyword$_callTestCase_closure1.call(CallTestCaseKeyword.groovy)
	at com.kms.katalon.core.keyword.internal.KeywordMain.runKeyword(KeywordMain.groovy:75)
	at com.kms.katalon.core.keyword.builtin.CallTestCaseKeyword.callTestCase(CallTestCaseKeyword.groovy:81)
	at com.kms.katalon.core.keyword.builtin.CallTestCaseKeyword.execute(CallTestCaseKeyword.groovy:44)
	at com.kms.katalon.core.keyword.internal.KeywordExecutor.executeKeywordForPlatform(KeywordExecutor.groovy:74)
	at com.kms.katalon.core.keyword.BuiltinKeywords.callTestCase(BuiltinKeywords.groovy:310)
	at java.base/jdk.internal.reflect.NativeMethodAccessorImpl.invoke0(Native Method)
	at java.base/jdk.internal.reflect.NativeMethodAccessorImpl.invoke(NativeMethodAccessorImpl.java:77)
	at java.base/jdk.internal.reflect.DelegatingMethodAccessorImpl.invoke(DelegatingMethodAccessorImpl.java:43)
	at com.kazurayam.ksbackyard.HighlightElement$_pandemic_closure1.doCall(HighlightElement.groovy:105)
	at jdk.internal.reflect.GeneratedMethodAccessor5.invoke(Unknown Source)
	at java.base/jdk.internal.reflect.DelegatingMethodAccessorImpl.invoke(DelegatingMethodAccessorImpl.java:43)
	at TNR R.TSPT Supp90-Visiteur.run(TNR R.TSPT Supp90-Visiteur:52)
	at com.kms.katalon.core.main.ScriptEngine.run(ScriptEngine.java:194)
	at com.kms.katalon.core.main.ScriptEngine.runScriptAsRawText(ScriptEngine.java:119)
	at com.kms.katalon.core.main.TestCaseExecutor.runScript(TestCaseExecutor.java:448)
	at com.kms.katalon.core.main.TestCaseExecutor.doExecute(TestCaseExecutor.java:439)
	at com.kms.katalon.core.main.TestCaseExecutor.processExecutionPhase(TestCaseExecutor.java:418)
	at com.kms.katalon.core.main.TestCaseExecutor.accessMainPhase(TestCaseExecutor.java:410)
	at com.kms.katalon.core.main.TestCaseExecutor.execute(TestCaseExecutor.java:285)
	at com.kms.katalon.core.common.CommonExecutor.accessTestCaseMainPhase(CommonExecutor.java:65)
	at com.kms.katalon.core.main.TestSuiteExecutor.accessTestSuiteMainPhase(TestSuiteExecutor.java:148)
	at com.kms.katalon.core.main.TestSuiteExecutor.execute(TestSuiteExecutor.java:106)
	at com.kms.katalon.core.main.TestCaseMain.startTestSuite(TestCaseMain.java:180)
	at TempTestSuite1704292590673.run(TempTestSuite1704292590673.groovy:36)
	at java.base/jdk.internal.reflect.NativeMethodAccessorImpl.invoke0(Native Method)
	at java.base/jdk.internal.reflect.NativeMethodAccessorImpl.invoke(NativeMethodAccessorImpl.java:77)
	at java.base/jdk.internal.reflect.DelegatingMethodAccessorImpl.invoke(DelegatingMethodAccessorImpl.java:43)
Caused by: com.kms.katalon.core.exception.StepFailedException: Unable to check object 'Object Repository/Page_MotifDeLaDemande_Usager/CheckBox_JetaisEtudiantEnFrance_Non'
	at com.kms.katalon.core.webui.keyword.internal.WebUIKeywordMain.stepFailed(WebUIKeywordMain.groovy:64)
	at com.kms.katalon.core.webui.keyword.internal.WebUIKeywordMain.runKeyword(WebUIKeywordMain.groovy:26)
	at com.kms.katalon.core.webui.keyword.builtin.CheckKeyword.check(CheckKeyword.groovy:88)
	at com.kms.katalon.core.webui.keyword.builtin.CheckKeyword.execute(CheckKeyword.groovy:67)
	at com.kms.katalon.core.keyword.internal.KeywordExecutor.executeKeywordForPlatform(KeywordExecutor.groovy:74)
	at com.kms.katalon.core.webui.keyword.WebUiBuiltInKeywords.check(WebUiBuiltInKeywords.groovy:1108)
	at java.base/jdk.internal.reflect.NativeMethodAccessorImpl.invoke0(Native Method)
	at java.base/jdk.internal.reflect.NativeMethodAccessorImpl.invoke(NativeMethodAccessorImpl.java:77)
	at java.base/jdk.internal.reflect.DelegatingMethodAccessorImpl.invoke(DelegatingMethodAccessorImpl.java:43)
	at com.kazurayam.ksbackyard.HighlightElement$_pandemic_closure1.doCall(HighlightElement.groovy:105)
	at jdk.internal.reflect.GeneratedMethodAccessor5.invoke(Unknown Source)
	at java.base/jdk.internal.reflect.DelegatingMethodAccessorImpl.invoke(DelegatingMethodAccessorImpl.java:43)
	at FormulaireMotifDeLaDemande.run(FormulaireMotifDeLaDemande:53)
	at com.kms.katalon.core.main.ScriptEngine.run(ScriptEngine.java:194)
	at com.kms.katalon.core.main.ScriptEngine.runScriptAsRawText(ScriptEngine.java:119)
	at com.kms.katalon.core.main.TestCaseExecutor.runScript(TestCaseExecutor.java:448)
	at com.kms.katalon.core.main.TestCaseExecutor.doExecute(TestCaseExecutor.java:439)
	at com.kms.katalon.core.main.TestCaseExecutor.processExecutionPhase(TestCaseExecutor.java:418)
	at com.kms.katalon.core.main.TestCaseExecutor.accessMainPhase(TestCaseExecutor.java:410)
	at com.kms.katalon.core.main.TestCaseExecutor.execute(TestCaseExecutor.java:285)
	at com.kms.katalon.core.main.TestCaseMain.runTestCase(TestCaseMain.java:137)
	at com.kms.katalon.core.keyword.builtin.CallTestCaseKeyword$_callTestCase_closure1.doCall(CallTestCaseKeyword.groovy:59)
	... 28 more
Caused by: org.openqa.selenium.ElementNotInteractableException: element not interactable
  (Session info: chrome=120.0.6099.130)
Build info: version: '3.141.59', revision: 'e82be7d358', time: '2018-11-14T08:25:53'
System info: host: 'FR-L5448059', ip: '192.168.1.134', os.name: 'Windows 10', os.arch: 'amd64', os.version: '10.0', java.version: '17.0.7'
Driver info: com.kms.katalon.selenium.driver.CChromeDriver
Capabilities {acceptInsecureCerts: false, browserName: chrome, browserVersion: 120.0.6099.130, chrome: {chromedriverVersion: 119.0.6045.105 (38c72552c5e..., userDataDir: C:\Users\ISSAM~1.RHA\AppDat...}, fedcm:accounts: true, goog:chromeOptions: {debuggerAddress: localhost:58698}, javascriptEnabled: true, networkConnectionEnabled: false, pageLoadStrategy: normal, platform: WINDOWS, platformName: WINDOWS, proxy: Proxy(), setWindowRect: true, strictFileInteractability: false, timeouts: {implicit: 0, pageLoad: 300000, script: 30000}, unhandledPromptBehavior: dismiss and notify, webauthn:extension:credBlob: true, webauthn:extension:largeBlob: true, webauthn:extension:minPinLength: true, webauthn:extension:prf: true, webauthn:virtualAuthenticators: true}
Session ID: 91d4e1aa0044b5ae8a5acd228946fbfd
	at java.base/jdk.internal.reflect.NativeConstructorAccessorImpl.newInstance0(Native Method)
	at java.base/jdk.internal.reflect.NativeConstructorAccessorImpl.newInstance(NativeConstructorAccessorImpl.java:77)
	at java.base/jdk.internal.reflect.DelegatingConstructorAccessorImpl.newInstance(DelegatingConstructorAccessorImpl.java:45)
	at org.openqa.selenium.remote.http.W3CHttpResponseCodec.createException(W3CHttpResponseCodec.java:187)
	at org.openqa.selenium.remote.http.W3CHttpResponseCodec.decode(W3CHttpResponseCodec.java:122)
	at org.openqa.selenium.remote.http.W3CHttpResponseCodec.decode(W3CHttpResponseCodec.java:49)
	at org.openqa.selenium.remote.HttpCommandExecutor.execute(HttpCommandExecutor.java:158)
	at org.openqa.selenium.remote.service.DriverCommandExecutor.execute(DriverCommandExecutor.java:83)
	at org.openqa.selenium.remote.RemoteWebDriver.execute(RemoteWebDriver.java:552)
	at com.kms.katalon.selenium.driver.CChromeDriver.execute(CChromeDriver.java:19)
	at org.openqa.selenium.remote.RemoteWebElement.execute(RemoteWebElement.java:285)
	at org.openqa.selenium.remote.RemoteWebElement.click(RemoteWebElement.java:84)
	at jdk.internal.reflect.GeneratedMethodAccessor26.invoke(Unknown Source)
	at java.base/jdk.internal.reflect.DelegatingMethodAccessorImpl.invoke(DelegatingMethodAccessorImpl.java:43)
	at org.openqa.selenium.support.events.EventFiringWebDriver$EventFiringWebElement.lambda$new$0(EventFiringWebDriver.java:404)
	at jdk.proxy2/jdk.proxy2.$Proxy25.click(Unknown Source)
	at org.openqa.selenium.support.events.EventFiringWebDriver$EventFiringWebElement.click(EventFiringWebDriver.java:417)
	at com.kms.katalon.core.webui.keyword.builtin.CheckKeyword$_check_closure1.doCall(CheckKeyword.groovy:80)
	at com.kms.katalon.core.webui.keyword.builtin.CheckKeyword$_check_closure1.call(CheckKeyword.groovy)
	at com.kms.katalon.core.webui.keyword.internal.WebUIKeywordMain.runKeyword(WebUIKeywordMain.groovy:20)
	... 48 more
)

03-01-2024T15:41:44 - [TEST_STEP][PASSED] - callTestCase(findTestCase("Test Reutilisable/DemandeOuRenouvelle_TitreSejour/FormulaireInformationsPersonnelles"), ["AdresseUsager":AdresseUsager, "NumeroTelephoneUsager":NumeroTelephoneUsager], STOP_ON_FAILURE): Call Test Case 'Test Cases/Test Reutilisable/DemandeOuRenouvelle_TitreSejour/FormulaireInformationsPersonnelles' successfully

03-01-2024T15:41:44 - [MESSAGE][INFO] - Checking called Test Case

03-01-2024T15:41:44 - [MESSAGE][INFO] - Starting to call Test Case 'Test Cases/Test Reutilisable/DemandeOuRenouvelle_TitreSejour/FormulaireInformationsPersonnelles'

03-01-2024T15:41:44 - [TEST_CASE][PASSED] - Test Cases/Test Reutilisable/DemandeOuRenouvelle_TitreSejour/FormulaireInformationsPersonnelles: Test Cases/Test Reutilisable/DemandeOuRenouvelle_TitreSejour/FormulaireInformationsPersonnelles

03-01-2024T15:41:45 - [TEST_STEP][PASSED] - com.kazurayam.ksbackyard.HighlightElement.pandemic(): com.kazurayam.ksbackyard.HighlightElement.pandemic is PASSED

03-01-2024T15:41:45 - [MESSAGE][PASSED] - com.kazurayam.ksbackyard.HighlightElement.pandemic is PASSED

03-01-2024T15:41:45 - [TEST_STEP][PASSED] - if (verifyElementPresent(findTestObject("Object Repository/Page_InformationPersonnelles_Usager/CheckBox_liensPersonnelsFamiliaux_1_Non"), 1, OPTIONAL)): null

03-01-2024T15:41:45 - [MESSAGE][INFO] - Finding Test Object 'Object Repository/Page_InformationPersonnelles_Usager/CheckBox_liensPersonnelsFamiliaux_1_Non'

03-01-2024T15:41:45 - [MESSAGE][INFO] - Checking object

03-01-2024T15:41:45 - [MESSAGE][INFO] - Finding web element from Test Object's properties

03-01-2024T15:41:45 - [MESSAGE][INFO] - Checking timeout

03-01-2024T15:41:45 - [MESSAGE][INFO] - Finding web element with id: 'Object Repository/Page_InformationPersonnelles_Usager/CheckBox_liensPersonnelsFamiliaux_1_Non' located by 'By.xpath: //div/div/div[1]/div/anef-input-radio/div/div/fieldset/div/div[2]/p-radiobutton/div/div[2]/span|//div/app-has-enfants-charge/div/div/anef-input-radio/div/div/fieldset/div/div[2]/p-radiobutton/div/div[2]/span' in '1' second(s)

03-01-2024T15:41:45 - [MESSAGE][INFO] - Smart Wait Function is triggered

03-01-2024T15:41:46 - [MESSAGE][INFO] - Found 2 web elements with id: 'Object Repository/Page_InformationPersonnelles_Usager/CheckBox_liensPersonnelsFamiliaux_1_Non' located by 'By.xpath: //div/div/div[1]/div/anef-input-radio/div/div/fieldset/div/div[2]/p-radiobutton/div/div[2]/span|//div/app-has-enfants-charge/div/div/anef-input-radio/div/div/fieldset/div/div[2]/p-radiobutton/div/div[2]/span' in '1' second(s)

03-01-2024T15:41:46 - [MESSAGE][PASSED] - Object 'Object Repository/Page_InformationPersonnelles_Usager/CheckBox_liensPersonnelsFamiliaux_1_Non' is present

03-01-2024T15:41:46 - [TEST_STEP][PASSED] - check(findTestObject("Object Repository/Page_InformationPersonnelles_Usager/CheckBox_liensPersonnelsFamiliaux_1_Non"), OPTIONAL): Object 'Object Repository/Page_InformationPersonnelles_Usager/CheckBox_liensPersonnelsFamiliaux_1_Non' is checked

03-01-2024T15:41:46 - [MESSAGE][INFO] - Finding Test Object 'Object Repository/Page_InformationPersonnelles_Usager/CheckBox_liensPersonnelsFamiliaux_1_Non'

03-01-2024T15:41:46 - [MESSAGE][INFO] - Checking object

03-01-2024T15:41:46 - [MESSAGE][INFO] - Finding web element from Test Object's properties

03-01-2024T15:41:46 - [MESSAGE][INFO] - Checking timeout

03-01-2024T15:41:46 - [MESSAGE][INFO] - Finding web element with id: 'Object Repository/Page_InformationPersonnelles_Usager/CheckBox_liensPersonnelsFamiliaux_1_Non' located by 'By.xpath: //div/div/div[1]/div/anef-input-radio/div/div/fieldset/div/div[2]/p-radiobutton/div/div[2]/span|//div/app-has-enfants-charge/div/div/anef-input-radio/div/div/fieldset/div/div[2]/p-radiobutton/div/div[2]/span' in '5' second(s)

03-01-2024T15:41:46 - [MESSAGE][INFO] - Smart Wait Function is triggered

03-01-2024T15:41:46 - [MESSAGE][INFO] - Found 2 web elements with id: 'Object Repository/Page_InformationPersonnelles_Usager/CheckBox_liensPersonnelsFamiliaux_1_Non' located by 'By.xpath: //div/div/div[1]/div/anef-input-radio/div/div/fieldset/div/div[2]/p-radiobutton/div/div[2]/span|//div/app-has-enfants-charge/div/div/anef-input-radio/div/div/fieldset/div/div[2]/p-radiobutton/div/div[2]/span' in '5' second(s)

03-01-2024T15:41:46 - [MESSAGE][INFO] - Checking on bject 'Object Repository/Page_InformationPersonnelles_Usager/CheckBox_liensPersonnelsFamiliaux_1_Non'

03-01-2024T15:41:48 - [MESSAGE][PASSED] - Object 'Object Repository/Page_InformationPersonnelles_Usager/CheckBox_liensPersonnelsFamiliaux_1_Non' is checked

03-01-2024T15:41:48 - [TEST_STEP][PASSED] - delay(2): Delayed 2 second(s)

03-01-2024T15:41:48 - [MESSAGE][INFO] - Delaying browser in 2 second(s)

03-01-2024T15:41:50 - [MESSAGE][PASSED] - Delayed 2 second(s)

03-01-2024T15:41:50 - [TEST_STEP][PASSED] - if (verifyElementPresent(findTestObject("Object Repository/Page_InformationPersonnelles_Usager/CheckBox_liensPersonnelsFamiliaux_2_Non"), 1, OPTIONAL)): null

03-01-2024T15:41:50 - [MESSAGE][INFO] - Finding Test Object 'Object Repository/Page_InformationPersonnelles_Usager/CheckBox_liensPersonnelsFamiliaux_2_Non'

03-01-2024T15:41:50 - [MESSAGE][INFO] - Checking object

03-01-2024T15:41:50 - [MESSAGE][INFO] - Finding web element from Test Object's properties

03-01-2024T15:41:50 - [MESSAGE][INFO] - Checking timeout

03-01-2024T15:41:50 - [MESSAGE][INFO] - Finding web element with id: 'Object Repository/Page_InformationPersonnelles_Usager/CheckBox_liensPersonnelsFamiliaux_2_Non' located by 'By.xpath: //div/div/div[2]/div/anef-input-radio/div/div/fieldset/div/div[2]/p-radiobutton/div/div[2]' in '1' second(s)

03-01-2024T15:41:50 - [MESSAGE][INFO] - Smart Wait Function is triggered

03-01-2024T15:41:50 - [MESSAGE][INFO] - Found 1 web elements with id: 'Object Repository/Page_InformationPersonnelles_Usager/CheckBox_liensPersonnelsFamiliaux_2_Non' located by 'By.xpath: //div/div/div[2]/div/anef-input-radio/div/div/fieldset/div/div[2]/p-radiobutton/div/div[2]' in '1' second(s)

03-01-2024T15:41:50 - [MESSAGE][PASSED] - Object 'Object Repository/Page_InformationPersonnelles_Usager/CheckBox_liensPersonnelsFamiliaux_2_Non' is present

03-01-2024T15:41:50 - [TEST_STEP][PASSED] - check(findTestObject("Object Repository/Page_InformationPersonnelles_Usager/CheckBox_liensPersonnelsFamiliaux_2_Non"), OPTIONAL): Object 'Object Repository/Page_InformationPersonnelles_Usager/CheckBox_liensPersonnelsFamiliaux_2_Non' is checked

03-01-2024T15:41:50 - [MESSAGE][INFO] - Finding Test Object 'Object Repository/Page_InformationPersonnelles_Usager/CheckBox_liensPersonnelsFamiliaux_2_Non'

03-01-2024T15:41:50 - [MESSAGE][INFO] - Checking object

03-01-2024T15:41:50 - [MESSAGE][INFO] - Finding web element from Test Object's properties

03-01-2024T15:41:50 - [MESSAGE][INFO] - Checking timeout

03-01-2024T15:41:50 - [MESSAGE][INFO] - Finding web element with id: 'Object Repository/Page_InformationPersonnelles_Usager/CheckBox_liensPersonnelsFamiliaux_2_Non' located by 'By.xpath: //div/div/div[2]/div/anef-input-radio/div/div/fieldset/div/div[2]/p-radiobutton/div/div[2]' in '5' second(s)

03-01-2024T15:41:50 - [MESSAGE][INFO] - Smart Wait Function is triggered

03-01-2024T15:41:50 - [MESSAGE][INFO] - Found 1 web elements with id: 'Object Repository/Page_InformationPersonnelles_Usager/CheckBox_liensPersonnelsFamiliaux_2_Non' located by 'By.xpath: //div/div/div[2]/div/anef-input-radio/div/div/fieldset/div/div[2]/p-radiobutton/div/div[2]' in '5' second(s)

03-01-2024T15:41:50 - [MESSAGE][INFO] - Checking on bject 'Object Repository/Page_InformationPersonnelles_Usager/CheckBox_liensPersonnelsFamiliaux_2_Non'

03-01-2024T15:41:52 - [MESSAGE][PASSED] - Object 'Object Repository/Page_InformationPersonnelles_Usager/CheckBox_liensPersonnelsFamiliaux_2_Non' is checked

03-01-2024T15:41:52 - [TEST_STEP][PASSED] - delay(2): Delayed 2 second(s)

03-01-2024T15:41:52 - [MESSAGE][INFO] - Delaying browser in 2 second(s)

03-01-2024T15:41:54 - [MESSAGE][PASSED] - Delayed 2 second(s)

03-01-2024T15:41:54 - [TEST_STEP][PASSED] - if (verifyElementPresent(findTestObject("Object Repository/Page_InformationPersonnelles_Usager/CheckBox_DesEnfantsACharge_Non"), 1, OPTIONAL)): null

03-01-2024T15:41:54 - [MESSAGE][INFO] - Finding Test Object 'Object Repository/Page_InformationPersonnelles_Usager/CheckBox_DesEnfantsACharge_Non'

03-01-2024T15:41:54 - [MESSAGE][INFO] - Checking object

03-01-2024T15:41:54 - [MESSAGE][INFO] - Finding web element from Test Object's properties

03-01-2024T15:41:54 - [MESSAGE][INFO] - Checking timeout

03-01-2024T15:41:54 - [MESSAGE][INFO] - Finding web element with id: 'Object Repository/Page_InformationPersonnelles_Usager/CheckBox_DesEnfantsACharge_Non' located by 'By.xpath: //app-demande-ptsq//app-informations-personnelles-shared//app-has-enfants-charge//div//fieldset/div/div[2]/p-radiobutton/div/div[2]/span|//app-demande-visiteur//app-informations-personnelles-shared//app-has-enfants-charge/div/div/anef-input-radio/div/div/fieldset/div/div[2]/p-radiobutton/div/div[2]/span|//app-demande-ptch//app-informations-personnelles-shared//app-has-enfants-charge/div/div/anef-input-radio/div/div/fieldset/div/div[2]/p-radiobutton/div/div[2]/span|//div/app-has-enfants-charge/div/div/anef-input-radio/div/div/fieldset/div/div[2]/p-radiobutton/div/div[2]/span|//div/div/div[2]/div/anef-input-radio/div/div/fieldset/div/div[2]/p-radiobutton/div/div[2]/span
' in '1' second(s)

03-01-2024T15:41:54 - [MESSAGE][INFO] - Smart Wait Function is triggered

03-01-2024T15:41:54 - [MESSAGE][INFO] - Found 1 web elements with id: 'Object Repository/Page_InformationPersonnelles_Usager/CheckBox_DesEnfantsACharge_Non' located by 'By.xpath: //app-demande-ptsq//app-informations-personnelles-shared//app-has-enfants-charge//div//fieldset/div/div[2]/p-radiobutton/div/div[2]/span|//app-demande-visiteur//app-informations-personnelles-shared//app-has-enfants-charge/div/div/anef-input-radio/div/div/fieldset/div/div[2]/p-radiobutton/div/div[2]/span|//app-demande-ptch//app-informations-personnelles-shared//app-has-enfants-charge/div/div/anef-input-radio/div/div/fieldset/div/div[2]/p-radiobutton/div/div[2]/span|//div/app-has-enfants-charge/div/div/anef-input-radio/div/div/fieldset/div/div[2]/p-radiobutton/div/div[2]/span|//div/div/div[2]/div/anef-input-radio/div/div/fieldset/div/div[2]/p-radiobutton/div/div[2]/span
' in '1' second(s)

03-01-2024T15:41:54 - [MESSAGE][PASSED] - Object 'Object Repository/Page_InformationPersonnelles_Usager/CheckBox_DesEnfantsACharge_Non' is present

03-01-2024T15:41:54 - [TEST_STEP][PASSED] - check(findTestObject("Object Repository/Page_InformationPersonnelles_Usager/CheckBox_DesEnfantsACharge_Non"), OPTIONAL): Object 'Object Repository/Page_InformationPersonnelles_Usager/CheckBox_DesEnfantsACharge_Non' is checked

03-01-2024T15:41:54 - [MESSAGE][INFO] - Finding Test Object 'Object Repository/Page_InformationPersonnelles_Usager/CheckBox_DesEnfantsACharge_Non'

03-01-2024T15:41:54 - [MESSAGE][INFO] - Checking object

03-01-2024T15:41:54 - [MESSAGE][INFO] - Finding web element from Test Object's properties

03-01-2024T15:41:54 - [MESSAGE][INFO] - Checking timeout

03-01-2024T15:41:54 - [MESSAGE][INFO] - Finding web element with id: 'Object Repository/Page_InformationPersonnelles_Usager/CheckBox_DesEnfantsACharge_Non' located by 'By.xpath: //app-demande-ptsq//app-informations-personnelles-shared//app-has-enfants-charge//div//fieldset/div/div[2]/p-radiobutton/div/div[2]/span|//app-demande-visiteur//app-informations-personnelles-shared//app-has-enfants-charge/div/div/anef-input-radio/div/div/fieldset/div/div[2]/p-radiobutton/div/div[2]/span|//app-demande-ptch//app-informations-personnelles-shared//app-has-enfants-charge/div/div/anef-input-radio/div/div/fieldset/div/div[2]/p-radiobutton/div/div[2]/span|//div/app-has-enfants-charge/div/div/anef-input-radio/div/div/fieldset/div/div[2]/p-radiobutton/div/div[2]/span|//div/div/div[2]/div/anef-input-radio/div/div/fieldset/div/div[2]/p-radiobutton/div/div[2]/span
' in '5' second(s)

03-01-2024T15:41:54 - [MESSAGE][INFO] - Smart Wait Function is triggered

03-01-2024T15:41:54 - [MESSAGE][INFO] - Found 1 web elements with id: 'Object Repository/Page_InformationPersonnelles_Usager/CheckBox_DesEnfantsACharge_Non' located by 'By.xpath: //app-demande-ptsq//app-informations-personnelles-shared//app-has-enfants-charge//div//fieldset/div/div[2]/p-radiobutton/div/div[2]/span|//app-demande-visiteur//app-informations-personnelles-shared//app-has-enfants-charge/div/div/anef-input-radio/div/div/fieldset/div/div[2]/p-radiobutton/div/div[2]/span|//app-demande-ptch//app-informations-personnelles-shared//app-has-enfants-charge/div/div/anef-input-radio/div/div/fieldset/div/div[2]/p-radiobutton/div/div[2]/span|//div/app-has-enfants-charge/div/div/anef-input-radio/div/div/fieldset/div/div[2]/p-radiobutton/div/div[2]/span|//div/div/div[2]/div/anef-input-radio/div/div/fieldset/div/div[2]/p-radiobutton/div/div[2]/span
' in '5' second(s)

03-01-2024T15:41:54 - [MESSAGE][INFO] - Checking on bject 'Object Repository/Page_InformationPersonnelles_Usager/CheckBox_DesEnfantsACharge_Non'

03-01-2024T15:41:56 - [MESSAGE][PASSED] - Object 'Object Repository/Page_InformationPersonnelles_Usager/CheckBox_DesEnfantsACharge_Non' is checked

03-01-2024T15:41:56 - [TEST_STEP][PASSED] - delay(2): Delayed 2 second(s)

03-01-2024T15:41:56 - [MESSAGE][INFO] - Delaying browser in 2 second(s)

03-01-2024T15:41:58 - [MESSAGE][PASSED] - Delayed 2 second(s)

03-01-2024T15:41:58 - [TEST_STEP][PASSED] - setText(findTestObject("Object Repository/Page_InformationPersonnelles_Usager/Input_AdresseUsager"), AdresseUsager, OPTIONAL): Text '2 rue des 3 moulins 77000 melun' is set on object 'Object Repository/Page_InformationPersonnelles_Usager/Input_AdresseUsager'

03-01-2024T15:41:58 - [MESSAGE][INFO] - Finding Test Object 'Object Repository/Page_InformationPersonnelles_Usager/Input_AdresseUsager'

03-01-2024T15:41:58 - [MESSAGE][INFO] - Checking timeout

03-01-2024T15:41:58 - [MESSAGE][INFO] - Finding web element with id: 'Object Repository/Page_InformationPersonnelles_Usager/Input_AdresseUsager' located by 'By.xpath: //app-informations-personnelles//app-adresse-etalab//app-vls-ts-etalab//div/input|//app-informations-personnelles-shared//app-adresse-etalab//app-vls-ts-etalab//div/input' in '20' second(s)

03-01-2024T15:41:58 - [MESSAGE][INFO] - Smart Wait Function is triggered

03-01-2024T15:41:58 - [MESSAGE][INFO] - Found 1 web elements with id: 'Object Repository/Page_InformationPersonnelles_Usager/Input_AdresseUsager' located by 'By.xpath: //app-informations-personnelles//app-adresse-etalab//app-vls-ts-etalab//div/input|//app-informations-personnelles-shared//app-adresse-etalab//app-vls-ts-etalab//div/input' in '20' second(s)

03-01-2024T15:41:58 - [MESSAGE][INFO] - Checking object

03-01-2024T15:41:58 - [MESSAGE][INFO] - Checking text

03-01-2024T15:41:58 - [MESSAGE][INFO] - Finding web element from Test Object's properties

03-01-2024T15:41:58 - [MESSAGE][INFO] - Checking timeout

03-01-2024T15:41:58 - [MESSAGE][INFO] - Finding web element with id: 'Object Repository/Page_InformationPersonnelles_Usager/Input_AdresseUsager' located by 'By.xpath: //app-informations-personnelles//app-adresse-etalab//app-vls-ts-etalab//div/input|//app-informations-personnelles-shared//app-adresse-etalab//app-vls-ts-etalab//div/input' in '5' second(s)

03-01-2024T15:41:58 - [MESSAGE][INFO] - Smart Wait Function is triggered

03-01-2024T15:41:58 - [MESSAGE][INFO] - Found 1 web elements with id: 'Object Repository/Page_InformationPersonnelles_Usager/Input_AdresseUsager' located by 'By.xpath: //app-informations-personnelles//app-adresse-etalab//app-vls-ts-etalab//div/input|//app-informations-personnelles-shared//app-adresse-etalab//app-vls-ts-etalab//div/input' in '5' second(s)

03-01-2024T15:41:58 - [MESSAGE][INFO] - Clearing text of object 'Object Repository/Page_InformationPersonnelles_Usager/Input_AdresseUsager'

03-01-2024T15:42:00 - [MESSAGE][INFO] - Finding web element from Test Object's properties

03-01-2024T15:42:00 - [MESSAGE][INFO] - Checking timeout

03-01-2024T15:42:00 - [MESSAGE][INFO] - Finding web element with id: 'Object Repository/Page_InformationPersonnelles_Usager/Input_AdresseUsager' located by 'By.xpath: //app-informations-personnelles//app-adresse-etalab//app-vls-ts-etalab//div/input|//app-informations-personnelles-shared//app-adresse-etalab//app-vls-ts-etalab//div/input' in '5' second(s)

03-01-2024T15:42:00 - [MESSAGE][INFO] - Smart Wait Function is triggered

03-01-2024T15:42:00 - [MESSAGE][INFO] - Found 1 web elements with id: 'Object Repository/Page_InformationPersonnelles_Usager/Input_AdresseUsager' located by 'By.xpath: //app-informations-personnelles//app-adresse-etalab//app-vls-ts-etalab//div/input|//app-informations-personnelles-shared//app-adresse-etalab//app-vls-ts-etalab//div/input' in '5' second(s)

03-01-2024T15:42:00 - [MESSAGE][INFO] - Setting text of object 'Object Repository/Page_InformationPersonnelles_Usager/Input_AdresseUsager' to value '2 rue des 3 moulins 77000 melun'

03-01-2024T15:42:03 - [MESSAGE][PASSED] - Text '2 rue des 3 moulins 77000 melun' is set on object 'Object Repository/Page_InformationPersonnelles_Usager/Input_AdresseUsager'

03-01-2024T15:42:03 - [TEST_STEP][PASSED] - delay(2): Delayed 2 second(s)

03-01-2024T15:42:03 - [MESSAGE][INFO] - Delaying browser in 2 second(s)

03-01-2024T15:42:05 - [MESSAGE][PASSED] - Delayed 2 second(s)

03-01-2024T15:42:05 - [TEST_STEP][PASSED] - setText(findTestObject("Object Repository/Page_InformationPersonnelles_Usager/Input_NumeroDeTelephone"), NumeroTelephoneUsager, OPTIONAL): Text '0911223344' is set on object 'Object Repository/Page_InformationPersonnelles_Usager/Input_NumeroDeTelephone'

03-01-2024T15:42:05 - [MESSAGE][INFO] - Finding Test Object 'Object Repository/Page_InformationPersonnelles_Usager/Input_NumeroDeTelephone'

03-01-2024T15:42:05 - [MESSAGE][INFO] - Checking timeout

03-01-2024T15:42:05 - [MESSAGE][INFO] - Finding web element with id: 'Object Repository/Page_InformationPersonnelles_Usager/Input_NumeroDeTelephone' located by 'By.xpath: //*[@aria-labelledby="TELEPHONE_PORTABLE-label" and @type='text']' in '20' second(s)

03-01-2024T15:42:05 - [MESSAGE][INFO] - Smart Wait Function is triggered

03-01-2024T15:42:05 - [MESSAGE][INFO] - Found 1 web elements with id: 'Object Repository/Page_InformationPersonnelles_Usager/Input_NumeroDeTelephone' located by 'By.xpath: //*[@aria-labelledby="TELEPHONE_PORTABLE-label" and @type='text']' in '20' second(s)

03-01-2024T15:42:05 - [MESSAGE][INFO] - Checking object

03-01-2024T15:42:05 - [MESSAGE][INFO] - Checking text

03-01-2024T15:42:05 - [MESSAGE][INFO] - Finding web element from Test Object's properties

03-01-2024T15:42:05 - [MESSAGE][INFO] - Checking timeout

03-01-2024T15:42:05 - [MESSAGE][INFO] - Finding web element with id: 'Object Repository/Page_InformationPersonnelles_Usager/Input_NumeroDeTelephone' located by 'By.xpath: //*[@aria-labelledby="TELEPHONE_PORTABLE-label" and @type='text']' in '5' second(s)

03-01-2024T15:42:05 - [MESSAGE][INFO] - Smart Wait Function is triggered

03-01-2024T15:42:05 - [MESSAGE][INFO] - Found 1 web elements with id: 'Object Repository/Page_InformationPersonnelles_Usager/Input_NumeroDeTelephone' located by 'By.xpath: //*[@aria-labelledby="TELEPHONE_PORTABLE-label" and @type='text']' in '5' second(s)

03-01-2024T15:42:05 - [MESSAGE][INFO] - Clearing text of object 'Object Repository/Page_InformationPersonnelles_Usager/Input_NumeroDeTelephone'

03-01-2024T15:42:07 - [MESSAGE][INFO] - Finding web element from Test Object's properties

03-01-2024T15:42:07 - [MESSAGE][INFO] - Checking timeout

03-01-2024T15:42:07 - [MESSAGE][INFO] - Finding web element with id: 'Object Repository/Page_InformationPersonnelles_Usager/Input_NumeroDeTelephone' located by 'By.xpath: //*[@aria-labelledby="TELEPHONE_PORTABLE-label" and @type='text']' in '5' second(s)

03-01-2024T15:42:07 - [MESSAGE][INFO] - Smart Wait Function is triggered

03-01-2024T15:42:07 - [MESSAGE][INFO] - Found 1 web elements with id: 'Object Repository/Page_InformationPersonnelles_Usager/Input_NumeroDeTelephone' located by 'By.xpath: //*[@aria-labelledby="TELEPHONE_PORTABLE-label" and @type='text']' in '5' second(s)

03-01-2024T15:42:07 - [MESSAGE][INFO] - Setting text of object 'Object Repository/Page_InformationPersonnelles_Usager/Input_NumeroDeTelephone' to value '0911223344'

03-01-2024T15:42:09 - [MESSAGE][PASSED] - Text '0911223344' is set on object 'Object Repository/Page_InformationPersonnelles_Usager/Input_NumeroDeTelephone'

03-01-2024T15:42:09 - [TEST_STEP][PASSED] - click(findTestObject("Object Repository/Page_DemarcheRenouvellement/btn_EnregistrerEtPoursuivre")): Object: 'Object Repository/Page_DemarcheRenouvellement/btn_EnregistrerEtPoursuivre' is clicked on

03-01-2024T15:42:09 - [MESSAGE][INFO] - Finding Test Object 'Object Repository/Page_DemarcheRenouvellement/btn_EnregistrerEtPoursuivre'

03-01-2024T15:42:10 - [MESSAGE][INFO] - Checking timeout

03-01-2024T15:42:10 - [MESSAGE][INFO] - Finding web element with id: 'Object Repository/Page_DemarcheRenouvellement/btn_EnregistrerEtPoursuivre' located by 'By.xpath: //span[text()='Enregistrer et poursuivre >']' in '20' second(s)

03-01-2024T15:42:10 - [MESSAGE][INFO] - Smart Wait Function is triggered

03-01-2024T15:42:10 - [MESSAGE][INFO] - Found 1 web elements with id: 'Object Repository/Page_DemarcheRenouvellement/btn_EnregistrerEtPoursuivre' located by 'By.xpath: //span[text()='Enregistrer et poursuivre >']' in '20' second(s)

03-01-2024T15:42:10 - [MESSAGE][INFO] - Checking object

03-01-2024T15:42:10 - [MESSAGE][INFO] - Checking timeout

03-01-2024T15:42:10 - [MESSAGE][INFO] - Finding web element from Test Object's properties

03-01-2024T15:42:10 - [MESSAGE][INFO] - Checking timeout

03-01-2024T15:42:10 - [MESSAGE][INFO] - Finding web element with id: 'Object Repository/Page_DemarcheRenouvellement/btn_EnregistrerEtPoursuivre' located by 'By.xpath: //span[text()='Enregistrer et poursuivre >']' in '5' second(s)

03-01-2024T15:42:10 - [MESSAGE][INFO] - Smart Wait Function is triggered

03-01-2024T15:42:10 - [MESSAGE][INFO] - Found 1 web elements with id: 'Object Repository/Page_DemarcheRenouvellement/btn_EnregistrerEtPoursuivre' located by 'By.xpath: //span[text()='Enregistrer et poursuivre >']' in '5' second(s)

03-01-2024T15:42:10 - [MESSAGE][INFO] - Clicking on object: 'Object Repository/Page_DemarcheRenouvellement/btn_EnregistrerEtPoursuivre'

03-01-2024T15:42:12 - [MESSAGE][PASSED] - Object: 'Object Repository/Page_DemarcheRenouvellement/btn_EnregistrerEtPoursuivre' is clicked on

03-01-2024T15:42:12 - [MESSAGE][PASSED] - Call Test Case 'Test Cases/Test Reutilisable/DemandeOuRenouvelle_TitreSejour/FormulaireInformationsPersonnelles' successfully

03-01-2024T15:42:12 - [TEST_STEP][FAILED] - callTestCase(findTestCase("Test Reutilisable/DemandeOuRenouvelle_TitreSejour/FormulaireMotifDeLaDemande"), ["TypeTitreDeSejour":TypeTitreDeSejour, "ChangementSituation":ChangementSituation, "Titre":Titre], STOP_ON_FAILURE): Unable to call Test Case 'Test Cases/Test Reutilisable/DemandeOuRenouvelle_TitreSejour/FormulaireMotifDeLaDemande' (Root cause: com.kms.katalon.core.exception.StepFailedException: Call Test Case 'Test Cases/Test Reutilisable/DemandeOuRenouvelle_TitreSejour/FormulaireMotifDeLaDemande' failed
	at com.kms.katalon.core.keyword.builtin.CallTestCaseKeyword$_callTestCase_closure1.doCall(CallTestCaseKeyword.groovy:63)
	at com.kms.katalon.core.keyword.builtin.CallTestCaseKeyword$_callTestCase_closure1.call(CallTestCaseKeyword.groovy)
	at com.kms.katalon.core.keyword.internal.KeywordMain.runKeyword(KeywordMain.groovy:75)
	at com.kms.katalon.core.keyword.builtin.CallTestCaseKeyword.callTestCase(CallTestCaseKeyword.groovy:81)
	at com.kms.katalon.core.keyword.builtin.CallTestCaseKeyword.execute(CallTestCaseKeyword.groovy:44)
	at com.kms.katalon.core.keyword.internal.KeywordExecutor.executeKeywordForPlatform(KeywordExecutor.groovy:74)
	at com.kms.katalon.core.keyword.BuiltinKeywords.callTestCase(BuiltinKeywords.groovy:310)
	at java.base/jdk.internal.reflect.NativeMethodAccessorImpl.invoke0(Native Method)
	at java.base/jdk.internal.reflect.NativeMethodAccessorImpl.invoke(NativeMethodAccessorImpl.java:77)
	at java.base/jdk.internal.reflect.DelegatingMethodAccessorImpl.invoke(DelegatingMethodAccessorImpl.java:43)
	at com.kazurayam.ksbackyard.HighlightElement$_pandemic_closure1.doCall(HighlightElement.groovy:105)
	at jdk.internal.reflect.GeneratedMethodAccessor5.invoke(Unknown Source)
	at java.base/jdk.internal.reflect.DelegatingMethodAccessorImpl.invoke(DelegatingMethodAccessorImpl.java:43)
	at TNR R.TSPT Supp90-Visiteur.run(TNR R.TSPT Supp90-Visiteur:52)
	at com.kms.katalon.core.main.ScriptEngine.run(ScriptEngine.java:194)
	at com.kms.katalon.core.main.ScriptEngine.runScriptAsRawText(ScriptEngine.java:119)
	at com.kms.katalon.core.main.TestCaseExecutor.runScript(TestCaseExecutor.java:448)
	at com.kms.katalon.core.main.TestCaseExecutor.doExecute(TestCaseExecutor.java:439)
	at com.kms.katalon.core.main.TestCaseExecutor.processExecutionPhase(TestCaseExecutor.java:418)
	at com.kms.katalon.core.main.TestCaseExecutor.accessMainPhase(TestCaseExecutor.java:410)
	at com.kms.katalon.core.main.TestCaseExecutor.execute(TestCaseExecutor.java:285)
	at com.kms.katalon.core.common.CommonExecutor.accessTestCaseMainPhase(CommonExecutor.java:65)
	at com.kms.katalon.core.main.TestSuiteExecutor.accessTestSuiteMainPhase(TestSuiteExecutor.java:148)
	at com.kms.katalon.core.main.TestSuiteExecutor.execute(TestSuiteExecutor.java:106)
	at com.kms.katalon.core.main.TestCaseMain.startTestSuite(TestCaseMain.java:180)
	at TempTestSuite1704292590673.run(TempTestSuite1704292590673.groovy:36)
	at java.base/jdk.internal.reflect.NativeMethodAccessorImpl.invoke0(Native Method)
	at java.base/jdk.internal.reflect.NativeMethodAccessorImpl.invoke(NativeMethodAccessorImpl.java:77)
	at java.base/jdk.internal.reflect.DelegatingMethodAccessorImpl.invoke(DelegatingMethodAccessorImpl.java:43)
Caused by: com.kms.katalon.core.exception.StepFailedException: Unable to check object 'Object Repository/Page_MotifDeLaDemande_Usager/CheckBox_JetaisEtudiantEnFrance_Non'
	at com.kms.katalon.core.webui.keyword.internal.WebUIKeywordMain.stepFailed(WebUIKeywordMain.groovy:64)
	at com.kms.katalon.core.webui.keyword.internal.WebUIKeywordMain.runKeyword(WebUIKeywordMain.groovy:26)
	at com.kms.katalon.core.webui.keyword.builtin.CheckKeyword.check(CheckKeyword.groovy:88)
	at com.kms.katalon.core.webui.keyword.builtin.CheckKeyword.execute(CheckKeyword.groovy:67)
	at com.kms.katalon.core.keyword.internal.KeywordExecutor.executeKeywordForPlatform(KeywordExecutor.groovy:74)
	at com.kms.katalon.core.webui.keyword.WebUiBuiltInKeywords.check(WebUiBuiltInKeywords.groovy:1108)
	at java.base/jdk.internal.reflect.NativeMethodAccessorImpl.invoke0(Native Method)
	at java.base/jdk.internal.reflect.NativeMethodAccessorImpl.invoke(NativeMethodAccessorImpl.java:77)
	at java.base/jdk.internal.reflect.DelegatingMethodAccessorImpl.invoke(DelegatingMethodAccessorImpl.java:43)
	at com.kazurayam.ksbackyard.HighlightElement$_pandemic_closure1.doCall(HighlightElement.groovy:105)
	at jdk.internal.reflect.GeneratedMethodAccessor5.invoke(Unknown Source)
	at java.base/jdk.internal.reflect.DelegatingMethodAccessorImpl.invoke(DelegatingMethodAccessorImpl.java:43)
	at FormulaireMotifDeLaDemande.run(FormulaireMotifDeLaDemande:53)
	at com.kms.katalon.core.main.ScriptEngine.run(ScriptEngine.java:194)
	at com.kms.katalon.core.main.ScriptEngine.runScriptAsRawText(ScriptEngine.java:119)
	at com.kms.katalon.core.main.TestCaseExecutor.runScript(TestCaseExecutor.java:448)
	at com.kms.katalon.core.main.TestCaseExecutor.doExecute(TestCaseExecutor.java:439)
	at com.kms.katalon.core.main.TestCaseExecutor.processExecutionPhase(TestCaseExecutor.java:418)
	at com.kms.katalon.core.main.TestCaseExecutor.accessMainPhase(TestCaseExecutor.java:410)
	at com.kms.katalon.core.main.TestCaseExecutor.execute(TestCaseExecutor.java:285)
	at com.kms.katalon.core.main.TestCaseMain.runTestCase(TestCaseMain.java:137)
	at com.kms.katalon.core.keyword.builtin.CallTestCaseKeyword$_callTestCase_closure1.doCall(CallTestCaseKeyword.groovy:59)
	... 28 more
Caused by: org.openqa.selenium.ElementNotInteractableException: element not interactable
  (Session info: chrome=120.0.6099.130)
Build info: version: '3.141.59', revision: 'e82be7d358', time: '2018-11-14T08:25:53'
System info: host: 'FR-L5448059', ip: '192.168.1.134', os.name: 'Windows 10', os.arch: 'amd64', os.version: '10.0', java.version: '17.0.7'
Driver info: com.kms.katalon.selenium.driver.CChromeDriver
Capabilities {acceptInsecureCerts: false, browserName: chrome, browserVersion: 120.0.6099.130, chrome: {chromedriverVersion: 119.0.6045.105 (38c72552c5e..., userDataDir: C:\Users\ISSAM~1.RHA\AppDat...}, fedcm:accounts: true, goog:chromeOptions: {debuggerAddress: localhost:58698}, javascriptEnabled: true, networkConnectionEnabled: false, pageLoadStrategy: normal, platform: WINDOWS, platformName: WINDOWS, proxy: Proxy(), setWindowRect: true, strictFileInteractability: false, timeouts: {implicit: 0, pageLoad: 300000, script: 30000}, unhandledPromptBehavior: dismiss and notify, webauthn:extension:credBlob: true, webauthn:extension:largeBlob: true, webauthn:extension:minPinLength: true, webauthn:extension:prf: true, webauthn:virtualAuthenticators: true}
Session ID: 91d4e1aa0044b5ae8a5acd228946fbfd
	at java.base/jdk.internal.reflect.NativeConstructorAccessorImpl.newInstance0(Native Method)
	at java.base/jdk.internal.reflect.NativeConstructorAccessorImpl.newInstance(NativeConstructorAccessorImpl.java:77)
	at java.base/jdk.internal.reflect.DelegatingConstructorAccessorImpl.newInstance(DelegatingConstructorAccessorImpl.java:45)
	at org.openqa.selenium.remote.http.W3CHttpResponseCodec.createException(W3CHttpResponseCodec.java:187)
	at org.openqa.selenium.remote.http.W3CHttpResponseCodec.decode(W3CHttpResponseCodec.java:122)
	at org.openqa.selenium.remote.http.W3CHttpResponseCodec.decode(W3CHttpResponseCodec.java:49)
	at org.openqa.selenium.remote.HttpCommandExecutor.execute(HttpCommandExecutor.java:158)
	at org.openqa.selenium.remote.service.DriverCommandExecutor.execute(DriverCommandExecutor.java:83)
	at org.openqa.selenium.remote.RemoteWebDriver.execute(RemoteWebDriver.java:552)
	at com.kms.katalon.selenium.driver.CChromeDriver.execute(CChromeDriver.java:19)
	at org.openqa.selenium.remote.RemoteWebElement.execute(RemoteWebElement.java:285)
	at org.openqa.selenium.remote.RemoteWebElement.click(RemoteWebElement.java:84)
	at jdk.internal.reflect.GeneratedMethodAccessor26.invoke(Unknown Source)
	at java.base/jdk.internal.reflect.DelegatingMethodAccessorImpl.invoke(DelegatingMethodAccessorImpl.java:43)
	at org.openqa.selenium.support.events.EventFiringWebDriver$EventFiringWebElement.lambda$new$0(EventFiringWebDriver.java:404)
	at jdk.proxy2/jdk.proxy2.$Proxy25.click(Unknown Source)
	at org.openqa.selenium.support.events.EventFiringWebDriver$EventFiringWebElement.click(EventFiringWebDriver.java:417)
	at com.kms.katalon.core.webui.keyword.builtin.CheckKeyword$_check_closure1.doCall(CheckKeyword.groovy:80)
	at com.kms.katalon.core.webui.keyword.builtin.CheckKeyword$_check_closure1.call(CheckKeyword.groovy)
	at com.kms.katalon.core.webui.keyword.internal.WebUIKeywordMain.runKeyword(WebUIKeywordMain.groovy:20)
	... 48 more
)

03-01-2024T15:42:12 - [MESSAGE][INFO] - Checking called Test Case

03-01-2024T15:42:12 - [MESSAGE][INFO] - Starting to call Test Case 'Test Cases/Test Reutilisable/DemandeOuRenouvelle_TitreSejour/FormulaireMotifDeLaDemande'

03-01-2024T15:42:12 - [TEST_CASE][FAILED] - Test Cases/Test Reutilisable/DemandeOuRenouvelle_TitreSejour/FormulaireMotifDeLaDemande: Test Cases/Test Reutilisable/DemandeOuRenouvelle_TitreSejour/FormulaireMotifDeLaDemande FAILED.
Reason:
com.kms.katalon.core.exception.StepFailedException: Unable to check object 'Object Repository/Page_MotifDeLaDemande_Usager/CheckBox_JetaisEtudiantEnFrance_Non'
	at com.kms.katalon.core.webui.keyword.internal.WebUIKeywordMain.stepFailed(WebUIKeywordMain.groovy:64)
	at com.kms.katalon.core.webui.keyword.internal.WebUIKeywordMain.runKeyword(WebUIKeywordMain.groovy:26)
	at com.kms.katalon.core.webui.keyword.builtin.CheckKeyword.check(CheckKeyword.groovy:88)
	at com.kms.katalon.core.webui.keyword.builtin.CheckKeyword.execute(CheckKeyword.groovy:67)
	at com.kms.katalon.core.keyword.internal.KeywordExecutor.executeKeywordForPlatform(KeywordExecutor.groovy:74)
	at com.kms.katalon.core.webui.keyword.WebUiBuiltInKeywords.check(WebUiBuiltInKeywords.groovy:1108)
	at java.base/jdk.internal.reflect.NativeMethodAccessorImpl.invoke0(Native Method)
	at java.base/jdk.internal.reflect.NativeMethodAccessorImpl.invoke(NativeMethodAccessorImpl.java:77)
	at java.base/jdk.internal.reflect.DelegatingMethodAccessorImpl.invoke(DelegatingMethodAccessorImpl.java:43)
	at com.kazurayam.ksbackyard.HighlightElement$_pandemic_closure1.doCall(HighlightElement.groovy:105)
	at jdk.internal.reflect.GeneratedMethodAccessor5.invoke(Unknown Source)
	at java.base/jdk.internal.reflect.DelegatingMethodAccessorImpl.invoke(DelegatingMethodAccessorImpl.java:43)
	at FormulaireMotifDeLaDemande.run(FormulaireMotifDeLaDemande:53)
	at com.kms.katalon.core.main.ScriptEngine.run(ScriptEngine.java:194)
	at com.kms.katalon.core.main.ScriptEngine.runScriptAsRawText(ScriptEngine.java:119)
	at com.kms.katalon.core.main.TestCaseExecutor.runScript(TestCaseExecutor.java:448)
	at com.kms.katalon.core.main.TestCaseExecutor.doExecute(TestCaseExecutor.java:439)
	at com.kms.katalon.core.main.TestCaseExecutor.processExecutionPhase(TestCaseExecutor.java:418)
	at com.kms.katalon.core.main.TestCaseExecutor.accessMainPhase(TestCaseExecutor.java:410)
	at com.kms.katalon.core.main.TestCaseExecutor.execute(TestCaseExecutor.java:285)
	at com.kms.katalon.core.main.TestCaseMain.runTestCase(TestCaseMain.java:137)
	at com.kms.katalon.core.keyword.builtin.CallTestCaseKeyword$_callTestCase_closure1.doCall(CallTestCaseKeyword.groovy:59)
	at com.kms.katalon.core.keyword.builtin.CallTestCaseKeyword$_callTestCase_closure1.call(CallTestCaseKeyword.groovy)
	at com.kms.katalon.core.keyword.internal.KeywordMain.runKeyword(KeywordMain.groovy:75)
	at com.kms.katalon.core.keyword.builtin.CallTestCaseKeyword.callTestCase(CallTestCaseKeyword.groovy:81)
	at com.kms.katalon.core.keyword.builtin.CallTestCaseKeyword.execute(CallTestCaseKeyword.groovy:44)
	at com.kms.katalon.core.keyword.internal.KeywordExecutor.executeKeywordForPlatform(KeywordExecutor.groovy:74)
	at com.kms.katalon.core.keyword.BuiltinKeywords.callTestCase(BuiltinKeywords.groovy:310)
	at java.base/jdk.internal.reflect.NativeMethodAccessorImpl.invoke0(Native Method)
	at java.base/jdk.internal.reflect.NativeMethodAccessorImpl.invoke(NativeMethodAccessorImpl.java:77)
	at java.base/jdk.internal.reflect.DelegatingMethodAccessorImpl.invoke(DelegatingMethodAccessorImpl.java:43)
	at com.kazurayam.ksbackyard.HighlightElement$_pandemic_closure1.doCall(HighlightElement.groovy:105)
	at jdk.internal.reflect.GeneratedMethodAccessor5.invoke(Unknown Source)
	at java.base/jdk.internal.reflect.DelegatingMethodAccessorImpl.invoke(DelegatingMethodAccessorImpl.java:43)
	at TNR R.TSPT Supp90-Visiteur.run(TNR R.TSPT Supp90-Visiteur:52)
	at com.kms.katalon.core.main.ScriptEngine.run(ScriptEngine.java:194)
	at com.kms.katalon.core.main.ScriptEngine.runScriptAsRawText(ScriptEngine.java:119)
	at com.kms.katalon.core.main.TestCaseExecutor.runScript(TestCaseExecutor.java:448)
	at com.kms.katalon.core.main.TestCaseExecutor.doExecute(TestCaseExecutor.java:439)
	at com.kms.katalon.core.main.TestCaseExecutor.processExecutionPhase(TestCaseExecutor.java:418)
	at com.kms.katalon.core.main.TestCaseExecutor.accessMainPhase(TestCaseExecutor.java:410)
	at com.kms.katalon.core.main.TestCaseExecutor.execute(TestCaseExecutor.java:285)
	at com.kms.katalon.core.common.CommonExecutor.accessTestCaseMainPhase(CommonExecutor.java:65)
	at com.kms.katalon.core.main.TestSuiteExecutor.accessTestSuiteMainPhase(TestSuiteExecutor.java:148)
	at com.kms.katalon.core.main.TestSuiteExecutor.execute(TestSuiteExecutor.java:106)
	at com.kms.katalon.core.main.TestCaseMain.startTestSuite(TestCaseMain.java:180)
	at TempTestSuite1704292590673.run(TempTestSuite1704292590673.groovy:36)
	at java.base/jdk.internal.reflect.NativeMethodAccessorImpl.invoke0(Native Method)
	at java.base/jdk.internal.reflect.NativeMethodAccessorImpl.invoke(NativeMethodAccessorImpl.java:77)
	at java.base/jdk.internal.reflect.DelegatingMethodAccessorImpl.invoke(DelegatingMethodAccessorImpl.java:43)
Caused by: org.openqa.selenium.ElementNotInteractableException: element not interactable
  (Session info: chrome=120.0.6099.130)
Build info: version: '3.141.59', revision: 'e82be7d358', time: '2018-11-14T08:25:53'
System info: host: 'FR-L5448059', ip: '192.168.1.134', os.name: 'Windows 10', os.arch: 'amd64', os.version: '10.0', java.version: '17.0.7'
Driver info: com.kms.katalon.selenium.driver.CChromeDriver
Capabilities {acceptInsecureCerts: false, browserName: chrome, browserVersion: 120.0.6099.130, chrome: {chromedriverVersion: 119.0.6045.105 (38c72552c5e..., userDataDir: C:\Users\ISSAM~1.RHA\AppDat...}, fedcm:accounts: true, goog:chromeOptions: {debuggerAddress: localhost:58698}, javascriptEnabled: true, networkConnectionEnabled: false, pageLoadStrategy: normal, platform: WINDOWS, platformName: WINDOWS, proxy: Proxy(), setWindowRect: true, strictFileInteractability: false, timeouts: {implicit: 0, pageLoad: 300000, script: 30000}, unhandledPromptBehavior: dismiss and notify, webauthn:extension:credBlob: true, webauthn:extension:largeBlob: true, webauthn:extension:minPinLength: true, webauthn:extension:prf: true, webauthn:virtualAuthenticators: true}
Session ID: 91d4e1aa0044b5ae8a5acd228946fbfd
	at java.base/jdk.internal.reflect.NativeConstructorAccessorImpl.newInstance0(Native Method)
	at java.base/jdk.internal.reflect.NativeConstructorAccessorImpl.newInstance(NativeConstructorAccessorImpl.java:77)
	at java.base/jdk.internal.reflect.DelegatingConstructorAccessorImpl.newInstance(DelegatingConstructorAccessorImpl.java:45)
	at org.openqa.selenium.remote.http.W3CHttpResponseCodec.createException(W3CHttpResponseCodec.java:187)
	at org.openqa.selenium.remote.http.W3CHttpResponseCodec.decode(W3CHttpResponseCodec.java:122)
	at org.openqa.selenium.remote.http.W3CHttpResponseCodec.decode(W3CHttpResponseCodec.java:49)
	at org.openqa.selenium.remote.HttpCommandExecutor.execute(HttpCommandExecutor.java:158)
	at org.openqa.selenium.remote.service.DriverCommandExecutor.execute(DriverCommandExecutor.java:83)
	at org.openqa.selenium.remote.RemoteWebDriver.execute(RemoteWebDriver.java:552)
	at com.kms.katalon.selenium.driver.CChromeDriver.execute(CChromeDriver.java:19)
	at org.openqa.selenium.remote.RemoteWebElement.execute(RemoteWebElement.java:285)
	at org.openqa.selenium.remote.RemoteWebElement.click(RemoteWebElement.java:84)
	at jdk.internal.reflect.GeneratedMethodAccessor26.invoke(Unknown Source)
	at java.base/jdk.internal.reflect.DelegatingMethodAccessorImpl.invoke(DelegatingMethodAccessorImpl.java:43)
	at org.openqa.selenium.support.events.EventFiringWebDriver$EventFiringWebElement.lambda$new$0(EventFiringWebDriver.java:404)
	at jdk.proxy2/jdk.proxy2.$Proxy25.click(Unknown Source)
	at org.openqa.selenium.support.events.EventFiringWebDriver$EventFiringWebElement.click(EventFiringWebDriver.java:417)
	at com.kms.katalon.core.webui.keyword.builtin.CheckKeyword$_check_closure1.doCall(CheckKeyword.groovy:80)
	at com.kms.katalon.core.webui.keyword.builtin.CheckKeyword$_check_closure1.call(CheckKeyword.groovy)
	at com.kms.katalon.core.webui.keyword.internal.WebUIKeywordMain.runKeyword(WebUIKeywordMain.groovy:20)
	... 48 more


03-01-2024T15:42:13 - [TEST_STEP][PASSED] - com.kazurayam.ksbackyard.HighlightElement.pandemic(): com.kazurayam.ksbackyard.HighlightElement.pandemic is PASSED

03-01-2024T15:42:13 - [MESSAGE][PASSED] - com.kazurayam.ksbackyard.HighlightElement.pandemic is PASSED

03-01-2024T15:42:13 - [TEST_STEP][FAILED] - if (ChangementSituation == "Non"): Unable to check object 'Object Repository/Page_MotifDeLaDemande_Usager/CheckBox_JetaisEtudiantEnFrance_Non' (Root cause: com.kms.katalon.core.exception.StepFailedException: Unable to check object 'Object Repository/Page_MotifDeLaDemande_Usager/CheckBox_JetaisEtudiantEnFrance_Non'
	at com.kms.katalon.core.webui.keyword.internal.WebUIKeywordMain.stepFailed(WebUIKeywordMain.groovy:64)
	at com.kms.katalon.core.webui.keyword.internal.WebUIKeywordMain.runKeyword(WebUIKeywordMain.groovy:26)
	at com.kms.katalon.core.webui.keyword.builtin.CheckKeyword.check(CheckKeyword.groovy:88)
	at com.kms.katalon.core.webui.keyword.builtin.CheckKeyword.execute(CheckKeyword.groovy:67)
	at com.kms.katalon.core.keyword.internal.KeywordExecutor.executeKeywordForPlatform(KeywordExecutor.groovy:74)
	at com.kms.katalon.core.webui.keyword.WebUiBuiltInKeywords.check(WebUiBuiltInKeywords.groovy:1108)
	at java.base/jdk.internal.reflect.NativeMethodAccessorImpl.invoke0(Native Method)
	at java.base/jdk.internal.reflect.NativeMethodAccessorImpl.invoke(NativeMethodAccessorImpl.java:77)
	at java.base/jdk.internal.reflect.DelegatingMethodAccessorImpl.invoke(DelegatingMethodAccessorImpl.java:43)
	at com.kazurayam.ksbackyard.HighlightElement$_pandemic_closure1.doCall(HighlightElement.groovy:105)
	at jdk.internal.reflect.GeneratedMethodAccessor5.invoke(Unknown Source)
	at java.base/jdk.internal.reflect.DelegatingMethodAccessorImpl.invoke(DelegatingMethodAccessorImpl.java:43)
	at FormulaireMotifDeLaDemande.run(FormulaireMotifDeLaDemande:53)
	at com.kms.katalon.core.main.ScriptEngine.run(ScriptEngine.java:194)
	at com.kms.katalon.core.main.ScriptEngine.runScriptAsRawText(ScriptEngine.java:119)
	at com.kms.katalon.core.main.TestCaseExecutor.runScript(TestCaseExecutor.java:448)
	at com.kms.katalon.core.main.TestCaseExecutor.doExecute(TestCaseExecutor.java:439)
	at com.kms.katalon.core.main.TestCaseExecutor.processExecutionPhase(TestCaseExecutor.java:418)
	at com.kms.katalon.core.main.TestCaseExecutor.accessMainPhase(TestCaseExecutor.java:410)
	at com.kms.katalon.core.main.TestCaseExecutor.execute(TestCaseExecutor.java:285)
	at com.kms.katalon.core.main.TestCaseMain.runTestCase(TestCaseMain.java:137)
	at com.kms.katalon.core.keyword.builtin.CallTestCaseKeyword$_callTestCase_closure1.doCall(CallTestCaseKeyword.groovy:59)
	at com.kms.katalon.core.keyword.builtin.CallTestCaseKeyword$_callTestCase_closure1.call(CallTestCaseKeyword.groovy)
	at com.kms.katalon.core.keyword.internal.KeywordMain.runKeyword(KeywordMain.groovy:75)
	at com.kms.katalon.core.keyword.builtin.CallTestCaseKeyword.callTestCase(CallTestCaseKeyword.groovy:81)
	at com.kms.katalon.core.keyword.builtin.CallTestCaseKeyword.execute(CallTestCaseKeyword.groovy:44)
	at com.kms.katalon.core.keyword.internal.KeywordExecutor.executeKeywordForPlatform(KeywordExecutor.groovy:74)
	at com.kms.katalon.core.keyword.BuiltinKeywords.callTestCase(BuiltinKeywords.groovy:310)
	at java.base/jdk.internal.reflect.NativeMethodAccessorImpl.invoke0(Native Method)
	at java.base/jdk.internal.reflect.NativeMethodAccessorImpl.invoke(NativeMethodAccessorImpl.java:77)
	at java.base/jdk.internal.reflect.DelegatingMethodAccessorImpl.invoke(DelegatingMethodAccessorImpl.java:43)
	at com.kazurayam.ksbackyard.HighlightElement$_pandemic_closure1.doCall(HighlightElement.groovy:105)
	at jdk.internal.reflect.GeneratedMethodAccessor5.invoke(Unknown Source)
	at java.base/jdk.internal.reflect.DelegatingMethodAccessorImpl.invoke(DelegatingMethodAccessorImpl.java:43)
	at TNR R.TSPT Supp90-Visiteur.run(TNR R.TSPT Supp90-Visiteur:52)
	at com.kms.katalon.core.main.ScriptEngine.run(ScriptEngine.java:194)
	at com.kms.katalon.core.main.ScriptEngine.runScriptAsRawText(ScriptEngine.java:119)
	at com.kms.katalon.core.main.TestCaseExecutor.runScript(TestCaseExecutor.java:448)
	at com.kms.katalon.core.main.TestCaseExecutor.doExecute(TestCaseExecutor.java:439)
	at com.kms.katalon.core.main.TestCaseExecutor.processExecutionPhase(TestCaseExecutor.java:418)
	at com.kms.katalon.core.main.TestCaseExecutor.accessMainPhase(TestCaseExecutor.java:410)
	at com.kms.katalon.core.main.TestCaseExecutor.execute(TestCaseExecutor.java:285)
	at com.kms.katalon.core.common.CommonExecutor.accessTestCaseMainPhase(CommonExecutor.java:65)
	at com.kms.katalon.core.main.TestSuiteExecutor.accessTestSuiteMainPhase(TestSuiteExecutor.java:148)
	at com.kms.katalon.core.main.TestSuiteExecutor.execute(TestSuiteExecutor.java:106)
	at com.kms.katalon.core.main.TestCaseMain.startTestSuite(TestCaseMain.java:180)
	at TempTestSuite1704292590673.run(TempTestSuite1704292590673.groovy:36)
	at java.base/jdk.internal.reflect.NativeMethodAccessorImpl.invoke0(Native Method)
	at java.base/jdk.internal.reflect.NativeMethodAccessorImpl.invoke(NativeMethodAccessorImpl.java:77)
	at java.base/jdk.internal.reflect.DelegatingMethodAccessorImpl.invoke(DelegatingMethodAccessorImpl.java:43)
Caused by: org.openqa.selenium.ElementNotInteractableException: element not interactable
  (Session info: chrome=120.0.6099.130)
Build info: version: '3.141.59', revision: 'e82be7d358', time: '2018-11-14T08:25:53'
System info: host: 'FR-L5448059', ip: '192.168.1.134', os.name: 'Windows 10', os.arch: 'amd64', os.version: '10.0', java.version: '17.0.7'
Driver info: com.kms.katalon.selenium.driver.CChromeDriver
Capabilities {acceptInsecureCerts: false, browserName: chrome, browserVersion: 120.0.6099.130, chrome: {chromedriverVersion: 119.0.6045.105 (38c72552c5e..., userDataDir: C:\Users\ISSAM~1.RHA\AppDat...}, fedcm:accounts: true, goog:chromeOptions: {debuggerAddress: localhost:58698}, javascriptEnabled: true, networkConnectionEnabled: false, pageLoadStrategy: normal, platform: WINDOWS, platformName: WINDOWS, proxy: Proxy(), setWindowRect: true, strictFileInteractability: false, timeouts: {implicit: 0, pageLoad: 300000, script: 30000}, unhandledPromptBehavior: dismiss and notify, webauthn:extension:credBlob: true, webauthn:extension:largeBlob: true, webauthn:extension:minPinLength: true, webauthn:extension:prf: true, webauthn:virtualAuthenticators: true}
Session ID: 91d4e1aa0044b5ae8a5acd228946fbfd
	at java.base/jdk.internal.reflect.NativeConstructorAccessorImpl.newInstance0(Native Method)
	at java.base/jdk.internal.reflect.NativeConstructorAccessorImpl.newInstance(NativeConstructorAccessorImpl.java:77)
	at java.base/jdk.internal.reflect.DelegatingConstructorAccessorImpl.newInstance(DelegatingConstructorAccessorImpl.java:45)
	at org.openqa.selenium.remote.http.W3CHttpResponseCodec.createException(W3CHttpResponseCodec.java:187)
	at org.openqa.selenium.remote.http.W3CHttpResponseCodec.decode(W3CHttpResponseCodec.java:122)
	at org.openqa.selenium.remote.http.W3CHttpResponseCodec.decode(W3CHttpResponseCodec.java:49)
	at org.openqa.selenium.remote.HttpCommandExecutor.execute(HttpCommandExecutor.java:158)
	at org.openqa.selenium.remote.service.DriverCommandExecutor.execute(DriverCommandExecutor.java:83)
	at org.openqa.selenium.remote.RemoteWebDriver.execute(RemoteWebDriver.java:552)
	at com.kms.katalon.selenium.driver.CChromeDriver.execute(CChromeDriver.java:19)
	at org.openqa.selenium.remote.RemoteWebElement.execute(RemoteWebElement.java:285)
	at org.openqa.selenium.remote.RemoteWebElement.click(RemoteWebElement.java:84)
	at jdk.internal.reflect.GeneratedMethodAccessor26.invoke(Unknown Source)
	at java.base/jdk.internal.reflect.DelegatingMethodAccessorImpl.invoke(DelegatingMethodAccessorImpl.java:43)
	at org.openqa.selenium.support.events.EventFiringWebDriver$EventFiringWebElement.lambda$new$0(EventFiringWebDriver.java:404)
	at jdk.proxy2/jdk.proxy2.$Proxy25.click(Unknown Source)
	at org.openqa.selenium.support.events.EventFiringWebDriver$EventFiringWebElement.click(EventFiringWebDriver.java:417)
	at com.kms.katalon.core.webui.keyword.builtin.CheckKeyword$_check_closure1.doCall(CheckKeyword.groovy:80)
	at com.kms.katalon.core.webui.keyword.builtin.CheckKeyword$_check_closure1.call(CheckKeyword.groovy)
	at com.kms.katalon.core.webui.keyword.internal.WebUIKeywordMain.runKeyword(WebUIKeywordMain.groovy:20)
	at com.kms.katalon.core.webui.keyword.builtin.CheckKeyword.check(CheckKeyword.groovy:88)
	at com.kms.katalon.core.webui.keyword.builtin.CheckKeyword.execute(CheckKeyword.groovy:67)
	at com.kms.katalon.core.keyword.internal.KeywordExecutor.executeKeywordForPlatform(KeywordExecutor.groovy:74)
	at com.kms.katalon.core.webui.keyword.WebUiBuiltInKeywords.check(WebUiBuiltInKeywords.groovy:1108)
	at java.base/jdk.internal.reflect.NativeMethodAccessorImpl.invoke0(Native Method)
	at java.base/jdk.internal.reflect.NativeMethodAccessorImpl.invoke(NativeMethodAccessorImpl.java:77)
	at java.base/jdk.internal.reflect.DelegatingMethodAccessorImpl.invoke(DelegatingMethodAccessorImpl.java:43)
	at com.kazurayam.ksbackyard.HighlightElement$_pandemic_closure1.doCall(HighlightElement.groovy:105)
	at jdk.internal.reflect.GeneratedMethodAccessor5.invoke(Unknown Source)
	at java.base/jdk.internal.reflect.DelegatingMethodAccessorImpl.invoke(DelegatingMethodAccessorImpl.java:43)
	at Script1695813884767.run(Script1695813884767.groovy:53)
	at com.kms.katalon.core.main.ScriptEngine.run(ScriptEngine.java:194)
	at com.kms.katalon.core.main.ScriptEngine.runScriptAsRawText(ScriptEngine.java:119)
	at com.kms.katalon.core.main.TestCaseExecutor.runScript(TestCaseExecutor.java:448)
	at com.kms.katalon.core.main.TestCaseExecutor.doExecute(TestCaseExecutor.java:439)
	at com.kms.katalon.core.main.TestCaseExecutor.processExecutionPhase(TestCaseExecutor.java:418)
	at com.kms.katalon.core.main.TestCaseExecutor.accessMainPhase(TestCaseExecutor.java:410)
	at com.kms.katalon.core.main.TestCaseExecutor.execute(TestCaseExecutor.java:285)
	at com.kms.katalon.core.main.TestCaseMain.runTestCase(TestCaseMain.java:137)
	at com.kms.katalon.core.keyword.builtin.CallTestCaseKeyword$_callTestCase_closure1.doCall(CallTestCaseKeyword.groovy:59)
	at com.kms.katalon.core.keyword.builtin.CallTestCaseKeyword$_callTestCase_closure1.call(CallTestCaseKeyword.groovy)
	at com.kms.katalon.core.keyword.internal.KeywordMain.runKeyword(KeywordMain.groovy:75)
	at com.kms.katalon.core.keyword.builtin.CallTestCaseKeyword.callTestCase(CallTestCaseKeyword.groovy:81)
	at com.kms.katalon.core.keyword.builtin.CallTestCaseKeyword.execute(CallTestCaseKeyword.groovy:44)
	at com.kms.katalon.core.keyword.internal.KeywordExecutor.executeKeywordForPlatform(KeywordExecutor.groovy:74)
	at com.kms.katalon.core.keyword.BuiltinKeywords.callTestCase(BuiltinKeywords.groovy:310)
	at java.base/jdk.internal.reflect.NativeMethodAccessorImpl.invoke0(Native Method)
	at java.base/jdk.internal.reflect.NativeMethodAccessorImpl.invoke(NativeMethodAccessorImpl.java:77)
	at java.base/jdk.internal.reflect.DelegatingMethodAccessorImpl.invoke(DelegatingMethodAccessorImpl.java:43)
	at com.kazurayam.ksbackyard.HighlightElement$_pandemic_closure1.doCall(HighlightElement.groovy:105)
	at jdk.internal.reflect.GeneratedMethodAccessor5.invoke(Unknown Source)
	at java.base/jdk.internal.reflect.DelegatingMethodAccessorImpl.invoke(DelegatingMethodAccessorImpl.java:43)
	at Script1695213876796.run(Script1695213876796.groovy:52)
	... 15 more
)

03-01-2024T15:42:13 - [TEST_STEP][FAILED] - if (TypeTitreDeSejour == "RenouvellementDeTitreSejour" && Titre == "Etudiant"): Unable to check object 'Object Repository/Page_MotifDeLaDemande_Usager/CheckBox_JetaisEtudiantEnFrance_Non' (Root cause: com.kms.katalon.core.exception.StepFailedException: Unable to check object 'Object Repository/Page_MotifDeLaDemande_Usager/CheckBox_JetaisEtudiantEnFrance_Non'
	at com.kms.katalon.core.webui.keyword.internal.WebUIKeywordMain.stepFailed(WebUIKeywordMain.groovy:64)
	at com.kms.katalon.core.webui.keyword.internal.WebUIKeywordMain.runKeyword(WebUIKeywordMain.groovy:26)
	at com.kms.katalon.core.webui.keyword.builtin.CheckKeyword.check(CheckKeyword.groovy:88)
	at com.kms.katalon.core.webui.keyword.builtin.CheckKeyword.execute(CheckKeyword.groovy:67)
	at com.kms.katalon.core.keyword.internal.KeywordExecutor.executeKeywordForPlatform(KeywordExecutor.groovy:74)
	at com.kms.katalon.core.webui.keyword.WebUiBuiltInKeywords.check(WebUiBuiltInKeywords.groovy:1108)
	at java.base/jdk.internal.reflect.NativeMethodAccessorImpl.invoke0(Native Method)
	at java.base/jdk.internal.reflect.NativeMethodAccessorImpl.invoke(NativeMethodAccessorImpl.java:77)
	at java.base/jdk.internal.reflect.DelegatingMethodAccessorImpl.invoke(DelegatingMethodAccessorImpl.java:43)
	at com.kazurayam.ksbackyard.HighlightElement$_pandemic_closure1.doCall(HighlightElement.groovy:105)
	at jdk.internal.reflect.GeneratedMethodAccessor5.invoke(Unknown Source)
	at java.base/jdk.internal.reflect.DelegatingMethodAccessorImpl.invoke(DelegatingMethodAccessorImpl.java:43)
	at FormulaireMotifDeLaDemande.run(FormulaireMotifDeLaDemande:53)
	at com.kms.katalon.core.main.ScriptEngine.run(ScriptEngine.java:194)
	at com.kms.katalon.core.main.ScriptEngine.runScriptAsRawText(ScriptEngine.java:119)
	at com.kms.katalon.core.main.TestCaseExecutor.runScript(TestCaseExecutor.java:448)
	at com.kms.katalon.core.main.TestCaseExecutor.doExecute(TestCaseExecutor.java:439)
	at com.kms.katalon.core.main.TestCaseExecutor.processExecutionPhase(TestCaseExecutor.java:418)
	at com.kms.katalon.core.main.TestCaseExecutor.accessMainPhase(TestCaseExecutor.java:410)
	at com.kms.katalon.core.main.TestCaseExecutor.execute(TestCaseExecutor.java:285)
	at com.kms.katalon.core.main.TestCaseMain.runTestCase(TestCaseMain.java:137)
	at com.kms.katalon.core.keyword.builtin.CallTestCaseKeyword$_callTestCase_closure1.doCall(CallTestCaseKeyword.groovy:59)
	at com.kms.katalon.core.keyword.builtin.CallTestCaseKeyword$_callTestCase_closure1.call(CallTestCaseKeyword.groovy)
	at com.kms.katalon.core.keyword.internal.KeywordMain.runKeyword(KeywordMain.groovy:75)
	at com.kms.katalon.core.keyword.builtin.CallTestCaseKeyword.callTestCase(CallTestCaseKeyword.groovy:81)
	at com.kms.katalon.core.keyword.builtin.CallTestCaseKeyword.execute(CallTestCaseKeyword.groovy:44)
	at com.kms.katalon.core.keyword.internal.KeywordExecutor.executeKeywordForPlatform(KeywordExecutor.groovy:74)
	at com.kms.katalon.core.keyword.BuiltinKeywords.callTestCase(BuiltinKeywords.groovy:310)
	at java.base/jdk.internal.reflect.NativeMethodAccessorImpl.invoke0(Native Method)
	at java.base/jdk.internal.reflect.NativeMethodAccessorImpl.invoke(NativeMethodAccessorImpl.java:77)
	at java.base/jdk.internal.reflect.DelegatingMethodAccessorImpl.invoke(DelegatingMethodAccessorImpl.java:43)
	at com.kazurayam.ksbackyard.HighlightElement$_pandemic_closure1.doCall(HighlightElement.groovy:105)
	at jdk.internal.reflect.GeneratedMethodAccessor5.invoke(Unknown Source)
	at java.base/jdk.internal.reflect.DelegatingMethodAccessorImpl.invoke(DelegatingMethodAccessorImpl.java:43)
	at TNR R.TSPT Supp90-Visiteur.run(TNR R.TSPT Supp90-Visiteur:52)
	at com.kms.katalon.core.main.ScriptEngine.run(ScriptEngine.java:194)
	at com.kms.katalon.core.main.ScriptEngine.runScriptAsRawText(ScriptEngine.java:119)
	at com.kms.katalon.core.main.TestCaseExecutor.runScript(TestCaseExecutor.java:448)
	at com.kms.katalon.core.main.TestCaseExecutor.doExecute(TestCaseExecutor.java:439)
	at com.kms.katalon.core.main.TestCaseExecutor.processExecutionPhase(TestCaseExecutor.java:418)
	at com.kms.katalon.core.main.TestCaseExecutor.accessMainPhase(TestCaseExecutor.java:410)
	at com.kms.katalon.core.main.TestCaseExecutor.execute(TestCaseExecutor.java:285)
	at com.kms.katalon.core.common.CommonExecutor.accessTestCaseMainPhase(CommonExecutor.java:65)
	at com.kms.katalon.core.main.TestSuiteExecutor.accessTestSuiteMainPhase(TestSuiteExecutor.java:148)
	at com.kms.katalon.core.main.TestSuiteExecutor.execute(TestSuiteExecutor.java:106)
	at com.kms.katalon.core.main.TestCaseMain.startTestSuite(TestCaseMain.java:180)
	at TempTestSuite1704292590673.run(TempTestSuite1704292590673.groovy:36)
	at java.base/jdk.internal.reflect.NativeMethodAccessorImpl.invoke0(Native Method)
	at java.base/jdk.internal.reflect.NativeMethodAccessorImpl.invoke(NativeMethodAccessorImpl.java:77)
	at java.base/jdk.internal.reflect.DelegatingMethodAccessorImpl.invoke(DelegatingMethodAccessorImpl.java:43)
Caused by: org.openqa.selenium.ElementNotInteractableException: element not interactable
  (Session info: chrome=120.0.6099.130)
Build info: version: '3.141.59', revision: 'e82be7d358', time: '2018-11-14T08:25:53'
System info: host: 'FR-L5448059', ip: '192.168.1.134', os.name: 'Windows 10', os.arch: 'amd64', os.version: '10.0', java.version: '17.0.7'
Driver info: com.kms.katalon.selenium.driver.CChromeDriver
Capabilities {acceptInsecureCerts: false, browserName: chrome, browserVersion: 120.0.6099.130, chrome: {chromedriverVersion: 119.0.6045.105 (38c72552c5e..., userDataDir: C:\Users\ISSAM~1.RHA\AppDat...}, fedcm:accounts: true, goog:chromeOptions: {debuggerAddress: localhost:58698}, javascriptEnabled: true, networkConnectionEnabled: false, pageLoadStrategy: normal, platform: WINDOWS, platformName: WINDOWS, proxy: Proxy(), setWindowRect: true, strictFileInteractability: false, timeouts: {implicit: 0, pageLoad: 300000, script: 30000}, unhandledPromptBehavior: dismiss and notify, webauthn:extension:credBlob: true, webauthn:extension:largeBlob: true, webauthn:extension:minPinLength: true, webauthn:extension:prf: true, webauthn:virtualAuthenticators: true}
Session ID: 91d4e1aa0044b5ae8a5acd228946fbfd
	at java.base/jdk.internal.reflect.NativeConstructorAccessorImpl.newInstance0(Native Method)
	at java.base/jdk.internal.reflect.NativeConstructorAccessorImpl.newInstance(NativeConstructorAccessorImpl.java:77)
	at java.base/jdk.internal.reflect.DelegatingConstructorAccessorImpl.newInstance(DelegatingConstructorAccessorImpl.java:45)
	at org.openqa.selenium.remote.http.W3CHttpResponseCodec.createException(W3CHttpResponseCodec.java:187)
	at org.openqa.selenium.remote.http.W3CHttpResponseCodec.decode(W3CHttpResponseCodec.java:122)
	at org.openqa.selenium.remote.http.W3CHttpResponseCodec.decode(W3CHttpResponseCodec.java:49)
	at org.openqa.selenium.remote.HttpCommandExecutor.execute(HttpCommandExecutor.java:158)
	at org.openqa.selenium.remote.service.DriverCommandExecutor.execute(DriverCommandExecutor.java:83)
	at org.openqa.selenium.remote.RemoteWebDriver.execute(RemoteWebDriver.java:552)
	at com.kms.katalon.selenium.driver.CChromeDriver.execute(CChromeDriver.java:19)
	at org.openqa.selenium.remote.RemoteWebElement.execute(RemoteWebElement.java:285)
	at org.openqa.selenium.remote.RemoteWebElement.click(RemoteWebElement.java:84)
	at jdk.internal.reflect.GeneratedMethodAccessor26.invoke(Unknown Source)
	at java.base/jdk.internal.reflect.DelegatingMethodAccessorImpl.invoke(DelegatingMethodAccessorImpl.java:43)
	at org.openqa.selenium.support.events.EventFiringWebDriver$EventFiringWebElement.lambda$new$0(EventFiringWebDriver.java:404)
	at jdk.proxy2/jdk.proxy2.$Proxy25.click(Unknown Source)
	at org.openqa.selenium.support.events.EventFiringWebDriver$EventFiringWebElement.click(EventFiringWebDriver.java:417)
	at com.kms.katalon.core.webui.keyword.builtin.CheckKeyword$_check_closure1.doCall(CheckKeyword.groovy:80)
	at com.kms.katalon.core.webui.keyword.builtin.CheckKeyword$_check_closure1.call(CheckKeyword.groovy)
	at com.kms.katalon.core.webui.keyword.internal.WebUIKeywordMain.runKeyword(WebUIKeywordMain.groovy:20)
	at com.kms.katalon.core.webui.keyword.builtin.CheckKeyword.check(CheckKeyword.groovy:88)
	at com.kms.katalon.core.webui.keyword.builtin.CheckKeyword.execute(CheckKeyword.groovy:67)
	at com.kms.katalon.core.keyword.internal.KeywordExecutor.executeKeywordForPlatform(KeywordExecutor.groovy:74)
	at com.kms.katalon.core.webui.keyword.WebUiBuiltInKeywords.check(WebUiBuiltInKeywords.groovy:1108)
	at java.base/jdk.internal.reflect.NativeMethodAccessorImpl.invoke0(Native Method)
	at java.base/jdk.internal.reflect.NativeMethodAccessorImpl.invoke(NativeMethodAccessorImpl.java:77)
	at java.base/jdk.internal.reflect.DelegatingMethodAccessorImpl.invoke(DelegatingMethodAccessorImpl.java:43)
	at com.kazurayam.ksbackyard.HighlightElement$_pandemic_closure1.doCall(HighlightElement.groovy:105)
	at jdk.internal.reflect.GeneratedMethodAccessor5.invoke(Unknown Source)
	at java.base/jdk.internal.reflect.DelegatingMethodAccessorImpl.invoke(DelegatingMethodAccessorImpl.java:43)
	at Script1695813884767.run(Script1695813884767.groovy:53)
	at com.kms.katalon.core.main.ScriptEngine.run(ScriptEngine.java:194)
	at com.kms.katalon.core.main.ScriptEngine.runScriptAsRawText(ScriptEngine.java:119)
	at com.kms.katalon.core.main.TestCaseExecutor.runScript(TestCaseExecutor.java:448)
	at com.kms.katalon.core.main.TestCaseExecutor.doExecute(TestCaseExecutor.java:439)
	at com.kms.katalon.core.main.TestCaseExecutor.processExecutionPhase(TestCaseExecutor.java:418)
	at com.kms.katalon.core.main.TestCaseExecutor.accessMainPhase(TestCaseExecutor.java:410)
	at com.kms.katalon.core.main.TestCaseExecutor.execute(TestCaseExecutor.java:285)
	at com.kms.katalon.core.main.TestCaseMain.runTestCase(TestCaseMain.java:137)
	at com.kms.katalon.core.keyword.builtin.CallTestCaseKeyword$_callTestCase_closure1.doCall(CallTestCaseKeyword.groovy:59)
	at com.kms.katalon.core.keyword.builtin.CallTestCaseKeyword$_callTestCase_closure1.call(CallTestCaseKeyword.groovy)
	at com.kms.katalon.core.keyword.internal.KeywordMain.runKeyword(KeywordMain.groovy:75)
	at com.kms.katalon.core.keyword.builtin.CallTestCaseKeyword.callTestCase(CallTestCaseKeyword.groovy:81)
	at com.kms.katalon.core.keyword.builtin.CallTestCaseKeyword.execute(CallTestCaseKeyword.groovy:44)
	at com.kms.katalon.core.keyword.internal.KeywordExecutor.executeKeywordForPlatform(KeywordExecutor.groovy:74)
	at com.kms.katalon.core.keyword.BuiltinKeywords.callTestCase(BuiltinKeywords.groovy:310)
	at java.base/jdk.internal.reflect.NativeMethodAccessorImpl.invoke0(Native Method)
	at java.base/jdk.internal.reflect.NativeMethodAccessorImpl.invoke(NativeMethodAccessorImpl.java:77)
	at java.base/jdk.internal.reflect.DelegatingMethodAccessorImpl.invoke(DelegatingMethodAccessorImpl.java:43)
	at com.kazurayam.ksbackyard.HighlightElement$_pandemic_closure1.doCall(HighlightElement.groovy:105)
	at jdk.internal.reflect.GeneratedMethodAccessor5.invoke(Unknown Source)
	at java.base/jdk.internal.reflect.DelegatingMethodAccessorImpl.invoke(DelegatingMethodAccessorImpl.java:43)
	at Script1695213876796.run(Script1695213876796.groovy:52)
	... 15 more
)

03-01-2024T15:42:13 - [TEST_STEP][FAILED] - check(findTestObject("Object Repository/Page_MotifDeLaDemande_Usager/CheckBox_JetaisEtudiantEnFrance_Non")): Unable to check object 'Object Repository/Page_MotifDeLaDemande_Usager/CheckBox_JetaisEtudiantEnFrance_Non' (Root cause: com.kms.katalon.core.exception.StepFailedException: Unable to check object 'Object Repository/Page_MotifDeLaDemande_Usager/CheckBox_JetaisEtudiantEnFrance_Non'
	at com.kms.katalon.core.webui.keyword.internal.WebUIKeywordMain.stepFailed(WebUIKeywordMain.groovy:64)
	at com.kms.katalon.core.webui.keyword.internal.WebUIKeywordMain.runKeyword(WebUIKeywordMain.groovy:26)
	at com.kms.katalon.core.webui.keyword.builtin.CheckKeyword.check(CheckKeyword.groovy:88)
	at com.kms.katalon.core.webui.keyword.builtin.CheckKeyword.execute(CheckKeyword.groovy:67)
	at com.kms.katalon.core.keyword.internal.KeywordExecutor.executeKeywordForPlatform(KeywordExecutor.groovy:74)
	at com.kms.katalon.core.webui.keyword.WebUiBuiltInKeywords.check(WebUiBuiltInKeywords.groovy:1108)
	at java.base/jdk.internal.reflect.NativeMethodAccessorImpl.invoke0(Native Method)
	at java.base/jdk.internal.reflect.NativeMethodAccessorImpl.invoke(NativeMethodAccessorImpl.java:77)
	at java.base/jdk.internal.reflect.DelegatingMethodAccessorImpl.invoke(DelegatingMethodAccessorImpl.java:43)
	at com.kazurayam.ksbackyard.HighlightElement$_pandemic_closure1.doCall(HighlightElement.groovy:105)
	at jdk.internal.reflect.GeneratedMethodAccessor5.invoke(Unknown Source)
	at java.base/jdk.internal.reflect.DelegatingMethodAccessorImpl.invoke(DelegatingMethodAccessorImpl.java:43)
	at FormulaireMotifDeLaDemande.run(FormulaireMotifDeLaDemande:53)
	at com.kms.katalon.core.main.ScriptEngine.run(ScriptEngine.java:194)
	at com.kms.katalon.core.main.ScriptEngine.runScriptAsRawText(ScriptEngine.java:119)
	at com.kms.katalon.core.main.TestCaseExecutor.runScript(TestCaseExecutor.java:448)
	at com.kms.katalon.core.main.TestCaseExecutor.doExecute(TestCaseExecutor.java:439)
	at com.kms.katalon.core.main.TestCaseExecutor.processExecutionPhase(TestCaseExecutor.java:418)
	at com.kms.katalon.core.main.TestCaseExecutor.accessMainPhase(TestCaseExecutor.java:410)
	at com.kms.katalon.core.main.TestCaseExecutor.execute(TestCaseExecutor.java:285)
	at com.kms.katalon.core.main.TestCaseMain.runTestCase(TestCaseMain.java:137)
	at com.kms.katalon.core.keyword.builtin.CallTestCaseKeyword$_callTestCase_closure1.doCall(CallTestCaseKeyword.groovy:59)
	at com.kms.katalon.core.keyword.builtin.CallTestCaseKeyword$_callTestCase_closure1.call(CallTestCaseKeyword.groovy)
	at com.kms.katalon.core.keyword.internal.KeywordMain.runKeyword(KeywordMain.groovy:75)
	at com.kms.katalon.core.keyword.builtin.CallTestCaseKeyword.callTestCase(CallTestCaseKeyword.groovy:81)
	at com.kms.katalon.core.keyword.builtin.CallTestCaseKeyword.execute(CallTestCaseKeyword.groovy:44)
	at com.kms.katalon.core.keyword.internal.KeywordExecutor.executeKeywordForPlatform(KeywordExecutor.groovy:74)
	at com.kms.katalon.core.keyword.BuiltinKeywords.callTestCase(BuiltinKeywords.groovy:310)
	at java.base/jdk.internal.reflect.NativeMethodAccessorImpl.invoke0(Native Method)
	at java.base/jdk.internal.reflect.NativeMethodAccessorImpl.invoke(NativeMethodAccessorImpl.java:77)
	at java.base/jdk.internal.reflect.DelegatingMethodAccessorImpl.invoke(DelegatingMethodAccessorImpl.java:43)
	at com.kazurayam.ksbackyard.HighlightElement$_pandemic_closure1.doCall(HighlightElement.groovy:105)
	at jdk.internal.reflect.GeneratedMethodAccessor5.invoke(Unknown Source)
	at java.base/jdk.internal.reflect.DelegatingMethodAccessorImpl.invoke(DelegatingMethodAccessorImpl.java:43)
	at TNR R.TSPT Supp90-Visiteur.run(TNR R.TSPT Supp90-Visiteur:52)
	at com.kms.katalon.core.main.ScriptEngine.run(ScriptEngine.java:194)
	at com.kms.katalon.core.main.ScriptEngine.runScriptAsRawText(ScriptEngine.java:119)
	at com.kms.katalon.core.main.TestCaseExecutor.runScript(TestCaseExecutor.java:448)
	at com.kms.katalon.core.main.TestCaseExecutor.doExecute(TestCaseExecutor.java:439)
	at com.kms.katalon.core.main.TestCaseExecutor.processExecutionPhase(TestCaseExecutor.java:418)
	at com.kms.katalon.core.main.TestCaseExecutor.accessMainPhase(TestCaseExecutor.java:410)
	at com.kms.katalon.core.main.TestCaseExecutor.execute(TestCaseExecutor.java:285)
	at com.kms.katalon.core.common.CommonExecutor.accessTestCaseMainPhase(CommonExecutor.java:65)
	at com.kms.katalon.core.main.TestSuiteExecutor.accessTestSuiteMainPhase(TestSuiteExecutor.java:148)
	at com.kms.katalon.core.main.TestSuiteExecutor.execute(TestSuiteExecutor.java:106)
	at com.kms.katalon.core.main.TestCaseMain.startTestSuite(TestCaseMain.java:180)
	at TempTestSuite1704292590673.run(TempTestSuite1704292590673.groovy:36)
	at java.base/jdk.internal.reflect.NativeMethodAccessorImpl.invoke0(Native Method)
	at java.base/jdk.internal.reflect.NativeMethodAccessorImpl.invoke(NativeMethodAccessorImpl.java:77)
	at java.base/jdk.internal.reflect.DelegatingMethodAccessorImpl.invoke(DelegatingMethodAccessorImpl.java:43)
Caused by: org.openqa.selenium.ElementNotInteractableException: element not interactable
  (Session info: chrome=120.0.6099.130)
Build info: version: '3.141.59', revision: 'e82be7d358', time: '2018-11-14T08:25:53'
System info: host: 'FR-L5448059', ip: '192.168.1.134', os.name: 'Windows 10', os.arch: 'amd64', os.version: '10.0', java.version: '17.0.7'
Driver info: com.kms.katalon.selenium.driver.CChromeDriver
Capabilities {acceptInsecureCerts: false, browserName: chrome, browserVersion: 120.0.6099.130, chrome: {chromedriverVersion: 119.0.6045.105 (38c72552c5e..., userDataDir: C:\Users\ISSAM~1.RHA\AppDat...}, fedcm:accounts: true, goog:chromeOptions: {debuggerAddress: localhost:58698}, javascriptEnabled: true, networkConnectionEnabled: false, pageLoadStrategy: normal, platform: WINDOWS, platformName: WINDOWS, proxy: Proxy(), setWindowRect: true, strictFileInteractability: false, timeouts: {implicit: 0, pageLoad: 300000, script: 30000}, unhandledPromptBehavior: dismiss and notify, webauthn:extension:credBlob: true, webauthn:extension:largeBlob: true, webauthn:extension:minPinLength: true, webauthn:extension:prf: true, webauthn:virtualAuthenticators: true}
Session ID: 91d4e1aa0044b5ae8a5acd228946fbfd
	at java.base/jdk.internal.reflect.NativeConstructorAccessorImpl.newInstance0(Native Method)
	at java.base/jdk.internal.reflect.NativeConstructorAccessorImpl.newInstance(NativeConstructorAccessorImpl.java:77)
	at java.base/jdk.internal.reflect.DelegatingConstructorAccessorImpl.newInstance(DelegatingConstructorAccessorImpl.java:45)
	at org.openqa.selenium.remote.http.W3CHttpResponseCodec.createException(W3CHttpResponseCodec.java:187)
	at org.openqa.selenium.remote.http.W3CHttpResponseCodec.decode(W3CHttpResponseCodec.java:122)
	at org.openqa.selenium.remote.http.W3CHttpResponseCodec.decode(W3CHttpResponseCodec.java:49)
	at org.openqa.selenium.remote.HttpCommandExecutor.execute(HttpCommandExecutor.java:158)
	at org.openqa.selenium.remote.service.DriverCommandExecutor.execute(DriverCommandExecutor.java:83)
	at org.openqa.selenium.remote.RemoteWebDriver.execute(RemoteWebDriver.java:552)
	at com.kms.katalon.selenium.driver.CChromeDriver.execute(CChromeDriver.java:19)
	at org.openqa.selenium.remote.RemoteWebElement.execute(RemoteWebElement.java:285)
	at org.openqa.selenium.remote.RemoteWebElement.click(RemoteWebElement.java:84)
	at jdk.internal.reflect.GeneratedMethodAccessor26.invoke(Unknown Source)
	at java.base/jdk.internal.reflect.DelegatingMethodAccessorImpl.invoke(DelegatingMethodAccessorImpl.java:43)
	at org.openqa.selenium.support.events.EventFiringWebDriver$EventFiringWebElement.lambda$new$0(EventFiringWebDriver.java:404)
	at jdk.proxy2/jdk.proxy2.$Proxy25.click(Unknown Source)
	at org.openqa.selenium.support.events.EventFiringWebDriver$EventFiringWebElement.click(EventFiringWebDriver.java:417)
	at com.kms.katalon.core.webui.keyword.builtin.CheckKeyword$_check_closure1.doCall(CheckKeyword.groovy:80)
	at com.kms.katalon.core.webui.keyword.builtin.CheckKeyword$_check_closure1.call(CheckKeyword.groovy)
	at com.kms.katalon.core.webui.keyword.internal.WebUIKeywordMain.runKeyword(WebUIKeywordMain.groovy:20)
	at com.kms.katalon.core.webui.keyword.builtin.CheckKeyword.check(CheckKeyword.groovy:88)
	at com.kms.katalon.core.webui.keyword.builtin.CheckKeyword.execute(CheckKeyword.groovy:67)
	at com.kms.katalon.core.keyword.internal.KeywordExecutor.executeKeywordForPlatform(KeywordExecutor.groovy:74)
	at com.kms.katalon.core.webui.keyword.WebUiBuiltInKeywords.check(WebUiBuiltInKeywords.groovy:1108)
	at java.base/jdk.internal.reflect.NativeMethodAccessorImpl.invoke0(Native Method)
	at java.base/jdk.internal.reflect.NativeMethodAccessorImpl.invoke(NativeMethodAccessorImpl.java:77)
	at java.base/jdk.internal.reflect.DelegatingMethodAccessorImpl.invoke(DelegatingMethodAccessorImpl.java:43)
	at com.kazurayam.ksbackyard.HighlightElement$_pandemic_closure1.doCall(HighlightElement.groovy:105)
	at jdk.internal.reflect.GeneratedMethodAccessor5.invoke(Unknown Source)
	at java.base/jdk.internal.reflect.DelegatingMethodAccessorImpl.invoke(DelegatingMethodAccessorImpl.java:43)
	at Script1695813884767.run(Script1695813884767.groovy:53)
	at com.kms.katalon.core.main.ScriptEngine.run(ScriptEngine.java:194)
	at com.kms.katalon.core.main.ScriptEngine.runScriptAsRawText(ScriptEngine.java:119)
	at com.kms.katalon.core.main.TestCaseExecutor.runScript(TestCaseExecutor.java:448)
	at com.kms.katalon.core.main.TestCaseExecutor.doExecute(TestCaseExecutor.java:439)
	at com.kms.katalon.core.main.TestCaseExecutor.processExecutionPhase(TestCaseExecutor.java:418)
	at com.kms.katalon.core.main.TestCaseExecutor.accessMainPhase(TestCaseExecutor.java:410)
	at com.kms.katalon.core.main.TestCaseExecutor.execute(TestCaseExecutor.java:285)
	at com.kms.katalon.core.main.TestCaseMain.runTestCase(TestCaseMain.java:137)
	at com.kms.katalon.core.keyword.builtin.CallTestCaseKeyword$_callTestCase_closure1.doCall(CallTestCaseKeyword.groovy:59)
	at com.kms.katalon.core.keyword.builtin.CallTestCaseKeyword$_callTestCase_closure1.call(CallTestCaseKeyword.groovy)
	at com.kms.katalon.core.keyword.internal.KeywordMain.runKeyword(KeywordMain.groovy:75)
	at com.kms.katalon.core.keyword.builtin.CallTestCaseKeyword.callTestCase(CallTestCaseKeyword.groovy:81)
	at com.kms.katalon.core.keyword.builtin.CallTestCaseKeyword.execute(CallTestCaseKeyword.groovy:44)
	at com.kms.katalon.core.keyword.internal.KeywordExecutor.executeKeywordForPlatform(KeywordExecutor.groovy:74)
	at com.kms.katalon.core.keyword.BuiltinKeywords.callTestCase(BuiltinKeywords.groovy:310)
	at java.base/jdk.internal.reflect.NativeMethodAccessorImpl.invoke0(Native Method)
	at java.base/jdk.internal.reflect.NativeMethodAccessorImpl.invoke(NativeMethodAccessorImpl.java:77)
	at java.base/jdk.internal.reflect.DelegatingMethodAccessorImpl.invoke(DelegatingMethodAccessorImpl.java:43)
	at com.kazurayam.ksbackyard.HighlightElement$_pandemic_closure1.doCall(HighlightElement.groovy:105)
	at jdk.internal.reflect.GeneratedMethodAccessor5.invoke(Unknown Source)
	at java.base/jdk.internal.reflect.DelegatingMethodAccessorImpl.invoke(DelegatingMethodAccessorImpl.java:43)
	at Script1695213876796.run(Script1695213876796.groovy:52)
	... 15 more
)

03-01-2024T15:42:13 - [MESSAGE][INFO] - Finding Test Object 'Object Repository/Page_MotifDeLaDemande_Usager/CheckBox_JetaisEtudiantEnFrance_Non'

03-01-2024T15:42:13 - [MESSAGE][INFO] - Checking object

03-01-2024T15:42:13 - [MESSAGE][INFO] - Finding web element from Test Object's properties

03-01-2024T15:42:13 - [MESSAGE][INFO] - Checking timeout

03-01-2024T15:42:13 - [MESSAGE][INFO] - Finding web element with id: 'Object Repository/Page_MotifDeLaDemande_Usager/CheckBox_JetaisEtudiantEnFrance_Non' located by 'By.xpath: //*[@id="ui-accordiontab-4-content"]/div/div/div[1]/div/anef-input-radio/div/div/fieldset/div/div[2]/p-radiobutton/div/div[2]/span|//app-motif-scolaire/div[2]/div/p-accordion/div/form/p-accordiontab[1]/div[2]/div/div/div[1]/div/anef-input-radio/div/div/fieldset/div/div[2]/p-radiobutton/div/div[2]/span' in '5' second(s)

03-01-2024T15:42:13 - [MESSAGE][INFO] - Smart Wait Function is triggered

03-01-2024T15:42:13 - [MESSAGE][INFO] - Found 1 web elements with id: 'Object Repository/Page_MotifDeLaDemande_Usager/CheckBox_JetaisEtudiantEnFrance_Non' located by 'By.xpath: //*[@id="ui-accordiontab-4-content"]/div/div/div[1]/div/anef-input-radio/div/div/fieldset/div/div[2]/p-radiobutton/div/div[2]/span|//app-motif-scolaire/div[2]/div/p-accordion/div/form/p-accordiontab[1]/div[2]/div/div/div[1]/div/anef-input-radio/div/div/fieldset/div/div[2]/p-radiobutton/div/div[2]/span' in '5' second(s)

03-01-2024T15:42:13 - [MESSAGE][INFO] - Checking on bject 'Object Repository/Page_MotifDeLaDemande_Usager/CheckBox_JetaisEtudiantEnFrance_Non'

03-01-2024T15:42:15 - [MESSAGE][FAILED] - Unable to check object 'Object Repository/Page_MotifDeLaDemande_Usager/CheckBox_JetaisEtudiantEnFrance_Non' (Root cause: com.kms.katalon.core.exception.StepFailedException: Unable to check object 'Object Repository/Page_MotifDeLaDemande_Usager/CheckBox_JetaisEtudiantEnFrance_Non'
	at com.kms.katalon.core.webui.keyword.internal.WebUIKeywordMain.stepFailed(WebUIKeywordMain.groovy:64)
	at com.kms.katalon.core.webui.keyword.internal.WebUIKeywordMain.runKeyword(WebUIKeywordMain.groovy:26)
	at com.kms.katalon.core.webui.keyword.builtin.CheckKeyword.check(CheckKeyword.groovy:88)
	at com.kms.katalon.core.webui.keyword.builtin.CheckKeyword.execute(CheckKeyword.groovy:67)
	at com.kms.katalon.core.keyword.internal.KeywordExecutor.executeKeywordForPlatform(KeywordExecutor.groovy:74)
	at com.kms.katalon.core.webui.keyword.WebUiBuiltInKeywords.check(WebUiBuiltInKeywords.groovy:1108)
	at java.base/jdk.internal.reflect.NativeMethodAccessorImpl.invoke0(Native Method)
	at java.base/jdk.internal.reflect.NativeMethodAccessorImpl.invoke(NativeMethodAccessorImpl.java:77)
	at java.base/jdk.internal.reflect.DelegatingMethodAccessorImpl.invoke(DelegatingMethodAccessorImpl.java:43)
	at com.kazurayam.ksbackyard.HighlightElement$_pandemic_closure1.doCall(HighlightElement.groovy:105)
	at jdk.internal.reflect.GeneratedMethodAccessor5.invoke(Unknown Source)
	at java.base/jdk.internal.reflect.DelegatingMethodAccessorImpl.invoke(DelegatingMethodAccessorImpl.java:43)
	at FormulaireMotifDeLaDemande.run(FormulaireMotifDeLaDemande:53)
	at com.kms.katalon.core.main.ScriptEngine.run(ScriptEngine.java:194)
	at com.kms.katalon.core.main.ScriptEngine.runScriptAsRawText(ScriptEngine.java:119)
	at com.kms.katalon.core.main.TestCaseExecutor.runScript(TestCaseExecutor.java:448)
	at com.kms.katalon.core.main.TestCaseExecutor.doExecute(TestCaseExecutor.java:439)
	at com.kms.katalon.core.main.TestCaseExecutor.processExecutionPhase(TestCaseExecutor.java:418)
	at com.kms.katalon.core.main.TestCaseExecutor.accessMainPhase(TestCaseExecutor.java:410)
	at com.kms.katalon.core.main.TestCaseExecutor.execute(TestCaseExecutor.java:285)
	at com.kms.katalon.core.main.TestCaseMain.runTestCase(TestCaseMain.java:137)
	at com.kms.katalon.core.keyword.builtin.CallTestCaseKeyword$_callTestCase_closure1.doCall(CallTestCaseKeyword.groovy:59)
	at com.kms.katalon.core.keyword.builtin.CallTestCaseKeyword$_callTestCase_closure1.call(CallTestCaseKeyword.groovy)
	at com.kms.katalon.core.keyword.internal.KeywordMain.runKeyword(KeywordMain.groovy:75)
	at com.kms.katalon.core.keyword.builtin.CallTestCaseKeyword.callTestCase(CallTestCaseKeyword.groovy:81)
	at com.kms.katalon.core.keyword.builtin.CallTestCaseKeyword.execute(CallTestCaseKeyword.groovy:44)
	at com.kms.katalon.core.keyword.internal.KeywordExecutor.executeKeywordForPlatform(KeywordExecutor.groovy:74)
	at com.kms.katalon.core.keyword.BuiltinKeywords.callTestCase(BuiltinKeywords.groovy:310)
	at java.base/jdk.internal.reflect.NativeMethodAccessorImpl.invoke0(Native Method)
	at java.base/jdk.internal.reflect.NativeMethodAccessorImpl.invoke(NativeMethodAccessorImpl.java:77)
	at java.base/jdk.internal.reflect.DelegatingMethodAccessorImpl.invoke(DelegatingMethodAccessorImpl.java:43)
	at com.kazurayam.ksbackyard.HighlightElement$_pandemic_closure1.doCall(HighlightElement.groovy:105)
	at jdk.internal.reflect.GeneratedMethodAccessor5.invoke(Unknown Source)
	at java.base/jdk.internal.reflect.DelegatingMethodAccessorImpl.invoke(DelegatingMethodAccessorImpl.java:43)
	at TNR R.TSPT Supp90-Visiteur.run(TNR R.TSPT Supp90-Visiteur:52)
	at com.kms.katalon.core.main.ScriptEngine.run(ScriptEngine.java:194)
	at com.kms.katalon.core.main.ScriptEngine.runScriptAsRawText(ScriptEngine.java:119)
	at com.kms.katalon.core.main.TestCaseExecutor.runScript(TestCaseExecutor.java:448)
	at com.kms.katalon.core.main.TestCaseExecutor.doExecute(TestCaseExecutor.java:439)
	at com.kms.katalon.core.main.TestCaseExecutor.processExecutionPhase(TestCaseExecutor.java:418)
	at com.kms.katalon.core.main.TestCaseExecutor.accessMainPhase(TestCaseExecutor.java:410)
	at com.kms.katalon.core.main.TestCaseExecutor.execute(TestCaseExecutor.java:285)
	at com.kms.katalon.core.common.CommonExecutor.accessTestCaseMainPhase(CommonExecutor.java:65)
	at com.kms.katalon.core.main.TestSuiteExecutor.accessTestSuiteMainPhase(TestSuiteExecutor.java:148)
	at com.kms.katalon.core.main.TestSuiteExecutor.execute(TestSuiteExecutor.java:106)
	at com.kms.katalon.core.main.TestCaseMain.startTestSuite(TestCaseMain.java:180)
	at TempTestSuite1704292590673.run(TempTestSuite1704292590673.groovy:36)
	at java.base/jdk.internal.reflect.NativeMethodAccessorImpl.invoke0(Native Method)
	at java.base/jdk.internal.reflect.NativeMethodAccessorImpl.invoke(NativeMethodAccessorImpl.java:77)
	at java.base/jdk.internal.reflect.DelegatingMethodAccessorImpl.invoke(DelegatingMethodAccessorImpl.java:43)
Caused by: org.openqa.selenium.ElementNotInteractableException: element not interactable
  (Session info: chrome=120.0.6099.130)
Build info: version: '3.141.59', revision: 'e82be7d358', time: '2018-11-14T08:25:53'
System info: host: 'FR-L5448059', ip: '192.168.1.134', os.name: 'Windows 10', os.arch: 'amd64', os.version: '10.0', java.version: '17.0.7'
Driver info: com.kms.katalon.selenium.driver.CChromeDriver
Capabilities {acceptInsecureCerts: false, browserName: chrome, browserVersion: 120.0.6099.130, chrome: {chromedriverVersion: 119.0.6045.105 (38c72552c5e..., userDataDir: C:\Users\ISSAM~1.RHA\AppDat...}, fedcm:accounts: true, goog:chromeOptions: {debuggerAddress: localhost:58698}, javascriptEnabled: true, networkConnectionEnabled: false, pageLoadStrategy: normal, platform: WINDOWS, platformName: WINDOWS, proxy: Proxy(), setWindowRect: true, strictFileInteractability: false, timeouts: {implicit: 0, pageLoad: 300000, script: 30000}, unhandledPromptBehavior: dismiss and notify, webauthn:extension:credBlob: true, webauthn:extension:largeBlob: true, webauthn:extension:minPinLength: true, webauthn:extension:prf: true, webauthn:virtualAuthenticators: true}
Session ID: 91d4e1aa0044b5ae8a5acd228946fbfd
	at java.base/jdk.internal.reflect.NativeConstructorAccessorImpl.newInstance0(Native Method)
	at java.base/jdk.internal.reflect.NativeConstructorAccessorImpl.newInstance(NativeConstructorAccessorImpl.java:77)
	at java.base/jdk.internal.reflect.DelegatingConstructorAccessorImpl.newInstance(DelegatingConstructorAccessorImpl.java:45)
	at org.openqa.selenium.remote.http.W3CHttpResponseCodec.createException(W3CHttpResponseCodec.java:187)
	at org.openqa.selenium.remote.http.W3CHttpResponseCodec.decode(W3CHttpResponseCodec.java:122)
	at org.openqa.selenium.remote.http.W3CHttpResponseCodec.decode(W3CHttpResponseCodec.java:49)
	at org.openqa.selenium.remote.HttpCommandExecutor.execute(HttpCommandExecutor.java:158)
	at org.openqa.selenium.remote.service.DriverCommandExecutor.execute(DriverCommandExecutor.java:83)
	at org.openqa.selenium.remote.RemoteWebDriver.execute(RemoteWebDriver.java:552)
	at com.kms.katalon.selenium.driver.CChromeDriver.execute(CChromeDriver.java:19)
	at org.openqa.selenium.remote.RemoteWebElement.execute(RemoteWebElement.java:285)
	at org.openqa.selenium.remote.RemoteWebElement.click(RemoteWebElement.java:84)
	at jdk.internal.reflect.GeneratedMethodAccessor26.invoke(Unknown Source)
	at java.base/jdk.internal.reflect.DelegatingMethodAccessorImpl.invoke(DelegatingMethodAccessorImpl.java:43)
	at org.openqa.selenium.support.events.EventFiringWebDriver$EventFiringWebElement.lambda$new$0(EventFiringWebDriver.java:404)
	at jdk.proxy2/jdk.proxy2.$Proxy25.click(Unknown Source)
	at org.openqa.selenium.support.events.EventFiringWebDriver$EventFiringWebElement.click(EventFiringWebDriver.java:417)
	at com.kms.katalon.core.webui.keyword.builtin.CheckKeyword$_check_closure1.doCall(CheckKeyword.groovy:80)
	at com.kms.katalon.core.webui.keyword.builtin.CheckKeyword$_check_closure1.call(CheckKeyword.groovy)
	at com.kms.katalon.core.webui.keyword.internal.WebUIKeywordMain.runKeyword(WebUIKeywordMain.groovy:20)
	at com.kms.katalon.core.webui.keyword.builtin.CheckKeyword.check(CheckKeyword.groovy:88)
	at com.kms.katalon.core.webui.keyword.builtin.CheckKeyword.execute(CheckKeyword.groovy:67)
	at com.kms.katalon.core.keyword.internal.KeywordExecutor.executeKeywordForPlatform(KeywordExecutor.groovy:74)
	at com.kms.katalon.core.webui.keyword.WebUiBuiltInKeywords.check(WebUiBuiltInKeywords.groovy:1108)
	at java.base/jdk.internal.reflect.NativeMethodAccessorImpl.invoke0(Native Method)
	at java.base/jdk.internal.reflect.NativeMethodAccessorImpl.invoke(NativeMethodAccessorImpl.java:77)
	at java.base/jdk.internal.reflect.DelegatingMethodAccessorImpl.invoke(DelegatingMethodAccessorImpl.java:43)
	at com.kazurayam.ksbackyard.HighlightElement$_pandemic_closure1.doCall(HighlightElement.groovy:105)
	at jdk.internal.reflect.GeneratedMethodAccessor5.invoke(Unknown Source)
	at java.base/jdk.internal.reflect.DelegatingMethodAccessorImpl.invoke(DelegatingMethodAccessorImpl.java:43)
	at Script1695813884767.run(Script1695813884767.groovy:53)
	at com.kms.katalon.core.main.ScriptEngine.run(ScriptEngine.java:194)
	at com.kms.katalon.core.main.ScriptEngine.runScriptAsRawText(ScriptEngine.java:119)
	at com.kms.katalon.core.main.TestCaseExecutor.runScript(TestCaseExecutor.java:448)
	at com.kms.katalon.core.main.TestCaseExecutor.doExecute(TestCaseExecutor.java:439)
	at com.kms.katalon.core.main.TestCaseExecutor.processExecutionPhase(TestCaseExecutor.java:418)
	at com.kms.katalon.core.main.TestCaseExecutor.accessMainPhase(TestCaseExecutor.java:410)
	at com.kms.katalon.core.main.TestCaseExecutor.execute(TestCaseExecutor.java:285)
	at com.kms.katalon.core.main.TestCaseMain.runTestCase(TestCaseMain.java:137)
	at com.kms.katalon.core.keyword.builtin.CallTestCaseKeyword$_callTestCase_closure1.doCall(CallTestCaseKeyword.groovy:59)
	at com.kms.katalon.core.keyword.builtin.CallTestCaseKeyword$_callTestCase_closure1.call(CallTestCaseKeyword.groovy)
	at com.kms.katalon.core.keyword.internal.KeywordMain.runKeyword(KeywordMain.groovy:75)
	at com.kms.katalon.core.keyword.builtin.CallTestCaseKeyword.callTestCase(CallTestCaseKeyword.groovy:81)
	at com.kms.katalon.core.keyword.builtin.CallTestCaseKeyword.execute(CallTestCaseKeyword.groovy:44)
	at com.kms.katalon.core.keyword.internal.KeywordExecutor.executeKeywordForPlatform(KeywordExecutor.groovy:74)
	at com.kms.katalon.core.keyword.BuiltinKeywords.callTestCase(BuiltinKeywords.groovy:310)
	at java.base/jdk.internal.reflect.NativeMethodAccessorImpl.invoke0(Native Method)
	at java.base/jdk.internal.reflect.NativeMethodAccessorImpl.invoke(NativeMethodAccessorImpl.java:77)
	at java.base/jdk.internal.reflect.DelegatingMethodAccessorImpl.invoke(DelegatingMethodAccessorImpl.java:43)
	at com.kazurayam.ksbackyard.HighlightElement$_pandemic_closure1.doCall(HighlightElement.groovy:105)
	at jdk.internal.reflect.GeneratedMethodAccessor5.invoke(Unknown Source)
	at java.base/jdk.internal.reflect.DelegatingMethodAccessorImpl.invoke(DelegatingMethodAccessorImpl.java:43)
	at Script1695213876796.run(Script1695213876796.groovy:52)
	... 15 more
)
[[ATTACHMENT|C:\\Users\\ISSAM.RHARBAOUI\\git\\ANEF-RenouvellementSejour\\Reports\\20240103_153630\\TS_TNR_R.TSPT_Suppo90\\20240103_153630\\1704292935226.png]]

03-01-2024T15:42:15 - [MESSAGE][FAILED] - Unable to call Test Case 'Test Cases/Test Reutilisable/DemandeOuRenouvelle_TitreSejour/FormulaireMotifDeLaDemande' (Root cause: com.kms.katalon.core.exception.StepFailedException: Call Test Case 'Test Cases/Test Reutilisable/DemandeOuRenouvelle_TitreSejour/FormulaireMotifDeLaDemande' failed
	at com.kms.katalon.core.keyword.builtin.CallTestCaseKeyword$_callTestCase_closure1.doCall(CallTestCaseKeyword.groovy:63)
	at com.kms.katalon.core.keyword.builtin.CallTestCaseKeyword$_callTestCase_closure1.call(CallTestCaseKeyword.groovy)
	at com.kms.katalon.core.keyword.internal.KeywordMain.runKeyword(KeywordMain.groovy:75)
	at com.kms.katalon.core.keyword.builtin.CallTestCaseKeyword.callTestCase(CallTestCaseKeyword.groovy:81)
	at com.kms.katalon.core.keyword.builtin.CallTestCaseKeyword.execute(CallTestCaseKeyword.groovy:44)
	at com.kms.katalon.core.keyword.internal.KeywordExecutor.executeKeywordForPlatform(KeywordExecutor.groovy:74)
	at com.kms.katalon.core.keyword.BuiltinKeywords.callTestCase(BuiltinKeywords.groovy:310)
	at java.base/jdk.internal.reflect.NativeMethodAccessorImpl.invoke0(Native Method)
	at java.base/jdk.internal.reflect.NativeMethodAccessorImpl.invoke(NativeMethodAccessorImpl.java:77)
	at java.base/jdk.internal.reflect.DelegatingMethodAccessorImpl.invoke(DelegatingMethodAccessorImpl.java:43)
	at com.kazurayam.ksbackyard.HighlightElement$_pandemic_closure1.doCall(HighlightElement.groovy:105)
	at jdk.internal.reflect.GeneratedMethodAccessor5.invoke(Unknown Source)
	at java.base/jdk.internal.reflect.DelegatingMethodAccessorImpl.invoke(DelegatingMethodAccessorImpl.java:43)
	at TNR R.TSPT Supp90-Visiteur.run(TNR R.TSPT Supp90-Visiteur:52)
	at com.kms.katalon.core.main.ScriptEngine.run(ScriptEngine.java:194)
	at com.kms.katalon.core.main.ScriptEngine.runScriptAsRawText(ScriptEngine.java:119)
	at com.kms.katalon.core.main.TestCaseExecutor.runScript(TestCaseExecutor.java:448)
	at com.kms.katalon.core.main.TestCaseExecutor.doExecute(TestCaseExecutor.java:439)
	at com.kms.katalon.core.main.TestCaseExecutor.processExecutionPhase(TestCaseExecutor.java:418)
	at com.kms.katalon.core.main.TestCaseExecutor.accessMainPhase(TestCaseExecutor.java:410)
	at com.kms.katalon.core.main.TestCaseExecutor.execute(TestCaseExecutor.java:285)
	at com.kms.katalon.core.common.CommonExecutor.accessTestCaseMainPhase(CommonExecutor.java:65)
	at com.kms.katalon.core.main.TestSuiteExecutor.accessTestSuiteMainPhase(TestSuiteExecutor.java:148)
	at com.kms.katalon.core.main.TestSuiteExecutor.execute(TestSuiteExecutor.java:106)
	at com.kms.katalon.core.main.TestCaseMain.startTestSuite(TestCaseMain.java:180)
	at TempTestSuite1704292590673.run(TempTestSuite1704292590673.groovy:36)
	at java.base/jdk.internal.reflect.NativeMethodAccessorImpl.invoke0(Native Method)
	at java.base/jdk.internal.reflect.NativeMethodAccessorImpl.invoke(NativeMethodAccessorImpl.java:77)
	at java.base/jdk.internal.reflect.DelegatingMethodAccessorImpl.invoke(DelegatingMethodAccessorImpl.java:43)
Caused by: com.kms.katalon.core.exception.StepFailedException: Unable to check object 'Object Repository/Page_MotifDeLaDemande_Usager/CheckBox_JetaisEtudiantEnFrance_Non'
	at com.kms.katalon.core.webui.keyword.internal.WebUIKeywordMain.stepFailed(WebUIKeywordMain.groovy:64)
	at com.kms.katalon.core.webui.keyword.internal.WebUIKeywordMain.runKeyword(WebUIKeywordMain.groovy:26)
	at com.kms.katalon.core.webui.keyword.builtin.CheckKeyword.check(CheckKeyword.groovy:88)
	at com.kms.katalon.core.webui.keyword.builtin.CheckKeyword.execute(CheckKeyword.groovy:67)
	at com.kms.katalon.core.keyword.internal.KeywordExecutor.executeKeywordForPlatform(KeywordExecutor.groovy:74)
	at com.kms.katalon.core.webui.keyword.WebUiBuiltInKeywords.check(WebUiBuiltInKeywords.groovy:1108)
	at java.base/jdk.internal.reflect.NativeMethodAccessorImpl.invoke0(Native Method)
	at java.base/jdk.internal.reflect.NativeMethodAccessorImpl.invoke(NativeMethodAccessorImpl.java:77)
	at java.base/jdk.internal.reflect.DelegatingMethodAccessorImpl.invoke(DelegatingMethodAccessorImpl.java:43)
	at com.kazurayam.ksbackyard.HighlightElement$_pandemic_closure1.doCall(HighlightElement.groovy:105)
	at jdk.internal.reflect.GeneratedMethodAccessor5.invoke(Unknown Source)
	at java.base/jdk.internal.reflect.DelegatingMethodAccessorImpl.invoke(DelegatingMethodAccessorImpl.java:43)
	at FormulaireMotifDeLaDemande.run(FormulaireMotifDeLaDemande:53)
	at com.kms.katalon.core.main.ScriptEngine.run(ScriptEngine.java:194)
	at com.kms.katalon.core.main.ScriptEngine.runScriptAsRawText(ScriptEngine.java:119)
	at com.kms.katalon.core.main.TestCaseExecutor.runScript(TestCaseExecutor.java:448)
	at com.kms.katalon.core.main.TestCaseExecutor.doExecute(TestCaseExecutor.java:439)
	at com.kms.katalon.core.main.TestCaseExecutor.processExecutionPhase(TestCaseExecutor.java:418)
	at com.kms.katalon.core.main.TestCaseExecutor.accessMainPhase(TestCaseExecutor.java:410)
	at com.kms.katalon.core.main.TestCaseExecutor.execute(TestCaseExecutor.java:285)
	at com.kms.katalon.core.main.TestCaseMain.runTestCase(TestCaseMain.java:137)
	at com.kms.katalon.core.keyword.builtin.CallTestCaseKeyword$_callTestCase_closure1.doCall(CallTestCaseKeyword.groovy:59)
	... 28 more
Caused by: org.openqa.selenium.ElementNotInteractableException: element not interactable
  (Session info: chrome=120.0.6099.130)
Build info: version: '3.141.59', revision: 'e82be7d358', time: '2018-11-14T08:25:53'
System info: host: 'FR-L5448059', ip: '192.168.1.134', os.name: 'Windows 10', os.arch: 'amd64', os.version: '10.0', java.version: '17.0.7'
Driver info: com.kms.katalon.selenium.driver.CChromeDriver
Capabilities {acceptInsecureCerts: false, browserName: chrome, browserVersion: 120.0.6099.130, chrome: {chromedriverVersion: 119.0.6045.105 (38c72552c5e..., userDataDir: C:\Users\ISSAM~1.RHA\AppDat...}, fedcm:accounts: true, goog:chromeOptions: {debuggerAddress: localhost:58698}, javascriptEnabled: true, networkConnectionEnabled: false, pageLoadStrategy: normal, platform: WINDOWS, platformName: WINDOWS, proxy: Proxy(), setWindowRect: true, strictFileInteractability: false, timeouts: {implicit: 0, pageLoad: 300000, script: 30000}, unhandledPromptBehavior: dismiss and notify, webauthn:extension:credBlob: true, webauthn:extension:largeBlob: true, webauthn:extension:minPinLength: true, webauthn:extension:prf: true, webauthn:virtualAuthenticators: true}
Session ID: 91d4e1aa0044b5ae8a5acd228946fbfd
	at java.base/jdk.internal.reflect.NativeConstructorAccessorImpl.newInstance0(Native Method)
	at java.base/jdk.internal.reflect.NativeConstructorAccessorImpl.newInstance(NativeConstructorAccessorImpl.java:77)
	at java.base/jdk.internal.reflect.DelegatingConstructorAccessorImpl.newInstance(DelegatingConstructorAccessorImpl.java:45)
	at org.openqa.selenium.remote.http.W3CHttpResponseCodec.createException(W3CHttpResponseCodec.java:187)
	at org.openqa.selenium.remote.http.W3CHttpResponseCodec.decode(W3CHttpResponseCodec.java:122)
	at org.openqa.selenium.remote.http.W3CHttpResponseCodec.decode(W3CHttpResponseCodec.java:49)
	at org.openqa.selenium.remote.HttpCommandExecutor.execute(HttpCommandExecutor.java:158)
	at org.openqa.selenium.remote.service.DriverCommandExecutor.execute(DriverCommandExecutor.java:83)
	at org.openqa.selenium.remote.RemoteWebDriver.execute(RemoteWebDriver.java:552)
	at com.kms.katalon.selenium.driver.CChromeDriver.execute(CChromeDriver.java:19)
	at org.openqa.selenium.remote.RemoteWebElement.execute(RemoteWebElement.java:285)
	at org.openqa.selenium.remote.RemoteWebElement.click(RemoteWebElement.java:84)
	at jdk.internal.reflect.GeneratedMethodAccessor26.invoke(Unknown Source)
	at java.base/jdk.internal.reflect.DelegatingMethodAccessorImpl.invoke(DelegatingMethodAccessorImpl.java:43)
	at org.openqa.selenium.support.events.EventFiringWebDriver$EventFiringWebElement.lambda$new$0(EventFiringWebDriver.java:404)
	at jdk.proxy2/jdk.proxy2.$Proxy25.click(Unknown Source)
	at org.openqa.selenium.support.events.EventFiringWebDriver$EventFiringWebElement.click(EventFiringWebDriver.java:417)
	at com.kms.katalon.core.webui.keyword.builtin.CheckKeyword$_check_closure1.doCall(CheckKeyword.groovy:80)
	at com.kms.katalon.core.webui.keyword.builtin.CheckKeyword$_check_closure1.call(CheckKeyword.groovy)
	at com.kms.katalon.core.webui.keyword.internal.WebUIKeywordMain.runKeyword(WebUIKeywordMain.groovy:20)
	... 48 more
)

03-01-2024T15:42:19 - [TEST_STEP][PASSED] - Video: Video recording for test case 'Test Cases/Cas D Utilisations/Usager Etudiant/TNR R.TSPT Supp90-Visiteur' .

03-01-2024T15:42:19 - [MESSAGE][INFO] - Video recording for test case 'Test Cases/Cas D Utilisations/Usager Etudiant/TNR R.TSPT Supp90-Visiteur' .]]></system-out>
         <system-err><![CDATA[03-01-2024T15:36:41 - [TEST_CASE][FAILED] - Test Cases/Cas D Utilisations/Usager Etudiant/TNR R.TSPT Supp90-Visiteur: Test Cases/Cas D Utilisations/Usager Etudiant/TNR R.TSPT Supp90-Visiteur FAILED.
Reason:
com.kms.katalon.core.exception.StepFailedException: Call Test Case 'Test Cases/Test Reutilisable/DemandeOuRenouvelle_TitreSejour/FormulaireMotifDeLaDemande' failed
	at com.kms.katalon.core.keyword.builtin.CallTestCaseKeyword$_callTestCase_closure1.doCall(CallTestCaseKeyword.groovy:63)
	at com.kms.katalon.core.keyword.builtin.CallTestCaseKeyword$_callTestCase_closure1.call(CallTestCaseKeyword.groovy)
	at com.kms.katalon.core.keyword.internal.KeywordMain.runKeyword(KeywordMain.groovy:75)
	at com.kms.katalon.core.keyword.builtin.CallTestCaseKeyword.callTestCase(CallTestCaseKeyword.groovy:81)
	at com.kms.katalon.core.keyword.builtin.CallTestCaseKeyword.execute(CallTestCaseKeyword.groovy:44)
	at com.kms.katalon.core.keyword.internal.KeywordExecutor.executeKeywordForPlatform(KeywordExecutor.groovy:74)
	at com.kms.katalon.core.keyword.BuiltinKeywords.callTestCase(BuiltinKeywords.groovy:310)
	at java.base/jdk.internal.reflect.NativeMethodAccessorImpl.invoke0(Native Method)
	at java.base/jdk.internal.reflect.NativeMethodAccessorImpl.invoke(NativeMethodAccessorImpl.java:77)
	at java.base/jdk.internal.reflect.DelegatingMethodAccessorImpl.invoke(DelegatingMethodAccessorImpl.java:43)
	at com.kazurayam.ksbackyard.HighlightElement$_pandemic_closure1.doCall(HighlightElement.groovy:105)
	at jdk.internal.reflect.GeneratedMethodAccessor5.invoke(Unknown Source)
	at java.base/jdk.internal.reflect.DelegatingMethodAccessorImpl.invoke(DelegatingMethodAccessorImpl.java:43)
	at TNR R.TSPT Supp90-Visiteur.run(TNR R.TSPT Supp90-Visiteur:52)
	at com.kms.katalon.core.main.ScriptEngine.run(ScriptEngine.java:194)
	at com.kms.katalon.core.main.ScriptEngine.runScriptAsRawText(ScriptEngine.java:119)
	at com.kms.katalon.core.main.TestCaseExecutor.runScript(TestCaseExecutor.java:448)
	at com.kms.katalon.core.main.TestCaseExecutor.doExecute(TestCaseExecutor.java:439)
	at com.kms.katalon.core.main.TestCaseExecutor.processExecutionPhase(TestCaseExecutor.java:418)
	at com.kms.katalon.core.main.TestCaseExecutor.accessMainPhase(TestCaseExecutor.java:410)
	at com.kms.katalon.core.main.TestCaseExecutor.execute(TestCaseExecutor.java:285)
	at com.kms.katalon.core.common.CommonExecutor.accessTestCaseMainPhase(CommonExecutor.java:65)
	at com.kms.katalon.core.main.TestSuiteExecutor.accessTestSuiteMainPhase(TestSuiteExecutor.java:148)
	at com.kms.katalon.core.main.TestSuiteExecutor.execute(TestSuiteExecutor.java:106)
	at com.kms.katalon.core.main.TestCaseMain.startTestSuite(TestCaseMain.java:180)
	at TempTestSuite1704292590673.run(TempTestSuite1704292590673.groovy:36)
	at java.base/jdk.internal.reflect.NativeMethodAccessorImpl.invoke0(Native Method)
	at java.base/jdk.internal.reflect.NativeMethodAccessorImpl.invoke(NativeMethodAccessorImpl.java:77)
	at java.base/jdk.internal.reflect.DelegatingMethodAccessorImpl.invoke(DelegatingMethodAccessorImpl.java:43)
Caused by: com.kms.katalon.core.exception.StepFailedException: Unable to check object 'Object Repository/Page_MotifDeLaDemande_Usager/CheckBox_JetaisEtudiantEnFrance_Non'
	at com.kms.katalon.core.webui.keyword.internal.WebUIKeywordMain.stepFailed(WebUIKeywordMain.groovy:64)
	at com.kms.katalon.core.webui.keyword.internal.WebUIKeywordMain.runKeyword(WebUIKeywordMain.groovy:26)
	at com.kms.katalon.core.webui.keyword.builtin.CheckKeyword.check(CheckKeyword.groovy:88)
	at com.kms.katalon.core.webui.keyword.builtin.CheckKeyword.execute(CheckKeyword.groovy:67)
	at com.kms.katalon.core.keyword.internal.KeywordExecutor.executeKeywordForPlatform(KeywordExecutor.groovy:74)
	at com.kms.katalon.core.webui.keyword.WebUiBuiltInKeywords.check(WebUiBuiltInKeywords.groovy:1108)
	at java.base/jdk.internal.reflect.NativeMethodAccessorImpl.invoke0(Native Method)
	at java.base/jdk.internal.reflect.NativeMethodAccessorImpl.invoke(NativeMethodAccessorImpl.java:77)
	at java.base/jdk.internal.reflect.DelegatingMethodAccessorImpl.invoke(DelegatingMethodAccessorImpl.java:43)
	at com.kazurayam.ksbackyard.HighlightElement$_pandemic_closure1.doCall(HighlightElement.groovy:105)
	at jdk.internal.reflect.GeneratedMethodAccessor5.invoke(Unknown Source)
	at java.base/jdk.internal.reflect.DelegatingMethodAccessorImpl.invoke(DelegatingMethodAccessorImpl.java:43)
	at FormulaireMotifDeLaDemande.run(FormulaireMotifDeLaDemande:53)
	at com.kms.katalon.core.main.ScriptEngine.run(ScriptEngine.java:194)
	at com.kms.katalon.core.main.ScriptEngine.runScriptAsRawText(ScriptEngine.java:119)
	at com.kms.katalon.core.main.TestCaseExecutor.runScript(TestCaseExecutor.java:448)
	at com.kms.katalon.core.main.TestCaseExecutor.doExecute(TestCaseExecutor.java:439)
	at com.kms.katalon.core.main.TestCaseExecutor.processExecutionPhase(TestCaseExecutor.java:418)
	at com.kms.katalon.core.main.TestCaseExecutor.accessMainPhase(TestCaseExecutor.java:410)
	at com.kms.katalon.core.main.TestCaseExecutor.execute(TestCaseExecutor.java:285)
	at com.kms.katalon.core.main.TestCaseMain.runTestCase(TestCaseMain.java:137)
	at com.kms.katalon.core.keyword.builtin.CallTestCaseKeyword$_callTestCase_closure1.doCall(CallTestCaseKeyword.groovy:59)
	... 28 more
Caused by: org.openqa.selenium.ElementNotInteractableException: element not interactable
  (Session info: chrome=120.0.6099.130)
Build info: version: '3.141.59', revision: 'e82be7d358', time: '2018-11-14T08:25:53'
System info: host: 'FR-L5448059', ip: '192.168.1.134', os.name: 'Windows 10', os.arch: 'amd64', os.version: '10.0', java.version: '17.0.7'
Driver info: com.kms.katalon.selenium.driver.CChromeDriver
Capabilities {acceptInsecureCerts: false, browserName: chrome, browserVersion: 120.0.6099.130, chrome: {chromedriverVersion: 119.0.6045.105 (38c72552c5e..., userDataDir: C:\Users\ISSAM~1.RHA\AppDat...}, fedcm:accounts: true, goog:chromeOptions: {debuggerAddress: localhost:58698}, javascriptEnabled: true, networkConnectionEnabled: false, pageLoadStrategy: normal, platform: WINDOWS, platformName: WINDOWS, proxy: Proxy(), setWindowRect: true, strictFileInteractability: false, timeouts: {implicit: 0, pageLoad: 300000, script: 30000}, unhandledPromptBehavior: dismiss and notify, webauthn:extension:credBlob: true, webauthn:extension:largeBlob: true, webauthn:extension:minPinLength: true, webauthn:extension:prf: true, webauthn:virtualAuthenticators: true}
Session ID: 91d4e1aa0044b5ae8a5acd228946fbfd
	at java.base/jdk.internal.reflect.NativeConstructorAccessorImpl.newInstance0(Native Method)
	at java.base/jdk.internal.reflect.NativeConstructorAccessorImpl.newInstance(NativeConstructorAccessorImpl.java:77)
	at java.base/jdk.internal.reflect.DelegatingConstructorAccessorImpl.newInstance(DelegatingConstructorAccessorImpl.java:45)
	at org.openqa.selenium.remote.http.W3CHttpResponseCodec.createException(W3CHttpResponseCodec.java:187)
	at org.openqa.selenium.remote.http.W3CHttpResponseCodec.decode(W3CHttpResponseCodec.java:122)
	at org.openqa.selenium.remote.http.W3CHttpResponseCodec.decode(W3CHttpResponseCodec.java:49)
	at org.openqa.selenium.remote.HttpCommandExecutor.execute(HttpCommandExecutor.java:158)
	at org.openqa.selenium.remote.service.DriverCommandExecutor.execute(DriverCommandExecutor.java:83)
	at org.openqa.selenium.remote.RemoteWebDriver.execute(RemoteWebDriver.java:552)
	at com.kms.katalon.selenium.driver.CChromeDriver.execute(CChromeDriver.java:19)
	at org.openqa.selenium.remote.RemoteWebElement.execute(RemoteWebElement.java:285)
	at org.openqa.selenium.remote.RemoteWebElement.click(RemoteWebElement.java:84)
	at jdk.internal.reflect.GeneratedMethodAccessor26.invoke(Unknown Source)
	at java.base/jdk.internal.reflect.DelegatingMethodAccessorImpl.invoke(DelegatingMethodAccessorImpl.java:43)
	at org.openqa.selenium.support.events.EventFiringWebDriver$EventFiringWebElement.lambda$new$0(EventFiringWebDriver.java:404)
	at jdk.proxy2/jdk.proxy2.$Proxy25.click(Unknown Source)
	at org.openqa.selenium.support.events.EventFiringWebDriver$EventFiringWebElement.click(EventFiringWebDriver.java:417)
	at com.kms.katalon.core.webui.keyword.builtin.CheckKeyword$_check_closure1.doCall(CheckKeyword.groovy:80)
	at com.kms.katalon.core.webui.keyword.builtin.CheckKeyword$_check_closure1.call(CheckKeyword.groovy)
	at com.kms.katalon.core.webui.keyword.internal.WebUIKeywordMain.runKeyword(WebUIKeywordMain.groovy:20)
	... 48 more]]></system-err>
      </testcase>
      <system-out><![CDATA[03-01-2024T15:36:40 - [TEST_SUITE][FAILED] - TS_TNR_R.TSPT_Suppo90: Test Cases/Cas D Utilisations/Usager Etudiant/TNR R.TSPT Supp90-Visiteur FAILED.
Reason:
com.kms.katalon.core.exception.StepFailedException: Call Test Case 'Test Cases/Test Reutilisable/DemandeOuRenouvelle_TitreSejour/FormulaireMotifDeLaDemande' failed
	at com.kms.katalon.core.keyword.builtin.CallTestCaseKeyword$_callTestCase_closure1.doCall(CallTestCaseKeyword.groovy:63)
	at com.kms.katalon.core.keyword.builtin.CallTestCaseKeyword$_callTestCase_closure1.call(CallTestCaseKeyword.groovy)
	at com.kms.katalon.core.keyword.internal.KeywordMain.runKeyword(KeywordMain.groovy:75)
	at com.kms.katalon.core.keyword.builtin.CallTestCaseKeyword.callTestCase(CallTestCaseKeyword.groovy:81)
	at com.kms.katalon.core.keyword.builtin.CallTestCaseKeyword.execute(CallTestCaseKeyword.groovy:44)
	at com.kms.katalon.core.keyword.internal.KeywordExecutor.executeKeywordForPlatform(KeywordExecutor.groovy:74)
	at com.kms.katalon.core.keyword.BuiltinKeywords.callTestCase(BuiltinKeywords.groovy:310)
	at java.base/jdk.internal.reflect.NativeMethodAccessorImpl.invoke0(Native Method)
	at java.base/jdk.internal.reflect.NativeMethodAccessorImpl.invoke(NativeMethodAccessorImpl.java:77)
	at java.base/jdk.internal.reflect.DelegatingMethodAccessorImpl.invoke(DelegatingMethodAccessorImpl.java:43)
	at com.kazurayam.ksbackyard.HighlightElement$_pandemic_closure1.doCall(HighlightElement.groovy:105)
	at jdk.internal.reflect.GeneratedMethodAccessor5.invoke(Unknown Source)
	at java.base/jdk.internal.reflect.DelegatingMethodAccessorImpl.invoke(DelegatingMethodAccessorImpl.java:43)
	at TNR R.TSPT Supp90-Visiteur.run(TNR R.TSPT Supp90-Visiteur:52)
	at com.kms.katalon.core.main.ScriptEngine.run(ScriptEngine.java:194)
	at com.kms.katalon.core.main.ScriptEngine.runScriptAsRawText(ScriptEngine.java:119)
	at com.kms.katalon.core.main.TestCaseExecutor.runScript(TestCaseExecutor.java:448)
	at com.kms.katalon.core.main.TestCaseExecutor.doExecute(TestCaseExecutor.java:439)
	at com.kms.katalon.core.main.TestCaseExecutor.processExecutionPhase(TestCaseExecutor.java:418)
	at com.kms.katalon.core.main.TestCaseExecutor.accessMainPhase(TestCaseExecutor.java:410)
	at com.kms.katalon.core.main.TestCaseExecutor.execute(TestCaseExecutor.java:285)
	at com.kms.katalon.core.common.CommonExecutor.accessTestCaseMainPhase(CommonExecutor.java:65)
	at com.kms.katalon.core.main.TestSuiteExecutor.accessTestSuiteMainPhase(TestSuiteExecutor.java:148)
	at com.kms.katalon.core.main.TestSuiteExecutor.execute(TestSuiteExecutor.java:106)
	at com.kms.katalon.core.main.TestCaseMain.startTestSuite(TestCaseMain.java:180)
	at TempTestSuite1704292590673.run(TempTestSuite1704292590673.groovy:36)
	at java.base/jdk.internal.reflect.NativeMethodAccessorImpl.invoke0(Native Method)
	at java.base/jdk.internal.reflect.NativeMethodAccessorImpl.invoke(NativeMethodAccessorImpl.java:77)
	at java.base/jdk.internal.reflect.DelegatingMethodAccessorImpl.invoke(DelegatingMethodAccessorImpl.java:43)
Caused by: com.kms.katalon.core.exception.StepFailedException: Unable to check object 'Object Repository/Page_MotifDeLaDemande_Usager/CheckBox_JetaisEtudiantEnFrance_Non'
	at com.kms.katalon.core.webui.keyword.internal.WebUIKeywordMain.stepFailed(WebUIKeywordMain.groovy:64)
	at com.kms.katalon.core.webui.keyword.internal.WebUIKeywordMain.runKeyword(WebUIKeywordMain.groovy:26)
	at com.kms.katalon.core.webui.keyword.builtin.CheckKeyword.check(CheckKeyword.groovy:88)
	at com.kms.katalon.core.webui.keyword.builtin.CheckKeyword.execute(CheckKeyword.groovy:67)
	at com.kms.katalon.core.keyword.internal.KeywordExecutor.executeKeywordForPlatform(KeywordExecutor.groovy:74)
	at com.kms.katalon.core.webui.keyword.WebUiBuiltInKeywords.check(WebUiBuiltInKeywords.groovy:1108)
	at java.base/jdk.internal.reflect.NativeMethodAccessorImpl.invoke0(Native Method)
	at java.base/jdk.internal.reflect.NativeMethodAccessorImpl.invoke(NativeMethodAccessorImpl.java:77)
	at java.base/jdk.internal.reflect.DelegatingMethodAccessorImpl.invoke(DelegatingMethodAccessorImpl.java:43)
	at com.kazurayam.ksbackyard.HighlightElement$_pandemic_closure1.doCall(HighlightElement.groovy:105)
	at jdk.internal.reflect.GeneratedMethodAccessor5.invoke(Unknown Source)
	at java.base/jdk.internal.reflect.DelegatingMethodAccessorImpl.invoke(DelegatingMethodAccessorImpl.java:43)
	at FormulaireMotifDeLaDemande.run(FormulaireMotifDeLaDemande:53)
	at com.kms.katalon.core.main.ScriptEngine.run(ScriptEngine.java:194)
	at com.kms.katalon.core.main.ScriptEngine.runScriptAsRawText(ScriptEngine.java:119)
	at com.kms.katalon.core.main.TestCaseExecutor.runScript(TestCaseExecutor.java:448)
	at com.kms.katalon.core.main.TestCaseExecutor.doExecute(TestCaseExecutor.java:439)
	at com.kms.katalon.core.main.TestCaseExecutor.processExecutionPhase(TestCaseExecutor.java:418)
	at com.kms.katalon.core.main.TestCaseExecutor.accessMainPhase(TestCaseExecutor.java:410)
	at com.kms.katalon.core.main.TestCaseExecutor.execute(TestCaseExecutor.java:285)
	at com.kms.katalon.core.main.TestCaseMain.runTestCase(TestCaseMain.java:137)
	at com.kms.katalon.core.keyword.builtin.CallTestCaseKeyword$_callTestCase_closure1.doCall(CallTestCaseKeyword.groovy:59)
	... 28 more
Caused by: org.openqa.selenium.ElementNotInteractableException: element not interactable
  (Session info: chrome=120.0.6099.130)
Build info: version: '3.141.59', revision: 'e82be7d358', time: '2018-11-14T08:25:53'
System info: host: 'FR-L5448059', ip: '192.168.1.134', os.name: 'Windows 10', os.arch: 'amd64', os.version: '10.0', java.version: '17.0.7'
Driver info: com.kms.katalon.selenium.driver.CChromeDriver
Capabilities {acceptInsecureCerts: false, browserName: chrome, browserVersion: 120.0.6099.130, chrome: {chromedriverVersion: 119.0.6045.105 (38c72552c5e..., userDataDir: C:\Users\ISSAM~1.RHA\AppDat...}, fedcm:accounts: true, goog:chromeOptions: {debuggerAddress: localhost:58698}, javascriptEnabled: true, networkConnectionEnabled: false, pageLoadStrategy: normal, platform: WINDOWS, platformName: WINDOWS, proxy: Proxy(), setWindowRect: true, strictFileInteractability: false, timeouts: {implicit: 0, pageLoad: 300000, script: 30000}, unhandledPromptBehavior: dismiss and notify, webauthn:extension:credBlob: true, webauthn:extension:largeBlob: true, webauthn:extension:minPinLength: true, webauthn:extension:prf: true, webauthn:virtualAuthenticators: true}
Session ID: 91d4e1aa0044b5ae8a5acd228946fbfd
	at java.base/jdk.internal.reflect.NativeConstructorAccessorImpl.newInstance0(Native Method)
	at java.base/jdk.internal.reflect.NativeConstructorAccessorImpl.newInstance(NativeConstructorAccessorImpl.java:77)
	at java.base/jdk.internal.reflect.DelegatingConstructorAccessorImpl.newInstance(DelegatingConstructorAccessorImpl.java:45)
	at org.openqa.selenium.remote.http.W3CHttpResponseCodec.createException(W3CHttpResponseCodec.java:187)
	at org.openqa.selenium.remote.http.W3CHttpResponseCodec.decode(W3CHttpResponseCodec.java:122)
	at org.openqa.selenium.remote.http.W3CHttpResponseCodec.decode(W3CHttpResponseCodec.java:49)
	at org.openqa.selenium.remote.HttpCommandExecutor.execute(HttpCommandExecutor.java:158)
	at org.openqa.selenium.remote.service.DriverCommandExecutor.execute(DriverCommandExecutor.java:83)
	at org.openqa.selenium.remote.RemoteWebDriver.execute(RemoteWebDriver.java:552)
	at com.kms.katalon.selenium.driver.CChromeDriver.execute(CChromeDriver.java:19)
	at org.openqa.selenium.remote.RemoteWebElement.execute(RemoteWebElement.java:285)
	at org.openqa.selenium.remote.RemoteWebElement.click(RemoteWebElement.java:84)
	at jdk.internal.reflect.GeneratedMethodAccessor26.invoke(Unknown Source)
	at java.base/jdk.internal.reflect.DelegatingMethodAccessorImpl.invoke(DelegatingMethodAccessorImpl.java:43)
	at org.openqa.selenium.support.events.EventFiringWebDriver$EventFiringWebElement.lambda$new$0(EventFiringWebDriver.java:404)
	at jdk.proxy2/jdk.proxy2.$Proxy25.click(Unknown Source)
	at org.openqa.selenium.support.events.EventFiringWebDriver$EventFiringWebElement.click(EventFiringWebDriver.java:417)
	at com.kms.katalon.core.webui.keyword.builtin.CheckKeyword$_check_closure1.doCall(CheckKeyword.groovy:80)
	at com.kms.katalon.core.webui.keyword.builtin.CheckKeyword$_check_closure1.call(CheckKeyword.groovy)
	at com.kms.katalon.core.webui.keyword.internal.WebUIKeywordMain.runKeyword(WebUIKeywordMain.groovy:20)
	... 48 more]]></system-out>
      <system-err><![CDATA[03-01-2024T15:36:40 - [TEST_SUITE][FAILED] - TS_TNR_R.TSPT_Suppo90: Test Cases/Cas D Utilisations/Usager Etudiant/TNR R.TSPT Supp90-Visiteur FAILED.
Reason:
com.kms.katalon.core.exception.StepFailedException: Call Test Case 'Test Cases/Test Reutilisable/DemandeOuRenouvelle_TitreSejour/FormulaireMotifDeLaDemande' failed
	at com.kms.katalon.core.keyword.builtin.CallTestCaseKeyword$_callTestCase_closure1.doCall(CallTestCaseKeyword.groovy:63)
	at com.kms.katalon.core.keyword.builtin.CallTestCaseKeyword$_callTestCase_closure1.call(CallTestCaseKeyword.groovy)
	at com.kms.katalon.core.keyword.internal.KeywordMain.runKeyword(KeywordMain.groovy:75)
	at com.kms.katalon.core.keyword.builtin.CallTestCaseKeyword.callTestCase(CallTestCaseKeyword.groovy:81)
	at com.kms.katalon.core.keyword.builtin.CallTestCaseKeyword.execute(CallTestCaseKeyword.groovy:44)
	at com.kms.katalon.core.keyword.internal.KeywordExecutor.executeKeywordForPlatform(KeywordExecutor.groovy:74)
	at com.kms.katalon.core.keyword.BuiltinKeywords.callTestCase(BuiltinKeywords.groovy:310)
	at java.base/jdk.internal.reflect.NativeMethodAccessorImpl.invoke0(Native Method)
	at java.base/jdk.internal.reflect.NativeMethodAccessorImpl.invoke(NativeMethodAccessorImpl.java:77)
	at java.base/jdk.internal.reflect.DelegatingMethodAccessorImpl.invoke(DelegatingMethodAccessorImpl.java:43)
	at com.kazurayam.ksbackyard.HighlightElement$_pandemic_closure1.doCall(HighlightElement.groovy:105)
	at jdk.internal.reflect.GeneratedMethodAccessor5.invoke(Unknown Source)
	at java.base/jdk.internal.reflect.DelegatingMethodAccessorImpl.invoke(DelegatingMethodAccessorImpl.java:43)
	at TNR R.TSPT Supp90-Visiteur.run(TNR R.TSPT Supp90-Visiteur:52)
	at com.kms.katalon.core.main.ScriptEngine.run(ScriptEngine.java:194)
	at com.kms.katalon.core.main.ScriptEngine.runScriptAsRawText(ScriptEngine.java:119)
	at com.kms.katalon.core.main.TestCaseExecutor.runScript(TestCaseExecutor.java:448)
	at com.kms.katalon.core.main.TestCaseExecutor.doExecute(TestCaseExecutor.java:439)
	at com.kms.katalon.core.main.TestCaseExecutor.processExecutionPhase(TestCaseExecutor.java:418)
	at com.kms.katalon.core.main.TestCaseExecutor.accessMainPhase(TestCaseExecutor.java:410)
	at com.kms.katalon.core.main.TestCaseExecutor.execute(TestCaseExecutor.java:285)
	at com.kms.katalon.core.common.CommonExecutor.accessTestCaseMainPhase(CommonExecutor.java:65)
	at com.kms.katalon.core.main.TestSuiteExecutor.accessTestSuiteMainPhase(TestSuiteExecutor.java:148)
	at com.kms.katalon.core.main.TestSuiteExecutor.execute(TestSuiteExecutor.java:106)
	at com.kms.katalon.core.main.TestCaseMain.startTestSuite(TestCaseMain.java:180)
	at TempTestSuite1704292590673.run(TempTestSuite1704292590673.groovy:36)
	at java.base/jdk.internal.reflect.NativeMethodAccessorImpl.invoke0(Native Method)
	at java.base/jdk.internal.reflect.NativeMethodAccessorImpl.invoke(NativeMethodAccessorImpl.java:77)
	at java.base/jdk.internal.reflect.DelegatingMethodAccessorImpl.invoke(DelegatingMethodAccessorImpl.java:43)
Caused by: com.kms.katalon.core.exception.StepFailedException: Unable to check object 'Object Repository/Page_MotifDeLaDemande_Usager/CheckBox_JetaisEtudiantEnFrance_Non'
	at com.kms.katalon.core.webui.keyword.internal.WebUIKeywordMain.stepFailed(WebUIKeywordMain.groovy:64)
	at com.kms.katalon.core.webui.keyword.internal.WebUIKeywordMain.runKeyword(WebUIKeywordMain.groovy:26)
	at com.kms.katalon.core.webui.keyword.builtin.CheckKeyword.check(CheckKeyword.groovy:88)
	at com.kms.katalon.core.webui.keyword.builtin.CheckKeyword.execute(CheckKeyword.groovy:67)
	at com.kms.katalon.core.keyword.internal.KeywordExecutor.executeKeywordForPlatform(KeywordExecutor.groovy:74)
	at com.kms.katalon.core.webui.keyword.WebUiBuiltInKeywords.check(WebUiBuiltInKeywords.groovy:1108)
	at java.base/jdk.internal.reflect.NativeMethodAccessorImpl.invoke0(Native Method)
	at java.base/jdk.internal.reflect.NativeMethodAccessorImpl.invoke(NativeMethodAccessorImpl.java:77)
	at java.base/jdk.internal.reflect.DelegatingMethodAccessorImpl.invoke(DelegatingMethodAccessorImpl.java:43)
	at com.kazurayam.ksbackyard.HighlightElement$_pandemic_closure1.doCall(HighlightElement.groovy:105)
	at jdk.internal.reflect.GeneratedMethodAccessor5.invoke(Unknown Source)
	at java.base/jdk.internal.reflect.DelegatingMethodAccessorImpl.invoke(DelegatingMethodAccessorImpl.java:43)
	at FormulaireMotifDeLaDemande.run(FormulaireMotifDeLaDemande:53)
	at com.kms.katalon.core.main.ScriptEngine.run(ScriptEngine.java:194)
	at com.kms.katalon.core.main.ScriptEngine.runScriptAsRawText(ScriptEngine.java:119)
	at com.kms.katalon.core.main.TestCaseExecutor.runScript(TestCaseExecutor.java:448)
	at com.kms.katalon.core.main.TestCaseExecutor.doExecute(TestCaseExecutor.java:439)
	at com.kms.katalon.core.main.TestCaseExecutor.processExecutionPhase(TestCaseExecutor.java:418)
	at com.kms.katalon.core.main.TestCaseExecutor.accessMainPhase(TestCaseExecutor.java:410)
	at com.kms.katalon.core.main.TestCaseExecutor.execute(TestCaseExecutor.java:285)
	at com.kms.katalon.core.main.TestCaseMain.runTestCase(TestCaseMain.java:137)
	at com.kms.katalon.core.keyword.builtin.CallTestCaseKeyword$_callTestCase_closure1.doCall(CallTestCaseKeyword.groovy:59)
	... 28 more
Caused by: org.openqa.selenium.ElementNotInteractableException: element not interactable
  (Session info: chrome=120.0.6099.130)
Build info: version: '3.141.59', revision: 'e82be7d358', time: '2018-11-14T08:25:53'
System info: host: 'FR-L5448059', ip: '192.168.1.134', os.name: 'Windows 10', os.arch: 'amd64', os.version: '10.0', java.version: '17.0.7'
Driver info: com.kms.katalon.selenium.driver.CChromeDriver
Capabilities {acceptInsecureCerts: false, browserName: chrome, browserVersion: 120.0.6099.130, chrome: {chromedriverVersion: 119.0.6045.105 (38c72552c5e..., userDataDir: C:\Users\ISSAM~1.RHA\AppDat...}, fedcm:accounts: true, goog:chromeOptions: {debuggerAddress: localhost:58698}, javascriptEnabled: true, networkConnectionEnabled: false, pageLoadStrategy: normal, platform: WINDOWS, platformName: WINDOWS, proxy: Proxy(), setWindowRect: true, strictFileInteractability: false, timeouts: {implicit: 0, pageLoad: 300000, script: 30000}, unhandledPromptBehavior: dismiss and notify, webauthn:extension:credBlob: true, webauthn:extension:largeBlob: true, webauthn:extension:minPinLength: true, webauthn:extension:prf: true, webauthn:virtualAuthenticators: true}
Session ID: 91d4e1aa0044b5ae8a5acd228946fbfd
	at java.base/jdk.internal.reflect.NativeConstructorAccessorImpl.newInstance0(Native Method)
	at java.base/jdk.internal.reflect.NativeConstructorAccessorImpl.newInstance(NativeConstructorAccessorImpl.java:77)
	at java.base/jdk.internal.reflect.DelegatingConstructorAccessorImpl.newInstance(DelegatingConstructorAccessorImpl.java:45)
	at org.openqa.selenium.remote.http.W3CHttpResponseCodec.createException(W3CHttpResponseCodec.java:187)
	at org.openqa.selenium.remote.http.W3CHttpResponseCodec.decode(W3CHttpResponseCodec.java:122)
	at org.openqa.selenium.remote.http.W3CHttpResponseCodec.decode(W3CHttpResponseCodec.java:49)
	at org.openqa.selenium.remote.HttpCommandExecutor.execute(HttpCommandExecutor.java:158)
	at org.openqa.selenium.remote.service.DriverCommandExecutor.execute(DriverCommandExecutor.java:83)
	at org.openqa.selenium.remote.RemoteWebDriver.execute(RemoteWebDriver.java:552)
	at com.kms.katalon.selenium.driver.CChromeDriver.execute(CChromeDriver.java:19)
	at org.openqa.selenium.remote.RemoteWebElement.execute(RemoteWebElement.java:285)
	at org.openqa.selenium.remote.RemoteWebElement.click(RemoteWebElement.java:84)
	at jdk.internal.reflect.GeneratedMethodAccessor26.invoke(Unknown Source)
	at java.base/jdk.internal.reflect.DelegatingMethodAccessorImpl.invoke(DelegatingMethodAccessorImpl.java:43)
	at org.openqa.selenium.support.events.EventFiringWebDriver$EventFiringWebElement.lambda$new$0(EventFiringWebDriver.java:404)
	at jdk.proxy2/jdk.proxy2.$Proxy25.click(Unknown Source)
	at org.openqa.selenium.support.events.EventFiringWebDriver$EventFiringWebElement.click(EventFiringWebDriver.java:417)
	at com.kms.katalon.core.webui.keyword.builtin.CheckKeyword$_check_closure1.doCall(CheckKeyword.groovy:80)
	at com.kms.katalon.core.webui.keyword.builtin.CheckKeyword$_check_closure1.call(CheckKeyword.groovy)
	at com.kms.katalon.core.webui.keyword.internal.WebUIKeywordMain.runKeyword(WebUIKeywordMain.groovy:20)
	... 48 more]]></system-err>
   </testsuite>
</testsuites>
