<?xml version="1.0" encoding="UTF-8"?>
<testsuites name="TS_TNR_R.TSPT_Suppo90" time="583.875" tests="1" failures="1" errors="0">
   <testsuite name="TS_TNR_R.TSPT_Suppo90" tests="1" failures="1" errors="0" time="583.875" skipped="0" timestamp="03-01-2024T15:52:33" hostname="issam.rharbaoui - FR-L5448059.groupinfra.com" id="Test Suites/TS_TNR_R.TSPT_Suppo90">
      <properties>
         <property name="deviceName" value=""/>
         <property name="devicePlatform" value=""/>
         <property name="logFolder" value="C:\\Users\\ISSAM.RHARBAOUI\\git\\ANEF-RenouvellementSejour\\Reports\\20240103_155223\\TS_TNR_R.TSPT_Suppo90\\20240103_155223"/>
         <property name="logFiles" value="C:\\Users\\ISSAM.RHARBAOUI\\git\\ANEF-RenouvellementSejour\\Reports\\20240103_155223\\TS_TNR_R.TSPT_Suppo90\\20240103_155223\\execution0.log"/>
         <property name="attachments" value="C:\\Users\\ISSAM.RHARBAOUI\\git\\ANEF-RenouvellementSejour\\Reports\\20240103_155223\\TS_TNR_R.TSPT_Suppo90\\20240103_155223\\1704293662697.png, C:\\Users\\ISSAM.RHARBAOUI\\git\\ANEF-RenouvellementSejour\\Reports\\20240103_155223\\TS_TNR_R.TSPT_Suppo90\\20240103_155223\\1704293692525.png, C:\\Users\\ISSAM.RHARBAOUI\\git\\ANEF-RenouvellementSejour\\Reports\\20240103_155223\\TS_TNR_R.TSPT_Suppo90\\20240103_155223\\1704294132288.png"/>
         <property name="hostName" value="issam.rharbaoui - FR-L5448059.groupinfra.com"/>
         <property name="os" value="Windows 10 64bit"/>
         <property name="katalonVersion" value="9.1.0.212"/>
         <property name="browser" value="Chrome 120.0.0.0"/>
         <property name="hostAddress" value="192.168.1.134"/>
         <property name="sessionId" value="f5b94ceba7204e9800fb275d72a13880"/>
         <property name="seleniumVersion" value="3.141.59"/>
         <property name="proxyInformation" value="ProxyInformation { proxyOption=NO_PROXY, proxyServerType=HTTP, username=, password=********, proxyServerAddress=, proxyServerPort=0, executionList=&quot;&quot;, isApplyToDesiredCapabilities=true }"/>
         <property name="platform" value="Windows 10"/>
      </properties>
      <testcase name="Test Cases/Cas D Utilisations/Usager Etudiant/TNR R.TSPT Supp90-Visiteur" time="583.029" classname="Test Cases/Cas D Utilisations/Usager Etudiant/TNR R.TSPT Supp90-Visiteur" status="FAILED">
         <failure type="FAILED" message="Test Cases/Cas D Utilisations/Usager Etudiant/TNR R.TSPT Supp90-Visiteur FAILED.&#xa;Reason:&#xa;com.kms.katalon.core.exception.StepFailedException: Call Test Case 'Test Cases/Test Reutilisable/AgentTraitementDemande/Verif_AccordeonEtatCivilDuDemandeur' failed&#xa;	at com.kms.katalon.core.keyword.builtin.CallTestCaseKeyword$_callTestCase_closure1.doCall(CallTestCaseKeyword.groovy:63)&#xa;	at com.kms.katalon.core.keyword.builtin.CallTestCaseKeyword$_callTestCase_closure1.call(CallTestCaseKeyword.groovy)&#xa;	at com.kms.katalon.core.keyword.internal.KeywordMain.runKeyword(KeywordMain.groovy:75)&#xa;	at com.kms.katalon.core.keyword.builtin.CallTestCaseKeyword.callTestCase(CallTestCaseKeyword.groovy:81)&#xa;	at com.kms.katalon.core.keyword.builtin.CallTestCaseKeyword.execute(CallTestCaseKeyword.groovy:44)&#xa;	at com.kms.katalon.core.keyword.internal.KeywordExecutor.executeKeywordForPlatform(KeywordExecutor.groovy:74)&#xa;	at com.kms.katalon.core.keyword.BuiltinKeywords.callTestCase(BuiltinKeywords.groovy:310)&#xa;	at jdk.internal.reflect.GeneratedMethodAccessor31.invoke(Unknown Source)&#xa;	at java.base/jdk.internal.reflect.DelegatingMethodAccessorImpl.invoke(DelegatingMethodAccessorImpl.java:43)&#xa;	at com.kazurayam.ksbackyard.HighlightElement$_pandemic_closure1.doCall(HighlightElement.groovy:105)&#xa;	at jdk.internal.reflect.GeneratedMethodAccessor5.invoke(Unknown Source)&#xa;	at java.base/jdk.internal.reflect.DelegatingMethodAccessorImpl.invoke(DelegatingMethodAccessorImpl.java:43)&#xa;	at TNR R.TSPT Supp90-Visiteur.run(TNR R.TSPT Supp90-Visiteur:119)&#xa;	at com.kms.katalon.core.main.ScriptEngine.run(ScriptEngine.java:194)&#xa;	at com.kms.katalon.core.main.ScriptEngine.runScriptAsRawText(ScriptEngine.java:119)&#xa;	at com.kms.katalon.core.main.TestCaseExecutor.runScript(TestCaseExecutor.java:448)&#xa;	at com.kms.katalon.core.main.TestCaseExecutor.doExecute(TestCaseExecutor.java:439)&#xa;	at com.kms.katalon.core.main.TestCaseExecutor.processExecutionPhase(TestCaseExecutor.java:418)&#xa;	at com.kms.katalon.core.main.TestCaseExecutor.accessMainPhase(TestCaseExecutor.java:410)&#xa;	at com.kms.katalon.core.main.TestCaseExecutor.execute(TestCaseExecutor.java:285)&#xa;	at com.kms.katalon.core.common.CommonExecutor.accessTestCaseMainPhase(CommonExecutor.java:65)&#xa;	at com.kms.katalon.core.main.TestSuiteExecutor.accessTestSuiteMainPhase(TestSuiteExecutor.java:148)&#xa;	at com.kms.katalon.core.main.TestSuiteExecutor.execute(TestSuiteExecutor.java:106)&#xa;	at com.kms.katalon.core.main.TestCaseMain.startTestSuite(TestCaseMain.java:180)&#xa;	at TempTestSuite1704293543711.run(TempTestSuite1704293543711.groovy:36)&#xa;	at java.base/jdk.internal.reflect.NativeMethodAccessorImpl.invoke0(Native Method)&#xa;	at java.base/jdk.internal.reflect.NativeMethodAccessorImpl.invoke(NativeMethodAccessorImpl.java:77)&#xa;	at java.base/jdk.internal.reflect.DelegatingMethodAccessorImpl.invoke(DelegatingMethodAccessorImpl.java:43)&#xa;Caused by: com.kms.katalon.core.exception.StepFailedException: Unable to click on object 'Object Repository/Page_Verif_AccordeonEtatCivilDuDemandeur_Agent/div_AccepterLeDocumentPhotographie'&#xa;	at com.kms.katalon.core.webui.keyword.internal.WebUIKeywordMain.stepFailed(WebUIKeywordMain.groovy:64)&#xa;	at com.kms.katalon.core.webui.keyword.internal.WebUIKeywordMain.runKeyword(WebUIKeywordMain.groovy:26)&#xa;	at com.kms.katalon.core.webui.keyword.builtin.ClickKeyword.click(ClickKeyword.groovy:74)&#xa;	at com.kms.katalon.core.webui.keyword.builtin.ClickKeyword.execute(ClickKeyword.groovy:40)&#xa;	at com.kms.katalon.core.keyword.internal.KeywordExecutor.executeKeywordForPlatform(KeywordExecutor.groovy:74)&#xa;	at com.kms.katalon.core.webui.keyword.WebUiBuiltInKeywords.click(WebUiBuiltInKeywords.groovy:659)&#xa;	at jdk.internal.reflect.GeneratedMethodAccessor26.invoke(Unknown Source)&#xa;	at java.base/jdk.internal.reflect.DelegatingMethodAccessorImpl.invoke(DelegatingMethodAccessorImpl.java:43)&#xa;	at com.kazurayam.ksbackyard.HighlightElement$_pandemic_closure1.doCall(HighlightElement.groovy:105)&#xa;	at jdk.internal.reflect.GeneratedMethodAccessor5.invoke(Unknown Source)&#xa;	at java.base/jdk.internal.reflect.DelegatingMethodAccessorImpl.invoke(DelegatingMethodAccessorImpl.java:43)&#xa;	at Verif_AccordeonEtatCivilDuDemandeur.run(Verif_AccordeonEtatCivilDuDemandeur:93)&#xa;	at com.kms.katalon.core.main.ScriptEngine.run(ScriptEngine.java:194)&#xa;	at com.kms.katalon.core.main.ScriptEngine.runScriptAsRawText(ScriptEngine.java:119)&#xa;	at com.kms.katalon.core.main.TestCaseExecutor.runScript(TestCaseExecutor.java:448)&#xa;	at com.kms.katalon.core.main.TestCaseExecutor.doExecute(TestCaseExecutor.java:439)&#xa;	at com.kms.katalon.core.main.TestCaseExecutor.processExecutionPhase(TestCaseExecutor.java:418)&#xa;	at com.kms.katalon.core.main.TestCaseExecutor.accessMainPhase(TestCaseExecutor.java:410)&#xa;	at com.kms.katalon.core.main.TestCaseExecutor.execute(TestCaseExecutor.java:285)&#xa;	at com.kms.katalon.core.main.TestCaseMain.runTestCase(TestCaseMain.java:137)&#xa;	at com.kms.katalon.core.keyword.builtin.CallTestCaseKeyword$_callTestCase_closure1.doCall(CallTestCaseKeyword.groovy:59)&#xa;	... 27 more&#xa;Caused by: org.openqa.selenium.ElementClickInterceptedException: element click intercepted: Element &lt;div class=&quot;ui-radiobutton-box ui-widget ui-state-default&quot; ng-reflect-ng-class=&quot;[object Object]&quot; style=&quot;outline: dashed red;&quot;>...&lt;/div> is not clickable at point (842, 150). Other element would receive the click: &lt;div _ngcontent-vod-c23=&quot;&quot; id=&quot;navBar&quot; class=&quot;ng-star-inserted&quot;>...&lt;/div>&#xa;  (Session info: chrome=120.0.6099.130)&#xa;Build info: version: '3.141.59', revision: 'e82be7d358', time: '2018-11-14T08:25:53'&#xa;System info: host: 'FR-L5448059', ip: '192.168.1.134', os.name: 'Windows 10', os.arch: 'amd64', os.version: '10.0', java.version: '17.0.7'&#xa;Driver info: com.kms.katalon.selenium.driver.CChromeDriver&#xa;Capabilities {acceptInsecureCerts: false, browserName: chrome, browserVersion: 120.0.6099.130, chrome: {chromedriverVersion: 119.0.6045.105 (38c72552c5e..., userDataDir: C:\Users\ISSAM~1.RHA\AppDat...}, fedcm:accounts: true, goog:chromeOptions: {debuggerAddress: localhost:59633}, javascriptEnabled: true, networkConnectionEnabled: false, pageLoadStrategy: normal, platform: WINDOWS, platformName: WINDOWS, proxy: Proxy(), setWindowRect: true, strictFileInteractability: false, timeouts: {implicit: 0, pageLoad: 300000, script: 30000}, unhandledPromptBehavior: dismiss and notify, webauthn:extension:credBlob: true, webauthn:extension:largeBlob: true, webauthn:extension:minPinLength: true, webauthn:extension:prf: true, webauthn:virtualAuthenticators: true}&#xa;Session ID: f5b94ceba7204e9800fb275d72a13880&#xa;	at java.base/jdk.internal.reflect.NativeConstructorAccessorImpl.newInstance0(Native Method)&#xa;	at java.base/jdk.internal.reflect.NativeConstructorAccessorImpl.newInstance(NativeConstructorAccessorImpl.java:77)&#xa;	at java.base/jdk.internal.reflect.DelegatingConstructorAccessorImpl.newInstance(DelegatingConstructorAccessorImpl.java:45)&#xa;	at org.openqa.selenium.remote.http.W3CHttpResponseCodec.createException(W3CHttpResponseCodec.java:187)&#xa;	at org.openqa.selenium.remote.http.W3CHttpResponseCodec.decode(W3CHttpResponseCodec.java:122)&#xa;	at org.openqa.selenium.remote.http.W3CHttpResponseCodec.decode(W3CHttpResponseCodec.java:49)&#xa;	at org.openqa.selenium.remote.HttpCommandExecutor.execute(HttpCommandExecutor.java:158)&#xa;	at org.openqa.selenium.remote.service.DriverCommandExecutor.execute(DriverCommandExecutor.java:83)&#xa;	at org.openqa.selenium.remote.RemoteWebDriver.execute(RemoteWebDriver.java:552)&#xa;	at com.kms.katalon.selenium.driver.CChromeDriver.execute(CChromeDriver.java:19)&#xa;	at org.openqa.selenium.remote.RemoteWebElement.execute(RemoteWebElement.java:285)&#xa;	at org.openqa.selenium.remote.RemoteWebElement.click(RemoteWebElement.java:84)&#xa;	at jdk.internal.reflect.GeneratedMethodAccessor21.invoke(Unknown Source)&#xa;	at java.base/jdk.internal.reflect.DelegatingMethodAccessorImpl.invoke(DelegatingMethodAccessorImpl.java:43)&#xa;	at org.openqa.selenium.support.events.EventFiringWebDriver$EventFiringWebElement.lambda$new$0(EventFiringWebDriver.java:404)&#xa;	at jdk.proxy2/jdk.proxy2.$Proxy25.click(Unknown Source)&#xa;	at org.openqa.selenium.support.events.EventFiringWebDriver$EventFiringWebElement.click(EventFiringWebDriver.java:417)&#xa;	at org.openqa.selenium.WebElement$click.call(Unknown Source)&#xa;	at com.kms.katalon.core.webui.keyword.builtin.ClickKeyword.clickUntilSuccessWithTimeout(ClickKeyword.groovy:81)&#xa;	at com.kms.katalon.core.webui.keyword.builtin.ClickKeyword.clickUntilSuccessWithTimeout(ClickKeyword.groovy)&#xa;	at jdk.internal.reflect.GeneratedMethodAccessor25.invoke(Unknown Source)&#xa;	at java.base/jdk.internal.reflect.DelegatingMethodAccessorImpl.invoke(DelegatingMethodAccessorImpl.java:43)&#xa;	at com.kms.katalon.core.webui.keyword.builtin.ClickKeyword$_click_closure1.doCall(ClickKeyword.groovy:67)&#xa;	at com.kms.katalon.core.webui.keyword.builtin.ClickKeyword$_click_closure1.call(ClickKeyword.groovy)&#xa;	at com.kms.katalon.core.webui.keyword.internal.WebUIKeywordMain.runKeyword(WebUIKeywordMain.groovy:20)&#xa;	... 46 more&#xa;"/>
         <system-out><![CDATA[03-01-2024T15:52:34 - [TEST_CASE][FAILED] - Test Cases/Cas D Utilisations/Usager Etudiant/TNR R.TSPT Supp90-Visiteur: Test Cases/Cas D Utilisations/Usager Etudiant/TNR R.TSPT Supp90-Visiteur FAILED.
Reason:
com.kms.katalon.core.exception.StepFailedException: Call Test Case 'Test Cases/Test Reutilisable/AgentTraitementDemande/Verif_AccordeonEtatCivilDuDemandeur' failed
	at com.kms.katalon.core.keyword.builtin.CallTestCaseKeyword$_callTestCase_closure1.doCall(CallTestCaseKeyword.groovy:63)
	at com.kms.katalon.core.keyword.builtin.CallTestCaseKeyword$_callTestCase_closure1.call(CallTestCaseKeyword.groovy)
	at com.kms.katalon.core.keyword.internal.KeywordMain.runKeyword(KeywordMain.groovy:75)
	at com.kms.katalon.core.keyword.builtin.CallTestCaseKeyword.callTestCase(CallTestCaseKeyword.groovy:81)
	at com.kms.katalon.core.keyword.builtin.CallTestCaseKeyword.execute(CallTestCaseKeyword.groovy:44)
	at com.kms.katalon.core.keyword.internal.KeywordExecutor.executeKeywordForPlatform(KeywordExecutor.groovy:74)
	at com.kms.katalon.core.keyword.BuiltinKeywords.callTestCase(BuiltinKeywords.groovy:310)
	at jdk.internal.reflect.GeneratedMethodAccessor31.invoke(Unknown Source)
	at java.base/jdk.internal.reflect.DelegatingMethodAccessorImpl.invoke(DelegatingMethodAccessorImpl.java:43)
	at com.kazurayam.ksbackyard.HighlightElement$_pandemic_closure1.doCall(HighlightElement.groovy:105)
	at jdk.internal.reflect.GeneratedMethodAccessor5.invoke(Unknown Source)
	at java.base/jdk.internal.reflect.DelegatingMethodAccessorImpl.invoke(DelegatingMethodAccessorImpl.java:43)
	at TNR R.TSPT Supp90-Visiteur.run(TNR R.TSPT Supp90-Visiteur:119)
	at com.kms.katalon.core.main.ScriptEngine.run(ScriptEngine.java:194)
	at com.kms.katalon.core.main.ScriptEngine.runScriptAsRawText(ScriptEngine.java:119)
	at com.kms.katalon.core.main.TestCaseExecutor.runScript(TestCaseExecutor.java:448)
	at com.kms.katalon.core.main.TestCaseExecutor.doExecute(TestCaseExecutor.java:439)
	at com.kms.katalon.core.main.TestCaseExecutor.processExecutionPhase(TestCaseExecutor.java:418)
	at com.kms.katalon.core.main.TestCaseExecutor.accessMainPhase(TestCaseExecutor.java:410)
	at com.kms.katalon.core.main.TestCaseExecutor.execute(TestCaseExecutor.java:285)
	at com.kms.katalon.core.common.CommonExecutor.accessTestCaseMainPhase(CommonExecutor.java:65)
	at com.kms.katalon.core.main.TestSuiteExecutor.accessTestSuiteMainPhase(TestSuiteExecutor.java:148)
	at com.kms.katalon.core.main.TestSuiteExecutor.execute(TestSuiteExecutor.java:106)
	at com.kms.katalon.core.main.TestCaseMain.startTestSuite(TestCaseMain.java:180)
	at TempTestSuite1704293543711.run(TempTestSuite1704293543711.groovy:36)
	at java.base/jdk.internal.reflect.NativeMethodAccessorImpl.invoke0(Native Method)
	at java.base/jdk.internal.reflect.NativeMethodAccessorImpl.invoke(NativeMethodAccessorImpl.java:77)
	at java.base/jdk.internal.reflect.DelegatingMethodAccessorImpl.invoke(DelegatingMethodAccessorImpl.java:43)
Caused by: com.kms.katalon.core.exception.StepFailedException: Unable to click on object 'Object Repository/Page_Verif_AccordeonEtatCivilDuDemandeur_Agent/div_AccepterLeDocumentPhotographie'
	at com.kms.katalon.core.webui.keyword.internal.WebUIKeywordMain.stepFailed(WebUIKeywordMain.groovy:64)
	at com.kms.katalon.core.webui.keyword.internal.WebUIKeywordMain.runKeyword(WebUIKeywordMain.groovy:26)
	at com.kms.katalon.core.webui.keyword.builtin.ClickKeyword.click(ClickKeyword.groovy:74)
	at com.kms.katalon.core.webui.keyword.builtin.ClickKeyword.execute(ClickKeyword.groovy:40)
	at com.kms.katalon.core.keyword.internal.KeywordExecutor.executeKeywordForPlatform(KeywordExecutor.groovy:74)
	at com.kms.katalon.core.webui.keyword.WebUiBuiltInKeywords.click(WebUiBuiltInKeywords.groovy:659)
	at jdk.internal.reflect.GeneratedMethodAccessor26.invoke(Unknown Source)
	at java.base/jdk.internal.reflect.DelegatingMethodAccessorImpl.invoke(DelegatingMethodAccessorImpl.java:43)
	at com.kazurayam.ksbackyard.HighlightElement$_pandemic_closure1.doCall(HighlightElement.groovy:105)
	at jdk.internal.reflect.GeneratedMethodAccessor5.invoke(Unknown Source)
	at java.base/jdk.internal.reflect.DelegatingMethodAccessorImpl.invoke(DelegatingMethodAccessorImpl.java:43)
	at Verif_AccordeonEtatCivilDuDemandeur.run(Verif_AccordeonEtatCivilDuDemandeur:93)
	at com.kms.katalon.core.main.ScriptEngine.run(ScriptEngine.java:194)
	at com.kms.katalon.core.main.ScriptEngine.runScriptAsRawText(ScriptEngine.java:119)
	at com.kms.katalon.core.main.TestCaseExecutor.runScript(TestCaseExecutor.java:448)
	at com.kms.katalon.core.main.TestCaseExecutor.doExecute(TestCaseExecutor.java:439)
	at com.kms.katalon.core.main.TestCaseExecutor.processExecutionPhase(TestCaseExecutor.java:418)
	at com.kms.katalon.core.main.TestCaseExecutor.accessMainPhase(TestCaseExecutor.java:410)
	at com.kms.katalon.core.main.TestCaseExecutor.execute(TestCaseExecutor.java:285)
	at com.kms.katalon.core.main.TestCaseMain.runTestCase(TestCaseMain.java:137)
	at com.kms.katalon.core.keyword.builtin.CallTestCaseKeyword$_callTestCase_closure1.doCall(CallTestCaseKeyword.groovy:59)
	... 27 more
Caused by: org.openqa.selenium.ElementClickInterceptedException: element click intercepted: Element <div class="ui-radiobutton-box ui-widget ui-state-default" ng-reflect-ng-class="[object Object]" style="outline: dashed red;">...</div> is not clickable at point (842, 150). Other element would receive the click: <div _ngcontent-vod-c23="" id="navBar" class="ng-star-inserted">...</div>
  (Session info: chrome=120.0.6099.130)
Build info: version: '3.141.59', revision: 'e82be7d358', time: '2018-11-14T08:25:53'
System info: host: 'FR-L5448059', ip: '192.168.1.134', os.name: 'Windows 10', os.arch: 'amd64', os.version: '10.0', java.version: '17.0.7'
Driver info: com.kms.katalon.selenium.driver.CChromeDriver
Capabilities {acceptInsecureCerts: false, browserName: chrome, browserVersion: 120.0.6099.130, chrome: {chromedriverVersion: 119.0.6045.105 (38c72552c5e..., userDataDir: C:\Users\ISSAM~1.RHA\AppDat...}, fedcm:accounts: true, goog:chromeOptions: {debuggerAddress: localhost:59633}, javascriptEnabled: true, networkConnectionEnabled: false, pageLoadStrategy: normal, platform: WINDOWS, platformName: WINDOWS, proxy: Proxy(), setWindowRect: true, strictFileInteractability: false, timeouts: {implicit: 0, pageLoad: 300000, script: 30000}, unhandledPromptBehavior: dismiss and notify, webauthn:extension:credBlob: true, webauthn:extension:largeBlob: true, webauthn:extension:minPinLength: true, webauthn:extension:prf: true, webauthn:virtualAuthenticators: true}
Session ID: f5b94ceba7204e9800fb275d72a13880
	at java.base/jdk.internal.reflect.NativeConstructorAccessorImpl.newInstance0(Native Method)
	at java.base/jdk.internal.reflect.NativeConstructorAccessorImpl.newInstance(NativeConstructorAccessorImpl.java:77)
	at java.base/jdk.internal.reflect.DelegatingConstructorAccessorImpl.newInstance(DelegatingConstructorAccessorImpl.java:45)
	at org.openqa.selenium.remote.http.W3CHttpResponseCodec.createException(W3CHttpResponseCodec.java:187)
	at org.openqa.selenium.remote.http.W3CHttpResponseCodec.decode(W3CHttpResponseCodec.java:122)
	at org.openqa.selenium.remote.http.W3CHttpResponseCodec.decode(W3CHttpResponseCodec.java:49)
	at org.openqa.selenium.remote.HttpCommandExecutor.execute(HttpCommandExecutor.java:158)
	at org.openqa.selenium.remote.service.DriverCommandExecutor.execute(DriverCommandExecutor.java:83)
	at org.openqa.selenium.remote.RemoteWebDriver.execute(RemoteWebDriver.java:552)
	at com.kms.katalon.selenium.driver.CChromeDriver.execute(CChromeDriver.java:19)
	at org.openqa.selenium.remote.RemoteWebElement.execute(RemoteWebElement.java:285)
	at org.openqa.selenium.remote.RemoteWebElement.click(RemoteWebElement.java:84)
	at jdk.internal.reflect.GeneratedMethodAccessor21.invoke(Unknown Source)
	at java.base/jdk.internal.reflect.DelegatingMethodAccessorImpl.invoke(DelegatingMethodAccessorImpl.java:43)
	at org.openqa.selenium.support.events.EventFiringWebDriver$EventFiringWebElement.lambda$new$0(EventFiringWebDriver.java:404)
	at jdk.proxy2/jdk.proxy2.$Proxy25.click(Unknown Source)
	at org.openqa.selenium.support.events.EventFiringWebDriver$EventFiringWebElement.click(EventFiringWebDriver.java:417)
	at org.openqa.selenium.WebElement$click.call(Unknown Source)
	at com.kms.katalon.core.webui.keyword.builtin.ClickKeyword.clickUntilSuccessWithTimeout(ClickKeyword.groovy:81)
	at com.kms.katalon.core.webui.keyword.builtin.ClickKeyword.clickUntilSuccessWithTimeout(ClickKeyword.groovy)
	at jdk.internal.reflect.GeneratedMethodAccessor25.invoke(Unknown Source)
	at java.base/jdk.internal.reflect.DelegatingMethodAccessorImpl.invoke(DelegatingMethodAccessorImpl.java:43)
	at com.kms.katalon.core.webui.keyword.builtin.ClickKeyword$_click_closure1.doCall(ClickKeyword.groovy:67)
	at com.kms.katalon.core.webui.keyword.builtin.ClickKeyword$_click_closure1.call(ClickKeyword.groovy)
	at com.kms.katalon.core.webui.keyword.internal.WebUIKeywordMain.runKeyword(WebUIKeywordMain.groovy:20)
	... 46 more


03-01-2024T15:52:36 - [TEST_STEP][PASSED] - com.kazurayam.ksbackyard.HighlightElement.pandemic(): com.kazurayam.ksbackyard.HighlightElement.pandemic is PASSED

03-01-2024T15:52:36 - [MESSAGE][PASSED] - com.kazurayam.ksbackyard.HighlightElement.pandemic is PASSED

03-01-2024T15:52:36 - [TEST_STEP][PASSED] - callTestCase(findTestCase("Test Reutilisable/Main/Lancer URL ANEF"), ["Profiles":"Usager", "EnvExec":EnvExec], STOP_ON_FAILURE): Call Test Case 'Test Cases/Test Reutilisable/Main/Lancer URL ANEF' successfully

03-01-2024T15:52:37 - [MESSAGE][INFO] - Checking called Test Case

03-01-2024T15:52:37 - [MESSAGE][INFO] - Starting to call Test Case 'Test Cases/Test Reutilisable/Main/Lancer URL ANEF'

03-01-2024T15:52:37 - [TEST_CASE][PASSED] - Test Cases/Test Reutilisable/Main/Lancer URL ANEF: Test Cases/Test Reutilisable/Main/Lancer URL ANEF

03-01-2024T15:52:39 - [TEST_STEP][PASSED] - "RunConfiguration: getProjectDir for LogDriver ": null

03-01-2024T15:52:39 - [TEST_STEP][PASSED] - RunBrowserConfiguration = getExecutionProperties(): null

03-01-2024T15:52:39 - [TEST_STEP][PASSED] - DriverName = "": null

03-01-2024T15:52:39 - [TEST_STEP][PASSED] - openBrowser(""): Browser is opened with url: ''

03-01-2024T15:52:39 - [MESSAGE][INFO] - Opening browser

03-01-2024T15:52:39 - [MESSAGE][INFO] - Starting 'Chrome' driver

03-01-2024T15:52:39 - [MESSAGE][INFO] - User set preference: ['args', '[--incognito, --start-maximized, --remote-allow-origins=*]']

03-01-2024T15:52:39 - [MESSAGE][INFO] - User set preference: ['prefs', '{download.default_directory=${GlobalVariable.downloadPath}, download_dir=${GlobalVariable.downloadPath}, download.prompt_for_download=false}']

03-01-2024T15:52:39 - [MESSAGE][INFO] - User set preference: ['loggingPrefs', '{browser=ALL}']

03-01-2024T15:52:39 - [MESSAGE][INFO] - Action delay is set to 2 000 milliseconds

03-01-2024T15:52:42 - [MESSAGE][PASSED] - Browser is opened with url: ''

03-01-2024T15:52:42 - [TEST_STEP][PASSED] - driver = getWebDriver(): null

03-01-2024T15:52:43 - [TEST_STEP][PASSED] - wrappedDriver = driver.getWrappedDriver(): null

03-01-2024T15:52:43 - [TEST_STEP][PASSED] - out.println(wrappedDriver.getClass()): null

03-01-2024T15:52:43 - [TEST_STEP][PASSED] - if (class == com.kms.katalon.selenium.driver.CRemoteWebDriver): null

03-01-2024T15:52:43 - [TEST_STEP][PASSED] - else: null

03-01-2024T15:52:43 - [TEST_STEP][PASSED] - DriverName = get("WebUI").get("browserType"): null

03-01-2024T15:52:43 - [TEST_STEP][PASSED] - println("DriverName :" + DriverName): null

03-01-2024T15:52:43 - [TEST_STEP][PASSED] - println("Driverpath :" + RunBrowserConfiguration.get("drivers")): null

03-01-2024T15:52:43 - [TEST_STEP][PASSED] - DriverName = DriverName: null

03-01-2024T15:52:45 - [TEST_STEP][PASSED] - delay(medium_wait): Delayed 3 second(s)

03-01-2024T15:52:45 - [MESSAGE][INFO] - Delaying browser in 3 second(s)

03-01-2024T15:52:48 - [MESSAGE][PASSED] - Delayed 3 second(s)

03-01-2024T15:52:48 - [TEST_STEP][PASSED] - executedBrowser = getExecutedBrowser(): null

03-01-2024T15:52:48 - [TEST_STEP][PASSED] - if (Profiles == "Usager"): null

03-01-2024T15:52:48 - [TEST_STEP][PASSED] - switch (DriverName): null

03-01-2024T15:52:48 - [TEST_STEP][PASSED] - case "CHROME_DRIVER":: null

03-01-2024T15:52:48 - [TEST_STEP][PASSED] - if (EnvExec == "URL_ANEFQualif"): Navigate to 'https://qualif.administration-etrangers-en-france.interieur.gouv.fr/particuliers/#/' successfully

03-01-2024T15:52:48 - [TEST_STEP][PASSED] - navigateToUrl(URL_ANEFQualif): Navigate to 'https://qualif.administration-etrangers-en-france.interieur.gouv.fr/particuliers/#/' successfully

03-01-2024T15:52:48 - [MESSAGE][INFO] - Checking url

03-01-2024T15:52:48 - [MESSAGE][INFO] - Navigating to 'https://qualif.administration-etrangers-en-france.interieur.gouv.fr/particuliers/#/'

03-01-2024T15:53:03 - [MESSAGE][PASSED] - Navigate to 'https://qualif.administration-etrangers-en-france.interieur.gouv.fr/particuliers/#/' successfully

03-01-2024T15:53:03 - [TEST_STEP][PASSED] - if (EnvExec == "URL_ANEFPreProd"): null

03-01-2024T15:53:03 - [TEST_STEP][PASSED] - maximizeWindow(): Current window maximized

03-01-2024T15:53:03 - [MESSAGE][INFO] - Maximizing current window

03-01-2024T15:53:04 - [MESSAGE][PASSED] - Current window maximized

03-01-2024T15:53:04 - [TEST_STEP][PASSED] - System.setProperty("webdriver.chrome.driver", getChromeDriverPath()): null

03-01-2024T15:53:04 - [TEST_STEP][PASSED] - System.setProperty("webdriver.chrome.logfile", getProjectDir() + "/Dump/chromedriver.log"): null

03-01-2024T15:53:04 - [TEST_STEP][PASSED] - callTestCase(findTestCase("Test Reutilisable/Main/Erreur lie a la confidentialite"), [:], STOP_ON_FAILURE): Call Test Case 'Test Cases/Test Reutilisable/Main/Erreur lie a la confidentialite' successfully

03-01-2024T15:53:04 - [MESSAGE][INFO] - Checking called Test Case

03-01-2024T15:53:04 - [MESSAGE][INFO] - Starting to call Test Case 'Test Cases/Test Reutilisable/Main/Erreur lie a la confidentialite'

03-01-2024T15:53:04 - [TEST_CASE][PASSED] - Test Cases/Test Reutilisable/Main/Erreur lie a la confidentialite: Test Cases/Test Reutilisable/Main/Erreur lie a la confidentialite

03-01-2024T15:53:04 - [TEST_STEP][PASSED] - tools.WaitForLoadedPage.waitForElementRendering(): tools.WaitForLoadedPage.waitForElementRendering is PASSED

03-01-2024T15:53:04 - [MESSAGE][PASSED] - tools.WaitForLoadedPage.waitForElementRendering is PASSED

03-01-2024T15:53:04 - [TEST_STEP][PASSED] - "Call Highlight.on() automatically": null

03-01-2024T15:53:04 - [TEST_STEP][PASSED] - DriverName = DriverName: null

03-01-2024T15:53:04 - [TEST_STEP][PASSED] - if (DriverName == "CHROME_DRIVER" || "EDGE_CHROMIUM_DRIVER" || "HEADLESS_DRIVER"): null

03-01-2024T15:53:04 - [TEST_STEP][PASSED] - if (verifyElementPresent(findTestObject("Object Repository/Connexion Usager/Btn_Parametres Avances"), 2, OPTIONAL)): null

03-01-2024T15:53:04 - [MESSAGE][INFO] - Finding Test Object 'Object Repository/Connexion Usager/Btn_Parametres Avances'

03-01-2024T15:53:04 - [MESSAGE][INFO] - Checking object

03-01-2024T15:53:04 - [MESSAGE][INFO] - Finding web element from Test Object's properties

03-01-2024T15:53:04 - [MESSAGE][INFO] - Checking timeout

03-01-2024T15:53:04 - [MESSAGE][INFO] - Finding web element with id: 'Object Repository/Connexion Usager/Btn_Parametres Avances' located by 'By.xpath: //*[@id="details-button"]' in '2' second(s)

03-01-2024T15:53:04 - [MESSAGE][INFO] - Smart Wait Function is triggered

03-01-2024T15:53:05 - [MESSAGE][INFO] - Found 1 web elements with id: 'Object Repository/Connexion Usager/Btn_Parametres Avances' located by 'By.xpath: //*[@id="details-button"]' in '2' second(s)

03-01-2024T15:53:05 - [MESSAGE][PASSED] - Object 'Object Repository/Connexion Usager/Btn_Parametres Avances' is present

03-01-2024T15:53:05 - [TEST_STEP][PASSED] - click(findTestObject("Object Repository/Connexion Usager/Btn_Parametres Avances"), OPTIONAL): Object: 'Object Repository/Connexion Usager/Btn_Parametres Avances' is clicked on

03-01-2024T15:53:05 - [MESSAGE][INFO] - Finding Test Object 'Object Repository/Connexion Usager/Btn_Parametres Avances'

03-01-2024T15:53:05 - [MESSAGE][INFO] - Checking timeout

03-01-2024T15:53:05 - [MESSAGE][INFO] - Finding web element with id: 'Object Repository/Connexion Usager/Btn_Parametres Avances' located by 'By.xpath: //*[@id="details-button"]' in '20' second(s)

03-01-2024T15:53:05 - [MESSAGE][INFO] - Smart Wait Function is triggered

03-01-2024T15:53:05 - [MESSAGE][INFO] - Found 1 web elements with id: 'Object Repository/Connexion Usager/Btn_Parametres Avances' located by 'By.xpath: //*[@id="details-button"]' in '20' second(s)

03-01-2024T15:53:05 - [MESSAGE][INFO] - Checking object

03-01-2024T15:53:05 - [MESSAGE][INFO] - Checking timeout

03-01-2024T15:53:05 - [MESSAGE][INFO] - Finding web element from Test Object's properties

03-01-2024T15:53:05 - [MESSAGE][INFO] - Checking timeout

03-01-2024T15:53:05 - [MESSAGE][INFO] - Finding web element with id: 'Object Repository/Connexion Usager/Btn_Parametres Avances' located by 'By.xpath: //*[@id="details-button"]' in '5' second(s)

03-01-2024T15:53:05 - [MESSAGE][INFO] - Smart Wait Function is triggered

03-01-2024T15:53:05 - [MESSAGE][INFO] - Found 1 web elements with id: 'Object Repository/Connexion Usager/Btn_Parametres Avances' located by 'By.xpath: //*[@id="details-button"]' in '5' second(s)

03-01-2024T15:53:05 - [MESSAGE][INFO] - Clicking on object: 'Object Repository/Connexion Usager/Btn_Parametres Avances'

03-01-2024T15:53:07 - [MESSAGE][PASSED] - Object: 'Object Repository/Connexion Usager/Btn_Parametres Avances' is clicked on

03-01-2024T15:53:07 - [TEST_STEP][PASSED] - click(findTestObject("Object Repository/Connexion Usager/Link_Proceed-Link"), OPTIONAL): Object: 'Object Repository/Connexion Usager/Link_Proceed-Link' is clicked on

03-01-2024T15:53:07 - [MESSAGE][INFO] - Finding Test Object 'Object Repository/Connexion Usager/Link_Proceed-Link'

03-01-2024T15:53:07 - [MESSAGE][INFO] - Checking timeout

03-01-2024T15:53:07 - [MESSAGE][INFO] - Finding web element with id: 'Object Repository/Connexion Usager/Link_Proceed-Link' located by 'By.xpath: //*[@id="proceed-link"]' in '20' second(s)

03-01-2024T15:53:07 - [MESSAGE][INFO] - Smart Wait Function is triggered

03-01-2024T15:53:07 - [MESSAGE][INFO] - Found 1 web elements with id: 'Object Repository/Connexion Usager/Link_Proceed-Link' located by 'By.xpath: //*[@id="proceed-link"]' in '20' second(s)

03-01-2024T15:53:07 - [MESSAGE][INFO] - Checking object

03-01-2024T15:53:07 - [MESSAGE][INFO] - Checking timeout

03-01-2024T15:53:07 - [MESSAGE][INFO] - Finding web element from Test Object's properties

03-01-2024T15:53:07 - [MESSAGE][INFO] - Checking timeout

03-01-2024T15:53:07 - [MESSAGE][INFO] - Finding web element with id: 'Object Repository/Connexion Usager/Link_Proceed-Link' located by 'By.xpath: //*[@id="proceed-link"]' in '5' second(s)

03-01-2024T15:53:07 - [MESSAGE][INFO] - Smart Wait Function is triggered

03-01-2024T15:53:07 - [MESSAGE][INFO] - Found 1 web elements with id: 'Object Repository/Connexion Usager/Link_Proceed-Link' located by 'By.xpath: //*[@id="proceed-link"]' in '5' second(s)

03-01-2024T15:53:07 - [MESSAGE][INFO] - Clicking on object: 'Object Repository/Connexion Usager/Link_Proceed-Link'

03-01-2024T15:53:10 - [MESSAGE][PASSED] - Object: 'Object Repository/Connexion Usager/Link_Proceed-Link' is clicked on

03-01-2024T15:53:10 - [TEST_STEP][PASSED] - if (DriverName == "IE_DRIVER"): null

03-01-2024T15:53:10 - [TEST_STEP][PASSED] - delay(3): Delayed 3 second(s)

03-01-2024T15:53:10 - [MESSAGE][INFO] - Delaying browser in 3 second(s)

03-01-2024T15:53:13 - [MESSAGE][PASSED] - Delayed 3 second(s)

03-01-2024T15:53:13 - [MESSAGE][PASSED] - Call Test Case 'Test Cases/Test Reutilisable/Main/Erreur lie a la confidentialite' successfully

03-01-2024T15:53:13 - [TEST_STEP][PASSED] - delay(5): Delayed 5 second(s)

03-01-2024T15:53:13 - [MESSAGE][INFO] - Delaying browser in 5 second(s)

03-01-2024T15:53:18 - [MESSAGE][PASSED] - Delayed 5 second(s)

03-01-2024T15:53:18 - [TEST_STEP][PASSED] - verifyElementVisible(findTestObject("Object Repository/Connexion Usager/Link_Se Connecter"), STOP_ON_FAILURE): Object 'Object Repository/Connexion Usager/Link_Se Connecter' is visible

03-01-2024T15:53:18 - [MESSAGE][INFO] - Finding Test Object 'Object Repository/Connexion Usager/Link_Se Connecter'

03-01-2024T15:53:19 - [MESSAGE][INFO] - Checking object

03-01-2024T15:53:19 - [MESSAGE][INFO] - Finding web element from Test Object's properties

03-01-2024T15:53:19 - [MESSAGE][INFO] - Checking timeout

03-01-2024T15:53:19 - [MESSAGE][INFO] - Finding web element with id: 'Object Repository/Connexion Usager/Link_Se Connecter' located by 'By.xpath: //*[@id="connexion_link"]' in '5' second(s)

03-01-2024T15:53:19 - [MESSAGE][INFO] - Smart Wait Function is triggered

03-01-2024T15:53:19 - [MESSAGE][INFO] - Found 1 web elements with id: 'Object Repository/Connexion Usager/Link_Se Connecter' located by 'By.xpath: //*[@id="connexion_link"]' in '5' second(s)

03-01-2024T15:53:19 - [MESSAGE][PASSED] - Object 'Object Repository/Connexion Usager/Link_Se Connecter' is visible

03-01-2024T15:53:19 - [TEST_STEP][PASSED] - break: null

03-01-2024T15:53:19 - [TEST_STEP][PASSED] - if (Profiles == "Agent"): null

03-01-2024T15:53:19 - [TEST_STEP][PASSED] - else: null

03-01-2024T15:53:19 - [TEST_STEP][PASSED] - println("Vérifier le Portail de votre connexion Usager ou Agent"): null

03-01-2024T15:53:19 - [MESSAGE][PASSED] - Call Test Case 'Test Cases/Test Reutilisable/Main/Lancer URL ANEF' successfully

03-01-2024T15:53:19 - [TEST_STEP][PASSED] - if (StopTestCase == false): null

03-01-2024T15:53:19 - [TEST_STEP][PASSED] - callTestCase(findTestCase("Test Reutilisable/Main/Identification"), ["Profiles":"Usager", "NumEtrangerVisa":NumEtrangerVisa, "EnvExec":"EnvExec"], STOP_ON_FAILURE): Call Test Case 'Test Cases/Test Reutilisable/Main/Identification' successfully

03-01-2024T15:53:19 - [MESSAGE][INFO] - Checking called Test Case

03-01-2024T15:53:19 - [MESSAGE][INFO] - Starting to call Test Case 'Test Cases/Test Reutilisable/Main/Identification'

03-01-2024T15:53:19 - [TEST_CASE][PASSED] - Test Cases/Test Reutilisable/Main/Identification: Test Cases/Test Reutilisable/Main/Identification

03-01-2024T15:53:19 - [TEST_STEP][PASSED] - if (Profiles == "Usager"): Object 'Object Repository/Page_Accueil_Usager/Span_MesNotifications' is present

03-01-2024T15:53:19 - [TEST_STEP][PASSED] - delay(5): Delayed 5 second(s)

03-01-2024T15:53:19 - [MESSAGE][INFO] - Delaying browser in 5 second(s)

03-01-2024T15:53:24 - [MESSAGE][PASSED] - Delayed 5 second(s)

03-01-2024T15:53:24 - [TEST_STEP][PASSED] - click(findTestObject("Object Repository/Connexion Usager/Link_Se Connecter")): Object: 'Object Repository/Connexion Usager/Link_Se Connecter' is clicked on

03-01-2024T15:53:24 - [MESSAGE][INFO] - Finding Test Object 'Object Repository/Connexion Usager/Link_Se Connecter'

03-01-2024T15:53:24 - [MESSAGE][INFO] - Checking timeout

03-01-2024T15:53:24 - [MESSAGE][INFO] - Finding web element with id: 'Object Repository/Connexion Usager/Link_Se Connecter' located by 'By.xpath: //*[@id="connexion_link"]' in '20' second(s)

03-01-2024T15:53:24 - [MESSAGE][INFO] - Smart Wait Function is triggered

03-01-2024T15:53:24 - [MESSAGE][INFO] - Found 1 web elements with id: 'Object Repository/Connexion Usager/Link_Se Connecter' located by 'By.xpath: //*[@id="connexion_link"]' in '20' second(s)

03-01-2024T15:53:24 - [MESSAGE][INFO] - Checking object

03-01-2024T15:53:24 - [MESSAGE][INFO] - Checking timeout

03-01-2024T15:53:24 - [MESSAGE][INFO] - Finding web element from Test Object's properties

03-01-2024T15:53:24 - [MESSAGE][INFO] - Checking timeout

03-01-2024T15:53:24 - [MESSAGE][INFO] - Finding web element with id: 'Object Repository/Connexion Usager/Link_Se Connecter' located by 'By.xpath: //*[@id="connexion_link"]' in '5' second(s)

03-01-2024T15:53:24 - [MESSAGE][INFO] - Smart Wait Function is triggered

03-01-2024T15:53:24 - [MESSAGE][INFO] - Found 1 web elements with id: 'Object Repository/Connexion Usager/Link_Se Connecter' located by 'By.xpath: //*[@id="connexion_link"]' in '5' second(s)

03-01-2024T15:53:24 - [MESSAGE][INFO] - Clicking on object: 'Object Repository/Connexion Usager/Link_Se Connecter'

03-01-2024T15:53:27 - [MESSAGE][PASSED] - Object: 'Object Repository/Connexion Usager/Link_Se Connecter' is clicked on

03-01-2024T15:53:27 - [TEST_STEP][PASSED] - callTestCase(findTestCase("Test Reutilisable/Main/Erreur lie a la confidentialite"), [:], STOP_ON_FAILURE): Call Test Case 'Test Cases/Test Reutilisable/Main/Erreur lie a la confidentialite' successfully

03-01-2024T15:53:27 - [MESSAGE][INFO] - Checking called Test Case

03-01-2024T15:53:27 - [MESSAGE][INFO] - Starting to call Test Case 'Test Cases/Test Reutilisable/Main/Erreur lie a la confidentialite'

03-01-2024T15:53:27 - [TEST_CASE][PASSED] - Test Cases/Test Reutilisable/Main/Erreur lie a la confidentialite: Test Cases/Test Reutilisable/Main/Erreur lie a la confidentialite

03-01-2024T15:53:27 - [TEST_STEP][PASSED] - tools.WaitForLoadedPage.waitForElementRendering(): tools.WaitForLoadedPage.waitForElementRendering is PASSED

03-01-2024T15:53:27 - [MESSAGE][PASSED] - tools.WaitForLoadedPage.waitForElementRendering is PASSED

03-01-2024T15:53:27 - [TEST_STEP][PASSED] - "Call Highlight.on() automatically": null

03-01-2024T15:53:27 - [TEST_STEP][PASSED] - DriverName = DriverName: null

03-01-2024T15:53:27 - [TEST_STEP][PASSED] - if (DriverName == "CHROME_DRIVER" || "EDGE_CHROMIUM_DRIVER" || "HEADLESS_DRIVER"): null

03-01-2024T15:53:27 - [TEST_STEP][PASSED] - if (verifyElementPresent(findTestObject("Object Repository/Connexion Usager/Btn_Parametres Avances"), 2, OPTIONAL)): null

03-01-2024T15:53:27 - [MESSAGE][INFO] - Finding Test Object 'Object Repository/Connexion Usager/Btn_Parametres Avances'

03-01-2024T15:53:27 - [MESSAGE][INFO] - Checking object

03-01-2024T15:53:27 - [MESSAGE][INFO] - Finding web element from Test Object's properties

03-01-2024T15:53:27 - [MESSAGE][INFO] - Checking timeout

03-01-2024T15:53:27 - [MESSAGE][INFO] - Finding web element with id: 'Object Repository/Connexion Usager/Btn_Parametres Avances' located by 'By.xpath: //*[@id="details-button"]' in '2' second(s)

03-01-2024T15:53:27 - [MESSAGE][INFO] - Smart Wait Function is triggered

03-01-2024T15:53:27 - [MESSAGE][INFO] - Found 1 web elements with id: 'Object Repository/Connexion Usager/Btn_Parametres Avances' located by 'By.xpath: //*[@id="details-button"]' in '2' second(s)

03-01-2024T15:53:27 - [MESSAGE][PASSED] - Object 'Object Repository/Connexion Usager/Btn_Parametres Avances' is present

03-01-2024T15:53:27 - [TEST_STEP][PASSED] - click(findTestObject("Object Repository/Connexion Usager/Btn_Parametres Avances"), OPTIONAL): Object: 'Object Repository/Connexion Usager/Btn_Parametres Avances' is clicked on

03-01-2024T15:53:27 - [MESSAGE][INFO] - Finding Test Object 'Object Repository/Connexion Usager/Btn_Parametres Avances'

03-01-2024T15:53:27 - [MESSAGE][INFO] - Checking timeout

03-01-2024T15:53:27 - [MESSAGE][INFO] - Finding web element with id: 'Object Repository/Connexion Usager/Btn_Parametres Avances' located by 'By.xpath: //*[@id="details-button"]' in '20' second(s)

03-01-2024T15:53:27 - [MESSAGE][INFO] - Smart Wait Function is triggered

03-01-2024T15:53:27 - [MESSAGE][INFO] - Found 1 web elements with id: 'Object Repository/Connexion Usager/Btn_Parametres Avances' located by 'By.xpath: //*[@id="details-button"]' in '20' second(s)

03-01-2024T15:53:27 - [MESSAGE][INFO] - Checking object

03-01-2024T15:53:27 - [MESSAGE][INFO] - Checking timeout

03-01-2024T15:53:27 - [MESSAGE][INFO] - Finding web element from Test Object's properties

03-01-2024T15:53:27 - [MESSAGE][INFO] - Checking timeout

03-01-2024T15:53:27 - [MESSAGE][INFO] - Finding web element with id: 'Object Repository/Connexion Usager/Btn_Parametres Avances' located by 'By.xpath: //*[@id="details-button"]' in '5' second(s)

03-01-2024T15:53:27 - [MESSAGE][INFO] - Smart Wait Function is triggered

03-01-2024T15:53:27 - [MESSAGE][INFO] - Found 1 web elements with id: 'Object Repository/Connexion Usager/Btn_Parametres Avances' located by 'By.xpath: //*[@id="details-button"]' in '5' second(s)

03-01-2024T15:53:27 - [MESSAGE][INFO] - Clicking on object: 'Object Repository/Connexion Usager/Btn_Parametres Avances'

03-01-2024T15:53:29 - [MESSAGE][PASSED] - Object: 'Object Repository/Connexion Usager/Btn_Parametres Avances' is clicked on

03-01-2024T15:53:29 - [TEST_STEP][PASSED] - click(findTestObject("Object Repository/Connexion Usager/Link_Proceed-Link"), OPTIONAL): Object: 'Object Repository/Connexion Usager/Link_Proceed-Link' is clicked on

03-01-2024T15:53:29 - [MESSAGE][INFO] - Finding Test Object 'Object Repository/Connexion Usager/Link_Proceed-Link'

03-01-2024T15:53:29 - [MESSAGE][INFO] - Checking timeout

03-01-2024T15:53:29 - [MESSAGE][INFO] - Finding web element with id: 'Object Repository/Connexion Usager/Link_Proceed-Link' located by 'By.xpath: //*[@id="proceed-link"]' in '20' second(s)

03-01-2024T15:53:29 - [MESSAGE][INFO] - Smart Wait Function is triggered

03-01-2024T15:53:29 - [MESSAGE][INFO] - Found 1 web elements with id: 'Object Repository/Connexion Usager/Link_Proceed-Link' located by 'By.xpath: //*[@id="proceed-link"]' in '20' second(s)

03-01-2024T15:53:29 - [MESSAGE][INFO] - Checking object

03-01-2024T15:53:29 - [MESSAGE][INFO] - Checking timeout

03-01-2024T15:53:29 - [MESSAGE][INFO] - Finding web element from Test Object's properties

03-01-2024T15:53:29 - [MESSAGE][INFO] - Checking timeout

03-01-2024T15:53:29 - [MESSAGE][INFO] - Finding web element with id: 'Object Repository/Connexion Usager/Link_Proceed-Link' located by 'By.xpath: //*[@id="proceed-link"]' in '5' second(s)

03-01-2024T15:53:29 - [MESSAGE][INFO] - Smart Wait Function is triggered

03-01-2024T15:53:29 - [MESSAGE][INFO] - Found 1 web elements with id: 'Object Repository/Connexion Usager/Link_Proceed-Link' located by 'By.xpath: //*[@id="proceed-link"]' in '5' second(s)

03-01-2024T15:53:29 - [MESSAGE][INFO] - Clicking on object: 'Object Repository/Connexion Usager/Link_Proceed-Link'

03-01-2024T15:53:33 - [MESSAGE][PASSED] - Object: 'Object Repository/Connexion Usager/Link_Proceed-Link' is clicked on

03-01-2024T15:53:33 - [TEST_STEP][PASSED] - if (DriverName == "IE_DRIVER"): null

03-01-2024T15:53:33 - [TEST_STEP][PASSED] - delay(3): Delayed 3 second(s)

03-01-2024T15:53:33 - [MESSAGE][INFO] - Delaying browser in 3 second(s)

03-01-2024T15:53:36 - [MESSAGE][PASSED] - Delayed 3 second(s)

03-01-2024T15:53:36 - [MESSAGE][PASSED] - Call Test Case 'Test Cases/Test Reutilisable/Main/Erreur lie a la confidentialite' successfully

03-01-2024T15:53:36 - [TEST_STEP][PASSED] - delay(5): Delayed 5 second(s)

03-01-2024T15:53:36 - [MESSAGE][INFO] - Delaying browser in 5 second(s)

03-01-2024T15:53:41 - [MESSAGE][PASSED] - Delayed 5 second(s)

03-01-2024T15:53:41 - [TEST_STEP][PASSED] - setText(findTestObject("Object Repository/Connexion Usager/Input_Identifiant"), NumEtrangerVisa): Text '7703043876' is set on object 'Object Repository/Connexion Usager/Input_Identifiant'

03-01-2024T15:53:41 - [MESSAGE][INFO] - Finding Test Object 'Object Repository/Connexion Usager/Input_Identifiant'

03-01-2024T15:53:41 - [MESSAGE][INFO] - Checking timeout

03-01-2024T15:53:41 - [MESSAGE][INFO] - Finding web element with id: 'Object Repository/Connexion Usager/Input_Identifiant' located by 'By.xpath: //*[@id="login"]' in '20' second(s)

03-01-2024T15:53:41 - [MESSAGE][INFO] - Smart Wait Function is triggered

03-01-2024T15:53:41 - [MESSAGE][INFO] - Found 1 web elements with id: 'Object Repository/Connexion Usager/Input_Identifiant' located by 'By.xpath: //*[@id="login"]' in '20' second(s)

03-01-2024T15:53:41 - [MESSAGE][INFO] - Checking object

03-01-2024T15:53:41 - [MESSAGE][INFO] - Checking text

03-01-2024T15:53:41 - [MESSAGE][INFO] - Finding web element from Test Object's properties

03-01-2024T15:53:41 - [MESSAGE][INFO] - Checking timeout

03-01-2024T15:53:41 - [MESSAGE][INFO] - Finding web element with id: 'Object Repository/Connexion Usager/Input_Identifiant' located by 'By.xpath: //*[@id="login"]' in '5' second(s)

03-01-2024T15:53:41 - [MESSAGE][INFO] - Smart Wait Function is triggered

03-01-2024T15:53:41 - [MESSAGE][INFO] - Found 1 web elements with id: 'Object Repository/Connexion Usager/Input_Identifiant' located by 'By.xpath: //*[@id="login"]' in '5' second(s)

03-01-2024T15:53:41 - [MESSAGE][INFO] - Clearing text of object 'Object Repository/Connexion Usager/Input_Identifiant'

03-01-2024T15:53:43 - [MESSAGE][INFO] - Finding web element from Test Object's properties

03-01-2024T15:53:43 - [MESSAGE][INFO] - Checking timeout

03-01-2024T15:53:43 - [MESSAGE][INFO] - Finding web element with id: 'Object Repository/Connexion Usager/Input_Identifiant' located by 'By.xpath: //*[@id="login"]' in '5' second(s)

03-01-2024T15:53:43 - [MESSAGE][INFO] - Smart Wait Function is triggered

03-01-2024T15:53:43 - [MESSAGE][INFO] - Found 1 web elements with id: 'Object Repository/Connexion Usager/Input_Identifiant' located by 'By.xpath: //*[@id="login"]' in '5' second(s)

03-01-2024T15:53:43 - [MESSAGE][INFO] - Setting text of object 'Object Repository/Connexion Usager/Input_Identifiant' to value '7703043876'

03-01-2024T15:53:45 - [MESSAGE][PASSED] - Text '7703043876' is set on object 'Object Repository/Connexion Usager/Input_Identifiant'

03-01-2024T15:53:45 - [TEST_STEP][PASSED] - NumEtrangerVisa = NumEtrangerVisa: null

03-01-2024T15:53:45 - [TEST_STEP][PASSED] - setEncryptedText(findTestObject("Object Repository/Connexion Usager/Input_MDP"), Password): Text ****** has been set on object 'Object Repository/Connexion Usager/Input_MDP'

03-01-2024T15:53:45 - [MESSAGE][INFO] - Finding Test Object 'Object Repository/Connexion Usager/Input_MDP'

03-01-2024T15:53:45 - [MESSAGE][INFO] - Checking timeout

03-01-2024T15:53:45 - [MESSAGE][INFO] - Finding web element with id: 'Object Repository/Connexion Usager/Input_MDP' located by 'By.xpath: //*[@id="password"]' in '20' second(s)

03-01-2024T15:53:45 - [MESSAGE][INFO] - Smart Wait Function is triggered

03-01-2024T15:53:45 - [MESSAGE][INFO] - Found 1 web elements with id: 'Object Repository/Connexion Usager/Input_MDP' located by 'By.xpath: //*[@id="password"]' in '20' second(s)

03-01-2024T15:53:45 - [MESSAGE][INFO] - Checking object

03-01-2024T15:53:45 - [MESSAGE][INFO] - Checking text

03-01-2024T15:53:45 - [MESSAGE][INFO] - Finding web element from Test Object's properties

03-01-2024T15:53:45 - [MESSAGE][INFO] - Checking timeout

03-01-2024T15:53:45 - [MESSAGE][INFO] - Finding web element with id: 'Object Repository/Connexion Usager/Input_MDP' located by 'By.xpath: //*[@id="password"]' in '5' second(s)

03-01-2024T15:53:45 - [MESSAGE][INFO] - Smart Wait Function is triggered

03-01-2024T15:53:45 - [MESSAGE][INFO] - Found 1 web elements with id: 'Object Repository/Connexion Usager/Input_MDP' located by 'By.xpath: //*[@id="password"]' in '5' second(s)

03-01-2024T15:53:45 - [MESSAGE][INFO] - Clearing text of object 'Object Repository/Connexion Usager/Input_MDP'

03-01-2024T15:53:47 - [MESSAGE][INFO] - Setting  text of object 'Object Repository/Connexion Usager/Input_MDP' to value ******

03-01-2024T15:53:49 - [MESSAGE][PASSED] - Text ****** has been set on object 'Object Repository/Connexion Usager/Input_MDP'

03-01-2024T15:53:49 - [TEST_STEP][PASSED] - click(findTestObject("Object Repository/Connexion Usager/btn_Sidentifier")): Object: 'Object Repository/Connexion Usager/btn_Sidentifier' is clicked on

03-01-2024T15:53:49 - [MESSAGE][INFO] - Finding Test Object 'Object Repository/Connexion Usager/btn_Sidentifier'

03-01-2024T15:53:49 - [MESSAGE][INFO] - Checking timeout

03-01-2024T15:53:49 - [MESSAGE][INFO] - Finding web element with id: 'Object Repository/Connexion Usager/btn_Sidentifier' located by 'By.xpath: //*[@type= 'submit']' in '20' second(s)

03-01-2024T15:53:49 - [MESSAGE][INFO] - Smart Wait Function is triggered

03-01-2024T15:53:49 - [MESSAGE][INFO] - Found 1 web elements with id: 'Object Repository/Connexion Usager/btn_Sidentifier' located by 'By.xpath: //*[@type= 'submit']' in '20' second(s)

03-01-2024T15:53:49 - [MESSAGE][INFO] - Checking object

03-01-2024T15:53:49 - [MESSAGE][INFO] - Checking timeout

03-01-2024T15:53:49 - [MESSAGE][INFO] - Finding web element from Test Object's properties

03-01-2024T15:53:49 - [MESSAGE][INFO] - Checking timeout

03-01-2024T15:53:49 - [MESSAGE][INFO] - Finding web element with id: 'Object Repository/Connexion Usager/btn_Sidentifier' located by 'By.xpath: //*[@type= 'submit']' in '5' second(s)

03-01-2024T15:53:49 - [MESSAGE][INFO] - Smart Wait Function is triggered

03-01-2024T15:53:49 - [MESSAGE][INFO] - Found 1 web elements with id: 'Object Repository/Connexion Usager/btn_Sidentifier' located by 'By.xpath: //*[@type= 'submit']' in '5' second(s)

03-01-2024T15:53:49 - [MESSAGE][INFO] - Clicking on object: 'Object Repository/Connexion Usager/btn_Sidentifier'

03-01-2024T15:53:53 - [MESSAGE][PASSED] - Object: 'Object Repository/Connexion Usager/btn_Sidentifier' is clicked on

03-01-2024T15:53:53 - [TEST_STEP][PASSED] - delay(15): Delayed 15 second(s)

03-01-2024T15:53:53 - [MESSAGE][INFO] - Delaying browser in 15 second(s)

03-01-2024T15:54:08 - [MESSAGE][PASSED] - Delayed 15 second(s)

03-01-2024T15:54:08 - [TEST_STEP][PASSED] - verifyElementPresent(findTestObject("Object Repository/Page_Accueil_Usager/Span_MesNotifications"), 2, STOP_ON_FAILURE): Object 'Object Repository/Page_Accueil_Usager/Span_MesNotifications' is present

03-01-2024T15:54:08 - [MESSAGE][INFO] - Finding Test Object 'Object Repository/Page_Accueil_Usager/Span_MesNotifications'

03-01-2024T15:54:08 - [MESSAGE][INFO] - Checking object

03-01-2024T15:54:08 - [MESSAGE][INFO] - Finding web element from Test Object's properties

03-01-2024T15:54:08 - [MESSAGE][INFO] - Checking timeout

03-01-2024T15:54:08 - [MESSAGE][INFO] - Finding web element with id: 'Object Repository/Page_Accueil_Usager/Span_MesNotifications' located by 'By.xpath: //*[@id="navBar-new"]/nav/div[3]/div/div/ul/li[1]/a/span' in '2' second(s)

03-01-2024T15:54:08 - [MESSAGE][INFO] - Smart Wait Function is triggered

03-01-2024T15:54:08 - [MESSAGE][INFO] - Found 1 web elements with id: 'Object Repository/Page_Accueil_Usager/Span_MesNotifications' located by 'By.xpath: //*[@id="navBar-new"]/nav/div[3]/div/div/ul/li[1]/a/span' in '2' second(s)

03-01-2024T15:54:08 - [MESSAGE][PASSED] - Object 'Object Repository/Page_Accueil_Usager/Span_MesNotifications' is present

03-01-2024T15:54:08 - [TEST_STEP][PASSED] - if (Profiles == "Agent"): null

03-01-2024T15:54:08 - [TEST_STEP][PASSED] - else: null

03-01-2024T15:54:08 - [TEST_STEP][PASSED] - println("Vérifier le Portail de votre connexion Usager ou Agent"): null

03-01-2024T15:54:08 - [MESSAGE][PASSED] - Call Test Case 'Test Cases/Test Reutilisable/Main/Identification' successfully

03-01-2024T15:54:08 - [TEST_STEP][PASSED] - callTestCase(findTestCase("Test Reutilisable/DemandeOuRenouvelle_TitreSejour/DemandeOuRenouvelleTitreSejour"), ["ChangementSituation":ChangementSituation], STOP_ON_FAILURE): Call Test Case 'Test Cases/Test Reutilisable/DemandeOuRenouvelle_TitreSejour/DemandeOuRenouvelleTitreSejour' successfully

03-01-2024T15:54:08 - [MESSAGE][INFO] - Checking called Test Case

03-01-2024T15:54:08 - [MESSAGE][INFO] - Starting to call Test Case 'Test Cases/Test Reutilisable/DemandeOuRenouvelle_TitreSejour/DemandeOuRenouvelleTitreSejour'

03-01-2024T15:54:08 - [TEST_CASE][PASSED] - Test Cases/Test Reutilisable/DemandeOuRenouvelle_TitreSejour/DemandeOuRenouvelleTitreSejour: Test Cases/Test Reutilisable/DemandeOuRenouvelle_TitreSejour/DemandeOuRenouvelleTitreSejour

03-01-2024T15:54:09 - [TEST_STEP][PASSED] - com.kazurayam.ksbackyard.HighlightElement.pandemic(): com.kazurayam.ksbackyard.HighlightElement.pandemic is PASSED

03-01-2024T15:54:09 - [MESSAGE][PASSED] - com.kazurayam.ksbackyard.HighlightElement.pandemic is PASSED

03-01-2024T15:54:09 - [TEST_STEP][PASSED] - delay(3): Delayed 3 second(s)

03-01-2024T15:54:09 - [MESSAGE][INFO] - Delaying browser in 3 second(s)

03-01-2024T15:54:12 - [MESSAGE][PASSED] - Delayed 3 second(s)

03-01-2024T15:54:12 - [TEST_STEP][PASSED] - if (ChangementSituation == "Non"): null

03-01-2024T15:54:12 - [TEST_STEP][PASSED] - doubleClick(findTestObject("Object Repository/Page_Accueil_Usager/btn_DemandeOuRenouvelleTitreSejour")): Object: 'Object Repository/Page_Accueil_Usager/btn_DemandeOuRenouvelleTitreSejour' is double clicked on

03-01-2024T15:54:12 - [MESSAGE][INFO] - Finding Test Object 'Object Repository/Page_Accueil_Usager/btn_DemandeOuRenouvelleTitreSejour'

03-01-2024T15:54:12 - [MESSAGE][INFO] - Checking object

03-01-2024T15:54:12 - [MESSAGE][INFO] - Finding web element from Test Object's properties

03-01-2024T15:54:12 - [MESSAGE][INFO] - Checking timeout

03-01-2024T15:54:12 - [MESSAGE][INFO] - Finding web element with id: 'Object Repository/Page_Accueil_Usager/btn_DemandeOuRenouvelleTitreSejour' located by 'By.xpath: //app-portal//app-portal-root/app-default-root-content/div/div/anef-tile[1]/a/span/span[2]' in '5' second(s)

03-01-2024T15:54:12 - [MESSAGE][INFO] - Smart Wait Function is triggered

03-01-2024T15:54:12 - [MESSAGE][INFO] - Found 1 web elements with id: 'Object Repository/Page_Accueil_Usager/btn_DemandeOuRenouvelleTitreSejour' located by 'By.xpath: //app-portal//app-portal-root/app-default-root-content/div/div/anef-tile[1]/a/span/span[2]' in '5' second(s)

03-01-2024T15:54:12 - [MESSAGE][INFO] - Double clicking on object: 'Object Repository/Page_Accueil_Usager/btn_DemandeOuRenouvelleTitreSejour'

03-01-2024T15:54:12 - [MESSAGE][PASSED] - Object: 'Object Repository/Page_Accueil_Usager/btn_DemandeOuRenouvelleTitreSejour' is double clicked on

03-01-2024T15:54:12 - [TEST_STEP][PASSED] - delay(3): Delayed 3 second(s)

03-01-2024T15:54:12 - [MESSAGE][INFO] - Delaying browser in 3 second(s)

03-01-2024T15:54:15 - [MESSAGE][PASSED] - Delayed 3 second(s)

03-01-2024T15:54:15 - [TEST_STEP][PASSED] - switch (PourQui): null

03-01-2024T15:54:15 - [TEST_STEP][PASSED] - case "Moi-même":: null

03-01-2024T15:54:15 - [TEST_STEP][PASSED] - check(findTestObject("Object Repository/Page_Accueil_Usager/CheckBox_Moi-meme")): Object 'Object Repository/Page_Accueil_Usager/CheckBox_Moi-meme' is checked

03-01-2024T15:54:15 - [MESSAGE][INFO] - Finding Test Object 'Object Repository/Page_Accueil_Usager/CheckBox_Moi-meme'

03-01-2024T15:54:15 - [MESSAGE][INFO] - Checking object

03-01-2024T15:54:15 - [MESSAGE][INFO] - Finding web element from Test Object's properties

03-01-2024T15:54:15 - [MESSAGE][INFO] - Checking timeout

03-01-2024T15:54:15 - [MESSAGE][INFO] - Finding web element with id: 'Object Repository/Page_Accueil_Usager/CheckBox_Moi-meme' located by 'By.xpath: //*/div[1]/app-radio-tree-button/div/p-radiobutton/div/div[2]/span' in '5' second(s)

03-01-2024T15:54:15 - [MESSAGE][INFO] - Smart Wait Function is triggered

03-01-2024T15:54:15 - [MESSAGE][INFO] - Found 1 web elements with id: 'Object Repository/Page_Accueil_Usager/CheckBox_Moi-meme' located by 'By.xpath: //*/div[1]/app-radio-tree-button/div/p-radiobutton/div/div[2]/span' in '5' second(s)

03-01-2024T15:54:15 - [MESSAGE][INFO] - Checking on bject 'Object Repository/Page_Accueil_Usager/CheckBox_Moi-meme'

03-01-2024T15:54:17 - [MESSAGE][PASSED] - Object 'Object Repository/Page_Accueil_Usager/CheckBox_Moi-meme' is checked

03-01-2024T15:54:17 - [TEST_STEP][PASSED] - break: null

03-01-2024T15:54:17 - [TEST_STEP][PASSED] - click(findTestObject("Object Repository/Page_Accueil_Usager/btn_JeContinue"), OPTIONAL): Object: 'Object Repository/Page_Accueil_Usager/btn_JeContinue' is clicked on

03-01-2024T15:54:17 - [MESSAGE][INFO] - Finding Test Object 'Object Repository/Page_Accueil_Usager/btn_JeContinue'

03-01-2024T15:54:17 - [MESSAGE][INFO] - Checking timeout

03-01-2024T15:54:17 - [MESSAGE][INFO] - Finding web element with id: 'Object Repository/Page_Accueil_Usager/btn_JeContinue' located by 'By.xpath: //*[@ng-reflect-label='Je continue']|/html/body/app-root/div/app-portal/main/app-triage-demandeur/div/div/div/form/div[2]/button/span' in '20' second(s)

03-01-2024T15:54:17 - [MESSAGE][INFO] - Smart Wait Function is triggered

03-01-2024T15:54:17 - [MESSAGE][INFO] - Found 2 web elements with id: 'Object Repository/Page_Accueil_Usager/btn_JeContinue' located by 'By.xpath: //*[@ng-reflect-label='Je continue']|/html/body/app-root/div/app-portal/main/app-triage-demandeur/div/div/div/form/div[2]/button/span' in '20' second(s)

03-01-2024T15:54:17 - [MESSAGE][INFO] - Checking object

03-01-2024T15:54:17 - [MESSAGE][INFO] - Checking timeout

03-01-2024T15:54:17 - [MESSAGE][INFO] - Finding web element from Test Object's properties

03-01-2024T15:54:17 - [MESSAGE][INFO] - Checking timeout

03-01-2024T15:54:17 - [MESSAGE][INFO] - Finding web element with id: 'Object Repository/Page_Accueil_Usager/btn_JeContinue' located by 'By.xpath: //*[@ng-reflect-label='Je continue']|/html/body/app-root/div/app-portal/main/app-triage-demandeur/div/div/div/form/div[2]/button/span' in '5' second(s)

03-01-2024T15:54:17 - [MESSAGE][INFO] - Smart Wait Function is triggered

03-01-2024T15:54:18 - [MESSAGE][INFO] - Found 2 web elements with id: 'Object Repository/Page_Accueil_Usager/btn_JeContinue' located by 'By.xpath: //*[@ng-reflect-label='Je continue']|/html/body/app-root/div/app-portal/main/app-triage-demandeur/div/div/div/form/div[2]/button/span' in '5' second(s)

03-01-2024T15:54:18 - [MESSAGE][INFO] - Clicking on object: 'Object Repository/Page_Accueil_Usager/btn_JeContinue'

03-01-2024T15:54:20 - [MESSAGE][PASSED] - Object: 'Object Repository/Page_Accueil_Usager/btn_JeContinue' is clicked on

03-01-2024T15:54:20 - [TEST_STEP][PASSED] - if (ChangementSituation == "Non"): Call Test Case 'Test Cases/Test Reutilisable/Main/Verif_PopUpVotreTitreEstExpiréDepuis9Mois' successfully

03-01-2024T15:54:20 - [TEST_STEP][PASSED] - callTestCase(findTestCase("Test Cases/Test Reutilisable/Main/Verif_PopUpVotreTitreEstExpiréDepuis9Mois"), [:], STOP_ON_FAILURE): Call Test Case 'Test Cases/Test Reutilisable/Main/Verif_PopUpVotreTitreEstExpiréDepuis9Mois' successfully

03-01-2024T15:54:20 - [MESSAGE][INFO] - Checking called Test Case

03-01-2024T15:54:20 - [MESSAGE][INFO] - Starting to call Test Case 'Test Cases/Test Reutilisable/Main/Verif_PopUpVotreTitreEstExpiréDepuis9Mois'

03-01-2024T15:54:20 - [TEST_CASE][PASSED] - Test Cases/Test Reutilisable/Main/Verif_PopUpVotreTitreEstExpiréDepuis9Mois: Test Cases/Test Reutilisable/Main/Verif_PopUpVotreTitreEstExpiréDepuis9Mois

03-01-2024T15:54:20 - [TEST_STEP][PASSED] - "Vérification s il y a un message Erreur :Votre Titre De séjour est Expiré Depuis 9 Mois.": null

03-01-2024T15:54:20 - [TEST_STEP][PASSED] - MsgAlertPresent = verifyElementPresent(findTestObject("Object Repository/Page_Accueil_Usager/Verif_PopUpVotreTitreDeSejourEstExpireDepuis9Mois"), 1, OPTIONAL): com.kms.katalon.core.webui.exception.WebElementNotFoundException: Web element with id: 'Object Repository/Page_Accueil_Usager/Verif_PopUpVotreTitreDeSejourEstExpireDepuis9Mois' located by '/html/body/app-root/div/app-portal/main/app-theme-v2/div/app-triage/div/div/div/form/div[1]/div/p-message/div/span[2]/strong[1]' not found (Root cause: com.kms.katalon.core.exception.StepFailedException: com.kms.katalon.core.webui.exception.WebElementNotFoundException: Web element with id: 'Object Repository/Page_Accueil_Usager/Verif_PopUpVotreTitreDeSejourEstExpireDepuis9Mois' located by '/html/body/app-root/div/app-portal/main/app-theme-v2/div/app-triage/div/div/div/form/div[1]/div/p-message/div/span[2]/strong[1]' not found
	at com.kms.katalon.core.webui.keyword.internal.WebUIKeywordMain.stepFailed(WebUIKeywordMain.groovy:64)
	at com.kms.katalon.core.webui.keyword.builtin.VerifyElementPresentKeyword$_verifyElementPresent_closure1.doCall(VerifyElementPresentKeyword.groovy:85)
	at com.kms.katalon.core.webui.keyword.builtin.VerifyElementPresentKeyword$_verifyElementPresent_closure1.call(VerifyElementPresentKeyword.groovy)
	at com.kms.katalon.core.webui.keyword.internal.WebUIKeywordMain.runKeyword(WebUIKeywordMain.groovy:20)
	at com.kms.katalon.core.webui.keyword.builtin.VerifyElementPresentKeyword.verifyElementPresent(VerifyElementPresentKeyword.groovy:92)
	at com.kms.katalon.core.webui.keyword.builtin.VerifyElementPresentKeyword.execute(VerifyElementPresentKeyword.groovy:68)
	at com.kms.katalon.core.keyword.internal.KeywordExecutor.executeKeywordForPlatform(KeywordExecutor.groovy:74)
	at com.kms.katalon.core.webui.keyword.WebUiBuiltInKeywords.verifyElementPresent(WebUiBuiltInKeywords.groovy:1487)
	at java.base/jdk.internal.reflect.NativeMethodAccessorImpl.invoke0(Native Method)
	at java.base/jdk.internal.reflect.NativeMethodAccessorImpl.invoke(NativeMethodAccessorImpl.java:77)
	at java.base/jdk.internal.reflect.DelegatingMethodAccessorImpl.invoke(DelegatingMethodAccessorImpl.java:43)
	at com.kazurayam.ksbackyard.HighlightElement$_pandemic_closure1.doCall(HighlightElement.groovy:105)
	at jdk.internal.reflect.GeneratedMethodAccessor5.invoke(Unknown Source)
	at java.base/jdk.internal.reflect.DelegatingMethodAccessorImpl.invoke(DelegatingMethodAccessorImpl.java:43)
	at Verif_PopUpVotreTitreEstExpiréDepuis9Mois.run(Verif_PopUpVotreTitreEstExpiréDepuis9Mois:28)
	at com.kms.katalon.core.main.ScriptEngine.run(ScriptEngine.java:194)
	at com.kms.katalon.core.main.ScriptEngine.runScriptAsRawText(ScriptEngine.java:119)
	at com.kms.katalon.core.main.TestCaseExecutor.runScript(TestCaseExecutor.java:448)
	at com.kms.katalon.core.main.TestCaseExecutor.doExecute(TestCaseExecutor.java:439)
	at com.kms.katalon.core.main.TestCaseExecutor.processExecutionPhase(TestCaseExecutor.java:418)
	at com.kms.katalon.core.main.TestCaseExecutor.accessMainPhase(TestCaseExecutor.java:410)
	at com.kms.katalon.core.main.TestCaseExecutor.execute(TestCaseExecutor.java:285)
	at com.kms.katalon.core.main.TestCaseMain.runTestCase(TestCaseMain.java:137)
	at com.kms.katalon.core.keyword.builtin.CallTestCaseKeyword$_callTestCase_closure1.doCall(CallTestCaseKeyword.groovy:59)
	at com.kms.katalon.core.keyword.builtin.CallTestCaseKeyword$_callTestCase_closure1.call(CallTestCaseKeyword.groovy)
	at com.kms.katalon.core.keyword.internal.KeywordMain.runKeyword(KeywordMain.groovy:75)
	at com.kms.katalon.core.keyword.builtin.CallTestCaseKeyword.callTestCase(CallTestCaseKeyword.groovy:81)
	at com.kms.katalon.core.keyword.builtin.CallTestCaseKeyword.execute(CallTestCaseKeyword.groovy:44)
	at com.kms.katalon.core.keyword.internal.KeywordExecutor.executeKeywordForPlatform(KeywordExecutor.groovy:74)
	at com.kms.katalon.core.keyword.BuiltinKeywords.callTestCase(BuiltinKeywords.groovy:310)
	at java.base/jdk.internal.reflect.NativeMethodAccessorImpl.invoke0(Native Method)
	at java.base/jdk.internal.reflect.NativeMethodAccessorImpl.invoke(NativeMethodAccessorImpl.java:77)
	at java.base/jdk.internal.reflect.DelegatingMethodAccessorImpl.invoke(DelegatingMethodAccessorImpl.java:43)
	at com.kazurayam.ksbackyard.HighlightElement$_pandemic_closure1.doCall(HighlightElement.groovy:105)
	at jdk.internal.reflect.GeneratedMethodAccessor5.invoke(Unknown Source)
	at java.base/jdk.internal.reflect.DelegatingMethodAccessorImpl.invoke(DelegatingMethodAccessorImpl.java:43)
	at DemandeOuRenouvelleTitreSejour.run(DemandeOuRenouvelleTitreSejour:107)
	at com.kms.katalon.core.main.ScriptEngine.run(ScriptEngine.java:194)
	at com.kms.katalon.core.main.ScriptEngine.runScriptAsRawText(ScriptEngine.java:119)
	at com.kms.katalon.core.main.TestCaseExecutor.runScript(TestCaseExecutor.java:448)
	at com.kms.katalon.core.main.TestCaseExecutor.doExecute(TestCaseExecutor.java:439)
	at com.kms.katalon.core.main.TestCaseExecutor.processExecutionPhase(TestCaseExecutor.java:418)
	at com.kms.katalon.core.main.TestCaseExecutor.accessMainPhase(TestCaseExecutor.java:410)
	at com.kms.katalon.core.main.TestCaseExecutor.execute(TestCaseExecutor.java:285)
	at com.kms.katalon.core.main.TestCaseMain.runTestCase(TestCaseMain.java:137)
	at com.kms.katalon.core.keyword.builtin.CallTestCaseKeyword$_callTestCase_closure1.doCall(CallTestCaseKeyword.groovy:59)
	at com.kms.katalon.core.keyword.builtin.CallTestCaseKeyword$_callTestCase_closure1.call(CallTestCaseKeyword.groovy)
	at com.kms.katalon.core.keyword.internal.KeywordMain.runKeyword(KeywordMain.groovy:75)
	at com.kms.katalon.core.keyword.builtin.CallTestCaseKeyword.callTestCase(CallTestCaseKeyword.groovy:81)
	at com.kms.katalon.core.keyword.builtin.CallTestCaseKeyword.execute(CallTestCaseKeyword.groovy:44)
	at com.kms.katalon.core.keyword.internal.KeywordExecutor.executeKeywordForPlatform(KeywordExecutor.groovy:74)
	at com.kms.katalon.core.keyword.BuiltinKeywords.callTestCase(BuiltinKeywords.groovy:310)
	at java.base/jdk.internal.reflect.NativeMethodAccessorImpl.invoke0(Native Method)
	at java.base/jdk.internal.reflect.NativeMethodAccessorImpl.invoke(NativeMethodAccessorImpl.java:77)
	at java.base/jdk.internal.reflect.DelegatingMethodAccessorImpl.invoke(DelegatingMethodAccessorImpl.java:43)
	at com.kazurayam.ksbackyard.HighlightElement$_pandemic_closure1.doCall(HighlightElement.groovy:105)
	at jdk.internal.reflect.GeneratedMethodAccessor5.invoke(Unknown Source)
	at java.base/jdk.internal.reflect.DelegatingMethodAccessorImpl.invoke(DelegatingMethodAccessorImpl.java:43)
	at TNR R.TSPT Supp90-Visiteur.run(TNR R.TSPT Supp90-Visiteur:39)
	at com.kms.katalon.core.main.ScriptEngine.run(ScriptEngine.java:194)
	at com.kms.katalon.core.main.ScriptEngine.runScriptAsRawText(ScriptEngine.java:119)
	at com.kms.katalon.core.main.TestCaseExecutor.runScript(TestCaseExecutor.java:448)
	at com.kms.katalon.core.main.TestCaseExecutor.doExecute(TestCaseExecutor.java:439)
	at com.kms.katalon.core.main.TestCaseExecutor.processExecutionPhase(TestCaseExecutor.java:418)
	at com.kms.katalon.core.main.TestCaseExecutor.accessMainPhase(TestCaseExecutor.java:410)
	at com.kms.katalon.core.main.TestCaseExecutor.execute(TestCaseExecutor.java:285)
	at com.kms.katalon.core.common.CommonExecutor.accessTestCaseMainPhase(CommonExecutor.java:65)
	at com.kms.katalon.core.main.TestSuiteExecutor.accessTestSuiteMainPhase(TestSuiteExecutor.java:148)
	at com.kms.katalon.core.main.TestSuiteExecutor.execute(TestSuiteExecutor.java:106)
	at com.kms.katalon.core.main.TestCaseMain.startTestSuite(TestCaseMain.java:180)
	at TempTestSuite1704293543711.run(TempTestSuite1704293543711.groovy:36)
	at java.base/jdk.internal.reflect.NativeMethodAccessorImpl.invoke0(Native Method)
	at java.base/jdk.internal.reflect.NativeMethodAccessorImpl.invoke(NativeMethodAccessorImpl.java:77)
	at java.base/jdk.internal.reflect.DelegatingMethodAccessorImpl.invoke(DelegatingMethodAccessorImpl.java:43)
)

03-01-2024T15:54:20 - [MESSAGE][INFO] - Finding Test Object 'Object Repository/Page_Accueil_Usager/Verif_PopUpVotreTitreDeSejourEstExpireDepuis9Mois'

03-01-2024T15:54:20 - [MESSAGE][INFO] - Checking object

03-01-2024T15:54:20 - [MESSAGE][INFO] - Finding web element from Test Object's properties

03-01-2024T15:54:20 - [MESSAGE][INFO] - Checking timeout

03-01-2024T15:54:20 - [MESSAGE][INFO] - Finding web element with id: 'Object Repository/Page_Accueil_Usager/Verif_PopUpVotreTitreDeSejourEstExpireDepuis9Mois' located by 'By.xpath: /html/body/app-root/div/app-portal/main/app-theme-v2/div/app-triage/div/div/div/form/div[1]/div/p-message/div/span[2]/strong[1]' in '1' second(s)

03-01-2024T15:54:20 - [MESSAGE][INFO] - Smart Wait Function is triggered

03-01-2024T15:54:20 - [MESSAGE][INFO] - Smart Wait Function is triggered

03-01-2024T15:54:20 - [MESSAGE][INFO] - Smart Wait Function is triggered

03-01-2024T15:54:20 - [MESSAGE][INFO] - Smart Wait Function is triggered

03-01-2024T15:54:20 - [MESSAGE][INFO] - Smart Wait Function is triggered

03-01-2024T15:54:20 - [MESSAGE][INFO] - Smart Wait Function is triggered

03-01-2024T15:54:20 - [MESSAGE][INFO] - Smart Wait Function is triggered

03-01-2024T15:54:20 - [MESSAGE][INFO] - Smart Wait Function is triggered

03-01-2024T15:54:20 - [MESSAGE][INFO] - Smart Wait Function is triggered

03-01-2024T15:54:20 - [MESSAGE][INFO] - Smart Wait Function is triggered

03-01-2024T15:54:20 - [MESSAGE][INFO] - Smart Wait Function is triggered

03-01-2024T15:54:20 - [MESSAGE][INFO] - Smart Wait Function is triggered

03-01-2024T15:54:20 - [MESSAGE][INFO] - Smart Wait Function is triggered

03-01-2024T15:54:21 - [MESSAGE][INFO] - Smart Wait Function is triggered

03-01-2024T15:54:21 - [MESSAGE][INFO] - Smart Wait Function is triggered

03-01-2024T15:54:21 - [MESSAGE][INFO] - Smart Wait Function is triggered

03-01-2024T15:54:21 - [MESSAGE][INFO] - Smart Wait Function is triggered

03-01-2024T15:54:21 - [MESSAGE][INFO] - Smart Wait Function is triggered

03-01-2024T15:54:21 - [MESSAGE][INFO] - Smart Wait Function is triggered

03-01-2024T15:54:21 - [MESSAGE][INFO] - Smart Wait Function is triggered

03-01-2024T15:54:21 - [MESSAGE][INFO] - Smart Wait Function is triggered

03-01-2024T15:54:21 - [MESSAGE][INFO] - Smart Wait Function is triggered

03-01-2024T15:54:21 - [MESSAGE][INFO] - Smart Wait Function is triggered

03-01-2024T15:54:21 - [MESSAGE][INFO] - Smart Wait Function is triggered

03-01-2024T15:54:21 - [MESSAGE][INFO] - Smart Wait Function is triggered

03-01-2024T15:54:21 - [MESSAGE][INFO] - Smart Wait Function is triggered

03-01-2024T15:54:21 - [MESSAGE][INFO] - Smart Wait Function is triggered

03-01-2024T15:54:21 - [MESSAGE][INFO] - Smart Wait Function is triggered

03-01-2024T15:54:21 - [MESSAGE][INFO] - Smart Wait Function is triggered

03-01-2024T15:54:21 - [MESSAGE][INFO] - Smart Wait Function is triggered

03-01-2024T15:54:21 - [MESSAGE][INFO] - Smart Wait Function is triggered

03-01-2024T15:54:21 - [MESSAGE][INFO] - Smart Wait Function is triggered

03-01-2024T15:54:21 - [MESSAGE][INFO] - Smart Wait Function is triggered

03-01-2024T15:54:21 - [MESSAGE][INFO] - Smart Wait Function is triggered

03-01-2024T15:54:21 - [MESSAGE][INFO] - Smart Wait Function is triggered

03-01-2024T15:54:21 - [MESSAGE][INFO] - Smart Wait Function is triggered

03-01-2024T15:54:21 - [MESSAGE][INFO] - Smart Wait Function is triggered

03-01-2024T15:54:21 - [MESSAGE][INFO] - Smart Wait Function is triggered

03-01-2024T15:54:21 - [MESSAGE][INFO] - Smart Wait Function is triggered

03-01-2024T15:54:21 - [MESSAGE][INFO] - Smart Wait Function is triggered

03-01-2024T15:54:21 - [MESSAGE][INFO] - Smart Wait Function is triggered

03-01-2024T15:54:21 - [MESSAGE][INFO] - Smart Wait Function is triggered

03-01-2024T15:54:21 - [MESSAGE][INFO] - Smart Wait Function is triggered

03-01-2024T15:54:21 - [MESSAGE][INFO] - Smart Wait Function is triggered

03-01-2024T15:54:21 - [MESSAGE][INFO] - Smart Wait Function is triggered

03-01-2024T15:54:21 - [MESSAGE][INFO] - Smart Wait Function is triggered

03-01-2024T15:54:21 - [MESSAGE][INFO] - Smart Wait Function is triggered

03-01-2024T15:54:21 - [MESSAGE][INFO] - Smart Wait Function is triggered

03-01-2024T15:54:21 - [MESSAGE][INFO] - Smart Wait Function is triggered

03-01-2024T15:54:21 - [MESSAGE][INFO] - Smart Wait Function is triggered

03-01-2024T15:54:21 - [MESSAGE][INFO] - Smart Wait Function is triggered

03-01-2024T15:54:21 - [MESSAGE][INFO] - Smart Wait Function is triggered

03-01-2024T15:54:21 - [MESSAGE][INFO] - Smart Wait Function is triggered

03-01-2024T15:54:21 - [MESSAGE][INFO] - Smart Wait Function is triggered

03-01-2024T15:54:21 - [MESSAGE][INFO] - Smart Wait Function is triggered

03-01-2024T15:54:21 - [MESSAGE][INFO] - Smart Wait Function is triggered

03-01-2024T15:54:21 - [MESSAGE][INFO] - Smart Wait Function is triggered

03-01-2024T15:54:22 - [MESSAGE][INFO] - Smart Wait Function is triggered

03-01-2024T15:54:22 - [MESSAGE][INFO] - Smart Wait Function is triggered

03-01-2024T15:54:22 - [MESSAGE][INFO] - Smart Wait Function is triggered

03-01-2024T15:54:22 - [MESSAGE][INFO] - Smart Wait Function is triggered

03-01-2024T15:54:22 - [MESSAGE][INFO] - Smart Wait Function is triggered

03-01-2024T15:54:22 - [MESSAGE][INFO] - Smart Wait Function is triggered

03-01-2024T15:54:22 - [MESSAGE][INFO] - Smart Wait Function is triggered

03-01-2024T15:54:22 - [MESSAGE][INFO] - Smart Wait Function is triggered

03-01-2024T15:54:22 - [MESSAGE][INFO] - Smart Wait Function is triggered

03-01-2024T15:54:22 - [MESSAGE][INFO] - Smart Wait Function is triggered

03-01-2024T15:54:22 - [MESSAGE][INFO] - Smart Wait Function is triggered

03-01-2024T15:54:22 - [MESSAGE][INFO] - Smart Wait Function is triggered

03-01-2024T15:54:22 - [MESSAGE][INFO] - Smart Wait Function is triggered

03-01-2024T15:54:22 - [MESSAGE][INFO] - Smart Wait Function is triggered

03-01-2024T15:54:22 - [MESSAGE][INFO] - Smart Wait Function is triggered

03-01-2024T15:54:22 - [MESSAGE][INFO] - Smart Wait Function is triggered

03-01-2024T15:54:22 - [MESSAGE][INFO] - Smart Wait Function is triggered

03-01-2024T15:54:22 - [MESSAGE][INFO] - Smart Wait Function is triggered

03-01-2024T15:54:22 - [MESSAGE][INFO] - Smart Wait Function is triggered

03-01-2024T15:54:22 - [MESSAGE][INFO] - Smart Wait Function is triggered

03-01-2024T15:54:22 - [MESSAGE][INFO] - Smart Wait Function is triggered

03-01-2024T15:54:22 - [MESSAGE][INFO] - Smart Wait Function is triggered

03-01-2024T15:54:22 - [MESSAGE][INFO] - Smart Wait Function is triggered

03-01-2024T15:54:22 - [MESSAGE][INFO] - Smart Wait Function is triggered

03-01-2024T15:54:22 - [MESSAGE][INFO] - Smart Wait Function is triggered

03-01-2024T15:54:22 - [MESSAGE][INFO] - Smart Wait Function is triggered

03-01-2024T15:54:22 - [MESSAGE][INFO] - Smart Wait Function is triggered

03-01-2024T15:54:22 - [MESSAGE][INFO] - Smart Wait Function is triggered

03-01-2024T15:54:22 - [MESSAGE][INFO] - Smart Wait Function is triggered

03-01-2024T15:54:22 - [MESSAGE][INFO] - Smart Wait Function is triggered

03-01-2024T15:54:22 - [MESSAGE][INFO] - Unable to find the element located by 'By.xpath: /html/body/app-root/div/app-portal/main/app-theme-v2/div/app-triage/div/div/div/form/div[1]/div/p-message/div/span[2]/strong[1]'. Please recheck the objects properties to make sure the desired element is located. 

03-01-2024T15:54:22 - [MESSAGE][WARNING] - com.kms.katalon.core.webui.exception.WebElementNotFoundException: Web element with id: 'Object Repository/Page_Accueil_Usager/Verif_PopUpVotreTitreDeSejourEstExpireDepuis9Mois' located by '/html/body/app-root/div/app-portal/main/app-theme-v2/div/app-triage/div/div/div/form/div[1]/div/p-message/div/span[2]/strong[1]' not found (Root cause: com.kms.katalon.core.exception.StepFailedException: com.kms.katalon.core.webui.exception.WebElementNotFoundException: Web element with id: 'Object Repository/Page_Accueil_Usager/Verif_PopUpVotreTitreDeSejourEstExpireDepuis9Mois' located by '/html/body/app-root/div/app-portal/main/app-theme-v2/div/app-triage/div/div/div/form/div[1]/div/p-message/div/span[2]/strong[1]' not found
	at com.kms.katalon.core.webui.keyword.internal.WebUIKeywordMain.stepFailed(WebUIKeywordMain.groovy:64)
	at com.kms.katalon.core.webui.keyword.builtin.VerifyElementPresentKeyword$_verifyElementPresent_closure1.doCall(VerifyElementPresentKeyword.groovy:85)
	at com.kms.katalon.core.webui.keyword.builtin.VerifyElementPresentKeyword$_verifyElementPresent_closure1.call(VerifyElementPresentKeyword.groovy)
	at com.kms.katalon.core.webui.keyword.internal.WebUIKeywordMain.runKeyword(WebUIKeywordMain.groovy:20)
	at com.kms.katalon.core.webui.keyword.builtin.VerifyElementPresentKeyword.verifyElementPresent(VerifyElementPresentKeyword.groovy:92)
	at com.kms.katalon.core.webui.keyword.builtin.VerifyElementPresentKeyword.execute(VerifyElementPresentKeyword.groovy:68)
	at com.kms.katalon.core.keyword.internal.KeywordExecutor.executeKeywordForPlatform(KeywordExecutor.groovy:74)
	at com.kms.katalon.core.webui.keyword.WebUiBuiltInKeywords.verifyElementPresent(WebUiBuiltInKeywords.groovy:1487)
	at java.base/jdk.internal.reflect.NativeMethodAccessorImpl.invoke0(Native Method)
	at java.base/jdk.internal.reflect.NativeMethodAccessorImpl.invoke(NativeMethodAccessorImpl.java:77)
	at java.base/jdk.internal.reflect.DelegatingMethodAccessorImpl.invoke(DelegatingMethodAccessorImpl.java:43)
	at com.kazurayam.ksbackyard.HighlightElement$_pandemic_closure1.doCall(HighlightElement.groovy:105)
	at jdk.internal.reflect.GeneratedMethodAccessor5.invoke(Unknown Source)
	at java.base/jdk.internal.reflect.DelegatingMethodAccessorImpl.invoke(DelegatingMethodAccessorImpl.java:43)
	at Verif_PopUpVotreTitreEstExpiréDepuis9Mois.run(Verif_PopUpVotreTitreEstExpiréDepuis9Mois:28)
	at com.kms.katalon.core.main.ScriptEngine.run(ScriptEngine.java:194)
	at com.kms.katalon.core.main.ScriptEngine.runScriptAsRawText(ScriptEngine.java:119)
	at com.kms.katalon.core.main.TestCaseExecutor.runScript(TestCaseExecutor.java:448)
	at com.kms.katalon.core.main.TestCaseExecutor.doExecute(TestCaseExecutor.java:439)
	at com.kms.katalon.core.main.TestCaseExecutor.processExecutionPhase(TestCaseExecutor.java:418)
	at com.kms.katalon.core.main.TestCaseExecutor.accessMainPhase(TestCaseExecutor.java:410)
	at com.kms.katalon.core.main.TestCaseExecutor.execute(TestCaseExecutor.java:285)
	at com.kms.katalon.core.main.TestCaseMain.runTestCase(TestCaseMain.java:137)
	at com.kms.katalon.core.keyword.builtin.CallTestCaseKeyword$_callTestCase_closure1.doCall(CallTestCaseKeyword.groovy:59)
	at com.kms.katalon.core.keyword.builtin.CallTestCaseKeyword$_callTestCase_closure1.call(CallTestCaseKeyword.groovy)
	at com.kms.katalon.core.keyword.internal.KeywordMain.runKeyword(KeywordMain.groovy:75)
	at com.kms.katalon.core.keyword.builtin.CallTestCaseKeyword.callTestCase(CallTestCaseKeyword.groovy:81)
	at com.kms.katalon.core.keyword.builtin.CallTestCaseKeyword.execute(CallTestCaseKeyword.groovy:44)
	at com.kms.katalon.core.keyword.internal.KeywordExecutor.executeKeywordForPlatform(KeywordExecutor.groovy:74)
	at com.kms.katalon.core.keyword.BuiltinKeywords.callTestCase(BuiltinKeywords.groovy:310)
	at java.base/jdk.internal.reflect.NativeMethodAccessorImpl.invoke0(Native Method)
	at java.base/jdk.internal.reflect.NativeMethodAccessorImpl.invoke(NativeMethodAccessorImpl.java:77)
	at java.base/jdk.internal.reflect.DelegatingMethodAccessorImpl.invoke(DelegatingMethodAccessorImpl.java:43)
	at com.kazurayam.ksbackyard.HighlightElement$_pandemic_closure1.doCall(HighlightElement.groovy:105)
	at jdk.internal.reflect.GeneratedMethodAccessor5.invoke(Unknown Source)
	at java.base/jdk.internal.reflect.DelegatingMethodAccessorImpl.invoke(DelegatingMethodAccessorImpl.java:43)
	at DemandeOuRenouvelleTitreSejour.run(DemandeOuRenouvelleTitreSejour:107)
	at com.kms.katalon.core.main.ScriptEngine.run(ScriptEngine.java:194)
	at com.kms.katalon.core.main.ScriptEngine.runScriptAsRawText(ScriptEngine.java:119)
	at com.kms.katalon.core.main.TestCaseExecutor.runScript(TestCaseExecutor.java:448)
	at com.kms.katalon.core.main.TestCaseExecutor.doExecute(TestCaseExecutor.java:439)
	at com.kms.katalon.core.main.TestCaseExecutor.processExecutionPhase(TestCaseExecutor.java:418)
	at com.kms.katalon.core.main.TestCaseExecutor.accessMainPhase(TestCaseExecutor.java:410)
	at com.kms.katalon.core.main.TestCaseExecutor.execute(TestCaseExecutor.java:285)
	at com.kms.katalon.core.main.TestCaseMain.runTestCase(TestCaseMain.java:137)
	at com.kms.katalon.core.keyword.builtin.CallTestCaseKeyword$_callTestCase_closure1.doCall(CallTestCaseKeyword.groovy:59)
	at com.kms.katalon.core.keyword.builtin.CallTestCaseKeyword$_callTestCase_closure1.call(CallTestCaseKeyword.groovy)
	at com.kms.katalon.core.keyword.internal.KeywordMain.runKeyword(KeywordMain.groovy:75)
	at com.kms.katalon.core.keyword.builtin.CallTestCaseKeyword.callTestCase(CallTestCaseKeyword.groovy:81)
	at com.kms.katalon.core.keyword.builtin.CallTestCaseKeyword.execute(CallTestCaseKeyword.groovy:44)
	at com.kms.katalon.core.keyword.internal.KeywordExecutor.executeKeywordForPlatform(KeywordExecutor.groovy:74)
	at com.kms.katalon.core.keyword.BuiltinKeywords.callTestCase(BuiltinKeywords.groovy:310)
	at java.base/jdk.internal.reflect.NativeMethodAccessorImpl.invoke0(Native Method)
	at java.base/jdk.internal.reflect.NativeMethodAccessorImpl.invoke(NativeMethodAccessorImpl.java:77)
	at java.base/jdk.internal.reflect.DelegatingMethodAccessorImpl.invoke(DelegatingMethodAccessorImpl.java:43)
	at com.kazurayam.ksbackyard.HighlightElement$_pandemic_closure1.doCall(HighlightElement.groovy:105)
	at jdk.internal.reflect.GeneratedMethodAccessor5.invoke(Unknown Source)
	at java.base/jdk.internal.reflect.DelegatingMethodAccessorImpl.invoke(DelegatingMethodAccessorImpl.java:43)
	at TNR R.TSPT Supp90-Visiteur.run(TNR R.TSPT Supp90-Visiteur:39)
	at com.kms.katalon.core.main.ScriptEngine.run(ScriptEngine.java:194)
	at com.kms.katalon.core.main.ScriptEngine.runScriptAsRawText(ScriptEngine.java:119)
	at com.kms.katalon.core.main.TestCaseExecutor.runScript(TestCaseExecutor.java:448)
	at com.kms.katalon.core.main.TestCaseExecutor.doExecute(TestCaseExecutor.java:439)
	at com.kms.katalon.core.main.TestCaseExecutor.processExecutionPhase(TestCaseExecutor.java:418)
	at com.kms.katalon.core.main.TestCaseExecutor.accessMainPhase(TestCaseExecutor.java:410)
	at com.kms.katalon.core.main.TestCaseExecutor.execute(TestCaseExecutor.java:285)
	at com.kms.katalon.core.common.CommonExecutor.accessTestCaseMainPhase(CommonExecutor.java:65)
	at com.kms.katalon.core.main.TestSuiteExecutor.accessTestSuiteMainPhase(TestSuiteExecutor.java:148)
	at com.kms.katalon.core.main.TestSuiteExecutor.execute(TestSuiteExecutor.java:106)
	at com.kms.katalon.core.main.TestCaseMain.startTestSuite(TestCaseMain.java:180)
	at TempTestSuite1704293543711.run(TempTestSuite1704293543711.groovy:36)
	at java.base/jdk.internal.reflect.NativeMethodAccessorImpl.invoke0(Native Method)
	at java.base/jdk.internal.reflect.NativeMethodAccessorImpl.invoke(NativeMethodAccessorImpl.java:77)
	at java.base/jdk.internal.reflect.DelegatingMethodAccessorImpl.invoke(DelegatingMethodAccessorImpl.java:43)
)
[[ATTACHMENT|C:\\Users\\ISSAM.RHARBAOUI\\git\\ANEF-RenouvellementSejour\\Reports\\20240103_155223\\TS_TNR_R.TSPT_Suppo90\\20240103_155223\\1704293662697.png]]

03-01-2024T15:54:22 - [TEST_STEP][PASSED] - if (MsgAlertPresent): null

03-01-2024T15:54:22 - [MESSAGE][PASSED] - Call Test Case 'Test Cases/Test Reutilisable/Main/Verif_PopUpVotreTitreEstExpiréDepuis9Mois' successfully

03-01-2024T15:54:22 - [MESSAGE][PASSED] - Call Test Case 'Test Cases/Test Reutilisable/DemandeOuRenouvelle_TitreSejour/DemandeOuRenouvelleTitreSejour' successfully

03-01-2024T15:54:22 - [TEST_STEP][PASSED] - if (ChangementSituation == "Non"): Call Test Case 'Test Cases/Test Reutilisable/DemandeOuRenouvelle_TitreSejour/FormulaireTypeDeTitreDeSejour' successfully

03-01-2024T15:54:22 - [TEST_STEP][PASSED] - callTestCase(findTestCase("Test Reutilisable/DemandeOuRenouvelle_TitreSejour/FormulaireTypeDeTitreDeSejour"), ["TypeTitreDeSejour":TypeTitreDeSejour, "Titre":Titre], STOP_ON_FAILURE): Call Test Case 'Test Cases/Test Reutilisable/DemandeOuRenouvelle_TitreSejour/FormulaireTypeDeTitreDeSejour' successfully

03-01-2024T15:54:22 - [MESSAGE][INFO] - Checking called Test Case

03-01-2024T15:54:22 - [MESSAGE][INFO] - Starting to call Test Case 'Test Cases/Test Reutilisable/DemandeOuRenouvelle_TitreSejour/FormulaireTypeDeTitreDeSejour'

03-01-2024T15:54:22 - [TEST_CASE][PASSED] - Test Cases/Test Reutilisable/DemandeOuRenouvelle_TitreSejour/FormulaireTypeDeTitreDeSejour: Test Cases/Test Reutilisable/DemandeOuRenouvelle_TitreSejour/FormulaireTypeDeTitreDeSejour

03-01-2024T15:54:23 - [TEST_STEP][PASSED] - com.kazurayam.ksbackyard.HighlightElement.pandemic(): com.kazurayam.ksbackyard.HighlightElement.pandemic is PASSED

03-01-2024T15:54:23 - [MESSAGE][PASSED] - com.kazurayam.ksbackyard.HighlightElement.pandemic is PASSED

03-01-2024T15:54:23 - [TEST_STEP][PASSED] - delay(10): Delayed 10 second(s)

03-01-2024T15:54:23 - [MESSAGE][INFO] - Delaying browser in 10 second(s)

03-01-2024T15:54:33 - [MESSAGE][PASSED] - Delayed 10 second(s)

03-01-2024T15:54:33 - [TEST_STEP][PASSED] - switch (TypeTitreDeSejour): null

03-01-2024T15:54:33 - [TEST_STEP][PASSED] - case "RenouvellementDeTitreSejour":: null

03-01-2024T15:54:33 - [TEST_STEP][PASSED] - if (Titre == "Visiteur" || Titre == "Etudiant"): Delayed 5 second(s)

03-01-2024T15:54:33 - [TEST_STEP][PASSED] - check(findTestObject("Object Repository/Page_DemarcheRenouvellement/CheckBox_SolliciteRenouvellementDeTitreSejour")): Object 'Object Repository/Page_DemarcheRenouvellement/CheckBox_SolliciteRenouvellementDeTitreSejour' is checked

03-01-2024T15:54:33 - [MESSAGE][INFO] - Finding Test Object 'Object Repository/Page_DemarcheRenouvellement/CheckBox_SolliciteRenouvellementDeTitreSejour'

03-01-2024T15:54:33 - [MESSAGE][INFO] - Checking object

03-01-2024T15:54:33 - [MESSAGE][INFO] - Finding web element from Test Object's properties

03-01-2024T15:54:33 - [MESSAGE][INFO] - Checking timeout

03-01-2024T15:54:33 - [MESSAGE][INFO] - Finding web element with id: 'Object Repository/Page_DemarcheRenouvellement/CheckBox_SolliciteRenouvellementDeTitreSejour' located by 'By.xpath: //*/div[1]/div/p-radiobutton/div/div[2]/span' in '5' second(s)

03-01-2024T15:54:33 - [MESSAGE][INFO] - Smart Wait Function is triggered

03-01-2024T15:54:33 - [MESSAGE][INFO] - Found 1 web elements with id: 'Object Repository/Page_DemarcheRenouvellement/CheckBox_SolliciteRenouvellementDeTitreSejour' located by 'By.xpath: //*/div[1]/div/p-radiobutton/div/div[2]/span' in '5' second(s)

03-01-2024T15:54:33 - [MESSAGE][INFO] - Checking on bject 'Object Repository/Page_DemarcheRenouvellement/CheckBox_SolliciteRenouvellementDeTitreSejour'

03-01-2024T15:54:35 - [MESSAGE][PASSED] - Object 'Object Repository/Page_DemarcheRenouvellement/CheckBox_SolliciteRenouvellementDeTitreSejour' is checked

03-01-2024T15:54:35 - [TEST_STEP][PASSED] - click(findTestObject("Object Repository/Page_DemarcheRenouvellement/btn_JeCommence")): Object: 'Object Repository/Page_DemarcheRenouvellement/btn_JeCommence' is clicked on

03-01-2024T15:54:35 - [MESSAGE][INFO] - Finding Test Object 'Object Repository/Page_DemarcheRenouvellement/btn_JeCommence'

03-01-2024T15:54:35 - [MESSAGE][INFO] - Checking timeout

03-01-2024T15:54:35 - [MESSAGE][INFO] - Finding web element with id: 'Object Repository/Page_DemarcheRenouvellement/btn_JeCommence' located by 'By.xpath: //app-informations-declaration//app-actions-bar//button/span[contains(.,'Je continue')]|//app-informations-demande-ptsq//app-actions-bar//button/span[contains(.,'Je continue')]|//*/div[2]/button/span|//button[@type="submit" and contains(., 'Je commence')]|//button[@type="submit" and contains(., 'Je continue')]' in '20' second(s)

03-01-2024T15:54:35 - [MESSAGE][INFO] - Smart Wait Function is triggered

03-01-2024T15:54:35 - [MESSAGE][INFO] - Found 1 web elements with id: 'Object Repository/Page_DemarcheRenouvellement/btn_JeCommence' located by 'By.xpath: //app-informations-declaration//app-actions-bar//button/span[contains(.,'Je continue')]|//app-informations-demande-ptsq//app-actions-bar//button/span[contains(.,'Je continue')]|//*/div[2]/button/span|//button[@type="submit" and contains(., 'Je commence')]|//button[@type="submit" and contains(., 'Je continue')]' in '20' second(s)

03-01-2024T15:54:35 - [MESSAGE][INFO] - Checking object

03-01-2024T15:54:35 - [MESSAGE][INFO] - Checking timeout

03-01-2024T15:54:35 - [MESSAGE][INFO] - Finding web element from Test Object's properties

03-01-2024T15:54:35 - [MESSAGE][INFO] - Checking timeout

03-01-2024T15:54:35 - [MESSAGE][INFO] - Finding web element with id: 'Object Repository/Page_DemarcheRenouvellement/btn_JeCommence' located by 'By.xpath: //app-informations-declaration//app-actions-bar//button/span[contains(.,'Je continue')]|//app-informations-demande-ptsq//app-actions-bar//button/span[contains(.,'Je continue')]|//*/div[2]/button/span|//button[@type="submit" and contains(., 'Je commence')]|//button[@type="submit" and contains(., 'Je continue')]' in '5' second(s)

03-01-2024T15:54:35 - [MESSAGE][INFO] - Smart Wait Function is triggered

03-01-2024T15:54:35 - [MESSAGE][INFO] - Found 1 web elements with id: 'Object Repository/Page_DemarcheRenouvellement/btn_JeCommence' located by 'By.xpath: //app-informations-declaration//app-actions-bar//button/span[contains(.,'Je continue')]|//app-informations-demande-ptsq//app-actions-bar//button/span[contains(.,'Je continue')]|//*/div[2]/button/span|//button[@type="submit" and contains(., 'Je commence')]|//button[@type="submit" and contains(., 'Je continue')]' in '5' second(s)

03-01-2024T15:54:35 - [MESSAGE][INFO] - Clicking on object: 'Object Repository/Page_DemarcheRenouvellement/btn_JeCommence'

03-01-2024T15:54:37 - [MESSAGE][PASSED] - Object: 'Object Repository/Page_DemarcheRenouvellement/btn_JeCommence' is clicked on

03-01-2024T15:54:37 - [TEST_STEP][PASSED] - delay(5): Delayed 5 second(s)

03-01-2024T15:54:37 - [MESSAGE][INFO] - Delaying browser in 5 second(s)

03-01-2024T15:54:42 - [MESSAGE][PASSED] - Delayed 5 second(s)

03-01-2024T15:54:42 - [TEST_STEP][PASSED] - click(findTestObject("Object Repository/Page_DemarcheRenouvellement/Btn_JeContinue")): Object: 'Object Repository/Page_DemarcheRenouvellement/Btn_JeContinue' is clicked on

03-01-2024T15:54:42 - [MESSAGE][INFO] - Finding Test Object 'Object Repository/Page_DemarcheRenouvellement/Btn_JeContinue'

03-01-2024T15:54:42 - [MESSAGE][INFO] - Checking timeout

03-01-2024T15:54:42 - [MESSAGE][INFO] - Finding web element with id: 'Object Repository/Page_DemarcheRenouvellement/Btn_JeContinue' located by 'By.xpath: //button[@type="submit" and contains(., 'Je commence')]|//span[@class="ui-button-text ui-clickable" and contains(., 'Je continue')]|//app-informations-declaration//app-actions-bar//button/span[contains(.,'Je continue')]|//app-informations-demande-ptch/div/app-actions-bar/div/div[2]/div/div[2]/button/span' in '20' second(s)

03-01-2024T15:54:42 - [MESSAGE][INFO] - Smart Wait Function is triggered

03-01-2024T15:54:42 - [MESSAGE][INFO] - Found 1 web elements with id: 'Object Repository/Page_DemarcheRenouvellement/Btn_JeContinue' located by 'By.xpath: //button[@type="submit" and contains(., 'Je commence')]|//span[@class="ui-button-text ui-clickable" and contains(., 'Je continue')]|//app-informations-declaration//app-actions-bar//button/span[contains(.,'Je continue')]|//app-informations-demande-ptch/div/app-actions-bar/div/div[2]/div/div[2]/button/span' in '20' second(s)

03-01-2024T15:54:42 - [MESSAGE][INFO] - Checking object

03-01-2024T15:54:42 - [MESSAGE][INFO] - Checking timeout

03-01-2024T15:54:42 - [MESSAGE][INFO] - Finding web element from Test Object's properties

03-01-2024T15:54:42 - [MESSAGE][INFO] - Checking timeout

03-01-2024T15:54:42 - [MESSAGE][INFO] - Finding web element with id: 'Object Repository/Page_DemarcheRenouvellement/Btn_JeContinue' located by 'By.xpath: //button[@type="submit" and contains(., 'Je commence')]|//span[@class="ui-button-text ui-clickable" and contains(., 'Je continue')]|//app-informations-declaration//app-actions-bar//button/span[contains(.,'Je continue')]|//app-informations-demande-ptch/div/app-actions-bar/div/div[2]/div/div[2]/button/span' in '5' second(s)

03-01-2024T15:54:42 - [MESSAGE][INFO] - Smart Wait Function is triggered

03-01-2024T15:54:43 - [MESSAGE][INFO] - Found 1 web elements with id: 'Object Repository/Page_DemarcheRenouvellement/Btn_JeContinue' located by 'By.xpath: //button[@type="submit" and contains(., 'Je commence')]|//span[@class="ui-button-text ui-clickable" and contains(., 'Je continue')]|//app-informations-declaration//app-actions-bar//button/span[contains(.,'Je continue')]|//app-informations-demande-ptch/div/app-actions-bar/div/div[2]/div/div[2]/button/span' in '5' second(s)

03-01-2024T15:54:43 - [MESSAGE][INFO] - Clicking on object: 'Object Repository/Page_DemarcheRenouvellement/Btn_JeContinue'

03-01-2024T15:54:45 - [MESSAGE][PASSED] - Object: 'Object Repository/Page_DemarcheRenouvellement/Btn_JeContinue' is clicked on

03-01-2024T15:54:45 - [TEST_STEP][PASSED] - delay(5): Delayed 5 second(s)

03-01-2024T15:54:45 - [MESSAGE][INFO] - Delaying browser in 5 second(s)

03-01-2024T15:54:50 - [MESSAGE][PASSED] - Delayed 5 second(s)

03-01-2024T15:54:50 - [TEST_STEP][PASSED] - break: null

03-01-2024T15:54:50 - [TEST_STEP][PASSED] - callTestCase(findTestCase("Test Cases/Test Reutilisable/Main/Verif_PopUpTropTotPourDemanderLeRenouvellementDeVotreTitre"), [:], STOP_ON_FAILURE): Call Test Case 'Test Cases/Test Reutilisable/Main/Verif_PopUpTropTotPourDemanderLeRenouvellementDeVotreTitre' successfully

03-01-2024T15:54:50 - [MESSAGE][INFO] - Checking called Test Case

03-01-2024T15:54:50 - [MESSAGE][INFO] - Starting to call Test Case 'Test Cases/Test Reutilisable/Main/Verif_PopUpTropTotPourDemanderLeRenouvellementDeVotreTitre'

03-01-2024T15:54:50 - [TEST_CASE][PASSED] - Test Cases/Test Reutilisable/Main/Verif_PopUpTropTotPourDemanderLeRenouvellementDeVotreTitre: Test Cases/Test Reutilisable/Main/Verif_PopUpTropTotPourDemanderLeRenouvellementDeVotreTitre

03-01-2024T15:54:50 - [TEST_STEP][PASSED] - "Vérification s il y a un message Erreur : Il est trop tôt pour demander le renouvellement de votre titre.": null

03-01-2024T15:54:50 - [TEST_STEP][PASSED] - MsgAlertPresent = verifyElementPresent(findTestObject("Object Repository/Page_Accueil_Usager/Verif_PopUpTropTotPourDemanderLeRenouvellementDeVotreTitre"), 1, OPTIONAL): com.kms.katalon.core.webui.exception.WebElementNotFoundException: Web element with id: 'Object Repository/Page_Accueil_Usager/Verif_PopUpTropTotPourDemanderLeRenouvellementDeVotreTitre' located by '/html/body/app-root/div/app-portal/main/app-theme-v2/div/app-triage/div/div/div/form/div[2]/div/p-message/div/span[2]' not found (Root cause: com.kms.katalon.core.exception.StepFailedException: com.kms.katalon.core.webui.exception.WebElementNotFoundException: Web element with id: 'Object Repository/Page_Accueil_Usager/Verif_PopUpTropTotPourDemanderLeRenouvellementDeVotreTitre' located by '/html/body/app-root/div/app-portal/main/app-theme-v2/div/app-triage/div/div/div/form/div[2]/div/p-message/div/span[2]' not found
	at com.kms.katalon.core.webui.keyword.internal.WebUIKeywordMain.stepFailed(WebUIKeywordMain.groovy:64)
	at com.kms.katalon.core.webui.keyword.builtin.VerifyElementPresentKeyword$_verifyElementPresent_closure1.doCall(VerifyElementPresentKeyword.groovy:85)
	at com.kms.katalon.core.webui.keyword.builtin.VerifyElementPresentKeyword$_verifyElementPresent_closure1.call(VerifyElementPresentKeyword.groovy)
	at com.kms.katalon.core.webui.keyword.internal.WebUIKeywordMain.runKeyword(WebUIKeywordMain.groovy:20)
	at com.kms.katalon.core.webui.keyword.builtin.VerifyElementPresentKeyword.verifyElementPresent(VerifyElementPresentKeyword.groovy:92)
	at com.kms.katalon.core.webui.keyword.builtin.VerifyElementPresentKeyword.execute(VerifyElementPresentKeyword.groovy:68)
	at com.kms.katalon.core.keyword.internal.KeywordExecutor.executeKeywordForPlatform(KeywordExecutor.groovy:74)
	at com.kms.katalon.core.webui.keyword.WebUiBuiltInKeywords.verifyElementPresent(WebUiBuiltInKeywords.groovy:1487)
	at java.base/jdk.internal.reflect.NativeMethodAccessorImpl.invoke0(Native Method)
	at java.base/jdk.internal.reflect.NativeMethodAccessorImpl.invoke(NativeMethodAccessorImpl.java:77)
	at java.base/jdk.internal.reflect.DelegatingMethodAccessorImpl.invoke(DelegatingMethodAccessorImpl.java:43)
	at com.kazurayam.ksbackyard.HighlightElement$_pandemic_closure1.doCall(HighlightElement.groovy:105)
	at jdk.internal.reflect.GeneratedMethodAccessor5.invoke(Unknown Source)
	at java.base/jdk.internal.reflect.DelegatingMethodAccessorImpl.invoke(DelegatingMethodAccessorImpl.java:43)
	at Verif_PopUpTropTotPourDemanderLeRenouvellementDeVotreTitre.run(Verif_PopUpTropTotPourDemanderLeRenouvellementDeVotreTitre:28)
	at com.kms.katalon.core.main.ScriptEngine.run(ScriptEngine.java:194)
	at com.kms.katalon.core.main.ScriptEngine.runScriptAsRawText(ScriptEngine.java:119)
	at com.kms.katalon.core.main.TestCaseExecutor.runScript(TestCaseExecutor.java:448)
	at com.kms.katalon.core.main.TestCaseExecutor.doExecute(TestCaseExecutor.java:439)
	at com.kms.katalon.core.main.TestCaseExecutor.processExecutionPhase(TestCaseExecutor.java:418)
	at com.kms.katalon.core.main.TestCaseExecutor.accessMainPhase(TestCaseExecutor.java:410)
	at com.kms.katalon.core.main.TestCaseExecutor.execute(TestCaseExecutor.java:285)
	at com.kms.katalon.core.main.TestCaseMain.runTestCase(TestCaseMain.java:137)
	at com.kms.katalon.core.keyword.builtin.CallTestCaseKeyword$_callTestCase_closure1.doCall(CallTestCaseKeyword.groovy:59)
	at com.kms.katalon.core.keyword.builtin.CallTestCaseKeyword$_callTestCase_closure1.call(CallTestCaseKeyword.groovy)
	at com.kms.katalon.core.keyword.internal.KeywordMain.runKeyword(KeywordMain.groovy:75)
	at com.kms.katalon.core.keyword.builtin.CallTestCaseKeyword.callTestCase(CallTestCaseKeyword.groovy:81)
	at com.kms.katalon.core.keyword.builtin.CallTestCaseKeyword.execute(CallTestCaseKeyword.groovy:44)
	at com.kms.katalon.core.keyword.internal.KeywordExecutor.executeKeywordForPlatform(KeywordExecutor.groovy:74)
	at com.kms.katalon.core.keyword.BuiltinKeywords.callTestCase(BuiltinKeywords.groovy:310)
	at java.base/jdk.internal.reflect.NativeMethodAccessorImpl.invoke0(Native Method)
	at java.base/jdk.internal.reflect.NativeMethodAccessorImpl.invoke(NativeMethodAccessorImpl.java:77)
	at java.base/jdk.internal.reflect.DelegatingMethodAccessorImpl.invoke(DelegatingMethodAccessorImpl.java:43)
	at com.kazurayam.ksbackyard.HighlightElement$_pandemic_closure1.doCall(HighlightElement.groovy:105)
	at jdk.internal.reflect.GeneratedMethodAccessor5.invoke(Unknown Source)
	at java.base/jdk.internal.reflect.DelegatingMethodAccessorImpl.invoke(DelegatingMethodAccessorImpl.java:43)
	at FormulaireTypeDeTitreDeSejour.run(FormulaireTypeDeTitreDeSejour:315)
	at com.kms.katalon.core.main.ScriptEngine.run(ScriptEngine.java:194)
	at com.kms.katalon.core.main.ScriptEngine.runScriptAsRawText(ScriptEngine.java:119)
	at com.kms.katalon.core.main.TestCaseExecutor.runScript(TestCaseExecutor.java:448)
	at com.kms.katalon.core.main.TestCaseExecutor.doExecute(TestCaseExecutor.java:439)
	at com.kms.katalon.core.main.TestCaseExecutor.processExecutionPhase(TestCaseExecutor.java:418)
	at com.kms.katalon.core.main.TestCaseExecutor.accessMainPhase(TestCaseExecutor.java:410)
	at com.kms.katalon.core.main.TestCaseExecutor.execute(TestCaseExecutor.java:285)
	at com.kms.katalon.core.main.TestCaseMain.runTestCase(TestCaseMain.java:137)
	at com.kms.katalon.core.keyword.builtin.CallTestCaseKeyword$_callTestCase_closure1.doCall(CallTestCaseKeyword.groovy:59)
	at com.kms.katalon.core.keyword.builtin.CallTestCaseKeyword$_callTestCase_closure1.call(CallTestCaseKeyword.groovy)
	at com.kms.katalon.core.keyword.internal.KeywordMain.runKeyword(KeywordMain.groovy:75)
	at com.kms.katalon.core.keyword.builtin.CallTestCaseKeyword.callTestCase(CallTestCaseKeyword.groovy:81)
	at com.kms.katalon.core.keyword.builtin.CallTestCaseKeyword.execute(CallTestCaseKeyword.groovy:44)
	at com.kms.katalon.core.keyword.internal.KeywordExecutor.executeKeywordForPlatform(KeywordExecutor.groovy:74)
	at com.kms.katalon.core.keyword.BuiltinKeywords.callTestCase(BuiltinKeywords.groovy:310)
	at java.base/jdk.internal.reflect.NativeMethodAccessorImpl.invoke0(Native Method)
	at java.base/jdk.internal.reflect.NativeMethodAccessorImpl.invoke(NativeMethodAccessorImpl.java:77)
	at java.base/jdk.internal.reflect.DelegatingMethodAccessorImpl.invoke(DelegatingMethodAccessorImpl.java:43)
	at com.kazurayam.ksbackyard.HighlightElement$_pandemic_closure1.doCall(HighlightElement.groovy:105)
	at jdk.internal.reflect.GeneratedMethodAccessor5.invoke(Unknown Source)
	at java.base/jdk.internal.reflect.DelegatingMethodAccessorImpl.invoke(DelegatingMethodAccessorImpl.java:43)
	at TNR R.TSPT Supp90-Visiteur.run(TNR R.TSPT Supp90-Visiteur:43)
	at com.kms.katalon.core.main.ScriptEngine.run(ScriptEngine.java:194)
	at com.kms.katalon.core.main.ScriptEngine.runScriptAsRawText(ScriptEngine.java:119)
	at com.kms.katalon.core.main.TestCaseExecutor.runScript(TestCaseExecutor.java:448)
	at com.kms.katalon.core.main.TestCaseExecutor.doExecute(TestCaseExecutor.java:439)
	at com.kms.katalon.core.main.TestCaseExecutor.processExecutionPhase(TestCaseExecutor.java:418)
	at com.kms.katalon.core.main.TestCaseExecutor.accessMainPhase(TestCaseExecutor.java:410)
	at com.kms.katalon.core.main.TestCaseExecutor.execute(TestCaseExecutor.java:285)
	at com.kms.katalon.core.common.CommonExecutor.accessTestCaseMainPhase(CommonExecutor.java:65)
	at com.kms.katalon.core.main.TestSuiteExecutor.accessTestSuiteMainPhase(TestSuiteExecutor.java:148)
	at com.kms.katalon.core.main.TestSuiteExecutor.execute(TestSuiteExecutor.java:106)
	at com.kms.katalon.core.main.TestCaseMain.startTestSuite(TestCaseMain.java:180)
	at TempTestSuite1704293543711.run(TempTestSuite1704293543711.groovy:36)
	at java.base/jdk.internal.reflect.NativeMethodAccessorImpl.invoke0(Native Method)
	at java.base/jdk.internal.reflect.NativeMethodAccessorImpl.invoke(NativeMethodAccessorImpl.java:77)
	at java.base/jdk.internal.reflect.DelegatingMethodAccessorImpl.invoke(DelegatingMethodAccessorImpl.java:43)
)

03-01-2024T15:54:50 - [MESSAGE][INFO] - Finding Test Object 'Object Repository/Page_Accueil_Usager/Verif_PopUpTropTotPourDemanderLeRenouvellementDeVotreTitre'

03-01-2024T15:54:50 - [MESSAGE][INFO] - Checking object

03-01-2024T15:54:50 - [MESSAGE][INFO] - Finding web element from Test Object's properties

03-01-2024T15:54:50 - [MESSAGE][INFO] - Checking timeout

03-01-2024T15:54:50 - [MESSAGE][INFO] - Finding web element with id: 'Object Repository/Page_Accueil_Usager/Verif_PopUpTropTotPourDemanderLeRenouvellementDeVotreTitre' located by 'By.xpath: /html/body/app-root/div/app-portal/main/app-theme-v2/div/app-triage/div/div/div/form/div[2]/div/p-message/div/span[2]' in '1' second(s)

03-01-2024T15:54:50 - [MESSAGE][INFO] - Smart Wait Function is triggered

03-01-2024T15:54:50 - [MESSAGE][INFO] - Smart Wait Function is triggered

03-01-2024T15:54:50 - [MESSAGE][INFO] - Smart Wait Function is triggered

03-01-2024T15:54:50 - [MESSAGE][INFO] - Smart Wait Function is triggered

03-01-2024T15:54:50 - [MESSAGE][INFO] - Smart Wait Function is triggered

03-01-2024T15:54:50 - [MESSAGE][INFO] - Smart Wait Function is triggered

03-01-2024T15:54:50 - [MESSAGE][INFO] - Smart Wait Function is triggered

03-01-2024T15:54:50 - [MESSAGE][INFO] - Smart Wait Function is triggered

03-01-2024T15:54:50 - [MESSAGE][INFO] - Smart Wait Function is triggered

03-01-2024T15:54:50 - [MESSAGE][INFO] - Smart Wait Function is triggered

03-01-2024T15:54:50 - [MESSAGE][INFO] - Smart Wait Function is triggered

03-01-2024T15:54:50 - [MESSAGE][INFO] - Smart Wait Function is triggered

03-01-2024T15:54:50 - [MESSAGE][INFO] - Smart Wait Function is triggered

03-01-2024T15:54:50 - [MESSAGE][INFO] - Smart Wait Function is triggered

03-01-2024T15:54:50 - [MESSAGE][INFO] - Smart Wait Function is triggered

03-01-2024T15:54:50 - [MESSAGE][INFO] - Smart Wait Function is triggered

03-01-2024T15:54:50 - [MESSAGE][INFO] - Smart Wait Function is triggered

03-01-2024T15:54:50 - [MESSAGE][INFO] - Smart Wait Function is triggered

03-01-2024T15:54:50 - [MESSAGE][INFO] - Smart Wait Function is triggered

03-01-2024T15:54:50 - [MESSAGE][INFO] - Smart Wait Function is triggered

03-01-2024T15:54:50 - [MESSAGE][INFO] - Smart Wait Function is triggered

03-01-2024T15:54:50 - [MESSAGE][INFO] - Smart Wait Function is triggered

03-01-2024T15:54:50 - [MESSAGE][INFO] - Smart Wait Function is triggered

03-01-2024T15:54:50 - [MESSAGE][INFO] - Smart Wait Function is triggered

03-01-2024T15:54:50 - [MESSAGE][INFO] - Smart Wait Function is triggered

03-01-2024T15:54:51 - [MESSAGE][INFO] - Smart Wait Function is triggered

03-01-2024T15:54:51 - [MESSAGE][INFO] - Smart Wait Function is triggered

03-01-2024T15:54:51 - [MESSAGE][INFO] - Smart Wait Function is triggered

03-01-2024T15:54:51 - [MESSAGE][INFO] - Smart Wait Function is triggered

03-01-2024T15:54:51 - [MESSAGE][INFO] - Smart Wait Function is triggered

03-01-2024T15:54:51 - [MESSAGE][INFO] - Smart Wait Function is triggered

03-01-2024T15:54:51 - [MESSAGE][INFO] - Smart Wait Function is triggered

03-01-2024T15:54:51 - [MESSAGE][INFO] - Smart Wait Function is triggered

03-01-2024T15:54:51 - [MESSAGE][INFO] - Smart Wait Function is triggered

03-01-2024T15:54:51 - [MESSAGE][INFO] - Smart Wait Function is triggered

03-01-2024T15:54:51 - [MESSAGE][INFO] - Smart Wait Function is triggered

03-01-2024T15:54:51 - [MESSAGE][INFO] - Smart Wait Function is triggered

03-01-2024T15:54:51 - [MESSAGE][INFO] - Smart Wait Function is triggered

03-01-2024T15:54:51 - [MESSAGE][INFO] - Smart Wait Function is triggered

03-01-2024T15:54:51 - [MESSAGE][INFO] - Smart Wait Function is triggered

03-01-2024T15:54:51 - [MESSAGE][INFO] - Smart Wait Function is triggered

03-01-2024T15:54:51 - [MESSAGE][INFO] - Smart Wait Function is triggered

03-01-2024T15:54:51 - [MESSAGE][INFO] - Smart Wait Function is triggered

03-01-2024T15:54:51 - [MESSAGE][INFO] - Smart Wait Function is triggered

03-01-2024T15:54:51 - [MESSAGE][INFO] - Smart Wait Function is triggered

03-01-2024T15:54:51 - [MESSAGE][INFO] - Smart Wait Function is triggered

03-01-2024T15:54:51 - [MESSAGE][INFO] - Smart Wait Function is triggered

03-01-2024T15:54:51 - [MESSAGE][INFO] - Smart Wait Function is triggered

03-01-2024T15:54:51 - [MESSAGE][INFO] - Smart Wait Function is triggered

03-01-2024T15:54:51 - [MESSAGE][INFO] - Smart Wait Function is triggered

03-01-2024T15:54:51 - [MESSAGE][INFO] - Smart Wait Function is triggered

03-01-2024T15:54:51 - [MESSAGE][INFO] - Smart Wait Function is triggered

03-01-2024T15:54:51 - [MESSAGE][INFO] - Smart Wait Function is triggered

03-01-2024T15:54:51 - [MESSAGE][INFO] - Smart Wait Function is triggered

03-01-2024T15:54:51 - [MESSAGE][INFO] - Smart Wait Function is triggered

03-01-2024T15:54:51 - [MESSAGE][INFO] - Smart Wait Function is triggered

03-01-2024T15:54:51 - [MESSAGE][INFO] - Smart Wait Function is triggered

03-01-2024T15:54:51 - [MESSAGE][INFO] - Smart Wait Function is triggered

03-01-2024T15:54:51 - [MESSAGE][INFO] - Smart Wait Function is triggered

03-01-2024T15:54:51 - [MESSAGE][INFO] - Smart Wait Function is triggered

03-01-2024T15:54:51 - [MESSAGE][INFO] - Smart Wait Function is triggered

03-01-2024T15:54:51 - [MESSAGE][INFO] - Smart Wait Function is triggered

03-01-2024T15:54:51 - [MESSAGE][INFO] - Smart Wait Function is triggered

03-01-2024T15:54:51 - [MESSAGE][INFO] - Smart Wait Function is triggered

03-01-2024T15:54:51 - [MESSAGE][INFO] - Smart Wait Function is triggered

03-01-2024T15:54:51 - [MESSAGE][INFO] - Smart Wait Function is triggered

03-01-2024T15:54:51 - [MESSAGE][INFO] - Smart Wait Function is triggered

03-01-2024T15:54:51 - [MESSAGE][INFO] - Smart Wait Function is triggered

03-01-2024T15:54:51 - [MESSAGE][INFO] - Smart Wait Function is triggered

03-01-2024T15:54:51 - [MESSAGE][INFO] - Smart Wait Function is triggered

03-01-2024T15:54:51 - [MESSAGE][INFO] - Smart Wait Function is triggered

03-01-2024T15:54:51 - [MESSAGE][INFO] - Smart Wait Function is triggered

03-01-2024T15:54:52 - [MESSAGE][INFO] - Smart Wait Function is triggered

03-01-2024T15:54:52 - [MESSAGE][INFO] - Smart Wait Function is triggered

03-01-2024T15:54:52 - [MESSAGE][INFO] - Smart Wait Function is triggered

03-01-2024T15:54:52 - [MESSAGE][INFO] - Smart Wait Function is triggered

03-01-2024T15:54:52 - [MESSAGE][INFO] - Smart Wait Function is triggered

03-01-2024T15:54:52 - [MESSAGE][INFO] - Smart Wait Function is triggered

03-01-2024T15:54:52 - [MESSAGE][INFO] - Smart Wait Function is triggered

03-01-2024T15:54:52 - [MESSAGE][INFO] - Smart Wait Function is triggered

03-01-2024T15:54:52 - [MESSAGE][INFO] - Smart Wait Function is triggered

03-01-2024T15:54:52 - [MESSAGE][INFO] - Smart Wait Function is triggered

03-01-2024T15:54:52 - [MESSAGE][INFO] - Smart Wait Function is triggered

03-01-2024T15:54:52 - [MESSAGE][INFO] - Smart Wait Function is triggered

03-01-2024T15:54:52 - [MESSAGE][INFO] - Smart Wait Function is triggered

03-01-2024T15:54:52 - [MESSAGE][INFO] - Smart Wait Function is triggered

03-01-2024T15:54:52 - [MESSAGE][INFO] - Smart Wait Function is triggered

03-01-2024T15:54:52 - [MESSAGE][INFO] - Smart Wait Function is triggered

03-01-2024T15:54:52 - [MESSAGE][INFO] - Smart Wait Function is triggered

03-01-2024T15:54:52 - [MESSAGE][INFO] - Smart Wait Function is triggered

03-01-2024T15:54:52 - [MESSAGE][INFO] - Smart Wait Function is triggered

03-01-2024T15:54:52 - [MESSAGE][INFO] - Smart Wait Function is triggered

03-01-2024T15:54:52 - [MESSAGE][INFO] - Smart Wait Function is triggered

03-01-2024T15:54:52 - [MESSAGE][INFO] - Smart Wait Function is triggered

03-01-2024T15:54:52 - [MESSAGE][INFO] - Unable to find the element located by 'By.xpath: /html/body/app-root/div/app-portal/main/app-theme-v2/div/app-triage/div/div/div/form/div[2]/div/p-message/div/span[2]'. Please recheck the objects properties to make sure the desired element is located. 

03-01-2024T15:54:52 - [MESSAGE][WARNING] - com.kms.katalon.core.webui.exception.WebElementNotFoundException: Web element with id: 'Object Repository/Page_Accueil_Usager/Verif_PopUpTropTotPourDemanderLeRenouvellementDeVotreTitre' located by '/html/body/app-root/div/app-portal/main/app-theme-v2/div/app-triage/div/div/div/form/div[2]/div/p-message/div/span[2]' not found (Root cause: com.kms.katalon.core.exception.StepFailedException: com.kms.katalon.core.webui.exception.WebElementNotFoundException: Web element with id: 'Object Repository/Page_Accueil_Usager/Verif_PopUpTropTotPourDemanderLeRenouvellementDeVotreTitre' located by '/html/body/app-root/div/app-portal/main/app-theme-v2/div/app-triage/div/div/div/form/div[2]/div/p-message/div/span[2]' not found
	at com.kms.katalon.core.webui.keyword.internal.WebUIKeywordMain.stepFailed(WebUIKeywordMain.groovy:64)
	at com.kms.katalon.core.webui.keyword.builtin.VerifyElementPresentKeyword$_verifyElementPresent_closure1.doCall(VerifyElementPresentKeyword.groovy:85)
	at com.kms.katalon.core.webui.keyword.builtin.VerifyElementPresentKeyword$_verifyElementPresent_closure1.call(VerifyElementPresentKeyword.groovy)
	at com.kms.katalon.core.webui.keyword.internal.WebUIKeywordMain.runKeyword(WebUIKeywordMain.groovy:20)
	at com.kms.katalon.core.webui.keyword.builtin.VerifyElementPresentKeyword.verifyElementPresent(VerifyElementPresentKeyword.groovy:92)
	at com.kms.katalon.core.webui.keyword.builtin.VerifyElementPresentKeyword.execute(VerifyElementPresentKeyword.groovy:68)
	at com.kms.katalon.core.keyword.internal.KeywordExecutor.executeKeywordForPlatform(KeywordExecutor.groovy:74)
	at com.kms.katalon.core.webui.keyword.WebUiBuiltInKeywords.verifyElementPresent(WebUiBuiltInKeywords.groovy:1487)
	at java.base/jdk.internal.reflect.NativeMethodAccessorImpl.invoke0(Native Method)
	at java.base/jdk.internal.reflect.NativeMethodAccessorImpl.invoke(NativeMethodAccessorImpl.java:77)
	at java.base/jdk.internal.reflect.DelegatingMethodAccessorImpl.invoke(DelegatingMethodAccessorImpl.java:43)
	at com.kazurayam.ksbackyard.HighlightElement$_pandemic_closure1.doCall(HighlightElement.groovy:105)
	at jdk.internal.reflect.GeneratedMethodAccessor5.invoke(Unknown Source)
	at java.base/jdk.internal.reflect.DelegatingMethodAccessorImpl.invoke(DelegatingMethodAccessorImpl.java:43)
	at Verif_PopUpTropTotPourDemanderLeRenouvellementDeVotreTitre.run(Verif_PopUpTropTotPourDemanderLeRenouvellementDeVotreTitre:28)
	at com.kms.katalon.core.main.ScriptEngine.run(ScriptEngine.java:194)
	at com.kms.katalon.core.main.ScriptEngine.runScriptAsRawText(ScriptEngine.java:119)
	at com.kms.katalon.core.main.TestCaseExecutor.runScript(TestCaseExecutor.java:448)
	at com.kms.katalon.core.main.TestCaseExecutor.doExecute(TestCaseExecutor.java:439)
	at com.kms.katalon.core.main.TestCaseExecutor.processExecutionPhase(TestCaseExecutor.java:418)
	at com.kms.katalon.core.main.TestCaseExecutor.accessMainPhase(TestCaseExecutor.java:410)
	at com.kms.katalon.core.main.TestCaseExecutor.execute(TestCaseExecutor.java:285)
	at com.kms.katalon.core.main.TestCaseMain.runTestCase(TestCaseMain.java:137)
	at com.kms.katalon.core.keyword.builtin.CallTestCaseKeyword$_callTestCase_closure1.doCall(CallTestCaseKeyword.groovy:59)
	at com.kms.katalon.core.keyword.builtin.CallTestCaseKeyword$_callTestCase_closure1.call(CallTestCaseKeyword.groovy)
	at com.kms.katalon.core.keyword.internal.KeywordMain.runKeyword(KeywordMain.groovy:75)
	at com.kms.katalon.core.keyword.builtin.CallTestCaseKeyword.callTestCase(CallTestCaseKeyword.groovy:81)
	at com.kms.katalon.core.keyword.builtin.CallTestCaseKeyword.execute(CallTestCaseKeyword.groovy:44)
	at com.kms.katalon.core.keyword.internal.KeywordExecutor.executeKeywordForPlatform(KeywordExecutor.groovy:74)
	at com.kms.katalon.core.keyword.BuiltinKeywords.callTestCase(BuiltinKeywords.groovy:310)
	at java.base/jdk.internal.reflect.NativeMethodAccessorImpl.invoke0(Native Method)
	at java.base/jdk.internal.reflect.NativeMethodAccessorImpl.invoke(NativeMethodAccessorImpl.java:77)
	at java.base/jdk.internal.reflect.DelegatingMethodAccessorImpl.invoke(DelegatingMethodAccessorImpl.java:43)
	at com.kazurayam.ksbackyard.HighlightElement$_pandemic_closure1.doCall(HighlightElement.groovy:105)
	at jdk.internal.reflect.GeneratedMethodAccessor5.invoke(Unknown Source)
	at java.base/jdk.internal.reflect.DelegatingMethodAccessorImpl.invoke(DelegatingMethodAccessorImpl.java:43)
	at FormulaireTypeDeTitreDeSejour.run(FormulaireTypeDeTitreDeSejour:315)
	at com.kms.katalon.core.main.ScriptEngine.run(ScriptEngine.java:194)
	at com.kms.katalon.core.main.ScriptEngine.runScriptAsRawText(ScriptEngine.java:119)
	at com.kms.katalon.core.main.TestCaseExecutor.runScript(TestCaseExecutor.java:448)
	at com.kms.katalon.core.main.TestCaseExecutor.doExecute(TestCaseExecutor.java:439)
	at com.kms.katalon.core.main.TestCaseExecutor.processExecutionPhase(TestCaseExecutor.java:418)
	at com.kms.katalon.core.main.TestCaseExecutor.accessMainPhase(TestCaseExecutor.java:410)
	at com.kms.katalon.core.main.TestCaseExecutor.execute(TestCaseExecutor.java:285)
	at com.kms.katalon.core.main.TestCaseMain.runTestCase(TestCaseMain.java:137)
	at com.kms.katalon.core.keyword.builtin.CallTestCaseKeyword$_callTestCase_closure1.doCall(CallTestCaseKeyword.groovy:59)
	at com.kms.katalon.core.keyword.builtin.CallTestCaseKeyword$_callTestCase_closure1.call(CallTestCaseKeyword.groovy)
	at com.kms.katalon.core.keyword.internal.KeywordMain.runKeyword(KeywordMain.groovy:75)
	at com.kms.katalon.core.keyword.builtin.CallTestCaseKeyword.callTestCase(CallTestCaseKeyword.groovy:81)
	at com.kms.katalon.core.keyword.builtin.CallTestCaseKeyword.execute(CallTestCaseKeyword.groovy:44)
	at com.kms.katalon.core.keyword.internal.KeywordExecutor.executeKeywordForPlatform(KeywordExecutor.groovy:74)
	at com.kms.katalon.core.keyword.BuiltinKeywords.callTestCase(BuiltinKeywords.groovy:310)
	at java.base/jdk.internal.reflect.NativeMethodAccessorImpl.invoke0(Native Method)
	at java.base/jdk.internal.reflect.NativeMethodAccessorImpl.invoke(NativeMethodAccessorImpl.java:77)
	at java.base/jdk.internal.reflect.DelegatingMethodAccessorImpl.invoke(DelegatingMethodAccessorImpl.java:43)
	at com.kazurayam.ksbackyard.HighlightElement$_pandemic_closure1.doCall(HighlightElement.groovy:105)
	at jdk.internal.reflect.GeneratedMethodAccessor5.invoke(Unknown Source)
	at java.base/jdk.internal.reflect.DelegatingMethodAccessorImpl.invoke(DelegatingMethodAccessorImpl.java:43)
	at TNR R.TSPT Supp90-Visiteur.run(TNR R.TSPT Supp90-Visiteur:43)
	at com.kms.katalon.core.main.ScriptEngine.run(ScriptEngine.java:194)
	at com.kms.katalon.core.main.ScriptEngine.runScriptAsRawText(ScriptEngine.java:119)
	at com.kms.katalon.core.main.TestCaseExecutor.runScript(TestCaseExecutor.java:448)
	at com.kms.katalon.core.main.TestCaseExecutor.doExecute(TestCaseExecutor.java:439)
	at com.kms.katalon.core.main.TestCaseExecutor.processExecutionPhase(TestCaseExecutor.java:418)
	at com.kms.katalon.core.main.TestCaseExecutor.accessMainPhase(TestCaseExecutor.java:410)
	at com.kms.katalon.core.main.TestCaseExecutor.execute(TestCaseExecutor.java:285)
	at com.kms.katalon.core.common.CommonExecutor.accessTestCaseMainPhase(CommonExecutor.java:65)
	at com.kms.katalon.core.main.TestSuiteExecutor.accessTestSuiteMainPhase(TestSuiteExecutor.java:148)
	at com.kms.katalon.core.main.TestSuiteExecutor.execute(TestSuiteExecutor.java:106)
	at com.kms.katalon.core.main.TestCaseMain.startTestSuite(TestCaseMain.java:180)
	at TempTestSuite1704293543711.run(TempTestSuite1704293543711.groovy:36)
	at java.base/jdk.internal.reflect.NativeMethodAccessorImpl.invoke0(Native Method)
	at java.base/jdk.internal.reflect.NativeMethodAccessorImpl.invoke(NativeMethodAccessorImpl.java:77)
	at java.base/jdk.internal.reflect.DelegatingMethodAccessorImpl.invoke(DelegatingMethodAccessorImpl.java:43)
)
[[ATTACHMENT|C:\\Users\\ISSAM.RHARBAOUI\\git\\ANEF-RenouvellementSejour\\Reports\\20240103_155223\\TS_TNR_R.TSPT_Suppo90\\20240103_155223\\1704293692525.png]]

03-01-2024T15:54:52 - [TEST_STEP][PASSED] - if (MsgAlertPresent): null

03-01-2024T15:54:52 - [TEST_STEP][PASSED] - else:  C'est le bon Moment pour demander le renouvellement de votre titre.

03-01-2024T15:54:52 - [TEST_STEP][PASSED] - markPassed(" C'est le bon Moment pour demander le renouvellement de votre titre."):  C'est le bon Moment pour demander le renouvellement de votre titre.

03-01-2024T15:54:52 - [MESSAGE][PASSED] -  C'est le bon Moment pour demander le renouvellement de votre titre.

03-01-2024T15:54:52 - [MESSAGE][PASSED] - Call Test Case 'Test Cases/Test Reutilisable/Main/Verif_PopUpTropTotPourDemanderLeRenouvellementDeVotreTitre' successfully

03-01-2024T15:54:52 - [MESSAGE][PASSED] - Call Test Case 'Test Cases/Test Reutilisable/DemandeOuRenouvelle_TitreSejour/FormulaireTypeDeTitreDeSejour' successfully

03-01-2024T15:54:52 - [TEST_STEP][PASSED] - if (StopTestCase == false): null

03-01-2024T15:54:52 - [TEST_STEP][PASSED] - callTestCase(findTestCase("Test Reutilisable/DemandeOuRenouvelle_TitreSejour/FormulaireInformationsPersonnelles"), ["AdresseUsager":AdresseUsager, "NumeroTelephoneUsager":NumeroTelephoneUsager], STOP_ON_FAILURE): Call Test Case 'Test Cases/Test Reutilisable/DemandeOuRenouvelle_TitreSejour/FormulaireInformationsPersonnelles' successfully

03-01-2024T15:54:52 - [MESSAGE][INFO] - Checking called Test Case

03-01-2024T15:54:52 - [MESSAGE][INFO] - Starting to call Test Case 'Test Cases/Test Reutilisable/DemandeOuRenouvelle_TitreSejour/FormulaireInformationsPersonnelles'

03-01-2024T15:54:52 - [TEST_CASE][PASSED] - Test Cases/Test Reutilisable/DemandeOuRenouvelle_TitreSejour/FormulaireInformationsPersonnelles: Test Cases/Test Reutilisable/DemandeOuRenouvelle_TitreSejour/FormulaireInformationsPersonnelles

03-01-2024T15:54:54 - [TEST_STEP][PASSED] - com.kazurayam.ksbackyard.HighlightElement.pandemic(): com.kazurayam.ksbackyard.HighlightElement.pandemic is PASSED

03-01-2024T15:54:54 - [MESSAGE][PASSED] - com.kazurayam.ksbackyard.HighlightElement.pandemic is PASSED

03-01-2024T15:54:54 - [TEST_STEP][PASSED] - if (verifyElementPresent(findTestObject("Object Repository/Page_InformationPersonnelles_Usager/CheckBox_liensPersonnelsFamiliaux_1_Non"), 1, OPTIONAL)): null

03-01-2024T15:54:54 - [MESSAGE][INFO] - Finding Test Object 'Object Repository/Page_InformationPersonnelles_Usager/CheckBox_liensPersonnelsFamiliaux_1_Non'

03-01-2024T15:54:54 - [MESSAGE][INFO] - Checking object

03-01-2024T15:54:54 - [MESSAGE][INFO] - Finding web element from Test Object's properties

03-01-2024T15:54:54 - [MESSAGE][INFO] - Checking timeout

03-01-2024T15:54:54 - [MESSAGE][INFO] - Finding web element with id: 'Object Repository/Page_InformationPersonnelles_Usager/CheckBox_liensPersonnelsFamiliaux_1_Non' located by 'By.xpath: //div/div/div[1]/div/anef-input-radio/div/div/fieldset/div/div[2]/p-radiobutton/div/div[2]/span|//div/app-has-enfants-charge/div/div/anef-input-radio/div/div/fieldset/div/div[2]/p-radiobutton/div/div[2]/span' in '1' second(s)

03-01-2024T15:54:54 - [MESSAGE][INFO] - Smart Wait Function is triggered

03-01-2024T15:54:54 - [MESSAGE][INFO] - Found 2 web elements with id: 'Object Repository/Page_InformationPersonnelles_Usager/CheckBox_liensPersonnelsFamiliaux_1_Non' located by 'By.xpath: //div/div/div[1]/div/anef-input-radio/div/div/fieldset/div/div[2]/p-radiobutton/div/div[2]/span|//div/app-has-enfants-charge/div/div/anef-input-radio/div/div/fieldset/div/div[2]/p-radiobutton/div/div[2]/span' in '1' second(s)

03-01-2024T15:54:54 - [MESSAGE][PASSED] - Object 'Object Repository/Page_InformationPersonnelles_Usager/CheckBox_liensPersonnelsFamiliaux_1_Non' is present

03-01-2024T15:54:54 - [TEST_STEP][PASSED] - check(findTestObject("Object Repository/Page_InformationPersonnelles_Usager/CheckBox_liensPersonnelsFamiliaux_1_Non"), OPTIONAL): Object 'Object Repository/Page_InformationPersonnelles_Usager/CheckBox_liensPersonnelsFamiliaux_1_Non' is checked

03-01-2024T15:54:54 - [MESSAGE][INFO] - Finding Test Object 'Object Repository/Page_InformationPersonnelles_Usager/CheckBox_liensPersonnelsFamiliaux_1_Non'

03-01-2024T15:54:54 - [MESSAGE][INFO] - Checking object

03-01-2024T15:54:54 - [MESSAGE][INFO] - Finding web element from Test Object's properties

03-01-2024T15:54:54 - [MESSAGE][INFO] - Checking timeout

03-01-2024T15:54:54 - [MESSAGE][INFO] - Finding web element with id: 'Object Repository/Page_InformationPersonnelles_Usager/CheckBox_liensPersonnelsFamiliaux_1_Non' located by 'By.xpath: //div/div/div[1]/div/anef-input-radio/div/div/fieldset/div/div[2]/p-radiobutton/div/div[2]/span|//div/app-has-enfants-charge/div/div/anef-input-radio/div/div/fieldset/div/div[2]/p-radiobutton/div/div[2]/span' in '5' second(s)

03-01-2024T15:54:54 - [MESSAGE][INFO] - Smart Wait Function is triggered

03-01-2024T15:54:54 - [MESSAGE][INFO] - Found 2 web elements with id: 'Object Repository/Page_InformationPersonnelles_Usager/CheckBox_liensPersonnelsFamiliaux_1_Non' located by 'By.xpath: //div/div/div[1]/div/anef-input-radio/div/div/fieldset/div/div[2]/p-radiobutton/div/div[2]/span|//div/app-has-enfants-charge/div/div/anef-input-radio/div/div/fieldset/div/div[2]/p-radiobutton/div/div[2]/span' in '5' second(s)

03-01-2024T15:54:54 - [MESSAGE][INFO] - Checking on bject 'Object Repository/Page_InformationPersonnelles_Usager/CheckBox_liensPersonnelsFamiliaux_1_Non'

03-01-2024T15:54:56 - [MESSAGE][PASSED] - Object 'Object Repository/Page_InformationPersonnelles_Usager/CheckBox_liensPersonnelsFamiliaux_1_Non' is checked

03-01-2024T15:54:56 - [TEST_STEP][PASSED] - delay(2): Delayed 2 second(s)

03-01-2024T15:54:56 - [MESSAGE][INFO] - Delaying browser in 2 second(s)

03-01-2024T15:54:58 - [MESSAGE][PASSED] - Delayed 2 second(s)

03-01-2024T15:54:58 - [TEST_STEP][PASSED] - if (verifyElementPresent(findTestObject("Object Repository/Page_InformationPersonnelles_Usager/CheckBox_liensPersonnelsFamiliaux_2_Non"), 1, OPTIONAL)): null

03-01-2024T15:54:58 - [MESSAGE][INFO] - Finding Test Object 'Object Repository/Page_InformationPersonnelles_Usager/CheckBox_liensPersonnelsFamiliaux_2_Non'

03-01-2024T15:54:58 - [MESSAGE][INFO] - Checking object

03-01-2024T15:54:58 - [MESSAGE][INFO] - Finding web element from Test Object's properties

03-01-2024T15:54:58 - [MESSAGE][INFO] - Checking timeout

03-01-2024T15:54:58 - [MESSAGE][INFO] - Finding web element with id: 'Object Repository/Page_InformationPersonnelles_Usager/CheckBox_liensPersonnelsFamiliaux_2_Non' located by 'By.xpath: //div/div/div[2]/div/anef-input-radio/div/div/fieldset/div/div[2]/p-radiobutton/div/div[2]' in '1' second(s)

03-01-2024T15:54:58 - [MESSAGE][INFO] - Smart Wait Function is triggered

03-01-2024T15:54:58 - [MESSAGE][INFO] - Found 1 web elements with id: 'Object Repository/Page_InformationPersonnelles_Usager/CheckBox_liensPersonnelsFamiliaux_2_Non' located by 'By.xpath: //div/div/div[2]/div/anef-input-radio/div/div/fieldset/div/div[2]/p-radiobutton/div/div[2]' in '1' second(s)

03-01-2024T15:54:58 - [MESSAGE][PASSED] - Object 'Object Repository/Page_InformationPersonnelles_Usager/CheckBox_liensPersonnelsFamiliaux_2_Non' is present

03-01-2024T15:54:58 - [TEST_STEP][PASSED] - check(findTestObject("Object Repository/Page_InformationPersonnelles_Usager/CheckBox_liensPersonnelsFamiliaux_2_Non"), OPTIONAL): Object 'Object Repository/Page_InformationPersonnelles_Usager/CheckBox_liensPersonnelsFamiliaux_2_Non' is checked

03-01-2024T15:54:58 - [MESSAGE][INFO] - Finding Test Object 'Object Repository/Page_InformationPersonnelles_Usager/CheckBox_liensPersonnelsFamiliaux_2_Non'

03-01-2024T15:54:58 - [MESSAGE][INFO] - Checking object

03-01-2024T15:54:58 - [MESSAGE][INFO] - Finding web element from Test Object's properties

03-01-2024T15:54:58 - [MESSAGE][INFO] - Checking timeout

03-01-2024T15:54:58 - [MESSAGE][INFO] - Finding web element with id: 'Object Repository/Page_InformationPersonnelles_Usager/CheckBox_liensPersonnelsFamiliaux_2_Non' located by 'By.xpath: //div/div/div[2]/div/anef-input-radio/div/div/fieldset/div/div[2]/p-radiobutton/div/div[2]' in '5' second(s)

03-01-2024T15:54:58 - [MESSAGE][INFO] - Smart Wait Function is triggered

03-01-2024T15:54:58 - [MESSAGE][INFO] - Found 1 web elements with id: 'Object Repository/Page_InformationPersonnelles_Usager/CheckBox_liensPersonnelsFamiliaux_2_Non' located by 'By.xpath: //div/div/div[2]/div/anef-input-radio/div/div/fieldset/div/div[2]/p-radiobutton/div/div[2]' in '5' second(s)

03-01-2024T15:54:58 - [MESSAGE][INFO] - Checking on bject 'Object Repository/Page_InformationPersonnelles_Usager/CheckBox_liensPersonnelsFamiliaux_2_Non'

03-01-2024T15:55:01 - [MESSAGE][PASSED] - Object 'Object Repository/Page_InformationPersonnelles_Usager/CheckBox_liensPersonnelsFamiliaux_2_Non' is checked

03-01-2024T15:55:01 - [TEST_STEP][PASSED] - delay(2): Delayed 2 second(s)

03-01-2024T15:55:01 - [MESSAGE][INFO] - Delaying browser in 2 second(s)

03-01-2024T15:55:03 - [MESSAGE][PASSED] - Delayed 2 second(s)

03-01-2024T15:55:03 - [TEST_STEP][PASSED] - if (verifyElementPresent(findTestObject("Object Repository/Page_InformationPersonnelles_Usager/CheckBox_DesEnfantsACharge_Non"), 1, OPTIONAL)): null

03-01-2024T15:55:03 - [MESSAGE][INFO] - Finding Test Object 'Object Repository/Page_InformationPersonnelles_Usager/CheckBox_DesEnfantsACharge_Non'

03-01-2024T15:55:03 - [MESSAGE][INFO] - Checking object

03-01-2024T15:55:03 - [MESSAGE][INFO] - Finding web element from Test Object's properties

03-01-2024T15:55:03 - [MESSAGE][INFO] - Checking timeout

03-01-2024T15:55:03 - [MESSAGE][INFO] - Finding web element with id: 'Object Repository/Page_InformationPersonnelles_Usager/CheckBox_DesEnfantsACharge_Non' located by 'By.xpath: //app-demande-ptsq//app-informations-personnelles-shared//app-has-enfants-charge//div//fieldset/div/div[2]/p-radiobutton/div/div[2]/span|//app-demande-visiteur//app-informations-personnelles-shared//app-has-enfants-charge/div/div/anef-input-radio/div/div/fieldset/div/div[2]/p-radiobutton/div/div[2]/span|//app-demande-ptch//app-informations-personnelles-shared//app-has-enfants-charge/div/div/anef-input-radio/div/div/fieldset/div/div[2]/p-radiobutton/div/div[2]/span|//div/app-has-enfants-charge/div/div/anef-input-radio/div/div/fieldset/div/div[2]/p-radiobutton/div/div[2]/span|//div/div/div[2]/div/anef-input-radio/div/div/fieldset/div/div[2]/p-radiobutton/div/div[2]/span
' in '1' second(s)

03-01-2024T15:55:03 - [MESSAGE][INFO] - Smart Wait Function is triggered

03-01-2024T15:55:03 - [MESSAGE][INFO] - Found 1 web elements with id: 'Object Repository/Page_InformationPersonnelles_Usager/CheckBox_DesEnfantsACharge_Non' located by 'By.xpath: //app-demande-ptsq//app-informations-personnelles-shared//app-has-enfants-charge//div//fieldset/div/div[2]/p-radiobutton/div/div[2]/span|//app-demande-visiteur//app-informations-personnelles-shared//app-has-enfants-charge/div/div/anef-input-radio/div/div/fieldset/div/div[2]/p-radiobutton/div/div[2]/span|//app-demande-ptch//app-informations-personnelles-shared//app-has-enfants-charge/div/div/anef-input-radio/div/div/fieldset/div/div[2]/p-radiobutton/div/div[2]/span|//div/app-has-enfants-charge/div/div/anef-input-radio/div/div/fieldset/div/div[2]/p-radiobutton/div/div[2]/span|//div/div/div[2]/div/anef-input-radio/div/div/fieldset/div/div[2]/p-radiobutton/div/div[2]/span
' in '1' second(s)

03-01-2024T15:55:03 - [MESSAGE][PASSED] - Object 'Object Repository/Page_InformationPersonnelles_Usager/CheckBox_DesEnfantsACharge_Non' is present

03-01-2024T15:55:03 - [TEST_STEP][PASSED] - check(findTestObject("Object Repository/Page_InformationPersonnelles_Usager/CheckBox_DesEnfantsACharge_Non"), OPTIONAL): Object 'Object Repository/Page_InformationPersonnelles_Usager/CheckBox_DesEnfantsACharge_Non' is checked

03-01-2024T15:55:03 - [MESSAGE][INFO] - Finding Test Object 'Object Repository/Page_InformationPersonnelles_Usager/CheckBox_DesEnfantsACharge_Non'

03-01-2024T15:55:03 - [MESSAGE][INFO] - Checking object

03-01-2024T15:55:03 - [MESSAGE][INFO] - Finding web element from Test Object's properties

03-01-2024T15:55:03 - [MESSAGE][INFO] - Checking timeout

03-01-2024T15:55:03 - [MESSAGE][INFO] - Finding web element with id: 'Object Repository/Page_InformationPersonnelles_Usager/CheckBox_DesEnfantsACharge_Non' located by 'By.xpath: //app-demande-ptsq//app-informations-personnelles-shared//app-has-enfants-charge//div//fieldset/div/div[2]/p-radiobutton/div/div[2]/span|//app-demande-visiteur//app-informations-personnelles-shared//app-has-enfants-charge/div/div/anef-input-radio/div/div/fieldset/div/div[2]/p-radiobutton/div/div[2]/span|//app-demande-ptch//app-informations-personnelles-shared//app-has-enfants-charge/div/div/anef-input-radio/div/div/fieldset/div/div[2]/p-radiobutton/div/div[2]/span|//div/app-has-enfants-charge/div/div/anef-input-radio/div/div/fieldset/div/div[2]/p-radiobutton/div/div[2]/span|//div/div/div[2]/div/anef-input-radio/div/div/fieldset/div/div[2]/p-radiobutton/div/div[2]/span
' in '5' second(s)

03-01-2024T15:55:03 - [MESSAGE][INFO] - Smart Wait Function is triggered

03-01-2024T15:55:03 - [MESSAGE][INFO] - Found 1 web elements with id: 'Object Repository/Page_InformationPersonnelles_Usager/CheckBox_DesEnfantsACharge_Non' located by 'By.xpath: //app-demande-ptsq//app-informations-personnelles-shared//app-has-enfants-charge//div//fieldset/div/div[2]/p-radiobutton/div/div[2]/span|//app-demande-visiteur//app-informations-personnelles-shared//app-has-enfants-charge/div/div/anef-input-radio/div/div/fieldset/div/div[2]/p-radiobutton/div/div[2]/span|//app-demande-ptch//app-informations-personnelles-shared//app-has-enfants-charge/div/div/anef-input-radio/div/div/fieldset/div/div[2]/p-radiobutton/div/div[2]/span|//div/app-has-enfants-charge/div/div/anef-input-radio/div/div/fieldset/div/div[2]/p-radiobutton/div/div[2]/span|//div/div/div[2]/div/anef-input-radio/div/div/fieldset/div/div[2]/p-radiobutton/div/div[2]/span
' in '5' second(s)

03-01-2024T15:55:03 - [MESSAGE][INFO] - Checking on bject 'Object Repository/Page_InformationPersonnelles_Usager/CheckBox_DesEnfantsACharge_Non'

03-01-2024T15:55:05 - [MESSAGE][PASSED] - Object 'Object Repository/Page_InformationPersonnelles_Usager/CheckBox_DesEnfantsACharge_Non' is checked

03-01-2024T15:55:05 - [TEST_STEP][PASSED] - delay(2): Delayed 2 second(s)

03-01-2024T15:55:05 - [MESSAGE][INFO] - Delaying browser in 2 second(s)

03-01-2024T15:55:07 - [MESSAGE][PASSED] - Delayed 2 second(s)

03-01-2024T15:55:07 - [TEST_STEP][PASSED] - setText(findTestObject("Object Repository/Page_InformationPersonnelles_Usager/Input_AdresseUsager"), AdresseUsager, OPTIONAL): Text '2 rue des 3 moulins 77000 melun' is set on object 'Object Repository/Page_InformationPersonnelles_Usager/Input_AdresseUsager'

03-01-2024T15:55:07 - [MESSAGE][INFO] - Finding Test Object 'Object Repository/Page_InformationPersonnelles_Usager/Input_AdresseUsager'

03-01-2024T15:55:07 - [MESSAGE][INFO] - Checking timeout

03-01-2024T15:55:07 - [MESSAGE][INFO] - Finding web element with id: 'Object Repository/Page_InformationPersonnelles_Usager/Input_AdresseUsager' located by 'By.xpath: //app-informations-personnelles//app-adresse-etalab//app-vls-ts-etalab//div/input|//app-informations-personnelles-shared//app-adresse-etalab//app-vls-ts-etalab//div/input' in '20' second(s)

03-01-2024T15:55:07 - [MESSAGE][INFO] - Smart Wait Function is triggered

03-01-2024T15:55:07 - [MESSAGE][INFO] - Found 1 web elements with id: 'Object Repository/Page_InformationPersonnelles_Usager/Input_AdresseUsager' located by 'By.xpath: //app-informations-personnelles//app-adresse-etalab//app-vls-ts-etalab//div/input|//app-informations-personnelles-shared//app-adresse-etalab//app-vls-ts-etalab//div/input' in '20' second(s)

03-01-2024T15:55:07 - [MESSAGE][INFO] - Checking object

03-01-2024T15:55:07 - [MESSAGE][INFO] - Checking text

03-01-2024T15:55:07 - [MESSAGE][INFO] - Finding web element from Test Object's properties

03-01-2024T15:55:07 - [MESSAGE][INFO] - Checking timeout

03-01-2024T15:55:07 - [MESSAGE][INFO] - Finding web element with id: 'Object Repository/Page_InformationPersonnelles_Usager/Input_AdresseUsager' located by 'By.xpath: //app-informations-personnelles//app-adresse-etalab//app-vls-ts-etalab//div/input|//app-informations-personnelles-shared//app-adresse-etalab//app-vls-ts-etalab//div/input' in '5' second(s)

03-01-2024T15:55:07 - [MESSAGE][INFO] - Smart Wait Function is triggered

03-01-2024T15:55:07 - [MESSAGE][INFO] - Found 1 web elements with id: 'Object Repository/Page_InformationPersonnelles_Usager/Input_AdresseUsager' located by 'By.xpath: //app-informations-personnelles//app-adresse-etalab//app-vls-ts-etalab//div/input|//app-informations-personnelles-shared//app-adresse-etalab//app-vls-ts-etalab//div/input' in '5' second(s)

03-01-2024T15:55:07 - [MESSAGE][INFO] - Clearing text of object 'Object Repository/Page_InformationPersonnelles_Usager/Input_AdresseUsager'

03-01-2024T15:55:09 - [MESSAGE][INFO] - Finding web element from Test Object's properties

03-01-2024T15:55:09 - [MESSAGE][INFO] - Checking timeout

03-01-2024T15:55:09 - [MESSAGE][INFO] - Finding web element with id: 'Object Repository/Page_InformationPersonnelles_Usager/Input_AdresseUsager' located by 'By.xpath: //app-informations-personnelles//app-adresse-etalab//app-vls-ts-etalab//div/input|//app-informations-personnelles-shared//app-adresse-etalab//app-vls-ts-etalab//div/input' in '5' second(s)

03-01-2024T15:55:09 - [MESSAGE][INFO] - Smart Wait Function is triggered

03-01-2024T15:55:09 - [MESSAGE][INFO] - Found 1 web elements with id: 'Object Repository/Page_InformationPersonnelles_Usager/Input_AdresseUsager' located by 'By.xpath: //app-informations-personnelles//app-adresse-etalab//app-vls-ts-etalab//div/input|//app-informations-personnelles-shared//app-adresse-etalab//app-vls-ts-etalab//div/input' in '5' second(s)

03-01-2024T15:55:09 - [MESSAGE][INFO] - Setting text of object 'Object Repository/Page_InformationPersonnelles_Usager/Input_AdresseUsager' to value '2 rue des 3 moulins 77000 melun'

03-01-2024T15:55:12 - [MESSAGE][PASSED] - Text '2 rue des 3 moulins 77000 melun' is set on object 'Object Repository/Page_InformationPersonnelles_Usager/Input_AdresseUsager'

03-01-2024T15:55:12 - [TEST_STEP][PASSED] - delay(2): Delayed 2 second(s)

03-01-2024T15:55:12 - [MESSAGE][INFO] - Delaying browser in 2 second(s)

03-01-2024T15:55:14 - [MESSAGE][PASSED] - Delayed 2 second(s)

03-01-2024T15:55:14 - [TEST_STEP][PASSED] - click(findTestObject("Object Repository/Page_InformationPersonnelles_Usager/select_AdresseUsager")): Object: 'Object Repository/Page_InformationPersonnelles_Usager/select_AdresseUsager' is clicked on

03-01-2024T15:55:14 - [MESSAGE][INFO] - Finding Test Object 'Object Repository/Page_InformationPersonnelles_Usager/select_AdresseUsager'

03-01-2024T15:55:14 - [MESSAGE][INFO] - Checking timeout

03-01-2024T15:55:14 - [MESSAGE][INFO] - Finding web element with id: 'Object Repository/Page_InformationPersonnelles_Usager/select_AdresseUsager' located by 'By.xpath: //app-informations-personnelles//app-adresse-etalab/div[1]/app-vls-ts-etalab//div/div/div/div/div/div[1]|//app-informations-personnelles-shared//app-adresse-etalab/div[1]/app-vls-ts-etalab/div/div/div/div/div/div[1]' in '20' second(s)

03-01-2024T15:55:14 - [MESSAGE][INFO] - Smart Wait Function is triggered

03-01-2024T15:55:14 - [MESSAGE][INFO] - Found 1 web elements with id: 'Object Repository/Page_InformationPersonnelles_Usager/select_AdresseUsager' located by 'By.xpath: //app-informations-personnelles//app-adresse-etalab/div[1]/app-vls-ts-etalab//div/div/div/div/div/div[1]|//app-informations-personnelles-shared//app-adresse-etalab/div[1]/app-vls-ts-etalab/div/div/div/div/div/div[1]' in '20' second(s)

03-01-2024T15:55:14 - [MESSAGE][INFO] - Checking object

03-01-2024T15:55:14 - [MESSAGE][INFO] - Checking timeout

03-01-2024T15:55:14 - [MESSAGE][INFO] - Finding web element from Test Object's properties

03-01-2024T15:55:14 - [MESSAGE][INFO] - Checking timeout

03-01-2024T15:55:14 - [MESSAGE][INFO] - Finding web element with id: 'Object Repository/Page_InformationPersonnelles_Usager/select_AdresseUsager' located by 'By.xpath: //app-informations-personnelles//app-adresse-etalab/div[1]/app-vls-ts-etalab//div/div/div/div/div/div[1]|//app-informations-personnelles-shared//app-adresse-etalab/div[1]/app-vls-ts-etalab/div/div/div/div/div/div[1]' in '5' second(s)

03-01-2024T15:55:14 - [MESSAGE][INFO] - Smart Wait Function is triggered

03-01-2024T15:55:14 - [MESSAGE][INFO] - Found 1 web elements with id: 'Object Repository/Page_InformationPersonnelles_Usager/select_AdresseUsager' located by 'By.xpath: //app-informations-personnelles//app-adresse-etalab/div[1]/app-vls-ts-etalab//div/div/div/div/div/div[1]|//app-informations-personnelles-shared//app-adresse-etalab/div[1]/app-vls-ts-etalab/div/div/div/div/div/div[1]' in '5' second(s)

03-01-2024T15:55:14 - [MESSAGE][INFO] - Clicking on object: 'Object Repository/Page_InformationPersonnelles_Usager/select_AdresseUsager'

03-01-2024T15:55:16 - [MESSAGE][PASSED] - Object: 'Object Repository/Page_InformationPersonnelles_Usager/select_AdresseUsager' is clicked on

03-01-2024T15:55:16 - [TEST_STEP][PASSED] - setText(findTestObject("Object Repository/Page_InformationPersonnelles_Usager/Input_NumeroDeTelephone"), NumeroTelephoneUsager, OPTIONAL): Text '0911223344' is set on object 'Object Repository/Page_InformationPersonnelles_Usager/Input_NumeroDeTelephone'

03-01-2024T15:55:16 - [MESSAGE][INFO] - Finding Test Object 'Object Repository/Page_InformationPersonnelles_Usager/Input_NumeroDeTelephone'

03-01-2024T15:55:16 - [MESSAGE][INFO] - Checking timeout

03-01-2024T15:55:16 - [MESSAGE][INFO] - Finding web element with id: 'Object Repository/Page_InformationPersonnelles_Usager/Input_NumeroDeTelephone' located by 'By.xpath: //*[@aria-labelledby="TELEPHONE_PORTABLE-label" and @type='text']' in '20' second(s)

03-01-2024T15:55:16 - [MESSAGE][INFO] - Smart Wait Function is triggered

03-01-2024T15:55:16 - [MESSAGE][INFO] - Found 1 web elements with id: 'Object Repository/Page_InformationPersonnelles_Usager/Input_NumeroDeTelephone' located by 'By.xpath: //*[@aria-labelledby="TELEPHONE_PORTABLE-label" and @type='text']' in '20' second(s)

03-01-2024T15:55:16 - [MESSAGE][INFO] - Checking object

03-01-2024T15:55:16 - [MESSAGE][INFO] - Checking text

03-01-2024T15:55:16 - [MESSAGE][INFO] - Finding web element from Test Object's properties

03-01-2024T15:55:16 - [MESSAGE][INFO] - Checking timeout

03-01-2024T15:55:16 - [MESSAGE][INFO] - Finding web element with id: 'Object Repository/Page_InformationPersonnelles_Usager/Input_NumeroDeTelephone' located by 'By.xpath: //*[@aria-labelledby="TELEPHONE_PORTABLE-label" and @type='text']' in '5' second(s)

03-01-2024T15:55:16 - [MESSAGE][INFO] - Smart Wait Function is triggered

03-01-2024T15:55:16 - [MESSAGE][INFO] - Found 1 web elements with id: 'Object Repository/Page_InformationPersonnelles_Usager/Input_NumeroDeTelephone' located by 'By.xpath: //*[@aria-labelledby="TELEPHONE_PORTABLE-label" and @type='text']' in '5' second(s)

03-01-2024T15:55:16 - [MESSAGE][INFO] - Clearing text of object 'Object Repository/Page_InformationPersonnelles_Usager/Input_NumeroDeTelephone'

03-01-2024T15:55:18 - [MESSAGE][INFO] - Finding web element from Test Object's properties

03-01-2024T15:55:18 - [MESSAGE][INFO] - Checking timeout

03-01-2024T15:55:18 - [MESSAGE][INFO] - Finding web element with id: 'Object Repository/Page_InformationPersonnelles_Usager/Input_NumeroDeTelephone' located by 'By.xpath: //*[@aria-labelledby="TELEPHONE_PORTABLE-label" and @type='text']' in '5' second(s)

03-01-2024T15:55:18 - [MESSAGE][INFO] - Smart Wait Function is triggered

03-01-2024T15:55:18 - [MESSAGE][INFO] - Found 1 web elements with id: 'Object Repository/Page_InformationPersonnelles_Usager/Input_NumeroDeTelephone' located by 'By.xpath: //*[@aria-labelledby="TELEPHONE_PORTABLE-label" and @type='text']' in '5' second(s)

03-01-2024T15:55:18 - [MESSAGE][INFO] - Setting text of object 'Object Repository/Page_InformationPersonnelles_Usager/Input_NumeroDeTelephone' to value '0911223344'

03-01-2024T15:55:20 - [MESSAGE][PASSED] - Text '0911223344' is set on object 'Object Repository/Page_InformationPersonnelles_Usager/Input_NumeroDeTelephone'

03-01-2024T15:55:20 - [TEST_STEP][PASSED] - click(findTestObject("Object Repository/Page_DemarcheRenouvellement/btn_EnregistrerEtPoursuivre")): Object: 'Object Repository/Page_DemarcheRenouvellement/btn_EnregistrerEtPoursuivre' is clicked on

03-01-2024T15:55:20 - [MESSAGE][INFO] - Finding Test Object 'Object Repository/Page_DemarcheRenouvellement/btn_EnregistrerEtPoursuivre'

03-01-2024T15:55:20 - [MESSAGE][INFO] - Checking timeout

03-01-2024T15:55:20 - [MESSAGE][INFO] - Finding web element with id: 'Object Repository/Page_DemarcheRenouvellement/btn_EnregistrerEtPoursuivre' located by 'By.xpath: //span[text()='Enregistrer et poursuivre >']' in '20' second(s)

03-01-2024T15:55:20 - [MESSAGE][INFO] - Smart Wait Function is triggered

03-01-2024T15:55:20 - [MESSAGE][INFO] - Found 1 web elements with id: 'Object Repository/Page_DemarcheRenouvellement/btn_EnregistrerEtPoursuivre' located by 'By.xpath: //span[text()='Enregistrer et poursuivre >']' in '20' second(s)

03-01-2024T15:55:20 - [MESSAGE][INFO] - Checking object

03-01-2024T15:55:20 - [MESSAGE][INFO] - Checking timeout

03-01-2024T15:55:20 - [MESSAGE][INFO] - Finding web element from Test Object's properties

03-01-2024T15:55:20 - [MESSAGE][INFO] - Checking timeout

03-01-2024T15:55:20 - [MESSAGE][INFO] - Finding web element with id: 'Object Repository/Page_DemarcheRenouvellement/btn_EnregistrerEtPoursuivre' located by 'By.xpath: //span[text()='Enregistrer et poursuivre >']' in '5' second(s)

03-01-2024T15:55:20 - [MESSAGE][INFO] - Smart Wait Function is triggered

03-01-2024T15:55:20 - [MESSAGE][INFO] - Found 1 web elements with id: 'Object Repository/Page_DemarcheRenouvellement/btn_EnregistrerEtPoursuivre' located by 'By.xpath: //span[text()='Enregistrer et poursuivre >']' in '5' second(s)

03-01-2024T15:55:20 - [MESSAGE][INFO] - Clicking on object: 'Object Repository/Page_DemarcheRenouvellement/btn_EnregistrerEtPoursuivre'

03-01-2024T15:55:22 - [MESSAGE][PASSED] - Object: 'Object Repository/Page_DemarcheRenouvellement/btn_EnregistrerEtPoursuivre' is clicked on

03-01-2024T15:55:22 - [MESSAGE][PASSED] - Call Test Case 'Test Cases/Test Reutilisable/DemandeOuRenouvelle_TitreSejour/FormulaireInformationsPersonnelles' successfully

03-01-2024T15:55:22 - [TEST_STEP][PASSED] - callTestCase(findTestCase("Test Reutilisable/DemandeOuRenouvelle_TitreSejour/FormulaireMotifDeLaDemande"), ["TypeTitreDeSejour":TypeTitreDeSejour, "ChangementSituation":ChangementSituation, "Titre":Titre], STOP_ON_FAILURE): Call Test Case 'Test Cases/Test Reutilisable/DemandeOuRenouvelle_TitreSejour/FormulaireMotifDeLaDemande' successfully

03-01-2024T15:55:22 - [MESSAGE][INFO] - Checking called Test Case

03-01-2024T15:55:22 - [MESSAGE][INFO] - Starting to call Test Case 'Test Cases/Test Reutilisable/DemandeOuRenouvelle_TitreSejour/FormulaireMotifDeLaDemande'

03-01-2024T15:55:22 - [TEST_CASE][PASSED] - Test Cases/Test Reutilisable/DemandeOuRenouvelle_TitreSejour/FormulaireMotifDeLaDemande: Test Cases/Test Reutilisable/DemandeOuRenouvelle_TitreSejour/FormulaireMotifDeLaDemande

03-01-2024T15:55:23 - [TEST_STEP][PASSED] - com.kazurayam.ksbackyard.HighlightElement.pandemic(): com.kazurayam.ksbackyard.HighlightElement.pandemic is PASSED

03-01-2024T15:55:23 - [MESSAGE][PASSED] - com.kazurayam.ksbackyard.HighlightElement.pandemic is PASSED

03-01-2024T15:55:23 - [TEST_STEP][PASSED] - if (ChangementSituation == "Non"): null

03-01-2024T15:55:23 - [TEST_STEP][PASSED] - if (TypeTitreDeSejour == "RenouvellementDeTitreSejour" && Titre == "Etudiant"): Delayed 2 second(s)

03-01-2024T15:55:23 - [TEST_STEP][PASSED] - check(findTestObject("Object Repository/Page_MotifDeLaDemande_Usager/CheckBox_JetaisEtudiantEnFrance_Non")): Object 'Object Repository/Page_MotifDeLaDemande_Usager/CheckBox_JetaisEtudiantEnFrance_Non' is checked

03-01-2024T15:55:23 - [MESSAGE][INFO] - Finding Test Object 'Object Repository/Page_MotifDeLaDemande_Usager/CheckBox_JetaisEtudiantEnFrance_Non'

03-01-2024T15:55:23 - [MESSAGE][INFO] - Checking object

03-01-2024T15:55:23 - [MESSAGE][INFO] - Finding web element from Test Object's properties

03-01-2024T15:55:23 - [MESSAGE][INFO] - Checking timeout

03-01-2024T15:55:23 - [MESSAGE][INFO] - Finding web element with id: 'Object Repository/Page_MotifDeLaDemande_Usager/CheckBox_JetaisEtudiantEnFrance_Non' located by 'By.xpath: //*[@id="ui-accordiontab-4-content"]/div/div/div[1]/div/anef-input-radio/div/div/fieldset/div/div[2]/p-radiobutton/div/div[2]/span|//app-motif-scolaire/div[2]/div/p-accordion/div/form/p-accordiontab[1]/div[2]/div/div/div[1]/div/anef-input-radio/div/div/fieldset/div/div[2]/p-radiobutton/div/div[2]/span' in '5' second(s)

03-01-2024T15:55:23 - [MESSAGE][INFO] - Smart Wait Function is triggered

03-01-2024T15:55:23 - [MESSAGE][INFO] - Found 1 web elements with id: 'Object Repository/Page_MotifDeLaDemande_Usager/CheckBox_JetaisEtudiantEnFrance_Non' located by 'By.xpath: //*[@id="ui-accordiontab-4-content"]/div/div/div[1]/div/anef-input-radio/div/div/fieldset/div/div[2]/p-radiobutton/div/div[2]/span|//app-motif-scolaire/div[2]/div/p-accordion/div/form/p-accordiontab[1]/div[2]/div/div/div[1]/div/anef-input-radio/div/div/fieldset/div/div[2]/p-radiobutton/div/div[2]/span' in '5' second(s)

03-01-2024T15:55:23 - [MESSAGE][INFO] - Checking on bject 'Object Repository/Page_MotifDeLaDemande_Usager/CheckBox_JetaisEtudiantEnFrance_Non'

03-01-2024T15:55:26 - [MESSAGE][PASSED] - Object 'Object Repository/Page_MotifDeLaDemande_Usager/CheckBox_JetaisEtudiantEnFrance_Non' is checked

03-01-2024T15:55:26 - [TEST_STEP][PASSED] - click(findTestObject("Object Repository/Page_MotifDeLaDemande_Usager/span_DropDown_List_TypeEtablissement")): Object: 'Object Repository/Page_MotifDeLaDemande_Usager/span_DropDown_List_TypeEtablissement' is clicked on

03-01-2024T15:55:26 - [MESSAGE][INFO] - Finding Test Object 'Object Repository/Page_MotifDeLaDemande_Usager/span_DropDown_List_TypeEtablissement'

03-01-2024T15:55:26 - [MESSAGE][INFO] - Checking timeout

03-01-2024T15:55:26 - [MESSAGE][INFO] - Finding web element with id: 'Object Repository/Page_MotifDeLaDemande_Usager/span_DropDown_List_TypeEtablissement' located by 'By.xpath: //*[@id="TYPE_ETABLISSEMENT"]/div/div[4]/span' in '20' second(s)

03-01-2024T15:55:26 - [MESSAGE][INFO] - Smart Wait Function is triggered

03-01-2024T15:55:26 - [MESSAGE][INFO] - Found 1 web elements with id: 'Object Repository/Page_MotifDeLaDemande_Usager/span_DropDown_List_TypeEtablissement' located by 'By.xpath: //*[@id="TYPE_ETABLISSEMENT"]/div/div[4]/span' in '20' second(s)

03-01-2024T15:55:26 - [MESSAGE][INFO] - Checking object

03-01-2024T15:55:26 - [MESSAGE][INFO] - Checking timeout

03-01-2024T15:55:26 - [MESSAGE][INFO] - Finding web element from Test Object's properties

03-01-2024T15:55:26 - [MESSAGE][INFO] - Checking timeout

03-01-2024T15:55:26 - [MESSAGE][INFO] - Finding web element with id: 'Object Repository/Page_MotifDeLaDemande_Usager/span_DropDown_List_TypeEtablissement' located by 'By.xpath: //*[@id="TYPE_ETABLISSEMENT"]/div/div[4]/span' in '5' second(s)

03-01-2024T15:55:26 - [MESSAGE][INFO] - Smart Wait Function is triggered

03-01-2024T15:55:26 - [MESSAGE][INFO] - Found 1 web elements with id: 'Object Repository/Page_MotifDeLaDemande_Usager/span_DropDown_List_TypeEtablissement' located by 'By.xpath: //*[@id="TYPE_ETABLISSEMENT"]/div/div[4]/span' in '5' second(s)

03-01-2024T15:55:26 - [MESSAGE][INFO] - Clicking on object: 'Object Repository/Page_MotifDeLaDemande_Usager/span_DropDown_List_TypeEtablissement'

03-01-2024T15:55:28 - [MESSAGE][PASSED] - Object: 'Object Repository/Page_MotifDeLaDemande_Usager/span_DropDown_List_TypeEtablissement' is clicked on

03-01-2024T15:55:28 - [TEST_STEP][PASSED] - click(findTestObject("Object Repository/Page_MotifDeLaDemande_Usager/List_TypeEtablissement")): Object: 'Object Repository/Page_MotifDeLaDemande_Usager/List_TypeEtablissement' is clicked on

03-01-2024T15:55:28 - [MESSAGE][INFO] - Finding Test Object 'Object Repository/Page_MotifDeLaDemande_Usager/List_TypeEtablissement'

03-01-2024T15:55:28 - [MESSAGE][INFO] - Checking timeout

03-01-2024T15:55:28 - [MESSAGE][INFO] - Finding web element with id: 'Object Repository/Page_MotifDeLaDemande_Usager/List_TypeEtablissement' located by 'By.xpath: //*[@id="TYPE_ETABLISSEMENT"]/div/div[5]/div/ul/p-dropdownitem[3]/li/span' in '20' second(s)

03-01-2024T15:55:28 - [MESSAGE][INFO] - Smart Wait Function is triggered

03-01-2024T15:55:28 - [MESSAGE][INFO] - Found 1 web elements with id: 'Object Repository/Page_MotifDeLaDemande_Usager/List_TypeEtablissement' located by 'By.xpath: //*[@id="TYPE_ETABLISSEMENT"]/div/div[5]/div/ul/p-dropdownitem[3]/li/span' in '20' second(s)

03-01-2024T15:55:28 - [MESSAGE][INFO] - Checking object

03-01-2024T15:55:28 - [MESSAGE][INFO] - Checking timeout

03-01-2024T15:55:28 - [MESSAGE][INFO] - Finding web element from Test Object's properties

03-01-2024T15:55:28 - [MESSAGE][INFO] - Checking timeout

03-01-2024T15:55:28 - [MESSAGE][INFO] - Finding web element with id: 'Object Repository/Page_MotifDeLaDemande_Usager/List_TypeEtablissement' located by 'By.xpath: //*[@id="TYPE_ETABLISSEMENT"]/div/div[5]/div/ul/p-dropdownitem[3]/li/span' in '5' second(s)

03-01-2024T15:55:28 - [MESSAGE][INFO] - Smart Wait Function is triggered

03-01-2024T15:55:28 - [MESSAGE][INFO] - Found 1 web elements with id: 'Object Repository/Page_MotifDeLaDemande_Usager/List_TypeEtablissement' located by 'By.xpath: //*[@id="TYPE_ETABLISSEMENT"]/div/div[5]/div/ul/p-dropdownitem[3]/li/span' in '5' second(s)

03-01-2024T15:55:28 - [MESSAGE][INFO] - Clicking on object: 'Object Repository/Page_MotifDeLaDemande_Usager/List_TypeEtablissement'

03-01-2024T15:55:30 - [MESSAGE][PASSED] - Object: 'Object Repository/Page_MotifDeLaDemande_Usager/List_TypeEtablissement' is clicked on

03-01-2024T15:55:30 - [TEST_STEP][PASSED] - setText(findTestObject("Object Repository/Page_MotifDeLaDemande_Usager/Input_NomDeEtablissement"), "Nom de L'établissement"): Text 'Nom de L'établissement' is set on object 'Object Repository/Page_MotifDeLaDemande_Usager/Input_NomDeEtablissement'

03-01-2024T15:55:30 - [MESSAGE][INFO] - Finding Test Object 'Object Repository/Page_MotifDeLaDemande_Usager/Input_NomDeEtablissement'

03-01-2024T15:55:30 - [MESSAGE][INFO] - Checking timeout

03-01-2024T15:55:30 - [MESSAGE][INFO] - Finding web element with id: 'Object Repository/Page_MotifDeLaDemande_Usager/Input_NomDeEtablissement' located by 'By.xpath: /html/body/app-root/div/app-portal/main/app-theme-v2/div/app-demande/div/div[3]/app-motif-scolaire/div[2]/div/p-accordion/div/form/p-accordiontab[2]/div[2]/div/div/div[2]/div/anef-input-text/div/div/div[1]/div/input' in '20' second(s)

03-01-2024T15:55:30 - [MESSAGE][INFO] - Smart Wait Function is triggered

03-01-2024T15:55:30 - [MESSAGE][INFO] - Found 1 web elements with id: 'Object Repository/Page_MotifDeLaDemande_Usager/Input_NomDeEtablissement' located by 'By.xpath: /html/body/app-root/div/app-portal/main/app-theme-v2/div/app-demande/div/div[3]/app-motif-scolaire/div[2]/div/p-accordion/div/form/p-accordiontab[2]/div[2]/div/div/div[2]/div/anef-input-text/div/div/div[1]/div/input' in '20' second(s)

03-01-2024T15:55:30 - [MESSAGE][INFO] - Checking object

03-01-2024T15:55:30 - [MESSAGE][INFO] - Checking text

03-01-2024T15:55:30 - [MESSAGE][INFO] - Finding web element from Test Object's properties

03-01-2024T15:55:30 - [MESSAGE][INFO] - Checking timeout

03-01-2024T15:55:30 - [MESSAGE][INFO] - Finding web element with id: 'Object Repository/Page_MotifDeLaDemande_Usager/Input_NomDeEtablissement' located by 'By.xpath: /html/body/app-root/div/app-portal/main/app-theme-v2/div/app-demande/div/div[3]/app-motif-scolaire/div[2]/div/p-accordion/div/form/p-accordiontab[2]/div[2]/div/div/div[2]/div/anef-input-text/div/div/div[1]/div/input' in '5' second(s)

03-01-2024T15:55:30 - [MESSAGE][INFO] - Smart Wait Function is triggered

03-01-2024T15:55:30 - [MESSAGE][INFO] - Found 1 web elements with id: 'Object Repository/Page_MotifDeLaDemande_Usager/Input_NomDeEtablissement' located by 'By.xpath: /html/body/app-root/div/app-portal/main/app-theme-v2/div/app-demande/div/div[3]/app-motif-scolaire/div[2]/div/p-accordion/div/form/p-accordiontab[2]/div[2]/div/div/div[2]/div/anef-input-text/div/div/div[1]/div/input' in '5' second(s)

03-01-2024T15:55:30 - [MESSAGE][INFO] - Clearing text of object 'Object Repository/Page_MotifDeLaDemande_Usager/Input_NomDeEtablissement'

03-01-2024T15:55:32 - [MESSAGE][INFO] - Finding web element from Test Object's properties

03-01-2024T15:55:32 - [MESSAGE][INFO] - Checking timeout

03-01-2024T15:55:32 - [MESSAGE][INFO] - Finding web element with id: 'Object Repository/Page_MotifDeLaDemande_Usager/Input_NomDeEtablissement' located by 'By.xpath: /html/body/app-root/div/app-portal/main/app-theme-v2/div/app-demande/div/div[3]/app-motif-scolaire/div[2]/div/p-accordion/div/form/p-accordiontab[2]/div[2]/div/div/div[2]/div/anef-input-text/div/div/div[1]/div/input' in '5' second(s)

03-01-2024T15:55:32 - [MESSAGE][INFO] - Smart Wait Function is triggered

03-01-2024T15:55:32 - [MESSAGE][INFO] - Found 1 web elements with id: 'Object Repository/Page_MotifDeLaDemande_Usager/Input_NomDeEtablissement' located by 'By.xpath: /html/body/app-root/div/app-portal/main/app-theme-v2/div/app-demande/div/div[3]/app-motif-scolaire/div[2]/div/p-accordion/div/form/p-accordiontab[2]/div[2]/div/div/div[2]/div/anef-input-text/div/div/div[1]/div/input' in '5' second(s)

03-01-2024T15:55:32 - [MESSAGE][INFO] - Setting text of object 'Object Repository/Page_MotifDeLaDemande_Usager/Input_NomDeEtablissement' to value 'Nom de L'établissement'

03-01-2024T15:55:35 - [MESSAGE][PASSED] - Text 'Nom de L'établissement' is set on object 'Object Repository/Page_MotifDeLaDemande_Usager/Input_NomDeEtablissement'

03-01-2024T15:55:35 - [TEST_STEP][PASSED] - click(findTestObject("Object Repository/Page_MotifDeLaDemande_Usager/span_DropDown_List_CycleEtudes")): Object: 'Object Repository/Page_MotifDeLaDemande_Usager/span_DropDown_List_CycleEtudes' is clicked on

03-01-2024T15:55:35 - [MESSAGE][INFO] - Finding Test Object 'Object Repository/Page_MotifDeLaDemande_Usager/span_DropDown_List_CycleEtudes'

03-01-2024T15:55:35 - [MESSAGE][INFO] - Checking timeout

03-01-2024T15:55:35 - [MESSAGE][INFO] - Finding web element with id: 'Object Repository/Page_MotifDeLaDemande_Usager/span_DropDown_List_CycleEtudes' located by 'By.xpath: //*[@id="CYCLE_ETUDES"]/div/div[4]/span' in '20' second(s)

03-01-2024T15:55:35 - [MESSAGE][INFO] - Smart Wait Function is triggered

03-01-2024T15:55:35 - [MESSAGE][INFO] - Found 1 web elements with id: 'Object Repository/Page_MotifDeLaDemande_Usager/span_DropDown_List_CycleEtudes' located by 'By.xpath: //*[@id="CYCLE_ETUDES"]/div/div[4]/span' in '20' second(s)

03-01-2024T15:55:35 - [MESSAGE][INFO] - Checking object

03-01-2024T15:55:35 - [MESSAGE][INFO] - Checking timeout

03-01-2024T15:55:35 - [MESSAGE][INFO] - Finding web element from Test Object's properties

03-01-2024T15:55:35 - [MESSAGE][INFO] - Checking timeout

03-01-2024T15:55:35 - [MESSAGE][INFO] - Finding web element with id: 'Object Repository/Page_MotifDeLaDemande_Usager/span_DropDown_List_CycleEtudes' located by 'By.xpath: //*[@id="CYCLE_ETUDES"]/div/div[4]/span' in '5' second(s)

03-01-2024T15:55:35 - [MESSAGE][INFO] - Smart Wait Function is triggered

03-01-2024T15:55:35 - [MESSAGE][INFO] - Found 1 web elements with id: 'Object Repository/Page_MotifDeLaDemande_Usager/span_DropDown_List_CycleEtudes' located by 'By.xpath: //*[@id="CYCLE_ETUDES"]/div/div[4]/span' in '5' second(s)

03-01-2024T15:55:35 - [MESSAGE][INFO] - Clicking on object: 'Object Repository/Page_MotifDeLaDemande_Usager/span_DropDown_List_CycleEtudes'

03-01-2024T15:55:37 - [MESSAGE][PASSED] - Object: 'Object Repository/Page_MotifDeLaDemande_Usager/span_DropDown_List_CycleEtudes' is clicked on

03-01-2024T15:55:37 - [TEST_STEP][PASSED] - click(findTestObject("Object Repository/Page_MotifDeLaDemande_Usager/List_CycleEtudes")): Object: 'Object Repository/Page_MotifDeLaDemande_Usager/List_CycleEtudes' is clicked on

03-01-2024T15:55:37 - [MESSAGE][INFO] - Finding Test Object 'Object Repository/Page_MotifDeLaDemande_Usager/List_CycleEtudes'

03-01-2024T15:55:37 - [MESSAGE][INFO] - Checking timeout

03-01-2024T15:55:37 - [MESSAGE][INFO] - Finding web element with id: 'Object Repository/Page_MotifDeLaDemande_Usager/List_CycleEtudes' located by 'By.xpath: //*[@id="CYCLE_ETUDES"]/div/div[5]/div/ul/p-dropdownitem[4]/li/span' in '20' second(s)

03-01-2024T15:55:37 - [MESSAGE][INFO] - Smart Wait Function is triggered

03-01-2024T15:55:37 - [MESSAGE][INFO] - Found 1 web elements with id: 'Object Repository/Page_MotifDeLaDemande_Usager/List_CycleEtudes' located by 'By.xpath: //*[@id="CYCLE_ETUDES"]/div/div[5]/div/ul/p-dropdownitem[4]/li/span' in '20' second(s)

03-01-2024T15:55:37 - [MESSAGE][INFO] - Checking object

03-01-2024T15:55:37 - [MESSAGE][INFO] - Checking timeout

03-01-2024T15:55:37 - [MESSAGE][INFO] - Finding web element from Test Object's properties

03-01-2024T15:55:37 - [MESSAGE][INFO] - Checking timeout

03-01-2024T15:55:37 - [MESSAGE][INFO] - Finding web element with id: 'Object Repository/Page_MotifDeLaDemande_Usager/List_CycleEtudes' located by 'By.xpath: //*[@id="CYCLE_ETUDES"]/div/div[5]/div/ul/p-dropdownitem[4]/li/span' in '5' second(s)

03-01-2024T15:55:37 - [MESSAGE][INFO] - Smart Wait Function is triggered

03-01-2024T15:55:37 - [MESSAGE][INFO] - Found 1 web elements with id: 'Object Repository/Page_MotifDeLaDemande_Usager/List_CycleEtudes' located by 'By.xpath: //*[@id="CYCLE_ETUDES"]/div/div[5]/div/ul/p-dropdownitem[4]/li/span' in '5' second(s)

03-01-2024T15:55:37 - [MESSAGE][INFO] - Clicking on object: 'Object Repository/Page_MotifDeLaDemande_Usager/List_CycleEtudes'

03-01-2024T15:55:39 - [MESSAGE][PASSED] - Object: 'Object Repository/Page_MotifDeLaDemande_Usager/List_CycleEtudes' is clicked on

03-01-2024T15:55:39 - [TEST_STEP][PASSED] - click(findTestObject("Object Repository/Page_MotifDeLaDemande_Usager/span_DropDown_List_NiveauEtudesEnFinDAnnee")): Object: 'Object Repository/Page_MotifDeLaDemande_Usager/span_DropDown_List_NiveauEtudesEnFinDAnnee' is clicked on

03-01-2024T15:55:39 - [MESSAGE][INFO] - Finding Test Object 'Object Repository/Page_MotifDeLaDemande_Usager/span_DropDown_List_NiveauEtudesEnFinDAnnee'

03-01-2024T15:55:39 - [MESSAGE][INFO] - Checking timeout

03-01-2024T15:55:39 - [MESSAGE][INFO] - Finding web element with id: 'Object Repository/Page_MotifDeLaDemande_Usager/span_DropDown_List_NiveauEtudesEnFinDAnnee' located by 'By.xpath: //*[@id="NIVEAU_ETUDES"]/div/div[4]/span' in '20' second(s)

03-01-2024T15:55:39 - [MESSAGE][INFO] - Smart Wait Function is triggered

03-01-2024T15:55:39 - [MESSAGE][INFO] - Found 1 web elements with id: 'Object Repository/Page_MotifDeLaDemande_Usager/span_DropDown_List_NiveauEtudesEnFinDAnnee' located by 'By.xpath: //*[@id="NIVEAU_ETUDES"]/div/div[4]/span' in '20' second(s)

03-01-2024T15:55:39 - [MESSAGE][INFO] - Checking object

03-01-2024T15:55:39 - [MESSAGE][INFO] - Checking timeout

03-01-2024T15:55:39 - [MESSAGE][INFO] - Finding web element from Test Object's properties

03-01-2024T15:55:39 - [MESSAGE][INFO] - Checking timeout

03-01-2024T15:55:39 - [MESSAGE][INFO] - Finding web element with id: 'Object Repository/Page_MotifDeLaDemande_Usager/span_DropDown_List_NiveauEtudesEnFinDAnnee' located by 'By.xpath: //*[@id="NIVEAU_ETUDES"]/div/div[4]/span' in '5' second(s)

03-01-2024T15:55:39 - [MESSAGE][INFO] - Smart Wait Function is triggered

03-01-2024T15:55:39 - [MESSAGE][INFO] - Found 1 web elements with id: 'Object Repository/Page_MotifDeLaDemande_Usager/span_DropDown_List_NiveauEtudesEnFinDAnnee' located by 'By.xpath: //*[@id="NIVEAU_ETUDES"]/div/div[4]/span' in '5' second(s)

03-01-2024T15:55:39 - [MESSAGE][INFO] - Clicking on object: 'Object Repository/Page_MotifDeLaDemande_Usager/span_DropDown_List_NiveauEtudesEnFinDAnnee'

03-01-2024T15:55:41 - [MESSAGE][PASSED] - Object: 'Object Repository/Page_MotifDeLaDemande_Usager/span_DropDown_List_NiveauEtudesEnFinDAnnee' is clicked on

03-01-2024T15:55:41 - [TEST_STEP][PASSED] - click(findTestObject("Object Repository/Page_MotifDeLaDemande_Usager/List_NiveauEtudesEnFinDAnnee")): Object: 'Object Repository/Page_MotifDeLaDemande_Usager/List_NiveauEtudesEnFinDAnnee' is clicked on

03-01-2024T15:55:41 - [MESSAGE][INFO] - Finding Test Object 'Object Repository/Page_MotifDeLaDemande_Usager/List_NiveauEtudesEnFinDAnnee'

03-01-2024T15:55:41 - [MESSAGE][INFO] - Checking timeout

03-01-2024T15:55:41 - [MESSAGE][INFO] - Finding web element with id: 'Object Repository/Page_MotifDeLaDemande_Usager/List_NiveauEtudesEnFinDAnnee' located by 'By.xpath: //*[@id="NIVEAU_ETUDES"]/div/div[5]/div/ul/p-dropdownitem[4]/li' in '20' second(s)

03-01-2024T15:55:41 - [MESSAGE][INFO] - Smart Wait Function is triggered

03-01-2024T15:55:41 - [MESSAGE][INFO] - Found 1 web elements with id: 'Object Repository/Page_MotifDeLaDemande_Usager/List_NiveauEtudesEnFinDAnnee' located by 'By.xpath: //*[@id="NIVEAU_ETUDES"]/div/div[5]/div/ul/p-dropdownitem[4]/li' in '20' second(s)

03-01-2024T15:55:41 - [MESSAGE][INFO] - Checking object

03-01-2024T15:55:41 - [MESSAGE][INFO] - Checking timeout

03-01-2024T15:55:41 - [MESSAGE][INFO] - Finding web element from Test Object's properties

03-01-2024T15:55:41 - [MESSAGE][INFO] - Checking timeout

03-01-2024T15:55:41 - [MESSAGE][INFO] - Finding web element with id: 'Object Repository/Page_MotifDeLaDemande_Usager/List_NiveauEtudesEnFinDAnnee' located by 'By.xpath: //*[@id="NIVEAU_ETUDES"]/div/div[5]/div/ul/p-dropdownitem[4]/li' in '5' second(s)

03-01-2024T15:55:41 - [MESSAGE][INFO] - Smart Wait Function is triggered

03-01-2024T15:55:41 - [MESSAGE][INFO] - Found 1 web elements with id: 'Object Repository/Page_MotifDeLaDemande_Usager/List_NiveauEtudesEnFinDAnnee' located by 'By.xpath: //*[@id="NIVEAU_ETUDES"]/div/div[5]/div/ul/p-dropdownitem[4]/li' in '5' second(s)

03-01-2024T15:55:41 - [MESSAGE][INFO] - Clicking on object: 'Object Repository/Page_MotifDeLaDemande_Usager/List_NiveauEtudesEnFinDAnnee'

03-01-2024T15:55:43 - [MESSAGE][PASSED] - Object: 'Object Repository/Page_MotifDeLaDemande_Usager/List_NiveauEtudesEnFinDAnnee' is clicked on

03-01-2024T15:55:43 - [TEST_STEP][PASSED] - setText(findTestObject("Object Repository/Page_MotifDeLaDemande_Usager/Input_DiplomeEnFinDEtudes"), "Mon Diplôme en Fin D'études"): Text 'Mon Diplôme en Fin D'études' is set on object 'Object Repository/Page_MotifDeLaDemande_Usager/Input_DiplomeEnFinDEtudes'

03-01-2024T15:55:43 - [MESSAGE][INFO] - Finding Test Object 'Object Repository/Page_MotifDeLaDemande_Usager/Input_DiplomeEnFinDEtudes'

03-01-2024T15:55:43 - [MESSAGE][INFO] - Checking timeout

03-01-2024T15:55:43 - [MESSAGE][INFO] - Finding web element with id: 'Object Repository/Page_MotifDeLaDemande_Usager/Input_DiplomeEnFinDEtudes' located by 'By.xpath: /html/body/app-root/div/app-portal/main/app-theme-v2/div/app-demande/div/div[3]/app-motif-scolaire/div[2]/div/p-accordion/div/form/p-accordiontab[2]/div[2]/div/div/div[6]/div/anef-input-text/div/div/div[1]/div/input' in '20' second(s)

03-01-2024T15:55:43 - [MESSAGE][INFO] - Smart Wait Function is triggered

03-01-2024T15:55:43 - [MESSAGE][INFO] - Found 1 web elements with id: 'Object Repository/Page_MotifDeLaDemande_Usager/Input_DiplomeEnFinDEtudes' located by 'By.xpath: /html/body/app-root/div/app-portal/main/app-theme-v2/div/app-demande/div/div[3]/app-motif-scolaire/div[2]/div/p-accordion/div/form/p-accordiontab[2]/div[2]/div/div/div[6]/div/anef-input-text/div/div/div[1]/div/input' in '20' second(s)

03-01-2024T15:55:43 - [MESSAGE][INFO] - Checking object

03-01-2024T15:55:43 - [MESSAGE][INFO] - Checking text

03-01-2024T15:55:43 - [MESSAGE][INFO] - Finding web element from Test Object's properties

03-01-2024T15:55:43 - [MESSAGE][INFO] - Checking timeout

03-01-2024T15:55:43 - [MESSAGE][INFO] - Finding web element with id: 'Object Repository/Page_MotifDeLaDemande_Usager/Input_DiplomeEnFinDEtudes' located by 'By.xpath: /html/body/app-root/div/app-portal/main/app-theme-v2/div/app-demande/div/div[3]/app-motif-scolaire/div[2]/div/p-accordion/div/form/p-accordiontab[2]/div[2]/div/div/div[6]/div/anef-input-text/div/div/div[1]/div/input' in '5' second(s)

03-01-2024T15:55:43 - [MESSAGE][INFO] - Smart Wait Function is triggered

03-01-2024T15:55:44 - [MESSAGE][INFO] - Found 1 web elements with id: 'Object Repository/Page_MotifDeLaDemande_Usager/Input_DiplomeEnFinDEtudes' located by 'By.xpath: /html/body/app-root/div/app-portal/main/app-theme-v2/div/app-demande/div/div[3]/app-motif-scolaire/div[2]/div/p-accordion/div/form/p-accordiontab[2]/div[2]/div/div/div[6]/div/anef-input-text/div/div/div[1]/div/input' in '5' second(s)

03-01-2024T15:55:44 - [MESSAGE][INFO] - Clearing text of object 'Object Repository/Page_MotifDeLaDemande_Usager/Input_DiplomeEnFinDEtudes'

03-01-2024T15:55:46 - [MESSAGE][INFO] - Finding web element from Test Object's properties

03-01-2024T15:55:46 - [MESSAGE][INFO] - Checking timeout

03-01-2024T15:55:46 - [MESSAGE][INFO] - Finding web element with id: 'Object Repository/Page_MotifDeLaDemande_Usager/Input_DiplomeEnFinDEtudes' located by 'By.xpath: /html/body/app-root/div/app-portal/main/app-theme-v2/div/app-demande/div/div[3]/app-motif-scolaire/div[2]/div/p-accordion/div/form/p-accordiontab[2]/div[2]/div/div/div[6]/div/anef-input-text/div/div/div[1]/div/input' in '5' second(s)

03-01-2024T15:55:46 - [MESSAGE][INFO] - Smart Wait Function is triggered

03-01-2024T15:55:46 - [MESSAGE][INFO] - Found 1 web elements with id: 'Object Repository/Page_MotifDeLaDemande_Usager/Input_DiplomeEnFinDEtudes' located by 'By.xpath: /html/body/app-root/div/app-portal/main/app-theme-v2/div/app-demande/div/div[3]/app-motif-scolaire/div[2]/div/p-accordion/div/form/p-accordiontab[2]/div[2]/div/div/div[6]/div/anef-input-text/div/div/div[1]/div/input' in '5' second(s)

03-01-2024T15:55:46 - [MESSAGE][INFO] - Setting text of object 'Object Repository/Page_MotifDeLaDemande_Usager/Input_DiplomeEnFinDEtudes' to value 'Mon Diplôme en Fin D'études'

03-01-2024T15:55:48 - [MESSAGE][PASSED] - Text 'Mon Diplôme en Fin D'études' is set on object 'Object Repository/Page_MotifDeLaDemande_Usager/Input_DiplomeEnFinDEtudes'

03-01-2024T15:55:48 - [TEST_STEP][PASSED] - click(findTestObject("Object Repository/Page_MotifDeLaDemande_Usager/span_DropDown_List_Discipline")): Object: 'Object Repository/Page_MotifDeLaDemande_Usager/span_DropDown_List_Discipline' is clicked on

03-01-2024T15:55:48 - [MESSAGE][INFO] - Finding Test Object 'Object Repository/Page_MotifDeLaDemande_Usager/span_DropDown_List_Discipline'

03-01-2024T15:55:48 - [MESSAGE][INFO] - Checking timeout

03-01-2024T15:55:48 - [MESSAGE][INFO] - Finding web element with id: 'Object Repository/Page_MotifDeLaDemande_Usager/span_DropDown_List_Discipline' located by 'By.xpath: //*[@id="DISCIPLINE"]/div/div[4]/span' in '20' second(s)

03-01-2024T15:55:48 - [MESSAGE][INFO] - Smart Wait Function is triggered

03-01-2024T15:55:48 - [MESSAGE][INFO] - Found 1 web elements with id: 'Object Repository/Page_MotifDeLaDemande_Usager/span_DropDown_List_Discipline' located by 'By.xpath: //*[@id="DISCIPLINE"]/div/div[4]/span' in '20' second(s)

03-01-2024T15:55:48 - [MESSAGE][INFO] - Checking object

03-01-2024T15:55:48 - [MESSAGE][INFO] - Checking timeout

03-01-2024T15:55:48 - [MESSAGE][INFO] - Finding web element from Test Object's properties

03-01-2024T15:55:48 - [MESSAGE][INFO] - Checking timeout

03-01-2024T15:55:48 - [MESSAGE][INFO] - Finding web element with id: 'Object Repository/Page_MotifDeLaDemande_Usager/span_DropDown_List_Discipline' located by 'By.xpath: //*[@id="DISCIPLINE"]/div/div[4]/span' in '5' second(s)

03-01-2024T15:55:48 - [MESSAGE][INFO] - Smart Wait Function is triggered

03-01-2024T15:55:48 - [MESSAGE][INFO] - Found 1 web elements with id: 'Object Repository/Page_MotifDeLaDemande_Usager/span_DropDown_List_Discipline' located by 'By.xpath: //*[@id="DISCIPLINE"]/div/div[4]/span' in '5' second(s)

03-01-2024T15:55:48 - [MESSAGE][INFO] - Clicking on object: 'Object Repository/Page_MotifDeLaDemande_Usager/span_DropDown_List_Discipline'

03-01-2024T15:55:50 - [MESSAGE][PASSED] - Object: 'Object Repository/Page_MotifDeLaDemande_Usager/span_DropDown_List_Discipline' is clicked on

03-01-2024T15:55:50 - [TEST_STEP][PASSED] - click(findTestObject("Object Repository/Page_MotifDeLaDemande_Usager/List_Discipline")): Object: 'Object Repository/Page_MotifDeLaDemande_Usager/List_Discipline' is clicked on

03-01-2024T15:55:50 - [MESSAGE][INFO] - Finding Test Object 'Object Repository/Page_MotifDeLaDemande_Usager/List_Discipline'

03-01-2024T15:55:50 - [MESSAGE][INFO] - Checking timeout

03-01-2024T15:55:50 - [MESSAGE][INFO] - Finding web element with id: 'Object Repository/Page_MotifDeLaDemande_Usager/List_Discipline' located by 'By.xpath: //*[@id="DISCIPLINE"]/div/div[5]/div/ul/p-dropdownitem[10]/li' in '20' second(s)

03-01-2024T15:55:50 - [MESSAGE][INFO] - Smart Wait Function is triggered

03-01-2024T15:55:50 - [MESSAGE][INFO] - Found 1 web elements with id: 'Object Repository/Page_MotifDeLaDemande_Usager/List_Discipline' located by 'By.xpath: //*[@id="DISCIPLINE"]/div/div[5]/div/ul/p-dropdownitem[10]/li' in '20' second(s)

03-01-2024T15:55:50 - [MESSAGE][INFO] - Checking object

03-01-2024T15:55:50 - [MESSAGE][INFO] - Checking timeout

03-01-2024T15:55:50 - [MESSAGE][INFO] - Finding web element from Test Object's properties

03-01-2024T15:55:50 - [MESSAGE][INFO] - Checking timeout

03-01-2024T15:55:50 - [MESSAGE][INFO] - Finding web element with id: 'Object Repository/Page_MotifDeLaDemande_Usager/List_Discipline' located by 'By.xpath: //*[@id="DISCIPLINE"]/div/div[5]/div/ul/p-dropdownitem[10]/li' in '5' second(s)

03-01-2024T15:55:50 - [MESSAGE][INFO] - Smart Wait Function is triggered

03-01-2024T15:55:50 - [MESSAGE][INFO] - Found 1 web elements with id: 'Object Repository/Page_MotifDeLaDemande_Usager/List_Discipline' located by 'By.xpath: //*[@id="DISCIPLINE"]/div/div[5]/div/ul/p-dropdownitem[10]/li' in '5' second(s)

03-01-2024T15:55:50 - [MESSAGE][INFO] - Clicking on object: 'Object Repository/Page_MotifDeLaDemande_Usager/List_Discipline'

03-01-2024T15:55:52 - [MESSAGE][PASSED] - Object: 'Object Repository/Page_MotifDeLaDemande_Usager/List_Discipline' is clicked on

03-01-2024T15:55:52 - [TEST_STEP][PASSED] - check(findTestObject("Object Repository/Page_MotifDeLaDemande_Usager/CheckBox_ValidationDAnnee")): Object 'Object Repository/Page_MotifDeLaDemande_Usager/CheckBox_ValidationDAnnee' is checked

03-01-2024T15:55:52 - [MESSAGE][INFO] - Finding Test Object 'Object Repository/Page_MotifDeLaDemande_Usager/CheckBox_ValidationDAnnee'

03-01-2024T15:55:52 - [MESSAGE][INFO] - Checking object

03-01-2024T15:55:52 - [MESSAGE][INFO] - Finding web element from Test Object's properties

03-01-2024T15:55:52 - [MESSAGE][INFO] - Checking timeout

03-01-2024T15:55:52 - [MESSAGE][INFO] - Finding web element with id: 'Object Repository/Page_MotifDeLaDemande_Usager/CheckBox_ValidationDAnnee' located by 'By.xpath: /html/body/app-root/div/app-portal/main/app-theme-v2/div/app-demande/div/div[3]/app-motif-scolaire/div[2]/div/p-accordion/div/form/p-accordiontab[2]/div[2]/div/div/div[9]/div/anef-input-radio/div/div/fieldset/div/div[1]/p-radiobutton/div/div[2]/span' in '5' second(s)

03-01-2024T15:55:52 - [MESSAGE][INFO] - Smart Wait Function is triggered

03-01-2024T15:55:52 - [MESSAGE][INFO] - Found 1 web elements with id: 'Object Repository/Page_MotifDeLaDemande_Usager/CheckBox_ValidationDAnnee' located by 'By.xpath: /html/body/app-root/div/app-portal/main/app-theme-v2/div/app-demande/div/div[3]/app-motif-scolaire/div[2]/div/p-accordion/div/form/p-accordiontab[2]/div[2]/div/div/div[9]/div/anef-input-radio/div/div/fieldset/div/div[1]/p-radiobutton/div/div[2]/span' in '5' second(s)

03-01-2024T15:55:53 - [MESSAGE][INFO] - Checking on bject 'Object Repository/Page_MotifDeLaDemande_Usager/CheckBox_ValidationDAnnee'

03-01-2024T15:55:55 - [MESSAGE][PASSED] - Object 'Object Repository/Page_MotifDeLaDemande_Usager/CheckBox_ValidationDAnnee' is checked

03-01-2024T15:55:55 - [TEST_STEP][PASSED] - click(findTestObject("Object Repository/Page_DemarcheRenouvellement/btn_EnregistrerEtPoursuivre")): Object: 'Object Repository/Page_DemarcheRenouvellement/btn_EnregistrerEtPoursuivre' is clicked on

03-01-2024T15:55:55 - [MESSAGE][INFO] - Finding Test Object 'Object Repository/Page_DemarcheRenouvellement/btn_EnregistrerEtPoursuivre'

03-01-2024T15:55:55 - [MESSAGE][INFO] - Checking timeout

03-01-2024T15:55:55 - [MESSAGE][INFO] - Finding web element with id: 'Object Repository/Page_DemarcheRenouvellement/btn_EnregistrerEtPoursuivre' located by 'By.xpath: //span[text()='Enregistrer et poursuivre >']' in '20' second(s)

03-01-2024T15:55:55 - [MESSAGE][INFO] - Smart Wait Function is triggered

03-01-2024T15:55:55 - [MESSAGE][INFO] - Found 1 web elements with id: 'Object Repository/Page_DemarcheRenouvellement/btn_EnregistrerEtPoursuivre' located by 'By.xpath: //span[text()='Enregistrer et poursuivre >']' in '20' second(s)

03-01-2024T15:55:55 - [MESSAGE][INFO] - Checking object

03-01-2024T15:55:55 - [MESSAGE][INFO] - Checking timeout

03-01-2024T15:55:55 - [MESSAGE][INFO] - Finding web element from Test Object's properties

03-01-2024T15:55:55 - [MESSAGE][INFO] - Checking timeout

03-01-2024T15:55:55 - [MESSAGE][INFO] - Finding web element with id: 'Object Repository/Page_DemarcheRenouvellement/btn_EnregistrerEtPoursuivre' located by 'By.xpath: //span[text()='Enregistrer et poursuivre >']' in '5' second(s)

03-01-2024T15:55:55 - [MESSAGE][INFO] - Smart Wait Function is triggered

03-01-2024T15:55:55 - [MESSAGE][INFO] - Found 1 web elements with id: 'Object Repository/Page_DemarcheRenouvellement/btn_EnregistrerEtPoursuivre' located by 'By.xpath: //span[text()='Enregistrer et poursuivre >']' in '5' second(s)

03-01-2024T15:55:55 - [MESSAGE][INFO] - Clicking on object: 'Object Repository/Page_DemarcheRenouvellement/btn_EnregistrerEtPoursuivre'

03-01-2024T15:55:57 - [MESSAGE][PASSED] - Object: 'Object Repository/Page_DemarcheRenouvellement/btn_EnregistrerEtPoursuivre' is clicked on

03-01-2024T15:55:57 - [TEST_STEP][PASSED] - delay(2): Delayed 2 second(s)

03-01-2024T15:55:57 - [MESSAGE][INFO] - Delaying browser in 2 second(s)

03-01-2024T15:55:59 - [MESSAGE][PASSED] - Delayed 2 second(s)

03-01-2024T15:55:59 - [TEST_STEP][PASSED] - if (TypeTitreDeSejour == "Visiteur" && Titre == "Etudiant" || TypeTitreDeSejour == "RenouvellementDeTitreSejour" && Titre == "Visiteur"): null

03-01-2024T15:55:59 - [TEST_STEP][PASSED] - if (TypeTitreDeSejour == "TS-PT-SalarieQualifie" && Titre == "Visiteur" || Titre == "Etudiant"): null

03-01-2024T15:55:59 - [TEST_STEP][PASSED] - if (TypeTitreDeSejour == "TS-PT-SalarieEntrepriseInnovante" && Titre == "Visiteur" || Titre == "Etudiant"): null

03-01-2024T15:55:59 - [TEST_STEP][PASSED] - if (TypeTitreDeSejour == "TS-PT-CarteBleueEuropeenne" && Titre == "Visiteur" || Titre == "Etudiant"): null

03-01-2024T15:55:59 - [TEST_STEP][PASSED] - if (TypeTitreDeSejour == "TS-PT-SalarieEnMission" && Titre == "Visiteur" || Titre == "Etudiant"): null

03-01-2024T15:55:59 - [TEST_STEP][PASSED] - if (TypeTitreDeSejour == "ChercheurEtChercheurEnMobilite" && Titre == "Visiteur" || Titre == "Etudiant"): null

03-01-2024T15:55:59 - [TEST_STEP][PASSED] - if (TypeTitreDeSejour == "FrenchTechVisaForInvestors" && Titre == "Visiteur" || Titre == "Etudiant"): null

03-01-2024T15:55:59 - [TEST_STEP][PASSED] - if (TypeTitreDeSejour == "CreateurDEntreprise" && Titre == "Visiteur" || TypeTitreDeSejour == "CreateurDEntreprise" && Titre == "Etudiant"): null

03-01-2024T15:55:59 - [TEST_STEP][PASSED] - if (TypeTitreDeSejour == "FrenchTechVisaForFounders" && Titre == "Etudiant" || TypeTitreDeSejour == "FrenchTechVisaForFounders" && Titre == "Visiteur"): null

03-01-2024T15:55:59 - [TEST_STEP][PASSED] - if (TypeTitreDeSejour == "MandataireSocial" && Titre == "Etudiant" || TypeTitreDeSejour == "MandataireSocial" && Titre == "Visiteur"): null

03-01-2024T15:55:59 - [TEST_STEP][PASSED] - if (TypeTitreDeSejour == "ArtisteNonSalarie" && Titre == "Etudiant" || TypeTitreDeSejour == "ArtisteNonSalarie" && Titre == "Visiteur"): null

03-01-2024T15:55:59 - [TEST_STEP][PASSED] - if (TypeTitreDeSejour == "ArtisteSalarie" && Titre == "Etudiant" || TypeTitreDeSejour == "ArtisteSalarie" && Titre == "Visiteur"): null

03-01-2024T15:55:59 - [TEST_STEP][PASSED] - if (TypeTitreDeSejour == "MembreDeFamillePasseportTalent_Conjoint" && Titre == "Etudiant" || TypeTitreDeSejour == "MembreDeFamillePasseportTalent_Conjoint" && Titre == "Visiteur"): null

03-01-2024T15:55:59 - [TEST_STEP][PASSED] - click(findTestObject("Object Repository/Page_DemarcheRenouvellement/btn_EnregistrerEtPoursuivre")): Object: 'Object Repository/Page_DemarcheRenouvellement/btn_EnregistrerEtPoursuivre' is clicked on

03-01-2024T15:55:59 - [MESSAGE][INFO] - Finding Test Object 'Object Repository/Page_DemarcheRenouvellement/btn_EnregistrerEtPoursuivre'

03-01-2024T15:55:59 - [MESSAGE][INFO] - Checking timeout

03-01-2024T15:55:59 - [MESSAGE][INFO] - Finding web element with id: 'Object Repository/Page_DemarcheRenouvellement/btn_EnregistrerEtPoursuivre' located by 'By.xpath: //span[text()='Enregistrer et poursuivre >']' in '20' second(s)

03-01-2024T15:55:59 - [MESSAGE][INFO] - Smart Wait Function is triggered

03-01-2024T15:55:59 - [MESSAGE][INFO] - Found 1 web elements with id: 'Object Repository/Page_DemarcheRenouvellement/btn_EnregistrerEtPoursuivre' located by 'By.xpath: //span[text()='Enregistrer et poursuivre >']' in '20' second(s)

03-01-2024T15:55:59 - [MESSAGE][INFO] - Checking object

03-01-2024T15:55:59 - [MESSAGE][INFO] - Checking timeout

03-01-2024T15:55:59 - [MESSAGE][INFO] - Finding web element from Test Object's properties

03-01-2024T15:55:59 - [MESSAGE][INFO] - Checking timeout

03-01-2024T15:55:59 - [MESSAGE][INFO] - Finding web element with id: 'Object Repository/Page_DemarcheRenouvellement/btn_EnregistrerEtPoursuivre' located by 'By.xpath: //span[text()='Enregistrer et poursuivre >']' in '5' second(s)

03-01-2024T15:55:59 - [MESSAGE][INFO] - Smart Wait Function is triggered

03-01-2024T15:55:59 - [MESSAGE][INFO] - Found 1 web elements with id: 'Object Repository/Page_DemarcheRenouvellement/btn_EnregistrerEtPoursuivre' located by 'By.xpath: //span[text()='Enregistrer et poursuivre >']' in '5' second(s)

03-01-2024T15:55:59 - [MESSAGE][INFO] - Clicking on object: 'Object Repository/Page_DemarcheRenouvellement/btn_EnregistrerEtPoursuivre'

03-01-2024T15:56:01 - [MESSAGE][PASSED] - Object: 'Object Repository/Page_DemarcheRenouvellement/btn_EnregistrerEtPoursuivre' is clicked on

03-01-2024T15:56:01 - [MESSAGE][PASSED] - Call Test Case 'Test Cases/Test Reutilisable/DemandeOuRenouvelle_TitreSejour/FormulaireMotifDeLaDemande' successfully

03-01-2024T15:56:01 - [TEST_STEP][PASSED] - if (TypeTitreDeSejour == "RenouvellementDeTitreSejour" && ChangementSituation == "Non" || TypeTitreDeSejour == "Visiteur" && Titre == "Etudiant" || Titre == "Visiteur"): Call Test Case 'Test Cases/Test Reutilisable/DemandeOuRenouvelle_TitreSejour/FormulaireRessources' successfully

03-01-2024T15:56:01 - [TEST_STEP][PASSED] - callTestCase(findTestCase("Test Reutilisable/DemandeOuRenouvelle_TitreSejour/FormulaireRessources"), [:], STOP_ON_FAILURE): Call Test Case 'Test Cases/Test Reutilisable/DemandeOuRenouvelle_TitreSejour/FormulaireRessources' successfully

03-01-2024T15:56:01 - [MESSAGE][INFO] - Checking called Test Case

03-01-2024T15:56:01 - [MESSAGE][INFO] - Starting to call Test Case 'Test Cases/Test Reutilisable/DemandeOuRenouvelle_TitreSejour/FormulaireRessources'

03-01-2024T15:56:01 - [TEST_CASE][PASSED] - Test Cases/Test Reutilisable/DemandeOuRenouvelle_TitreSejour/FormulaireRessources: Test Cases/Test Reutilisable/DemandeOuRenouvelle_TitreSejour/FormulaireRessources

03-01-2024T15:56:01 - [TEST_STEP][PASSED] - com.kazurayam.ksbackyard.HighlightElement.pandemic(): com.kazurayam.ksbackyard.HighlightElement.pandemic is PASSED

03-01-2024T15:56:01 - [MESSAGE][PASSED] - com.kazurayam.ksbackyard.HighlightElement.pandemic is PASSED

03-01-2024T15:56:01 - [TEST_STEP][PASSED] - click(findTestObject("Object Repository/Page_Ressources_Usager/span_DropDown_OrigineDesRessources")): Object: 'Object Repository/Page_Ressources_Usager/span_DropDown_OrigineDesRessources' is clicked on

03-01-2024T15:56:01 - [MESSAGE][INFO] - Finding Test Object 'Object Repository/Page_Ressources_Usager/span_DropDown_OrigineDesRessources'

03-01-2024T15:56:02 - [MESSAGE][INFO] - Checking timeout

03-01-2024T15:56:02 - [MESSAGE][INFO] - Finding web element with id: 'Object Repository/Page_Ressources_Usager/span_DropDown_OrigineDesRessources' located by 'By.xpath: //*[@id="ORIGINE"]/div/div[4]/span' in '20' second(s)

03-01-2024T15:56:02 - [MESSAGE][INFO] - Smart Wait Function is triggered

03-01-2024T15:56:02 - [MESSAGE][INFO] - Found 1 web elements with id: 'Object Repository/Page_Ressources_Usager/span_DropDown_OrigineDesRessources' located by 'By.xpath: //*[@id="ORIGINE"]/div/div[4]/span' in '20' second(s)

03-01-2024T15:56:02 - [MESSAGE][INFO] - Checking object

03-01-2024T15:56:02 - [MESSAGE][INFO] - Checking timeout

03-01-2024T15:56:02 - [MESSAGE][INFO] - Finding web element from Test Object's properties

03-01-2024T15:56:02 - [MESSAGE][INFO] - Checking timeout

03-01-2024T15:56:02 - [MESSAGE][INFO] - Finding web element with id: 'Object Repository/Page_Ressources_Usager/span_DropDown_OrigineDesRessources' located by 'By.xpath: //*[@id="ORIGINE"]/div/div[4]/span' in '5' second(s)

03-01-2024T15:56:02 - [MESSAGE][INFO] - Smart Wait Function is triggered

03-01-2024T15:56:02 - [MESSAGE][INFO] - Found 1 web elements with id: 'Object Repository/Page_Ressources_Usager/span_DropDown_OrigineDesRessources' located by 'By.xpath: //*[@id="ORIGINE"]/div/div[4]/span' in '5' second(s)

03-01-2024T15:56:02 - [MESSAGE][INFO] - Clicking on object: 'Object Repository/Page_Ressources_Usager/span_DropDown_OrigineDesRessources'

03-01-2024T15:56:04 - [MESSAGE][PASSED] - Object: 'Object Repository/Page_Ressources_Usager/span_DropDown_OrigineDesRessources' is clicked on

03-01-2024T15:56:04 - [TEST_STEP][PASSED] - click(findTestObject("Object Repository/Page_Ressources_Usager/List_OrigineDesRessources")): Object: 'Object Repository/Page_Ressources_Usager/List_OrigineDesRessources' is clicked on

03-01-2024T15:56:04 - [MESSAGE][INFO] - Finding Test Object 'Object Repository/Page_Ressources_Usager/List_OrigineDesRessources'

03-01-2024T15:56:04 - [MESSAGE][INFO] - Checking timeout

03-01-2024T15:56:04 - [MESSAGE][INFO] - Finding web element with id: 'Object Repository/Page_Ressources_Usager/List_OrigineDesRessources' located by 'By.xpath: //*[@id="ORIGINE"]/div/div[5]/div/ul/p-dropdownitem[3]/li' in '20' second(s)

03-01-2024T15:56:04 - [MESSAGE][INFO] - Smart Wait Function is triggered

03-01-2024T15:56:04 - [MESSAGE][INFO] - Found 1 web elements with id: 'Object Repository/Page_Ressources_Usager/List_OrigineDesRessources' located by 'By.xpath: //*[@id="ORIGINE"]/div/div[5]/div/ul/p-dropdownitem[3]/li' in '20' second(s)

03-01-2024T15:56:04 - [MESSAGE][INFO] - Checking object

03-01-2024T15:56:04 - [MESSAGE][INFO] - Checking timeout

03-01-2024T15:56:04 - [MESSAGE][INFO] - Finding web element from Test Object's properties

03-01-2024T15:56:04 - [MESSAGE][INFO] - Checking timeout

03-01-2024T15:56:04 - [MESSAGE][INFO] - Finding web element with id: 'Object Repository/Page_Ressources_Usager/List_OrigineDesRessources' located by 'By.xpath: //*[@id="ORIGINE"]/div/div[5]/div/ul/p-dropdownitem[3]/li' in '5' second(s)

03-01-2024T15:56:04 - [MESSAGE][INFO] - Smart Wait Function is triggered

03-01-2024T15:56:04 - [MESSAGE][INFO] - Found 1 web elements with id: 'Object Repository/Page_Ressources_Usager/List_OrigineDesRessources' located by 'By.xpath: //*[@id="ORIGINE"]/div/div[5]/div/ul/p-dropdownitem[3]/li' in '5' second(s)

03-01-2024T15:56:04 - [MESSAGE][INFO] - Clicking on object: 'Object Repository/Page_Ressources_Usager/List_OrigineDesRessources'

03-01-2024T15:56:06 - [MESSAGE][PASSED] - Object: 'Object Repository/Page_Ressources_Usager/List_OrigineDesRessources' is clicked on

03-01-2024T15:56:06 - [TEST_STEP][PASSED] - setText(findTestObject("Object Repository/Page_Ressources_Usager/Input_MontantParMois"), "1500"): Text '1500' is set on object 'Object Repository/Page_Ressources_Usager/Input_MontantParMois'

03-01-2024T15:56:06 - [MESSAGE][INFO] - Finding Test Object 'Object Repository/Page_Ressources_Usager/Input_MontantParMois'

03-01-2024T15:56:06 - [MESSAGE][INFO] - Checking timeout

03-01-2024T15:56:06 - [MESSAGE][INFO] - Finding web element with id: 'Object Repository/Page_Ressources_Usager/Input_MontantParMois' located by 'By.xpath: /html/body/app-root/div/app-portal/main/app-theme-v2/div/app-demande/div/div[3]/app-ressources/div[2]/div/p-accordion/div/p-accordiontab/div[2]/div/form/app-ressources-financieres-selector/div/div[1]/fieldset/div/app-ressource-financiere/div/div[2]/anef-input-text/div/div/div[1]/div/input|//*[@aria-labelledby="MONTANT-label"]' in '20' second(s)

03-01-2024T15:56:06 - [MESSAGE][INFO] - Smart Wait Function is triggered

03-01-2024T15:56:06 - [MESSAGE][INFO] - Found 2 web elements with id: 'Object Repository/Page_Ressources_Usager/Input_MontantParMois' located by 'By.xpath: /html/body/app-root/div/app-portal/main/app-theme-v2/div/app-demande/div/div[3]/app-ressources/div[2]/div/p-accordion/div/p-accordiontab/div[2]/div/form/app-ressources-financieres-selector/div/div[1]/fieldset/div/app-ressource-financiere/div/div[2]/anef-input-text/div/div/div[1]/div/input|//*[@aria-labelledby="MONTANT-label"]' in '20' second(s)

03-01-2024T15:56:06 - [MESSAGE][INFO] - Checking object

03-01-2024T15:56:06 - [MESSAGE][INFO] - Checking text

03-01-2024T15:56:06 - [MESSAGE][INFO] - Finding web element from Test Object's properties

03-01-2024T15:56:06 - [MESSAGE][INFO] - Checking timeout

03-01-2024T15:56:06 - [MESSAGE][INFO] - Finding web element with id: 'Object Repository/Page_Ressources_Usager/Input_MontantParMois' located by 'By.xpath: /html/body/app-root/div/app-portal/main/app-theme-v2/div/app-demande/div/div[3]/app-ressources/div[2]/div/p-accordion/div/p-accordiontab/div[2]/div/form/app-ressources-financieres-selector/div/div[1]/fieldset/div/app-ressource-financiere/div/div[2]/anef-input-text/div/div/div[1]/div/input|//*[@aria-labelledby="MONTANT-label"]' in '5' second(s)

03-01-2024T15:56:06 - [MESSAGE][INFO] - Smart Wait Function is triggered

03-01-2024T15:56:06 - [MESSAGE][INFO] - Found 2 web elements with id: 'Object Repository/Page_Ressources_Usager/Input_MontantParMois' located by 'By.xpath: /html/body/app-root/div/app-portal/main/app-theme-v2/div/app-demande/div/div[3]/app-ressources/div[2]/div/p-accordion/div/p-accordiontab/div[2]/div/form/app-ressources-financieres-selector/div/div[1]/fieldset/div/app-ressource-financiere/div/div[2]/anef-input-text/div/div/div[1]/div/input|//*[@aria-labelledby="MONTANT-label"]' in '5' second(s)

03-01-2024T15:56:06 - [MESSAGE][INFO] - Clearing text of object 'Object Repository/Page_Ressources_Usager/Input_MontantParMois'

03-01-2024T15:56:08 - [MESSAGE][INFO] - Finding web element from Test Object's properties

03-01-2024T15:56:08 - [MESSAGE][INFO] - Checking timeout

03-01-2024T15:56:08 - [MESSAGE][INFO] - Finding web element with id: 'Object Repository/Page_Ressources_Usager/Input_MontantParMois' located by 'By.xpath: /html/body/app-root/div/app-portal/main/app-theme-v2/div/app-demande/div/div[3]/app-ressources/div[2]/div/p-accordion/div/p-accordiontab/div[2]/div/form/app-ressources-financieres-selector/div/div[1]/fieldset/div/app-ressource-financiere/div/div[2]/anef-input-text/div/div/div[1]/div/input|//*[@aria-labelledby="MONTANT-label"]' in '5' second(s)

03-01-2024T15:56:08 - [MESSAGE][INFO] - Smart Wait Function is triggered

03-01-2024T15:56:08 - [MESSAGE][INFO] - Found 2 web elements with id: 'Object Repository/Page_Ressources_Usager/Input_MontantParMois' located by 'By.xpath: /html/body/app-root/div/app-portal/main/app-theme-v2/div/app-demande/div/div[3]/app-ressources/div[2]/div/p-accordion/div/p-accordiontab/div[2]/div/form/app-ressources-financieres-selector/div/div[1]/fieldset/div/app-ressource-financiere/div/div[2]/anef-input-text/div/div/div[1]/div/input|//*[@aria-labelledby="MONTANT-label"]' in '5' second(s)

03-01-2024T15:56:08 - [MESSAGE][INFO] - Setting text of object 'Object Repository/Page_Ressources_Usager/Input_MontantParMois' to value '1500'

03-01-2024T15:56:10 - [MESSAGE][PASSED] - Text '1500' is set on object 'Object Repository/Page_Ressources_Usager/Input_MontantParMois'

03-01-2024T15:56:10 - [TEST_STEP][PASSED] - check(findTestObject("Object Repository/Page_Ressources_Usager/Check_HebergeTitreGratuit")): Object 'Object Repository/Page_Ressources_Usager/Check_HebergeTitreGratuit' is checked

03-01-2024T15:56:10 - [MESSAGE][INFO] - Finding Test Object 'Object Repository/Page_Ressources_Usager/Check_HebergeTitreGratuit'

03-01-2024T15:56:10 - [MESSAGE][INFO] - Checking object

03-01-2024T15:56:10 - [MESSAGE][INFO] - Finding web element from Test Object's properties

03-01-2024T15:56:10 - [MESSAGE][INFO] - Checking timeout

03-01-2024T15:56:10 - [MESSAGE][INFO] - Finding web element with id: 'Object Repository/Page_Ressources_Usager/Check_HebergeTitreGratuit' located by 'By.xpath: //app-demande//app-ressources//anef-input-check/div/div/p-checkbox/div/div[2]|//app-demande-visiteur//app-ressources-visiteur//anef-input-check//p-checkbox/div/div[2]' in '5' second(s)

03-01-2024T15:56:10 - [MESSAGE][INFO] - Smart Wait Function is triggered

03-01-2024T15:56:10 - [MESSAGE][INFO] - Found 1 web elements with id: 'Object Repository/Page_Ressources_Usager/Check_HebergeTitreGratuit' located by 'By.xpath: //app-demande//app-ressources//anef-input-check/div/div/p-checkbox/div/div[2]|//app-demande-visiteur//app-ressources-visiteur//anef-input-check//p-checkbox/div/div[2]' in '5' second(s)

03-01-2024T15:56:10 - [MESSAGE][INFO] - Checking on bject 'Object Repository/Page_Ressources_Usager/Check_HebergeTitreGratuit'

03-01-2024T15:56:12 - [MESSAGE][PASSED] - Object 'Object Repository/Page_Ressources_Usager/Check_HebergeTitreGratuit' is checked

03-01-2024T15:56:12 - [TEST_STEP][PASSED] - click(findTestObject("Object Repository/Page_DemarcheRenouvellement/btn_EnregistrerEtPoursuivre")): Object: 'Object Repository/Page_DemarcheRenouvellement/btn_EnregistrerEtPoursuivre' is clicked on

03-01-2024T15:56:12 - [MESSAGE][INFO] - Finding Test Object 'Object Repository/Page_DemarcheRenouvellement/btn_EnregistrerEtPoursuivre'

03-01-2024T15:56:13 - [MESSAGE][INFO] - Checking timeout

03-01-2024T15:56:13 - [MESSAGE][INFO] - Finding web element with id: 'Object Repository/Page_DemarcheRenouvellement/btn_EnregistrerEtPoursuivre' located by 'By.xpath: //span[text()='Enregistrer et poursuivre >']' in '20' second(s)

03-01-2024T15:56:13 - [MESSAGE][INFO] - Smart Wait Function is triggered

03-01-2024T15:56:13 - [MESSAGE][INFO] - Found 1 web elements with id: 'Object Repository/Page_DemarcheRenouvellement/btn_EnregistrerEtPoursuivre' located by 'By.xpath: //span[text()='Enregistrer et poursuivre >']' in '20' second(s)

03-01-2024T15:56:13 - [MESSAGE][INFO] - Checking object

03-01-2024T15:56:13 - [MESSAGE][INFO] - Checking timeout

03-01-2024T15:56:13 - [MESSAGE][INFO] - Finding web element from Test Object's properties

03-01-2024T15:56:13 - [MESSAGE][INFO] - Checking timeout

03-01-2024T15:56:13 - [MESSAGE][INFO] - Finding web element with id: 'Object Repository/Page_DemarcheRenouvellement/btn_EnregistrerEtPoursuivre' located by 'By.xpath: //span[text()='Enregistrer et poursuivre >']' in '5' second(s)

03-01-2024T15:56:13 - [MESSAGE][INFO] - Smart Wait Function is triggered

03-01-2024T15:56:13 - [MESSAGE][INFO] - Found 1 web elements with id: 'Object Repository/Page_DemarcheRenouvellement/btn_EnregistrerEtPoursuivre' located by 'By.xpath: //span[text()='Enregistrer et poursuivre >']' in '5' second(s)

03-01-2024T15:56:13 - [MESSAGE][INFO] - Clicking on object: 'Object Repository/Page_DemarcheRenouvellement/btn_EnregistrerEtPoursuivre'

03-01-2024T15:56:15 - [MESSAGE][PASSED] - Object: 'Object Repository/Page_DemarcheRenouvellement/btn_EnregistrerEtPoursuivre' is clicked on

03-01-2024T15:56:15 - [MESSAGE][PASSED] - Call Test Case 'Test Cases/Test Reutilisable/DemandeOuRenouvelle_TitreSejour/FormulaireRessources' successfully

03-01-2024T15:56:15 - [TEST_STEP][PASSED] - callTestCase(findTestCase("Test Reutilisable/DemandeOuRenouvelle_TitreSejour/FormulaireJustificatifs"), ["TypeTitreDeSejour":TypeTitreDeSejour, "Titre":Titre, "NumEphoto":NumEphoto, "ChangementSituation":ChangementSituation], STOP_ON_FAILURE): Call Test Case 'Test Cases/Test Reutilisable/DemandeOuRenouvelle_TitreSejour/FormulaireJustificatifs' successfully

03-01-2024T15:56:15 - [MESSAGE][INFO] - Checking called Test Case

03-01-2024T15:56:15 - [MESSAGE][INFO] - Starting to call Test Case 'Test Cases/Test Reutilisable/DemandeOuRenouvelle_TitreSejour/FormulaireJustificatifs'

03-01-2024T15:56:15 - [TEST_CASE][PASSED] - Test Cases/Test Reutilisable/DemandeOuRenouvelle_TitreSejour/FormulaireJustificatifs: Test Cases/Test Reutilisable/DemandeOuRenouvelle_TitreSejour/FormulaireJustificatifs

03-01-2024T15:56:16 - [TEST_STEP][PASSED] - delay(5): Delayed 5 second(s)

03-01-2024T15:56:16 - [MESSAGE][INFO] - Delaying browser in 5 second(s)

03-01-2024T15:56:21 - [MESSAGE][PASSED] - Delayed 5 second(s)

03-01-2024T15:56:21 - [TEST_STEP][PASSED] - com.kazurayam.ksbackyard.HighlightElement.pandemic(): com.kazurayam.ksbackyard.HighlightElement.pandemic is PASSED

03-01-2024T15:56:21 - [MESSAGE][PASSED] - com.kazurayam.ksbackyard.HighlightElement.pandemic is PASSED

03-01-2024T15:56:21 - [TEST_STEP][PASSED] - RunBrowserConfiguration = getExecutionProperties(): null

03-01-2024T15:56:21 - [TEST_STEP][PASSED] - DriverName = DriverName: null

03-01-2024T15:56:21 - [TEST_STEP][PASSED] - driver = getWebDriver(): null

03-01-2024T15:56:21 - [TEST_STEP][PASSED] - wrappedDriver = driver.getWrappedDriver(): null

03-01-2024T15:56:21 - [TEST_STEP][PASSED] - out.println(wrappedDriver.getClass()): null

03-01-2024T15:56:21 - [TEST_STEP][PASSED] - if (class == com.kms.katalon.selenium.driver.CRemoteWebDriver): null

03-01-2024T15:56:21 - [TEST_STEP][PASSED] - SpecificDownloadDirectory = "": null

03-01-2024T15:56:21 - [TEST_STEP][PASSED] - if (DriverName == "FIREFOX_DRIVER"): null

03-01-2024T15:56:21 - [TEST_STEP][PASSED] - else if (class == "CRemoteWebDriver"): null

03-01-2024T15:56:21 - [TEST_STEP][PASSED] - else: null

03-01-2024T15:56:21 - [TEST_STEP][PASSED] - SpecificDownloadDirectory = getProjectDir() + "/Data Files": null

03-01-2024T15:56:21 - [TEST_STEP][PASSED] - println("SpecificDownloadDirectory : " + SpecificDownloadDirectory): null

03-01-2024T15:56:21 - [TEST_STEP][PASSED] - if (ChangementSituation == "Non"): null

03-01-2024T15:56:21 - [TEST_STEP][PASSED] - if (TypeTitreDeSejour == "RenouvellementDeTitreSejour" && Titre == "Etudiant"): Object: 'Object Repository/Page_DemarcheRenouvellement/btn_EnregistrerEtPoursuivre' is clicked on

03-01-2024T15:56:21 - [TEST_STEP][PASSED] - uploadFile(findTestObject("Object Repository/Page_Justificatifs_Usager/Btn_ChoisirFichier_TitreSejourValide"), SpecificDownloadDirectory + "/EtatCivil.pdf"): File 'C:/Users/ISSAM.RHARBAOUI/git/ANEF-RenouvellementSejour/Data Files/EtatCivil.pdf' sent to object: 'Object Repository/Page_Justificatifs_Usager/Btn_ChoisirFichier_TitreSejourValide'

03-01-2024T15:56:21 - [MESSAGE][INFO] - Finding Test Object 'Object Repository/Page_Justificatifs_Usager/Btn_ChoisirFichier_TitreSejourValide'

03-01-2024T15:56:21 - [MESSAGE][INFO] - Checking object

03-01-2024T15:56:21 - [MESSAGE][INFO] - Uploading file 'C:/Users/ISSAM.RHARBAOUI/git/ANEF-RenouvellementSejour/Data Files/EtatCivil.pdf' to object: 'Object Repository/Page_Justificatifs_Usager/Btn_ChoisirFichier_TitreSejourValide'

03-01-2024T15:56:21 - [MESSAGE][INFO] - Finding web element from Test Object's properties

03-01-2024T15:56:21 - [MESSAGE][INFO] - Checking timeout

03-01-2024T15:56:21 - [MESSAGE][INFO] - Finding web element with id: 'Object Repository/Page_Justificatifs_Usager/Btn_ChoisirFichier_TitreSejourValide' located by 'By.xpath: //app-justificatifs-visiteur//app-justificatif-titre-sejour//app-pieces-jointes//span[1]/input|//app-justificatifs-ptsq//app-justificatif-titre-sejour//app-pieces-jointes//span[1]/input|//app-justificatifs/div[2]/div/p-accordion/div/p-accordiontab[1]/div[2]/div/div[1]/div/app-pieces-jointes[1]/div/span[1]/input|//div/div/div/app-justificatif-titre-sejour/div/app-pieces-jointes/div/span[1]/input
' in '5' second(s)

03-01-2024T15:56:21 - [MESSAGE][INFO] - Smart Wait Function is triggered

03-01-2024T15:56:21 - [MESSAGE][INFO] - Found 1 web elements with id: 'Object Repository/Page_Justificatifs_Usager/Btn_ChoisirFichier_TitreSejourValide' located by 'By.xpath: //app-justificatifs-visiteur//app-justificatif-titre-sejour//app-pieces-jointes//span[1]/input|//app-justificatifs-ptsq//app-justificatif-titre-sejour//app-pieces-jointes//span[1]/input|//app-justificatifs/div[2]/div/p-accordion/div/p-accordiontab[1]/div[2]/div/div[1]/div/app-pieces-jointes[1]/div/span[1]/input|//div/div/div/app-justificatif-titre-sejour/div/app-pieces-jointes/div/span[1]/input
' in '5' second(s)

03-01-2024T15:56:23 - [MESSAGE][PASSED] - File 'C:/Users/ISSAM.RHARBAOUI/git/ANEF-RenouvellementSejour/Data Files/EtatCivil.pdf' sent to object: 'Object Repository/Page_Justificatifs_Usager/Btn_ChoisirFichier_TitreSejourValide'

03-01-2024T15:56:23 - [TEST_STEP][PASSED] - delay(5): Delayed 5 second(s)

03-01-2024T15:56:23 - [MESSAGE][INFO] - Delaying browser in 5 second(s)

03-01-2024T15:56:28 - [MESSAGE][PASSED] - Delayed 5 second(s)

03-01-2024T15:56:28 - [TEST_STEP][PASSED] - uploadFile(findTestObject("Object Repository/Page_Justificatifs_Usager/Btn_ChoisirFichier_Passeport"), SpecificDownloadDirectory + "/Passeport.pdf"): File 'C:/Users/ISSAM.RHARBAOUI/git/ANEF-RenouvellementSejour/Data Files/Passeport.pdf' sent to object: 'Object Repository/Page_Justificatifs_Usager/Btn_ChoisirFichier_Passeport'

03-01-2024T15:56:28 - [MESSAGE][INFO] - Finding Test Object 'Object Repository/Page_Justificatifs_Usager/Btn_ChoisirFichier_Passeport'

03-01-2024T15:56:28 - [MESSAGE][INFO] - Checking object

03-01-2024T15:56:28 - [MESSAGE][INFO] - Uploading file 'C:/Users/ISSAM.RHARBAOUI/git/ANEF-RenouvellementSejour/Data Files/Passeport.pdf' to object: 'Object Repository/Page_Justificatifs_Usager/Btn_ChoisirFichier_Passeport'

03-01-2024T15:56:28 - [MESSAGE][INFO] - Finding web element from Test Object's properties

03-01-2024T15:56:28 - [MESSAGE][INFO] - Checking timeout

03-01-2024T15:56:28 - [MESSAGE][INFO] - Finding web element with id: 'Object Repository/Page_Justificatifs_Usager/Btn_ChoisirFichier_Passeport' located by 'By.xpath: //app-justificatifs-visiteur//app-justificatif-passeport//app-pieces-jointes//span[1]/input|//app-justificatifs-ptsq//app-justificatif-passeport//app-pieces-jointes//span[1]/input|//app-justificatifs/div[2]/div/p-accordion/div/p-accordiontab[1]/div[2]/div/div[1]/div/app-pieces-jointes[2]/div/span[1]/input|//div/div/app-justificatif-passeport/div/app-pieces-jointes/div/span[1]/input' in '5' second(s)

03-01-2024T15:56:28 - [MESSAGE][INFO] - Smart Wait Function is triggered

03-01-2024T15:56:28 - [MESSAGE][INFO] - Found 1 web elements with id: 'Object Repository/Page_Justificatifs_Usager/Btn_ChoisirFichier_Passeport' located by 'By.xpath: //app-justificatifs-visiteur//app-justificatif-passeport//app-pieces-jointes//span[1]/input|//app-justificatifs-ptsq//app-justificatif-passeport//app-pieces-jointes//span[1]/input|//app-justificatifs/div[2]/div/p-accordion/div/p-accordiontab[1]/div[2]/div/div[1]/div/app-pieces-jointes[2]/div/span[1]/input|//div/div/app-justificatif-passeport/div/app-pieces-jointes/div/span[1]/input' in '5' second(s)

03-01-2024T15:56:30 - [MESSAGE][PASSED] - File 'C:/Users/ISSAM.RHARBAOUI/git/ANEF-RenouvellementSejour/Data Files/Passeport.pdf' sent to object: 'Object Repository/Page_Justificatifs_Usager/Btn_ChoisirFichier_Passeport'

03-01-2024T15:56:30 - [TEST_STEP][PASSED] - delay(5): Delayed 5 second(s)

03-01-2024T15:56:30 - [MESSAGE][INFO] - Delaying browser in 5 second(s)

03-01-2024T15:56:35 - [MESSAGE][PASSED] - Delayed 5 second(s)

03-01-2024T15:56:35 - [TEST_STEP][PASSED] - setText(findTestObject("Object Repository/Page_Justificatifs_Usager/Input_Numero_Ephoto"), NumEphoto): Text '1PMTYE991215114515JY04' is set on object 'Object Repository/Page_Justificatifs_Usager/Input_Numero_Ephoto'

03-01-2024T15:56:35 - [MESSAGE][INFO] - Finding Test Object 'Object Repository/Page_Justificatifs_Usager/Input_Numero_Ephoto'

03-01-2024T15:56:35 - [MESSAGE][INFO] - Checking timeout

03-01-2024T15:56:35 - [MESSAGE][INFO] - Finding web element with id: 'Object Repository/Page_Justificatifs_Usager/Input_Numero_Ephoto' located by 'By.xpath: //*[@aria-labelledby="PHOTO_NUMBER-label" and @type ="text"]|//*[@aria-labelledby="PHOTO_IDENTITE-label" and @type ="text"]' in '20' second(s)

03-01-2024T15:56:35 - [MESSAGE][INFO] - Smart Wait Function is triggered

03-01-2024T15:56:35 - [MESSAGE][INFO] - Found 1 web elements with id: 'Object Repository/Page_Justificatifs_Usager/Input_Numero_Ephoto' located by 'By.xpath: //*[@aria-labelledby="PHOTO_NUMBER-label" and @type ="text"]|//*[@aria-labelledby="PHOTO_IDENTITE-label" and @type ="text"]' in '20' second(s)

03-01-2024T15:56:35 - [MESSAGE][INFO] - Checking object

03-01-2024T15:56:35 - [MESSAGE][INFO] - Checking text

03-01-2024T15:56:35 - [MESSAGE][INFO] - Finding web element from Test Object's properties

03-01-2024T15:56:35 - [MESSAGE][INFO] - Checking timeout

03-01-2024T15:56:35 - [MESSAGE][INFO] - Finding web element with id: 'Object Repository/Page_Justificatifs_Usager/Input_Numero_Ephoto' located by 'By.xpath: //*[@aria-labelledby="PHOTO_NUMBER-label" and @type ="text"]|//*[@aria-labelledby="PHOTO_IDENTITE-label" and @type ="text"]' in '5' second(s)

03-01-2024T15:56:35 - [MESSAGE][INFO] - Smart Wait Function is triggered

03-01-2024T15:56:35 - [MESSAGE][INFO] - Found 1 web elements with id: 'Object Repository/Page_Justificatifs_Usager/Input_Numero_Ephoto' located by 'By.xpath: //*[@aria-labelledby="PHOTO_NUMBER-label" and @type ="text"]|//*[@aria-labelledby="PHOTO_IDENTITE-label" and @type ="text"]' in '5' second(s)

03-01-2024T15:56:35 - [MESSAGE][INFO] - Clearing text of object 'Object Repository/Page_Justificatifs_Usager/Input_Numero_Ephoto'

03-01-2024T15:56:37 - [MESSAGE][INFO] - Finding web element from Test Object's properties

03-01-2024T15:56:37 - [MESSAGE][INFO] - Checking timeout

03-01-2024T15:56:37 - [MESSAGE][INFO] - Finding web element with id: 'Object Repository/Page_Justificatifs_Usager/Input_Numero_Ephoto' located by 'By.xpath: //*[@aria-labelledby="PHOTO_NUMBER-label" and @type ="text"]|//*[@aria-labelledby="PHOTO_IDENTITE-label" and @type ="text"]' in '5' second(s)

03-01-2024T15:56:37 - [MESSAGE][INFO] - Smart Wait Function is triggered

03-01-2024T15:56:37 - [MESSAGE][INFO] - Found 1 web elements with id: 'Object Repository/Page_Justificatifs_Usager/Input_Numero_Ephoto' located by 'By.xpath: //*[@aria-labelledby="PHOTO_NUMBER-label" and @type ="text"]|//*[@aria-labelledby="PHOTO_IDENTITE-label" and @type ="text"]' in '5' second(s)

03-01-2024T15:56:37 - [MESSAGE][INFO] - Setting text of object 'Object Repository/Page_Justificatifs_Usager/Input_Numero_Ephoto' to value '1PMTYE991215114515JY04'

03-01-2024T15:56:40 - [MESSAGE][PASSED] - Text '1PMTYE991215114515JY04' is set on object 'Object Repository/Page_Justificatifs_Usager/Input_Numero_Ephoto'

03-01-2024T15:56:40 - [TEST_STEP][PASSED] - click(findTestObject("Object Repository/Page_Justificatifs_Usager/Btn_ConfirmerNumeroEphoto")): Object: 'Object Repository/Page_Justificatifs_Usager/Btn_ConfirmerNumeroEphoto' is clicked on

03-01-2024T15:56:40 - [MESSAGE][INFO] - Finding Test Object 'Object Repository/Page_Justificatifs_Usager/Btn_ConfirmerNumeroEphoto'

03-01-2024T15:56:40 - [MESSAGE][INFO] - Checking timeout

03-01-2024T15:56:40 - [MESSAGE][INFO] - Finding web element with id: 'Object Repository/Page_Justificatifs_Usager/Btn_ConfirmerNumeroEphoto' located by 'By.xpath: //div/app-e-photo//div/button/span|//app-justificatifs/div[2]/div/p-accordion/div/p-accordiontab[1]/div[2]/div/div[1]/div/button/span' in '20' second(s)

03-01-2024T15:56:40 - [MESSAGE][INFO] - Smart Wait Function is triggered

03-01-2024T15:56:40 - [MESSAGE][INFO] - Found 1 web elements with id: 'Object Repository/Page_Justificatifs_Usager/Btn_ConfirmerNumeroEphoto' located by 'By.xpath: //div/app-e-photo//div/button/span|//app-justificatifs/div[2]/div/p-accordion/div/p-accordiontab[1]/div[2]/div/div[1]/div/button/span' in '20' second(s)

03-01-2024T15:56:40 - [MESSAGE][INFO] - Checking object

03-01-2024T15:56:40 - [MESSAGE][INFO] - Checking timeout

03-01-2024T15:56:40 - [MESSAGE][INFO] - Finding web element from Test Object's properties

03-01-2024T15:56:40 - [MESSAGE][INFO] - Checking timeout

03-01-2024T15:56:40 - [MESSAGE][INFO] - Finding web element with id: 'Object Repository/Page_Justificatifs_Usager/Btn_ConfirmerNumeroEphoto' located by 'By.xpath: //div/app-e-photo//div/button/span|//app-justificatifs/div[2]/div/p-accordion/div/p-accordiontab[1]/div[2]/div/div[1]/div/button/span' in '5' second(s)

03-01-2024T15:56:40 - [MESSAGE][INFO] - Smart Wait Function is triggered

03-01-2024T15:56:40 - [MESSAGE][INFO] - Found 1 web elements with id: 'Object Repository/Page_Justificatifs_Usager/Btn_ConfirmerNumeroEphoto' located by 'By.xpath: //div/app-e-photo//div/button/span|//app-justificatifs/div[2]/div/p-accordion/div/p-accordiontab[1]/div[2]/div/div[1]/div/button/span' in '5' second(s)

03-01-2024T15:56:40 - [MESSAGE][INFO] - Clicking on object: 'Object Repository/Page_Justificatifs_Usager/Btn_ConfirmerNumeroEphoto'

03-01-2024T15:56:42 - [MESSAGE][PASSED] - Object: 'Object Repository/Page_Justificatifs_Usager/Btn_ConfirmerNumeroEphoto' is clicked on

03-01-2024T15:56:42 - [TEST_STEP][PASSED] - delay(5): Delayed 5 second(s)

03-01-2024T15:56:42 - [MESSAGE][INFO] - Delaying browser in 5 second(s)

03-01-2024T15:56:47 - [MESSAGE][PASSED] - Delayed 5 second(s)

03-01-2024T15:56:47 - [TEST_STEP][PASSED] - uploadFile(findTestObject("Object Repository/Page_Justificatifs_Usager/Btn_ChoisirFichier_Domiciliation"), SpecificDownloadDirectory + "/Domiciliation.pdf"): File 'C:/Users/ISSAM.RHARBAOUI/git/ANEF-RenouvellementSejour/Data Files/Domiciliation.pdf' sent to object: 'Object Repository/Page_Justificatifs_Usager/Btn_ChoisirFichier_Domiciliation'

03-01-2024T15:56:47 - [MESSAGE][INFO] - Finding Test Object 'Object Repository/Page_Justificatifs_Usager/Btn_ChoisirFichier_Domiciliation'

03-01-2024T15:56:47 - [MESSAGE][INFO] - Checking object

03-01-2024T15:56:47 - [MESSAGE][INFO] - Uploading file 'C:/Users/ISSAM.RHARBAOUI/git/ANEF-RenouvellementSejour/Data Files/Domiciliation.pdf' to object: 'Object Repository/Page_Justificatifs_Usager/Btn_ChoisirFichier_Domiciliation'

03-01-2024T15:56:47 - [MESSAGE][INFO] - Finding web element from Test Object's properties

03-01-2024T15:56:47 - [MESSAGE][INFO] - Checking timeout

03-01-2024T15:56:47 - [MESSAGE][INFO] - Finding web element with id: 'Object Repository/Page_Justificatifs_Usager/Btn_ChoisirFichier_Domiciliation' located by 'By.xpath: //app-justificatifs-visiteur//app-justificatifs-domiciliation//app-pieces-jointes//span[1]/input|//app-justificatifs-ptsq//app-justificatifs-domiciliation//app-pieces-jointes//span[1]/input|//app-justificatifs/div[2]/div/p-accordion/div/p-accordiontab[1]/div[2]/div/div[2]/div/app-pieces-jointes/div/span[1]/input|//div/app-justificatifs-domiciliation/div/div/app-pieces-jointes/div/span[1]/input' in '5' second(s)

03-01-2024T15:56:47 - [MESSAGE][INFO] - Smart Wait Function is triggered

03-01-2024T15:56:47 - [MESSAGE][INFO] - Found 1 web elements with id: 'Object Repository/Page_Justificatifs_Usager/Btn_ChoisirFichier_Domiciliation' located by 'By.xpath: //app-justificatifs-visiteur//app-justificatifs-domiciliation//app-pieces-jointes//span[1]/input|//app-justificatifs-ptsq//app-justificatifs-domiciliation//app-pieces-jointes//span[1]/input|//app-justificatifs/div[2]/div/p-accordion/div/p-accordiontab[1]/div[2]/div/div[2]/div/app-pieces-jointes/div/span[1]/input|//div/app-justificatifs-domiciliation/div/div/app-pieces-jointes/div/span[1]/input' in '5' second(s)

03-01-2024T15:56:49 - [MESSAGE][PASSED] - File 'C:/Users/ISSAM.RHARBAOUI/git/ANEF-RenouvellementSejour/Data Files/Domiciliation.pdf' sent to object: 'Object Repository/Page_Justificatifs_Usager/Btn_ChoisirFichier_Domiciliation'

03-01-2024T15:56:49 - [TEST_STEP][PASSED] - delay(5): Delayed 5 second(s)

03-01-2024T15:56:49 - [MESSAGE][INFO] - Delaying browser in 5 second(s)

03-01-2024T15:56:54 - [MESSAGE][PASSED] - Delayed 5 second(s)

03-01-2024T15:56:54 - [TEST_STEP][PASSED] - uploadFile(findTestObject("Object Repository/Page_Justificatifs_Usager/Btn_ChoisirFichier_CertificatDInscription"), SpecificDownloadDirectory + "/CertificatDInscription.pdf"): File 'C:/Users/ISSAM.RHARBAOUI/git/ANEF-RenouvellementSejour/Data Files/CertificatDInscription.pdf' sent to object: 'Object Repository/Page_Justificatifs_Usager/Btn_ChoisirFichier_CertificatDInscription'

03-01-2024T15:56:54 - [MESSAGE][INFO] - Finding Test Object 'Object Repository/Page_Justificatifs_Usager/Btn_ChoisirFichier_CertificatDInscription'

03-01-2024T15:56:54 - [MESSAGE][INFO] - Checking object

03-01-2024T15:56:54 - [MESSAGE][INFO] - Uploading file 'C:/Users/ISSAM.RHARBAOUI/git/ANEF-RenouvellementSejour/Data Files/CertificatDInscription.pdf' to object: 'Object Repository/Page_Justificatifs_Usager/Btn_ChoisirFichier_CertificatDInscription'

03-01-2024T15:56:54 - [MESSAGE][INFO] - Finding web element from Test Object's properties

03-01-2024T15:56:54 - [MESSAGE][INFO] - Checking timeout

03-01-2024T15:56:54 - [MESSAGE][INFO] - Finding web element with id: 'Object Repository/Page_Justificatifs_Usager/Btn_ChoisirFichier_CertificatDInscription' located by 'By.xpath: //app-justificatifs/div[2]/div/p-accordion/div/p-accordiontab[2]/div[2]/div/app-pieces-jointes[1]/div/span[1]/input' in '5' second(s)

03-01-2024T15:56:54 - [MESSAGE][INFO] - Smart Wait Function is triggered

03-01-2024T15:56:54 - [MESSAGE][INFO] - Found 1 web elements with id: 'Object Repository/Page_Justificatifs_Usager/Btn_ChoisirFichier_CertificatDInscription' located by 'By.xpath: //app-justificatifs/div[2]/div/p-accordion/div/p-accordiontab[2]/div[2]/div/app-pieces-jointes[1]/div/span[1]/input' in '5' second(s)

03-01-2024T15:56:56 - [MESSAGE][PASSED] - File 'C:/Users/ISSAM.RHARBAOUI/git/ANEF-RenouvellementSejour/Data Files/CertificatDInscription.pdf' sent to object: 'Object Repository/Page_Justificatifs_Usager/Btn_ChoisirFichier_CertificatDInscription'

03-01-2024T15:56:56 - [TEST_STEP][PASSED] - delay(5): Delayed 5 second(s)

03-01-2024T15:56:56 - [MESSAGE][INFO] - Delaying browser in 5 second(s)

03-01-2024T15:57:01 - [MESSAGE][PASSED] - Delayed 5 second(s)

03-01-2024T15:57:01 - [TEST_STEP][PASSED] - uploadFile(findTestObject("Object Repository/Page_Justificatifs_Usager/Btn_ChoisirFichier_ReleveDeNotes"), SpecificDownloadDirectory + "/ReleveDeNotes.pdf"): File 'C:/Users/ISSAM.RHARBAOUI/git/ANEF-RenouvellementSejour/Data Files/ReleveDeNotes.pdf' sent to object: 'Object Repository/Page_Justificatifs_Usager/Btn_ChoisirFichier_ReleveDeNotes'

03-01-2024T15:57:01 - [MESSAGE][INFO] - Finding Test Object 'Object Repository/Page_Justificatifs_Usager/Btn_ChoisirFichier_ReleveDeNotes'

03-01-2024T15:57:01 - [MESSAGE][INFO] - Checking object

03-01-2024T15:57:01 - [MESSAGE][INFO] - Uploading file 'C:/Users/ISSAM.RHARBAOUI/git/ANEF-RenouvellementSejour/Data Files/ReleveDeNotes.pdf' to object: 'Object Repository/Page_Justificatifs_Usager/Btn_ChoisirFichier_ReleveDeNotes'

03-01-2024T15:57:01 - [MESSAGE][INFO] - Finding web element from Test Object's properties

03-01-2024T15:57:01 - [MESSAGE][INFO] - Checking timeout

03-01-2024T15:57:01 - [MESSAGE][INFO] - Finding web element with id: 'Object Repository/Page_Justificatifs_Usager/Btn_ChoisirFichier_ReleveDeNotes' located by 'By.xpath: //app-justificatifs/div[2]/div/p-accordion/div/p-accordiontab[2]/div[2]/div/app-pieces-jointes[2]/div/span[1]/input' in '5' second(s)

03-01-2024T15:57:01 - [MESSAGE][INFO] - Smart Wait Function is triggered

03-01-2024T15:57:01 - [MESSAGE][INFO] - Found 1 web elements with id: 'Object Repository/Page_Justificatifs_Usager/Btn_ChoisirFichier_ReleveDeNotes' located by 'By.xpath: //app-justificatifs/div[2]/div/p-accordion/div/p-accordiontab[2]/div[2]/div/app-pieces-jointes[2]/div/span[1]/input' in '5' second(s)

03-01-2024T15:57:03 - [MESSAGE][PASSED] - File 'C:/Users/ISSAM.RHARBAOUI/git/ANEF-RenouvellementSejour/Data Files/ReleveDeNotes.pdf' sent to object: 'Object Repository/Page_Justificatifs_Usager/Btn_ChoisirFichier_ReleveDeNotes'

03-01-2024T15:57:03 - [TEST_STEP][PASSED] - delay(5): Delayed 5 second(s)

03-01-2024T15:57:03 - [MESSAGE][INFO] - Delaying browser in 5 second(s)

03-01-2024T15:57:08 - [MESSAGE][PASSED] - Delayed 5 second(s)

03-01-2024T15:57:08 - [TEST_STEP][PASSED] - uploadFile(findTestObject("Object Repository/Page_Justificatifs_Usager/Btn_ChoisirFichier_DiplomeObtenuEnFrance"), SpecificDownloadDirectory + "/DiplomeObtenuEnFrance.pdf"): File 'C:/Users/ISSAM.RHARBAOUI/git/ANEF-RenouvellementSejour/Data Files/DiplomeObtenuEnFrance.pdf' sent to object: 'Object Repository/Page_Justificatifs_Usager/Btn_ChoisirFichier_DiplomeObtenuEnFrance'

03-01-2024T15:57:08 - [MESSAGE][INFO] - Finding Test Object 'Object Repository/Page_Justificatifs_Usager/Btn_ChoisirFichier_DiplomeObtenuEnFrance'

03-01-2024T15:57:09 - [MESSAGE][INFO] - Checking object

03-01-2024T15:57:09 - [MESSAGE][INFO] - Uploading file 'C:/Users/ISSAM.RHARBAOUI/git/ANEF-RenouvellementSejour/Data Files/DiplomeObtenuEnFrance.pdf' to object: 'Object Repository/Page_Justificatifs_Usager/Btn_ChoisirFichier_DiplomeObtenuEnFrance'

03-01-2024T15:57:09 - [MESSAGE][INFO] - Finding web element from Test Object's properties

03-01-2024T15:57:09 - [MESSAGE][INFO] - Checking timeout

03-01-2024T15:57:09 - [MESSAGE][INFO] - Finding web element with id: 'Object Repository/Page_Justificatifs_Usager/Btn_ChoisirFichier_DiplomeObtenuEnFrance' located by 'By.xpath: //app-justificatifs-visiteur//p-accordiontab[2]//div[2]/app-pieces-jointes//span[1]/input|//app-justificatifs-ptsq//p-accordiontab[2]//div[2]/app-pieces-jointes//span[1]/input|//app-justificatifs/div[2]/div/p-accordion/div/p-accordiontab[2]/div[2]/div/app-pieces-jointes[3]/div/span[1]/input|//div/div/app-justificatif-diplome-chercheur/div/app-pieces-jointes/div/span[1]/input
' in '5' second(s)

03-01-2024T15:57:09 - [MESSAGE][INFO] - Smart Wait Function is triggered

03-01-2024T15:57:09 - [MESSAGE][INFO] - Found 1 web elements with id: 'Object Repository/Page_Justificatifs_Usager/Btn_ChoisirFichier_DiplomeObtenuEnFrance' located by 'By.xpath: //app-justificatifs-visiteur//p-accordiontab[2]//div[2]/app-pieces-jointes//span[1]/input|//app-justificatifs-ptsq//p-accordiontab[2]//div[2]/app-pieces-jointes//span[1]/input|//app-justificatifs/div[2]/div/p-accordion/div/p-accordiontab[2]/div[2]/div/app-pieces-jointes[3]/div/span[1]/input|//div/div/app-justificatif-diplome-chercheur/div/app-pieces-jointes/div/span[1]/input
' in '5' second(s)

03-01-2024T15:57:11 - [MESSAGE][PASSED] - File 'C:/Users/ISSAM.RHARBAOUI/git/ANEF-RenouvellementSejour/Data Files/DiplomeObtenuEnFrance.pdf' sent to object: 'Object Repository/Page_Justificatifs_Usager/Btn_ChoisirFichier_DiplomeObtenuEnFrance'

03-01-2024T15:57:11 - [TEST_STEP][PASSED] - delay(5): Delayed 5 second(s)

03-01-2024T15:57:11 - [MESSAGE][INFO] - Delaying browser in 5 second(s)

03-01-2024T15:57:16 - [MESSAGE][PASSED] - Delayed 5 second(s)

03-01-2024T15:57:16 - [TEST_STEP][PASSED] - uploadFile(findTestObject("Object Repository/Page_Justificatifs_Usager/Btn_ChoisirFichier_AttestationDeReussite"), SpecificDownloadDirectory + "/AttestationDeReussite.pdf"): File 'C:/Users/ISSAM.RHARBAOUI/git/ANEF-RenouvellementSejour/Data Files/AttestationDeReussite.pdf' sent to object: 'Object Repository/Page_Justificatifs_Usager/Btn_ChoisirFichier_AttestationDeReussite'

03-01-2024T15:57:16 - [MESSAGE][INFO] - Finding Test Object 'Object Repository/Page_Justificatifs_Usager/Btn_ChoisirFichier_AttestationDeReussite'

03-01-2024T15:57:16 - [MESSAGE][INFO] - Checking object

03-01-2024T15:57:16 - [MESSAGE][INFO] - Uploading file 'C:/Users/ISSAM.RHARBAOUI/git/ANEF-RenouvellementSejour/Data Files/AttestationDeReussite.pdf' to object: 'Object Repository/Page_Justificatifs_Usager/Btn_ChoisirFichier_AttestationDeReussite'

03-01-2024T15:57:16 - [MESSAGE][INFO] - Finding web element from Test Object's properties

03-01-2024T15:57:16 - [MESSAGE][INFO] - Checking timeout

03-01-2024T15:57:16 - [MESSAGE][INFO] - Finding web element with id: 'Object Repository/Page_Justificatifs_Usager/Btn_ChoisirFichier_AttestationDeReussite' located by 'By.xpath: //app-justificatifs/div[2]/div/p-accordion/div/p-accordiontab[2]/div[2]/div/app-pieces-jointes[4]/div/span[1]/input' in '5' second(s)

03-01-2024T15:57:16 - [MESSAGE][INFO] - Smart Wait Function is triggered

03-01-2024T15:57:16 - [MESSAGE][INFO] - Found 1 web elements with id: 'Object Repository/Page_Justificatifs_Usager/Btn_ChoisirFichier_AttestationDeReussite' located by 'By.xpath: //app-justificatifs/div[2]/div/p-accordion/div/p-accordiontab[2]/div[2]/div/app-pieces-jointes[4]/div/span[1]/input' in '5' second(s)

03-01-2024T15:57:18 - [MESSAGE][PASSED] - File 'C:/Users/ISSAM.RHARBAOUI/git/ANEF-RenouvellementSejour/Data Files/AttestationDeReussite.pdf' sent to object: 'Object Repository/Page_Justificatifs_Usager/Btn_ChoisirFichier_AttestationDeReussite'

03-01-2024T15:57:18 - [TEST_STEP][PASSED] - delay(5): Delayed 5 second(s)

03-01-2024T15:57:18 - [MESSAGE][INFO] - Delaying browser in 5 second(s)

03-01-2024T15:57:23 - [MESSAGE][PASSED] - Delayed 5 second(s)

03-01-2024T15:57:23 - [TEST_STEP][PASSED] - uploadFile(findTestObject("Object Repository/Page_Justificatifs_Usager/Btn_ChoisirFichier_PrisEnChargeParUnTiers"), SpecificDownloadDirectory + "/PrisEnChargeParUnTiers.pdf"): File 'C:/Users/ISSAM.RHARBAOUI/git/ANEF-RenouvellementSejour/Data Files/PrisEnChargeParUnTiers.pdf' sent to object: 'Object Repository/Page_Justificatifs_Usager/Btn_ChoisirFichier_PrisEnChargeParUnTiers'

03-01-2024T15:57:23 - [MESSAGE][INFO] - Finding Test Object 'Object Repository/Page_Justificatifs_Usager/Btn_ChoisirFichier_PrisEnChargeParUnTiers'

03-01-2024T15:57:23 - [MESSAGE][INFO] - Checking object

03-01-2024T15:57:23 - [MESSAGE][INFO] - Uploading file 'C:/Users/ISSAM.RHARBAOUI/git/ANEF-RenouvellementSejour/Data Files/PrisEnChargeParUnTiers.pdf' to object: 'Object Repository/Page_Justificatifs_Usager/Btn_ChoisirFichier_PrisEnChargeParUnTiers'

03-01-2024T15:57:23 - [MESSAGE][INFO] - Finding web element from Test Object's properties

03-01-2024T15:57:23 - [MESSAGE][INFO] - Checking timeout

03-01-2024T15:57:23 - [MESSAGE][INFO] - Finding web element with id: 'Object Repository/Page_Justificatifs_Usager/Btn_ChoisirFichier_PrisEnChargeParUnTiers' located by 'By.xpath: //app-justificatifs/div[2]/div/p-accordion/div/p-accordiontab[3]/div[2]/div/div[2]/app-pieces-jointes[1]/div/span[1]/input|//app-demande-visiteur//app-justificatifs-visiteur//p-accordiontab[3]/div[2]/div/div[2]/div/app-pieces-jointes/div/span[1]/input' in '5' second(s)

03-01-2024T15:57:23 - [MESSAGE][INFO] - Smart Wait Function is triggered

03-01-2024T15:57:23 - [MESSAGE][INFO] - Found 1 web elements with id: 'Object Repository/Page_Justificatifs_Usager/Btn_ChoisirFichier_PrisEnChargeParUnTiers' located by 'By.xpath: //app-justificatifs/div[2]/div/p-accordion/div/p-accordiontab[3]/div[2]/div/div[2]/app-pieces-jointes[1]/div/span[1]/input|//app-demande-visiteur//app-justificatifs-visiteur//p-accordiontab[3]/div[2]/div/div[2]/div/app-pieces-jointes/div/span[1]/input' in '5' second(s)

03-01-2024T15:57:25 - [MESSAGE][PASSED] - File 'C:/Users/ISSAM.RHARBAOUI/git/ANEF-RenouvellementSejour/Data Files/PrisEnChargeParUnTiers.pdf' sent to object: 'Object Repository/Page_Justificatifs_Usager/Btn_ChoisirFichier_PrisEnChargeParUnTiers'

03-01-2024T15:57:25 - [TEST_STEP][PASSED] - delay(5): Delayed 5 second(s)

03-01-2024T15:57:25 - [MESSAGE][INFO] - Delaying browser in 5 second(s)

03-01-2024T15:57:30 - [MESSAGE][PASSED] - Delayed 5 second(s)

03-01-2024T15:57:30 - [TEST_STEP][PASSED] - uploadFile(findTestObject("Object Repository/Page_Justificatifs_Usager/Btn_ChoisirFichier_boursier"), SpecificDownloadDirectory + "/Boursier.pdf"): File 'C:/Users/ISSAM.RHARBAOUI/git/ANEF-RenouvellementSejour/Data Files/Boursier.pdf' sent to object: 'Object Repository/Page_Justificatifs_Usager/Btn_ChoisirFichier_boursier'

03-01-2024T15:57:30 - [MESSAGE][INFO] - Finding Test Object 'Object Repository/Page_Justificatifs_Usager/Btn_ChoisirFichier_boursier'

03-01-2024T15:57:30 - [MESSAGE][INFO] - Checking object

03-01-2024T15:57:30 - [MESSAGE][INFO] - Uploading file 'C:/Users/ISSAM.RHARBAOUI/git/ANEF-RenouvellementSejour/Data Files/Boursier.pdf' to object: 'Object Repository/Page_Justificatifs_Usager/Btn_ChoisirFichier_boursier'

03-01-2024T15:57:30 - [MESSAGE][INFO] - Finding web element from Test Object's properties

03-01-2024T15:57:30 - [MESSAGE][INFO] - Checking timeout

03-01-2024T15:57:30 - [MESSAGE][INFO] - Finding web element with id: 'Object Repository/Page_Justificatifs_Usager/Btn_ChoisirFichier_boursier' located by 'By.xpath: //app-justificatifs/div[2]/div/p-accordion/div/p-accordiontab[3]/div[2]/div/div[2]/app-pieces-jointes[2]/div/span[1]/input' in '5' second(s)

03-01-2024T15:57:30 - [MESSAGE][INFO] - Smart Wait Function is triggered

03-01-2024T15:57:30 - [MESSAGE][INFO] - Found 1 web elements with id: 'Object Repository/Page_Justificatifs_Usager/Btn_ChoisirFichier_boursier' located by 'By.xpath: //app-justificatifs/div[2]/div/p-accordion/div/p-accordiontab[3]/div[2]/div/div[2]/app-pieces-jointes[2]/div/span[1]/input' in '5' second(s)

03-01-2024T15:57:32 - [MESSAGE][PASSED] - File 'C:/Users/ISSAM.RHARBAOUI/git/ANEF-RenouvellementSejour/Data Files/Boursier.pdf' sent to object: 'Object Repository/Page_Justificatifs_Usager/Btn_ChoisirFichier_boursier'

03-01-2024T15:57:32 - [TEST_STEP][PASSED] - delay(5): Delayed 5 second(s)

03-01-2024T15:57:32 - [MESSAGE][INFO] - Delaying browser in 5 second(s)

03-01-2024T15:57:37 - [MESSAGE][PASSED] - Delayed 5 second(s)

03-01-2024T15:57:37 - [TEST_STEP][PASSED] - uploadFile(findTestObject("Object Repository/Page_Justificatifs_Usager/Btn_ChoisirFichier_3DernieresFichesDePaie"), SpecificDownloadDirectory + "/Salarie.pdf"): File 'C:/Users/ISSAM.RHARBAOUI/git/ANEF-RenouvellementSejour/Data Files/Salarie.pdf' sent to object: 'Object Repository/Page_Justificatifs_Usager/Btn_ChoisirFichier_3DernieresFichesDePaie'

03-01-2024T15:57:37 - [MESSAGE][INFO] - Finding Test Object 'Object Repository/Page_Justificatifs_Usager/Btn_ChoisirFichier_3DernieresFichesDePaie'

03-01-2024T15:57:37 - [MESSAGE][INFO] - Checking object

03-01-2024T15:57:37 - [MESSAGE][INFO] - Uploading file 'C:/Users/ISSAM.RHARBAOUI/git/ANEF-RenouvellementSejour/Data Files/Salarie.pdf' to object: 'Object Repository/Page_Justificatifs_Usager/Btn_ChoisirFichier_3DernieresFichesDePaie'

03-01-2024T15:57:37 - [MESSAGE][INFO] - Finding web element from Test Object's properties

03-01-2024T15:57:37 - [MESSAGE][INFO] - Checking timeout

03-01-2024T15:57:37 - [MESSAGE][INFO] - Finding web element with id: 'Object Repository/Page_Justificatifs_Usager/Btn_ChoisirFichier_3DernieresFichesDePaie' located by 'By.xpath: //app-justificatifs/div[2]/div/p-accordion/div/p-accordiontab[3]/div[2]/div/div[2]/app-pieces-jointes[3]/div/span[1]/input' in '5' second(s)

03-01-2024T15:57:37 - [MESSAGE][INFO] - Smart Wait Function is triggered

03-01-2024T15:57:37 - [MESSAGE][INFO] - Found 1 web elements with id: 'Object Repository/Page_Justificatifs_Usager/Btn_ChoisirFichier_3DernieresFichesDePaie' located by 'By.xpath: //app-justificatifs/div[2]/div/p-accordion/div/p-accordiontab[3]/div[2]/div/div[2]/app-pieces-jointes[3]/div/span[1]/input' in '5' second(s)

03-01-2024T15:57:39 - [MESSAGE][PASSED] - File 'C:/Users/ISSAM.RHARBAOUI/git/ANEF-RenouvellementSejour/Data Files/Salarie.pdf' sent to object: 'Object Repository/Page_Justificatifs_Usager/Btn_ChoisirFichier_3DernieresFichesDePaie'

03-01-2024T15:57:39 - [TEST_STEP][PASSED] - delay(5): Delayed 5 second(s)

03-01-2024T15:57:39 - [MESSAGE][INFO] - Delaying browser in 5 second(s)

03-01-2024T15:57:44 - [MESSAGE][PASSED] - Delayed 5 second(s)

03-01-2024T15:57:44 - [TEST_STEP][PASSED] - uploadFile(findTestObject("Object Repository/Page_Justificatifs_Usager/Btn_ChoisirFichier_RessourcesSuffisantes"), SpecificDownloadDirectory + "/RessourcesSuffisantes.pdf"): File 'C:/Users/ISSAM.RHARBAOUI/git/ANEF-RenouvellementSejour/Data Files/RessourcesSuffisantes.pdf' sent to object: 'Object Repository/Page_Justificatifs_Usager/Btn_ChoisirFichier_RessourcesSuffisantes'

03-01-2024T15:57:44 - [MESSAGE][INFO] - Finding Test Object 'Object Repository/Page_Justificatifs_Usager/Btn_ChoisirFichier_RessourcesSuffisantes'

03-01-2024T15:57:44 - [MESSAGE][INFO] - Checking object

03-01-2024T15:57:44 - [MESSAGE][INFO] - Uploading file 'C:/Users/ISSAM.RHARBAOUI/git/ANEF-RenouvellementSejour/Data Files/RessourcesSuffisantes.pdf' to object: 'Object Repository/Page_Justificatifs_Usager/Btn_ChoisirFichier_RessourcesSuffisantes'

03-01-2024T15:57:44 - [MESSAGE][INFO] - Finding web element from Test Object's properties

03-01-2024T15:57:44 - [MESSAGE][INFO] - Checking timeout

03-01-2024T15:57:44 - [MESSAGE][INFO] - Finding web element with id: 'Object Repository/Page_Justificatifs_Usager/Btn_ChoisirFichier_RessourcesSuffisantes' located by 'By.xpath: //app-justificatifs-visiteur//p-accordiontab[3]//div[1]/app-pieces-jointes//span[1]/input|//app-justificatifs-ptsq//p-accordiontab[3]//div[1]/app-pieces-jointes//span[1]/input|//app-justificatifs/div[2]/div/p-accordion/div/p-accordiontab[3]/div[2]/div/div[2]/app-pieces-jointes[4]/div/span[1]/input' in '5' second(s)

03-01-2024T15:57:44 - [MESSAGE][INFO] - Smart Wait Function is triggered

03-01-2024T15:57:44 - [MESSAGE][INFO] - Found 1 web elements with id: 'Object Repository/Page_Justificatifs_Usager/Btn_ChoisirFichier_RessourcesSuffisantes' located by 'By.xpath: //app-justificatifs-visiteur//p-accordiontab[3]//div[1]/app-pieces-jointes//span[1]/input|//app-justificatifs-ptsq//p-accordiontab[3]//div[1]/app-pieces-jointes//span[1]/input|//app-justificatifs/div[2]/div/p-accordion/div/p-accordiontab[3]/div[2]/div/div[2]/app-pieces-jointes[4]/div/span[1]/input' in '5' second(s)

03-01-2024T15:57:46 - [MESSAGE][PASSED] - File 'C:/Users/ISSAM.RHARBAOUI/git/ANEF-RenouvellementSejour/Data Files/RessourcesSuffisantes.pdf' sent to object: 'Object Repository/Page_Justificatifs_Usager/Btn_ChoisirFichier_RessourcesSuffisantes'

03-01-2024T15:57:46 - [TEST_STEP][PASSED] - delay(5): Delayed 5 second(s)

03-01-2024T15:57:46 - [MESSAGE][INFO] - Delaying browser in 5 second(s)

03-01-2024T15:57:51 - [MESSAGE][PASSED] - Delayed 5 second(s)

03-01-2024T15:57:51 - [TEST_STEP][PASSED] - click(findTestObject("Object Repository/Page_DemarcheRenouvellement/btn_EnregistrerEtPoursuivre")): Object: 'Object Repository/Page_DemarcheRenouvellement/btn_EnregistrerEtPoursuivre' is clicked on

03-01-2024T15:57:51 - [MESSAGE][INFO] - Finding Test Object 'Object Repository/Page_DemarcheRenouvellement/btn_EnregistrerEtPoursuivre'

03-01-2024T15:57:51 - [MESSAGE][INFO] - Checking timeout

03-01-2024T15:57:51 - [MESSAGE][INFO] - Finding web element with id: 'Object Repository/Page_DemarcheRenouvellement/btn_EnregistrerEtPoursuivre' located by 'By.xpath: //span[text()='Enregistrer et poursuivre >']' in '20' second(s)

03-01-2024T15:57:51 - [MESSAGE][INFO] - Smart Wait Function is triggered

03-01-2024T15:57:51 - [MESSAGE][INFO] - Found 1 web elements with id: 'Object Repository/Page_DemarcheRenouvellement/btn_EnregistrerEtPoursuivre' located by 'By.xpath: //span[text()='Enregistrer et poursuivre >']' in '20' second(s)

03-01-2024T15:57:51 - [MESSAGE][INFO] - Checking object

03-01-2024T15:57:51 - [MESSAGE][INFO] - Checking timeout

03-01-2024T15:57:51 - [MESSAGE][INFO] - Finding web element from Test Object's properties

03-01-2024T15:57:51 - [MESSAGE][INFO] - Checking timeout

03-01-2024T15:57:51 - [MESSAGE][INFO] - Finding web element with id: 'Object Repository/Page_DemarcheRenouvellement/btn_EnregistrerEtPoursuivre' located by 'By.xpath: //span[text()='Enregistrer et poursuivre >']' in '5' second(s)

03-01-2024T15:57:51 - [MESSAGE][INFO] - Smart Wait Function is triggered

03-01-2024T15:57:51 - [MESSAGE][INFO] - Found 1 web elements with id: 'Object Repository/Page_DemarcheRenouvellement/btn_EnregistrerEtPoursuivre' located by 'By.xpath: //span[text()='Enregistrer et poursuivre >']' in '5' second(s)

03-01-2024T15:57:51 - [MESSAGE][INFO] - Clicking on object: 'Object Repository/Page_DemarcheRenouvellement/btn_EnregistrerEtPoursuivre'

03-01-2024T15:57:53 - [MESSAGE][PASSED] - Object: 'Object Repository/Page_DemarcheRenouvellement/btn_EnregistrerEtPoursuivre' is clicked on

03-01-2024T15:57:53 - [TEST_STEP][PASSED] - if (TypeTitreDeSejour == "RenouvellementDeTitreSejour" && Titre == "Visiteur" || TypeTitreDeSejour == "Visiteur" && Titre == "Etudiant"): null

03-01-2024T15:57:53 - [TEST_STEP][PASSED] - if (TypeTitreDeSejour == "TS-PT-CarteBleueEuropeenne" || TypeTitreDeSejour == "TS-PT-SalarieEnMission"): null

03-01-2024T15:57:53 - [TEST_STEP][PASSED] - if (TypeTitreDeSejour == "TS-PT-SalarieQualifie" || TypeTitreDeSejour == "TS-PT-SalarieEntrepriseInnovante" || TypeTitreDeSejour == "ChercheurEtChercheurEnMobilite"): null

03-01-2024T15:57:53 - [TEST_STEP][PASSED] - if (TypeTitreDeSejour == "FrenchTechVisaForInvestors" || TypeTitreDeSejour == "CreateurDEntreprise"): null

03-01-2024T15:57:53 - [TEST_STEP][PASSED] - if (TypeTitreDeSejour == "FrenchTechVisaForFounders"): null

03-01-2024T15:57:53 - [TEST_STEP][PASSED] - if (TypeTitreDeSejour == "MandataireSocial"): null

03-01-2024T15:57:53 - [TEST_STEP][PASSED] - if (TypeTitreDeSejour == "ArtisteNonSalarie" || TypeTitreDeSejour == "ArtisteSalarie"): null

03-01-2024T15:57:54 - [TEST_STEP][PASSED] - if (TypeTitreDeSejour == "MembreDeFamillePasseportTalent_Conjoint"): null

03-01-2024T15:57:54 - [MESSAGE][PASSED] - Call Test Case 'Test Cases/Test Reutilisable/DemandeOuRenouvelle_TitreSejour/FormulaireJustificatifs' successfully

03-01-2024T15:57:54 - [TEST_STEP][PASSED] - callTestCase(findTestCase("Test Reutilisable/DemandeOuRenouvelle_TitreSejour/FormulaireRecapitulatif"), ["Titre":Titre, "TypeTitreDeSejour":TypeTitreDeSejour, "ChangementSituation":ChangementSituation], STOP_ON_FAILURE): Call Test Case 'Test Cases/Test Reutilisable/DemandeOuRenouvelle_TitreSejour/FormulaireRecapitulatif' successfully

03-01-2024T15:57:54 - [MESSAGE][INFO] - Checking called Test Case

03-01-2024T15:57:54 - [MESSAGE][INFO] - Starting to call Test Case 'Test Cases/Test Reutilisable/DemandeOuRenouvelle_TitreSejour/FormulaireRecapitulatif'

03-01-2024T15:57:54 - [TEST_CASE][PASSED] - Test Cases/Test Reutilisable/DemandeOuRenouvelle_TitreSejour/FormulaireRecapitulatif: Test Cases/Test Reutilisable/DemandeOuRenouvelle_TitreSejour/FormulaireRecapitulatif

03-01-2024T15:57:54 - [TEST_STEP][PASSED] - com.kazurayam.ksbackyard.HighlightElement.pandemic(): com.kazurayam.ksbackyard.HighlightElement.pandemic is PASSED

03-01-2024T15:57:54 - [MESSAGE][PASSED] - com.kazurayam.ksbackyard.HighlightElement.pandemic is PASSED

03-01-2024T15:57:54 - [TEST_STEP][PASSED] - delay(5): Delayed 5 second(s)

03-01-2024T15:57:54 - [MESSAGE][INFO] - Delaying browser in 5 second(s)

03-01-2024T15:57:59 - [MESSAGE][PASSED] - Delayed 5 second(s)

03-01-2024T15:57:59 - [TEST_STEP][PASSED] - if (TypeTitreDeSejour == "RenouvellementDeTitreSejour" || TypeTitreDeSejour == "Visiteur" && ChangementSituation == "Non" && Titre == "Visiteur" || Titre == "Etudiant"): Delayed 30 second(s)

03-01-2024T15:57:59 - [TEST_STEP][PASSED] - click(findTestObject("Object Repository/Page_Recapitulatif_Usager/Btn_ValiderEtVerifierLaSuiteDeMaSaisie_1sur4")): Object: 'Object Repository/Page_Recapitulatif_Usager/Btn_ValiderEtVerifierLaSuiteDeMaSaisie_1sur4' is clicked on

03-01-2024T15:57:59 - [MESSAGE][INFO] - Finding Test Object 'Object Repository/Page_Recapitulatif_Usager/Btn_ValiderEtVerifierLaSuiteDeMaSaisie_1sur4'

03-01-2024T15:57:59 - [MESSAGE][INFO] - Checking timeout

03-01-2024T15:57:59 - [MESSAGE][INFO] - Finding web element with id: 'Object Repository/Page_Recapitulatif_Usager/Btn_ValiderEtVerifierLaSuiteDeMaSaisie_1sur4' located by 'By.xpath: //div[2]/div/p-accordion/div/p-accordiontab[1]/div[2]/div/app-actions-bar/div/div[2]/button/span' in '20' second(s)

03-01-2024T15:57:59 - [MESSAGE][INFO] - Smart Wait Function is triggered

03-01-2024T15:57:59 - [MESSAGE][INFO] - Found 1 web elements with id: 'Object Repository/Page_Recapitulatif_Usager/Btn_ValiderEtVerifierLaSuiteDeMaSaisie_1sur4' located by 'By.xpath: //div[2]/div/p-accordion/div/p-accordiontab[1]/div[2]/div/app-actions-bar/div/div[2]/button/span' in '20' second(s)

03-01-2024T15:57:59 - [MESSAGE][INFO] - Checking object

03-01-2024T15:57:59 - [MESSAGE][INFO] - Checking timeout

03-01-2024T15:57:59 - [MESSAGE][INFO] - Finding web element from Test Object's properties

03-01-2024T15:57:59 - [MESSAGE][INFO] - Checking timeout

03-01-2024T15:57:59 - [MESSAGE][INFO] - Finding web element with id: 'Object Repository/Page_Recapitulatif_Usager/Btn_ValiderEtVerifierLaSuiteDeMaSaisie_1sur4' located by 'By.xpath: //div[2]/div/p-accordion/div/p-accordiontab[1]/div[2]/div/app-actions-bar/div/div[2]/button/span' in '5' second(s)

03-01-2024T15:57:59 - [MESSAGE][INFO] - Smart Wait Function is triggered

03-01-2024T15:57:59 - [MESSAGE][INFO] - Found 1 web elements with id: 'Object Repository/Page_Recapitulatif_Usager/Btn_ValiderEtVerifierLaSuiteDeMaSaisie_1sur4' located by 'By.xpath: //div[2]/div/p-accordion/div/p-accordiontab[1]/div[2]/div/app-actions-bar/div/div[2]/button/span' in '5' second(s)

03-01-2024T15:57:59 - [MESSAGE][INFO] - Clicking on object: 'Object Repository/Page_Recapitulatif_Usager/Btn_ValiderEtVerifierLaSuiteDeMaSaisie_1sur4'

03-01-2024T15:58:01 - [MESSAGE][PASSED] - Object: 'Object Repository/Page_Recapitulatif_Usager/Btn_ValiderEtVerifierLaSuiteDeMaSaisie_1sur4' is clicked on

03-01-2024T15:58:01 - [TEST_STEP][PASSED] - delay(2): Delayed 2 second(s)

03-01-2024T15:58:01 - [MESSAGE][INFO] - Delaying browser in 2 second(s)

03-01-2024T15:58:03 - [MESSAGE][PASSED] - Delayed 2 second(s)

03-01-2024T15:58:03 - [TEST_STEP][PASSED] - click(findTestObject("Object Repository/Page_Recapitulatif_Usager/Btn_ValiderEtVerifierLaSuiteDeMaSaisie_2sur4")): Object: 'Object Repository/Page_Recapitulatif_Usager/Btn_ValiderEtVerifierLaSuiteDeMaSaisie_2sur4' is clicked on

03-01-2024T15:58:03 - [MESSAGE][INFO] - Finding Test Object 'Object Repository/Page_Recapitulatif_Usager/Btn_ValiderEtVerifierLaSuiteDeMaSaisie_2sur4'

03-01-2024T15:58:03 - [MESSAGE][INFO] - Checking timeout

03-01-2024T15:58:03 - [MESSAGE][INFO] - Finding web element with id: 'Object Repository/Page_Recapitulatif_Usager/Btn_ValiderEtVerifierLaSuiteDeMaSaisie_2sur4' located by 'By.xpath: //div[2]/div/p-accordion/div/p-accordiontab[2]/div[2]/div/app-actions-bar/div/div[2]/button/span' in '20' second(s)

03-01-2024T15:58:03 - [MESSAGE][INFO] - Smart Wait Function is triggered

03-01-2024T15:58:03 - [MESSAGE][INFO] - Found 1 web elements with id: 'Object Repository/Page_Recapitulatif_Usager/Btn_ValiderEtVerifierLaSuiteDeMaSaisie_2sur4' located by 'By.xpath: //div[2]/div/p-accordion/div/p-accordiontab[2]/div[2]/div/app-actions-bar/div/div[2]/button/span' in '20' second(s)

03-01-2024T15:58:03 - [MESSAGE][INFO] - Checking object

03-01-2024T15:58:03 - [MESSAGE][INFO] - Checking timeout

03-01-2024T15:58:03 - [MESSAGE][INFO] - Finding web element from Test Object's properties

03-01-2024T15:58:03 - [MESSAGE][INFO] - Checking timeout

03-01-2024T15:58:03 - [MESSAGE][INFO] - Finding web element with id: 'Object Repository/Page_Recapitulatif_Usager/Btn_ValiderEtVerifierLaSuiteDeMaSaisie_2sur4' located by 'By.xpath: //div[2]/div/p-accordion/div/p-accordiontab[2]/div[2]/div/app-actions-bar/div/div[2]/button/span' in '5' second(s)

03-01-2024T15:58:03 - [MESSAGE][INFO] - Smart Wait Function is triggered

03-01-2024T15:58:03 - [MESSAGE][INFO] - Found 1 web elements with id: 'Object Repository/Page_Recapitulatif_Usager/Btn_ValiderEtVerifierLaSuiteDeMaSaisie_2sur4' located by 'By.xpath: //div[2]/div/p-accordion/div/p-accordiontab[2]/div[2]/div/app-actions-bar/div/div[2]/button/span' in '5' second(s)

03-01-2024T15:58:03 - [MESSAGE][INFO] - Clicking on object: 'Object Repository/Page_Recapitulatif_Usager/Btn_ValiderEtVerifierLaSuiteDeMaSaisie_2sur4'

03-01-2024T15:58:06 - [MESSAGE][PASSED] - Object: 'Object Repository/Page_Recapitulatif_Usager/Btn_ValiderEtVerifierLaSuiteDeMaSaisie_2sur4' is clicked on

03-01-2024T15:58:06 - [TEST_STEP][PASSED] - delay(2): Delayed 2 second(s)

03-01-2024T15:58:06 - [MESSAGE][INFO] - Delaying browser in 2 second(s)

03-01-2024T15:58:08 - [MESSAGE][PASSED] - Delayed 2 second(s)

03-01-2024T15:58:08 - [TEST_STEP][PASSED] - click(findTestObject("Object Repository/Page_Recapitulatif_Usager/Btn_ValiderEtVerifierLaSuiteDeMaSaisie_3sur4")): Object: 'Object Repository/Page_Recapitulatif_Usager/Btn_ValiderEtVerifierLaSuiteDeMaSaisie_3sur4' is clicked on

03-01-2024T15:58:08 - [MESSAGE][INFO] - Finding Test Object 'Object Repository/Page_Recapitulatif_Usager/Btn_ValiderEtVerifierLaSuiteDeMaSaisie_3sur4'

03-01-2024T15:58:08 - [MESSAGE][INFO] - Checking timeout

03-01-2024T15:58:08 - [MESSAGE][INFO] - Finding web element with id: 'Object Repository/Page_Recapitulatif_Usager/Btn_ValiderEtVerifierLaSuiteDeMaSaisie_3sur4' located by 'By.xpath: //div[2]/div/p-accordion/div/p-accordiontab[3]/div[2]/div/app-actions-bar/div/div[2]/button/span' in '20' second(s)

03-01-2024T15:58:08 - [MESSAGE][INFO] - Smart Wait Function is triggered

03-01-2024T15:58:08 - [MESSAGE][INFO] - Found 1 web elements with id: 'Object Repository/Page_Recapitulatif_Usager/Btn_ValiderEtVerifierLaSuiteDeMaSaisie_3sur4' located by 'By.xpath: //div[2]/div/p-accordion/div/p-accordiontab[3]/div[2]/div/app-actions-bar/div/div[2]/button/span' in '20' second(s)

03-01-2024T15:58:08 - [MESSAGE][INFO] - Checking object

03-01-2024T15:58:08 - [MESSAGE][INFO] - Checking timeout

03-01-2024T15:58:08 - [MESSAGE][INFO] - Finding web element from Test Object's properties

03-01-2024T15:58:08 - [MESSAGE][INFO] - Checking timeout

03-01-2024T15:58:08 - [MESSAGE][INFO] - Finding web element with id: 'Object Repository/Page_Recapitulatif_Usager/Btn_ValiderEtVerifierLaSuiteDeMaSaisie_3sur4' located by 'By.xpath: //div[2]/div/p-accordion/div/p-accordiontab[3]/div[2]/div/app-actions-bar/div/div[2]/button/span' in '5' second(s)

03-01-2024T15:58:08 - [MESSAGE][INFO] - Smart Wait Function is triggered

03-01-2024T15:58:08 - [MESSAGE][INFO] - Found 1 web elements with id: 'Object Repository/Page_Recapitulatif_Usager/Btn_ValiderEtVerifierLaSuiteDeMaSaisie_3sur4' located by 'By.xpath: //div[2]/div/p-accordion/div/p-accordiontab[3]/div[2]/div/app-actions-bar/div/div[2]/button/span' in '5' second(s)

03-01-2024T15:58:08 - [MESSAGE][INFO] - Clicking on object: 'Object Repository/Page_Recapitulatif_Usager/Btn_ValiderEtVerifierLaSuiteDeMaSaisie_3sur4'

03-01-2024T15:58:10 - [MESSAGE][PASSED] - Object: 'Object Repository/Page_Recapitulatif_Usager/Btn_ValiderEtVerifierLaSuiteDeMaSaisie_3sur4' is clicked on

03-01-2024T15:58:10 - [TEST_STEP][PASSED] - delay(2): Delayed 2 second(s)

03-01-2024T15:58:10 - [MESSAGE][INFO] - Delaying browser in 2 second(s)

03-01-2024T15:58:12 - [MESSAGE][PASSED] - Delayed 2 second(s)

03-01-2024T15:58:12 - [TEST_STEP][PASSED] - click(findTestObject("Object Repository/Page_Recapitulatif_Usager/Btn_ValiderEtVerifierLaSuiteDeMaSaisie_4sur4")): Object: 'Object Repository/Page_Recapitulatif_Usager/Btn_ValiderEtVerifierLaSuiteDeMaSaisie_4sur4' is clicked on

03-01-2024T15:58:12 - [MESSAGE][INFO] - Finding Test Object 'Object Repository/Page_Recapitulatif_Usager/Btn_ValiderEtVerifierLaSuiteDeMaSaisie_4sur4'

03-01-2024T15:58:12 - [MESSAGE][INFO] - Checking timeout

03-01-2024T15:58:12 - [MESSAGE][INFO] - Finding web element with id: 'Object Repository/Page_Recapitulatif_Usager/Btn_ValiderEtVerifierLaSuiteDeMaSaisie_4sur4' located by 'By.xpath: //div[2]/div/p-accordion/div/p-accordiontab[4]/div[2]/div/app-actions-bar/div/div[2]/button/span' in '20' second(s)

03-01-2024T15:58:12 - [MESSAGE][INFO] - Smart Wait Function is triggered

03-01-2024T15:58:12 - [MESSAGE][INFO] - Found 1 web elements with id: 'Object Repository/Page_Recapitulatif_Usager/Btn_ValiderEtVerifierLaSuiteDeMaSaisie_4sur4' located by 'By.xpath: //div[2]/div/p-accordion/div/p-accordiontab[4]/div[2]/div/app-actions-bar/div/div[2]/button/span' in '20' second(s)

03-01-2024T15:58:12 - [MESSAGE][INFO] - Checking object

03-01-2024T15:58:12 - [MESSAGE][INFO] - Checking timeout

03-01-2024T15:58:12 - [MESSAGE][INFO] - Finding web element from Test Object's properties

03-01-2024T15:58:12 - [MESSAGE][INFO] - Checking timeout

03-01-2024T15:58:12 - [MESSAGE][INFO] - Finding web element with id: 'Object Repository/Page_Recapitulatif_Usager/Btn_ValiderEtVerifierLaSuiteDeMaSaisie_4sur4' located by 'By.xpath: //div[2]/div/p-accordion/div/p-accordiontab[4]/div[2]/div/app-actions-bar/div/div[2]/button/span' in '5' second(s)

03-01-2024T15:58:12 - [MESSAGE][INFO] - Smart Wait Function is triggered

03-01-2024T15:58:12 - [MESSAGE][INFO] - Found 1 web elements with id: 'Object Repository/Page_Recapitulatif_Usager/Btn_ValiderEtVerifierLaSuiteDeMaSaisie_4sur4' located by 'By.xpath: //div[2]/div/p-accordion/div/p-accordiontab[4]/div[2]/div/app-actions-bar/div/div[2]/button/span' in '5' second(s)

03-01-2024T15:58:12 - [MESSAGE][INFO] - Clicking on object: 'Object Repository/Page_Recapitulatif_Usager/Btn_ValiderEtVerifierLaSuiteDeMaSaisie_4sur4'

03-01-2024T15:58:14 - [MESSAGE][PASSED] - Object: 'Object Repository/Page_Recapitulatif_Usager/Btn_ValiderEtVerifierLaSuiteDeMaSaisie_4sur4' is clicked on

03-01-2024T15:58:14 - [TEST_STEP][PASSED] - delay(2): Delayed 2 second(s)

03-01-2024T15:58:14 - [MESSAGE][INFO] - Delaying browser in 2 second(s)

03-01-2024T15:58:16 - [MESSAGE][PASSED] - Delayed 2 second(s)

03-01-2024T15:58:16 - [TEST_STEP][PASSED] - click(findTestObject("Object Repository/Page_Recapitulatif_Usager/Btn_ValiderEtTransmettreMaDemande")): Object: 'Object Repository/Page_Recapitulatif_Usager/Btn_ValiderEtTransmettreMaDemande' is clicked on

03-01-2024T15:58:16 - [MESSAGE][INFO] - Finding Test Object 'Object Repository/Page_Recapitulatif_Usager/Btn_ValiderEtTransmettreMaDemande'

03-01-2024T15:58:16 - [MESSAGE][INFO] - Checking timeout

03-01-2024T15:58:16 - [MESSAGE][INFO] - Finding web element with id: 'Object Repository/Page_Recapitulatif_Usager/Btn_ValiderEtTransmettreMaDemande' located by 'By.xpath: //app-demande/div/div[3]/app-actions-bar/div/div[2]/div/div[2]/button/span|//app-demande-ptsq/div/div[3]/app-actions-bar/div/div[2]/div/div[2]/button/span|//app-demande-visiteur/div/div[3]/app-actions-bar/div/div[2]/div/div[2]/button/span|/html/body/app-root/div/app-portal/main/app-theme-v2/div/app-demande-ptch/div/div[3]/app-actions-bar/div/div[2]/div/div[2]/button/span|//div/app-demande-ptinv/div/div[3]/app-actions-bar/div/div[2]/div/div[2]/button/span|//button/span[@class="ui-button-text ui-clickable" and contains(., 'Envoyer la demande')]|//button/span[@class="ui-button-text ui-clickable" and contains(., 'Déposer la demande >')]' in '20' second(s)

03-01-2024T15:58:16 - [MESSAGE][INFO] - Smart Wait Function is triggered

03-01-2024T15:58:16 - [MESSAGE][INFO] - Found 1 web elements with id: 'Object Repository/Page_Recapitulatif_Usager/Btn_ValiderEtTransmettreMaDemande' located by 'By.xpath: //app-demande/div/div[3]/app-actions-bar/div/div[2]/div/div[2]/button/span|//app-demande-ptsq/div/div[3]/app-actions-bar/div/div[2]/div/div[2]/button/span|//app-demande-visiteur/div/div[3]/app-actions-bar/div/div[2]/div/div[2]/button/span|/html/body/app-root/div/app-portal/main/app-theme-v2/div/app-demande-ptch/div/div[3]/app-actions-bar/div/div[2]/div/div[2]/button/span|//div/app-demande-ptinv/div/div[3]/app-actions-bar/div/div[2]/div/div[2]/button/span|//button/span[@class="ui-button-text ui-clickable" and contains(., 'Envoyer la demande')]|//button/span[@class="ui-button-text ui-clickable" and contains(., 'Déposer la demande >')]' in '20' second(s)

03-01-2024T15:58:16 - [MESSAGE][INFO] - Checking object

03-01-2024T15:58:16 - [MESSAGE][INFO] - Checking timeout

03-01-2024T15:58:16 - [MESSAGE][INFO] - Finding web element from Test Object's properties

03-01-2024T15:58:16 - [MESSAGE][INFO] - Checking timeout

03-01-2024T15:58:16 - [MESSAGE][INFO] - Finding web element with id: 'Object Repository/Page_Recapitulatif_Usager/Btn_ValiderEtTransmettreMaDemande' located by 'By.xpath: //app-demande/div/div[3]/app-actions-bar/div/div[2]/div/div[2]/button/span|//app-demande-ptsq/div/div[3]/app-actions-bar/div/div[2]/div/div[2]/button/span|//app-demande-visiteur/div/div[3]/app-actions-bar/div/div[2]/div/div[2]/button/span|/html/body/app-root/div/app-portal/main/app-theme-v2/div/app-demande-ptch/div/div[3]/app-actions-bar/div/div[2]/div/div[2]/button/span|//div/app-demande-ptinv/div/div[3]/app-actions-bar/div/div[2]/div/div[2]/button/span|//button/span[@class="ui-button-text ui-clickable" and contains(., 'Envoyer la demande')]|//button/span[@class="ui-button-text ui-clickable" and contains(., 'Déposer la demande >')]' in '5' second(s)

03-01-2024T15:58:16 - [MESSAGE][INFO] - Smart Wait Function is triggered

03-01-2024T15:58:16 - [MESSAGE][INFO] - Found 1 web elements with id: 'Object Repository/Page_Recapitulatif_Usager/Btn_ValiderEtTransmettreMaDemande' located by 'By.xpath: //app-demande/div/div[3]/app-actions-bar/div/div[2]/div/div[2]/button/span|//app-demande-ptsq/div/div[3]/app-actions-bar/div/div[2]/div/div[2]/button/span|//app-demande-visiteur/div/div[3]/app-actions-bar/div/div[2]/div/div[2]/button/span|/html/body/app-root/div/app-portal/main/app-theme-v2/div/app-demande-ptch/div/div[3]/app-actions-bar/div/div[2]/div/div[2]/button/span|//div/app-demande-ptinv/div/div[3]/app-actions-bar/div/div[2]/div/div[2]/button/span|//button/span[@class="ui-button-text ui-clickable" and contains(., 'Envoyer la demande')]|//button/span[@class="ui-button-text ui-clickable" and contains(., 'Déposer la demande >')]' in '5' second(s)

03-01-2024T15:58:16 - [MESSAGE][INFO] - Clicking on object: 'Object Repository/Page_Recapitulatif_Usager/Btn_ValiderEtTransmettreMaDemande'

03-01-2024T15:58:18 - [MESSAGE][PASSED] - Object: 'Object Repository/Page_Recapitulatif_Usager/Btn_ValiderEtTransmettreMaDemande' is clicked on

03-01-2024T15:58:18 - [TEST_STEP][PASSED] - delay(30): Delayed 30 second(s)

03-01-2024T15:58:18 - [MESSAGE][INFO] - Delaying browser in 30 second(s)

03-01-2024T15:58:48 - [MESSAGE][PASSED] - Delayed 30 second(s)

03-01-2024T15:58:48 - [MESSAGE][PASSED] - Call Test Case 'Test Cases/Test Reutilisable/DemandeOuRenouvelle_TitreSejour/FormulaireRecapitulatif' successfully

03-01-2024T15:58:48 - [TEST_STEP][PASSED] - callTestCase(findTestCase("Test Reutilisable/DemandeOuRenouvelle_TitreSejour/FormulaireConfirmation"), ["NumEtrangerVisa":NumEtrangerVisa, "TypeTitreDeSejour":TypeTitreDeSejour, "ChangementSituation":ChangementSituation], STOP_ON_FAILURE): Call Test Case 'Test Cases/Test Reutilisable/DemandeOuRenouvelle_TitreSejour/FormulaireConfirmation' successfully

03-01-2024T15:58:48 - [MESSAGE][INFO] - Checking called Test Case

03-01-2024T15:58:48 - [MESSAGE][INFO] - Starting to call Test Case 'Test Cases/Test Reutilisable/DemandeOuRenouvelle_TitreSejour/FormulaireConfirmation'

03-01-2024T15:58:48 - [TEST_CASE][PASSED] - Test Cases/Test Reutilisable/DemandeOuRenouvelle_TitreSejour/FormulaireConfirmation: Test Cases/Test Reutilisable/DemandeOuRenouvelle_TitreSejour/FormulaireConfirmation

03-01-2024T15:58:49 - [TEST_STEP][PASSED] - com.kazurayam.ksbackyard.HighlightElement.pandemic(): com.kazurayam.ksbackyard.HighlightElement.pandemic is PASSED

03-01-2024T15:58:49 - [MESSAGE][PASSED] - com.kazurayam.ksbackyard.HighlightElement.pandemic is PASSED

03-01-2024T15:58:49 - [TEST_STEP][PASSED] - if (ChangementSituation == "Non"): Le Type Titre De Sejour est :Demande de renouvellement du titre ‘Étudiant'=RenouvellementDeTitreSejour

03-01-2024T15:58:49 - [TEST_STEP][PASSED] - click(findTestObject("Object Repository/Page_Accueil_Agent/EspacePerso/link_EspacePerso")): Object: 'Object Repository/Page_Accueil_Agent/EspacePerso/link_EspacePerso' is clicked on

03-01-2024T15:58:49 - [MESSAGE][INFO] - Finding Test Object 'Object Repository/Page_Accueil_Agent/EspacePerso/link_EspacePerso'

03-01-2024T15:58:49 - [MESSAGE][INFO] - Checking timeout

03-01-2024T15:58:49 - [MESSAGE][INFO] - Finding web element with id: 'Object Repository/Page_Accueil_Agent/EspacePerso/link_EspacePerso' located by 'By.xpath: //*[@id="navBar-new"]/nav/div[3]/div/div/ul/li[3]/a/span[2]' in '20' second(s)

03-01-2024T15:58:49 - [MESSAGE][INFO] - Smart Wait Function is triggered

03-01-2024T15:58:49 - [MESSAGE][INFO] - Found 1 web elements with id: 'Object Repository/Page_Accueil_Agent/EspacePerso/link_EspacePerso' located by 'By.xpath: //*[@id="navBar-new"]/nav/div[3]/div/div/ul/li[3]/a/span[2]' in '20' second(s)

03-01-2024T15:58:49 - [MESSAGE][INFO] - Checking object

03-01-2024T15:58:49 - [MESSAGE][INFO] - Checking timeout

03-01-2024T15:58:49 - [MESSAGE][INFO] - Finding web element from Test Object's properties

03-01-2024T15:58:49 - [MESSAGE][INFO] - Checking timeout

03-01-2024T15:58:49 - [MESSAGE][INFO] - Finding web element with id: 'Object Repository/Page_Accueil_Agent/EspacePerso/link_EspacePerso' located by 'By.xpath: //*[@id="navBar-new"]/nav/div[3]/div/div/ul/li[3]/a/span[2]' in '5' second(s)

03-01-2024T15:58:49 - [MESSAGE][INFO] - Smart Wait Function is triggered

03-01-2024T15:58:49 - [MESSAGE][INFO] - Found 1 web elements with id: 'Object Repository/Page_Accueil_Agent/EspacePerso/link_EspacePerso' located by 'By.xpath: //*[@id="navBar-new"]/nav/div[3]/div/div/ul/li[3]/a/span[2]' in '5' second(s)

03-01-2024T15:58:49 - [MESSAGE][INFO] - Clicking on object: 'Object Repository/Page_Accueil_Agent/EspacePerso/link_EspacePerso'

03-01-2024T15:58:51 - [MESSAGE][PASSED] - Object: 'Object Repository/Page_Accueil_Agent/EspacePerso/link_EspacePerso' is clicked on

03-01-2024T15:58:51 - [TEST_STEP][PASSED] - click(findTestObject("Object Repository/Page_Accueil_Agent/EspacePerso/link_MonCompte")): Object: 'Object Repository/Page_Accueil_Agent/EspacePerso/link_MonCompte' is clicked on

03-01-2024T15:58:51 - [MESSAGE][INFO] - Finding Test Object 'Object Repository/Page_Accueil_Agent/EspacePerso/link_MonCompte'

03-01-2024T15:58:51 - [MESSAGE][INFO] - Checking timeout

03-01-2024T15:58:51 - [MESSAGE][INFO] - Finding web element with id: 'Object Repository/Page_Accueil_Agent/EspacePerso/link_MonCompte' located by 'By.xpath: //*[@id="logoutSubMenu"]/li[1]/a' in '20' second(s)

03-01-2024T15:58:51 - [MESSAGE][INFO] - Smart Wait Function is triggered

03-01-2024T15:58:51 - [MESSAGE][INFO] - Found 1 web elements with id: 'Object Repository/Page_Accueil_Agent/EspacePerso/link_MonCompte' located by 'By.xpath: //*[@id="logoutSubMenu"]/li[1]/a' in '20' second(s)

03-01-2024T15:58:51 - [MESSAGE][INFO] - Checking object

03-01-2024T15:58:51 - [MESSAGE][INFO] - Checking timeout

03-01-2024T15:58:51 - [MESSAGE][INFO] - Finding web element from Test Object's properties

03-01-2024T15:58:51 - [MESSAGE][INFO] - Checking timeout

03-01-2024T15:58:51 - [MESSAGE][INFO] - Finding web element with id: 'Object Repository/Page_Accueil_Agent/EspacePerso/link_MonCompte' located by 'By.xpath: //*[@id="logoutSubMenu"]/li[1]/a' in '5' second(s)

03-01-2024T15:58:51 - [MESSAGE][INFO] - Smart Wait Function is triggered

03-01-2024T15:58:51 - [MESSAGE][INFO] - Found 1 web elements with id: 'Object Repository/Page_Accueil_Agent/EspacePerso/link_MonCompte' located by 'By.xpath: //*[@id="logoutSubMenu"]/li[1]/a' in '5' second(s)

03-01-2024T15:58:51 - [MESSAGE][INFO] - Clicking on object: 'Object Repository/Page_Accueil_Agent/EspacePerso/link_MonCompte'

03-01-2024T15:58:54 - [MESSAGE][PASSED] - Object: 'Object Repository/Page_Accueil_Agent/EspacePerso/link_MonCompte' is clicked on

03-01-2024T15:58:54 - [TEST_STEP][PASSED] - SuividemandeNumEtranger = getText(findTestObject("Object Repository/Page_Accueil_Agent/EspacePerso/td_SuiviDemandeNumEtranger")): Text of object 'Object Repository/Page_Accueil_Agent/EspacePerso/td_SuiviDemandeNumEtranger' is: '7703043876'

03-01-2024T15:58:54 - [MESSAGE][INFO] - Finding Test Object 'Object Repository/Page_Accueil_Agent/EspacePerso/td_SuiviDemandeNumEtranger'

03-01-2024T15:58:54 - [MESSAGE][INFO] - Checking object

03-01-2024T15:58:54 - [MESSAGE][INFO] - Finding web element from Test Object's properties

03-01-2024T15:58:54 - [MESSAGE][INFO] - Checking timeout

03-01-2024T15:58:54 - [MESSAGE][INFO] - Finding web element with id: 'Object Repository/Page_Accueil_Agent/EspacePerso/td_SuiviDemandeNumEtranger' located by 'By.xpath: //*/app-ma-demande-sejour/div[1]/table/tbody/tr[1]/td[3]' in '5' second(s)

03-01-2024T15:58:54 - [MESSAGE][INFO] - Smart Wait Function is triggered

03-01-2024T15:58:54 - [MESSAGE][INFO] - Smart Wait Function is triggered

03-01-2024T15:58:54 - [MESSAGE][INFO] - Smart Wait Function is triggered

03-01-2024T15:58:54 - [MESSAGE][INFO] - Smart Wait Function is triggered

03-01-2024T15:58:54 - [MESSAGE][INFO] - Smart Wait Function is triggered

03-01-2024T15:58:54 - [MESSAGE][INFO] - Smart Wait Function is triggered

03-01-2024T15:58:54 - [MESSAGE][INFO] - Smart Wait Function is triggered

03-01-2024T15:58:54 - [MESSAGE][INFO] - Smart Wait Function is triggered

03-01-2024T15:58:54 - [MESSAGE][INFO] - Smart Wait Function is triggered

03-01-2024T15:58:54 - [MESSAGE][INFO] - Smart Wait Function is triggered

03-01-2024T15:58:54 - [MESSAGE][INFO] - Smart Wait Function is triggered

03-01-2024T15:58:54 - [MESSAGE][INFO] - Smart Wait Function is triggered

03-01-2024T15:58:54 - [MESSAGE][INFO] - Smart Wait Function is triggered

03-01-2024T15:58:54 - [MESSAGE][INFO] - Smart Wait Function is triggered

03-01-2024T15:58:54 - [MESSAGE][INFO] - Smart Wait Function is triggered

03-01-2024T15:58:54 - [MESSAGE][INFO] - Smart Wait Function is triggered

03-01-2024T15:58:54 - [MESSAGE][INFO] - Smart Wait Function is triggered

03-01-2024T15:58:54 - [MESSAGE][INFO] - Found 1 web elements with id: 'Object Repository/Page_Accueil_Agent/EspacePerso/td_SuiviDemandeNumEtranger' located by 'By.xpath: //*/app-ma-demande-sejour/div[1]/table/tbody/tr[1]/td[3]' in '5' second(s)

03-01-2024T15:58:54 - [MESSAGE][INFO] - Getting text of object 'Object Repository/Page_Accueil_Agent/EspacePerso/td_SuiviDemandeNumEtranger'

03-01-2024T15:58:54 - [MESSAGE][PASSED] - Text of object 'Object Repository/Page_Accueil_Agent/EspacePerso/td_SuiviDemandeNumEtranger' is: '7703043876'

03-01-2024T15:58:54 - [TEST_STEP][PASSED] - SuiviTypeDeSejour = getText(findTestObject("Object Repository/Page_Accueil_Agent/EspacePerso/td_TypeDeSejour")): Text of object 'Object Repository/Page_Accueil_Agent/EspacePerso/td_TypeDeSejour' is: 'Demande de renouvellement du titre ‘Étudiant''

03-01-2024T15:58:54 - [MESSAGE][INFO] - Finding Test Object 'Object Repository/Page_Accueil_Agent/EspacePerso/td_TypeDeSejour'

03-01-2024T15:58:54 - [MESSAGE][INFO] - Checking object

03-01-2024T15:58:54 - [MESSAGE][INFO] - Finding web element from Test Object's properties

03-01-2024T15:58:54 - [MESSAGE][INFO] - Checking timeout

03-01-2024T15:58:54 - [MESSAGE][INFO] - Finding web element with id: 'Object Repository/Page_Accueil_Agent/EspacePerso/td_TypeDeSejour' located by 'By.xpath: //*/app-ma-demande-sejour/div[1]/table/tbody/tr[1]/td[2]' in '5' second(s)

03-01-2024T15:58:54 - [MESSAGE][INFO] - Smart Wait Function is triggered

03-01-2024T15:58:54 - [MESSAGE][INFO] - Found 1 web elements with id: 'Object Repository/Page_Accueil_Agent/EspacePerso/td_TypeDeSejour' located by 'By.xpath: //*/app-ma-demande-sejour/div[1]/table/tbody/tr[1]/td[2]' in '5' second(s)

03-01-2024T15:58:54 - [MESSAGE][INFO] - Getting text of object 'Object Repository/Page_Accueil_Agent/EspacePerso/td_TypeDeSejour'

03-01-2024T15:58:54 - [MESSAGE][PASSED] - Text of object 'Object Repository/Page_Accueil_Agent/EspacePerso/td_TypeDeSejour' is: 'Demande de renouvellement du titre ‘Étudiant''

03-01-2024T15:58:54 - [TEST_STEP][PASSED] - if (SuividemandeNumEtranger == NumEtrangerVisa): Le Type Titre De Sejour est :Demande de renouvellement du titre ‘Étudiant'=RenouvellementDeTitreSejour

03-01-2024T15:58:54 - [TEST_STEP][PASSED] - markPassed("Le Numéro Etrangr est :" + NumEtrangerVisa + "=" + SuividemandeNumEtranger): Le Numéro Etrangr est :7703043876=7703043876

03-01-2024T15:58:54 - [MESSAGE][PASSED] - Le Numéro Etrangr est :7703043876=7703043876

03-01-2024T15:58:54 - [TEST_STEP][PASSED] - markPassed("Le Type Titre De Sejour est :" + SuiviTypeDeSejour + "=" + TypeTitreDeSejour): Le Type Titre De Sejour est :Demande de renouvellement du titre ‘Étudiant'=RenouvellementDeTitreSejour

03-01-2024T15:58:54 - [MESSAGE][PASSED] - Le Type Titre De Sejour est :Demande de renouvellement du titre ‘Étudiant'=RenouvellementDeTitreSejour

03-01-2024T15:58:54 - [TEST_STEP][PASSED] - delay(5): Delayed 5 second(s)

03-01-2024T15:58:54 - [MESSAGE][INFO] - Delaying browser in 5 second(s)

03-01-2024T15:58:59 - [MESSAGE][PASSED] - Delayed 5 second(s)

03-01-2024T15:58:59 - [MESSAGE][PASSED] - Call Test Case 'Test Cases/Test Reutilisable/DemandeOuRenouvelle_TitreSejour/FormulaireConfirmation' successfully

03-01-2024T15:58:59 - [TEST_STEP][PASSED] - if (ChangementSituation == "Perte" || ChangementSituation == "Vol" || ChangementSituation == "Deterioration"): null

03-01-2024T15:58:59 - [TEST_STEP][FAILED] - if (TraitemantAgent == "Oui"): Unable to call Test Case 'Test Cases/Test Reutilisable/AgentTraitementDemande/Verif_AccordeonEtatCivilDuDemandeur' (Root cause: com.kms.katalon.core.exception.StepFailedException: Call Test Case 'Test Cases/Test Reutilisable/AgentTraitementDemande/Verif_AccordeonEtatCivilDuDemandeur' failed
	at com.kms.katalon.core.keyword.builtin.CallTestCaseKeyword$_callTestCase_closure1.doCall(CallTestCaseKeyword.groovy:63)
	at com.kms.katalon.core.keyword.builtin.CallTestCaseKeyword$_callTestCase_closure1.call(CallTestCaseKeyword.groovy)
	at com.kms.katalon.core.keyword.internal.KeywordMain.runKeyword(KeywordMain.groovy:75)
	at com.kms.katalon.core.keyword.builtin.CallTestCaseKeyword.callTestCase(CallTestCaseKeyword.groovy:81)
	at com.kms.katalon.core.keyword.builtin.CallTestCaseKeyword.execute(CallTestCaseKeyword.groovy:44)
	at com.kms.katalon.core.keyword.internal.KeywordExecutor.executeKeywordForPlatform(KeywordExecutor.groovy:74)
	at com.kms.katalon.core.keyword.BuiltinKeywords.callTestCase(BuiltinKeywords.groovy:310)
	at jdk.internal.reflect.GeneratedMethodAccessor31.invoke(Unknown Source)
	at java.base/jdk.internal.reflect.DelegatingMethodAccessorImpl.invoke(DelegatingMethodAccessorImpl.java:43)
	at com.kazurayam.ksbackyard.HighlightElement$_pandemic_closure1.doCall(HighlightElement.groovy:105)
	at jdk.internal.reflect.GeneratedMethodAccessor5.invoke(Unknown Source)
	at java.base/jdk.internal.reflect.DelegatingMethodAccessorImpl.invoke(DelegatingMethodAccessorImpl.java:43)
	at TNR R.TSPT Supp90-Visiteur.run(TNR R.TSPT Supp90-Visiteur:119)
	at com.kms.katalon.core.main.ScriptEngine.run(ScriptEngine.java:194)
	at com.kms.katalon.core.main.ScriptEngine.runScriptAsRawText(ScriptEngine.java:119)
	at com.kms.katalon.core.main.TestCaseExecutor.runScript(TestCaseExecutor.java:448)
	at com.kms.katalon.core.main.TestCaseExecutor.doExecute(TestCaseExecutor.java:439)
	at com.kms.katalon.core.main.TestCaseExecutor.processExecutionPhase(TestCaseExecutor.java:418)
	at com.kms.katalon.core.main.TestCaseExecutor.accessMainPhase(TestCaseExecutor.java:410)
	at com.kms.katalon.core.main.TestCaseExecutor.execute(TestCaseExecutor.java:285)
	at com.kms.katalon.core.common.CommonExecutor.accessTestCaseMainPhase(CommonExecutor.java:65)
	at com.kms.katalon.core.main.TestSuiteExecutor.accessTestSuiteMainPhase(TestSuiteExecutor.java:148)
	at com.kms.katalon.core.main.TestSuiteExecutor.execute(TestSuiteExecutor.java:106)
	at com.kms.katalon.core.main.TestCaseMain.startTestSuite(TestCaseMain.java:180)
	at TempTestSuite1704293543711.run(TempTestSuite1704293543711.groovy:36)
	at java.base/jdk.internal.reflect.NativeMethodAccessorImpl.invoke0(Native Method)
	at java.base/jdk.internal.reflect.NativeMethodAccessorImpl.invoke(NativeMethodAccessorImpl.java:77)
	at java.base/jdk.internal.reflect.DelegatingMethodAccessorImpl.invoke(DelegatingMethodAccessorImpl.java:43)
Caused by: com.kms.katalon.core.exception.StepFailedException: Unable to click on object 'Object Repository/Page_Verif_AccordeonEtatCivilDuDemandeur_Agent/div_AccepterLeDocumentPhotographie'
	at com.kms.katalon.core.webui.keyword.internal.WebUIKeywordMain.stepFailed(WebUIKeywordMain.groovy:64)
	at com.kms.katalon.core.webui.keyword.internal.WebUIKeywordMain.runKeyword(WebUIKeywordMain.groovy:26)
	at com.kms.katalon.core.webui.keyword.builtin.ClickKeyword.click(ClickKeyword.groovy:74)
	at com.kms.katalon.core.webui.keyword.builtin.ClickKeyword.execute(ClickKeyword.groovy:40)
	at com.kms.katalon.core.keyword.internal.KeywordExecutor.executeKeywordForPlatform(KeywordExecutor.groovy:74)
	at com.kms.katalon.core.webui.keyword.WebUiBuiltInKeywords.click(WebUiBuiltInKeywords.groovy:659)
	at jdk.internal.reflect.GeneratedMethodAccessor26.invoke(Unknown Source)
	at java.base/jdk.internal.reflect.DelegatingMethodAccessorImpl.invoke(DelegatingMethodAccessorImpl.java:43)
	at com.kazurayam.ksbackyard.HighlightElement$_pandemic_closure1.doCall(HighlightElement.groovy:105)
	at jdk.internal.reflect.GeneratedMethodAccessor5.invoke(Unknown Source)
	at java.base/jdk.internal.reflect.DelegatingMethodAccessorImpl.invoke(DelegatingMethodAccessorImpl.java:43)
	at Verif_AccordeonEtatCivilDuDemandeur.run(Verif_AccordeonEtatCivilDuDemandeur:93)
	at com.kms.katalon.core.main.ScriptEngine.run(ScriptEngine.java:194)
	at com.kms.katalon.core.main.ScriptEngine.runScriptAsRawText(ScriptEngine.java:119)
	at com.kms.katalon.core.main.TestCaseExecutor.runScript(TestCaseExecutor.java:448)
	at com.kms.katalon.core.main.TestCaseExecutor.doExecute(TestCaseExecutor.java:439)
	at com.kms.katalon.core.main.TestCaseExecutor.processExecutionPhase(TestCaseExecutor.java:418)
	at com.kms.katalon.core.main.TestCaseExecutor.accessMainPhase(TestCaseExecutor.java:410)
	at com.kms.katalon.core.main.TestCaseExecutor.execute(TestCaseExecutor.java:285)
	at com.kms.katalon.core.main.TestCaseMain.runTestCase(TestCaseMain.java:137)
	at com.kms.katalon.core.keyword.builtin.CallTestCaseKeyword$_callTestCase_closure1.doCall(CallTestCaseKeyword.groovy:59)
	... 27 more
Caused by: org.openqa.selenium.ElementClickInterceptedException: element click intercepted: Element <div class="ui-radiobutton-box ui-widget ui-state-default" ng-reflect-ng-class="[object Object]" style="outline: dashed red;">...</div> is not clickable at point (842, 150). Other element would receive the click: <div _ngcontent-vod-c23="" id="navBar" class="ng-star-inserted">...</div>
  (Session info: chrome=120.0.6099.130)
Build info: version: '3.141.59', revision: 'e82be7d358', time: '2018-11-14T08:25:53'
System info: host: 'FR-L5448059', ip: '192.168.1.134', os.name: 'Windows 10', os.arch: 'amd64', os.version: '10.0', java.version: '17.0.7'
Driver info: com.kms.katalon.selenium.driver.CChromeDriver
Capabilities {acceptInsecureCerts: false, browserName: chrome, browserVersion: 120.0.6099.130, chrome: {chromedriverVersion: 119.0.6045.105 (38c72552c5e..., userDataDir: C:\Users\ISSAM~1.RHA\AppDat...}, fedcm:accounts: true, goog:chromeOptions: {debuggerAddress: localhost:59633}, javascriptEnabled: true, networkConnectionEnabled: false, pageLoadStrategy: normal, platform: WINDOWS, platformName: WINDOWS, proxy: Proxy(), setWindowRect: true, strictFileInteractability: false, timeouts: {implicit: 0, pageLoad: 300000, script: 30000}, unhandledPromptBehavior: dismiss and notify, webauthn:extension:credBlob: true, webauthn:extension:largeBlob: true, webauthn:extension:minPinLength: true, webauthn:extension:prf: true, webauthn:virtualAuthenticators: true}
Session ID: f5b94ceba7204e9800fb275d72a13880
	at java.base/jdk.internal.reflect.NativeConstructorAccessorImpl.newInstance0(Native Method)
	at java.base/jdk.internal.reflect.NativeConstructorAccessorImpl.newInstance(NativeConstructorAccessorImpl.java:77)
	at java.base/jdk.internal.reflect.DelegatingConstructorAccessorImpl.newInstance(DelegatingConstructorAccessorImpl.java:45)
	at org.openqa.selenium.remote.http.W3CHttpResponseCodec.createException(W3CHttpResponseCodec.java:187)
	at org.openqa.selenium.remote.http.W3CHttpResponseCodec.decode(W3CHttpResponseCodec.java:122)
	at org.openqa.selenium.remote.http.W3CHttpResponseCodec.decode(W3CHttpResponseCodec.java:49)
	at org.openqa.selenium.remote.HttpCommandExecutor.execute(HttpCommandExecutor.java:158)
	at org.openqa.selenium.remote.service.DriverCommandExecutor.execute(DriverCommandExecutor.java:83)
	at org.openqa.selenium.remote.RemoteWebDriver.execute(RemoteWebDriver.java:552)
	at com.kms.katalon.selenium.driver.CChromeDriver.execute(CChromeDriver.java:19)
	at org.openqa.selenium.remote.RemoteWebElement.execute(RemoteWebElement.java:285)
	at org.openqa.selenium.remote.RemoteWebElement.click(RemoteWebElement.java:84)
	at jdk.internal.reflect.GeneratedMethodAccessor21.invoke(Unknown Source)
	at java.base/jdk.internal.reflect.DelegatingMethodAccessorImpl.invoke(DelegatingMethodAccessorImpl.java:43)
	at org.openqa.selenium.support.events.EventFiringWebDriver$EventFiringWebElement.lambda$new$0(EventFiringWebDriver.java:404)
	at jdk.proxy2/jdk.proxy2.$Proxy25.click(Unknown Source)
	at org.openqa.selenium.support.events.EventFiringWebDriver$EventFiringWebElement.click(EventFiringWebDriver.java:417)
	at org.openqa.selenium.WebElement$click.call(Unknown Source)
	at com.kms.katalon.core.webui.keyword.builtin.ClickKeyword.clickUntilSuccessWithTimeout(ClickKeyword.groovy:81)
	at com.kms.katalon.core.webui.keyword.builtin.ClickKeyword.clickUntilSuccessWithTimeout(ClickKeyword.groovy)
	at jdk.internal.reflect.GeneratedMethodAccessor25.invoke(Unknown Source)
	at java.base/jdk.internal.reflect.DelegatingMethodAccessorImpl.invoke(DelegatingMethodAccessorImpl.java:43)
	at com.kms.katalon.core.webui.keyword.builtin.ClickKeyword$_click_closure1.doCall(ClickKeyword.groovy:67)
	at com.kms.katalon.core.webui.keyword.builtin.ClickKeyword$_click_closure1.call(ClickKeyword.groovy)
	at com.kms.katalon.core.webui.keyword.internal.WebUIKeywordMain.runKeyword(WebUIKeywordMain.groovy:20)
	... 46 more
)

03-01-2024T15:58:59 - [TEST_STEP][PASSED] - callTestCase(findTestCase("Test Reutilisable/Main/Lancer URL ANEF"), ["Profiles":"Agent", "EnvExec":EnvExec], STOP_ON_FAILURE): Call Test Case 'Test Cases/Test Reutilisable/Main/Lancer URL ANEF' successfully

03-01-2024T15:58:59 - [MESSAGE][INFO] - Checking called Test Case

03-01-2024T15:58:59 - [MESSAGE][INFO] - Starting to call Test Case 'Test Cases/Test Reutilisable/Main/Lancer URL ANEF'

03-01-2024T15:58:59 - [TEST_CASE][PASSED] - Test Cases/Test Reutilisable/Main/Lancer URL ANEF: Test Cases/Test Reutilisable/Main/Lancer URL ANEF

03-01-2024T15:58:59 - [TEST_STEP][PASSED] - "RunConfiguration: getProjectDir for LogDriver ": null

03-01-2024T15:58:59 - [TEST_STEP][PASSED] - RunBrowserConfiguration = getExecutionProperties(): null

03-01-2024T15:58:59 - [TEST_STEP][PASSED] - DriverName = "": null

03-01-2024T15:58:59 - [TEST_STEP][PASSED] - openBrowser(""): Browser is opened with url: ''

03-01-2024T15:58:59 - [MESSAGE][INFO] - Opening browser

03-01-2024T15:58:59 - [MESSAGE][WARNING] - A browser is already opened. Closing browser and opening a new one

03-01-2024T15:59:00 - [MESSAGE][INFO] - Starting 'Chrome' driver

03-01-2024T15:59:00 - [MESSAGE][INFO] - User set preference: ['args', '[--incognito, --start-maximized, --remote-allow-origins=*]']

03-01-2024T15:59:00 - [MESSAGE][INFO] - User set preference: ['prefs', '{download.default_directory=${GlobalVariable.downloadPath}, download_dir=${GlobalVariable.downloadPath}, download.prompt_for_download=false}']

03-01-2024T15:59:00 - [MESSAGE][INFO] - User set preference: ['loggingPrefs', '{browser=ALL}']

03-01-2024T15:59:00 - [MESSAGE][INFO] - Action delay is set to 2 000 milliseconds

03-01-2024T15:59:02 - [MESSAGE][PASSED] - Browser is opened with url: ''

03-01-2024T15:59:02 - [TEST_STEP][PASSED] - driver = getWebDriver(): null

03-01-2024T15:59:02 - [TEST_STEP][PASSED] - wrappedDriver = driver.getWrappedDriver(): null

03-01-2024T15:59:02 - [TEST_STEP][PASSED] - out.println(wrappedDriver.getClass()): null

03-01-2024T15:59:02 - [TEST_STEP][PASSED] - if (class == com.kms.katalon.selenium.driver.CRemoteWebDriver): null

03-01-2024T15:59:02 - [TEST_STEP][PASSED] - else: null

03-01-2024T15:59:02 - [TEST_STEP][PASSED] - DriverName = get("WebUI").get("browserType"): null

03-01-2024T15:59:02 - [TEST_STEP][PASSED] - println("DriverName :" + DriverName): null

03-01-2024T15:59:02 - [TEST_STEP][PASSED] - println("Driverpath :" + RunBrowserConfiguration.get("drivers")): null

03-01-2024T15:59:02 - [TEST_STEP][PASSED] - DriverName = DriverName: null

03-01-2024T15:59:02 - [TEST_STEP][PASSED] - delay(medium_wait): Delayed 3 second(s)

03-01-2024T15:59:02 - [MESSAGE][INFO] - Delaying browser in 3 second(s)

03-01-2024T15:59:05 - [MESSAGE][PASSED] - Delayed 3 second(s)

03-01-2024T15:59:05 - [TEST_STEP][PASSED] - executedBrowser = getExecutedBrowser(): null

03-01-2024T15:59:05 - [TEST_STEP][PASSED] - if (Profiles == "Usager"): null

03-01-2024T15:59:05 - [TEST_STEP][PASSED] - if (Profiles == "Agent"): Current window maximized

03-01-2024T15:59:05 - [TEST_STEP][PASSED] - if (EnvExec == "URL_ANEFQualif"): Browser is opened with url: 'https://qualification.siaef.dgef.interieur.gouv.fr/sejour/#/accueil'

03-01-2024T15:59:05 - [TEST_STEP][PASSED] - openBrowser(URLPortailAgentQualif): Browser is opened with url: 'https://qualification.siaef.dgef.interieur.gouv.fr/sejour/#/accueil'

03-01-2024T15:59:05 - [MESSAGE][INFO] - Opening browser

03-01-2024T15:59:05 - [MESSAGE][WARNING] - A browser is already opened. Closing browser and opening a new one

03-01-2024T15:59:05 - [MESSAGE][INFO] - Starting 'Chrome' driver

03-01-2024T15:59:05 - [MESSAGE][INFO] - User set preference: ['args', '[--incognito, --start-maximized, --remote-allow-origins=*]']

03-01-2024T15:59:05 - [MESSAGE][INFO] - User set preference: ['prefs', '{download.default_directory=${GlobalVariable.downloadPath}, download_dir=${GlobalVariable.downloadPath}, download.prompt_for_download=false}']

03-01-2024T15:59:05 - [MESSAGE][INFO] - User set preference: ['loggingPrefs', '{browser=ALL}']

03-01-2024T15:59:05 - [MESSAGE][INFO] - Action delay is set to 2 000 milliseconds

03-01-2024T15:59:07 - [MESSAGE][INFO] - Navigating browser to: 'https://qualification.siaef.dgef.interieur.gouv.fr/sejour/#/accueil'

03-01-2024T15:59:30 - [MESSAGE][PASSED] - Browser is opened with url: 'https://qualification.siaef.dgef.interieur.gouv.fr/sejour/#/accueil'

03-01-2024T15:59:30 - [TEST_STEP][PASSED] - if (EnvExec == "URL_ANEFPreProd"): null

03-01-2024T15:59:30 - [TEST_STEP][PASSED] - maximizeWindow(): Current window maximized

03-01-2024T15:59:30 - [MESSAGE][INFO] - Maximizing current window

03-01-2024T15:59:30 - [MESSAGE][PASSED] - Current window maximized

03-01-2024T15:59:30 - [MESSAGE][PASSED] - Call Test Case 'Test Cases/Test Reutilisable/Main/Lancer URL ANEF' successfully

03-01-2024T15:59:30 - [TEST_STEP][PASSED] - callTestCase(findTestCase("Test Reutilisable/Main/Identification"), ["Profiles":"Agent", "NumEtrangerVisa":NumEtrangerVisa, "EnvExec":"EnvExec"], STOP_ON_FAILURE): Call Test Case 'Test Cases/Test Reutilisable/Main/Identification' successfully

03-01-2024T15:59:30 - [MESSAGE][INFO] - Checking called Test Case

03-01-2024T15:59:30 - [MESSAGE][INFO] - Starting to call Test Case 'Test Cases/Test Reutilisable/Main/Identification'

03-01-2024T15:59:30 - [TEST_CASE][PASSED] - Test Cases/Test Reutilisable/Main/Identification: Test Cases/Test Reutilisable/Main/Identification

03-01-2024T15:59:30 - [TEST_STEP][PASSED] - if (Profiles == "Usager"): null

03-01-2024T15:59:30 - [TEST_STEP][PASSED] - if (Profiles == "Agent"): Object: 'Object Repository/Connexion Agent/btn_Valider_Conx_Agent' is clicked on

03-01-2024T15:59:30 - [TEST_STEP][PASSED] - setText(findTestObject("Object Repository/Connexion Agent/Input_UserNameAgent"), IdentifiantAgentQualif): Text 'anef.cng+qualif.agent.sejour.automatisation@gmail.com' is set on object 'Object Repository/Connexion Agent/Input_UserNameAgent'

03-01-2024T15:59:30 - [MESSAGE][INFO] - Finding Test Object 'Object Repository/Connexion Agent/Input_UserNameAgent'

03-01-2024T15:59:30 - [MESSAGE][INFO] - Checking timeout

03-01-2024T15:59:30 - [MESSAGE][INFO] - Finding web element with id: 'Object Repository/Connexion Agent/Input_UserNameAgent' located by 'By.xpath: //*[@aria-labelledby="username-label"]' in '20' second(s)

03-01-2024T15:59:30 - [MESSAGE][INFO] - Smart Wait Function is triggered

03-01-2024T15:59:30 - [MESSAGE][INFO] - Found 1 web elements with id: 'Object Repository/Connexion Agent/Input_UserNameAgent' located by 'By.xpath: //*[@aria-labelledby="username-label"]' in '20' second(s)

03-01-2024T15:59:30 - [MESSAGE][INFO] - Checking object

03-01-2024T15:59:30 - [MESSAGE][INFO] - Checking text

03-01-2024T15:59:30 - [MESSAGE][INFO] - Finding web element from Test Object's properties

03-01-2024T15:59:30 - [MESSAGE][INFO] - Checking timeout

03-01-2024T15:59:30 - [MESSAGE][INFO] - Finding web element with id: 'Object Repository/Connexion Agent/Input_UserNameAgent' located by 'By.xpath: //*[@aria-labelledby="username-label"]' in '5' second(s)

03-01-2024T15:59:30 - [MESSAGE][INFO] - Smart Wait Function is triggered

03-01-2024T15:59:30 - [MESSAGE][INFO] - Found 1 web elements with id: 'Object Repository/Connexion Agent/Input_UserNameAgent' located by 'By.xpath: //*[@aria-labelledby="username-label"]' in '5' second(s)

03-01-2024T15:59:30 - [MESSAGE][INFO] - Clearing text of object 'Object Repository/Connexion Agent/Input_UserNameAgent'

03-01-2024T15:59:32 - [MESSAGE][INFO] - Finding web element from Test Object's properties

03-01-2024T15:59:32 - [MESSAGE][INFO] - Checking timeout

03-01-2024T15:59:32 - [MESSAGE][INFO] - Finding web element with id: 'Object Repository/Connexion Agent/Input_UserNameAgent' located by 'By.xpath: //*[@aria-labelledby="username-label"]' in '5' second(s)

03-01-2024T15:59:32 - [MESSAGE][INFO] - Smart Wait Function is triggered

03-01-2024T15:59:32 - [MESSAGE][INFO] - Found 1 web elements with id: 'Object Repository/Connexion Agent/Input_UserNameAgent' located by 'By.xpath: //*[@aria-labelledby="username-label"]' in '5' second(s)

03-01-2024T15:59:32 - [MESSAGE][INFO] - Setting text of object 'Object Repository/Connexion Agent/Input_UserNameAgent' to value 'anef.cng+qualif.agent.sejour.automatisation@gmail.com'

03-01-2024T15:59:34 - [MESSAGE][PASSED] - Text 'anef.cng+qualif.agent.sejour.automatisation@gmail.com' is set on object 'Object Repository/Connexion Agent/Input_UserNameAgent'

03-01-2024T15:59:34 - [TEST_STEP][PASSED] - setEncryptedText(findTestObject("Object Repository/Connexion Agent/Input_PasswordAgent"), PwAgentQualif): Text ****** has been set on object 'Object Repository/Connexion Agent/Input_PasswordAgent'

03-01-2024T15:59:34 - [MESSAGE][INFO] - Finding Test Object 'Object Repository/Connexion Agent/Input_PasswordAgent'

03-01-2024T15:59:34 - [MESSAGE][INFO] - Checking timeout

03-01-2024T15:59:34 - [MESSAGE][INFO] - Finding web element with id: 'Object Repository/Connexion Agent/Input_PasswordAgent' located by 'By.xpath: //*[@ng-reflect-name="password" and @type ="password" or @id="password"]' in '20' second(s)

03-01-2024T15:59:34 - [MESSAGE][INFO] - Smart Wait Function is triggered

03-01-2024T15:59:34 - [MESSAGE][INFO] - Found 1 web elements with id: 'Object Repository/Connexion Agent/Input_PasswordAgent' located by 'By.xpath: //*[@ng-reflect-name="password" and @type ="password" or @id="password"]' in '20' second(s)

03-01-2024T15:59:34 - [MESSAGE][INFO] - Checking object

03-01-2024T15:59:34 - [MESSAGE][INFO] - Checking text

03-01-2024T15:59:34 - [MESSAGE][INFO] - Finding web element from Test Object's properties

03-01-2024T15:59:34 - [MESSAGE][INFO] - Checking timeout

03-01-2024T15:59:34 - [MESSAGE][INFO] - Finding web element with id: 'Object Repository/Connexion Agent/Input_PasswordAgent' located by 'By.xpath: //*[@ng-reflect-name="password" and @type ="password" or @id="password"]' in '5' second(s)

03-01-2024T15:59:34 - [MESSAGE][INFO] - Smart Wait Function is triggered

03-01-2024T15:59:34 - [MESSAGE][INFO] - Found 1 web elements with id: 'Object Repository/Connexion Agent/Input_PasswordAgent' located by 'By.xpath: //*[@ng-reflect-name="password" and @type ="password" or @id="password"]' in '5' second(s)

03-01-2024T15:59:34 - [MESSAGE][INFO] - Clearing text of object 'Object Repository/Connexion Agent/Input_PasswordAgent'

03-01-2024T15:59:36 - [MESSAGE][INFO] - Setting  text of object 'Object Repository/Connexion Agent/Input_PasswordAgent' to value ******

03-01-2024T15:59:39 - [MESSAGE][PASSED] - Text ****** has been set on object 'Object Repository/Connexion Agent/Input_PasswordAgent'

03-01-2024T15:59:39 - [TEST_STEP][PASSED] - click(findTestObject("Object Repository/Connexion Agent/btn_Valider_Conx_Agent")): Object: 'Object Repository/Connexion Agent/btn_Valider_Conx_Agent' is clicked on

03-01-2024T15:59:39 - [MESSAGE][INFO] - Finding Test Object 'Object Repository/Connexion Agent/btn_Valider_Conx_Agent'

03-01-2024T15:59:39 - [MESSAGE][INFO] - Checking timeout

03-01-2024T15:59:39 - [MESSAGE][INFO] - Finding web element with id: 'Object Repository/Connexion Agent/btn_Valider_Conx_Agent' located by 'By.xpath: //*[@label="Valider"]' in '20' second(s)

03-01-2024T15:59:39 - [MESSAGE][INFO] - Smart Wait Function is triggered

03-01-2024T15:59:39 - [MESSAGE][INFO] - Found 1 web elements with id: 'Object Repository/Connexion Agent/btn_Valider_Conx_Agent' located by 'By.xpath: //*[@label="Valider"]' in '20' second(s)

03-01-2024T15:59:39 - [MESSAGE][INFO] - Checking object

03-01-2024T15:59:39 - [MESSAGE][INFO] - Checking timeout

03-01-2024T15:59:39 - [MESSAGE][INFO] - Finding web element from Test Object's properties

03-01-2024T15:59:39 - [MESSAGE][INFO] - Checking timeout

03-01-2024T15:59:39 - [MESSAGE][INFO] - Finding web element with id: 'Object Repository/Connexion Agent/btn_Valider_Conx_Agent' located by 'By.xpath: //*[@label="Valider"]' in '5' second(s)

03-01-2024T15:59:39 - [MESSAGE][INFO] - Smart Wait Function is triggered

03-01-2024T15:59:39 - [MESSAGE][INFO] - Found 1 web elements with id: 'Object Repository/Connexion Agent/btn_Valider_Conx_Agent' located by 'By.xpath: //*[@label="Valider"]' in '5' second(s)

03-01-2024T15:59:39 - [MESSAGE][INFO] - Clicking on object: 'Object Repository/Connexion Agent/btn_Valider_Conx_Agent'

03-01-2024T15:59:41 - [MESSAGE][PASSED] - Object: 'Object Repository/Connexion Agent/btn_Valider_Conx_Agent' is clicked on

03-01-2024T15:59:41 - [MESSAGE][PASSED] - Call Test Case 'Test Cases/Test Reutilisable/Main/Identification' successfully

03-01-2024T15:59:41 - [TEST_STEP][PASSED] - callTestCase(findTestCase("Test Cases/Test Reutilisable/AgentTraitementDemande/AgentRechercheDemande"), ["NumEtrangerVisa":NumEtrangerVisa], STOP_ON_FAILURE): Call Test Case 'Test Cases/Test Reutilisable/AgentTraitementDemande/AgentRechercheDemande' successfully

03-01-2024T15:59:41 - [MESSAGE][INFO] - Checking called Test Case

03-01-2024T15:59:41 - [MESSAGE][INFO] - Starting to call Test Case 'Test Cases/Test Reutilisable/AgentTraitementDemande/AgentRechercheDemande'

03-01-2024T15:59:41 - [TEST_CASE][PASSED] - Test Cases/Test Reutilisable/AgentTraitementDemande/AgentRechercheDemande: Test Cases/Test Reutilisable/AgentTraitementDemande/AgentRechercheDemande

03-01-2024T15:59:41 - [TEST_STEP][PASSED] - com.kazurayam.ksbackyard.HighlightElement.pandemic(): com.kazurayam.ksbackyard.HighlightElement.pandemic is PASSED

03-01-2024T15:59:41 - [MESSAGE][PASSED] - com.kazurayam.ksbackyard.HighlightElement.pandemic is PASSED

03-01-2024T15:59:41 - [TEST_STEP][PASSED] - callTestCase(findTestCase("Test Cases/Test Reutilisable/AgentTraitementDemande/ConnexionPositionnementSiteDeTraitementAgent"), [:], OPTIONAL): Call Test Case 'Test Cases/Test Reutilisable/AgentTraitementDemande/ConnexionPositionnementSiteDeTraitementAgent' successfully

03-01-2024T15:59:41 - [MESSAGE][INFO] - Checking called Test Case

03-01-2024T15:59:41 - [MESSAGE][INFO] - Starting to call Test Case 'Test Cases/Test Reutilisable/AgentTraitementDemande/ConnexionPositionnementSiteDeTraitementAgent'

03-01-2024T15:59:41 - [TEST_CASE][PASSED] - Test Cases/Test Reutilisable/AgentTraitementDemande/ConnexionPositionnementSiteDeTraitementAgent: Test Cases/Test Reutilisable/AgentTraitementDemande/ConnexionPositionnementSiteDeTraitementAgent

03-01-2024T15:59:42 - [TEST_STEP][PASSED] - com.kazurayam.ksbackyard.HighlightElement.pandemic(): com.kazurayam.ksbackyard.HighlightElement.pandemic is PASSED

03-01-2024T15:59:42 - [MESSAGE][PASSED] - com.kazurayam.ksbackyard.HighlightElement.pandemic is PASSED

03-01-2024T15:59:42 - [TEST_STEP][PASSED] - click(findTestObject("Object Repository/Page_ConnexionPositionnementSiteDeTraitement_Agent/div_App-HeaderAccount-Menu")): Object: 'Object Repository/Page_ConnexionPositionnementSiteDeTraitement_Agent/div_App-HeaderAccount-Menu' is clicked on

03-01-2024T15:59:42 - [MESSAGE][INFO] - Finding Test Object 'Object Repository/Page_ConnexionPositionnementSiteDeTraitement_Agent/div_App-HeaderAccount-Menu'

03-01-2024T15:59:42 - [MESSAGE][INFO] - Checking timeout

03-01-2024T15:59:42 - [MESSAGE][INFO] - Finding web element with id: 'Object Repository/Page_ConnexionPositionnementSiteDeTraitement_Agent/div_App-HeaderAccount-Menu' located by 'By.xpath: //*[@id="app-header"]/div/div[1]/app-account-menu/div/div[1]' in '20' second(s)

03-01-2024T15:59:42 - [MESSAGE][INFO] - Smart Wait Function is triggered

03-01-2024T15:59:42 - [MESSAGE][INFO] - Found 1 web elements with id: 'Object Repository/Page_ConnexionPositionnementSiteDeTraitement_Agent/div_App-HeaderAccount-Menu' located by 'By.xpath: //*[@id="app-header"]/div/div[1]/app-account-menu/div/div[1]' in '20' second(s)

03-01-2024T15:59:42 - [MESSAGE][INFO] - Checking object

03-01-2024T15:59:42 - [MESSAGE][INFO] - Checking timeout

03-01-2024T15:59:42 - [MESSAGE][INFO] - Finding web element from Test Object's properties

03-01-2024T15:59:42 - [MESSAGE][INFO] - Checking timeout

03-01-2024T15:59:42 - [MESSAGE][INFO] - Finding web element with id: 'Object Repository/Page_ConnexionPositionnementSiteDeTraitement_Agent/div_App-HeaderAccount-Menu' located by 'By.xpath: //*[@id="app-header"]/div/div[1]/app-account-menu/div/div[1]' in '5' second(s)

03-01-2024T15:59:42 - [MESSAGE][INFO] - Smart Wait Function is triggered

03-01-2024T15:59:42 - [MESSAGE][INFO] - Found 1 web elements with id: 'Object Repository/Page_ConnexionPositionnementSiteDeTraitement_Agent/div_App-HeaderAccount-Menu' located by 'By.xpath: //*[@id="app-header"]/div/div[1]/app-account-menu/div/div[1]' in '5' second(s)

03-01-2024T15:59:42 - [MESSAGE][INFO] - Clicking on object: 'Object Repository/Page_ConnexionPositionnementSiteDeTraitement_Agent/div_App-HeaderAccount-Menu'

03-01-2024T15:59:44 - [MESSAGE][PASSED] - Object: 'Object Repository/Page_ConnexionPositionnementSiteDeTraitement_Agent/div_App-HeaderAccount-Menu' is clicked on

03-01-2024T15:59:44 - [TEST_STEP][PASSED] - click(findTestObject("Object Repository/Page_ConnexionPositionnementSiteDeTraitement_Agent/span_habilitation")): Object: 'Object Repository/Page_ConnexionPositionnementSiteDeTraitement_Agent/span_habilitation' is clicked on

03-01-2024T15:59:44 - [MESSAGE][INFO] - Finding Test Object 'Object Repository/Page_ConnexionPositionnementSiteDeTraitement_Agent/span_habilitation'

03-01-2024T15:59:44 - [MESSAGE][INFO] - Checking timeout

03-01-2024T15:59:44 - [MESSAGE][INFO] - Finding web element with id: 'Object Repository/Page_ConnexionPositionnementSiteDeTraitement_Agent/span_habilitation' located by 'By.xpath: //*[@id="app-header"]/div/div[1]/app-account-menu/div/div[2]/p-menu/div/ul/li[3]/a/span[2]' in '20' second(s)

03-01-2024T15:59:44 - [MESSAGE][INFO] - Smart Wait Function is triggered

03-01-2024T15:59:44 - [MESSAGE][INFO] - Found 1 web elements with id: 'Object Repository/Page_ConnexionPositionnementSiteDeTraitement_Agent/span_habilitation' located by 'By.xpath: //*[@id="app-header"]/div/div[1]/app-account-menu/div/div[2]/p-menu/div/ul/li[3]/a/span[2]' in '20' second(s)

03-01-2024T15:59:44 - [MESSAGE][INFO] - Checking object

03-01-2024T15:59:44 - [MESSAGE][INFO] - Checking timeout

03-01-2024T15:59:44 - [MESSAGE][INFO] - Finding web element from Test Object's properties

03-01-2024T15:59:44 - [MESSAGE][INFO] - Checking timeout

03-01-2024T15:59:44 - [MESSAGE][INFO] - Finding web element with id: 'Object Repository/Page_ConnexionPositionnementSiteDeTraitement_Agent/span_habilitation' located by 'By.xpath: //*[@id="app-header"]/div/div[1]/app-account-menu/div/div[2]/p-menu/div/ul/li[3]/a/span[2]' in '5' second(s)

03-01-2024T15:59:44 - [MESSAGE][INFO] - Smart Wait Function is triggered

03-01-2024T15:59:44 - [MESSAGE][INFO] - Found 1 web elements with id: 'Object Repository/Page_ConnexionPositionnementSiteDeTraitement_Agent/span_habilitation' located by 'By.xpath: //*[@id="app-header"]/div/div[1]/app-account-menu/div/div[2]/p-menu/div/ul/li[3]/a/span[2]' in '5' second(s)

03-01-2024T15:59:44 - [MESSAGE][INFO] - Clicking on object: 'Object Repository/Page_ConnexionPositionnementSiteDeTraitement_Agent/span_habilitation'

03-01-2024T15:59:46 - [MESSAGE][PASSED] - Object: 'Object Repository/Page_ConnexionPositionnementSiteDeTraitement_Agent/span_habilitation' is clicked on

03-01-2024T15:59:46 - [TEST_STEP][PASSED] - PopUpHabilitations = findTestObject("Object Repository/Page_ConnexionPositionnementSiteDeTraitement_Agent/span_PopupHabilitations"): Finding Test Object 'Object Repository/Page_ConnexionPositionnementSiteDeTraitement_Agent/span_PopupHabilitations'

03-01-2024T15:59:46 - [MESSAGE][INFO] - Finding Test Object 'Object Repository/Page_ConnexionPositionnementSiteDeTraitement_Agent/span_PopupHabilitations'

03-01-2024T15:59:47 - [TEST_STEP][PASSED] - verifyElementPresent(PopUpHabilitations, 1): Object 'Object Repository/Page_ConnexionPositionnementSiteDeTraitement_Agent/span_PopupHabilitations' is present

03-01-2024T15:59:47 - [MESSAGE][INFO] - Checking object

03-01-2024T15:59:47 - [MESSAGE][INFO] - Finding web element from Test Object's properties

03-01-2024T15:59:47 - [MESSAGE][INFO] - Checking timeout

03-01-2024T15:59:47 - [MESSAGE][INFO] - Finding web element with id: 'Object Repository/Page_ConnexionPositionnementSiteDeTraitement_Agent/span_PopupHabilitations' located by 'By.xpath: //*[@id="ui-dialog-9-label"]/p-header/div[1]' in '1' second(s)

03-01-2024T15:59:47 - [MESSAGE][INFO] - Smart Wait Function is triggered

03-01-2024T15:59:47 - [MESSAGE][INFO] - Found 1 web elements with id: 'Object Repository/Page_ConnexionPositionnementSiteDeTraitement_Agent/span_PopupHabilitations' located by 'By.xpath: //*[@id="ui-dialog-9-label"]/p-header/div[1]' in '1' second(s)

03-01-2024T15:59:47 - [MESSAGE][PASSED] - Object 'Object Repository/Page_ConnexionPositionnementSiteDeTraitement_Agent/span_PopupHabilitations' is present

03-01-2024T15:59:47 - [TEST_STEP][PASSED] - TitrePopUpAfficherCommentaires = getText(PopUpHabilitations): Text of object 'Object Repository/Page_ConnexionPositionnementSiteDeTraitement_Agent/span_PopupHabilitations' is: 'HABILITATIONS'

03-01-2024T15:59:47 - [MESSAGE][INFO] - Checking object

03-01-2024T15:59:47 - [MESSAGE][INFO] - Finding web element from Test Object's properties

03-01-2024T15:59:47 - [MESSAGE][INFO] - Checking timeout

03-01-2024T15:59:47 - [MESSAGE][INFO] - Finding web element with id: 'Object Repository/Page_ConnexionPositionnementSiteDeTraitement_Agent/span_PopupHabilitations' located by 'By.xpath: //*[@id="ui-dialog-9-label"]/p-header/div[1]' in '5' second(s)

03-01-2024T15:59:47 - [MESSAGE][INFO] - Smart Wait Function is triggered

03-01-2024T15:59:47 - [MESSAGE][INFO] - Found 1 web elements with id: 'Object Repository/Page_ConnexionPositionnementSiteDeTraitement_Agent/span_PopupHabilitations' located by 'By.xpath: //*[@id="ui-dialog-9-label"]/p-header/div[1]' in '5' second(s)

03-01-2024T15:59:47 - [MESSAGE][INFO] - Getting text of object 'Object Repository/Page_ConnexionPositionnementSiteDeTraitement_Agent/span_PopupHabilitations'

03-01-2024T15:59:47 - [MESSAGE][PASSED] - Text of object 'Object Repository/Page_ConnexionPositionnementSiteDeTraitement_Agent/span_PopupHabilitations' is: 'HABILITATIONS'

03-01-2024T15:59:47 - [TEST_STEP][PASSED] - if (!(TitrePopUpAfficherCommentaires.contains("HABILITATIONS"))): null

03-01-2024T15:59:47 - [TEST_STEP][PASSED] - else: Le Titre de PopUp est bien Affiché : HABILITATIONS.

03-01-2024T15:59:47 - [TEST_STEP][PASSED] - markPassed("Le Titre de PopUp est bien Affiché : HABILITATIONS."): Le Titre de PopUp est bien Affiché : HABILITATIONS.

03-01-2024T15:59:47 - [MESSAGE][PASSED] - Le Titre de PopUp est bien Affiché : HABILITATIONS.

03-01-2024T15:59:47 - [TEST_STEP][PASSED] - if (TypeTitreDeSejour == "RenouvellementDeTitreSéjour" || TypeTitreDeSejour == "Visiteur"): Delayed 3 second(s)

03-01-2024T15:59:47 - [TEST_STEP][PASSED] - RoleEncadreurSite7701 = findTestObject("Object Repository/Page_ConnexionPositionnementSiteDeTraitement_Agent/CheckBox_RoleEncadreurSite7701"): Finding Test Object 'Object Repository/Page_ConnexionPositionnementSiteDeTraitement_Agent/CheckBox_RoleEncadreurSite7701'

03-01-2024T15:59:47 - [MESSAGE][INFO] - Finding Test Object 'Object Repository/Page_ConnexionPositionnementSiteDeTraitement_Agent/CheckBox_RoleEncadreurSite7701'

03-01-2024T15:59:47 - [TEST_STEP][PASSED] - verifyElementPresent(RoleEncadreurSite7701, 1): Object 'Object Repository/Page_ConnexionPositionnementSiteDeTraitement_Agent/CheckBox_RoleEncadreurSite7701' is present

03-01-2024T15:59:47 - [MESSAGE][INFO] - Checking object

03-01-2024T15:59:47 - [MESSAGE][INFO] - Finding web element from Test Object's properties

03-01-2024T15:59:47 - [MESSAGE][INFO] - Checking timeout

03-01-2024T15:59:47 - [MESSAGE][INFO] - Finding web element with id: 'Object Repository/Page_ConnexionPositionnementSiteDeTraitement_Agent/CheckBox_RoleEncadreurSite7701' located by 'By.xpath: /html/body/div[1]/div[2]/div[2]/div[1]/div/div[1]/p-radiobutton/div/div[2]/span' in '1' second(s)

03-01-2024T15:59:47 - [MESSAGE][INFO] - Smart Wait Function is triggered

03-01-2024T15:59:47 - [MESSAGE][INFO] - Found 1 web elements with id: 'Object Repository/Page_ConnexionPositionnementSiteDeTraitement_Agent/CheckBox_RoleEncadreurSite7701' located by 'By.xpath: /html/body/div[1]/div[2]/div[2]/div[1]/div/div[1]/p-radiobutton/div/div[2]/span' in '1' second(s)

03-01-2024T15:59:47 - [MESSAGE][PASSED] - Object 'Object Repository/Page_ConnexionPositionnementSiteDeTraitement_Agent/CheckBox_RoleEncadreurSite7701' is present

03-01-2024T15:59:47 - [TEST_STEP][PASSED] - ValiderHabilitations = findTestObject("Object Repository/Page_ConnexionPositionnementSiteDeTraitement_Agent/btn_Habilitations_Valider"): Finding Test Object 'Object Repository/Page_ConnexionPositionnementSiteDeTraitement_Agent/btn_Habilitations_Valider'

03-01-2024T15:59:47 - [MESSAGE][INFO] - Finding Test Object 'Object Repository/Page_ConnexionPositionnementSiteDeTraitement_Agent/btn_Habilitations_Valider'

03-01-2024T15:59:47 - [TEST_STEP][PASSED] - verifyElementPresent(ValiderHabilitations, 1): Object 'Object Repository/Page_ConnexionPositionnementSiteDeTraitement_Agent/btn_Habilitations_Valider' is present

03-01-2024T15:59:47 - [MESSAGE][INFO] - Checking object

03-01-2024T15:59:47 - [MESSAGE][INFO] - Finding web element from Test Object's properties

03-01-2024T15:59:47 - [MESSAGE][INFO] - Checking timeout

03-01-2024T15:59:47 - [MESSAGE][INFO] - Finding web element with id: 'Object Repository/Page_ConnexionPositionnementSiteDeTraitement_Agent/btn_Habilitations_Valider' located by 'By.xpath: /html/body/div[1]/div[3]/p-footer/button[2]' in '1' second(s)

03-01-2024T15:59:47 - [MESSAGE][INFO] - Smart Wait Function is triggered

03-01-2024T15:59:47 - [MESSAGE][INFO] - Found 1 web elements with id: 'Object Repository/Page_ConnexionPositionnementSiteDeTraitement_Agent/btn_Habilitations_Valider' located by 'By.xpath: /html/body/div[1]/div[3]/p-footer/button[2]' in '1' second(s)

03-01-2024T15:59:47 - [MESSAGE][PASSED] - Object 'Object Repository/Page_ConnexionPositionnementSiteDeTraitement_Agent/btn_Habilitations_Valider' is present

03-01-2024T15:59:47 - [TEST_STEP][PASSED] - click(RoleEncadreurSite7701): Object: 'Object Repository/Page_ConnexionPositionnementSiteDeTraitement_Agent/CheckBox_RoleEncadreurSite7701' is clicked on

03-01-2024T15:59:47 - [MESSAGE][INFO] - Checking timeout

03-01-2024T15:59:47 - [MESSAGE][INFO] - Finding web element with id: 'Object Repository/Page_ConnexionPositionnementSiteDeTraitement_Agent/CheckBox_RoleEncadreurSite7701' located by 'By.xpath: /html/body/div[1]/div[2]/div[2]/div[1]/div/div[1]/p-radiobutton/div/div[2]/span' in '20' second(s)

03-01-2024T15:59:47 - [MESSAGE][INFO] - Smart Wait Function is triggered

03-01-2024T15:59:47 - [MESSAGE][INFO] - Found 1 web elements with id: 'Object Repository/Page_ConnexionPositionnementSiteDeTraitement_Agent/CheckBox_RoleEncadreurSite7701' located by 'By.xpath: /html/body/div[1]/div[2]/div[2]/div[1]/div/div[1]/p-radiobutton/div/div[2]/span' in '20' second(s)

03-01-2024T15:59:47 - [MESSAGE][INFO] - Checking object

03-01-2024T15:59:47 - [MESSAGE][INFO] - Checking timeout

03-01-2024T15:59:47 - [MESSAGE][INFO] - Finding web element from Test Object's properties

03-01-2024T15:59:47 - [MESSAGE][INFO] - Checking timeout

03-01-2024T15:59:47 - [MESSAGE][INFO] - Finding web element with id: 'Object Repository/Page_ConnexionPositionnementSiteDeTraitement_Agent/CheckBox_RoleEncadreurSite7701' located by 'By.xpath: /html/body/div[1]/div[2]/div[2]/div[1]/div/div[1]/p-radiobutton/div/div[2]/span' in '5' second(s)

03-01-2024T15:59:47 - [MESSAGE][INFO] - Smart Wait Function is triggered

03-01-2024T15:59:47 - [MESSAGE][INFO] - Found 1 web elements with id: 'Object Repository/Page_ConnexionPositionnementSiteDeTraitement_Agent/CheckBox_RoleEncadreurSite7701' located by 'By.xpath: /html/body/div[1]/div[2]/div[2]/div[1]/div/div[1]/p-radiobutton/div/div[2]/span' in '5' second(s)

03-01-2024T15:59:47 - [MESSAGE][INFO] - Clicking on object: 'Object Repository/Page_ConnexionPositionnementSiteDeTraitement_Agent/CheckBox_RoleEncadreurSite7701'

03-01-2024T15:59:49 - [MESSAGE][PASSED] - Object: 'Object Repository/Page_ConnexionPositionnementSiteDeTraitement_Agent/CheckBox_RoleEncadreurSite7701' is clicked on

03-01-2024T15:59:49 - [TEST_STEP][PASSED] - delay(3): Delayed 3 second(s)

03-01-2024T15:59:49 - [MESSAGE][INFO] - Delaying browser in 3 second(s)

03-01-2024T15:59:52 - [MESSAGE][PASSED] - Delayed 3 second(s)

03-01-2024T15:59:52 - [TEST_STEP][PASSED] - Disabled = getAttribute(ValiderHabilitations, "disabled"): Attribute 'disabled' of object 'Object Repository/Page_ConnexionPositionnementSiteDeTraitement_Agent/btn_Habilitations_Valider' is: 'true'

03-01-2024T15:59:52 - [MESSAGE][INFO] - Checking object

03-01-2024T15:59:52 - [MESSAGE][INFO] - Checking attribute

03-01-2024T15:59:52 - [MESSAGE][INFO] - Finding web element from Test Object's properties

03-01-2024T15:59:52 - [MESSAGE][INFO] - Checking timeout

03-01-2024T15:59:52 - [MESSAGE][INFO] - Finding web element with id: 'Object Repository/Page_ConnexionPositionnementSiteDeTraitement_Agent/btn_Habilitations_Valider' located by 'By.xpath: /html/body/div[1]/div[3]/p-footer/button[2]' in '5' second(s)

03-01-2024T15:59:52 - [MESSAGE][INFO] - Smart Wait Function is triggered

03-01-2024T15:59:52 - [MESSAGE][INFO] - Found 1 web elements with id: 'Object Repository/Page_ConnexionPositionnementSiteDeTraitement_Agent/btn_Habilitations_Valider' located by 'By.xpath: /html/body/div[1]/div[3]/p-footer/button[2]' in '5' second(s)

03-01-2024T15:59:52 - [MESSAGE][INFO] - Getting attribute 'disabled' of object 'Object Repository/Page_ConnexionPositionnementSiteDeTraitement_Agent/btn_Habilitations_Valider'

03-01-2024T15:59:52 - [MESSAGE][PASSED] - Attribute 'disabled' of object 'Object Repository/Page_ConnexionPositionnementSiteDeTraitement_Agent/btn_Habilitations_Valider' is: 'true'

03-01-2024T15:59:52 - [TEST_STEP][PASSED] - delay(3): Delayed 3 second(s)

03-01-2024T15:59:52 - [MESSAGE][INFO] - Delaying browser in 3 second(s)

03-01-2024T15:59:55 - [MESSAGE][PASSED] - Delayed 3 second(s)

03-01-2024T15:59:55 - [TEST_STEP][PASSED] - if (Disabled == false): null

03-01-2024T15:59:55 - [TEST_STEP][PASSED] - else: Delayed 3 second(s)

03-01-2024T15:59:55 - [TEST_STEP][PASSED] - AnnulerHabilitations = findTestObject("Object Repository/Page_ConnexionPositionnementSiteDeTraitement_Agent/btn_Habilitations_Annuler"): Finding Test Object 'Object Repository/Page_ConnexionPositionnementSiteDeTraitement_Agent/btn_Habilitations_Annuler'

03-01-2024T15:59:55 - [MESSAGE][INFO] - Finding Test Object 'Object Repository/Page_ConnexionPositionnementSiteDeTraitement_Agent/btn_Habilitations_Annuler'

03-01-2024T15:59:55 - [TEST_STEP][PASSED] - verifyElementPresent(AnnulerHabilitations, 1): Object 'Object Repository/Page_ConnexionPositionnementSiteDeTraitement_Agent/btn_Habilitations_Annuler' is present

03-01-2024T15:59:55 - [MESSAGE][INFO] - Checking object

03-01-2024T15:59:55 - [MESSAGE][INFO] - Finding web element from Test Object's properties

03-01-2024T15:59:55 - [MESSAGE][INFO] - Checking timeout

03-01-2024T15:59:55 - [MESSAGE][INFO] - Finding web element with id: 'Object Repository/Page_ConnexionPositionnementSiteDeTraitement_Agent/btn_Habilitations_Annuler' located by 'By.xpath: /html/body/div[1]/div[3]/p-footer/button[1]/span' in '1' second(s)

03-01-2024T15:59:55 - [MESSAGE][INFO] - Smart Wait Function is triggered

03-01-2024T15:59:55 - [MESSAGE][INFO] - Found 1 web elements with id: 'Object Repository/Page_ConnexionPositionnementSiteDeTraitement_Agent/btn_Habilitations_Annuler' located by 'By.xpath: /html/body/div[1]/div[3]/p-footer/button[1]/span' in '1' second(s)

03-01-2024T15:59:55 - [MESSAGE][PASSED] - Object 'Object Repository/Page_ConnexionPositionnementSiteDeTraitement_Agent/btn_Habilitations_Annuler' is present

03-01-2024T15:59:55 - [TEST_STEP][PASSED] - click(AnnulerHabilitations): Object: 'Object Repository/Page_ConnexionPositionnementSiteDeTraitement_Agent/btn_Habilitations_Annuler' is clicked on

03-01-2024T15:59:55 - [MESSAGE][INFO] - Checking timeout

03-01-2024T15:59:55 - [MESSAGE][INFO] - Finding web element with id: 'Object Repository/Page_ConnexionPositionnementSiteDeTraitement_Agent/btn_Habilitations_Annuler' located by 'By.xpath: /html/body/div[1]/div[3]/p-footer/button[1]/span' in '20' second(s)

03-01-2024T15:59:55 - [MESSAGE][INFO] - Smart Wait Function is triggered

03-01-2024T15:59:55 - [MESSAGE][INFO] - Found 1 web elements with id: 'Object Repository/Page_ConnexionPositionnementSiteDeTraitement_Agent/btn_Habilitations_Annuler' located by 'By.xpath: /html/body/div[1]/div[3]/p-footer/button[1]/span' in '20' second(s)

03-01-2024T15:59:55 - [MESSAGE][INFO] - Checking object

03-01-2024T15:59:55 - [MESSAGE][INFO] - Checking timeout

03-01-2024T15:59:55 - [MESSAGE][INFO] - Finding web element from Test Object's properties

03-01-2024T15:59:55 - [MESSAGE][INFO] - Checking timeout

03-01-2024T15:59:55 - [MESSAGE][INFO] - Finding web element with id: 'Object Repository/Page_ConnexionPositionnementSiteDeTraitement_Agent/btn_Habilitations_Annuler' located by 'By.xpath: /html/body/div[1]/div[3]/p-footer/button[1]/span' in '5' second(s)

03-01-2024T15:59:55 - [MESSAGE][INFO] - Smart Wait Function is triggered

03-01-2024T15:59:55 - [MESSAGE][INFO] - Found 1 web elements with id: 'Object Repository/Page_ConnexionPositionnementSiteDeTraitement_Agent/btn_Habilitations_Annuler' located by 'By.xpath: /html/body/div[1]/div[3]/p-footer/button[1]/span' in '5' second(s)

03-01-2024T15:59:55 - [MESSAGE][INFO] - Clicking on object: 'Object Repository/Page_ConnexionPositionnementSiteDeTraitement_Agent/btn_Habilitations_Annuler'

03-01-2024T15:59:57 - [MESSAGE][PASSED] - Object: 'Object Repository/Page_ConnexionPositionnementSiteDeTraitement_Agent/btn_Habilitations_Annuler' is clicked on

03-01-2024T15:59:57 - [TEST_STEP][PASSED] - click(findTestObject("Object Repository/Page_Accueil_Agent/span_DemandeDeTitreDeSejour")): Object: 'Object Repository/Page_Accueil_Agent/span_DemandeDeTitreDeSejour' is clicked on

03-01-2024T15:59:57 - [MESSAGE][INFO] - Finding Test Object 'Object Repository/Page_Accueil_Agent/span_DemandeDeTitreDeSejour'

03-01-2024T15:59:57 - [MESSAGE][INFO] - Checking timeout

03-01-2024T15:59:57 - [MESSAGE][INFO] - Finding web element with id: 'Object Repository/Page_Accueil_Agent/span_DemandeDeTitreDeSejour' located by 'By.xpath: //span[text()=' Demandes de titre de séjour ']' in '20' second(s)

03-01-2024T15:59:57 - [MESSAGE][INFO] - Smart Wait Function is triggered

03-01-2024T15:59:57 - [MESSAGE][INFO] - Found 1 web elements with id: 'Object Repository/Page_Accueil_Agent/span_DemandeDeTitreDeSejour' located by 'By.xpath: //span[text()=' Demandes de titre de séjour ']' in '20' second(s)

03-01-2024T15:59:57 - [MESSAGE][INFO] - Checking object

03-01-2024T15:59:57 - [MESSAGE][INFO] - Checking timeout

03-01-2024T15:59:57 - [MESSAGE][INFO] - Finding web element from Test Object's properties

03-01-2024T15:59:57 - [MESSAGE][INFO] - Checking timeout

03-01-2024T15:59:57 - [MESSAGE][INFO] - Finding web element with id: 'Object Repository/Page_Accueil_Agent/span_DemandeDeTitreDeSejour' located by 'By.xpath: //span[text()=' Demandes de titre de séjour ']' in '5' second(s)

03-01-2024T15:59:57 - [MESSAGE][INFO] - Smart Wait Function is triggered

03-01-2024T15:59:57 - [MESSAGE][INFO] - Found 1 web elements with id: 'Object Repository/Page_Accueil_Agent/span_DemandeDeTitreDeSejour' located by 'By.xpath: //span[text()=' Demandes de titre de séjour ']' in '5' second(s)

03-01-2024T15:59:57 - [MESSAGE][INFO] - Clicking on object: 'Object Repository/Page_Accueil_Agent/span_DemandeDeTitreDeSejour'

03-01-2024T15:59:59 - [MESSAGE][PASSED] - Object: 'Object Repository/Page_Accueil_Agent/span_DemandeDeTitreDeSejour' is clicked on

03-01-2024T15:59:59 - [TEST_STEP][PASSED] - delay(3): Delayed 3 second(s)

03-01-2024T15:59:59 - [MESSAGE][INFO] - Delaying browser in 3 second(s)

03-01-2024T16:00:03 - [MESSAGE][PASSED] - Delayed 3 second(s)

03-01-2024T16:00:03 - [TEST_STEP][PASSED] - if (TypeTitreDeSejour == "TS-PT-SalariéQualifié"): null

03-01-2024T16:00:03 - [TEST_STEP][PASSED] - delay(5): Delayed 5 second(s)

03-01-2024T16:00:03 - [MESSAGE][INFO] - Delaying browser in 5 second(s)

03-01-2024T16:00:08 - [MESSAGE][PASSED] - Delayed 5 second(s)

03-01-2024T16:00:08 - [MESSAGE][PASSED] - Call Test Case 'Test Cases/Test Reutilisable/AgentTraitementDemande/ConnexionPositionnementSiteDeTraitementAgent' successfully

03-01-2024T16:00:08 - [TEST_STEP][PASSED] - click(findTestObject("Object Repository/Page_Accueil_Agent/span_Liste_MesDemandes")): Object: 'Object Repository/Page_Accueil_Agent/span_Liste_MesDemandes' is clicked on

03-01-2024T16:00:08 - [MESSAGE][INFO] - Finding Test Object 'Object Repository/Page_Accueil_Agent/span_Liste_MesDemandes'

03-01-2024T16:00:08 - [MESSAGE][INFO] - Checking timeout

03-01-2024T16:00:08 - [MESSAGE][INFO] - Finding web element with id: 'Object Repository/Page_Accueil_Agent/span_Liste_MesDemandes' located by 'By.xpath: //app-navigation-layout//app-demandes-sejour//div//p-accordiontab[3]/div[1]/a/p-header/div' in '20' second(s)

03-01-2024T16:00:08 - [MESSAGE][INFO] - Smart Wait Function is triggered

03-01-2024T16:00:08 - [MESSAGE][INFO] - Found 1 web elements with id: 'Object Repository/Page_Accueil_Agent/span_Liste_MesDemandes' located by 'By.xpath: //app-navigation-layout//app-demandes-sejour//div//p-accordiontab[3]/div[1]/a/p-header/div' in '20' second(s)

03-01-2024T16:00:08 - [MESSAGE][INFO] - Checking object

03-01-2024T16:00:08 - [MESSAGE][INFO] - Checking timeout

03-01-2024T16:00:08 - [MESSAGE][INFO] - Finding web element from Test Object's properties

03-01-2024T16:00:08 - [MESSAGE][INFO] - Checking timeout

03-01-2024T16:00:08 - [MESSAGE][INFO] - Finding web element with id: 'Object Repository/Page_Accueil_Agent/span_Liste_MesDemandes' located by 'By.xpath: //app-navigation-layout//app-demandes-sejour//div//p-accordiontab[3]/div[1]/a/p-header/div' in '5' second(s)

03-01-2024T16:00:08 - [MESSAGE][INFO] - Smart Wait Function is triggered

03-01-2024T16:00:08 - [MESSAGE][INFO] - Found 1 web elements with id: 'Object Repository/Page_Accueil_Agent/span_Liste_MesDemandes' located by 'By.xpath: //app-navigation-layout//app-demandes-sejour//div//p-accordiontab[3]/div[1]/a/p-header/div' in '5' second(s)

03-01-2024T16:00:08 - [MESSAGE][INFO] - Clicking on object: 'Object Repository/Page_Accueil_Agent/span_Liste_MesDemandes'

03-01-2024T16:00:10 - [MESSAGE][PASSED] - Object: 'Object Repository/Page_Accueil_Agent/span_Liste_MesDemandes' is clicked on

03-01-2024T16:00:10 - [TEST_STEP][PASSED] - click(findTestObject("Object Repository/Page_Accueil_Agent/a_link_TitreDeSejour")): Object: 'Object Repository/Page_Accueil_Agent/a_link_TitreDeSejour' is clicked on

03-01-2024T16:00:10 - [MESSAGE][INFO] - Finding Test Object 'Object Repository/Page_Accueil_Agent/a_link_TitreDeSejour'

03-01-2024T16:00:10 - [MESSAGE][INFO] - Checking timeout

03-01-2024T16:00:10 - [MESSAGE][INFO] - Finding web element with id: 'Object Repository/Page_Accueil_Agent/a_link_TitreDeSejour' located by 'By.xpath: //app-navigation-layout//app-demandes-sejour//div//p-accordiontab[3]/div[2]/div/a[1]' in '20' second(s)

03-01-2024T16:00:10 - [MESSAGE][INFO] - Smart Wait Function is triggered

03-01-2024T16:00:10 - [MESSAGE][INFO] - Found 1 web elements with id: 'Object Repository/Page_Accueil_Agent/a_link_TitreDeSejour' located by 'By.xpath: //app-navigation-layout//app-demandes-sejour//div//p-accordiontab[3]/div[2]/div/a[1]' in '20' second(s)

03-01-2024T16:00:10 - [MESSAGE][INFO] - Checking object

03-01-2024T16:00:10 - [MESSAGE][INFO] - Checking timeout

03-01-2024T16:00:10 - [MESSAGE][INFO] - Finding web element from Test Object's properties

03-01-2024T16:00:10 - [MESSAGE][INFO] - Checking timeout

03-01-2024T16:00:10 - [MESSAGE][INFO] - Finding web element with id: 'Object Repository/Page_Accueil_Agent/a_link_TitreDeSejour' located by 'By.xpath: //app-navigation-layout//app-demandes-sejour//div//p-accordiontab[3]/div[2]/div/a[1]' in '5' second(s)

03-01-2024T16:00:10 - [MESSAGE][INFO] - Smart Wait Function is triggered

03-01-2024T16:00:10 - [MESSAGE][INFO] - Found 1 web elements with id: 'Object Repository/Page_Accueil_Agent/a_link_TitreDeSejour' located by 'By.xpath: //app-navigation-layout//app-demandes-sejour//div//p-accordiontab[3]/div[2]/div/a[1]' in '5' second(s)

03-01-2024T16:00:10 - [MESSAGE][INFO] - Clicking on object: 'Object Repository/Page_Accueil_Agent/a_link_TitreDeSejour'

03-01-2024T16:00:12 - [MESSAGE][PASSED] - Object: 'Object Repository/Page_Accueil_Agent/a_link_TitreDeSejour' is clicked on

03-01-2024T16:00:12 - [TEST_STEP][PASSED] - setText(findTestObject("Object Repository/Page_Accueil_Agent/Input_RechercherUneDemande"), NumEtrangerVisa): Text '7703043876' is set on object 'Object Repository/Page_Accueil_Agent/Input_RechercherUneDemande'

03-01-2024T16:00:12 - [MESSAGE][INFO] - Finding Test Object 'Object Repository/Page_Accueil_Agent/Input_RechercherUneDemande'

03-01-2024T16:00:12 - [MESSAGE][INFO] - Checking timeout

03-01-2024T16:00:12 - [MESSAGE][INFO] - Finding web element with id: 'Object Repository/Page_Accueil_Agent/Input_RechercherUneDemande' located by 'By.xpath: //*[@placeholder="Rechercher une demande"]' in '20' second(s)

03-01-2024T16:00:12 - [MESSAGE][INFO] - Smart Wait Function is triggered

03-01-2024T16:00:12 - [MESSAGE][INFO] - Found 1 web elements with id: 'Object Repository/Page_Accueil_Agent/Input_RechercherUneDemande' located by 'By.xpath: //*[@placeholder="Rechercher une demande"]' in '20' second(s)

03-01-2024T16:00:12 - [MESSAGE][INFO] - Checking object

03-01-2024T16:00:12 - [MESSAGE][INFO] - Checking text

03-01-2024T16:00:12 - [MESSAGE][INFO] - Finding web element from Test Object's properties

03-01-2024T16:00:12 - [MESSAGE][INFO] - Checking timeout

03-01-2024T16:00:12 - [MESSAGE][INFO] - Finding web element with id: 'Object Repository/Page_Accueil_Agent/Input_RechercherUneDemande' located by 'By.xpath: //*[@placeholder="Rechercher une demande"]' in '5' second(s)

03-01-2024T16:00:12 - [MESSAGE][INFO] - Smart Wait Function is triggered

03-01-2024T16:00:12 - [MESSAGE][INFO] - Found 1 web elements with id: 'Object Repository/Page_Accueil_Agent/Input_RechercherUneDemande' located by 'By.xpath: //*[@placeholder="Rechercher une demande"]' in '5' second(s)

03-01-2024T16:00:12 - [MESSAGE][INFO] - Clearing text of object 'Object Repository/Page_Accueil_Agent/Input_RechercherUneDemande'

03-01-2024T16:00:14 - [MESSAGE][INFO] - Finding web element from Test Object's properties

03-01-2024T16:00:14 - [MESSAGE][INFO] - Checking timeout

03-01-2024T16:00:14 - [MESSAGE][INFO] - Finding web element with id: 'Object Repository/Page_Accueil_Agent/Input_RechercherUneDemande' located by 'By.xpath: //*[@placeholder="Rechercher une demande"]' in '5' second(s)

03-01-2024T16:00:14 - [MESSAGE][INFO] - Smart Wait Function is triggered

03-01-2024T16:00:14 - [MESSAGE][INFO] - Found 1 web elements with id: 'Object Repository/Page_Accueil_Agent/Input_RechercherUneDemande' located by 'By.xpath: //*[@placeholder="Rechercher une demande"]' in '5' second(s)

03-01-2024T16:00:14 - [MESSAGE][INFO] - Setting text of object 'Object Repository/Page_Accueil_Agent/Input_RechercherUneDemande' to value '7703043876'

03-01-2024T16:00:16 - [MESSAGE][PASSED] - Text '7703043876' is set on object 'Object Repository/Page_Accueil_Agent/Input_RechercherUneDemande'

03-01-2024T16:00:16 - [TEST_STEP][PASSED] - delay(3): Delayed 3 second(s)

03-01-2024T16:00:16 - [MESSAGE][INFO] - Delaying browser in 3 second(s)

03-01-2024T16:00:19 - [MESSAGE][PASSED] - Delayed 3 second(s)

03-01-2024T16:00:19 - [TEST_STEP][PASSED] - ActuelleAffectation = findTestObject("Object Repository/Page_Accueil_Agent/Lib_ActuelleAffectation"): Finding Test Object 'Object Repository/Page_Accueil_Agent/Lib_ActuelleAffectation'

03-01-2024T16:00:19 - [MESSAGE][INFO] - Finding Test Object 'Object Repository/Page_Accueil_Agent/Lib_ActuelleAffectation'

03-01-2024T16:00:19 - [TEST_STEP][PASSED] - TitreActuelleAffectation = getText(ActuelleAffectation, OPTIONAL): Text of object 'Object Repository/Page_Accueil_Agent/Lib_ActuelleAffectation' is: ''

03-01-2024T16:00:19 - [MESSAGE][INFO] - Checking object

03-01-2024T16:00:19 - [MESSAGE][INFO] - Finding web element from Test Object's properties

03-01-2024T16:00:19 - [MESSAGE][INFO] - Checking timeout

03-01-2024T16:00:19 - [MESSAGE][INFO] - Finding web element with id: 'Object Repository/Page_Accueil_Agent/Lib_ActuelleAffectation' located by 'By.xpath: //*[@id="content"]/app-demandes-sejour/div/div[2]/app-demande-table/div[2]/p-table/div/div/table/tbody/tr/td[11]' in '5' second(s)

03-01-2024T16:00:19 - [MESSAGE][INFO] - Smart Wait Function is triggered

03-01-2024T16:00:19 - [MESSAGE][INFO] - Found 1 web elements with id: 'Object Repository/Page_Accueil_Agent/Lib_ActuelleAffectation' located by 'By.xpath: //*[@id="content"]/app-demandes-sejour/div/div[2]/app-demande-table/div[2]/p-table/div/div/table/tbody/tr/td[11]' in '5' second(s)

03-01-2024T16:00:19 - [MESSAGE][INFO] - Getting text of object 'Object Repository/Page_Accueil_Agent/Lib_ActuelleAffectation'

03-01-2024T16:00:19 - [MESSAGE][PASSED] - Text of object 'Object Repository/Page_Accueil_Agent/Lib_ActuelleAffectation' is: ''

03-01-2024T16:00:19 - [TEST_STEP][PASSED] - ExistActuelleAffectation = TitreActuelleAffectation.contains("AGENT SEJOUR"): null

03-01-2024T16:00:19 - [TEST_STEP][PASSED] - println("ExistActuelleAffectation=" + ExistActuelleAffectation): null

03-01-2024T16:00:19 - [TEST_STEP][PASSED] - if (ExistActuelleAffectation == false): Text '7703043876' is set on object 'Object Repository/Page_Accueil_Agent/Input_RechercherUneDemande'

03-01-2024T16:00:19 - [TEST_STEP][PASSED] - click(findTestObject("Object Repository/Page_Accueil_Agent/div_Tab_tr1NumDemande")): Object: 'Object Repository/Page_Accueil_Agent/div_Tab_tr1NumDemande' is clicked on

03-01-2024T16:00:19 - [MESSAGE][INFO] - Finding Test Object 'Object Repository/Page_Accueil_Agent/div_Tab_tr1NumDemande'

03-01-2024T16:00:19 - [MESSAGE][INFO] - Checking timeout

03-01-2024T16:00:19 - [MESSAGE][INFO] - Finding web element with id: 'Object Repository/Page_Accueil_Agent/div_Tab_tr1NumDemande' located by 'By.xpath: //*[@id="content"]/app-demandes-sejour/div/div[2]/app-demande-table/div[2]/p-table/div/div/table/tbody/tr/*/button' in '20' second(s)

03-01-2024T16:00:19 - [MESSAGE][INFO] - Smart Wait Function is triggered

03-01-2024T16:00:19 - [MESSAGE][INFO] - Found 1 web elements with id: 'Object Repository/Page_Accueil_Agent/div_Tab_tr1NumDemande' located by 'By.xpath: //*[@id="content"]/app-demandes-sejour/div/div[2]/app-demande-table/div[2]/p-table/div/div/table/tbody/tr/*/button' in '20' second(s)

03-01-2024T16:00:19 - [MESSAGE][INFO] - Checking object

03-01-2024T16:00:19 - [MESSAGE][INFO] - Checking timeout

03-01-2024T16:00:19 - [MESSAGE][INFO] - Finding web element from Test Object's properties

03-01-2024T16:00:19 - [MESSAGE][INFO] - Checking timeout

03-01-2024T16:00:19 - [MESSAGE][INFO] - Finding web element with id: 'Object Repository/Page_Accueil_Agent/div_Tab_tr1NumDemande' located by 'By.xpath: //*[@id="content"]/app-demandes-sejour/div/div[2]/app-demande-table/div[2]/p-table/div/div/table/tbody/tr/*/button' in '5' second(s)

03-01-2024T16:00:19 - [MESSAGE][INFO] - Smart Wait Function is triggered

03-01-2024T16:00:19 - [MESSAGE][INFO] - Found 1 web elements with id: 'Object Repository/Page_Accueil_Agent/div_Tab_tr1NumDemande' located by 'By.xpath: //*[@id="content"]/app-demandes-sejour/div/div[2]/app-demande-table/div[2]/p-table/div/div/table/tbody/tr/*/button' in '5' second(s)

03-01-2024T16:00:19 - [MESSAGE][INFO] - Clicking on object: 'Object Repository/Page_Accueil_Agent/div_Tab_tr1NumDemande'

03-01-2024T16:00:22 - [MESSAGE][PASSED] - Object: 'Object Repository/Page_Accueil_Agent/div_Tab_tr1NumDemande' is clicked on

03-01-2024T16:00:22 - [TEST_STEP][PASSED] - click(findTestObject("Object Repository/Page_Accueil_Agent/span_AffecterLaDemande")): Object: 'Object Repository/Page_Accueil_Agent/span_AffecterLaDemande' is clicked on

03-01-2024T16:00:22 - [MESSAGE][INFO] - Finding Test Object 'Object Repository/Page_Accueil_Agent/span_AffecterLaDemande'

03-01-2024T16:00:22 - [MESSAGE][INFO] - Checking timeout

03-01-2024T16:00:22 - [MESSAGE][INFO] - Finding web element with id: 'Object Repository/Page_Accueil_Agent/span_AffecterLaDemande' located by 'By.xpath: //*[@id="content"]/app-demandes-sejour/div/div[2]/app-demande-table/div[3]/p-menu/div/ul/li[2]/a/span' in '20' second(s)

03-01-2024T16:00:22 - [MESSAGE][INFO] - Smart Wait Function is triggered

03-01-2024T16:00:22 - [MESSAGE][INFO] - Found 1 web elements with id: 'Object Repository/Page_Accueil_Agent/span_AffecterLaDemande' located by 'By.xpath: //*[@id="content"]/app-demandes-sejour/div/div[2]/app-demande-table/div[3]/p-menu/div/ul/li[2]/a/span' in '20' second(s)

03-01-2024T16:00:22 - [MESSAGE][INFO] - Checking object

03-01-2024T16:00:22 - [MESSAGE][INFO] - Checking timeout

03-01-2024T16:00:22 - [MESSAGE][INFO] - Finding web element from Test Object's properties

03-01-2024T16:00:22 - [MESSAGE][INFO] - Checking timeout

03-01-2024T16:00:22 - [MESSAGE][INFO] - Finding web element with id: 'Object Repository/Page_Accueil_Agent/span_AffecterLaDemande' located by 'By.xpath: //*[@id="content"]/app-demandes-sejour/div/div[2]/app-demande-table/div[3]/p-menu/div/ul/li[2]/a/span' in '5' second(s)

03-01-2024T16:00:22 - [MESSAGE][INFO] - Smart Wait Function is triggered

03-01-2024T16:00:22 - [MESSAGE][INFO] - Found 1 web elements with id: 'Object Repository/Page_Accueil_Agent/span_AffecterLaDemande' located by 'By.xpath: //*[@id="content"]/app-demandes-sejour/div/div[2]/app-demande-table/div[3]/p-menu/div/ul/li[2]/a/span' in '5' second(s)

03-01-2024T16:00:22 - [MESSAGE][INFO] - Clicking on object: 'Object Repository/Page_Accueil_Agent/span_AffecterLaDemande'

03-01-2024T16:00:24 - [MESSAGE][PASSED] - Object: 'Object Repository/Page_Accueil_Agent/span_AffecterLaDemande' is clicked on

03-01-2024T16:00:24 - [TEST_STEP][PASSED] - delay(3): Delayed 3 second(s)

03-01-2024T16:00:24 - [MESSAGE][INFO] - Delaying browser in 3 second(s)

03-01-2024T16:00:27 - [MESSAGE][PASSED] - Delayed 3 second(s)

03-01-2024T16:00:27 - [TEST_STEP][PASSED] - PopUpReaffecter = findTestObject("Object Repository/Page_Verif_AccordeonInformationsGeneralesDemande_Agent/PopUp_ReaffecterLaDemande"): Finding Test Object 'Object Repository/Page_Verif_AccordeonInformationsGeneralesDemande_Agent/PopUp_ReaffecterLaDemande'

03-01-2024T16:00:27 - [MESSAGE][INFO] - Finding Test Object 'Object Repository/Page_Verif_AccordeonInformationsGeneralesDemande_Agent/PopUp_ReaffecterLaDemande'

03-01-2024T16:00:27 - [TEST_STEP][PASSED] - verifyElementPresent(PopUpReaffecter, 1): Object 'Object Repository/Page_Verif_AccordeonInformationsGeneralesDemande_Agent/PopUp_ReaffecterLaDemande' is present

03-01-2024T16:00:27 - [MESSAGE][INFO] - Checking object

03-01-2024T16:00:27 - [MESSAGE][INFO] - Finding web element from Test Object's properties

03-01-2024T16:00:27 - [MESSAGE][INFO] - Checking timeout

03-01-2024T16:00:27 - [MESSAGE][INFO] - Finding web element with id: 'Object Repository/Page_Verif_AccordeonInformationsGeneralesDemande_Agent/PopUp_ReaffecterLaDemande' located by 'By.xpath: //app-navigation-layout//app-demandes-sejour//app-demande-table/app-reaffectation-demande/lib-generic-modal/p-dialog/div/div[1]/span/p-header/h2|//app-navigation-layout//app-demande-instruction//app-statut-demande/app-reaffectation-demande/lib-generic-modal/p-dialog/div/div[1]/span/p-header/h2' in '1' second(s)

03-01-2024T16:00:27 - [MESSAGE][INFO] - Smart Wait Function is triggered

03-01-2024T16:00:27 - [MESSAGE][INFO] - Found 1 web elements with id: 'Object Repository/Page_Verif_AccordeonInformationsGeneralesDemande_Agent/PopUp_ReaffecterLaDemande' located by 'By.xpath: //app-navigation-layout//app-demandes-sejour//app-demande-table/app-reaffectation-demande/lib-generic-modal/p-dialog/div/div[1]/span/p-header/h2|//app-navigation-layout//app-demande-instruction//app-statut-demande/app-reaffectation-demande/lib-generic-modal/p-dialog/div/div[1]/span/p-header/h2' in '1' second(s)

03-01-2024T16:00:27 - [MESSAGE][PASSED] - Object 'Object Repository/Page_Verif_AccordeonInformationsGeneralesDemande_Agent/PopUp_ReaffecterLaDemande' is present

03-01-2024T16:00:27 - [TEST_STEP][PASSED] - TitrePopUpReaffecter = getText(PopUpReaffecter): Text of object 'Object Repository/Page_Verif_AccordeonInformationsGeneralesDemande_Agent/PopUp_ReaffecterLaDemande' is: 'RÉAFFECTER LA DEMANDE'

03-01-2024T16:00:27 - [MESSAGE][INFO] - Checking object

03-01-2024T16:00:27 - [MESSAGE][INFO] - Finding web element from Test Object's properties

03-01-2024T16:00:27 - [MESSAGE][INFO] - Checking timeout

03-01-2024T16:00:27 - [MESSAGE][INFO] - Finding web element with id: 'Object Repository/Page_Verif_AccordeonInformationsGeneralesDemande_Agent/PopUp_ReaffecterLaDemande' located by 'By.xpath: //app-navigation-layout//app-demandes-sejour//app-demande-table/app-reaffectation-demande/lib-generic-modal/p-dialog/div/div[1]/span/p-header/h2|//app-navigation-layout//app-demande-instruction//app-statut-demande/app-reaffectation-demande/lib-generic-modal/p-dialog/div/div[1]/span/p-header/h2' in '5' second(s)

03-01-2024T16:00:27 - [MESSAGE][INFO] - Smart Wait Function is triggered

03-01-2024T16:00:27 - [MESSAGE][INFO] - Found 1 web elements with id: 'Object Repository/Page_Verif_AccordeonInformationsGeneralesDemande_Agent/PopUp_ReaffecterLaDemande' located by 'By.xpath: //app-navigation-layout//app-demandes-sejour//app-demande-table/app-reaffectation-demande/lib-generic-modal/p-dialog/div/div[1]/span/p-header/h2|//app-navigation-layout//app-demande-instruction//app-statut-demande/app-reaffectation-demande/lib-generic-modal/p-dialog/div/div[1]/span/p-header/h2' in '5' second(s)

03-01-2024T16:00:27 - [MESSAGE][INFO] - Getting text of object 'Object Repository/Page_Verif_AccordeonInformationsGeneralesDemande_Agent/PopUp_ReaffecterLaDemande'

03-01-2024T16:00:27 - [MESSAGE][PASSED] - Text of object 'Object Repository/Page_Verif_AccordeonInformationsGeneralesDemande_Agent/PopUp_ReaffecterLaDemande' is: 'RÉAFFECTER LA DEMANDE'

03-01-2024T16:00:27 - [TEST_STEP][PASSED] - if (!(TitrePopUpReaffecter.contains("RÉAFFECTER LA DEMANDE"))): null

03-01-2024T16:00:27 - [TEST_STEP][PASSED] - else: Le Titre de PopUp est bien Affiché : RÉAFFECTER LA DEMANDE.

03-01-2024T16:00:27 - [TEST_STEP][PASSED] - markPassed("Le Titre de PopUp est bien Affiché : RÉAFFECTER LA DEMANDE."): Le Titre de PopUp est bien Affiché : RÉAFFECTER LA DEMANDE.

03-01-2024T16:00:27 - [MESSAGE][PASSED] - Le Titre de PopUp est bien Affiché : RÉAFFECTER LA DEMANDE.

03-01-2024T16:00:27 - [TEST_STEP][PASSED] - ReaffecterA = findTestObject("Object Repository/Page_Verif_AccordeonInformationsGeneralesDemande_Agent/List_ReaffecterA"): Finding Test Object 'Object Repository/Page_Verif_AccordeonInformationsGeneralesDemande_Agent/List_ReaffecterA'

03-01-2024T16:00:27 - [MESSAGE][INFO] - Finding Test Object 'Object Repository/Page_Verif_AccordeonInformationsGeneralesDemande_Agent/List_ReaffecterA'

03-01-2024T16:00:27 - [TEST_STEP][PASSED] - verifyElementPresent(ReaffecterA, 1): Object 'Object Repository/Page_Verif_AccordeonInformationsGeneralesDemande_Agent/List_ReaffecterA' is present

03-01-2024T16:00:27 - [MESSAGE][INFO] - Checking object

03-01-2024T16:00:27 - [MESSAGE][INFO] - Finding web element from Test Object's properties

03-01-2024T16:00:27 - [MESSAGE][INFO] - Checking timeout

03-01-2024T16:00:27 - [MESSAGE][INFO] - Finding web element with id: 'Object Repository/Page_Verif_AccordeonInformationsGeneralesDemande_Agent/List_ReaffecterA' located by 'By.xpath: //app-demande-instruction//app-statut-demande/app-reaffectation-demande/lib-generic-modal/p-dialog/div/div[2]/div/anef-input-select/div/div/p-dropdown/div/div[3]/label|//app-demandes-sejour//app-demande-table/app-reaffectation-demande/lib-generic-modal/p-dialog/div/div[2]/div/anef-input-select/div/div/p-dropdown/div/div[3]/label' in '1' second(s)

03-01-2024T16:00:27 - [MESSAGE][INFO] - Smart Wait Function is triggered

03-01-2024T16:00:27 - [MESSAGE][INFO] - Found 1 web elements with id: 'Object Repository/Page_Verif_AccordeonInformationsGeneralesDemande_Agent/List_ReaffecterA' located by 'By.xpath: //app-demande-instruction//app-statut-demande/app-reaffectation-demande/lib-generic-modal/p-dialog/div/div[2]/div/anef-input-select/div/div/p-dropdown/div/div[3]/label|//app-demandes-sejour//app-demande-table/app-reaffectation-demande/lib-generic-modal/p-dialog/div/div[2]/div/anef-input-select/div/div/p-dropdown/div/div[3]/label' in '1' second(s)

03-01-2024T16:00:27 - [MESSAGE][PASSED] - Object 'Object Repository/Page_Verif_AccordeonInformationsGeneralesDemande_Agent/List_ReaffecterA' is present

03-01-2024T16:00:27 - [TEST_STEP][PASSED] - click(ReaffecterA): Object: 'Object Repository/Page_Verif_AccordeonInformationsGeneralesDemande_Agent/List_ReaffecterA' is clicked on

03-01-2024T16:00:27 - [MESSAGE][INFO] - Checking timeout

03-01-2024T16:00:27 - [MESSAGE][INFO] - Finding web element with id: 'Object Repository/Page_Verif_AccordeonInformationsGeneralesDemande_Agent/List_ReaffecterA' located by 'By.xpath: //app-demande-instruction//app-statut-demande/app-reaffectation-demande/lib-generic-modal/p-dialog/div/div[2]/div/anef-input-select/div/div/p-dropdown/div/div[3]/label|//app-demandes-sejour//app-demande-table/app-reaffectation-demande/lib-generic-modal/p-dialog/div/div[2]/div/anef-input-select/div/div/p-dropdown/div/div[3]/label' in '20' second(s)

03-01-2024T16:00:27 - [MESSAGE][INFO] - Smart Wait Function is triggered

03-01-2024T16:00:27 - [MESSAGE][INFO] - Found 1 web elements with id: 'Object Repository/Page_Verif_AccordeonInformationsGeneralesDemande_Agent/List_ReaffecterA' located by 'By.xpath: //app-demande-instruction//app-statut-demande/app-reaffectation-demande/lib-generic-modal/p-dialog/div/div[2]/div/anef-input-select/div/div/p-dropdown/div/div[3]/label|//app-demandes-sejour//app-demande-table/app-reaffectation-demande/lib-generic-modal/p-dialog/div/div[2]/div/anef-input-select/div/div/p-dropdown/div/div[3]/label' in '20' second(s)

03-01-2024T16:00:27 - [MESSAGE][INFO] - Checking object

03-01-2024T16:00:27 - [MESSAGE][INFO] - Checking timeout

03-01-2024T16:00:27 - [MESSAGE][INFO] - Finding web element from Test Object's properties

03-01-2024T16:00:27 - [MESSAGE][INFO] - Checking timeout

03-01-2024T16:00:27 - [MESSAGE][INFO] - Finding web element with id: 'Object Repository/Page_Verif_AccordeonInformationsGeneralesDemande_Agent/List_ReaffecterA' located by 'By.xpath: //app-demande-instruction//app-statut-demande/app-reaffectation-demande/lib-generic-modal/p-dialog/div/div[2]/div/anef-input-select/div/div/p-dropdown/div/div[3]/label|//app-demandes-sejour//app-demande-table/app-reaffectation-demande/lib-generic-modal/p-dialog/div/div[2]/div/anef-input-select/div/div/p-dropdown/div/div[3]/label' in '5' second(s)

03-01-2024T16:00:27 - [MESSAGE][INFO] - Smart Wait Function is triggered

03-01-2024T16:00:27 - [MESSAGE][INFO] - Found 1 web elements with id: 'Object Repository/Page_Verif_AccordeonInformationsGeneralesDemande_Agent/List_ReaffecterA' located by 'By.xpath: //app-demande-instruction//app-statut-demande/app-reaffectation-demande/lib-generic-modal/p-dialog/div/div[2]/div/anef-input-select/div/div/p-dropdown/div/div[3]/label|//app-demandes-sejour//app-demande-table/app-reaffectation-demande/lib-generic-modal/p-dialog/div/div[2]/div/anef-input-select/div/div/p-dropdown/div/div[3]/label' in '5' second(s)

03-01-2024T16:00:27 - [MESSAGE][INFO] - Clicking on object: 'Object Repository/Page_Verif_AccordeonInformationsGeneralesDemande_Agent/List_ReaffecterA'

03-01-2024T16:00:29 - [MESSAGE][PASSED] - Object: 'Object Repository/Page_Verif_AccordeonInformationsGeneralesDemande_Agent/List_ReaffecterA' is clicked on

03-01-2024T16:00:29 - [TEST_STEP][PASSED] - click(findTestObject("Object Repository/Page_Verif_AccordeonInformationsGeneralesDemande_Agent/select_ElementList_ReaffecterA")): Object: 'Object Repository/Page_Verif_AccordeonInformationsGeneralesDemande_Agent/select_ElementList_ReaffecterA' is clicked on

03-01-2024T16:00:29 - [MESSAGE][INFO] - Finding Test Object 'Object Repository/Page_Verif_AccordeonInformationsGeneralesDemande_Agent/select_ElementList_ReaffecterA'

03-01-2024T16:00:29 - [MESSAGE][INFO] - Checking timeout

03-01-2024T16:00:29 - [MESSAGE][INFO] - Finding web element with id: 'Object Repository/Page_Verif_AccordeonInformationsGeneralesDemande_Agent/select_ElementList_ReaffecterA' located by 'By.xpath: //app-demandes-sejour//app-demande-table/app-reaffectation-demande/lib-generic-modal/p-dialog/div/div[2]/div/anef-input-select/div/div/p-dropdown/div/div[5]/div/ul//li/span[contains(.,'Agent Sejour Automatisation')]|//app-demande-instruction//app-statut-demande/app-reaffectation-demande/lib-generic-modal/p-dialog/div/div[2]/div/anef-input-select/div/div/p-dropdown/div/div[5]/div/ul//li/span[contains(.,'Agent Sejour Automatisation')]' in '20' second(s)

03-01-2024T16:00:29 - [MESSAGE][INFO] - Smart Wait Function is triggered

03-01-2024T16:00:29 - [MESSAGE][INFO] - Found 1 web elements with id: 'Object Repository/Page_Verif_AccordeonInformationsGeneralesDemande_Agent/select_ElementList_ReaffecterA' located by 'By.xpath: //app-demandes-sejour//app-demande-table/app-reaffectation-demande/lib-generic-modal/p-dialog/div/div[2]/div/anef-input-select/div/div/p-dropdown/div/div[5]/div/ul//li/span[contains(.,'Agent Sejour Automatisation')]|//app-demande-instruction//app-statut-demande/app-reaffectation-demande/lib-generic-modal/p-dialog/div/div[2]/div/anef-input-select/div/div/p-dropdown/div/div[5]/div/ul//li/span[contains(.,'Agent Sejour Automatisation')]' in '20' second(s)

03-01-2024T16:00:29 - [MESSAGE][INFO] - Checking object

03-01-2024T16:00:29 - [MESSAGE][INFO] - Checking timeout

03-01-2024T16:00:29 - [MESSAGE][INFO] - Finding web element from Test Object's properties

03-01-2024T16:00:29 - [MESSAGE][INFO] - Checking timeout

03-01-2024T16:00:29 - [MESSAGE][INFO] - Finding web element with id: 'Object Repository/Page_Verif_AccordeonInformationsGeneralesDemande_Agent/select_ElementList_ReaffecterA' located by 'By.xpath: //app-demandes-sejour//app-demande-table/app-reaffectation-demande/lib-generic-modal/p-dialog/div/div[2]/div/anef-input-select/div/div/p-dropdown/div/div[5]/div/ul//li/span[contains(.,'Agent Sejour Automatisation')]|//app-demande-instruction//app-statut-demande/app-reaffectation-demande/lib-generic-modal/p-dialog/div/div[2]/div/anef-input-select/div/div/p-dropdown/div/div[5]/div/ul//li/span[contains(.,'Agent Sejour Automatisation')]' in '5' second(s)

03-01-2024T16:00:29 - [MESSAGE][INFO] - Smart Wait Function is triggered

03-01-2024T16:00:29 - [MESSAGE][INFO] - Found 1 web elements with id: 'Object Repository/Page_Verif_AccordeonInformationsGeneralesDemande_Agent/select_ElementList_ReaffecterA' located by 'By.xpath: //app-demandes-sejour//app-demande-table/app-reaffectation-demande/lib-generic-modal/p-dialog/div/div[2]/div/anef-input-select/div/div/p-dropdown/div/div[5]/div/ul//li/span[contains(.,'Agent Sejour Automatisation')]|//app-demande-instruction//app-statut-demande/app-reaffectation-demande/lib-generic-modal/p-dialog/div/div[2]/div/anef-input-select/div/div/p-dropdown/div/div[5]/div/ul//li/span[contains(.,'Agent Sejour Automatisation')]' in '5' second(s)

03-01-2024T16:00:29 - [MESSAGE][INFO] - Clicking on object: 'Object Repository/Page_Verif_AccordeonInformationsGeneralesDemande_Agent/select_ElementList_ReaffecterA'

03-01-2024T16:00:31 - [MESSAGE][PASSED] - Object: 'Object Repository/Page_Verif_AccordeonInformationsGeneralesDemande_Agent/select_ElementList_ReaffecterA' is clicked on

03-01-2024T16:00:31 - [TEST_STEP][PASSED] - PopUpReaffecterBtnConfirmer = findTestObject("Object Repository/Page_Verif_AccordeonInformationsGeneralesDemande_Agent/btn_PopUpReaffecterConfirmer"): Finding Test Object 'Object Repository/Page_Verif_AccordeonInformationsGeneralesDemande_Agent/btn_PopUpReaffecterConfirmer'

03-01-2024T16:00:31 - [MESSAGE][INFO] - Finding Test Object 'Object Repository/Page_Verif_AccordeonInformationsGeneralesDemande_Agent/btn_PopUpReaffecterConfirmer'

03-01-2024T16:00:31 - [TEST_STEP][PASSED] - verifyElementPresent(PopUpReaffecterBtnConfirmer, 1): Object 'Object Repository/Page_Verif_AccordeonInformationsGeneralesDemande_Agent/btn_PopUpReaffecterConfirmer' is present

03-01-2024T16:00:31 - [MESSAGE][INFO] - Checking object

03-01-2024T16:00:31 - [MESSAGE][INFO] - Finding web element from Test Object's properties

03-01-2024T16:00:31 - [MESSAGE][INFO] - Checking timeout

03-01-2024T16:00:31 - [MESSAGE][INFO] - Finding web element with id: 'Object Repository/Page_Verif_AccordeonInformationsGeneralesDemande_Agent/btn_PopUpReaffecterConfirmer' located by 'By.xpath: //app-demande-instruction//app-statut-demande/app-reaffectation-demande/lib-generic-modal/p-dialog/div/div[3]/p-footer/button[2]/span|//app-demandes-sejour//app-demande-table/app-reaffectation-demande/lib-generic-modal/p-dialog/div/div[3]/p-footer/button[2]/span' in '1' second(s)

03-01-2024T16:00:31 - [MESSAGE][INFO] - Smart Wait Function is triggered

03-01-2024T16:00:31 - [MESSAGE][INFO] - Found 1 web elements with id: 'Object Repository/Page_Verif_AccordeonInformationsGeneralesDemande_Agent/btn_PopUpReaffecterConfirmer' located by 'By.xpath: //app-demande-instruction//app-statut-demande/app-reaffectation-demande/lib-generic-modal/p-dialog/div/div[3]/p-footer/button[2]/span|//app-demandes-sejour//app-demande-table/app-reaffectation-demande/lib-generic-modal/p-dialog/div/div[3]/p-footer/button[2]/span' in '1' second(s)

03-01-2024T16:00:31 - [MESSAGE][PASSED] - Object 'Object Repository/Page_Verif_AccordeonInformationsGeneralesDemande_Agent/btn_PopUpReaffecterConfirmer' is present

03-01-2024T16:00:31 - [TEST_STEP][PASSED] - click(PopUpReaffecterBtnConfirmer): Object: 'Object Repository/Page_Verif_AccordeonInformationsGeneralesDemande_Agent/btn_PopUpReaffecterConfirmer' is clicked on

03-01-2024T16:00:31 - [MESSAGE][INFO] - Checking timeout

03-01-2024T16:00:31 - [MESSAGE][INFO] - Finding web element with id: 'Object Repository/Page_Verif_AccordeonInformationsGeneralesDemande_Agent/btn_PopUpReaffecterConfirmer' located by 'By.xpath: //app-demande-instruction//app-statut-demande/app-reaffectation-demande/lib-generic-modal/p-dialog/div/div[3]/p-footer/button[2]/span|//app-demandes-sejour//app-demande-table/app-reaffectation-demande/lib-generic-modal/p-dialog/div/div[3]/p-footer/button[2]/span' in '20' second(s)

03-01-2024T16:00:31 - [MESSAGE][INFO] - Smart Wait Function is triggered

03-01-2024T16:00:31 - [MESSAGE][INFO] - Found 1 web elements with id: 'Object Repository/Page_Verif_AccordeonInformationsGeneralesDemande_Agent/btn_PopUpReaffecterConfirmer' located by 'By.xpath: //app-demande-instruction//app-statut-demande/app-reaffectation-demande/lib-generic-modal/p-dialog/div/div[3]/p-footer/button[2]/span|//app-demandes-sejour//app-demande-table/app-reaffectation-demande/lib-generic-modal/p-dialog/div/div[3]/p-footer/button[2]/span' in '20' second(s)

03-01-2024T16:00:31 - [MESSAGE][INFO] - Checking object

03-01-2024T16:00:31 - [MESSAGE][INFO] - Checking timeout

03-01-2024T16:00:31 - [MESSAGE][INFO] - Finding web element from Test Object's properties

03-01-2024T16:00:31 - [MESSAGE][INFO] - Checking timeout

03-01-2024T16:00:31 - [MESSAGE][INFO] - Finding web element with id: 'Object Repository/Page_Verif_AccordeonInformationsGeneralesDemande_Agent/btn_PopUpReaffecterConfirmer' located by 'By.xpath: //app-demande-instruction//app-statut-demande/app-reaffectation-demande/lib-generic-modal/p-dialog/div/div[3]/p-footer/button[2]/span|//app-demandes-sejour//app-demande-table/app-reaffectation-demande/lib-generic-modal/p-dialog/div/div[3]/p-footer/button[2]/span' in '5' second(s)

03-01-2024T16:00:31 - [MESSAGE][INFO] - Smart Wait Function is triggered

03-01-2024T16:00:31 - [MESSAGE][INFO] - Found 1 web elements with id: 'Object Repository/Page_Verif_AccordeonInformationsGeneralesDemande_Agent/btn_PopUpReaffecterConfirmer' located by 'By.xpath: //app-demande-instruction//app-statut-demande/app-reaffectation-demande/lib-generic-modal/p-dialog/div/div[3]/p-footer/button[2]/span|//app-demandes-sejour//app-demande-table/app-reaffectation-demande/lib-generic-modal/p-dialog/div/div[3]/p-footer/button[2]/span' in '5' second(s)

03-01-2024T16:00:31 - [MESSAGE][INFO] - Clicking on object: 'Object Repository/Page_Verif_AccordeonInformationsGeneralesDemande_Agent/btn_PopUpReaffecterConfirmer'

03-01-2024T16:00:33 - [MESSAGE][PASSED] - Object: 'Object Repository/Page_Verif_AccordeonInformationsGeneralesDemande_Agent/btn_PopUpReaffecterConfirmer' is clicked on

03-01-2024T16:00:33 - [TEST_STEP][PASSED] - setText(findTestObject("Object Repository/Page_Accueil_Agent/Input_RechercherUneDemande"), NumEtrangerVisa): Text '7703043876' is set on object 'Object Repository/Page_Accueil_Agent/Input_RechercherUneDemande'

03-01-2024T16:00:33 - [MESSAGE][INFO] - Finding Test Object 'Object Repository/Page_Accueil_Agent/Input_RechercherUneDemande'

03-01-2024T16:00:34 - [MESSAGE][INFO] - Checking timeout

03-01-2024T16:00:34 - [MESSAGE][INFO] - Finding web element with id: 'Object Repository/Page_Accueil_Agent/Input_RechercherUneDemande' located by 'By.xpath: //*[@placeholder="Rechercher une demande"]' in '20' second(s)

03-01-2024T16:00:34 - [MESSAGE][INFO] - Smart Wait Function is triggered

03-01-2024T16:00:34 - [MESSAGE][INFO] - Found 1 web elements with id: 'Object Repository/Page_Accueil_Agent/Input_RechercherUneDemande' located by 'By.xpath: //*[@placeholder="Rechercher une demande"]' in '20' second(s)

03-01-2024T16:00:34 - [MESSAGE][INFO] - Checking object

03-01-2024T16:00:34 - [MESSAGE][INFO] - Checking text

03-01-2024T16:00:34 - [MESSAGE][INFO] - Finding web element from Test Object's properties

03-01-2024T16:00:34 - [MESSAGE][INFO] - Checking timeout

03-01-2024T16:00:34 - [MESSAGE][INFO] - Finding web element with id: 'Object Repository/Page_Accueil_Agent/Input_RechercherUneDemande' located by 'By.xpath: //*[@placeholder="Rechercher une demande"]' in '5' second(s)

03-01-2024T16:00:34 - [MESSAGE][INFO] - Smart Wait Function is triggered

03-01-2024T16:00:34 - [MESSAGE][INFO] - Found 1 web elements with id: 'Object Repository/Page_Accueil_Agent/Input_RechercherUneDemande' located by 'By.xpath: //*[@placeholder="Rechercher une demande"]' in '5' second(s)

03-01-2024T16:00:34 - [MESSAGE][INFO] - Clearing text of object 'Object Repository/Page_Accueil_Agent/Input_RechercherUneDemande'

03-01-2024T16:00:36 - [MESSAGE][INFO] - Finding web element from Test Object's properties

03-01-2024T16:00:36 - [MESSAGE][INFO] - Checking timeout

03-01-2024T16:00:36 - [MESSAGE][INFO] - Finding web element with id: 'Object Repository/Page_Accueil_Agent/Input_RechercherUneDemande' located by 'By.xpath: //*[@placeholder="Rechercher une demande"]' in '5' second(s)

03-01-2024T16:00:36 - [MESSAGE][INFO] - Smart Wait Function is triggered

03-01-2024T16:00:36 - [MESSAGE][INFO] - Found 1 web elements with id: 'Object Repository/Page_Accueil_Agent/Input_RechercherUneDemande' located by 'By.xpath: //*[@placeholder="Rechercher une demande"]' in '5' second(s)

03-01-2024T16:00:36 - [MESSAGE][INFO] - Setting text of object 'Object Repository/Page_Accueil_Agent/Input_RechercherUneDemande' to value '7703043876'

03-01-2024T16:00:38 - [MESSAGE][PASSED] - Text '7703043876' is set on object 'Object Repository/Page_Accueil_Agent/Input_RechercherUneDemande'

03-01-2024T16:00:38 - [TEST_STEP][PASSED] - click(findTestObject("Object Repository/Page_Accueil_Agent/btn_LoopRecherche"), OPTIONAL): Object: 'Object Repository/Page_Accueil_Agent/btn_LoopRecherche' is clicked on

03-01-2024T16:00:38 - [MESSAGE][INFO] - Finding Test Object 'Object Repository/Page_Accueil_Agent/btn_LoopRecherche'

03-01-2024T16:00:38 - [MESSAGE][INFO] - Checking timeout

03-01-2024T16:00:38 - [MESSAGE][INFO] - Finding web element with id: 'Object Repository/Page_Accueil_Agent/btn_LoopRecherche' located by 'By.xpath: //*[@id="content"]/app-demandes-sejour/div/div[2]/div[1]/button/span' in '20' second(s)

03-01-2024T16:00:38 - [MESSAGE][INFO] - Smart Wait Function is triggered

03-01-2024T16:00:38 - [MESSAGE][INFO] - Found 1 web elements with id: 'Object Repository/Page_Accueil_Agent/btn_LoopRecherche' located by 'By.xpath: //*[@id="content"]/app-demandes-sejour/div/div[2]/div[1]/button/span' in '20' second(s)

03-01-2024T16:00:38 - [MESSAGE][INFO] - Checking object

03-01-2024T16:00:38 - [MESSAGE][INFO] - Checking timeout

03-01-2024T16:00:38 - [MESSAGE][INFO] - Finding web element from Test Object's properties

03-01-2024T16:00:38 - [MESSAGE][INFO] - Checking timeout

03-01-2024T16:00:38 - [MESSAGE][INFO] - Finding web element with id: 'Object Repository/Page_Accueil_Agent/btn_LoopRecherche' located by 'By.xpath: //*[@id="content"]/app-demandes-sejour/div/div[2]/div[1]/button/span' in '5' second(s)

03-01-2024T16:00:38 - [MESSAGE][INFO] - Smart Wait Function is triggered

03-01-2024T16:00:38 - [MESSAGE][INFO] - Found 1 web elements with id: 'Object Repository/Page_Accueil_Agent/btn_LoopRecherche' located by 'By.xpath: //*[@id="content"]/app-demandes-sejour/div/div[2]/div[1]/button/span' in '5' second(s)

03-01-2024T16:00:38 - [MESSAGE][INFO] - Clicking on object: 'Object Repository/Page_Accueil_Agent/btn_LoopRecherche'

03-01-2024T16:00:40 - [MESSAGE][PASSED] - Object: 'Object Repository/Page_Accueil_Agent/btn_LoopRecherche' is clicked on

03-01-2024T16:00:40 - [TEST_STEP][PASSED] - click(findTestObject("Object Repository/Page_Accueil_Agent/div_Tab_tr1NumDemande"), OPTIONAL): Object: 'Object Repository/Page_Accueil_Agent/div_Tab_tr1NumDemande' is clicked on

03-01-2024T16:00:40 - [MESSAGE][INFO] - Finding Test Object 'Object Repository/Page_Accueil_Agent/div_Tab_tr1NumDemande'

03-01-2024T16:00:40 - [MESSAGE][INFO] - Checking timeout

03-01-2024T16:00:40 - [MESSAGE][INFO] - Finding web element with id: 'Object Repository/Page_Accueil_Agent/div_Tab_tr1NumDemande' located by 'By.xpath: //*[@id="content"]/app-demandes-sejour/div/div[2]/app-demande-table/div[2]/p-table/div/div/table/tbody/tr/*/button' in '20' second(s)

03-01-2024T16:00:40 - [MESSAGE][INFO] - Smart Wait Function is triggered

03-01-2024T16:00:40 - [MESSAGE][INFO] - Found 10 web elements with id: 'Object Repository/Page_Accueil_Agent/div_Tab_tr1NumDemande' located by 'By.xpath: //*[@id="content"]/app-demandes-sejour/div/div[2]/app-demande-table/div[2]/p-table/div/div/table/tbody/tr/*/button' in '20' second(s)

03-01-2024T16:00:40 - [MESSAGE][INFO] - Checking object

03-01-2024T16:00:40 - [MESSAGE][INFO] - Checking timeout

03-01-2024T16:00:40 - [MESSAGE][INFO] - Finding web element from Test Object's properties

03-01-2024T16:00:40 - [MESSAGE][INFO] - Checking timeout

03-01-2024T16:00:40 - [MESSAGE][INFO] - Finding web element with id: 'Object Repository/Page_Accueil_Agent/div_Tab_tr1NumDemande' located by 'By.xpath: //*[@id="content"]/app-demandes-sejour/div/div[2]/app-demande-table/div[2]/p-table/div/div/table/tbody/tr/*/button' in '5' second(s)

03-01-2024T16:00:40 - [MESSAGE][INFO] - Smart Wait Function is triggered

03-01-2024T16:00:40 - [MESSAGE][INFO] - Found 1 web elements with id: 'Object Repository/Page_Accueil_Agent/div_Tab_tr1NumDemande' located by 'By.xpath: //*[@id="content"]/app-demandes-sejour/div/div[2]/app-demande-table/div[2]/p-table/div/div/table/tbody/tr/*/button' in '5' second(s)

03-01-2024T16:00:40 - [MESSAGE][INFO] - Clicking on object: 'Object Repository/Page_Accueil_Agent/div_Tab_tr1NumDemande'

03-01-2024T16:00:42 - [MESSAGE][PASSED] - Object: 'Object Repository/Page_Accueil_Agent/div_Tab_tr1NumDemande' is clicked on

03-01-2024T16:00:42 - [TEST_STEP][PASSED] - click(findTestObject("Object Repository/Page_Accueil_Agent/span_VoirLaDemande"), OPTIONAL): Object: 'Object Repository/Page_Accueil_Agent/span_VoirLaDemande' is clicked on

03-01-2024T16:00:42 - [MESSAGE][INFO] - Finding Test Object 'Object Repository/Page_Accueil_Agent/span_VoirLaDemande'

03-01-2024T16:00:42 - [MESSAGE][INFO] - Checking timeout

03-01-2024T16:00:42 - [MESSAGE][INFO] - Finding web element with id: 'Object Repository/Page_Accueil_Agent/span_VoirLaDemande' located by 'By.xpath: //*[@id="content"]/app-demandes-sejour/div/div[2]/app-demande-table/div[3]/p-menu/div/ul/li[1]/a/span' in '20' second(s)

03-01-2024T16:00:42 - [MESSAGE][INFO] - Smart Wait Function is triggered

03-01-2024T16:00:42 - [MESSAGE][INFO] - Found 1 web elements with id: 'Object Repository/Page_Accueil_Agent/span_VoirLaDemande' located by 'By.xpath: //*[@id="content"]/app-demandes-sejour/div/div[2]/app-demande-table/div[3]/p-menu/div/ul/li[1]/a/span' in '20' second(s)

03-01-2024T16:00:42 - [MESSAGE][INFO] - Checking object

03-01-2024T16:00:42 - [MESSAGE][INFO] - Checking timeout

03-01-2024T16:00:42 - [MESSAGE][INFO] - Finding web element from Test Object's properties

03-01-2024T16:00:42 - [MESSAGE][INFO] - Checking timeout

03-01-2024T16:00:42 - [MESSAGE][INFO] - Finding web element with id: 'Object Repository/Page_Accueil_Agent/span_VoirLaDemande' located by 'By.xpath: //*[@id="content"]/app-demandes-sejour/div/div[2]/app-demande-table/div[3]/p-menu/div/ul/li[1]/a/span' in '5' second(s)

03-01-2024T16:00:42 - [MESSAGE][INFO] - Smart Wait Function is triggered

03-01-2024T16:00:43 - [MESSAGE][INFO] - Found 1 web elements with id: 'Object Repository/Page_Accueil_Agent/span_VoirLaDemande' located by 'By.xpath: //*[@id="content"]/app-demandes-sejour/div/div[2]/app-demande-table/div[3]/p-menu/div/ul/li[1]/a/span' in '5' second(s)

03-01-2024T16:00:43 - [MESSAGE][INFO] - Clicking on object: 'Object Repository/Page_Accueil_Agent/span_VoirLaDemande'

03-01-2024T16:00:45 - [MESSAGE][PASSED] - Object: 'Object Repository/Page_Accueil_Agent/span_VoirLaDemande' is clicked on

03-01-2024T16:00:45 - [TEST_STEP][PASSED] - click(findTestObject("Object Repository/Page_Accueil_Agent/btn_Retour_Accueil_Agent"), OPTIONAL): Object: 'Object Repository/Page_Accueil_Agent/btn_Retour_Accueil_Agent' is clicked on

03-01-2024T16:00:45 - [MESSAGE][INFO] - Finding Test Object 'Object Repository/Page_Accueil_Agent/btn_Retour_Accueil_Agent'

03-01-2024T16:00:45 - [MESSAGE][INFO] - Checking timeout

03-01-2024T16:00:45 - [MESSAGE][INFO] - Finding web element with id: 'Object Repository/Page_Accueil_Agent/btn_Retour_Accueil_Agent' located by 'By.xpath: //*[@id="navBar"]/a' in '20' second(s)

03-01-2024T16:00:45 - [MESSAGE][INFO] - Smart Wait Function is triggered

03-01-2024T16:00:45 - [MESSAGE][INFO] - Found 1 web elements with id: 'Object Repository/Page_Accueil_Agent/btn_Retour_Accueil_Agent' located by 'By.xpath: //*[@id="navBar"]/a' in '20' second(s)

03-01-2024T16:00:45 - [MESSAGE][INFO] - Checking object

03-01-2024T16:00:45 - [MESSAGE][INFO] - Checking timeout

03-01-2024T16:00:45 - [MESSAGE][INFO] - Finding web element from Test Object's properties

03-01-2024T16:00:45 - [MESSAGE][INFO] - Checking timeout

03-01-2024T16:00:45 - [MESSAGE][INFO] - Finding web element with id: 'Object Repository/Page_Accueil_Agent/btn_Retour_Accueil_Agent' located by 'By.xpath: //*[@id="navBar"]/a' in '5' second(s)

03-01-2024T16:00:45 - [MESSAGE][INFO] - Smart Wait Function is triggered

03-01-2024T16:00:45 - [MESSAGE][INFO] - Found 1 web elements with id: 'Object Repository/Page_Accueil_Agent/btn_Retour_Accueil_Agent' located by 'By.xpath: //*[@id="navBar"]/a' in '5' second(s)

03-01-2024T16:00:45 - [MESSAGE][INFO] - Clicking on object: 'Object Repository/Page_Accueil_Agent/btn_Retour_Accueil_Agent'

03-01-2024T16:00:47 - [MESSAGE][PASSED] - Object: 'Object Repository/Page_Accueil_Agent/btn_Retour_Accueil_Agent' is clicked on

03-01-2024T16:00:47 - [TEST_STEP][PASSED] - setText(findTestObject("Object Repository/Page_Accueil_Agent/Input_RechercherUneDemande"), NumEtrangerVisa): Text '7703043876' is set on object 'Object Repository/Page_Accueil_Agent/Input_RechercherUneDemande'

03-01-2024T16:00:47 - [MESSAGE][INFO] - Finding Test Object 'Object Repository/Page_Accueil_Agent/Input_RechercherUneDemande'

03-01-2024T16:00:47 - [MESSAGE][INFO] - Checking timeout

03-01-2024T16:00:47 - [MESSAGE][INFO] - Finding web element with id: 'Object Repository/Page_Accueil_Agent/Input_RechercherUneDemande' located by 'By.xpath: //*[@placeholder="Rechercher une demande"]' in '20' second(s)

03-01-2024T16:00:47 - [MESSAGE][INFO] - Smart Wait Function is triggered

03-01-2024T16:00:47 - [MESSAGE][INFO] - Found 1 web elements with id: 'Object Repository/Page_Accueil_Agent/Input_RechercherUneDemande' located by 'By.xpath: //*[@placeholder="Rechercher une demande"]' in '20' second(s)

03-01-2024T16:00:47 - [MESSAGE][INFO] - Checking object

03-01-2024T16:00:47 - [MESSAGE][INFO] - Checking text

03-01-2024T16:00:47 - [MESSAGE][INFO] - Finding web element from Test Object's properties

03-01-2024T16:00:47 - [MESSAGE][INFO] - Checking timeout

03-01-2024T16:00:47 - [MESSAGE][INFO] - Finding web element with id: 'Object Repository/Page_Accueil_Agent/Input_RechercherUneDemande' located by 'By.xpath: //*[@placeholder="Rechercher une demande"]' in '5' second(s)

03-01-2024T16:00:47 - [MESSAGE][INFO] - Smart Wait Function is triggered

03-01-2024T16:00:47 - [MESSAGE][INFO] - Found 1 web elements with id: 'Object Repository/Page_Accueil_Agent/Input_RechercherUneDemande' located by 'By.xpath: //*[@placeholder="Rechercher une demande"]' in '5' second(s)

03-01-2024T16:00:47 - [MESSAGE][INFO] - Clearing text of object 'Object Repository/Page_Accueil_Agent/Input_RechercherUneDemande'

03-01-2024T16:00:49 - [MESSAGE][INFO] - Finding web element from Test Object's properties

03-01-2024T16:00:49 - [MESSAGE][INFO] - Checking timeout

03-01-2024T16:00:49 - [MESSAGE][INFO] - Finding web element with id: 'Object Repository/Page_Accueil_Agent/Input_RechercherUneDemande' located by 'By.xpath: //*[@placeholder="Rechercher une demande"]' in '5' second(s)

03-01-2024T16:00:49 - [MESSAGE][INFO] - Smart Wait Function is triggered

03-01-2024T16:00:49 - [MESSAGE][INFO] - Found 1 web elements with id: 'Object Repository/Page_Accueil_Agent/Input_RechercherUneDemande' located by 'By.xpath: //*[@placeholder="Rechercher une demande"]' in '5' second(s)

03-01-2024T16:00:49 - [MESSAGE][INFO] - Setting text of object 'Object Repository/Page_Accueil_Agent/Input_RechercherUneDemande' to value '7703043876'

03-01-2024T16:00:51 - [MESSAGE][PASSED] - Text '7703043876' is set on object 'Object Repository/Page_Accueil_Agent/Input_RechercherUneDemande'

03-01-2024T16:00:51 - [TEST_STEP][PASSED] - delay(3): Delayed 3 second(s)

03-01-2024T16:00:51 - [MESSAGE][INFO] - Delaying browser in 3 second(s)

03-01-2024T16:00:54 - [MESSAGE][PASSED] - Delayed 3 second(s)

03-01-2024T16:00:54 - [TEST_STEP][PASSED] - click(findTestObject("Object Repository/Page_Accueil_Agent/div_Tab_tr1NumDemande"), OPTIONAL): Object: 'Object Repository/Page_Accueil_Agent/div_Tab_tr1NumDemande' is clicked on

03-01-2024T16:00:54 - [MESSAGE][INFO] - Finding Test Object 'Object Repository/Page_Accueil_Agent/div_Tab_tr1NumDemande'

03-01-2024T16:00:54 - [MESSAGE][INFO] - Checking timeout

03-01-2024T16:00:54 - [MESSAGE][INFO] - Finding web element with id: 'Object Repository/Page_Accueil_Agent/div_Tab_tr1NumDemande' located by 'By.xpath: //*[@id="content"]/app-demandes-sejour/div/div[2]/app-demande-table/div[2]/p-table/div/div/table/tbody/tr/*/button' in '20' second(s)

03-01-2024T16:00:54 - [MESSAGE][INFO] - Smart Wait Function is triggered

03-01-2024T16:00:54 - [MESSAGE][INFO] - Found 1 web elements with id: 'Object Repository/Page_Accueil_Agent/div_Tab_tr1NumDemande' located by 'By.xpath: //*[@id="content"]/app-demandes-sejour/div/div[2]/app-demande-table/div[2]/p-table/div/div/table/tbody/tr/*/button' in '20' second(s)

03-01-2024T16:00:54 - [MESSAGE][INFO] - Checking object

03-01-2024T16:00:54 - [MESSAGE][INFO] - Checking timeout

03-01-2024T16:00:54 - [MESSAGE][INFO] - Finding web element from Test Object's properties

03-01-2024T16:00:54 - [MESSAGE][INFO] - Checking timeout

03-01-2024T16:00:54 - [MESSAGE][INFO] - Finding web element with id: 'Object Repository/Page_Accueil_Agent/div_Tab_tr1NumDemande' located by 'By.xpath: //*[@id="content"]/app-demandes-sejour/div/div[2]/app-demande-table/div[2]/p-table/div/div/table/tbody/tr/*/button' in '5' second(s)

03-01-2024T16:00:54 - [MESSAGE][INFO] - Smart Wait Function is triggered

03-01-2024T16:00:54 - [MESSAGE][INFO] - Found 1 web elements with id: 'Object Repository/Page_Accueil_Agent/div_Tab_tr1NumDemande' located by 'By.xpath: //*[@id="content"]/app-demandes-sejour/div/div[2]/app-demande-table/div[2]/p-table/div/div/table/tbody/tr/*/button' in '5' second(s)

03-01-2024T16:00:54 - [MESSAGE][INFO] - Clicking on object: 'Object Repository/Page_Accueil_Agent/div_Tab_tr1NumDemande'

03-01-2024T16:00:56 - [MESSAGE][PASSED] - Object: 'Object Repository/Page_Accueil_Agent/div_Tab_tr1NumDemande' is clicked on

03-01-2024T16:00:56 - [TEST_STEP][PASSED] - click(findTestObject("Object Repository/Page_Accueil_Agent/span_VoirLaDemande"), OPTIONAL): Object: 'Object Repository/Page_Accueil_Agent/span_VoirLaDemande' is clicked on

03-01-2024T16:00:56 - [MESSAGE][INFO] - Finding Test Object 'Object Repository/Page_Accueil_Agent/span_VoirLaDemande'

03-01-2024T16:00:56 - [MESSAGE][INFO] - Checking timeout

03-01-2024T16:00:56 - [MESSAGE][INFO] - Finding web element with id: 'Object Repository/Page_Accueil_Agent/span_VoirLaDemande' located by 'By.xpath: //*[@id="content"]/app-demandes-sejour/div/div[2]/app-demande-table/div[3]/p-menu/div/ul/li[1]/a/span' in '20' second(s)

03-01-2024T16:00:56 - [MESSAGE][INFO] - Smart Wait Function is triggered

03-01-2024T16:00:56 - [MESSAGE][INFO] - Found 1 web elements with id: 'Object Repository/Page_Accueil_Agent/span_VoirLaDemande' located by 'By.xpath: //*[@id="content"]/app-demandes-sejour/div/div[2]/app-demande-table/div[3]/p-menu/div/ul/li[1]/a/span' in '20' second(s)

03-01-2024T16:00:56 - [MESSAGE][INFO] - Checking object

03-01-2024T16:00:56 - [MESSAGE][INFO] - Checking timeout

03-01-2024T16:00:56 - [MESSAGE][INFO] - Finding web element from Test Object's properties

03-01-2024T16:00:56 - [MESSAGE][INFO] - Checking timeout

03-01-2024T16:00:56 - [MESSAGE][INFO] - Finding web element with id: 'Object Repository/Page_Accueil_Agent/span_VoirLaDemande' located by 'By.xpath: //*[@id="content"]/app-demandes-sejour/div/div[2]/app-demande-table/div[3]/p-menu/div/ul/li[1]/a/span' in '5' second(s)

03-01-2024T16:00:56 - [MESSAGE][INFO] - Smart Wait Function is triggered

03-01-2024T16:00:56 - [MESSAGE][INFO] - Found 1 web elements with id: 'Object Repository/Page_Accueil_Agent/span_VoirLaDemande' located by 'By.xpath: //*[@id="content"]/app-demandes-sejour/div/div[2]/app-demande-table/div[3]/p-menu/div/ul/li[1]/a/span' in '5' second(s)

03-01-2024T16:00:56 - [MESSAGE][INFO] - Clicking on object: 'Object Repository/Page_Accueil_Agent/span_VoirLaDemande'

03-01-2024T16:00:58 - [MESSAGE][PASSED] - Object: 'Object Repository/Page_Accueil_Agent/span_VoirLaDemande' is clicked on

03-01-2024T16:00:58 - [TEST_STEP][PASSED] - delay(3): Delayed 3 second(s)

03-01-2024T16:00:58 - [MESSAGE][INFO] - Delaying browser in 3 second(s)

03-01-2024T16:01:01 - [MESSAGE][PASSED] - Delayed 3 second(s)

03-01-2024T16:01:01 - [MESSAGE][PASSED] - Call Test Case 'Test Cases/Test Reutilisable/AgentTraitementDemande/AgentRechercheDemande' successfully

03-01-2024T16:01:01 - [TEST_STEP][PASSED] - callTestCase(findTestCase("Test Cases/Test Reutilisable/AgentTraitementDemande/Verif_AccordeonInformationsGeneralesDemande"), ["NumEtrangerVisa":NumEtrangerVisa], STOP_ON_FAILURE): Call Test Case 'Test Cases/Test Reutilisable/AgentTraitementDemande/Verif_AccordeonInformationsGeneralesDemande' successfully

03-01-2024T16:01:01 - [MESSAGE][INFO] - Checking called Test Case

03-01-2024T16:01:01 - [MESSAGE][INFO] - Starting to call Test Case 'Test Cases/Test Reutilisable/AgentTraitementDemande/Verif_AccordeonInformationsGeneralesDemande'

03-01-2024T16:01:01 - [TEST_CASE][PASSED] - Test Cases/Test Reutilisable/AgentTraitementDemande/Verif_AccordeonInformationsGeneralesDemande: Test Cases/Test Reutilisable/AgentTraitementDemande/Verif_AccordeonInformationsGeneralesDemande

03-01-2024T16:01:02 - [TEST_STEP][PASSED] - com.kazurayam.ksbackyard.HighlightElement.pandemic(): com.kazurayam.ksbackyard.HighlightElement.pandemic is PASSED

03-01-2024T16:01:02 - [MESSAGE][PASSED] - com.kazurayam.ksbackyard.HighlightElement.pandemic is PASSED

03-01-2024T16:01:02 - [TEST_STEP][PASSED] - LinkLesCommentaires = findTestObject("Object Repository/Page_Verif_AccordeonInformationsGeneralesDemande_Agent/LinkLesCommentaires"): Finding Test Object 'Object Repository/Page_Verif_AccordeonInformationsGeneralesDemande_Agent/LinkLesCommentaires'

03-01-2024T16:01:02 - [MESSAGE][INFO] - Finding Test Object 'Object Repository/Page_Verif_AccordeonInformationsGeneralesDemande_Agent/LinkLesCommentaires'

03-01-2024T16:01:02 - [TEST_STEP][PASSED] - verifyElementPresent(LinkLesCommentaires, 1): Object 'Object Repository/Page_Verif_AccordeonInformationsGeneralesDemande_Agent/LinkLesCommentaires' is present

03-01-2024T16:01:02 - [MESSAGE][INFO] - Checking object

03-01-2024T16:01:02 - [MESSAGE][INFO] - Finding web element from Test Object's properties

03-01-2024T16:01:02 - [MESSAGE][INFO] - Checking timeout

03-01-2024T16:01:02 - [MESSAGE][INFO] - Finding web element with id: 'Object Repository/Page_Verif_AccordeonInformationsGeneralesDemande_Agent/LinkLesCommentaires' located by 'By.xpath: //*[@id="content"]/app-demande-instruction/div/app-statut-demande/div/div/div[2]/a[1]' in '1' second(s)

03-01-2024T16:01:02 - [MESSAGE][INFO] - Smart Wait Function is triggered

03-01-2024T16:01:02 - [MESSAGE][INFO] - Found 1 web elements with id: 'Object Repository/Page_Verif_AccordeonInformationsGeneralesDemande_Agent/LinkLesCommentaires' located by 'By.xpath: //*[@id="content"]/app-demande-instruction/div/app-statut-demande/div/div/div[2]/a[1]' in '1' second(s)

03-01-2024T16:01:02 - [MESSAGE][PASSED] - Object 'Object Repository/Page_Verif_AccordeonInformationsGeneralesDemande_Agent/LinkLesCommentaires' is present

03-01-2024T16:01:02 - [TEST_STEP][PASSED] - click(LinkLesCommentaires): Object: 'Object Repository/Page_Verif_AccordeonInformationsGeneralesDemande_Agent/LinkLesCommentaires' is clicked on

03-01-2024T16:01:02 - [MESSAGE][INFO] - Checking timeout

03-01-2024T16:01:02 - [MESSAGE][INFO] - Finding web element with id: 'Object Repository/Page_Verif_AccordeonInformationsGeneralesDemande_Agent/LinkLesCommentaires' located by 'By.xpath: //*[@id="content"]/app-demande-instruction/div/app-statut-demande/div/div/div[2]/a[1]' in '20' second(s)

03-01-2024T16:01:02 - [MESSAGE][INFO] - Smart Wait Function is triggered

03-01-2024T16:01:02 - [MESSAGE][INFO] - Found 1 web elements with id: 'Object Repository/Page_Verif_AccordeonInformationsGeneralesDemande_Agent/LinkLesCommentaires' located by 'By.xpath: //*[@id="content"]/app-demande-instruction/div/app-statut-demande/div/div/div[2]/a[1]' in '20' second(s)

03-01-2024T16:01:02 - [MESSAGE][INFO] - Checking object

03-01-2024T16:01:02 - [MESSAGE][INFO] - Checking timeout

03-01-2024T16:01:02 - [MESSAGE][INFO] - Finding web element from Test Object's properties

03-01-2024T16:01:02 - [MESSAGE][INFO] - Checking timeout

03-01-2024T16:01:02 - [MESSAGE][INFO] - Finding web element with id: 'Object Repository/Page_Verif_AccordeonInformationsGeneralesDemande_Agent/LinkLesCommentaires' located by 'By.xpath: //*[@id="content"]/app-demande-instruction/div/app-statut-demande/div/div/div[2]/a[1]' in '5' second(s)

03-01-2024T16:01:02 - [MESSAGE][INFO] - Smart Wait Function is triggered

03-01-2024T16:01:02 - [MESSAGE][INFO] - Found 1 web elements with id: 'Object Repository/Page_Verif_AccordeonInformationsGeneralesDemande_Agent/LinkLesCommentaires' located by 'By.xpath: //*[@id="content"]/app-demande-instruction/div/app-statut-demande/div/div/div[2]/a[1]' in '5' second(s)

03-01-2024T16:01:02 - [MESSAGE][INFO] - Clicking on object: 'Object Repository/Page_Verif_AccordeonInformationsGeneralesDemande_Agent/LinkLesCommentaires'

03-01-2024T16:01:04 - [MESSAGE][PASSED] - Object: 'Object Repository/Page_Verif_AccordeonInformationsGeneralesDemande_Agent/LinkLesCommentaires' is clicked on

03-01-2024T16:01:04 - [TEST_STEP][PASSED] - PopUpAfficherCommentaires = findTestObject("Object Repository/Page_Verif_AccordeonInformationsGeneralesDemande_Agent/PopUp_AfficherCommentaires"): Finding Test Object 'Object Repository/Page_Verif_AccordeonInformationsGeneralesDemande_Agent/PopUp_AfficherCommentaires'

03-01-2024T16:01:04 - [MESSAGE][INFO] - Finding Test Object 'Object Repository/Page_Verif_AccordeonInformationsGeneralesDemande_Agent/PopUp_AfficherCommentaires'

03-01-2024T16:01:04 - [TEST_STEP][PASSED] - verifyElementPresent(PopUpAfficherCommentaires, 1): Object 'Object Repository/Page_Verif_AccordeonInformationsGeneralesDemande_Agent/PopUp_AfficherCommentaires' is present

03-01-2024T16:01:04 - [MESSAGE][INFO] - Checking object

03-01-2024T16:01:04 - [MESSAGE][INFO] - Finding web element from Test Object's properties

03-01-2024T16:01:04 - [MESSAGE][INFO] - Checking timeout

03-01-2024T16:01:04 - [MESSAGE][INFO] - Finding web element with id: 'Object Repository/Page_Verif_AccordeonInformationsGeneralesDemande_Agent/PopUp_AfficherCommentaires' located by 'By.xpath: /html/body/app-root/app-layout/div/div/div/app-navigation-layout/div[2]/app-demande-instruction/div/app-statut-demande/div/div/lib-generic-modal/p-dialog/div/div[1]/span/p-header/h2' in '1' second(s)

03-01-2024T16:01:04 - [MESSAGE][INFO] - Smart Wait Function is triggered

03-01-2024T16:01:04 - [MESSAGE][INFO] - Found 1 web elements with id: 'Object Repository/Page_Verif_AccordeonInformationsGeneralesDemande_Agent/PopUp_AfficherCommentaires' located by 'By.xpath: /html/body/app-root/app-layout/div/div/div/app-navigation-layout/div[2]/app-demande-instruction/div/app-statut-demande/div/div/lib-generic-modal/p-dialog/div/div[1]/span/p-header/h2' in '1' second(s)

03-01-2024T16:01:04 - [MESSAGE][PASSED] - Object 'Object Repository/Page_Verif_AccordeonInformationsGeneralesDemande_Agent/PopUp_AfficherCommentaires' is present

03-01-2024T16:01:04 - [TEST_STEP][PASSED] - TitrePopUpAfficherCommentaires = getText(PopUpAfficherCommentaires): Text of object 'Object Repository/Page_Verif_AccordeonInformationsGeneralesDemande_Agent/PopUp_AfficherCommentaires' is: 'AFFICHER LES COMMENTAIRES'

03-01-2024T16:01:04 - [MESSAGE][INFO] - Checking object

03-01-2024T16:01:04 - [MESSAGE][INFO] - Finding web element from Test Object's properties

03-01-2024T16:01:04 - [MESSAGE][INFO] - Checking timeout

03-01-2024T16:01:04 - [MESSAGE][INFO] - Finding web element with id: 'Object Repository/Page_Verif_AccordeonInformationsGeneralesDemande_Agent/PopUp_AfficherCommentaires' located by 'By.xpath: /html/body/app-root/app-layout/div/div/div/app-navigation-layout/div[2]/app-demande-instruction/div/app-statut-demande/div/div/lib-generic-modal/p-dialog/div/div[1]/span/p-header/h2' in '5' second(s)

03-01-2024T16:01:04 - [MESSAGE][INFO] - Smart Wait Function is triggered

03-01-2024T16:01:04 - [MESSAGE][INFO] - Found 1 web elements with id: 'Object Repository/Page_Verif_AccordeonInformationsGeneralesDemande_Agent/PopUp_AfficherCommentaires' located by 'By.xpath: /html/body/app-root/app-layout/div/div/div/app-navigation-layout/div[2]/app-demande-instruction/div/app-statut-demande/div/div/lib-generic-modal/p-dialog/div/div[1]/span/p-header/h2' in '5' second(s)

03-01-2024T16:01:04 - [MESSAGE][INFO] - Getting text of object 'Object Repository/Page_Verif_AccordeonInformationsGeneralesDemande_Agent/PopUp_AfficherCommentaires'

03-01-2024T16:01:04 - [MESSAGE][PASSED] - Text of object 'Object Repository/Page_Verif_AccordeonInformationsGeneralesDemande_Agent/PopUp_AfficherCommentaires' is: 'AFFICHER LES COMMENTAIRES'

03-01-2024T16:01:04 - [TEST_STEP][PASSED] - if (!(TitrePopUpAfficherCommentaires.contains("AFFICHER LES COMMENTAIRES"))): null

03-01-2024T16:01:04 - [TEST_STEP][PASSED] - else: Le Titre de PopUp est bien Affiché : AFFICHER LES COMMENTAIRES.

03-01-2024T16:01:04 - [TEST_STEP][PASSED] - markPassed("Le Titre de PopUp est bien Affiché : AFFICHER LES COMMENTAIRES."): Le Titre de PopUp est bien Affiché : AFFICHER LES COMMENTAIRES.

03-01-2024T16:01:04 - [MESSAGE][PASSED] - Le Titre de PopUp est bien Affiché : AFFICHER LES COMMENTAIRES.

03-01-2024T16:01:04 - [TEST_STEP][PASSED] - PopUpCommentairesBtnFermer = findTestObject("Object Repository/Page_Verif_AccordeonInformationsGeneralesDemande_Agent/btn_PopUpCommentaireFermer"): Finding Test Object 'Object Repository/Page_Verif_AccordeonInformationsGeneralesDemande_Agent/btn_PopUpCommentaireFermer'

03-01-2024T16:01:04 - [MESSAGE][INFO] - Finding Test Object 'Object Repository/Page_Verif_AccordeonInformationsGeneralesDemande_Agent/btn_PopUpCommentaireFermer'

03-01-2024T16:01:04 - [TEST_STEP][PASSED] - verifyElementPresent(PopUpCommentairesBtnFermer, 1): Object 'Object Repository/Page_Verif_AccordeonInformationsGeneralesDemande_Agent/btn_PopUpCommentaireFermer' is present

03-01-2024T16:01:04 - [MESSAGE][INFO] - Checking object

03-01-2024T16:01:04 - [MESSAGE][INFO] - Finding web element from Test Object's properties

03-01-2024T16:01:04 - [MESSAGE][INFO] - Checking timeout

03-01-2024T16:01:04 - [MESSAGE][INFO] - Finding web element with id: 'Object Repository/Page_Verif_AccordeonInformationsGeneralesDemande_Agent/btn_PopUpCommentaireFermer' located by 'By.xpath: //*[@id="content"]/app-demande-instruction/div/app-statut-demande/div/div/lib-generic-modal/p-dialog/div/div[3]/p-footer/button/span' in '1' second(s)

03-01-2024T16:01:04 - [MESSAGE][INFO] - Smart Wait Function is triggered

03-01-2024T16:01:04 - [MESSAGE][INFO] - Found 1 web elements with id: 'Object Repository/Page_Verif_AccordeonInformationsGeneralesDemande_Agent/btn_PopUpCommentaireFermer' located by 'By.xpath: //*[@id="content"]/app-demande-instruction/div/app-statut-demande/div/div/lib-generic-modal/p-dialog/div/div[3]/p-footer/button/span' in '1' second(s)

03-01-2024T16:01:04 - [MESSAGE][PASSED] - Object 'Object Repository/Page_Verif_AccordeonInformationsGeneralesDemande_Agent/btn_PopUpCommentaireFermer' is present

03-01-2024T16:01:04 - [TEST_STEP][PASSED] - click(PopUpCommentairesBtnFermer): Object: 'Object Repository/Page_Verif_AccordeonInformationsGeneralesDemande_Agent/btn_PopUpCommentaireFermer' is clicked on

03-01-2024T16:01:04 - [MESSAGE][INFO] - Checking timeout

03-01-2024T16:01:04 - [MESSAGE][INFO] - Finding web element with id: 'Object Repository/Page_Verif_AccordeonInformationsGeneralesDemande_Agent/btn_PopUpCommentaireFermer' located by 'By.xpath: //*[@id="content"]/app-demande-instruction/div/app-statut-demande/div/div/lib-generic-modal/p-dialog/div/div[3]/p-footer/button/span' in '20' second(s)

03-01-2024T16:01:04 - [MESSAGE][INFO] - Smart Wait Function is triggered

03-01-2024T16:01:05 - [MESSAGE][INFO] - Found 1 web elements with id: 'Object Repository/Page_Verif_AccordeonInformationsGeneralesDemande_Agent/btn_PopUpCommentaireFermer' located by 'By.xpath: //*[@id="content"]/app-demande-instruction/div/app-statut-demande/div/div/lib-generic-modal/p-dialog/div/div[3]/p-footer/button/span' in '20' second(s)

03-01-2024T16:01:05 - [MESSAGE][INFO] - Checking object

03-01-2024T16:01:05 - [MESSAGE][INFO] - Checking timeout

03-01-2024T16:01:05 - [MESSAGE][INFO] - Finding web element from Test Object's properties

03-01-2024T16:01:05 - [MESSAGE][INFO] - Checking timeout

03-01-2024T16:01:05 - [MESSAGE][INFO] - Finding web element with id: 'Object Repository/Page_Verif_AccordeonInformationsGeneralesDemande_Agent/btn_PopUpCommentaireFermer' located by 'By.xpath: //*[@id="content"]/app-demande-instruction/div/app-statut-demande/div/div/lib-generic-modal/p-dialog/div/div[3]/p-footer/button/span' in '5' second(s)

03-01-2024T16:01:05 - [MESSAGE][INFO] - Smart Wait Function is triggered

03-01-2024T16:01:05 - [MESSAGE][INFO] - Found 1 web elements with id: 'Object Repository/Page_Verif_AccordeonInformationsGeneralesDemande_Agent/btn_PopUpCommentaireFermer' located by 'By.xpath: //*[@id="content"]/app-demande-instruction/div/app-statut-demande/div/div/lib-generic-modal/p-dialog/div/div[3]/p-footer/button/span' in '5' second(s)

03-01-2024T16:01:05 - [MESSAGE][INFO] - Clicking on object: 'Object Repository/Page_Verif_AccordeonInformationsGeneralesDemande_Agent/btn_PopUpCommentaireFermer'

03-01-2024T16:01:07 - [MESSAGE][PASSED] - Object: 'Object Repository/Page_Verif_AccordeonInformationsGeneralesDemande_Agent/btn_PopUpCommentaireFermer' is clicked on

03-01-2024T16:01:07 - [TEST_STEP][PASSED] - StatutDemandeurAvecNumEtranger = findTestObject("Object Repository/Page_Verif_AccordeonInformationsGeneralesDemande_Agent/h3_StatutDemandeurAvecNumEtranger"): Finding Test Object 'Object Repository/Page_Verif_AccordeonInformationsGeneralesDemande_Agent/h3_StatutDemandeurAvecNumEtranger'

03-01-2024T16:01:07 - [MESSAGE][INFO] - Finding Test Object 'Object Repository/Page_Verif_AccordeonInformationsGeneralesDemande_Agent/h3_StatutDemandeurAvecNumEtranger'

03-01-2024T16:01:07 - [TEST_STEP][PASSED] - verifyElementPresent(StatutDemandeurAvecNumEtranger, 1): Object 'Object Repository/Page_Verif_AccordeonInformationsGeneralesDemande_Agent/h3_StatutDemandeurAvecNumEtranger' is present

03-01-2024T16:01:07 - [MESSAGE][INFO] - Checking object

03-01-2024T16:01:07 - [MESSAGE][INFO] - Finding web element from Test Object's properties

03-01-2024T16:01:07 - [MESSAGE][INFO] - Checking timeout

03-01-2024T16:01:07 - [MESSAGE][INFO] - Finding web element with id: 'Object Repository/Page_Verif_AccordeonInformationsGeneralesDemande_Agent/h3_StatutDemandeurAvecNumEtranger' located by 'By.xpath: //*[@id="content"]/app-demande-instruction/div/app-statut-demandeur/div/h3' in '1' second(s)

03-01-2024T16:01:07 - [MESSAGE][INFO] - Smart Wait Function is triggered

03-01-2024T16:01:07 - [MESSAGE][INFO] - Found 1 web elements with id: 'Object Repository/Page_Verif_AccordeonInformationsGeneralesDemande_Agent/h3_StatutDemandeurAvecNumEtranger' located by 'By.xpath: //*[@id="content"]/app-demande-instruction/div/app-statut-demandeur/div/h3' in '1' second(s)

03-01-2024T16:01:07 - [MESSAGE][PASSED] - Object 'Object Repository/Page_Verif_AccordeonInformationsGeneralesDemande_Agent/h3_StatutDemandeurAvecNumEtranger' is present

03-01-2024T16:01:07 - [TEST_STEP][PASSED] - NumEtranger = getText(StatutDemandeurAvecNumEtranger): Text of object 'Object Repository/Page_Verif_AccordeonInformationsGeneralesDemande_Agent/h3_StatutDemandeurAvecNumEtranger' is: 'STATUT DU DEMANDEUR - N° ÉTRANGER : 7703043876'

03-01-2024T16:01:07 - [MESSAGE][INFO] - Checking object

03-01-2024T16:01:07 - [MESSAGE][INFO] - Finding web element from Test Object's properties

03-01-2024T16:01:07 - [MESSAGE][INFO] - Checking timeout

03-01-2024T16:01:07 - [MESSAGE][INFO] - Finding web element with id: 'Object Repository/Page_Verif_AccordeonInformationsGeneralesDemande_Agent/h3_StatutDemandeurAvecNumEtranger' located by 'By.xpath: //*[@id="content"]/app-demande-instruction/div/app-statut-demandeur/div/h3' in '5' second(s)

03-01-2024T16:01:07 - [MESSAGE][INFO] - Smart Wait Function is triggered

03-01-2024T16:01:07 - [MESSAGE][INFO] - Found 1 web elements with id: 'Object Repository/Page_Verif_AccordeonInformationsGeneralesDemande_Agent/h3_StatutDemandeurAvecNumEtranger' located by 'By.xpath: //*[@id="content"]/app-demande-instruction/div/app-statut-demandeur/div/h3' in '5' second(s)

03-01-2024T16:01:07 - [MESSAGE][INFO] - Getting text of object 'Object Repository/Page_Verif_AccordeonInformationsGeneralesDemande_Agent/h3_StatutDemandeurAvecNumEtranger'

03-01-2024T16:01:07 - [MESSAGE][PASSED] - Text of object 'Object Repository/Page_Verif_AccordeonInformationsGeneralesDemande_Agent/h3_StatutDemandeurAvecNumEtranger' is: 'STATUT DU DEMANDEUR - N° ÉTRANGER : 7703043876'

03-01-2024T16:01:07 - [TEST_STEP][PASSED] - if (!(NumEtranger.contains(NumEtrangerVisa))): null

03-01-2024T16:01:07 - [TEST_STEP][PASSED] - else: Le Numéro Etranger de la demande est bien Affiché.

03-01-2024T16:01:07 - [TEST_STEP][PASSED] - markPassed("Le Numéro Etranger de la demande est bien Affiché."): Le Numéro Etranger de la demande est bien Affiché.

03-01-2024T16:01:07 - [MESSAGE][PASSED] - Le Numéro Etranger de la demande est bien Affiché.

03-01-2024T16:01:07 - [TEST_STEP][PASSED] - AfficherHistorique = findTestObject("Object Repository/Page_Verif_AccordeonInformationsGeneralesDemande_Agent/Link_AfficherHistorique"): Finding Test Object 'Object Repository/Page_Verif_AccordeonInformationsGeneralesDemande_Agent/Link_AfficherHistorique'

03-01-2024T16:01:07 - [MESSAGE][INFO] - Finding Test Object 'Object Repository/Page_Verif_AccordeonInformationsGeneralesDemande_Agent/Link_AfficherHistorique'

03-01-2024T16:01:07 - [TEST_STEP][PASSED] - verifyElementPresent(AfficherHistorique, 1): Object 'Object Repository/Page_Verif_AccordeonInformationsGeneralesDemande_Agent/Link_AfficherHistorique' is present

03-01-2024T16:01:07 - [MESSAGE][INFO] - Checking object

03-01-2024T16:01:07 - [MESSAGE][INFO] - Finding web element from Test Object's properties

03-01-2024T16:01:07 - [MESSAGE][INFO] - Checking timeout

03-01-2024T16:01:07 - [MESSAGE][INFO] - Finding web element with id: 'Object Repository/Page_Verif_AccordeonInformationsGeneralesDemande_Agent/Link_AfficherHistorique' located by 'By.xpath: //*[@id="content"]/app-demande-instruction/div/app-statut-demande/div/div/div[2]/a[2]' in '1' second(s)

03-01-2024T16:01:07 - [MESSAGE][INFO] - Smart Wait Function is triggered

03-01-2024T16:01:07 - [MESSAGE][INFO] - Found 1 web elements with id: 'Object Repository/Page_Verif_AccordeonInformationsGeneralesDemande_Agent/Link_AfficherHistorique' located by 'By.xpath: //*[@id="content"]/app-demande-instruction/div/app-statut-demande/div/div/div[2]/a[2]' in '1' second(s)

03-01-2024T16:01:07 - [MESSAGE][PASSED] - Object 'Object Repository/Page_Verif_AccordeonInformationsGeneralesDemande_Agent/Link_AfficherHistorique' is present

03-01-2024T16:01:07 - [TEST_STEP][PASSED] - click(AfficherHistorique): Object: 'Object Repository/Page_Verif_AccordeonInformationsGeneralesDemande_Agent/Link_AfficherHistorique' is clicked on

03-01-2024T16:01:07 - [MESSAGE][INFO] - Checking timeout

03-01-2024T16:01:07 - [MESSAGE][INFO] - Finding web element with id: 'Object Repository/Page_Verif_AccordeonInformationsGeneralesDemande_Agent/Link_AfficherHistorique' located by 'By.xpath: //*[@id="content"]/app-demande-instruction/div/app-statut-demande/div/div/div[2]/a[2]' in '20' second(s)

03-01-2024T16:01:07 - [MESSAGE][INFO] - Smart Wait Function is triggered

03-01-2024T16:01:07 - [MESSAGE][INFO] - Found 1 web elements with id: 'Object Repository/Page_Verif_AccordeonInformationsGeneralesDemande_Agent/Link_AfficherHistorique' located by 'By.xpath: //*[@id="content"]/app-demande-instruction/div/app-statut-demande/div/div/div[2]/a[2]' in '20' second(s)

03-01-2024T16:01:07 - [MESSAGE][INFO] - Checking object

03-01-2024T16:01:07 - [MESSAGE][INFO] - Checking timeout

03-01-2024T16:01:07 - [MESSAGE][INFO] - Finding web element from Test Object's properties

03-01-2024T16:01:07 - [MESSAGE][INFO] - Checking timeout

03-01-2024T16:01:07 - [MESSAGE][INFO] - Finding web element with id: 'Object Repository/Page_Verif_AccordeonInformationsGeneralesDemande_Agent/Link_AfficherHistorique' located by 'By.xpath: //*[@id="content"]/app-demande-instruction/div/app-statut-demande/div/div/div[2]/a[2]' in '5' second(s)

03-01-2024T16:01:07 - [MESSAGE][INFO] - Smart Wait Function is triggered

03-01-2024T16:01:07 - [MESSAGE][INFO] - Found 1 web elements with id: 'Object Repository/Page_Verif_AccordeonInformationsGeneralesDemande_Agent/Link_AfficherHistorique' located by 'By.xpath: //*[@id="content"]/app-demande-instruction/div/app-statut-demande/div/div/div[2]/a[2]' in '5' second(s)

03-01-2024T16:01:07 - [MESSAGE][INFO] - Clicking on object: 'Object Repository/Page_Verif_AccordeonInformationsGeneralesDemande_Agent/Link_AfficherHistorique'

03-01-2024T16:01:09 - [MESSAGE][PASSED] - Object: 'Object Repository/Page_Verif_AccordeonInformationsGeneralesDemande_Agent/Link_AfficherHistorique' is clicked on

03-01-2024T16:01:09 - [TEST_STEP][PASSED] - PopUpHistoriqueDeLaDemande = findTestObject("Object Repository/Page_Verif_AccordeonInformationsGeneralesDemande_Agent/PopUp_HistoriqueDeLaDemande"): Finding Test Object 'Object Repository/Page_Verif_AccordeonInformationsGeneralesDemande_Agent/PopUp_HistoriqueDeLaDemande'

03-01-2024T16:01:09 - [MESSAGE][INFO] - Finding Test Object 'Object Repository/Page_Verif_AccordeonInformationsGeneralesDemande_Agent/PopUp_HistoriqueDeLaDemande'

03-01-2024T16:01:09 - [TEST_STEP][PASSED] - verifyElementPresent(PopUpHistoriqueDeLaDemande, 1): Object 'Object Repository/Page_Verif_AccordeonInformationsGeneralesDemande_Agent/PopUp_HistoriqueDeLaDemande' is present

03-01-2024T16:01:09 - [MESSAGE][INFO] - Checking object

03-01-2024T16:01:09 - [MESSAGE][INFO] - Finding web element from Test Object's properties

03-01-2024T16:01:09 - [MESSAGE][INFO] - Checking timeout

03-01-2024T16:01:09 - [MESSAGE][INFO] - Finding web element with id: 'Object Repository/Page_Verif_AccordeonInformationsGeneralesDemande_Agent/PopUp_HistoriqueDeLaDemande' located by 'By.xpath: //div/app-statut-demande/app-historique-demande/lib-generic-modal/p-dialog/div/div[1]/span/p-header/h2' in '1' second(s)

03-01-2024T16:01:09 - [MESSAGE][INFO] - Smart Wait Function is triggered

03-01-2024T16:01:09 - [MESSAGE][INFO] - Smart Wait Function is triggered

03-01-2024T16:01:09 - [MESSAGE][INFO] - Smart Wait Function is triggered

03-01-2024T16:01:09 - [MESSAGE][INFO] - Smart Wait Function is triggered

03-01-2024T16:01:09 - [MESSAGE][INFO] - Smart Wait Function is triggered

03-01-2024T16:01:10 - [MESSAGE][INFO] - Found 1 web elements with id: 'Object Repository/Page_Verif_AccordeonInformationsGeneralesDemande_Agent/PopUp_HistoriqueDeLaDemande' located by 'By.xpath: //div/app-statut-demande/app-historique-demande/lib-generic-modal/p-dialog/div/div[1]/span/p-header/h2' in '1' second(s)

03-01-2024T16:01:10 - [MESSAGE][PASSED] - Object 'Object Repository/Page_Verif_AccordeonInformationsGeneralesDemande_Agent/PopUp_HistoriqueDeLaDemande' is present

03-01-2024T16:01:10 - [TEST_STEP][PASSED] - TitreHistoriqueDeLaDemande = getText(PopUpHistoriqueDeLaDemande): Text of object 'Object Repository/Page_Verif_AccordeonInformationsGeneralesDemande_Agent/PopUp_HistoriqueDeLaDemande' is: 'HISTORIQUE DE LA DEMANDE'

03-01-2024T16:01:10 - [MESSAGE][INFO] - Checking object

03-01-2024T16:01:10 - [MESSAGE][INFO] - Finding web element from Test Object's properties

03-01-2024T16:01:10 - [MESSAGE][INFO] - Checking timeout

03-01-2024T16:01:10 - [MESSAGE][INFO] - Finding web element with id: 'Object Repository/Page_Verif_AccordeonInformationsGeneralesDemande_Agent/PopUp_HistoriqueDeLaDemande' located by 'By.xpath: //div/app-statut-demande/app-historique-demande/lib-generic-modal/p-dialog/div/div[1]/span/p-header/h2' in '5' second(s)

03-01-2024T16:01:10 - [MESSAGE][INFO] - Smart Wait Function is triggered

03-01-2024T16:01:10 - [MESSAGE][INFO] - Found 1 web elements with id: 'Object Repository/Page_Verif_AccordeonInformationsGeneralesDemande_Agent/PopUp_HistoriqueDeLaDemande' located by 'By.xpath: //div/app-statut-demande/app-historique-demande/lib-generic-modal/p-dialog/div/div[1]/span/p-header/h2' in '5' second(s)

03-01-2024T16:01:10 - [MESSAGE][INFO] - Getting text of object 'Object Repository/Page_Verif_AccordeonInformationsGeneralesDemande_Agent/PopUp_HistoriqueDeLaDemande'

03-01-2024T16:01:10 - [MESSAGE][PASSED] - Text of object 'Object Repository/Page_Verif_AccordeonInformationsGeneralesDemande_Agent/PopUp_HistoriqueDeLaDemande' is: 'HISTORIQUE DE LA DEMANDE'

03-01-2024T16:01:10 - [TEST_STEP][PASSED] - if (!(TitreHistoriqueDeLaDemande.contains("HISTORIQUE DE LA DEMANDE"))): null

03-01-2024T16:01:10 - [TEST_STEP][PASSED] - else: Le Titre de PopUp est bien Affiché : Historique de la demande.

03-01-2024T16:01:10 - [TEST_STEP][PASSED] - markPassed("Le Titre de PopUp est bien Affiché : Historique de la demande."): Le Titre de PopUp est bien Affiché : Historique de la demande.

03-01-2024T16:01:10 - [MESSAGE][PASSED] - Le Titre de PopUp est bien Affiché : Historique de la demande.

03-01-2024T16:01:10 - [TEST_STEP][PASSED] - ListeAction = findTestObject("Object Repository/Page_Verif_AccordeonInformationsGeneralesDemande_Agent/List_TypeAction"): Finding Test Object 'Object Repository/Page_Verif_AccordeonInformationsGeneralesDemande_Agent/List_TypeAction'

03-01-2024T16:01:10 - [MESSAGE][INFO] - Finding Test Object 'Object Repository/Page_Verif_AccordeonInformationsGeneralesDemande_Agent/List_TypeAction'

03-01-2024T16:01:10 - [TEST_STEP][PASSED] - verifyElementPresent(ListeAction, 1): Object 'Object Repository/Page_Verif_AccordeonInformationsGeneralesDemande_Agent/List_TypeAction' is present

03-01-2024T16:01:10 - [MESSAGE][INFO] - Checking object

03-01-2024T16:01:10 - [MESSAGE][INFO] - Finding web element from Test Object's properties

03-01-2024T16:01:10 - [MESSAGE][INFO] - Checking timeout

03-01-2024T16:01:10 - [MESSAGE][INFO] - Finding web element with id: 'Object Repository/Page_Verif_AccordeonInformationsGeneralesDemande_Agent/List_TypeAction' located by 'By.xpath: //*[@id="content"]/app-demande-instruction/div/app-statut-demande/app-historique-demande/lib-generic-modal/p-dialog/div/div[2]/div/div[1]/input-multi-select/div/div/p-multiselect/div' in '1' second(s)

03-01-2024T16:01:10 - [MESSAGE][INFO] - Smart Wait Function is triggered

03-01-2024T16:01:10 - [MESSAGE][INFO] - Found 1 web elements with id: 'Object Repository/Page_Verif_AccordeonInformationsGeneralesDemande_Agent/List_TypeAction' located by 'By.xpath: //*[@id="content"]/app-demande-instruction/div/app-statut-demande/app-historique-demande/lib-generic-modal/p-dialog/div/div[2]/div/div[1]/input-multi-select/div/div/p-multiselect/div' in '1' second(s)

03-01-2024T16:01:10 - [MESSAGE][PASSED] - Object 'Object Repository/Page_Verif_AccordeonInformationsGeneralesDemande_Agent/List_TypeAction' is present

03-01-2024T16:01:10 - [TEST_STEP][PASSED] - click(ListeAction): Object: 'Object Repository/Page_Verif_AccordeonInformationsGeneralesDemande_Agent/List_TypeAction' is clicked on

03-01-2024T16:01:10 - [MESSAGE][INFO] - Checking timeout

03-01-2024T16:01:10 - [MESSAGE][INFO] - Finding web element with id: 'Object Repository/Page_Verif_AccordeonInformationsGeneralesDemande_Agent/List_TypeAction' located by 'By.xpath: //*[@id="content"]/app-demande-instruction/div/app-statut-demande/app-historique-demande/lib-generic-modal/p-dialog/div/div[2]/div/div[1]/input-multi-select/div/div/p-multiselect/div' in '20' second(s)

03-01-2024T16:01:10 - [MESSAGE][INFO] - Smart Wait Function is triggered

03-01-2024T16:01:10 - [MESSAGE][INFO] - Found 1 web elements with id: 'Object Repository/Page_Verif_AccordeonInformationsGeneralesDemande_Agent/List_TypeAction' located by 'By.xpath: //*[@id="content"]/app-demande-instruction/div/app-statut-demande/app-historique-demande/lib-generic-modal/p-dialog/div/div[2]/div/div[1]/input-multi-select/div/div/p-multiselect/div' in '20' second(s)

03-01-2024T16:01:10 - [MESSAGE][INFO] - Checking object

03-01-2024T16:01:10 - [MESSAGE][INFO] - Checking timeout

03-01-2024T16:01:10 - [MESSAGE][INFO] - Finding web element from Test Object's properties

03-01-2024T16:01:10 - [MESSAGE][INFO] - Checking timeout

03-01-2024T16:01:10 - [MESSAGE][INFO] - Finding web element with id: 'Object Repository/Page_Verif_AccordeonInformationsGeneralesDemande_Agent/List_TypeAction' located by 'By.xpath: //*[@id="content"]/app-demande-instruction/div/app-statut-demande/app-historique-demande/lib-generic-modal/p-dialog/div/div[2]/div/div[1]/input-multi-select/div/div/p-multiselect/div' in '5' second(s)

03-01-2024T16:01:10 - [MESSAGE][INFO] - Smart Wait Function is triggered

03-01-2024T16:01:10 - [MESSAGE][INFO] - Found 1 web elements with id: 'Object Repository/Page_Verif_AccordeonInformationsGeneralesDemande_Agent/List_TypeAction' located by 'By.xpath: //*[@id="content"]/app-demande-instruction/div/app-statut-demande/app-historique-demande/lib-generic-modal/p-dialog/div/div[2]/div/div[1]/input-multi-select/div/div/p-multiselect/div' in '5' second(s)

03-01-2024T16:01:10 - [MESSAGE][INFO] - Clicking on object: 'Object Repository/Page_Verif_AccordeonInformationsGeneralesDemande_Agent/List_TypeAction'

03-01-2024T16:01:12 - [MESSAGE][PASSED] - Object: 'Object Repository/Page_Verif_AccordeonInformationsGeneralesDemande_Agent/List_TypeAction' is clicked on

03-01-2024T16:01:12 - [TEST_STEP][PASSED] - PopUpHistoBtnFermer = findTestObject("Object Repository/Page_Verif_AccordeonInformationsGeneralesDemande_Agent/btn_PopUpHistoFermer"): Finding Test Object 'Object Repository/Page_Verif_AccordeonInformationsGeneralesDemande_Agent/btn_PopUpHistoFermer'

03-01-2024T16:01:12 - [MESSAGE][INFO] - Finding Test Object 'Object Repository/Page_Verif_AccordeonInformationsGeneralesDemande_Agent/btn_PopUpHistoFermer'

03-01-2024T16:01:12 - [TEST_STEP][PASSED] - verifyElementPresent(PopUpHistoBtnFermer, 1): Object 'Object Repository/Page_Verif_AccordeonInformationsGeneralesDemande_Agent/btn_PopUpHistoFermer' is present

03-01-2024T16:01:12 - [MESSAGE][INFO] - Checking object

03-01-2024T16:01:12 - [MESSAGE][INFO] - Finding web element from Test Object's properties

03-01-2024T16:01:12 - [MESSAGE][INFO] - Checking timeout

03-01-2024T16:01:12 - [MESSAGE][INFO] - Finding web element with id: 'Object Repository/Page_Verif_AccordeonInformationsGeneralesDemande_Agent/btn_PopUpHistoFermer' located by 'By.xpath: //*[@id="content"]/app-demande-instruction/div/app-statut-demande/app-historique-demande/lib-generic-modal/p-dialog/div/div[3]/p-footer/button/span' in '1' second(s)

03-01-2024T16:01:12 - [MESSAGE][INFO] - Smart Wait Function is triggered

03-01-2024T16:01:12 - [MESSAGE][INFO] - Found 1 web elements with id: 'Object Repository/Page_Verif_AccordeonInformationsGeneralesDemande_Agent/btn_PopUpHistoFermer' located by 'By.xpath: //*[@id="content"]/app-demande-instruction/div/app-statut-demande/app-historique-demande/lib-generic-modal/p-dialog/div/div[3]/p-footer/button/span' in '1' second(s)

03-01-2024T16:01:12 - [MESSAGE][PASSED] - Object 'Object Repository/Page_Verif_AccordeonInformationsGeneralesDemande_Agent/btn_PopUpHistoFermer' is present

03-01-2024T16:01:12 - [TEST_STEP][PASSED] - click(PopUpHistoBtnFermer): Object: 'Object Repository/Page_Verif_AccordeonInformationsGeneralesDemande_Agent/btn_PopUpHistoFermer' is clicked on

03-01-2024T16:01:12 - [MESSAGE][INFO] - Checking timeout

03-01-2024T16:01:12 - [MESSAGE][INFO] - Finding web element with id: 'Object Repository/Page_Verif_AccordeonInformationsGeneralesDemande_Agent/btn_PopUpHistoFermer' located by 'By.xpath: //*[@id="content"]/app-demande-instruction/div/app-statut-demande/app-historique-demande/lib-generic-modal/p-dialog/div/div[3]/p-footer/button/span' in '20' second(s)

03-01-2024T16:01:12 - [MESSAGE][INFO] - Smart Wait Function is triggered

03-01-2024T16:01:12 - [MESSAGE][INFO] - Found 1 web elements with id: 'Object Repository/Page_Verif_AccordeonInformationsGeneralesDemande_Agent/btn_PopUpHistoFermer' located by 'By.xpath: //*[@id="content"]/app-demande-instruction/div/app-statut-demande/app-historique-demande/lib-generic-modal/p-dialog/div/div[3]/p-footer/button/span' in '20' second(s)

03-01-2024T16:01:12 - [MESSAGE][INFO] - Checking object

03-01-2024T16:01:12 - [MESSAGE][INFO] - Checking timeout

03-01-2024T16:01:12 - [MESSAGE][INFO] - Finding web element from Test Object's properties

03-01-2024T16:01:12 - [MESSAGE][INFO] - Checking timeout

03-01-2024T16:01:12 - [MESSAGE][INFO] - Finding web element with id: 'Object Repository/Page_Verif_AccordeonInformationsGeneralesDemande_Agent/btn_PopUpHistoFermer' located by 'By.xpath: //*[@id="content"]/app-demande-instruction/div/app-statut-demande/app-historique-demande/lib-generic-modal/p-dialog/div/div[3]/p-footer/button/span' in '5' second(s)

03-01-2024T16:01:12 - [MESSAGE][INFO] - Smart Wait Function is triggered

03-01-2024T16:01:12 - [MESSAGE][INFO] - Found 1 web elements with id: 'Object Repository/Page_Verif_AccordeonInformationsGeneralesDemande_Agent/btn_PopUpHistoFermer' located by 'By.xpath: //*[@id="content"]/app-demande-instruction/div/app-statut-demande/app-historique-demande/lib-generic-modal/p-dialog/div/div[3]/p-footer/button/span' in '5' second(s)

03-01-2024T16:01:12 - [MESSAGE][INFO] - Clicking on object: 'Object Repository/Page_Verif_AccordeonInformationsGeneralesDemande_Agent/btn_PopUpHistoFermer'

03-01-2024T16:01:14 - [MESSAGE][PASSED] - Object: 'Object Repository/Page_Verif_AccordeonInformationsGeneralesDemande_Agent/btn_PopUpHistoFermer' is clicked on

03-01-2024T16:01:14 - [TEST_STEP][PASSED] - AfficherDocumentsAdditionnels = findTestObject("Object Repository/Page_Verif_AccordeonInformationsGeneralesDemande_Agent/Link_AfficherDocsAdditionnels"): Finding Test Object 'Object Repository/Page_Verif_AccordeonInformationsGeneralesDemande_Agent/Link_AfficherDocsAdditionnels'

03-01-2024T16:01:14 - [MESSAGE][INFO] - Finding Test Object 'Object Repository/Page_Verif_AccordeonInformationsGeneralesDemande_Agent/Link_AfficherDocsAdditionnels'

03-01-2024T16:01:14 - [TEST_STEP][PASSED] - verifyElementPresent(AfficherDocumentsAdditionnels, 1): Object 'Object Repository/Page_Verif_AccordeonInformationsGeneralesDemande_Agent/Link_AfficherDocsAdditionnels' is present

03-01-2024T16:01:14 - [MESSAGE][INFO] - Checking object

03-01-2024T16:01:14 - [MESSAGE][INFO] - Finding web element from Test Object's properties

03-01-2024T16:01:14 - [MESSAGE][INFO] - Checking timeout

03-01-2024T16:01:14 - [MESSAGE][INFO] - Finding web element with id: 'Object Repository/Page_Verif_AccordeonInformationsGeneralesDemande_Agent/Link_AfficherDocsAdditionnels' located by 'By.xpath: /html/body/app-root/app-layout/div/div/div/app-navigation-layout/div[2]/app-demande-instruction/div/app-statut-demande/div/div/div[2]/a[3]' in '1' second(s)

03-01-2024T16:01:14 - [MESSAGE][INFO] - Smart Wait Function is triggered

03-01-2024T16:01:14 - [MESSAGE][INFO] - Found 1 web elements with id: 'Object Repository/Page_Verif_AccordeonInformationsGeneralesDemande_Agent/Link_AfficherDocsAdditionnels' located by 'By.xpath: /html/body/app-root/app-layout/div/div/div/app-navigation-layout/div[2]/app-demande-instruction/div/app-statut-demande/div/div/div[2]/a[3]' in '1' second(s)

03-01-2024T16:01:14 - [MESSAGE][PASSED] - Object 'Object Repository/Page_Verif_AccordeonInformationsGeneralesDemande_Agent/Link_AfficherDocsAdditionnels' is present

03-01-2024T16:01:14 - [TEST_STEP][PASSED] - click(AfficherDocumentsAdditionnels): Object: 'Object Repository/Page_Verif_AccordeonInformationsGeneralesDemande_Agent/Link_AfficherDocsAdditionnels' is clicked on

03-01-2024T16:01:14 - [MESSAGE][INFO] - Checking timeout

03-01-2024T16:01:14 - [MESSAGE][INFO] - Finding web element with id: 'Object Repository/Page_Verif_AccordeonInformationsGeneralesDemande_Agent/Link_AfficherDocsAdditionnels' located by 'By.xpath: /html/body/app-root/app-layout/div/div/div/app-navigation-layout/div[2]/app-demande-instruction/div/app-statut-demande/div/div/div[2]/a[3]' in '20' second(s)

03-01-2024T16:01:14 - [MESSAGE][INFO] - Smart Wait Function is triggered

03-01-2024T16:01:14 - [MESSAGE][INFO] - Found 1 web elements with id: 'Object Repository/Page_Verif_AccordeonInformationsGeneralesDemande_Agent/Link_AfficherDocsAdditionnels' located by 'By.xpath: /html/body/app-root/app-layout/div/div/div/app-navigation-layout/div[2]/app-demande-instruction/div/app-statut-demande/div/div/div[2]/a[3]' in '20' second(s)

03-01-2024T16:01:15 - [MESSAGE][INFO] - Checking object

03-01-2024T16:01:15 - [MESSAGE][INFO] - Checking timeout

03-01-2024T16:01:15 - [MESSAGE][INFO] - Finding web element from Test Object's properties

03-01-2024T16:01:15 - [MESSAGE][INFO] - Checking timeout

03-01-2024T16:01:15 - [MESSAGE][INFO] - Finding web element with id: 'Object Repository/Page_Verif_AccordeonInformationsGeneralesDemande_Agent/Link_AfficherDocsAdditionnels' located by 'By.xpath: /html/body/app-root/app-layout/div/div/div/app-navigation-layout/div[2]/app-demande-instruction/div/app-statut-demande/div/div/div[2]/a[3]' in '5' second(s)

03-01-2024T16:01:15 - [MESSAGE][INFO] - Smart Wait Function is triggered

03-01-2024T16:01:15 - [MESSAGE][INFO] - Found 1 web elements with id: 'Object Repository/Page_Verif_AccordeonInformationsGeneralesDemande_Agent/Link_AfficherDocsAdditionnels' located by 'By.xpath: /html/body/app-root/app-layout/div/div/div/app-navigation-layout/div[2]/app-demande-instruction/div/app-statut-demande/div/div/div[2]/a[3]' in '5' second(s)

03-01-2024T16:01:15 - [MESSAGE][INFO] - Clicking on object: 'Object Repository/Page_Verif_AccordeonInformationsGeneralesDemande_Agent/Link_AfficherDocsAdditionnels'

03-01-2024T16:01:17 - [MESSAGE][PASSED] - Object: 'Object Repository/Page_Verif_AccordeonInformationsGeneralesDemande_Agent/Link_AfficherDocsAdditionnels' is clicked on

03-01-2024T16:01:17 - [TEST_STEP][PASSED] - PopUpDocsAdditionnels = findTestObject("Object Repository/Page_Verif_AccordeonInformationsGeneralesDemande_Agent/PopUpDocsAdditionnels"): Finding Test Object 'Object Repository/Page_Verif_AccordeonInformationsGeneralesDemande_Agent/PopUpDocsAdditionnels'

03-01-2024T16:01:17 - [MESSAGE][INFO] - Finding Test Object 'Object Repository/Page_Verif_AccordeonInformationsGeneralesDemande_Agent/PopUpDocsAdditionnels'

03-01-2024T16:01:17 - [TEST_STEP][PASSED] - verifyElementPresent(PopUpDocsAdditionnels, 1): Object 'Object Repository/Page_Verif_AccordeonInformationsGeneralesDemande_Agent/PopUpDocsAdditionnels' is present

03-01-2024T16:01:17 - [MESSAGE][INFO] - Checking object

03-01-2024T16:01:17 - [MESSAGE][INFO] - Finding web element from Test Object's properties

03-01-2024T16:01:17 - [MESSAGE][INFO] - Checking timeout

03-01-2024T16:01:17 - [MESSAGE][INFO] - Finding web element with id: 'Object Repository/Page_Verif_AccordeonInformationsGeneralesDemande_Agent/PopUpDocsAdditionnels' located by 'By.xpath: /html/body/app-root/app-layout/div/div/div/app-navigation-layout/div[2]/app-demande-instruction/div/app-statut-demande/app-documents-additionnels/lib-generic-modal/p-dialog/div/div[1]/span/p-header/h2' in '1' second(s)

03-01-2024T16:01:17 - [MESSAGE][INFO] - Smart Wait Function is triggered

03-01-2024T16:01:17 - [MESSAGE][INFO] - Found 1 web elements with id: 'Object Repository/Page_Verif_AccordeonInformationsGeneralesDemande_Agent/PopUpDocsAdditionnels' located by 'By.xpath: /html/body/app-root/app-layout/div/div/div/app-navigation-layout/div[2]/app-demande-instruction/div/app-statut-demande/app-documents-additionnels/lib-generic-modal/p-dialog/div/div[1]/span/p-header/h2' in '1' second(s)

03-01-2024T16:01:17 - [MESSAGE][PASSED] - Object 'Object Repository/Page_Verif_AccordeonInformationsGeneralesDemande_Agent/PopUpDocsAdditionnels' is present

03-01-2024T16:01:17 - [TEST_STEP][PASSED] - TitrePopUpDocsAdditionnels = getText(PopUpDocsAdditionnels): Text of object 'Object Repository/Page_Verif_AccordeonInformationsGeneralesDemande_Agent/PopUpDocsAdditionnels' is: 'DOCUMENTS ADDITIONNELS'

03-01-2024T16:01:17 - [MESSAGE][INFO] - Checking object

03-01-2024T16:01:17 - [MESSAGE][INFO] - Finding web element from Test Object's properties

03-01-2024T16:01:17 - [MESSAGE][INFO] - Checking timeout

03-01-2024T16:01:17 - [MESSAGE][INFO] - Finding web element with id: 'Object Repository/Page_Verif_AccordeonInformationsGeneralesDemande_Agent/PopUpDocsAdditionnels' located by 'By.xpath: /html/body/app-root/app-layout/div/div/div/app-navigation-layout/div[2]/app-demande-instruction/div/app-statut-demande/app-documents-additionnels/lib-generic-modal/p-dialog/div/div[1]/span/p-header/h2' in '5' second(s)

03-01-2024T16:01:17 - [MESSAGE][INFO] - Smart Wait Function is triggered

03-01-2024T16:01:17 - [MESSAGE][INFO] - Found 1 web elements with id: 'Object Repository/Page_Verif_AccordeonInformationsGeneralesDemande_Agent/PopUpDocsAdditionnels' located by 'By.xpath: /html/body/app-root/app-layout/div/div/div/app-navigation-layout/div[2]/app-demande-instruction/div/app-statut-demande/app-documents-additionnels/lib-generic-modal/p-dialog/div/div[1]/span/p-header/h2' in '5' second(s)

03-01-2024T16:01:17 - [MESSAGE][INFO] - Getting text of object 'Object Repository/Page_Verif_AccordeonInformationsGeneralesDemande_Agent/PopUpDocsAdditionnels'

03-01-2024T16:01:17 - [MESSAGE][PASSED] - Text of object 'Object Repository/Page_Verif_AccordeonInformationsGeneralesDemande_Agent/PopUpDocsAdditionnels' is: 'DOCUMENTS ADDITIONNELS'

03-01-2024T16:01:17 - [TEST_STEP][PASSED] - if (!(TitrePopUpDocsAdditionnels.contains("DOCUMENTS ADDITIONNELS"))): null

03-01-2024T16:01:17 - [TEST_STEP][PASSED] - else: Le Titre de PopUp est bien Affiché : DOCUMENTS ADDITIONNELS.

03-01-2024T16:01:17 - [TEST_STEP][PASSED] - markPassed("Le Titre de PopUp est bien Affiché : DOCUMENTS ADDITIONNELS."): Le Titre de PopUp est bien Affiché : DOCUMENTS ADDITIONNELS.

03-01-2024T16:01:17 - [MESSAGE][PASSED] - Le Titre de PopUp est bien Affiché : DOCUMENTS ADDITIONNELS.

03-01-2024T16:01:17 - [TEST_STEP][PASSED] - PopUpDocumentAddBtnFermer = findTestObject("Object Repository/Page_Verif_AccordeonInformationsGeneralesDemande_Agent/btn_PopUpDocumentsAddFermer"): Finding Test Object 'Object Repository/Page_Verif_AccordeonInformationsGeneralesDemande_Agent/btn_PopUpDocumentsAddFermer'

03-01-2024T16:01:17 - [MESSAGE][INFO] - Finding Test Object 'Object Repository/Page_Verif_AccordeonInformationsGeneralesDemande_Agent/btn_PopUpDocumentsAddFermer'

03-01-2024T16:01:17 - [TEST_STEP][PASSED] - verifyElementPresent(PopUpDocumentAddBtnFermer, 1): Object 'Object Repository/Page_Verif_AccordeonInformationsGeneralesDemande_Agent/btn_PopUpDocumentsAddFermer' is present

03-01-2024T16:01:17 - [MESSAGE][INFO] - Checking object

03-01-2024T16:01:17 - [MESSAGE][INFO] - Finding web element from Test Object's properties

03-01-2024T16:01:17 - [MESSAGE][INFO] - Checking timeout

03-01-2024T16:01:17 - [MESSAGE][INFO] - Finding web element with id: 'Object Repository/Page_Verif_AccordeonInformationsGeneralesDemande_Agent/btn_PopUpDocumentsAddFermer' located by 'By.xpath: //*[@id="content"]/app-demande-instruction/div/app-statut-demande/app-documents-additionnels/lib-generic-modal/p-dialog/div/div[3]/p-footer/button/span' in '1' second(s)

03-01-2024T16:01:17 - [MESSAGE][INFO] - Smart Wait Function is triggered

03-01-2024T16:01:17 - [MESSAGE][INFO] - Found 1 web elements with id: 'Object Repository/Page_Verif_AccordeonInformationsGeneralesDemande_Agent/btn_PopUpDocumentsAddFermer' located by 'By.xpath: //*[@id="content"]/app-demande-instruction/div/app-statut-demande/app-documents-additionnels/lib-generic-modal/p-dialog/div/div[3]/p-footer/button/span' in '1' second(s)

03-01-2024T16:01:17 - [MESSAGE][PASSED] - Object 'Object Repository/Page_Verif_AccordeonInformationsGeneralesDemande_Agent/btn_PopUpDocumentsAddFermer' is present

03-01-2024T16:01:17 - [TEST_STEP][PASSED] - click(PopUpDocumentAddBtnFermer): Object: 'Object Repository/Page_Verif_AccordeonInformationsGeneralesDemande_Agent/btn_PopUpDocumentsAddFermer' is clicked on

03-01-2024T16:01:17 - [MESSAGE][INFO] - Checking timeout

03-01-2024T16:01:17 - [MESSAGE][INFO] - Finding web element with id: 'Object Repository/Page_Verif_AccordeonInformationsGeneralesDemande_Agent/btn_PopUpDocumentsAddFermer' located by 'By.xpath: //*[@id="content"]/app-demande-instruction/div/app-statut-demande/app-documents-additionnels/lib-generic-modal/p-dialog/div/div[3]/p-footer/button/span' in '20' second(s)

03-01-2024T16:01:17 - [MESSAGE][INFO] - Smart Wait Function is triggered

03-01-2024T16:01:17 - [MESSAGE][INFO] - Found 1 web elements with id: 'Object Repository/Page_Verif_AccordeonInformationsGeneralesDemande_Agent/btn_PopUpDocumentsAddFermer' located by 'By.xpath: //*[@id="content"]/app-demande-instruction/div/app-statut-demande/app-documents-additionnels/lib-generic-modal/p-dialog/div/div[3]/p-footer/button/span' in '20' second(s)

03-01-2024T16:01:17 - [MESSAGE][INFO] - Checking object

03-01-2024T16:01:17 - [MESSAGE][INFO] - Checking timeout

03-01-2024T16:01:17 - [MESSAGE][INFO] - Finding web element from Test Object's properties

03-01-2024T16:01:17 - [MESSAGE][INFO] - Checking timeout

03-01-2024T16:01:17 - [MESSAGE][INFO] - Finding web element with id: 'Object Repository/Page_Verif_AccordeonInformationsGeneralesDemande_Agent/btn_PopUpDocumentsAddFermer' located by 'By.xpath: //*[@id="content"]/app-demande-instruction/div/app-statut-demande/app-documents-additionnels/lib-generic-modal/p-dialog/div/div[3]/p-footer/button/span' in '5' second(s)

03-01-2024T16:01:17 - [MESSAGE][INFO] - Smart Wait Function is triggered

03-01-2024T16:01:17 - [MESSAGE][INFO] - Found 1 web elements with id: 'Object Repository/Page_Verif_AccordeonInformationsGeneralesDemande_Agent/btn_PopUpDocumentsAddFermer' located by 'By.xpath: //*[@id="content"]/app-demande-instruction/div/app-statut-demande/app-documents-additionnels/lib-generic-modal/p-dialog/div/div[3]/p-footer/button/span' in '5' second(s)

03-01-2024T16:01:17 - [MESSAGE][INFO] - Clicking on object: 'Object Repository/Page_Verif_AccordeonInformationsGeneralesDemande_Agent/btn_PopUpDocumentsAddFermer'

03-01-2024T16:01:19 - [MESSAGE][PASSED] - Object: 'Object Repository/Page_Verif_AccordeonInformationsGeneralesDemande_Agent/btn_PopUpDocumentsAddFermer' is clicked on

03-01-2024T16:01:19 - [TEST_STEP][PASSED] - LinkTransferer = findTestObject("Object Repository/Page_Verif_AccordeonInformationsGeneralesDemande_Agent/Link_Transferer"): Finding Test Object 'Object Repository/Page_Verif_AccordeonInformationsGeneralesDemande_Agent/Link_Transferer'

03-01-2024T16:01:19 - [MESSAGE][INFO] - Finding Test Object 'Object Repository/Page_Verif_AccordeonInformationsGeneralesDemande_Agent/Link_Transferer'

03-01-2024T16:01:19 - [TEST_STEP][PASSED] - verifyElementPresent(LinkTransferer, 1): Object 'Object Repository/Page_Verif_AccordeonInformationsGeneralesDemande_Agent/Link_Transferer' is present

03-01-2024T16:01:19 - [MESSAGE][INFO] - Checking object

03-01-2024T16:01:19 - [MESSAGE][INFO] - Finding web element from Test Object's properties

03-01-2024T16:01:19 - [MESSAGE][INFO] - Checking timeout

03-01-2024T16:01:19 - [MESSAGE][INFO] - Finding web element with id: 'Object Repository/Page_Verif_AccordeonInformationsGeneralesDemande_Agent/Link_Transferer' located by 'By.xpath: //*[@id="content"]/app-demande-instruction/div/app-statut-demande/div/div/div[1]/div[6]/span/a' in '1' second(s)

03-01-2024T16:01:19 - [MESSAGE][INFO] - Smart Wait Function is triggered

03-01-2024T16:01:19 - [MESSAGE][INFO] - Found 1 web elements with id: 'Object Repository/Page_Verif_AccordeonInformationsGeneralesDemande_Agent/Link_Transferer' located by 'By.xpath: //*[@id="content"]/app-demande-instruction/div/app-statut-demande/div/div/div[1]/div[6]/span/a' in '1' second(s)

03-01-2024T16:01:19 - [MESSAGE][PASSED] - Object 'Object Repository/Page_Verif_AccordeonInformationsGeneralesDemande_Agent/Link_Transferer' is present

03-01-2024T16:01:19 - [TEST_STEP][PASSED] - click(LinkTransferer): Object: 'Object Repository/Page_Verif_AccordeonInformationsGeneralesDemande_Agent/Link_Transferer' is clicked on

03-01-2024T16:01:19 - [MESSAGE][INFO] - Checking timeout

03-01-2024T16:01:19 - [MESSAGE][INFO] - Finding web element with id: 'Object Repository/Page_Verif_AccordeonInformationsGeneralesDemande_Agent/Link_Transferer' located by 'By.xpath: //*[@id="content"]/app-demande-instruction/div/app-statut-demande/div/div/div[1]/div[6]/span/a' in '20' second(s)

03-01-2024T16:01:19 - [MESSAGE][INFO] - Smart Wait Function is triggered

03-01-2024T16:01:19 - [MESSAGE][INFO] - Found 1 web elements with id: 'Object Repository/Page_Verif_AccordeonInformationsGeneralesDemande_Agent/Link_Transferer' located by 'By.xpath: //*[@id="content"]/app-demande-instruction/div/app-statut-demande/div/div/div[1]/div[6]/span/a' in '20' second(s)

03-01-2024T16:01:19 - [MESSAGE][INFO] - Checking object

03-01-2024T16:01:19 - [MESSAGE][INFO] - Checking timeout

03-01-2024T16:01:19 - [MESSAGE][INFO] - Finding web element from Test Object's properties

03-01-2024T16:01:19 - [MESSAGE][INFO] - Checking timeout

03-01-2024T16:01:19 - [MESSAGE][INFO] - Finding web element with id: 'Object Repository/Page_Verif_AccordeonInformationsGeneralesDemande_Agent/Link_Transferer' located by 'By.xpath: //*[@id="content"]/app-demande-instruction/div/app-statut-demande/div/div/div[1]/div[6]/span/a' in '5' second(s)

03-01-2024T16:01:19 - [MESSAGE][INFO] - Smart Wait Function is triggered

03-01-2024T16:01:19 - [MESSAGE][INFO] - Found 1 web elements with id: 'Object Repository/Page_Verif_AccordeonInformationsGeneralesDemande_Agent/Link_Transferer' located by 'By.xpath: //*[@id="content"]/app-demande-instruction/div/app-statut-demande/div/div/div[1]/div[6]/span/a' in '5' second(s)

03-01-2024T16:01:19 - [MESSAGE][INFO] - Clicking on object: 'Object Repository/Page_Verif_AccordeonInformationsGeneralesDemande_Agent/Link_Transferer'

03-01-2024T16:01:21 - [MESSAGE][PASSED] - Object: 'Object Repository/Page_Verif_AccordeonInformationsGeneralesDemande_Agent/Link_Transferer' is clicked on

03-01-2024T16:01:21 - [TEST_STEP][PASSED] - PopUpTransferer = findTestObject("Object Repository/Page_Verif_AccordeonInformationsGeneralesDemande_Agent/PopUp_TransfererLaDemande"): Finding Test Object 'Object Repository/Page_Verif_AccordeonInformationsGeneralesDemande_Agent/PopUp_TransfererLaDemande'

03-01-2024T16:01:21 - [MESSAGE][INFO] - Finding Test Object 'Object Repository/Page_Verif_AccordeonInformationsGeneralesDemande_Agent/PopUp_TransfererLaDemande'

03-01-2024T16:01:21 - [TEST_STEP][PASSED] - verifyElementPresent(PopUpTransferer, 1): Object 'Object Repository/Page_Verif_AccordeonInformationsGeneralesDemande_Agent/PopUp_TransfererLaDemande' is present

03-01-2024T16:01:21 - [MESSAGE][INFO] - Checking object

03-01-2024T16:01:21 - [MESSAGE][INFO] - Finding web element from Test Object's properties

03-01-2024T16:01:21 - [MESSAGE][INFO] - Checking timeout

03-01-2024T16:01:21 - [MESSAGE][INFO] - Finding web element with id: 'Object Repository/Page_Verif_AccordeonInformationsGeneralesDemande_Agent/PopUp_TransfererLaDemande' located by 'By.xpath: /html/body/app-root/app-layout/div/div/div/app-navigation-layout/div[2]/app-demande-instruction/div/app-statut-demande/app-transfert-demande/lib-generic-modal/p-dialog/div/div[1]/span/p-header/h2' in '1' second(s)

03-01-2024T16:01:21 - [MESSAGE][INFO] - Smart Wait Function is triggered

03-01-2024T16:01:21 - [MESSAGE][INFO] - Found 1 web elements with id: 'Object Repository/Page_Verif_AccordeonInformationsGeneralesDemande_Agent/PopUp_TransfererLaDemande' located by 'By.xpath: /html/body/app-root/app-layout/div/div/div/app-navigation-layout/div[2]/app-demande-instruction/div/app-statut-demande/app-transfert-demande/lib-generic-modal/p-dialog/div/div[1]/span/p-header/h2' in '1' second(s)

03-01-2024T16:01:21 - [MESSAGE][PASSED] - Object 'Object Repository/Page_Verif_AccordeonInformationsGeneralesDemande_Agent/PopUp_TransfererLaDemande' is present

03-01-2024T16:01:21 - [TEST_STEP][PASSED] - TitrePopUpTransferer = getText(PopUpTransferer): Text of object 'Object Repository/Page_Verif_AccordeonInformationsGeneralesDemande_Agent/PopUp_TransfererLaDemande' is: 'TRANSFÉRER LA DEMANDE'

03-01-2024T16:01:21 - [MESSAGE][INFO] - Checking object

03-01-2024T16:01:21 - [MESSAGE][INFO] - Finding web element from Test Object's properties

03-01-2024T16:01:21 - [MESSAGE][INFO] - Checking timeout

03-01-2024T16:01:21 - [MESSAGE][INFO] - Finding web element with id: 'Object Repository/Page_Verif_AccordeonInformationsGeneralesDemande_Agent/PopUp_TransfererLaDemande' located by 'By.xpath: /html/body/app-root/app-layout/div/div/div/app-navigation-layout/div[2]/app-demande-instruction/div/app-statut-demande/app-transfert-demande/lib-generic-modal/p-dialog/div/div[1]/span/p-header/h2' in '5' second(s)

03-01-2024T16:01:21 - [MESSAGE][INFO] - Smart Wait Function is triggered

03-01-2024T16:01:21 - [MESSAGE][INFO] - Found 1 web elements with id: 'Object Repository/Page_Verif_AccordeonInformationsGeneralesDemande_Agent/PopUp_TransfererLaDemande' located by 'By.xpath: /html/body/app-root/app-layout/div/div/div/app-navigation-layout/div[2]/app-demande-instruction/div/app-statut-demande/app-transfert-demande/lib-generic-modal/p-dialog/div/div[1]/span/p-header/h2' in '5' second(s)

03-01-2024T16:01:21 - [MESSAGE][INFO] - Getting text of object 'Object Repository/Page_Verif_AccordeonInformationsGeneralesDemande_Agent/PopUp_TransfererLaDemande'

03-01-2024T16:01:21 - [MESSAGE][PASSED] - Text of object 'Object Repository/Page_Verif_AccordeonInformationsGeneralesDemande_Agent/PopUp_TransfererLaDemande' is: 'TRANSFÉRER LA DEMANDE'

03-01-2024T16:01:21 - [TEST_STEP][PASSED] - if (!(TitrePopUpTransferer.contains("TRANSFÉRER LA DEMANDE"))): null

03-01-2024T16:01:21 - [TEST_STEP][PASSED] - else: Le Titre de PopUp est bien Affiché : TRANSFÉRER LA DEMANDE.

03-01-2024T16:01:21 - [TEST_STEP][PASSED] - markPassed("Le Titre de PopUp est bien Affiché : TRANSFÉRER LA DEMANDE."): Le Titre de PopUp est bien Affiché : TRANSFÉRER LA DEMANDE.

03-01-2024T16:01:21 - [MESSAGE][PASSED] - Le Titre de PopUp est bien Affiché : TRANSFÉRER LA DEMANDE.

03-01-2024T16:01:21 - [TEST_STEP][PASSED] - TransfererA = findTestObject("Object Repository/Page_Verif_AccordeonInformationsGeneralesDemande_Agent/List_TransfererA"): Finding Test Object 'Object Repository/Page_Verif_AccordeonInformationsGeneralesDemande_Agent/List_TransfererA'

03-01-2024T16:01:21 - [MESSAGE][INFO] - Finding Test Object 'Object Repository/Page_Verif_AccordeonInformationsGeneralesDemande_Agent/List_TransfererA'

03-01-2024T16:01:22 - [TEST_STEP][PASSED] - verifyElementPresent(TransfererA, 1): Object 'Object Repository/Page_Verif_AccordeonInformationsGeneralesDemande_Agent/List_TransfererA' is present

03-01-2024T16:01:22 - [MESSAGE][INFO] - Checking object

03-01-2024T16:01:22 - [MESSAGE][INFO] - Finding web element from Test Object's properties

03-01-2024T16:01:22 - [MESSAGE][INFO] - Checking timeout

03-01-2024T16:01:22 - [MESSAGE][INFO] - Finding web element with id: 'Object Repository/Page_Verif_AccordeonInformationsGeneralesDemande_Agent/List_TransfererA' located by 'By.xpath: /html/body/app-root/app-layout/div/div/div/app-navigation-layout/div[2]/app-demande-instruction/div/app-statut-demande/app-transfert-demande/lib-generic-modal/p-dialog/div/div[2]/div[1]/anef-input-select/div/div/p-dropdown/div/div[3]/label' in '1' second(s)

03-01-2024T16:01:22 - [MESSAGE][INFO] - Smart Wait Function is triggered

03-01-2024T16:01:22 - [MESSAGE][INFO] - Found 1 web elements with id: 'Object Repository/Page_Verif_AccordeonInformationsGeneralesDemande_Agent/List_TransfererA' located by 'By.xpath: /html/body/app-root/app-layout/div/div/div/app-navigation-layout/div[2]/app-demande-instruction/div/app-statut-demande/app-transfert-demande/lib-generic-modal/p-dialog/div/div[2]/div[1]/anef-input-select/div/div/p-dropdown/div/div[3]/label' in '1' second(s)

03-01-2024T16:01:22 - [MESSAGE][PASSED] - Object 'Object Repository/Page_Verif_AccordeonInformationsGeneralesDemande_Agent/List_TransfererA' is present

03-01-2024T16:01:22 - [TEST_STEP][PASSED] - doubleClick(TransfererA): Object: 'Object Repository/Page_Verif_AccordeonInformationsGeneralesDemande_Agent/List_TransfererA' is double clicked on

03-01-2024T16:01:22 - [MESSAGE][INFO] - Checking object

03-01-2024T16:01:22 - [MESSAGE][INFO] - Finding web element from Test Object's properties

03-01-2024T16:01:22 - [MESSAGE][INFO] - Checking timeout

03-01-2024T16:01:22 - [MESSAGE][INFO] - Finding web element with id: 'Object Repository/Page_Verif_AccordeonInformationsGeneralesDemande_Agent/List_TransfererA' located by 'By.xpath: /html/body/app-root/app-layout/div/div/div/app-navigation-layout/div[2]/app-demande-instruction/div/app-statut-demande/app-transfert-demande/lib-generic-modal/p-dialog/div/div[2]/div[1]/anef-input-select/div/div/p-dropdown/div/div[3]/label' in '5' second(s)

03-01-2024T16:01:22 - [MESSAGE][INFO] - Smart Wait Function is triggered

03-01-2024T16:01:22 - [MESSAGE][INFO] - Found 1 web elements with id: 'Object Repository/Page_Verif_AccordeonInformationsGeneralesDemande_Agent/List_TransfererA' located by 'By.xpath: /html/body/app-root/app-layout/div/div/div/app-navigation-layout/div[2]/app-demande-instruction/div/app-statut-demande/app-transfert-demande/lib-generic-modal/p-dialog/div/div[2]/div[1]/anef-input-select/div/div/p-dropdown/div/div[3]/label' in '5' second(s)

03-01-2024T16:01:22 - [MESSAGE][INFO] - Double clicking on object: 'Object Repository/Page_Verif_AccordeonInformationsGeneralesDemande_Agent/List_TransfererA'

03-01-2024T16:01:22 - [MESSAGE][PASSED] - Object: 'Object Repository/Page_Verif_AccordeonInformationsGeneralesDemande_Agent/List_TransfererA' is double clicked on

03-01-2024T16:01:22 - [TEST_STEP][PASSED] - delay(2): Delayed 2 second(s)

03-01-2024T16:01:22 - [MESSAGE][INFO] - Delaying browser in 2 second(s)

03-01-2024T16:01:24 - [MESSAGE][PASSED] - Delayed 2 second(s)

03-01-2024T16:01:24 - [TEST_STEP][PASSED] - PopUpTransfererBtnAnnuler = findTestObject("Object Repository/Page_Verif_AccordeonInformationsGeneralesDemande_Agent/btn_PopUpTransfererAnnuler"): Finding Test Object 'Object Repository/Page_Verif_AccordeonInformationsGeneralesDemande_Agent/btn_PopUpTransfererAnnuler'

03-01-2024T16:01:24 - [MESSAGE][INFO] - Finding Test Object 'Object Repository/Page_Verif_AccordeonInformationsGeneralesDemande_Agent/btn_PopUpTransfererAnnuler'

03-01-2024T16:01:24 - [TEST_STEP][PASSED] - verifyElementPresent(PopUpTransfererBtnAnnuler, 2): Object 'Object Repository/Page_Verif_AccordeonInformationsGeneralesDemande_Agent/btn_PopUpTransfererAnnuler' is present

03-01-2024T16:01:24 - [MESSAGE][INFO] - Checking object

03-01-2024T16:01:24 - [MESSAGE][INFO] - Finding web element from Test Object's properties

03-01-2024T16:01:24 - [MESSAGE][INFO] - Checking timeout

03-01-2024T16:01:24 - [MESSAGE][INFO] - Finding web element with id: 'Object Repository/Page_Verif_AccordeonInformationsGeneralesDemande_Agent/btn_PopUpTransfererAnnuler' located by 'By.xpath: //*[@id="content"]/app-demande-instruction/div/app-statut-demande/app-transfert-demande/lib-generic-modal/p-dialog/div/div[3]/p-footer/button[1]/span' in '2' second(s)

03-01-2024T16:01:24 - [MESSAGE][INFO] - Smart Wait Function is triggered

03-01-2024T16:01:24 - [MESSAGE][INFO] - Found 1 web elements with id: 'Object Repository/Page_Verif_AccordeonInformationsGeneralesDemande_Agent/btn_PopUpTransfererAnnuler' located by 'By.xpath: //*[@id="content"]/app-demande-instruction/div/app-statut-demande/app-transfert-demande/lib-generic-modal/p-dialog/div/div[3]/p-footer/button[1]/span' in '2' second(s)

03-01-2024T16:01:24 - [MESSAGE][PASSED] - Object 'Object Repository/Page_Verif_AccordeonInformationsGeneralesDemande_Agent/btn_PopUpTransfererAnnuler' is present

03-01-2024T16:01:24 - [TEST_STEP][PASSED] - click(PopUpTransfererBtnAnnuler): Object: 'Object Repository/Page_Verif_AccordeonInformationsGeneralesDemande_Agent/btn_PopUpTransfererAnnuler' is clicked on

03-01-2024T16:01:24 - [MESSAGE][INFO] - Checking timeout

03-01-2024T16:01:24 - [MESSAGE][INFO] - Finding web element with id: 'Object Repository/Page_Verif_AccordeonInformationsGeneralesDemande_Agent/btn_PopUpTransfererAnnuler' located by 'By.xpath: //*[@id="content"]/app-demande-instruction/div/app-statut-demande/app-transfert-demande/lib-generic-modal/p-dialog/div/div[3]/p-footer/button[1]/span' in '20' second(s)

03-01-2024T16:01:24 - [MESSAGE][INFO] - Smart Wait Function is triggered

03-01-2024T16:01:24 - [MESSAGE][INFO] - Found 1 web elements with id: 'Object Repository/Page_Verif_AccordeonInformationsGeneralesDemande_Agent/btn_PopUpTransfererAnnuler' located by 'By.xpath: //*[@id="content"]/app-demande-instruction/div/app-statut-demande/app-transfert-demande/lib-generic-modal/p-dialog/div/div[3]/p-footer/button[1]/span' in '20' second(s)

03-01-2024T16:01:24 - [MESSAGE][INFO] - Checking object

03-01-2024T16:01:24 - [MESSAGE][INFO] - Checking timeout

03-01-2024T16:01:24 - [MESSAGE][INFO] - Finding web element from Test Object's properties

03-01-2024T16:01:24 - [MESSAGE][INFO] - Checking timeout

03-01-2024T16:01:24 - [MESSAGE][INFO] - Finding web element with id: 'Object Repository/Page_Verif_AccordeonInformationsGeneralesDemande_Agent/btn_PopUpTransfererAnnuler' located by 'By.xpath: //*[@id="content"]/app-demande-instruction/div/app-statut-demande/app-transfert-demande/lib-generic-modal/p-dialog/div/div[3]/p-footer/button[1]/span' in '5' second(s)

03-01-2024T16:01:24 - [MESSAGE][INFO] - Smart Wait Function is triggered

03-01-2024T16:01:24 - [MESSAGE][INFO] - Found 1 web elements with id: 'Object Repository/Page_Verif_AccordeonInformationsGeneralesDemande_Agent/btn_PopUpTransfererAnnuler' located by 'By.xpath: //*[@id="content"]/app-demande-instruction/div/app-statut-demande/app-transfert-demande/lib-generic-modal/p-dialog/div/div[3]/p-footer/button[1]/span' in '5' second(s)

03-01-2024T16:01:24 - [MESSAGE][INFO] - Clicking on object: 'Object Repository/Page_Verif_AccordeonInformationsGeneralesDemande_Agent/btn_PopUpTransfererAnnuler'

03-01-2024T16:01:26 - [MESSAGE][PASSED] - Object: 'Object Repository/Page_Verif_AccordeonInformationsGeneralesDemande_Agent/btn_PopUpTransfererAnnuler' is clicked on

03-01-2024T16:01:26 - [TEST_STEP][PASSED] - LinkReaffecter = findTestObject("Object Repository/Page_Verif_AccordeonInformationsGeneralesDemande_Agent/Link_Reaffecter"): Finding Test Object 'Object Repository/Page_Verif_AccordeonInformationsGeneralesDemande_Agent/Link_Reaffecter'

03-01-2024T16:01:26 - [MESSAGE][INFO] - Finding Test Object 'Object Repository/Page_Verif_AccordeonInformationsGeneralesDemande_Agent/Link_Reaffecter'

03-01-2024T16:01:26 - [TEST_STEP][PASSED] - verifyElementPresent(LinkReaffecter, 1): Object 'Object Repository/Page_Verif_AccordeonInformationsGeneralesDemande_Agent/Link_Reaffecter' is present

03-01-2024T16:01:26 - [MESSAGE][INFO] - Checking object

03-01-2024T16:01:26 - [MESSAGE][INFO] - Finding web element from Test Object's properties

03-01-2024T16:01:26 - [MESSAGE][INFO] - Checking timeout

03-01-2024T16:01:26 - [MESSAGE][INFO] - Finding web element with id: 'Object Repository/Page_Verif_AccordeonInformationsGeneralesDemande_Agent/Link_Reaffecter' located by 'By.xpath: //*[@id="content"]/app-demande-instruction/div/app-statut-demande/div/div/div[1]/div[7]/span/a' in '1' second(s)

03-01-2024T16:01:26 - [MESSAGE][INFO] - Smart Wait Function is triggered

03-01-2024T16:01:26 - [MESSAGE][INFO] - Found 1 web elements with id: 'Object Repository/Page_Verif_AccordeonInformationsGeneralesDemande_Agent/Link_Reaffecter' located by 'By.xpath: //*[@id="content"]/app-demande-instruction/div/app-statut-demande/div/div/div[1]/div[7]/span/a' in '1' second(s)

03-01-2024T16:01:26 - [MESSAGE][PASSED] - Object 'Object Repository/Page_Verif_AccordeonInformationsGeneralesDemande_Agent/Link_Reaffecter' is present

03-01-2024T16:01:26 - [TEST_STEP][PASSED] - click(LinkReaffecter): Object: 'Object Repository/Page_Verif_AccordeonInformationsGeneralesDemande_Agent/Link_Reaffecter' is clicked on

03-01-2024T16:01:26 - [MESSAGE][INFO] - Checking timeout

03-01-2024T16:01:26 - [MESSAGE][INFO] - Finding web element with id: 'Object Repository/Page_Verif_AccordeonInformationsGeneralesDemande_Agent/Link_Reaffecter' located by 'By.xpath: //*[@id="content"]/app-demande-instruction/div/app-statut-demande/div/div/div[1]/div[7]/span/a' in '20' second(s)

03-01-2024T16:01:26 - [MESSAGE][INFO] - Smart Wait Function is triggered

03-01-2024T16:01:26 - [MESSAGE][INFO] - Found 1 web elements with id: 'Object Repository/Page_Verif_AccordeonInformationsGeneralesDemande_Agent/Link_Reaffecter' located by 'By.xpath: //*[@id="content"]/app-demande-instruction/div/app-statut-demande/div/div/div[1]/div[7]/span/a' in '20' second(s)

03-01-2024T16:01:26 - [MESSAGE][INFO] - Checking object

03-01-2024T16:01:26 - [MESSAGE][INFO] - Checking timeout

03-01-2024T16:01:26 - [MESSAGE][INFO] - Finding web element from Test Object's properties

03-01-2024T16:01:26 - [MESSAGE][INFO] - Checking timeout

03-01-2024T16:01:26 - [MESSAGE][INFO] - Finding web element with id: 'Object Repository/Page_Verif_AccordeonInformationsGeneralesDemande_Agent/Link_Reaffecter' located by 'By.xpath: //*[@id="content"]/app-demande-instruction/div/app-statut-demande/div/div/div[1]/div[7]/span/a' in '5' second(s)

03-01-2024T16:01:26 - [MESSAGE][INFO] - Smart Wait Function is triggered

03-01-2024T16:01:26 - [MESSAGE][INFO] - Found 1 web elements with id: 'Object Repository/Page_Verif_AccordeonInformationsGeneralesDemande_Agent/Link_Reaffecter' located by 'By.xpath: //*[@id="content"]/app-demande-instruction/div/app-statut-demande/div/div/div[1]/div[7]/span/a' in '5' second(s)

03-01-2024T16:01:26 - [MESSAGE][INFO] - Clicking on object: 'Object Repository/Page_Verif_AccordeonInformationsGeneralesDemande_Agent/Link_Reaffecter'

03-01-2024T16:01:28 - [MESSAGE][PASSED] - Object: 'Object Repository/Page_Verif_AccordeonInformationsGeneralesDemande_Agent/Link_Reaffecter' is clicked on

03-01-2024T16:01:28 - [TEST_STEP][PASSED] - PopUpReaffecter = findTestObject("Object Repository/Page_Verif_AccordeonInformationsGeneralesDemande_Agent/PopUp_ReaffecterLaDemande"): Finding Test Object 'Object Repository/Page_Verif_AccordeonInformationsGeneralesDemande_Agent/PopUp_ReaffecterLaDemande'

03-01-2024T16:01:28 - [MESSAGE][INFO] - Finding Test Object 'Object Repository/Page_Verif_AccordeonInformationsGeneralesDemande_Agent/PopUp_ReaffecterLaDemande'

03-01-2024T16:01:28 - [TEST_STEP][PASSED] - verifyElementPresent(PopUpReaffecter, 1): Object 'Object Repository/Page_Verif_AccordeonInformationsGeneralesDemande_Agent/PopUp_ReaffecterLaDemande' is present

03-01-2024T16:01:28 - [MESSAGE][INFO] - Checking object

03-01-2024T16:01:28 - [MESSAGE][INFO] - Finding web element from Test Object's properties

03-01-2024T16:01:28 - [MESSAGE][INFO] - Checking timeout

03-01-2024T16:01:28 - [MESSAGE][INFO] - Finding web element with id: 'Object Repository/Page_Verif_AccordeonInformationsGeneralesDemande_Agent/PopUp_ReaffecterLaDemande' located by 'By.xpath: //app-navigation-layout//app-demandes-sejour//app-demande-table/app-reaffectation-demande/lib-generic-modal/p-dialog/div/div[1]/span/p-header/h2|//app-navigation-layout//app-demande-instruction//app-statut-demande/app-reaffectation-demande/lib-generic-modal/p-dialog/div/div[1]/span/p-header/h2' in '1' second(s)

03-01-2024T16:01:28 - [MESSAGE][INFO] - Smart Wait Function is triggered

03-01-2024T16:01:28 - [MESSAGE][INFO] - Found 1 web elements with id: 'Object Repository/Page_Verif_AccordeonInformationsGeneralesDemande_Agent/PopUp_ReaffecterLaDemande' located by 'By.xpath: //app-navigation-layout//app-demandes-sejour//app-demande-table/app-reaffectation-demande/lib-generic-modal/p-dialog/div/div[1]/span/p-header/h2|//app-navigation-layout//app-demande-instruction//app-statut-demande/app-reaffectation-demande/lib-generic-modal/p-dialog/div/div[1]/span/p-header/h2' in '1' second(s)

03-01-2024T16:01:28 - [MESSAGE][PASSED] - Object 'Object Repository/Page_Verif_AccordeonInformationsGeneralesDemande_Agent/PopUp_ReaffecterLaDemande' is present

03-01-2024T16:01:28 - [TEST_STEP][PASSED] - TitrePopUpReaffecter = getText(PopUpReaffecter): Text of object 'Object Repository/Page_Verif_AccordeonInformationsGeneralesDemande_Agent/PopUp_ReaffecterLaDemande' is: 'RÉAFFECTER LA DEMANDE'

03-01-2024T16:01:28 - [MESSAGE][INFO] - Checking object

03-01-2024T16:01:28 - [MESSAGE][INFO] - Finding web element from Test Object's properties

03-01-2024T16:01:28 - [MESSAGE][INFO] - Checking timeout

03-01-2024T16:01:28 - [MESSAGE][INFO] - Finding web element with id: 'Object Repository/Page_Verif_AccordeonInformationsGeneralesDemande_Agent/PopUp_ReaffecterLaDemande' located by 'By.xpath: //app-navigation-layout//app-demandes-sejour//app-demande-table/app-reaffectation-demande/lib-generic-modal/p-dialog/div/div[1]/span/p-header/h2|//app-navigation-layout//app-demande-instruction//app-statut-demande/app-reaffectation-demande/lib-generic-modal/p-dialog/div/div[1]/span/p-header/h2' in '5' second(s)

03-01-2024T16:01:28 - [MESSAGE][INFO] - Smart Wait Function is triggered

03-01-2024T16:01:28 - [MESSAGE][INFO] - Found 1 web elements with id: 'Object Repository/Page_Verif_AccordeonInformationsGeneralesDemande_Agent/PopUp_ReaffecterLaDemande' located by 'By.xpath: //app-navigation-layout//app-demandes-sejour//app-demande-table/app-reaffectation-demande/lib-generic-modal/p-dialog/div/div[1]/span/p-header/h2|//app-navigation-layout//app-demande-instruction//app-statut-demande/app-reaffectation-demande/lib-generic-modal/p-dialog/div/div[1]/span/p-header/h2' in '5' second(s)

03-01-2024T16:01:28 - [MESSAGE][INFO] - Getting text of object 'Object Repository/Page_Verif_AccordeonInformationsGeneralesDemande_Agent/PopUp_ReaffecterLaDemande'

03-01-2024T16:01:28 - [MESSAGE][PASSED] - Text of object 'Object Repository/Page_Verif_AccordeonInformationsGeneralesDemande_Agent/PopUp_ReaffecterLaDemande' is: 'RÉAFFECTER LA DEMANDE'

03-01-2024T16:01:28 - [TEST_STEP][PASSED] - if (!(TitrePopUpReaffecter.contains("RÉAFFECTER LA DEMANDE"))): null

03-01-2024T16:01:28 - [TEST_STEP][PASSED] - else: Le Titre de PopUp est bien Affiché : RÉAFFECTER LA DEMANDE.

03-01-2024T16:01:28 - [TEST_STEP][PASSED] - markPassed("Le Titre de PopUp est bien Affiché : RÉAFFECTER LA DEMANDE."): Le Titre de PopUp est bien Affiché : RÉAFFECTER LA DEMANDE.

03-01-2024T16:01:28 - [MESSAGE][PASSED] - Le Titre de PopUp est bien Affiché : RÉAFFECTER LA DEMANDE.

03-01-2024T16:01:28 - [TEST_STEP][PASSED] - ReaffecterA = findTestObject("Object Repository/Page_Verif_AccordeonInformationsGeneralesDemande_Agent/List_ReaffecterA"): Finding Test Object 'Object Repository/Page_Verif_AccordeonInformationsGeneralesDemande_Agent/List_ReaffecterA'

03-01-2024T16:01:28 - [MESSAGE][INFO] - Finding Test Object 'Object Repository/Page_Verif_AccordeonInformationsGeneralesDemande_Agent/List_ReaffecterA'

03-01-2024T16:01:29 - [TEST_STEP][PASSED] - verifyElementPresent(ReaffecterA, 1): Object 'Object Repository/Page_Verif_AccordeonInformationsGeneralesDemande_Agent/List_ReaffecterA' is present

03-01-2024T16:01:29 - [MESSAGE][INFO] - Checking object

03-01-2024T16:01:29 - [MESSAGE][INFO] - Finding web element from Test Object's properties

03-01-2024T16:01:29 - [MESSAGE][INFO] - Checking timeout

03-01-2024T16:01:29 - [MESSAGE][INFO] - Finding web element with id: 'Object Repository/Page_Verif_AccordeonInformationsGeneralesDemande_Agent/List_ReaffecterA' located by 'By.xpath: //app-demande-instruction//app-statut-demande/app-reaffectation-demande/lib-generic-modal/p-dialog/div/div[2]/div/anef-input-select/div/div/p-dropdown/div/div[3]/label|//app-demandes-sejour//app-demande-table/app-reaffectation-demande/lib-generic-modal/p-dialog/div/div[2]/div/anef-input-select/div/div/p-dropdown/div/div[3]/label' in '1' second(s)

03-01-2024T16:01:29 - [MESSAGE][INFO] - Smart Wait Function is triggered

03-01-2024T16:01:29 - [MESSAGE][INFO] - Found 1 web elements with id: 'Object Repository/Page_Verif_AccordeonInformationsGeneralesDemande_Agent/List_ReaffecterA' located by 'By.xpath: //app-demande-instruction//app-statut-demande/app-reaffectation-demande/lib-generic-modal/p-dialog/div/div[2]/div/anef-input-select/div/div/p-dropdown/div/div[3]/label|//app-demandes-sejour//app-demande-table/app-reaffectation-demande/lib-generic-modal/p-dialog/div/div[2]/div/anef-input-select/div/div/p-dropdown/div/div[3]/label' in '1' second(s)

03-01-2024T16:01:29 - [MESSAGE][PASSED] - Object 'Object Repository/Page_Verif_AccordeonInformationsGeneralesDemande_Agent/List_ReaffecterA' is present

03-01-2024T16:01:29 - [TEST_STEP][PASSED] - doubleClick(ReaffecterA): Object: 'Object Repository/Page_Verif_AccordeonInformationsGeneralesDemande_Agent/List_ReaffecterA' is double clicked on

03-01-2024T16:01:29 - [MESSAGE][INFO] - Checking object

03-01-2024T16:01:29 - [MESSAGE][INFO] - Finding web element from Test Object's properties

03-01-2024T16:01:29 - [MESSAGE][INFO] - Checking timeout

03-01-2024T16:01:29 - [MESSAGE][INFO] - Finding web element with id: 'Object Repository/Page_Verif_AccordeonInformationsGeneralesDemande_Agent/List_ReaffecterA' located by 'By.xpath: //app-demande-instruction//app-statut-demande/app-reaffectation-demande/lib-generic-modal/p-dialog/div/div[2]/div/anef-input-select/div/div/p-dropdown/div/div[3]/label|//app-demandes-sejour//app-demande-table/app-reaffectation-demande/lib-generic-modal/p-dialog/div/div[2]/div/anef-input-select/div/div/p-dropdown/div/div[3]/label' in '5' second(s)

03-01-2024T16:01:29 - [MESSAGE][INFO] - Smart Wait Function is triggered

03-01-2024T16:01:29 - [MESSAGE][INFO] - Found 1 web elements with id: 'Object Repository/Page_Verif_AccordeonInformationsGeneralesDemande_Agent/List_ReaffecterA' located by 'By.xpath: //app-demande-instruction//app-statut-demande/app-reaffectation-demande/lib-generic-modal/p-dialog/div/div[2]/div/anef-input-select/div/div/p-dropdown/div/div[3]/label|//app-demandes-sejour//app-demande-table/app-reaffectation-demande/lib-generic-modal/p-dialog/div/div[2]/div/anef-input-select/div/div/p-dropdown/div/div[3]/label' in '5' second(s)

03-01-2024T16:01:29 - [MESSAGE][INFO] - Double clicking on object: 'Object Repository/Page_Verif_AccordeonInformationsGeneralesDemande_Agent/List_ReaffecterA'

03-01-2024T16:01:29 - [MESSAGE][PASSED] - Object: 'Object Repository/Page_Verif_AccordeonInformationsGeneralesDemande_Agent/List_ReaffecterA' is double clicked on

03-01-2024T16:01:29 - [TEST_STEP][PASSED] - PopUpReaffecterBtnConfirmer = findTestObject("Object Repository/Page_Verif_AccordeonInformationsGeneralesDemande_Agent/btn_PopUpReaffecterAnnuler"): Finding Test Object 'Object Repository/Page_Verif_AccordeonInformationsGeneralesDemande_Agent/btn_PopUpReaffecterAnnuler'

03-01-2024T16:01:29 - [MESSAGE][INFO] - Finding Test Object 'Object Repository/Page_Verif_AccordeonInformationsGeneralesDemande_Agent/btn_PopUpReaffecterAnnuler'

03-01-2024T16:01:29 - [TEST_STEP][PASSED] - verifyElementPresent(PopUpReaffecterBtnConfirmer, 1): Object 'Object Repository/Page_Verif_AccordeonInformationsGeneralesDemande_Agent/btn_PopUpReaffecterAnnuler' is present

03-01-2024T16:01:29 - [MESSAGE][INFO] - Checking object

03-01-2024T16:01:29 - [MESSAGE][INFO] - Finding web element from Test Object's properties

03-01-2024T16:01:29 - [MESSAGE][INFO] - Checking timeout

03-01-2024T16:01:29 - [MESSAGE][INFO] - Finding web element with id: 'Object Repository/Page_Verif_AccordeonInformationsGeneralesDemande_Agent/btn_PopUpReaffecterAnnuler' located by 'By.xpath: /html/body/app-root/app-layout/div/div/div/app-navigation-layout/div[2]/app-demande-instruction/div/app-statut-demande/app-reaffectation-demande/lib-generic-modal/p-dialog/div/div[3]/p-footer/button[1]/span' in '1' second(s)

03-01-2024T16:01:29 - [MESSAGE][INFO] - Smart Wait Function is triggered

03-01-2024T16:01:29 - [MESSAGE][INFO] - Found 1 web elements with id: 'Object Repository/Page_Verif_AccordeonInformationsGeneralesDemande_Agent/btn_PopUpReaffecterAnnuler' located by 'By.xpath: /html/body/app-root/app-layout/div/div/div/app-navigation-layout/div[2]/app-demande-instruction/div/app-statut-demande/app-reaffectation-demande/lib-generic-modal/p-dialog/div/div[3]/p-footer/button[1]/span' in '1' second(s)

03-01-2024T16:01:29 - [MESSAGE][PASSED] - Object 'Object Repository/Page_Verif_AccordeonInformationsGeneralesDemande_Agent/btn_PopUpReaffecterAnnuler' is present

03-01-2024T16:01:29 - [TEST_STEP][PASSED] - click(PopUpReaffecterBtnConfirmer): Object: 'Object Repository/Page_Verif_AccordeonInformationsGeneralesDemande_Agent/btn_PopUpReaffecterAnnuler' is clicked on

03-01-2024T16:01:29 - [MESSAGE][INFO] - Checking timeout

03-01-2024T16:01:29 - [MESSAGE][INFO] - Finding web element with id: 'Object Repository/Page_Verif_AccordeonInformationsGeneralesDemande_Agent/btn_PopUpReaffecterAnnuler' located by 'By.xpath: /html/body/app-root/app-layout/div/div/div/app-navigation-layout/div[2]/app-demande-instruction/div/app-statut-demande/app-reaffectation-demande/lib-generic-modal/p-dialog/div/div[3]/p-footer/button[1]/span' in '20' second(s)

03-01-2024T16:01:29 - [MESSAGE][INFO] - Smart Wait Function is triggered

03-01-2024T16:01:29 - [MESSAGE][INFO] - Found 1 web elements with id: 'Object Repository/Page_Verif_AccordeonInformationsGeneralesDemande_Agent/btn_PopUpReaffecterAnnuler' located by 'By.xpath: /html/body/app-root/app-layout/div/div/div/app-navigation-layout/div[2]/app-demande-instruction/div/app-statut-demande/app-reaffectation-demande/lib-generic-modal/p-dialog/div/div[3]/p-footer/button[1]/span' in '20' second(s)

03-01-2024T16:01:29 - [MESSAGE][INFO] - Checking object

03-01-2024T16:01:29 - [MESSAGE][INFO] - Checking timeout

03-01-2024T16:01:29 - [MESSAGE][INFO] - Finding web element from Test Object's properties

03-01-2024T16:01:29 - [MESSAGE][INFO] - Checking timeout

03-01-2024T16:01:29 - [MESSAGE][INFO] - Finding web element with id: 'Object Repository/Page_Verif_AccordeonInformationsGeneralesDemande_Agent/btn_PopUpReaffecterAnnuler' located by 'By.xpath: /html/body/app-root/app-layout/div/div/div/app-navigation-layout/div[2]/app-demande-instruction/div/app-statut-demande/app-reaffectation-demande/lib-generic-modal/p-dialog/div/div[3]/p-footer/button[1]/span' in '5' second(s)

03-01-2024T16:01:29 - [MESSAGE][INFO] - Smart Wait Function is triggered

03-01-2024T16:01:29 - [MESSAGE][INFO] - Found 1 web elements with id: 'Object Repository/Page_Verif_AccordeonInformationsGeneralesDemande_Agent/btn_PopUpReaffecterAnnuler' located by 'By.xpath: /html/body/app-root/app-layout/div/div/div/app-navigation-layout/div[2]/app-demande-instruction/div/app-statut-demande/app-reaffectation-demande/lib-generic-modal/p-dialog/div/div[3]/p-footer/button[1]/span' in '5' second(s)

03-01-2024T16:01:29 - [MESSAGE][INFO] - Clicking on object: 'Object Repository/Page_Verif_AccordeonInformationsGeneralesDemande_Agent/btn_PopUpReaffecterAnnuler'

03-01-2024T16:01:31 - [MESSAGE][PASSED] - Object: 'Object Repository/Page_Verif_AccordeonInformationsGeneralesDemande_Agent/btn_PopUpReaffecterAnnuler' is clicked on

03-01-2024T16:01:31 - [TEST_STEP][PASSED] - LinkAttestationProlongation = findTestObject("Object Repository/Page_Verif_AccordeonInformationsGeneralesDemande_Agent/Link_AttestationProlongation"): Finding Test Object 'Object Repository/Page_Verif_AccordeonInformationsGeneralesDemande_Agent/Link_AttestationProlongation'

03-01-2024T16:01:31 - [MESSAGE][INFO] - Finding Test Object 'Object Repository/Page_Verif_AccordeonInformationsGeneralesDemande_Agent/Link_AttestationProlongation'

03-01-2024T16:01:31 - [TEST_STEP][PASSED] - verifyElementPresent(LinkAttestationProlongation, 1): Object 'Object Repository/Page_Verif_AccordeonInformationsGeneralesDemande_Agent/Link_AttestationProlongation' is present

03-01-2024T16:01:31 - [MESSAGE][INFO] - Checking object

03-01-2024T16:01:31 - [MESSAGE][INFO] - Finding web element from Test Object's properties

03-01-2024T16:01:31 - [MESSAGE][INFO] - Checking timeout

03-01-2024T16:01:31 - [MESSAGE][INFO] - Finding web element with id: 'Object Repository/Page_Verif_AccordeonInformationsGeneralesDemande_Agent/Link_AttestationProlongation' located by 'By.xpath: //*[@id="content"]/app-demande-instruction/div/app-statut-demandeur/div/div/div[3]/div[3]/div/button/span' in '1' second(s)

03-01-2024T16:01:31 - [MESSAGE][INFO] - Smart Wait Function is triggered

03-01-2024T16:01:31 - [MESSAGE][INFO] - Found 1 web elements with id: 'Object Repository/Page_Verif_AccordeonInformationsGeneralesDemande_Agent/Link_AttestationProlongation' located by 'By.xpath: //*[@id="content"]/app-demande-instruction/div/app-statut-demandeur/div/div/div[3]/div[3]/div/button/span' in '1' second(s)

03-01-2024T16:01:31 - [MESSAGE][PASSED] - Object 'Object Repository/Page_Verif_AccordeonInformationsGeneralesDemande_Agent/Link_AttestationProlongation' is present

03-01-2024T16:01:31 - [TEST_STEP][PASSED] - click(LinkAttestationProlongation): Object: 'Object Repository/Page_Verif_AccordeonInformationsGeneralesDemande_Agent/Link_AttestationProlongation' is clicked on

03-01-2024T16:01:31 - [MESSAGE][INFO] - Checking timeout

03-01-2024T16:01:31 - [MESSAGE][INFO] - Finding web element with id: 'Object Repository/Page_Verif_AccordeonInformationsGeneralesDemande_Agent/Link_AttestationProlongation' located by 'By.xpath: //*[@id="content"]/app-demande-instruction/div/app-statut-demandeur/div/div/div[3]/div[3]/div/button/span' in '20' second(s)

03-01-2024T16:01:31 - [MESSAGE][INFO] - Smart Wait Function is triggered

03-01-2024T16:01:31 - [MESSAGE][INFO] - Found 1 web elements with id: 'Object Repository/Page_Verif_AccordeonInformationsGeneralesDemande_Agent/Link_AttestationProlongation' located by 'By.xpath: //*[@id="content"]/app-demande-instruction/div/app-statut-demandeur/div/div/div[3]/div[3]/div/button/span' in '20' second(s)

03-01-2024T16:01:31 - [MESSAGE][INFO] - Checking object

03-01-2024T16:01:31 - [MESSAGE][INFO] - Checking timeout

03-01-2024T16:01:31 - [MESSAGE][INFO] - Finding web element from Test Object's properties

03-01-2024T16:01:31 - [MESSAGE][INFO] - Checking timeout

03-01-2024T16:01:31 - [MESSAGE][INFO] - Finding web element with id: 'Object Repository/Page_Verif_AccordeonInformationsGeneralesDemande_Agent/Link_AttestationProlongation' located by 'By.xpath: //*[@id="content"]/app-demande-instruction/div/app-statut-demandeur/div/div/div[3]/div[3]/div/button/span' in '5' second(s)

03-01-2024T16:01:31 - [MESSAGE][INFO] - Smart Wait Function is triggered

03-01-2024T16:01:31 - [MESSAGE][INFO] - Found 1 web elements with id: 'Object Repository/Page_Verif_AccordeonInformationsGeneralesDemande_Agent/Link_AttestationProlongation' located by 'By.xpath: //*[@id="content"]/app-demande-instruction/div/app-statut-demandeur/div/div/div[3]/div[3]/div/button/span' in '5' second(s)

03-01-2024T16:01:31 - [MESSAGE][INFO] - Clicking on object: 'Object Repository/Page_Verif_AccordeonInformationsGeneralesDemande_Agent/Link_AttestationProlongation'

03-01-2024T16:01:33 - [MESSAGE][PASSED] - Object: 'Object Repository/Page_Verif_AccordeonInformationsGeneralesDemande_Agent/Link_AttestationProlongation' is clicked on

03-01-2024T16:01:33 - [TEST_STEP][PASSED] - PopUpAttestationProlongation = findTestObject("Object Repository/Page_Verif_AccordeonInformationsGeneralesDemande_Agent/PopUp_AttestationProlongation"): Finding Test Object 'Object Repository/Page_Verif_AccordeonInformationsGeneralesDemande_Agent/PopUp_AttestationProlongation'

03-01-2024T16:01:33 - [MESSAGE][INFO] - Finding Test Object 'Object Repository/Page_Verif_AccordeonInformationsGeneralesDemande_Agent/PopUp_AttestationProlongation'

03-01-2024T16:01:33 - [TEST_STEP][PASSED] - verifyElementPresent(PopUpAttestationProlongation, 1): Object 'Object Repository/Page_Verif_AccordeonInformationsGeneralesDemande_Agent/PopUp_AttestationProlongation' is present

03-01-2024T16:01:33 - [MESSAGE][INFO] - Checking object

03-01-2024T16:01:33 - [MESSAGE][INFO] - Finding web element from Test Object's properties

03-01-2024T16:01:33 - [MESSAGE][INFO] - Checking timeout

03-01-2024T16:01:33 - [MESSAGE][INFO] - Finding web element with id: 'Object Repository/Page_Verif_AccordeonInformationsGeneralesDemande_Agent/PopUp_AttestationProlongation' located by 'By.xpath: /html/body/app-root/app-layout/div/div/div/app-navigation-layout/div[2]/app-demande-instruction/div/app-statut-demandeur/div/div/div[3]/p-dialog/div/div[1]/span/p-header' in '1' second(s)

03-01-2024T16:01:33 - [MESSAGE][INFO] - Smart Wait Function is triggered

03-01-2024T16:01:33 - [MESSAGE][INFO] - Found 1 web elements with id: 'Object Repository/Page_Verif_AccordeonInformationsGeneralesDemande_Agent/PopUp_AttestationProlongation' located by 'By.xpath: /html/body/app-root/app-layout/div/div/div/app-navigation-layout/div[2]/app-demande-instruction/div/app-statut-demandeur/div/div/div[3]/p-dialog/div/div[1]/span/p-header' in '1' second(s)

03-01-2024T16:01:33 - [MESSAGE][PASSED] - Object 'Object Repository/Page_Verif_AccordeonInformationsGeneralesDemande_Agent/PopUp_AttestationProlongation' is present

03-01-2024T16:01:33 - [TEST_STEP][PASSED] - TitrePopUpAttestationProlongation = getText(PopUpAttestationProlongation): Text of object 'Object Repository/Page_Verif_AccordeonInformationsGeneralesDemande_Agent/PopUp_AttestationProlongation' is: 'PRODUIRE UNE ATTESTATION DE PROLONGATION'

03-01-2024T16:01:33 - [MESSAGE][INFO] - Checking object

03-01-2024T16:01:33 - [MESSAGE][INFO] - Finding web element from Test Object's properties

03-01-2024T16:01:33 - [MESSAGE][INFO] - Checking timeout

03-01-2024T16:01:33 - [MESSAGE][INFO] - Finding web element with id: 'Object Repository/Page_Verif_AccordeonInformationsGeneralesDemande_Agent/PopUp_AttestationProlongation' located by 'By.xpath: /html/body/app-root/app-layout/div/div/div/app-navigation-layout/div[2]/app-demande-instruction/div/app-statut-demandeur/div/div/div[3]/p-dialog/div/div[1]/span/p-header' in '5' second(s)

03-01-2024T16:01:33 - [MESSAGE][INFO] - Smart Wait Function is triggered

03-01-2024T16:01:33 - [MESSAGE][INFO] - Found 1 web elements with id: 'Object Repository/Page_Verif_AccordeonInformationsGeneralesDemande_Agent/PopUp_AttestationProlongation' located by 'By.xpath: /html/body/app-root/app-layout/div/div/div/app-navigation-layout/div[2]/app-demande-instruction/div/app-statut-demandeur/div/div/div[3]/p-dialog/div/div[1]/span/p-header' in '5' second(s)

03-01-2024T16:01:33 - [MESSAGE][INFO] - Getting text of object 'Object Repository/Page_Verif_AccordeonInformationsGeneralesDemande_Agent/PopUp_AttestationProlongation'

03-01-2024T16:01:33 - [MESSAGE][PASSED] - Text of object 'Object Repository/Page_Verif_AccordeonInformationsGeneralesDemande_Agent/PopUp_AttestationProlongation' is: 'PRODUIRE UNE ATTESTATION DE PROLONGATION'

03-01-2024T16:01:33 - [TEST_STEP][PASSED] - if (!(TitrePopUpAttestationProlongation.contains("PRODUIRE UNE ATTESTATION DE PROLONGATION"))): null

03-01-2024T16:01:33 - [TEST_STEP][PASSED] - else: Le Titre de PopUp est bien Affiché : PRODUIRE UNE ATTESTATION DE PROLONGATION.

03-01-2024T16:01:34 - [TEST_STEP][PASSED] - markPassed("Le Titre de PopUp est bien Affiché : PRODUIRE UNE ATTESTATION DE PROLONGATION."): Le Titre de PopUp est bien Affiché : PRODUIRE UNE ATTESTATION DE PROLONGATION.

03-01-2024T16:01:34 - [MESSAGE][PASSED] - Le Titre de PopUp est bien Affiché : PRODUIRE UNE ATTESTATION DE PROLONGATION.

03-01-2024T16:01:34 - [TEST_STEP][PASSED] - MotifProlongation = findTestObject("Object Repository/Page_Verif_AccordeonInformationsGeneralesDemande_Agent/List_MotifProlongation"): Finding Test Object 'Object Repository/Page_Verif_AccordeonInformationsGeneralesDemande_Agent/List_MotifProlongation'

03-01-2024T16:01:34 - [MESSAGE][INFO] - Finding Test Object 'Object Repository/Page_Verif_AccordeonInformationsGeneralesDemande_Agent/List_MotifProlongation'

03-01-2024T16:01:34 - [TEST_STEP][PASSED] - verifyElementPresent(MotifProlongation, 1): Object 'Object Repository/Page_Verif_AccordeonInformationsGeneralesDemande_Agent/List_MotifProlongation' is present

03-01-2024T16:01:34 - [MESSAGE][INFO] - Checking object

03-01-2024T16:01:34 - [MESSAGE][INFO] - Finding web element from Test Object's properties

03-01-2024T16:01:34 - [MESSAGE][INFO] - Checking timeout

03-01-2024T16:01:34 - [MESSAGE][INFO] - Finding web element with id: 'Object Repository/Page_Verif_AccordeonInformationsGeneralesDemande_Agent/List_MotifProlongation' located by 'By.xpath: //*[@id="motif_prolongation"]/div/div[3]/label' in '1' second(s)

03-01-2024T16:01:34 - [MESSAGE][INFO] - Smart Wait Function is triggered

03-01-2024T16:01:34 - [MESSAGE][INFO] - Found 1 web elements with id: 'Object Repository/Page_Verif_AccordeonInformationsGeneralesDemande_Agent/List_MotifProlongation' located by 'By.xpath: //*[@id="motif_prolongation"]/div/div[3]/label' in '1' second(s)

03-01-2024T16:01:34 - [MESSAGE][PASSED] - Object 'Object Repository/Page_Verif_AccordeonInformationsGeneralesDemande_Agent/List_MotifProlongation' is present

03-01-2024T16:01:34 - [TEST_STEP][PASSED] - doubleClick(MotifProlongation): Object: 'Object Repository/Page_Verif_AccordeonInformationsGeneralesDemande_Agent/List_MotifProlongation' is double clicked on

03-01-2024T16:01:34 - [MESSAGE][INFO] - Checking object

03-01-2024T16:01:34 - [MESSAGE][INFO] - Finding web element from Test Object's properties

03-01-2024T16:01:34 - [MESSAGE][INFO] - Checking timeout

03-01-2024T16:01:34 - [MESSAGE][INFO] - Finding web element with id: 'Object Repository/Page_Verif_AccordeonInformationsGeneralesDemande_Agent/List_MotifProlongation' located by 'By.xpath: //*[@id="motif_prolongation"]/div/div[3]/label' in '5' second(s)

03-01-2024T16:01:34 - [MESSAGE][INFO] - Smart Wait Function is triggered

03-01-2024T16:01:34 - [MESSAGE][INFO] - Found 1 web elements with id: 'Object Repository/Page_Verif_AccordeonInformationsGeneralesDemande_Agent/List_MotifProlongation' located by 'By.xpath: //*[@id="motif_prolongation"]/div/div[3]/label' in '5' second(s)

03-01-2024T16:01:34 - [MESSAGE][INFO] - Double clicking on object: 'Object Repository/Page_Verif_AccordeonInformationsGeneralesDemande_Agent/List_MotifProlongation'

03-01-2024T16:01:34 - [MESSAGE][PASSED] - Object: 'Object Repository/Page_Verif_AccordeonInformationsGeneralesDemande_Agent/List_MotifProlongation' is double clicked on

03-01-2024T16:01:34 - [TEST_STEP][PASSED] - PopUpAttestationProlongationBtnAnnuler = findTestObject("Object Repository/Page_Verif_AccordeonInformationsGeneralesDemande_Agent/btn_PopUpAttestationProlongationAnnuler"): Finding Test Object 'Object Repository/Page_Verif_AccordeonInformationsGeneralesDemande_Agent/btn_PopUpAttestationProlongationAnnuler'

03-01-2024T16:01:34 - [MESSAGE][INFO] - Finding Test Object 'Object Repository/Page_Verif_AccordeonInformationsGeneralesDemande_Agent/btn_PopUpAttestationProlongationAnnuler'

03-01-2024T16:01:34 - [TEST_STEP][PASSED] - verifyElementPresent(PopUpAttestationProlongationBtnAnnuler, 1): Object 'Object Repository/Page_Verif_AccordeonInformationsGeneralesDemande_Agent/btn_PopUpAttestationProlongationAnnuler' is present

03-01-2024T16:01:34 - [MESSAGE][INFO] - Checking object

03-01-2024T16:01:34 - [MESSAGE][INFO] - Finding web element from Test Object's properties

03-01-2024T16:01:34 - [MESSAGE][INFO] - Checking timeout

03-01-2024T16:01:34 - [MESSAGE][INFO] - Finding web element with id: 'Object Repository/Page_Verif_AccordeonInformationsGeneralesDemande_Agent/btn_PopUpAttestationProlongationAnnuler' located by 'By.xpath: //*[@id="content"]/app-demande-instruction/div/app-statut-demandeur/div/div/div[3]/p-dialog/div/div[3]/p-footer/button[1]/span' in '1' second(s)

03-01-2024T16:01:34 - [MESSAGE][INFO] - Smart Wait Function is triggered

03-01-2024T16:01:34 - [MESSAGE][INFO] - Found 1 web elements with id: 'Object Repository/Page_Verif_AccordeonInformationsGeneralesDemande_Agent/btn_PopUpAttestationProlongationAnnuler' located by 'By.xpath: //*[@id="content"]/app-demande-instruction/div/app-statut-demandeur/div/div/div[3]/p-dialog/div/div[3]/p-footer/button[1]/span' in '1' second(s)

03-01-2024T16:01:34 - [MESSAGE][PASSED] - Object 'Object Repository/Page_Verif_AccordeonInformationsGeneralesDemande_Agent/btn_PopUpAttestationProlongationAnnuler' is present

03-01-2024T16:01:34 - [TEST_STEP][PASSED] - click(PopUpAttestationProlongationBtnAnnuler): Object: 'Object Repository/Page_Verif_AccordeonInformationsGeneralesDemande_Agent/btn_PopUpAttestationProlongationAnnuler' is clicked on

03-01-2024T16:01:34 - [MESSAGE][INFO] - Checking timeout

03-01-2024T16:01:34 - [MESSAGE][INFO] - Finding web element with id: 'Object Repository/Page_Verif_AccordeonInformationsGeneralesDemande_Agent/btn_PopUpAttestationProlongationAnnuler' located by 'By.xpath: //*[@id="content"]/app-demande-instruction/div/app-statut-demandeur/div/div/div[3]/p-dialog/div/div[3]/p-footer/button[1]/span' in '20' second(s)

03-01-2024T16:01:34 - [MESSAGE][INFO] - Smart Wait Function is triggered

03-01-2024T16:01:34 - [MESSAGE][INFO] - Found 1 web elements with id: 'Object Repository/Page_Verif_AccordeonInformationsGeneralesDemande_Agent/btn_PopUpAttestationProlongationAnnuler' located by 'By.xpath: //*[@id="content"]/app-demande-instruction/div/app-statut-demandeur/div/div/div[3]/p-dialog/div/div[3]/p-footer/button[1]/span' in '20' second(s)

03-01-2024T16:01:34 - [MESSAGE][INFO] - Checking object

03-01-2024T16:01:34 - [MESSAGE][INFO] - Checking timeout

03-01-2024T16:01:34 - [MESSAGE][INFO] - Finding web element from Test Object's properties

03-01-2024T16:01:34 - [MESSAGE][INFO] - Checking timeout

03-01-2024T16:01:34 - [MESSAGE][INFO] - Finding web element with id: 'Object Repository/Page_Verif_AccordeonInformationsGeneralesDemande_Agent/btn_PopUpAttestationProlongationAnnuler' located by 'By.xpath: //*[@id="content"]/app-demande-instruction/div/app-statut-demandeur/div/div/div[3]/p-dialog/div/div[3]/p-footer/button[1]/span' in '5' second(s)

03-01-2024T16:01:34 - [MESSAGE][INFO] - Smart Wait Function is triggered

03-01-2024T16:01:34 - [MESSAGE][INFO] - Found 1 web elements with id: 'Object Repository/Page_Verif_AccordeonInformationsGeneralesDemande_Agent/btn_PopUpAttestationProlongationAnnuler' located by 'By.xpath: //*[@id="content"]/app-demande-instruction/div/app-statut-demandeur/div/div/div[3]/p-dialog/div/div[3]/p-footer/button[1]/span' in '5' second(s)

03-01-2024T16:01:34 - [MESSAGE][INFO] - Clicking on object: 'Object Repository/Page_Verif_AccordeonInformationsGeneralesDemande_Agent/btn_PopUpAttestationProlongationAnnuler'

03-01-2024T16:01:36 - [MESSAGE][PASSED] - Object: 'Object Repository/Page_Verif_AccordeonInformationsGeneralesDemande_Agent/btn_PopUpAttestationProlongationAnnuler' is clicked on

03-01-2024T16:01:36 - [TEST_STEP][PASSED] - Btn_EnregistrerQuitter = findTestObject("Object Repository/Page_Verif_AccordeonInformationsGeneralesDemande_Agent/btn_EnregistrerQuitter"): Finding Test Object 'Object Repository/Page_Verif_AccordeonInformationsGeneralesDemande_Agent/btn_EnregistrerQuitter'

03-01-2024T16:01:36 - [MESSAGE][INFO] - Finding Test Object 'Object Repository/Page_Verif_AccordeonInformationsGeneralesDemande_Agent/btn_EnregistrerQuitter'

03-01-2024T16:01:36 - [TEST_STEP][PASSED] - verifyElementPresent(Btn_EnregistrerQuitter, 1): Object 'Object Repository/Page_Verif_AccordeonInformationsGeneralesDemande_Agent/btn_EnregistrerQuitter' is present

03-01-2024T16:01:36 - [MESSAGE][INFO] - Checking object

03-01-2024T16:01:36 - [MESSAGE][INFO] - Finding web element from Test Object's properties

03-01-2024T16:01:36 - [MESSAGE][INFO] - Checking timeout

03-01-2024T16:01:36 - [MESSAGE][INFO] - Finding web element with id: 'Object Repository/Page_Verif_AccordeonInformationsGeneralesDemande_Agent/btn_EnregistrerQuitter' located by 'By.xpath: //*[@id="content"]/app-demande-instruction/div/div[2]/div[1]/div/button/span' in '1' second(s)

03-01-2024T16:01:36 - [MESSAGE][INFO] - Smart Wait Function is triggered

03-01-2024T16:01:36 - [MESSAGE][INFO] - Found 1 web elements with id: 'Object Repository/Page_Verif_AccordeonInformationsGeneralesDemande_Agent/btn_EnregistrerQuitter' located by 'By.xpath: //*[@id="content"]/app-demande-instruction/div/div[2]/div[1]/div/button/span' in '1' second(s)

03-01-2024T16:01:36 - [MESSAGE][PASSED] - Object 'Object Repository/Page_Verif_AccordeonInformationsGeneralesDemande_Agent/btn_EnregistrerQuitter' is present

03-01-2024T16:01:36 - [TEST_STEP][PASSED] - verifyElementClickable(Btn_EnregistrerQuitter): Object 'Object Repository/Page_Verif_AccordeonInformationsGeneralesDemande_Agent/btn_EnregistrerQuitter' is clickable

03-01-2024T16:01:36 - [MESSAGE][INFO] - Checking object

03-01-2024T16:01:36 - [MESSAGE][INFO] - Finding web element from Test Object's properties

03-01-2024T16:01:36 - [MESSAGE][INFO] - Checking timeout

03-01-2024T16:01:36 - [MESSAGE][INFO] - Finding web element with id: 'Object Repository/Page_Verif_AccordeonInformationsGeneralesDemande_Agent/btn_EnregistrerQuitter' located by 'By.xpath: //*[@id="content"]/app-demande-instruction/div/div[2]/div[1]/div/button/span' in '5' second(s)

03-01-2024T16:01:36 - [MESSAGE][INFO] - Smart Wait Function is triggered

03-01-2024T16:01:36 - [MESSAGE][INFO] - Found 1 web elements with id: 'Object Repository/Page_Verif_AccordeonInformationsGeneralesDemande_Agent/btn_EnregistrerQuitter' located by 'By.xpath: //*[@id="content"]/app-demande-instruction/div/div[2]/div[1]/div/button/span' in '5' second(s)

03-01-2024T16:01:36 - [MESSAGE][PASSED] - Object 'Object Repository/Page_Verif_AccordeonInformationsGeneralesDemande_Agent/btn_EnregistrerQuitter' is clickable

03-01-2024T16:01:36 - [TEST_STEP][PASSED] - Btn_SuspendreInstruction = findTestObject("Object Repository/Page_Verif_AccordeonInformationsGeneralesDemande_Agent/btn_SuspendreInstruction"): Finding Test Object 'Object Repository/Page_Verif_AccordeonInformationsGeneralesDemande_Agent/btn_SuspendreInstruction'

03-01-2024T16:01:36 - [MESSAGE][INFO] - Finding Test Object 'Object Repository/Page_Verif_AccordeonInformationsGeneralesDemande_Agent/btn_SuspendreInstruction'

03-01-2024T16:01:36 - [TEST_STEP][PASSED] - verifyElementPresent(Btn_SuspendreInstruction, 1): Object 'Object Repository/Page_Verif_AccordeonInformationsGeneralesDemande_Agent/btn_SuspendreInstruction' is present

03-01-2024T16:01:36 - [MESSAGE][INFO] - Checking object

03-01-2024T16:01:36 - [MESSAGE][INFO] - Finding web element from Test Object's properties

03-01-2024T16:01:36 - [MESSAGE][INFO] - Checking timeout

03-01-2024T16:01:36 - [MESSAGE][INFO] - Finding web element with id: 'Object Repository/Page_Verif_AccordeonInformationsGeneralesDemande_Agent/btn_SuspendreInstruction' located by 'By.xpath: //*[@id="content"]/app-demande-instruction/div/div[2]/div[2]/div/button[1]/span' in '1' second(s)

03-01-2024T16:01:36 - [MESSAGE][INFO] - Smart Wait Function is triggered

03-01-2024T16:01:36 - [MESSAGE][INFO] - Found 1 web elements with id: 'Object Repository/Page_Verif_AccordeonInformationsGeneralesDemande_Agent/btn_SuspendreInstruction' located by 'By.xpath: //*[@id="content"]/app-demande-instruction/div/div[2]/div[2]/div/button[1]/span' in '1' second(s)

03-01-2024T16:01:36 - [MESSAGE][PASSED] - Object 'Object Repository/Page_Verif_AccordeonInformationsGeneralesDemande_Agent/btn_SuspendreInstruction' is present

03-01-2024T16:01:36 - [TEST_STEP][PASSED] - verifyElementClickable(Btn_SuspendreInstruction): Object 'Object Repository/Page_Verif_AccordeonInformationsGeneralesDemande_Agent/btn_SuspendreInstruction' is clickable

03-01-2024T16:01:36 - [MESSAGE][INFO] - Checking object

03-01-2024T16:01:36 - [MESSAGE][INFO] - Finding web element from Test Object's properties

03-01-2024T16:01:36 - [MESSAGE][INFO] - Checking timeout

03-01-2024T16:01:36 - [MESSAGE][INFO] - Finding web element with id: 'Object Repository/Page_Verif_AccordeonInformationsGeneralesDemande_Agent/btn_SuspendreInstruction' located by 'By.xpath: //*[@id="content"]/app-demande-instruction/div/div[2]/div[2]/div/button[1]/span' in '5' second(s)

03-01-2024T16:01:36 - [MESSAGE][INFO] - Smart Wait Function is triggered

03-01-2024T16:01:36 - [MESSAGE][INFO] - Found 1 web elements with id: 'Object Repository/Page_Verif_AccordeonInformationsGeneralesDemande_Agent/btn_SuspendreInstruction' located by 'By.xpath: //*[@id="content"]/app-demande-instruction/div/div[2]/div[2]/div/button[1]/span' in '5' second(s)

03-01-2024T16:01:37 - [MESSAGE][PASSED] - Object 'Object Repository/Page_Verif_AccordeonInformationsGeneralesDemande_Agent/btn_SuspendreInstruction' is clickable

03-01-2024T16:01:37 - [TEST_STEP][PASSED] - Btn_ClôturerLaDemande = findTestObject("Object Repository/Page_Verif_AccordeonInformationsGeneralesDemande_Agent/btn_CloturerLaDemande"): Finding Test Object 'Object Repository/Page_Verif_AccordeonInformationsGeneralesDemande_Agent/btn_CloturerLaDemande'

03-01-2024T16:01:37 - [MESSAGE][INFO] - Finding Test Object 'Object Repository/Page_Verif_AccordeonInformationsGeneralesDemande_Agent/btn_CloturerLaDemande'

03-01-2024T16:01:37 - [TEST_STEP][PASSED] - verifyElementPresent(Btn_ClôturerLaDemande, 1): Object 'Object Repository/Page_Verif_AccordeonInformationsGeneralesDemande_Agent/btn_CloturerLaDemande' is present

03-01-2024T16:01:37 - [MESSAGE][INFO] - Checking object

03-01-2024T16:01:37 - [MESSAGE][INFO] - Finding web element from Test Object's properties

03-01-2024T16:01:37 - [MESSAGE][INFO] - Checking timeout

03-01-2024T16:01:37 - [MESSAGE][INFO] - Finding web element with id: 'Object Repository/Page_Verif_AccordeonInformationsGeneralesDemande_Agent/btn_CloturerLaDemande' located by 'By.xpath: //*[@id="content"]/app-demande-instruction/div/div[2]/div[2]/div/button[2]/span' in '1' second(s)

03-01-2024T16:01:37 - [MESSAGE][INFO] - Smart Wait Function is triggered

03-01-2024T16:01:37 - [MESSAGE][INFO] - Found 1 web elements with id: 'Object Repository/Page_Verif_AccordeonInformationsGeneralesDemande_Agent/btn_CloturerLaDemande' located by 'By.xpath: //*[@id="content"]/app-demande-instruction/div/div[2]/div[2]/div/button[2]/span' in '1' second(s)

03-01-2024T16:01:37 - [MESSAGE][PASSED] - Object 'Object Repository/Page_Verif_AccordeonInformationsGeneralesDemande_Agent/btn_CloturerLaDemande' is present

03-01-2024T16:01:37 - [TEST_STEP][PASSED] - verifyElementClickable(Btn_ClôturerLaDemande): Object 'Object Repository/Page_Verif_AccordeonInformationsGeneralesDemande_Agent/btn_CloturerLaDemande' is clickable

03-01-2024T16:01:37 - [MESSAGE][INFO] - Checking object

03-01-2024T16:01:37 - [MESSAGE][INFO] - Finding web element from Test Object's properties

03-01-2024T16:01:37 - [MESSAGE][INFO] - Checking timeout

03-01-2024T16:01:37 - [MESSAGE][INFO] - Finding web element with id: 'Object Repository/Page_Verif_AccordeonInformationsGeneralesDemande_Agent/btn_CloturerLaDemande' located by 'By.xpath: //*[@id="content"]/app-demande-instruction/div/div[2]/div[2]/div/button[2]/span' in '5' second(s)

03-01-2024T16:01:37 - [MESSAGE][INFO] - Smart Wait Function is triggered

03-01-2024T16:01:37 - [MESSAGE][INFO] - Found 1 web elements with id: 'Object Repository/Page_Verif_AccordeonInformationsGeneralesDemande_Agent/btn_CloturerLaDemande' located by 'By.xpath: //*[@id="content"]/app-demande-instruction/div/div[2]/div[2]/div/button[2]/span' in '5' second(s)

03-01-2024T16:01:37 - [MESSAGE][PASSED] - Object 'Object Repository/Page_Verif_AccordeonInformationsGeneralesDemande_Agent/btn_CloturerLaDemande' is clickable

03-01-2024T16:01:37 - [TEST_STEP][PASSED] - Btn_ValiderAdresseRapatrierLeDossier = findTestObject("Object Repository/Page_Verif_AccordeonInformationsGeneralesDemande_Agent/btn_ValiderAdresseRapatrierLeDossier"): Finding Test Object 'Object Repository/Page_Verif_AccordeonInformationsGeneralesDemande_Agent/btn_ValiderAdresseRapatrierLeDossier'

03-01-2024T16:01:37 - [MESSAGE][INFO] - Finding Test Object 'Object Repository/Page_Verif_AccordeonInformationsGeneralesDemande_Agent/btn_ValiderAdresseRapatrierLeDossier'

03-01-2024T16:01:37 - [TEST_STEP][PASSED] - verifyElementPresent(Btn_ValiderAdresseRapatrierLeDossier, 1): Object 'Object Repository/Page_Verif_AccordeonInformationsGeneralesDemande_Agent/btn_ValiderAdresseRapatrierLeDossier' is present

03-01-2024T16:01:37 - [MESSAGE][INFO] - Checking object

03-01-2024T16:01:37 - [MESSAGE][INFO] - Finding web element from Test Object's properties

03-01-2024T16:01:37 - [MESSAGE][INFO] - Checking timeout

03-01-2024T16:01:37 - [MESSAGE][INFO] - Finding web element with id: 'Object Repository/Page_Verif_AccordeonInformationsGeneralesDemande_Agent/btn_ValiderAdresseRapatrierLeDossier' located by 'By.xpath: //*[@id="content"]/app-demande-instruction/div/div[2]/div[2]/div/button[3]/span' in '1' second(s)

03-01-2024T16:01:37 - [MESSAGE][INFO] - Smart Wait Function is triggered

03-01-2024T16:01:37 - [MESSAGE][INFO] - Found 1 web elements with id: 'Object Repository/Page_Verif_AccordeonInformationsGeneralesDemande_Agent/btn_ValiderAdresseRapatrierLeDossier' located by 'By.xpath: //*[@id="content"]/app-demande-instruction/div/div[2]/div[2]/div/button[3]/span' in '1' second(s)

03-01-2024T16:01:37 - [MESSAGE][PASSED] - Object 'Object Repository/Page_Verif_AccordeonInformationsGeneralesDemande_Agent/btn_ValiderAdresseRapatrierLeDossier' is present

03-01-2024T16:01:37 - [TEST_STEP][PASSED] - verifyElementClickable(Btn_ValiderAdresseRapatrierLeDossier): Object 'Object Repository/Page_Verif_AccordeonInformationsGeneralesDemande_Agent/btn_ValiderAdresseRapatrierLeDossier' is clickable

03-01-2024T16:01:37 - [MESSAGE][INFO] - Checking object

03-01-2024T16:01:37 - [MESSAGE][INFO] - Finding web element from Test Object's properties

03-01-2024T16:01:37 - [MESSAGE][INFO] - Checking timeout

03-01-2024T16:01:37 - [MESSAGE][INFO] - Finding web element with id: 'Object Repository/Page_Verif_AccordeonInformationsGeneralesDemande_Agent/btn_ValiderAdresseRapatrierLeDossier' located by 'By.xpath: //*[@id="content"]/app-demande-instruction/div/div[2]/div[2]/div/button[3]/span' in '5' second(s)

03-01-2024T16:01:37 - [MESSAGE][INFO] - Smart Wait Function is triggered

03-01-2024T16:01:37 - [MESSAGE][INFO] - Found 1 web elements with id: 'Object Repository/Page_Verif_AccordeonInformationsGeneralesDemande_Agent/btn_ValiderAdresseRapatrierLeDossier' located by 'By.xpath: //*[@id="content"]/app-demande-instruction/div/div[2]/div[2]/div/button[3]/span' in '5' second(s)

03-01-2024T16:01:37 - [MESSAGE][PASSED] - Object 'Object Repository/Page_Verif_AccordeonInformationsGeneralesDemande_Agent/btn_ValiderAdresseRapatrierLeDossier' is clickable

03-01-2024T16:01:37 - [TEST_STEP][PASSED] - link_RetourAToutesLesDemandes = findTestObject("Object Repository/Page_Verif_AccordeonInformationsGeneralesDemande_Agent/btn_RetourAToutesLesDemandes"): Finding Test Object 'Object Repository/Page_Verif_AccordeonInformationsGeneralesDemande_Agent/btn_RetourAToutesLesDemandes'

03-01-2024T16:01:37 - [MESSAGE][INFO] - Finding Test Object 'Object Repository/Page_Verif_AccordeonInformationsGeneralesDemande_Agent/btn_RetourAToutesLesDemandes'

03-01-2024T16:01:37 - [TEST_STEP][PASSED] - verifyElementPresent(link_RetourAToutesLesDemandes, 1): Object 'Object Repository/Page_Verif_AccordeonInformationsGeneralesDemande_Agent/btn_RetourAToutesLesDemandes' is present

03-01-2024T16:01:37 - [MESSAGE][INFO] - Checking object

03-01-2024T16:01:37 - [MESSAGE][INFO] - Finding web element from Test Object's properties

03-01-2024T16:01:37 - [MESSAGE][INFO] - Checking timeout

03-01-2024T16:01:37 - [MESSAGE][INFO] - Finding web element with id: 'Object Repository/Page_Verif_AccordeonInformationsGeneralesDemande_Agent/btn_RetourAToutesLesDemandes' located by 'By.xpath: //*[@id="content"]/app-demande-instruction/div/div[2]/div[3]/a' in '1' second(s)

03-01-2024T16:01:37 - [MESSAGE][INFO] - Smart Wait Function is triggered

03-01-2024T16:01:37 - [MESSAGE][INFO] - Found 1 web elements with id: 'Object Repository/Page_Verif_AccordeonInformationsGeneralesDemande_Agent/btn_RetourAToutesLesDemandes' located by 'By.xpath: //*[@id="content"]/app-demande-instruction/div/div[2]/div[3]/a' in '1' second(s)

03-01-2024T16:01:37 - [MESSAGE][PASSED] - Object 'Object Repository/Page_Verif_AccordeonInformationsGeneralesDemande_Agent/btn_RetourAToutesLesDemandes' is present

03-01-2024T16:01:37 - [TEST_STEP][PASSED] - verifyElementClickable(link_RetourAToutesLesDemandes): Object 'Object Repository/Page_Verif_AccordeonInformationsGeneralesDemande_Agent/btn_RetourAToutesLesDemandes' is clickable

03-01-2024T16:01:37 - [MESSAGE][INFO] - Checking object

03-01-2024T16:01:37 - [MESSAGE][INFO] - Finding web element from Test Object's properties

03-01-2024T16:01:37 - [MESSAGE][INFO] - Checking timeout

03-01-2024T16:01:37 - [MESSAGE][INFO] - Finding web element with id: 'Object Repository/Page_Verif_AccordeonInformationsGeneralesDemande_Agent/btn_RetourAToutesLesDemandes' located by 'By.xpath: //*[@id="content"]/app-demande-instruction/div/div[2]/div[3]/a' in '5' second(s)

03-01-2024T16:01:37 - [MESSAGE][INFO] - Smart Wait Function is triggered

03-01-2024T16:01:37 - [MESSAGE][INFO] - Found 1 web elements with id: 'Object Repository/Page_Verif_AccordeonInformationsGeneralesDemande_Agent/btn_RetourAToutesLesDemandes' located by 'By.xpath: //*[@id="content"]/app-demande-instruction/div/div[2]/div[3]/a' in '5' second(s)

03-01-2024T16:01:37 - [MESSAGE][PASSED] - Object 'Object Repository/Page_Verif_AccordeonInformationsGeneralesDemande_Agent/btn_RetourAToutesLesDemandes' is clickable

03-01-2024T16:01:37 - [MESSAGE][PASSED] - Call Test Case 'Test Cases/Test Reutilisable/AgentTraitementDemande/Verif_AccordeonInformationsGeneralesDemande' successfully

03-01-2024T16:01:37 - [TEST_STEP][PASSED] - callTestCase(findTestCase("Test Cases/Test Reutilisable/AgentTraitementDemande/Verif_AccordeonObservationDuDemandeur"), [:], STOP_ON_FAILURE): Call Test Case 'Test Cases/Test Reutilisable/AgentTraitementDemande/Verif_AccordeonObservationDuDemandeur' successfully

03-01-2024T16:01:37 - [MESSAGE][INFO] - Checking called Test Case

03-01-2024T16:01:37 - [MESSAGE][INFO] - Starting to call Test Case 'Test Cases/Test Reutilisable/AgentTraitementDemande/Verif_AccordeonObservationDuDemandeur'

03-01-2024T16:01:37 - [TEST_CASE][PASSED] - Test Cases/Test Reutilisable/AgentTraitementDemande/Verif_AccordeonObservationDuDemandeur: Test Cases/Test Reutilisable/AgentTraitementDemande/Verif_AccordeonObservationDuDemandeur

03-01-2024T16:01:37 - [TEST_STEP][PASSED] - com.kazurayam.ksbackyard.HighlightElement.pandemic(): com.kazurayam.ksbackyard.HighlightElement.pandemic is PASSED

03-01-2024T16:01:37 - [MESSAGE][PASSED] - com.kazurayam.ksbackyard.HighlightElement.pandemic is PASSED

03-01-2024T16:01:37 - [TEST_STEP][PASSED] - AccordeonObservatuionDuDemandeur = findTestObject("Object Repository/Page_Verif_AccordeonObservatuionDuDemandeur_Agent/span_AccordeonObservatuionDuDemandeur"): Finding Test Object 'Object Repository/Page_Verif_AccordeonObservatuionDuDemandeur_Agent/span_AccordeonObservatuionDuDemandeur'

03-01-2024T16:01:37 - [MESSAGE][INFO] - Finding Test Object 'Object Repository/Page_Verif_AccordeonObservatuionDuDemandeur_Agent/span_AccordeonObservatuionDuDemandeur'

03-01-2024T16:01:37 - [TEST_STEP][PASSED] - verifyElementPresent(AccordeonObservatuionDuDemandeur, 1): Object 'Object Repository/Page_Verif_AccordeonObservatuionDuDemandeur_Agent/span_AccordeonObservatuionDuDemandeur' is present

03-01-2024T16:01:37 - [MESSAGE][INFO] - Checking object

03-01-2024T16:01:37 - [MESSAGE][INFO] - Finding web element from Test Object's properties

03-01-2024T16:01:37 - [MESSAGE][INFO] - Checking timeout

03-01-2024T16:01:37 - [MESSAGE][INFO] - Finding web element with id: 'Object Repository/Page_Verif_AccordeonObservatuionDuDemandeur_Agent/span_AccordeonObservatuionDuDemandeur' located by 'By.xpath: /html/body/app-root/app-layout/div/div/div/app-navigation-layout/div[2]/app-demande-instruction/div/div[1]/form/p-accordion/div/app-observations-demandeur/p-accordiontab/div[1]/a/span[2]' in '1' second(s)

03-01-2024T16:01:37 - [MESSAGE][INFO] - Smart Wait Function is triggered

03-01-2024T16:01:37 - [MESSAGE][INFO] - Found 1 web elements with id: 'Object Repository/Page_Verif_AccordeonObservatuionDuDemandeur_Agent/span_AccordeonObservatuionDuDemandeur' located by 'By.xpath: /html/body/app-root/app-layout/div/div/div/app-navigation-layout/div[2]/app-demande-instruction/div/div[1]/form/p-accordion/div/app-observations-demandeur/p-accordiontab/div[1]/a/span[2]' in '1' second(s)

03-01-2024T16:01:38 - [MESSAGE][PASSED] - Object 'Object Repository/Page_Verif_AccordeonObservatuionDuDemandeur_Agent/span_AccordeonObservatuionDuDemandeur' is present

03-01-2024T16:01:38 - [TEST_STEP][PASSED] - TitreAccordeonObservatuionDuDemandeur = getText(AccordeonObservatuionDuDemandeur): Text of object 'Object Repository/Page_Verif_AccordeonObservatuionDuDemandeur_Agent/span_AccordeonObservatuionDuDemandeur' is: 'OBSERVATIONS DU DEMANDEUR'

03-01-2024T16:01:38 - [MESSAGE][INFO] - Checking object

03-01-2024T16:01:38 - [MESSAGE][INFO] - Finding web element from Test Object's properties

03-01-2024T16:01:38 - [MESSAGE][INFO] - Checking timeout

03-01-2024T16:01:38 - [MESSAGE][INFO] - Finding web element with id: 'Object Repository/Page_Verif_AccordeonObservatuionDuDemandeur_Agent/span_AccordeonObservatuionDuDemandeur' located by 'By.xpath: /html/body/app-root/app-layout/div/div/div/app-navigation-layout/div[2]/app-demande-instruction/div/div[1]/form/p-accordion/div/app-observations-demandeur/p-accordiontab/div[1]/a/span[2]' in '5' second(s)

03-01-2024T16:01:38 - [MESSAGE][INFO] - Smart Wait Function is triggered

03-01-2024T16:01:38 - [MESSAGE][INFO] - Found 1 web elements with id: 'Object Repository/Page_Verif_AccordeonObservatuionDuDemandeur_Agent/span_AccordeonObservatuionDuDemandeur' located by 'By.xpath: /html/body/app-root/app-layout/div/div/div/app-navigation-layout/div[2]/app-demande-instruction/div/div[1]/form/p-accordion/div/app-observations-demandeur/p-accordiontab/div[1]/a/span[2]' in '5' second(s)

03-01-2024T16:01:38 - [MESSAGE][INFO] - Getting text of object 'Object Repository/Page_Verif_AccordeonObservatuionDuDemandeur_Agent/span_AccordeonObservatuionDuDemandeur'

03-01-2024T16:01:38 - [MESSAGE][PASSED] - Text of object 'Object Repository/Page_Verif_AccordeonObservatuionDuDemandeur_Agent/span_AccordeonObservatuionDuDemandeur' is: 'OBSERVATIONS DU DEMANDEUR'

03-01-2024T16:01:38 - [TEST_STEP][PASSED] - if (!(TitreAccordeonObservatuionDuDemandeur.contains("OBSERVATIONS DU DEMANDEUR"))): null

03-01-2024T16:01:38 - [TEST_STEP][PASSED] - else: Le Titre de L'accordéon est bien Affiché : OBSERVATIONS DU DEMANDEUR.

03-01-2024T16:01:38 - [TEST_STEP][PASSED] - markPassed("Le Titre de L'accordéon est bien Affiché : OBSERVATIONS DU DEMANDEUR."): Le Titre de L'accordéon est bien Affiché : OBSERVATIONS DU DEMANDEUR.

03-01-2024T16:01:38 - [MESSAGE][PASSED] - Le Titre de L'accordéon est bien Affiché : OBSERVATIONS DU DEMANDEUR.

03-01-2024T16:01:38 - [MESSAGE][PASSED] - Call Test Case 'Test Cases/Test Reutilisable/AgentTraitementDemande/Verif_AccordeonObservationDuDemandeur' successfully

03-01-2024T16:01:38 - [TEST_STEP][FAILED] - callTestCase(findTestCase("Test Cases/Test Reutilisable/AgentTraitementDemande/Verif_AccordeonEtatCivilDuDemandeur"), ["NumEtrangerVisa":NumEtrangerVisa], STOP_ON_FAILURE): Unable to call Test Case 'Test Cases/Test Reutilisable/AgentTraitementDemande/Verif_AccordeonEtatCivilDuDemandeur' (Root cause: com.kms.katalon.core.exception.StepFailedException: Call Test Case 'Test Cases/Test Reutilisable/AgentTraitementDemande/Verif_AccordeonEtatCivilDuDemandeur' failed
	at com.kms.katalon.core.keyword.builtin.CallTestCaseKeyword$_callTestCase_closure1.doCall(CallTestCaseKeyword.groovy:63)
	at com.kms.katalon.core.keyword.builtin.CallTestCaseKeyword$_callTestCase_closure1.call(CallTestCaseKeyword.groovy)
	at com.kms.katalon.core.keyword.internal.KeywordMain.runKeyword(KeywordMain.groovy:75)
	at com.kms.katalon.core.keyword.builtin.CallTestCaseKeyword.callTestCase(CallTestCaseKeyword.groovy:81)
	at com.kms.katalon.core.keyword.builtin.CallTestCaseKeyword.execute(CallTestCaseKeyword.groovy:44)
	at com.kms.katalon.core.keyword.internal.KeywordExecutor.executeKeywordForPlatform(KeywordExecutor.groovy:74)
	at com.kms.katalon.core.keyword.BuiltinKeywords.callTestCase(BuiltinKeywords.groovy:310)
	at jdk.internal.reflect.GeneratedMethodAccessor31.invoke(Unknown Source)
	at java.base/jdk.internal.reflect.DelegatingMethodAccessorImpl.invoke(DelegatingMethodAccessorImpl.java:43)
	at com.kazurayam.ksbackyard.HighlightElement$_pandemic_closure1.doCall(HighlightElement.groovy:105)
	at jdk.internal.reflect.GeneratedMethodAccessor5.invoke(Unknown Source)
	at java.base/jdk.internal.reflect.DelegatingMethodAccessorImpl.invoke(DelegatingMethodAccessorImpl.java:43)
	at TNR R.TSPT Supp90-Visiteur.run(TNR R.TSPT Supp90-Visiteur:119)
	at com.kms.katalon.core.main.ScriptEngine.run(ScriptEngine.java:194)
	at com.kms.katalon.core.main.ScriptEngine.runScriptAsRawText(ScriptEngine.java:119)
	at com.kms.katalon.core.main.TestCaseExecutor.runScript(TestCaseExecutor.java:448)
	at com.kms.katalon.core.main.TestCaseExecutor.doExecute(TestCaseExecutor.java:439)
	at com.kms.katalon.core.main.TestCaseExecutor.processExecutionPhase(TestCaseExecutor.java:418)
	at com.kms.katalon.core.main.TestCaseExecutor.accessMainPhase(TestCaseExecutor.java:410)
	at com.kms.katalon.core.main.TestCaseExecutor.execute(TestCaseExecutor.java:285)
	at com.kms.katalon.core.common.CommonExecutor.accessTestCaseMainPhase(CommonExecutor.java:65)
	at com.kms.katalon.core.main.TestSuiteExecutor.accessTestSuiteMainPhase(TestSuiteExecutor.java:148)
	at com.kms.katalon.core.main.TestSuiteExecutor.execute(TestSuiteExecutor.java:106)
	at com.kms.katalon.core.main.TestCaseMain.startTestSuite(TestCaseMain.java:180)
	at TempTestSuite1704293543711.run(TempTestSuite1704293543711.groovy:36)
	at java.base/jdk.internal.reflect.NativeMethodAccessorImpl.invoke0(Native Method)
	at java.base/jdk.internal.reflect.NativeMethodAccessorImpl.invoke(NativeMethodAccessorImpl.java:77)
	at java.base/jdk.internal.reflect.DelegatingMethodAccessorImpl.invoke(DelegatingMethodAccessorImpl.java:43)
Caused by: com.kms.katalon.core.exception.StepFailedException: Unable to click on object 'Object Repository/Page_Verif_AccordeonEtatCivilDuDemandeur_Agent/div_AccepterLeDocumentPhotographie'
	at com.kms.katalon.core.webui.keyword.internal.WebUIKeywordMain.stepFailed(WebUIKeywordMain.groovy:64)
	at com.kms.katalon.core.webui.keyword.internal.WebUIKeywordMain.runKeyword(WebUIKeywordMain.groovy:26)
	at com.kms.katalon.core.webui.keyword.builtin.ClickKeyword.click(ClickKeyword.groovy:74)
	at com.kms.katalon.core.webui.keyword.builtin.ClickKeyword.execute(ClickKeyword.groovy:40)
	at com.kms.katalon.core.keyword.internal.KeywordExecutor.executeKeywordForPlatform(KeywordExecutor.groovy:74)
	at com.kms.katalon.core.webui.keyword.WebUiBuiltInKeywords.click(WebUiBuiltInKeywords.groovy:659)
	at jdk.internal.reflect.GeneratedMethodAccessor26.invoke(Unknown Source)
	at java.base/jdk.internal.reflect.DelegatingMethodAccessorImpl.invoke(DelegatingMethodAccessorImpl.java:43)
	at com.kazurayam.ksbackyard.HighlightElement$_pandemic_closure1.doCall(HighlightElement.groovy:105)
	at jdk.internal.reflect.GeneratedMethodAccessor5.invoke(Unknown Source)
	at java.base/jdk.internal.reflect.DelegatingMethodAccessorImpl.invoke(DelegatingMethodAccessorImpl.java:43)
	at Verif_AccordeonEtatCivilDuDemandeur.run(Verif_AccordeonEtatCivilDuDemandeur:93)
	at com.kms.katalon.core.main.ScriptEngine.run(ScriptEngine.java:194)
	at com.kms.katalon.core.main.ScriptEngine.runScriptAsRawText(ScriptEngine.java:119)
	at com.kms.katalon.core.main.TestCaseExecutor.runScript(TestCaseExecutor.java:448)
	at com.kms.katalon.core.main.TestCaseExecutor.doExecute(TestCaseExecutor.java:439)
	at com.kms.katalon.core.main.TestCaseExecutor.processExecutionPhase(TestCaseExecutor.java:418)
	at com.kms.katalon.core.main.TestCaseExecutor.accessMainPhase(TestCaseExecutor.java:410)
	at com.kms.katalon.core.main.TestCaseExecutor.execute(TestCaseExecutor.java:285)
	at com.kms.katalon.core.main.TestCaseMain.runTestCase(TestCaseMain.java:137)
	at com.kms.katalon.core.keyword.builtin.CallTestCaseKeyword$_callTestCase_closure1.doCall(CallTestCaseKeyword.groovy:59)
	... 27 more
Caused by: org.openqa.selenium.ElementClickInterceptedException: element click intercepted: Element <div class="ui-radiobutton-box ui-widget ui-state-default" ng-reflect-ng-class="[object Object]" style="outline: dashed red;">...</div> is not clickable at point (842, 150). Other element would receive the click: <div _ngcontent-vod-c23="" id="navBar" class="ng-star-inserted">...</div>
  (Session info: chrome=120.0.6099.130)
Build info: version: '3.141.59', revision: 'e82be7d358', time: '2018-11-14T08:25:53'
System info: host: 'FR-L5448059', ip: '192.168.1.134', os.name: 'Windows 10', os.arch: 'amd64', os.version: '10.0', java.version: '17.0.7'
Driver info: com.kms.katalon.selenium.driver.CChromeDriver
Capabilities {acceptInsecureCerts: false, browserName: chrome, browserVersion: 120.0.6099.130, chrome: {chromedriverVersion: 119.0.6045.105 (38c72552c5e..., userDataDir: C:\Users\ISSAM~1.RHA\AppDat...}, fedcm:accounts: true, goog:chromeOptions: {debuggerAddress: localhost:59633}, javascriptEnabled: true, networkConnectionEnabled: false, pageLoadStrategy: normal, platform: WINDOWS, platformName: WINDOWS, proxy: Proxy(), setWindowRect: true, strictFileInteractability: false, timeouts: {implicit: 0, pageLoad: 300000, script: 30000}, unhandledPromptBehavior: dismiss and notify, webauthn:extension:credBlob: true, webauthn:extension:largeBlob: true, webauthn:extension:minPinLength: true, webauthn:extension:prf: true, webauthn:virtualAuthenticators: true}
Session ID: f5b94ceba7204e9800fb275d72a13880
	at java.base/jdk.internal.reflect.NativeConstructorAccessorImpl.newInstance0(Native Method)
	at java.base/jdk.internal.reflect.NativeConstructorAccessorImpl.newInstance(NativeConstructorAccessorImpl.java:77)
	at java.base/jdk.internal.reflect.DelegatingConstructorAccessorImpl.newInstance(DelegatingConstructorAccessorImpl.java:45)
	at org.openqa.selenium.remote.http.W3CHttpResponseCodec.createException(W3CHttpResponseCodec.java:187)
	at org.openqa.selenium.remote.http.W3CHttpResponseCodec.decode(W3CHttpResponseCodec.java:122)
	at org.openqa.selenium.remote.http.W3CHttpResponseCodec.decode(W3CHttpResponseCodec.java:49)
	at org.openqa.selenium.remote.HttpCommandExecutor.execute(HttpCommandExecutor.java:158)
	at org.openqa.selenium.remote.service.DriverCommandExecutor.execute(DriverCommandExecutor.java:83)
	at org.openqa.selenium.remote.RemoteWebDriver.execute(RemoteWebDriver.java:552)
	at com.kms.katalon.selenium.driver.CChromeDriver.execute(CChromeDriver.java:19)
	at org.openqa.selenium.remote.RemoteWebElement.execute(RemoteWebElement.java:285)
	at org.openqa.selenium.remote.RemoteWebElement.click(RemoteWebElement.java:84)
	at jdk.internal.reflect.GeneratedMethodAccessor21.invoke(Unknown Source)
	at java.base/jdk.internal.reflect.DelegatingMethodAccessorImpl.invoke(DelegatingMethodAccessorImpl.java:43)
	at org.openqa.selenium.support.events.EventFiringWebDriver$EventFiringWebElement.lambda$new$0(EventFiringWebDriver.java:404)
	at jdk.proxy2/jdk.proxy2.$Proxy25.click(Unknown Source)
	at org.openqa.selenium.support.events.EventFiringWebDriver$EventFiringWebElement.click(EventFiringWebDriver.java:417)
	at org.openqa.selenium.WebElement$click.call(Unknown Source)
	at com.kms.katalon.core.webui.keyword.builtin.ClickKeyword.clickUntilSuccessWithTimeout(ClickKeyword.groovy:81)
	at com.kms.katalon.core.webui.keyword.builtin.ClickKeyword.clickUntilSuccessWithTimeout(ClickKeyword.groovy)
	at jdk.internal.reflect.GeneratedMethodAccessor25.invoke(Unknown Source)
	at java.base/jdk.internal.reflect.DelegatingMethodAccessorImpl.invoke(DelegatingMethodAccessorImpl.java:43)
	at com.kms.katalon.core.webui.keyword.builtin.ClickKeyword$_click_closure1.doCall(ClickKeyword.groovy:67)
	at com.kms.katalon.core.webui.keyword.builtin.ClickKeyword$_click_closure1.call(ClickKeyword.groovy)
	at com.kms.katalon.core.webui.keyword.internal.WebUIKeywordMain.runKeyword(WebUIKeywordMain.groovy:20)
	... 46 more
)

03-01-2024T16:01:38 - [MESSAGE][INFO] - Checking called Test Case

03-01-2024T16:01:38 - [MESSAGE][INFO] - Starting to call Test Case 'Test Cases/Test Reutilisable/AgentTraitementDemande/Verif_AccordeonEtatCivilDuDemandeur'

03-01-2024T16:01:38 - [TEST_CASE][FAILED] - Test Cases/Test Reutilisable/AgentTraitementDemande/Verif_AccordeonEtatCivilDuDemandeur: Test Cases/Test Reutilisable/AgentTraitementDemande/Verif_AccordeonEtatCivilDuDemandeur FAILED.
Reason:
com.kms.katalon.core.exception.StepFailedException: Unable to click on object 'Object Repository/Page_Verif_AccordeonEtatCivilDuDemandeur_Agent/div_AccepterLeDocumentPhotographie'
	at com.kms.katalon.core.webui.keyword.internal.WebUIKeywordMain.stepFailed(WebUIKeywordMain.groovy:64)
	at com.kms.katalon.core.webui.keyword.internal.WebUIKeywordMain.runKeyword(WebUIKeywordMain.groovy:26)
	at com.kms.katalon.core.webui.keyword.builtin.ClickKeyword.click(ClickKeyword.groovy:74)
	at com.kms.katalon.core.webui.keyword.builtin.ClickKeyword.execute(ClickKeyword.groovy:40)
	at com.kms.katalon.core.keyword.internal.KeywordExecutor.executeKeywordForPlatform(KeywordExecutor.groovy:74)
	at com.kms.katalon.core.webui.keyword.WebUiBuiltInKeywords.click(WebUiBuiltInKeywords.groovy:659)
	at jdk.internal.reflect.GeneratedMethodAccessor26.invoke(Unknown Source)
	at java.base/jdk.internal.reflect.DelegatingMethodAccessorImpl.invoke(DelegatingMethodAccessorImpl.java:43)
	at com.kazurayam.ksbackyard.HighlightElement$_pandemic_closure1.doCall(HighlightElement.groovy:105)
	at jdk.internal.reflect.GeneratedMethodAccessor5.invoke(Unknown Source)
	at java.base/jdk.internal.reflect.DelegatingMethodAccessorImpl.invoke(DelegatingMethodAccessorImpl.java:43)
	at Verif_AccordeonEtatCivilDuDemandeur.run(Verif_AccordeonEtatCivilDuDemandeur:93)
	at com.kms.katalon.core.main.ScriptEngine.run(ScriptEngine.java:194)
	at com.kms.katalon.core.main.ScriptEngine.runScriptAsRawText(ScriptEngine.java:119)
	at com.kms.katalon.core.main.TestCaseExecutor.runScript(TestCaseExecutor.java:448)
	at com.kms.katalon.core.main.TestCaseExecutor.doExecute(TestCaseExecutor.java:439)
	at com.kms.katalon.core.main.TestCaseExecutor.processExecutionPhase(TestCaseExecutor.java:418)
	at com.kms.katalon.core.main.TestCaseExecutor.accessMainPhase(TestCaseExecutor.java:410)
	at com.kms.katalon.core.main.TestCaseExecutor.execute(TestCaseExecutor.java:285)
	at com.kms.katalon.core.main.TestCaseMain.runTestCase(TestCaseMain.java:137)
	at com.kms.katalon.core.keyword.builtin.CallTestCaseKeyword$_callTestCase_closure1.doCall(CallTestCaseKeyword.groovy:59)
	at com.kms.katalon.core.keyword.builtin.CallTestCaseKeyword$_callTestCase_closure1.call(CallTestCaseKeyword.groovy)
	at com.kms.katalon.core.keyword.internal.KeywordMain.runKeyword(KeywordMain.groovy:75)
	at com.kms.katalon.core.keyword.builtin.CallTestCaseKeyword.callTestCase(CallTestCaseKeyword.groovy:81)
	at com.kms.katalon.core.keyword.builtin.CallTestCaseKeyword.execute(CallTestCaseKeyword.groovy:44)
	at com.kms.katalon.core.keyword.internal.KeywordExecutor.executeKeywordForPlatform(KeywordExecutor.groovy:74)
	at com.kms.katalon.core.keyword.BuiltinKeywords.callTestCase(BuiltinKeywords.groovy:310)
	at jdk.internal.reflect.GeneratedMethodAccessor31.invoke(Unknown Source)
	at java.base/jdk.internal.reflect.DelegatingMethodAccessorImpl.invoke(DelegatingMethodAccessorImpl.java:43)
	at com.kazurayam.ksbackyard.HighlightElement$_pandemic_closure1.doCall(HighlightElement.groovy:105)
	at jdk.internal.reflect.GeneratedMethodAccessor5.invoke(Unknown Source)
	at java.base/jdk.internal.reflect.DelegatingMethodAccessorImpl.invoke(DelegatingMethodAccessorImpl.java:43)
	at TNR R.TSPT Supp90-Visiteur.run(TNR R.TSPT Supp90-Visiteur:119)
	at com.kms.katalon.core.main.ScriptEngine.run(ScriptEngine.java:194)
	at com.kms.katalon.core.main.ScriptEngine.runScriptAsRawText(ScriptEngine.java:119)
	at com.kms.katalon.core.main.TestCaseExecutor.runScript(TestCaseExecutor.java:448)
	at com.kms.katalon.core.main.TestCaseExecutor.doExecute(TestCaseExecutor.java:439)
	at com.kms.katalon.core.main.TestCaseExecutor.processExecutionPhase(TestCaseExecutor.java:418)
	at com.kms.katalon.core.main.TestCaseExecutor.accessMainPhase(TestCaseExecutor.java:410)
	at com.kms.katalon.core.main.TestCaseExecutor.execute(TestCaseExecutor.java:285)
	at com.kms.katalon.core.common.CommonExecutor.accessTestCaseMainPhase(CommonExecutor.java:65)
	at com.kms.katalon.core.main.TestSuiteExecutor.accessTestSuiteMainPhase(TestSuiteExecutor.java:148)
	at com.kms.katalon.core.main.TestSuiteExecutor.execute(TestSuiteExecutor.java:106)
	at com.kms.katalon.core.main.TestCaseMain.startTestSuite(TestCaseMain.java:180)
	at TempTestSuite1704293543711.run(TempTestSuite1704293543711.groovy:36)
	at java.base/jdk.internal.reflect.NativeMethodAccessorImpl.invoke0(Native Method)
	at java.base/jdk.internal.reflect.NativeMethodAccessorImpl.invoke(NativeMethodAccessorImpl.java:77)
	at java.base/jdk.internal.reflect.DelegatingMethodAccessorImpl.invoke(DelegatingMethodAccessorImpl.java:43)
Caused by: org.openqa.selenium.ElementClickInterceptedException: element click intercepted: Element <div class="ui-radiobutton-box ui-widget ui-state-default" ng-reflect-ng-class="[object Object]" style="outline: dashed red;">...</div> is not clickable at point (842, 150). Other element would receive the click: <div _ngcontent-vod-c23="" id="navBar" class="ng-star-inserted">...</div>
  (Session info: chrome=120.0.6099.130)
Build info: version: '3.141.59', revision: 'e82be7d358', time: '2018-11-14T08:25:53'
System info: host: 'FR-L5448059', ip: '192.168.1.134', os.name: 'Windows 10', os.arch: 'amd64', os.version: '10.0', java.version: '17.0.7'
Driver info: com.kms.katalon.selenium.driver.CChromeDriver
Capabilities {acceptInsecureCerts: false, browserName: chrome, browserVersion: 120.0.6099.130, chrome: {chromedriverVersion: 119.0.6045.105 (38c72552c5e..., userDataDir: C:\Users\ISSAM~1.RHA\AppDat...}, fedcm:accounts: true, goog:chromeOptions: {debuggerAddress: localhost:59633}, javascriptEnabled: true, networkConnectionEnabled: false, pageLoadStrategy: normal, platform: WINDOWS, platformName: WINDOWS, proxy: Proxy(), setWindowRect: true, strictFileInteractability: false, timeouts: {implicit: 0, pageLoad: 300000, script: 30000}, unhandledPromptBehavior: dismiss and notify, webauthn:extension:credBlob: true, webauthn:extension:largeBlob: true, webauthn:extension:minPinLength: true, webauthn:extension:prf: true, webauthn:virtualAuthenticators: true}
Session ID: f5b94ceba7204e9800fb275d72a13880
	at java.base/jdk.internal.reflect.NativeConstructorAccessorImpl.newInstance0(Native Method)
	at java.base/jdk.internal.reflect.NativeConstructorAccessorImpl.newInstance(NativeConstructorAccessorImpl.java:77)
	at java.base/jdk.internal.reflect.DelegatingConstructorAccessorImpl.newInstance(DelegatingConstructorAccessorImpl.java:45)
	at org.openqa.selenium.remote.http.W3CHttpResponseCodec.createException(W3CHttpResponseCodec.java:187)
	at org.openqa.selenium.remote.http.W3CHttpResponseCodec.decode(W3CHttpResponseCodec.java:122)
	at org.openqa.selenium.remote.http.W3CHttpResponseCodec.decode(W3CHttpResponseCodec.java:49)
	at org.openqa.selenium.remote.HttpCommandExecutor.execute(HttpCommandExecutor.java:158)
	at org.openqa.selenium.remote.service.DriverCommandExecutor.execute(DriverCommandExecutor.java:83)
	at org.openqa.selenium.remote.RemoteWebDriver.execute(RemoteWebDriver.java:552)
	at com.kms.katalon.selenium.driver.CChromeDriver.execute(CChromeDriver.java:19)
	at org.openqa.selenium.remote.RemoteWebElement.execute(RemoteWebElement.java:285)
	at org.openqa.selenium.remote.RemoteWebElement.click(RemoteWebElement.java:84)
	at jdk.internal.reflect.GeneratedMethodAccessor21.invoke(Unknown Source)
	at java.base/jdk.internal.reflect.DelegatingMethodAccessorImpl.invoke(DelegatingMethodAccessorImpl.java:43)
	at org.openqa.selenium.support.events.EventFiringWebDriver$EventFiringWebElement.lambda$new$0(EventFiringWebDriver.java:404)
	at jdk.proxy2/jdk.proxy2.$Proxy25.click(Unknown Source)
	at org.openqa.selenium.support.events.EventFiringWebDriver$EventFiringWebElement.click(EventFiringWebDriver.java:417)
	at org.openqa.selenium.WebElement$click.call(Unknown Source)
	at com.kms.katalon.core.webui.keyword.builtin.ClickKeyword.clickUntilSuccessWithTimeout(ClickKeyword.groovy:81)
	at com.kms.katalon.core.webui.keyword.builtin.ClickKeyword.clickUntilSuccessWithTimeout(ClickKeyword.groovy)
	at jdk.internal.reflect.GeneratedMethodAccessor25.invoke(Unknown Source)
	at java.base/jdk.internal.reflect.DelegatingMethodAccessorImpl.invoke(DelegatingMethodAccessorImpl.java:43)
	at com.kms.katalon.core.webui.keyword.builtin.ClickKeyword$_click_closure1.doCall(ClickKeyword.groovy:67)
	at com.kms.katalon.core.webui.keyword.builtin.ClickKeyword$_click_closure1.call(ClickKeyword.groovy)
	at com.kms.katalon.core.webui.keyword.internal.WebUIKeywordMain.runKeyword(WebUIKeywordMain.groovy:20)
	... 46 more


03-01-2024T16:01:38 - [TEST_STEP][PASSED] - com.kazurayam.ksbackyard.HighlightElement.pandemic(): com.kazurayam.ksbackyard.HighlightElement.pandemic is PASSED

03-01-2024T16:01:38 - [MESSAGE][PASSED] - com.kazurayam.ksbackyard.HighlightElement.pandemic is PASSED

03-01-2024T16:01:38 - [TEST_STEP][PASSED] - if (verifyElementPresent(findTestObject("Object Repository/Page_Verif_AccordeonEtatCivilDuDemandeur_Agent/span_AccordeonEtatCivil"), 3, OPTIONAL)): null

03-01-2024T16:01:38 - [MESSAGE][INFO] - Finding Test Object 'Object Repository/Page_Verif_AccordeonEtatCivilDuDemandeur_Agent/span_AccordeonEtatCivil'

03-01-2024T16:01:38 - [MESSAGE][INFO] - Checking object

03-01-2024T16:01:38 - [MESSAGE][INFO] - Finding web element from Test Object's properties

03-01-2024T16:01:38 - [MESSAGE][INFO] - Checking timeout

03-01-2024T16:01:38 - [MESSAGE][INFO] - Finding web element with id: 'Object Repository/Page_Verif_AccordeonEtatCivilDuDemandeur_Agent/span_AccordeonEtatCivil' located by 'By.xpath: /html/body/app-root/app-layout/div/div/div/app-navigation-layout/div[2]/app-demande-instruction/div/div[1]/form/p-accordion/div/p-accordiontab[1]/div[1]/a/span[2]' in '3' second(s)

03-01-2024T16:01:38 - [MESSAGE][INFO] - Smart Wait Function is triggered

03-01-2024T16:01:38 - [MESSAGE][INFO] - Found 1 web elements with id: 'Object Repository/Page_Verif_AccordeonEtatCivilDuDemandeur_Agent/span_AccordeonEtatCivil' located by 'By.xpath: /html/body/app-root/app-layout/div/div/div/app-navigation-layout/div[2]/app-demande-instruction/div/div[1]/form/p-accordion/div/p-accordiontab[1]/div[1]/a/span[2]' in '3' second(s)

03-01-2024T16:01:38 - [MESSAGE][PASSED] - Object 'Object Repository/Page_Verif_AccordeonEtatCivilDuDemandeur_Agent/span_AccordeonEtatCivil' is present

03-01-2024T16:01:38 - [TEST_STEP][PASSED] - AccordeonEtatCivil = findTestObject("Object Repository/Page_Verif_AccordeonEtatCivilDuDemandeur_Agent/span_AccordeonEtatCivil"): Finding Test Object 'Object Repository/Page_Verif_AccordeonEtatCivilDuDemandeur_Agent/span_AccordeonEtatCivil'

03-01-2024T16:01:38 - [MESSAGE][INFO] - Finding Test Object 'Object Repository/Page_Verif_AccordeonEtatCivilDuDemandeur_Agent/span_AccordeonEtatCivil'

03-01-2024T16:01:38 - [TEST_STEP][PASSED] - verifyElementPresent(AccordeonEtatCivil, 1): Object 'Object Repository/Page_Verif_AccordeonEtatCivilDuDemandeur_Agent/span_AccordeonEtatCivil' is present

03-01-2024T16:01:38 - [MESSAGE][INFO] - Checking object

03-01-2024T16:01:38 - [MESSAGE][INFO] - Finding web element from Test Object's properties

03-01-2024T16:01:38 - [MESSAGE][INFO] - Checking timeout

03-01-2024T16:01:38 - [MESSAGE][INFO] - Finding web element with id: 'Object Repository/Page_Verif_AccordeonEtatCivilDuDemandeur_Agent/span_AccordeonEtatCivil' located by 'By.xpath: /html/body/app-root/app-layout/div/div/div/app-navigation-layout/div[2]/app-demande-instruction/div/div[1]/form/p-accordion/div/p-accordiontab[1]/div[1]/a/span[2]' in '1' second(s)

03-01-2024T16:01:38 - [MESSAGE][INFO] - Smart Wait Function is triggered

03-01-2024T16:01:39 - [MESSAGE][INFO] - Found 1 web elements with id: 'Object Repository/Page_Verif_AccordeonEtatCivilDuDemandeur_Agent/span_AccordeonEtatCivil' located by 'By.xpath: /html/body/app-root/app-layout/div/div/div/app-navigation-layout/div[2]/app-demande-instruction/div/div[1]/form/p-accordion/div/p-accordiontab[1]/div[1]/a/span[2]' in '1' second(s)

03-01-2024T16:01:39 - [MESSAGE][PASSED] - Object 'Object Repository/Page_Verif_AccordeonEtatCivilDuDemandeur_Agent/span_AccordeonEtatCivil' is present

03-01-2024T16:01:39 - [TEST_STEP][PASSED] - TitreAccordeonEtatCivil = getText(AccordeonEtatCivil): Text of object 'Object Repository/Page_Verif_AccordeonEtatCivilDuDemandeur_Agent/span_AccordeonEtatCivil' is: 'ÉTAT CIVIL'

03-01-2024T16:01:39 - [MESSAGE][INFO] - Checking object

03-01-2024T16:01:39 - [MESSAGE][INFO] - Finding web element from Test Object's properties

03-01-2024T16:01:39 - [MESSAGE][INFO] - Checking timeout

03-01-2024T16:01:39 - [MESSAGE][INFO] - Finding web element with id: 'Object Repository/Page_Verif_AccordeonEtatCivilDuDemandeur_Agent/span_AccordeonEtatCivil' located by 'By.xpath: /html/body/app-root/app-layout/div/div/div/app-navigation-layout/div[2]/app-demande-instruction/div/div[1]/form/p-accordion/div/p-accordiontab[1]/div[1]/a/span[2]' in '5' second(s)

03-01-2024T16:01:39 - [MESSAGE][INFO] - Smart Wait Function is triggered

03-01-2024T16:01:39 - [MESSAGE][INFO] - Found 1 web elements with id: 'Object Repository/Page_Verif_AccordeonEtatCivilDuDemandeur_Agent/span_AccordeonEtatCivil' located by 'By.xpath: /html/body/app-root/app-layout/div/div/div/app-navigation-layout/div[2]/app-demande-instruction/div/div[1]/form/p-accordion/div/p-accordiontab[1]/div[1]/a/span[2]' in '5' second(s)

03-01-2024T16:01:39 - [MESSAGE][INFO] - Getting text of object 'Object Repository/Page_Verif_AccordeonEtatCivilDuDemandeur_Agent/span_AccordeonEtatCivil'

03-01-2024T16:01:39 - [MESSAGE][PASSED] - Text of object 'Object Repository/Page_Verif_AccordeonEtatCivilDuDemandeur_Agent/span_AccordeonEtatCivil' is: 'ÉTAT CIVIL'

03-01-2024T16:01:39 - [TEST_STEP][PASSED] - if (!(TitreAccordeonEtatCivil.contains("ÉTAT CIVIL"))): null

03-01-2024T16:01:39 - [TEST_STEP][PASSED] - else: Le Titre de L'accordéon est bien Affiché : ÉTAT CIVIL.

03-01-2024T16:01:39 - [TEST_STEP][PASSED] - markPassed("Le Titre de L'accordéon est bien Affiché : ÉTAT CIVIL."): Le Titre de L'accordéon est bien Affiché : ÉTAT CIVIL.

03-01-2024T16:01:39 - [MESSAGE][PASSED] - Le Titre de L'accordéon est bien Affiché : ÉTAT CIVIL.

03-01-2024T16:01:39 - [TEST_STEP][PASSED] - if (verifyElementPresent(findTestObject("Object Repository/Page_Verif_AccordeonEtatCivilDuDemandeur_Agent/span_Check_DocManquantPhotographie"), 3, OPTIONAL)): null

03-01-2024T16:01:39 - [MESSAGE][INFO] - Finding Test Object 'Object Repository/Page_Verif_AccordeonEtatCivilDuDemandeur_Agent/span_Check_DocManquantPhotographie'

03-01-2024T16:01:39 - [MESSAGE][INFO] - Checking object

03-01-2024T16:01:39 - [MESSAGE][INFO] - Finding web element from Test Object's properties

03-01-2024T16:01:39 - [MESSAGE][INFO] - Checking timeout

03-01-2024T16:01:39 - [MESSAGE][INFO] - Finding web element with id: 'Object Repository/Page_Verif_AccordeonEtatCivilDuDemandeur_Agent/span_Check_DocManquantPhotographie' located by 'By.xpath: //div/app-etat-civil/div/div[2]/div/app-justificatifs[1]/div/div[1]/anef-input-check/div/div/p-checkbox/div/div[2]' in '3' second(s)

03-01-2024T16:01:39 - [MESSAGE][INFO] - Smart Wait Function is triggered

03-01-2024T16:01:39 - [MESSAGE][INFO] - Found 1 web elements with id: 'Object Repository/Page_Verif_AccordeonEtatCivilDuDemandeur_Agent/span_Check_DocManquantPhotographie' located by 'By.xpath: //div/app-etat-civil/div/div[2]/div/app-justificatifs[1]/div/div[1]/anef-input-check/div/div/p-checkbox/div/div[2]' in '3' second(s)

03-01-2024T16:01:39 - [MESSAGE][PASSED] - Object 'Object Repository/Page_Verif_AccordeonEtatCivilDuDemandeur_Agent/span_Check_DocManquantPhotographie' is present

03-01-2024T16:01:39 - [TEST_STEP][PASSED] - DocManquantPhotographie = findTestObject("Object Repository/Page_Verif_AccordeonEtatCivilDuDemandeur_Agent/span_Check_DocManquantPhotographie"): Finding Test Object 'Object Repository/Page_Verif_AccordeonEtatCivilDuDemandeur_Agent/span_Check_DocManquantPhotographie'

03-01-2024T16:01:39 - [MESSAGE][INFO] - Finding Test Object 'Object Repository/Page_Verif_AccordeonEtatCivilDuDemandeur_Agent/span_Check_DocManquantPhotographie'

03-01-2024T16:01:39 - [TEST_STEP][PASSED] - verifyElementPresent(DocManquantPhotographie, 1): Object 'Object Repository/Page_Verif_AccordeonEtatCivilDuDemandeur_Agent/span_Check_DocManquantPhotographie' is present

03-01-2024T16:01:39 - [MESSAGE][INFO] - Checking object

03-01-2024T16:01:39 - [MESSAGE][INFO] - Finding web element from Test Object's properties

03-01-2024T16:01:39 - [MESSAGE][INFO] - Checking timeout

03-01-2024T16:01:39 - [MESSAGE][INFO] - Finding web element with id: 'Object Repository/Page_Verif_AccordeonEtatCivilDuDemandeur_Agent/span_Check_DocManquantPhotographie' located by 'By.xpath: //div/app-etat-civil/div/div[2]/div/app-justificatifs[1]/div/div[1]/anef-input-check/div/div/p-checkbox/div/div[2]' in '1' second(s)

03-01-2024T16:01:39 - [MESSAGE][INFO] - Smart Wait Function is triggered

03-01-2024T16:01:39 - [MESSAGE][INFO] - Found 1 web elements with id: 'Object Repository/Page_Verif_AccordeonEtatCivilDuDemandeur_Agent/span_Check_DocManquantPhotographie' located by 'By.xpath: //div/app-etat-civil/div/div[2]/div/app-justificatifs[1]/div/div[1]/anef-input-check/div/div/p-checkbox/div/div[2]' in '1' second(s)

03-01-2024T16:01:39 - [MESSAGE][PASSED] - Object 'Object Repository/Page_Verif_AccordeonEtatCivilDuDemandeur_Agent/span_Check_DocManquantPhotographie' is present

03-01-2024T16:01:39 - [TEST_STEP][PASSED] - check(DocManquantPhotographie): Object 'Object Repository/Page_Verif_AccordeonEtatCivilDuDemandeur_Agent/span_Check_DocManquantPhotographie' is checked

03-01-2024T16:01:39 - [MESSAGE][INFO] - Checking object

03-01-2024T16:01:39 - [MESSAGE][INFO] - Finding web element from Test Object's properties

03-01-2024T16:01:39 - [MESSAGE][INFO] - Checking timeout

03-01-2024T16:01:39 - [MESSAGE][INFO] - Finding web element with id: 'Object Repository/Page_Verif_AccordeonEtatCivilDuDemandeur_Agent/span_Check_DocManquantPhotographie' located by 'By.xpath: //div/app-etat-civil/div/div[2]/div/app-justificatifs[1]/div/div[1]/anef-input-check/div/div/p-checkbox/div/div[2]' in '5' second(s)

03-01-2024T16:01:39 - [MESSAGE][INFO] - Smart Wait Function is triggered

03-01-2024T16:01:39 - [MESSAGE][INFO] - Found 1 web elements with id: 'Object Repository/Page_Verif_AccordeonEtatCivilDuDemandeur_Agent/span_Check_DocManquantPhotographie' located by 'By.xpath: //div/app-etat-civil/div/div[2]/div/app-justificatifs[1]/div/div[1]/anef-input-check/div/div/p-checkbox/div/div[2]' in '5' second(s)

03-01-2024T16:01:39 - [MESSAGE][INFO] - Checking on bject 'Object Repository/Page_Verif_AccordeonEtatCivilDuDemandeur_Agent/span_Check_DocManquantPhotographie'

03-01-2024T16:01:41 - [MESSAGE][PASSED] - Object 'Object Repository/Page_Verif_AccordeonEtatCivilDuDemandeur_Agent/span_Check_DocManquantPhotographie' is checked

03-01-2024T16:01:41 - [TEST_STEP][PASSED] - MsgDocumentManquant = findTestObject("Object Repository/Page_Verif_AccordeonEtatCivilDuDemandeur_Agent/label_MsgDocumentManquantPhotographie"): Finding Test Object 'Object Repository/Page_Verif_AccordeonEtatCivilDuDemandeur_Agent/label_MsgDocumentManquantPhotographie'

03-01-2024T16:01:41 - [MESSAGE][INFO] - Finding Test Object 'Object Repository/Page_Verif_AccordeonEtatCivilDuDemandeur_Agent/label_MsgDocumentManquantPhotographie'

03-01-2024T16:01:41 - [TEST_STEP][PASSED] - verifyElementPresent(MsgDocumentManquant, 1): Object 'Object Repository/Page_Verif_AccordeonEtatCivilDuDemandeur_Agent/label_MsgDocumentManquantPhotographie' is present

03-01-2024T16:01:41 - [MESSAGE][INFO] - Checking object

03-01-2024T16:01:41 - [MESSAGE][INFO] - Finding web element from Test Object's properties

03-01-2024T16:01:41 - [MESSAGE][INFO] - Checking timeout

03-01-2024T16:01:41 - [MESSAGE][INFO] - Finding web element with id: 'Object Repository/Page_Verif_AccordeonEtatCivilDuDemandeur_Agent/label_MsgDocumentManquantPhotographie' located by 'By.xpath: //*[@id="observation-label"]' in '1' second(s)

03-01-2024T16:01:41 - [MESSAGE][INFO] - Smart Wait Function is triggered

03-01-2024T16:01:41 - [MESSAGE][INFO] - Found 1 web elements with id: 'Object Repository/Page_Verif_AccordeonEtatCivilDuDemandeur_Agent/label_MsgDocumentManquantPhotographie' located by 'By.xpath: //*[@id="observation-label"]' in '1' second(s)

03-01-2024T16:01:41 - [MESSAGE][PASSED] - Object 'Object Repository/Page_Verif_AccordeonEtatCivilDuDemandeur_Agent/label_MsgDocumentManquantPhotographie' is present

03-01-2024T16:01:41 - [TEST_STEP][PASSED] - TitreMsgDocumentManquantPhotographie = getText(MsgDocumentManquant): Text of object 'Object Repository/Page_Verif_AccordeonEtatCivilDuDemandeur_Agent/label_MsgDocumentManquantPhotographie' is: 'Préciser le document manquant au demandeur * :'

03-01-2024T16:01:41 - [MESSAGE][INFO] - Checking object

03-01-2024T16:01:41 - [MESSAGE][INFO] - Finding web element from Test Object's properties

03-01-2024T16:01:41 - [MESSAGE][INFO] - Checking timeout

03-01-2024T16:01:41 - [MESSAGE][INFO] - Finding web element with id: 'Object Repository/Page_Verif_AccordeonEtatCivilDuDemandeur_Agent/label_MsgDocumentManquantPhotographie' located by 'By.xpath: //*[@id="observation-label"]' in '5' second(s)

03-01-2024T16:01:41 - [MESSAGE][INFO] - Smart Wait Function is triggered

03-01-2024T16:01:41 - [MESSAGE][INFO] - Found 1 web elements with id: 'Object Repository/Page_Verif_AccordeonEtatCivilDuDemandeur_Agent/label_MsgDocumentManquantPhotographie' located by 'By.xpath: //*[@id="observation-label"]' in '5' second(s)

03-01-2024T16:01:41 - [MESSAGE][INFO] - Getting text of object 'Object Repository/Page_Verif_AccordeonEtatCivilDuDemandeur_Agent/label_MsgDocumentManquantPhotographie'

03-01-2024T16:01:41 - [MESSAGE][PASSED] - Text of object 'Object Repository/Page_Verif_AccordeonEtatCivilDuDemandeur_Agent/label_MsgDocumentManquantPhotographie' is: 'Préciser le document manquant au demandeur * :'

03-01-2024T16:01:41 - [TEST_STEP][PASSED] - if (!(TitreMsgDocumentManquantPhotographie.contains("Préciser le document manquant au demandeur * :"))): null

03-01-2024T16:01:41 - [TEST_STEP][PASSED] - else: Le Titre  de Message est bien Affiché : Préciser le document manquant Photographie au demandeur.

03-01-2024T16:01:41 - [TEST_STEP][PASSED] - markPassed("Le Titre  de Message est bien Affiché : Préciser le document manquant Photographie au demandeur."): Le Titre  de Message est bien Affiché : Préciser le document manquant Photographie au demandeur.

03-01-2024T16:01:41 - [MESSAGE][PASSED] - Le Titre  de Message est bien Affiché : Préciser le document manquant Photographie au demandeur.

03-01-2024T16:01:41 - [TEST_STEP][PASSED] - TxtDocManquantPhotographie = findTestObject("Object Repository/Page_Verif_AccordeonEtatCivilDuDemandeur_Agent/TextArea_TextDocManquantPhotographie"): Finding Test Object 'Object Repository/Page_Verif_AccordeonEtatCivilDuDemandeur_Agent/TextArea_TextDocManquantPhotographie'

03-01-2024T16:01:41 - [MESSAGE][INFO] - Finding Test Object 'Object Repository/Page_Verif_AccordeonEtatCivilDuDemandeur_Agent/TextArea_TextDocManquantPhotographie'

03-01-2024T16:01:41 - [TEST_STEP][PASSED] - verifyElementPresent(TxtDocManquantPhotographie, 1): Object 'Object Repository/Page_Verif_AccordeonEtatCivilDuDemandeur_Agent/TextArea_TextDocManquantPhotographie' is present

03-01-2024T16:01:41 - [MESSAGE][INFO] - Checking object

03-01-2024T16:01:41 - [MESSAGE][INFO] - Finding web element from Test Object's properties

03-01-2024T16:01:41 - [MESSAGE][INFO] - Checking timeout

03-01-2024T16:01:41 - [MESSAGE][INFO] - Finding web element with id: 'Object Repository/Page_Verif_AccordeonEtatCivilDuDemandeur_Agent/TextArea_TextDocManquantPhotographie' located by 'By.xpath: //*[@id="observation"]' in '1' second(s)

03-01-2024T16:01:41 - [MESSAGE][INFO] - Smart Wait Function is triggered

03-01-2024T16:01:41 - [MESSAGE][INFO] - Found 1 web elements with id: 'Object Repository/Page_Verif_AccordeonEtatCivilDuDemandeur_Agent/TextArea_TextDocManquantPhotographie' located by 'By.xpath: //*[@id="observation"]' in '1' second(s)

03-01-2024T16:01:41 - [MESSAGE][PASSED] - Object 'Object Repository/Page_Verif_AccordeonEtatCivilDuDemandeur_Agent/TextArea_TextDocManquantPhotographie' is present

03-01-2024T16:01:41 - [TEST_STEP][PASSED] - setText(TxtDocManquantPhotographie, "Préciser le document manquant Photographie au demandeur"): Text 'Préciser le document manquant Photographie au demandeur' is set on object 'Object Repository/Page_Verif_AccordeonEtatCivilDuDemandeur_Agent/TextArea_TextDocManquantPhotographie'

03-01-2024T16:01:41 - [MESSAGE][INFO] - Checking timeout

03-01-2024T16:01:41 - [MESSAGE][INFO] - Finding web element with id: 'Object Repository/Page_Verif_AccordeonEtatCivilDuDemandeur_Agent/TextArea_TextDocManquantPhotographie' located by 'By.xpath: //*[@id="observation"]' in '20' second(s)

03-01-2024T16:01:41 - [MESSAGE][INFO] - Smart Wait Function is triggered

03-01-2024T16:01:41 - [MESSAGE][INFO] - Found 1 web elements with id: 'Object Repository/Page_Verif_AccordeonEtatCivilDuDemandeur_Agent/TextArea_TextDocManquantPhotographie' located by 'By.xpath: //*[@id="observation"]' in '20' second(s)

03-01-2024T16:01:41 - [MESSAGE][INFO] - Checking object

03-01-2024T16:01:41 - [MESSAGE][INFO] - Checking text

03-01-2024T16:01:41 - [MESSAGE][INFO] - Finding web element from Test Object's properties

03-01-2024T16:01:41 - [MESSAGE][INFO] - Checking timeout

03-01-2024T16:01:41 - [MESSAGE][INFO] - Finding web element with id: 'Object Repository/Page_Verif_AccordeonEtatCivilDuDemandeur_Agent/TextArea_TextDocManquantPhotographie' located by 'By.xpath: //*[@id="observation"]' in '5' second(s)

03-01-2024T16:01:41 - [MESSAGE][INFO] - Smart Wait Function is triggered

03-01-2024T16:01:41 - [MESSAGE][INFO] - Found 1 web elements with id: 'Object Repository/Page_Verif_AccordeonEtatCivilDuDemandeur_Agent/TextArea_TextDocManquantPhotographie' located by 'By.xpath: //*[@id="observation"]' in '5' second(s)

03-01-2024T16:01:41 - [MESSAGE][INFO] - Clearing text of object 'Object Repository/Page_Verif_AccordeonEtatCivilDuDemandeur_Agent/TextArea_TextDocManquantPhotographie'

03-01-2024T16:01:43 - [MESSAGE][INFO] - Finding web element from Test Object's properties

03-01-2024T16:01:43 - [MESSAGE][INFO] - Checking timeout

03-01-2024T16:01:43 - [MESSAGE][INFO] - Finding web element with id: 'Object Repository/Page_Verif_AccordeonEtatCivilDuDemandeur_Agent/TextArea_TextDocManquantPhotographie' located by 'By.xpath: //*[@id="observation"]' in '5' second(s)

03-01-2024T16:01:43 - [MESSAGE][INFO] - Smart Wait Function is triggered

03-01-2024T16:01:43 - [MESSAGE][INFO] - Found 1 web elements with id: 'Object Repository/Page_Verif_AccordeonEtatCivilDuDemandeur_Agent/TextArea_TextDocManquantPhotographie' located by 'By.xpath: //*[@id="observation"]' in '5' second(s)

03-01-2024T16:01:43 - [MESSAGE][INFO] - Setting text of object 'Object Repository/Page_Verif_AccordeonEtatCivilDuDemandeur_Agent/TextArea_TextDocManquantPhotographie' to value 'Préciser le document manquant Photographie au demandeur'

03-01-2024T16:01:46 - [MESSAGE][PASSED] - Text 'Préciser le document manquant Photographie au demandeur' is set on object 'Object Repository/Page_Verif_AccordeonEtatCivilDuDemandeur_Agent/TextArea_TextDocManquantPhotographie'

03-01-2024T16:01:46 - [TEST_STEP][PASSED] - check(DocManquantPhotographie): Object 'Object Repository/Page_Verif_AccordeonEtatCivilDuDemandeur_Agent/span_Check_DocManquantPhotographie' is checked

03-01-2024T16:01:46 - [MESSAGE][INFO] - Checking object

03-01-2024T16:01:46 - [MESSAGE][INFO] - Finding web element from Test Object's properties

03-01-2024T16:01:46 - [MESSAGE][INFO] - Checking timeout

03-01-2024T16:01:46 - [MESSAGE][INFO] - Finding web element with id: 'Object Repository/Page_Verif_AccordeonEtatCivilDuDemandeur_Agent/span_Check_DocManquantPhotographie' located by 'By.xpath: //div/app-etat-civil/div/div[2]/div/app-justificatifs[1]/div/div[1]/anef-input-check/div/div/p-checkbox/div/div[2]' in '5' second(s)

03-01-2024T16:01:46 - [MESSAGE][INFO] - Smart Wait Function is triggered

03-01-2024T16:01:46 - [MESSAGE][INFO] - Found 1 web elements with id: 'Object Repository/Page_Verif_AccordeonEtatCivilDuDemandeur_Agent/span_Check_DocManquantPhotographie' located by 'By.xpath: //div/app-etat-civil/div/div[2]/div/app-justificatifs[1]/div/div[1]/anef-input-check/div/div/p-checkbox/div/div[2]' in '5' second(s)

03-01-2024T16:01:46 - [MESSAGE][INFO] - Checking on bject 'Object Repository/Page_Verif_AccordeonEtatCivilDuDemandeur_Agent/span_Check_DocManquantPhotographie'

03-01-2024T16:01:48 - [MESSAGE][PASSED] - Object 'Object Repository/Page_Verif_AccordeonEtatCivilDuDemandeur_Agent/span_Check_DocManquantPhotographie' is checked

03-01-2024T16:01:48 - [TEST_STEP][PASSED] - objVoirDocPhotographie = findTestObject("Object Repository/Page_Verif_AccordeonEtatCivilDuDemandeur_Agent/span_VoirDocPhotographie"): Finding Test Object 'Object Repository/Page_Verif_AccordeonEtatCivilDuDemandeur_Agent/span_VoirDocPhotographie'

03-01-2024T16:01:48 - [MESSAGE][INFO] - Finding Test Object 'Object Repository/Page_Verif_AccordeonEtatCivilDuDemandeur_Agent/span_VoirDocPhotographie'

03-01-2024T16:01:48 - [TEST_STEP][PASSED] - tools.OpenPopupInTab.OpenBrowserTab(objVoirDocPhotographie): tools.OpenPopupInTab.OpenBrowserTab is PASSED

03-01-2024T16:01:48 - [MESSAGE][INFO] - Smart Wait Function is triggered

03-01-2024T16:01:48 - [MESSAGE][PASSED] - tools.OpenPopupInTab.OpenBrowserTab is PASSED

03-01-2024T16:01:48 - [TEST_STEP][PASSED] - tools.OpenPopupInTab.CloseBrowserTab(): tools.OpenPopupInTab.CloseBrowserTab is PASSED

03-01-2024T16:01:49 - [MESSAGE][INFO] - Delaying browser in 2 second(s)

03-01-2024T16:01:51 - [MESSAGE][PASSED] - Delayed 2 second(s)

03-01-2024T16:01:51 - [MESSAGE][INFO] - Checking index

03-01-2024T16:01:51 - [MESSAGE][INFO] - Switching window with index: '0'

03-01-2024T16:01:51 - [MESSAGE][PASSED] - Switched to window with index: '0'

03-01-2024T16:01:51 - [MESSAGE][PASSED] - tools.OpenPopupInTab.CloseBrowserTab is PASSED

03-01-2024T16:01:51 - [TEST_STEP][PASSED] - delay(2): Delayed 2 second(s)

03-01-2024T16:01:51 - [MESSAGE][INFO] - Delaying browser in 2 second(s)

03-01-2024T16:01:53 - [MESSAGE][PASSED] - Delayed 2 second(s)

03-01-2024T16:01:53 - [TEST_STEP][PASSED] - click(findTestObject("Object Repository/Page_Verif_AccordeonEtatCivilDuDemandeur_Agent/label_RejeterLeDocumentPhotographie")): Object: 'Object Repository/Page_Verif_AccordeonEtatCivilDuDemandeur_Agent/label_RejeterLeDocumentPhotographie' is clicked on

03-01-2024T16:01:53 - [MESSAGE][INFO] - Finding Test Object 'Object Repository/Page_Verif_AccordeonEtatCivilDuDemandeur_Agent/label_RejeterLeDocumentPhotographie'

03-01-2024T16:01:53 - [MESSAGE][INFO] - Checking timeout

03-01-2024T16:01:53 - [MESSAGE][INFO] - Finding web element with id: 'Object Repository/Page_Verif_AccordeonEtatCivilDuDemandeur_Agent/label_RejeterLeDocumentPhotographie' located by 'By.xpath: //div/app-etat-civil/div/div[2]/div/app-justificatifs[1]/div/div[2]/div/div[3]/anef-input-radio/div/div/fieldset/div/div[1]/p-radiobutton/label
' in '20' second(s)

03-01-2024T16:01:53 - [MESSAGE][INFO] - Smart Wait Function is triggered

03-01-2024T16:01:53 - [MESSAGE][INFO] - Found 1 web elements with id: 'Object Repository/Page_Verif_AccordeonEtatCivilDuDemandeur_Agent/label_RejeterLeDocumentPhotographie' located by 'By.xpath: //div/app-etat-civil/div/div[2]/div/app-justificatifs[1]/div/div[2]/div/div[3]/anef-input-radio/div/div/fieldset/div/div[1]/p-radiobutton/label
' in '20' second(s)

03-01-2024T16:01:53 - [MESSAGE][INFO] - Checking object

03-01-2024T16:01:53 - [MESSAGE][INFO] - Checking timeout

03-01-2024T16:01:53 - [MESSAGE][INFO] - Finding web element from Test Object's properties

03-01-2024T16:01:53 - [MESSAGE][INFO] - Checking timeout

03-01-2024T16:01:53 - [MESSAGE][INFO] - Finding web element with id: 'Object Repository/Page_Verif_AccordeonEtatCivilDuDemandeur_Agent/label_RejeterLeDocumentPhotographie' located by 'By.xpath: //div/app-etat-civil/div/div[2]/div/app-justificatifs[1]/div/div[2]/div/div[3]/anef-input-radio/div/div/fieldset/div/div[1]/p-radiobutton/label
' in '5' second(s)

03-01-2024T16:01:53 - [MESSAGE][INFO] - Smart Wait Function is triggered

03-01-2024T16:01:53 - [MESSAGE][INFO] - Found 1 web elements with id: 'Object Repository/Page_Verif_AccordeonEtatCivilDuDemandeur_Agent/label_RejeterLeDocumentPhotographie' located by 'By.xpath: //div/app-etat-civil/div/div[2]/div/app-justificatifs[1]/div/div[2]/div/div[3]/anef-input-radio/div/div/fieldset/div/div[1]/p-radiobutton/label
' in '5' second(s)

03-01-2024T16:01:53 - [MESSAGE][INFO] - Clicking on object: 'Object Repository/Page_Verif_AccordeonEtatCivilDuDemandeur_Agent/label_RejeterLeDocumentPhotographie'

03-01-2024T16:01:55 - [MESSAGE][PASSED] - Object: 'Object Repository/Page_Verif_AccordeonEtatCivilDuDemandeur_Agent/label_RejeterLeDocumentPhotographie' is clicked on

03-01-2024T16:01:55 - [TEST_STEP][PASSED] - doubleClick(findTestObject("Object Repository/Page_Verif_AccordeonEtatCivilDuDemandeur_Agent/List_MotifDuRejetPhotographie")): Object: 'Object Repository/Page_Verif_AccordeonEtatCivilDuDemandeur_Agent/List_MotifDuRejetPhotographie' is double clicked on

03-01-2024T16:01:55 - [MESSAGE][INFO] - Finding Test Object 'Object Repository/Page_Verif_AccordeonEtatCivilDuDemandeur_Agent/List_MotifDuRejetPhotographie'

03-01-2024T16:01:55 - [MESSAGE][INFO] - Checking object

03-01-2024T16:01:55 - [MESSAGE][INFO] - Finding web element from Test Object's properties

03-01-2024T16:01:55 - [MESSAGE][INFO] - Checking timeout

03-01-2024T16:01:55 - [MESSAGE][INFO] - Finding web element with id: 'Object Repository/Page_Verif_AccordeonEtatCivilDuDemandeur_Agent/List_MotifDuRejetPhotographie' located by 'By.xpath: //*[@id="motif"]/div/div[3]/label' in '5' second(s)

03-01-2024T16:01:55 - [MESSAGE][INFO] - Smart Wait Function is triggered

03-01-2024T16:01:55 - [MESSAGE][INFO] - Found 1 web elements with id: 'Object Repository/Page_Verif_AccordeonEtatCivilDuDemandeur_Agent/List_MotifDuRejetPhotographie' located by 'By.xpath: //*[@id="motif"]/div/div[3]/label' in '5' second(s)

03-01-2024T16:01:55 - [MESSAGE][INFO] - Double clicking on object: 'Object Repository/Page_Verif_AccordeonEtatCivilDuDemandeur_Agent/List_MotifDuRejetPhotographie'

03-01-2024T16:01:56 - [MESSAGE][PASSED] - Object: 'Object Repository/Page_Verif_AccordeonEtatCivilDuDemandeur_Agent/List_MotifDuRejetPhotographie' is double clicked on

03-01-2024T16:01:56 - [TEST_STEP][PASSED] - setText(findTestObject("Object Repository/Page_Verif_AccordeonEtatCivilDuDemandeur_Agent/Txt_ObservationPourDemandeurPhotographie"), "Observations Photographie pour le demandeur"): Text 'Observations Photographie pour le demandeur' is set on object 'Object Repository/Page_Verif_AccordeonEtatCivilDuDemandeur_Agent/Txt_ObservationPourDemandeurPhotographie'

03-01-2024T16:01:56 - [MESSAGE][INFO] - Finding Test Object 'Object Repository/Page_Verif_AccordeonEtatCivilDuDemandeur_Agent/Txt_ObservationPourDemandeurPhotographie'

03-01-2024T16:01:56 - [MESSAGE][INFO] - Checking timeout

03-01-2024T16:01:56 - [MESSAGE][INFO] - Finding web element with id: 'Object Repository/Page_Verif_AccordeonEtatCivilDuDemandeur_Agent/Txt_ObservationPourDemandeurPhotographie' located by 'By.xpath: //*[@id="observation"]' in '20' second(s)

03-01-2024T16:01:56 - [MESSAGE][INFO] - Smart Wait Function is triggered

03-01-2024T16:01:56 - [MESSAGE][INFO] - Found 1 web elements with id: 'Object Repository/Page_Verif_AccordeonEtatCivilDuDemandeur_Agent/Txt_ObservationPourDemandeurPhotographie' located by 'By.xpath: //*[@id="observation"]' in '20' second(s)

03-01-2024T16:01:56 - [MESSAGE][INFO] - Checking object

03-01-2024T16:01:56 - [MESSAGE][INFO] - Checking text

03-01-2024T16:01:56 - [MESSAGE][INFO] - Finding web element from Test Object's properties

03-01-2024T16:01:56 - [MESSAGE][INFO] - Checking timeout

03-01-2024T16:01:56 - [MESSAGE][INFO] - Finding web element with id: 'Object Repository/Page_Verif_AccordeonEtatCivilDuDemandeur_Agent/Txt_ObservationPourDemandeurPhotographie' located by 'By.xpath: //*[@id="observation"]' in '5' second(s)

03-01-2024T16:01:56 - [MESSAGE][INFO] - Smart Wait Function is triggered

03-01-2024T16:01:56 - [MESSAGE][INFO] - Found 1 web elements with id: 'Object Repository/Page_Verif_AccordeonEtatCivilDuDemandeur_Agent/Txt_ObservationPourDemandeurPhotographie' located by 'By.xpath: //*[@id="observation"]' in '5' second(s)

03-01-2024T16:01:56 - [MESSAGE][INFO] - Clearing text of object 'Object Repository/Page_Verif_AccordeonEtatCivilDuDemandeur_Agent/Txt_ObservationPourDemandeurPhotographie'

03-01-2024T16:01:58 - [MESSAGE][INFO] - Finding web element from Test Object's properties

03-01-2024T16:01:58 - [MESSAGE][INFO] - Checking timeout

03-01-2024T16:01:58 - [MESSAGE][INFO] - Finding web element with id: 'Object Repository/Page_Verif_AccordeonEtatCivilDuDemandeur_Agent/Txt_ObservationPourDemandeurPhotographie' located by 'By.xpath: //*[@id="observation"]' in '5' second(s)

03-01-2024T16:01:58 - [MESSAGE][INFO] - Smart Wait Function is triggered

03-01-2024T16:01:58 - [MESSAGE][INFO] - Found 1 web elements with id: 'Object Repository/Page_Verif_AccordeonEtatCivilDuDemandeur_Agent/Txt_ObservationPourDemandeurPhotographie' located by 'By.xpath: //*[@id="observation"]' in '5' second(s)

03-01-2024T16:01:58 - [MESSAGE][INFO] - Setting text of object 'Object Repository/Page_Verif_AccordeonEtatCivilDuDemandeur_Agent/Txt_ObservationPourDemandeurPhotographie' to value 'Observations Photographie pour le demandeur'

03-01-2024T16:02:00 - [MESSAGE][PASSED] - Text 'Observations Photographie pour le demandeur' is set on object 'Object Repository/Page_Verif_AccordeonEtatCivilDuDemandeur_Agent/Txt_ObservationPourDemandeurPhotographie'

03-01-2024T16:02:00 - [TEST_STEP][FAILED] - click(findTestObject("Object Repository/Page_Verif_AccordeonEtatCivilDuDemandeur_Agent/div_AccepterLeDocumentPhotographie")): Unable to click on object 'Object Repository/Page_Verif_AccordeonEtatCivilDuDemandeur_Agent/div_AccepterLeDocumentPhotographie' (Root cause: com.kms.katalon.core.exception.StepFailedException: Unable to click on object 'Object Repository/Page_Verif_AccordeonEtatCivilDuDemandeur_Agent/div_AccepterLeDocumentPhotographie'
	at com.kms.katalon.core.webui.keyword.internal.WebUIKeywordMain.stepFailed(WebUIKeywordMain.groovy:64)
	at com.kms.katalon.core.webui.keyword.internal.WebUIKeywordMain.runKeyword(WebUIKeywordMain.groovy:26)
	at com.kms.katalon.core.webui.keyword.builtin.ClickKeyword.click(ClickKeyword.groovy:74)
	at com.kms.katalon.core.webui.keyword.builtin.ClickKeyword.execute(ClickKeyword.groovy:40)
	at com.kms.katalon.core.keyword.internal.KeywordExecutor.executeKeywordForPlatform(KeywordExecutor.groovy:74)
	at com.kms.katalon.core.webui.keyword.WebUiBuiltInKeywords.click(WebUiBuiltInKeywords.groovy:659)
	at jdk.internal.reflect.GeneratedMethodAccessor26.invoke(Unknown Source)
	at java.base/jdk.internal.reflect.DelegatingMethodAccessorImpl.invoke(DelegatingMethodAccessorImpl.java:43)
	at com.kazurayam.ksbackyard.HighlightElement$_pandemic_closure1.doCall(HighlightElement.groovy:105)
	at jdk.internal.reflect.GeneratedMethodAccessor5.invoke(Unknown Source)
	at java.base/jdk.internal.reflect.DelegatingMethodAccessorImpl.invoke(DelegatingMethodAccessorImpl.java:43)
	at Verif_AccordeonEtatCivilDuDemandeur.run(Verif_AccordeonEtatCivilDuDemandeur:93)
	at com.kms.katalon.core.main.ScriptEngine.run(ScriptEngine.java:194)
	at com.kms.katalon.core.main.ScriptEngine.runScriptAsRawText(ScriptEngine.java:119)
	at com.kms.katalon.core.main.TestCaseExecutor.runScript(TestCaseExecutor.java:448)
	at com.kms.katalon.core.main.TestCaseExecutor.doExecute(TestCaseExecutor.java:439)
	at com.kms.katalon.core.main.TestCaseExecutor.processExecutionPhase(TestCaseExecutor.java:418)
	at com.kms.katalon.core.main.TestCaseExecutor.accessMainPhase(TestCaseExecutor.java:410)
	at com.kms.katalon.core.main.TestCaseExecutor.execute(TestCaseExecutor.java:285)
	at com.kms.katalon.core.main.TestCaseMain.runTestCase(TestCaseMain.java:137)
	at com.kms.katalon.core.keyword.builtin.CallTestCaseKeyword$_callTestCase_closure1.doCall(CallTestCaseKeyword.groovy:59)
	at com.kms.katalon.core.keyword.builtin.CallTestCaseKeyword$_callTestCase_closure1.call(CallTestCaseKeyword.groovy)
	at com.kms.katalon.core.keyword.internal.KeywordMain.runKeyword(KeywordMain.groovy:75)
	at com.kms.katalon.core.keyword.builtin.CallTestCaseKeyword.callTestCase(CallTestCaseKeyword.groovy:81)
	at com.kms.katalon.core.keyword.builtin.CallTestCaseKeyword.execute(CallTestCaseKeyword.groovy:44)
	at com.kms.katalon.core.keyword.internal.KeywordExecutor.executeKeywordForPlatform(KeywordExecutor.groovy:74)
	at com.kms.katalon.core.keyword.BuiltinKeywords.callTestCase(BuiltinKeywords.groovy:310)
	at jdk.internal.reflect.GeneratedMethodAccessor31.invoke(Unknown Source)
	at java.base/jdk.internal.reflect.DelegatingMethodAccessorImpl.invoke(DelegatingMethodAccessorImpl.java:43)
	at com.kazurayam.ksbackyard.HighlightElement$_pandemic_closure1.doCall(HighlightElement.groovy:105)
	at jdk.internal.reflect.GeneratedMethodAccessor5.invoke(Unknown Source)
	at java.base/jdk.internal.reflect.DelegatingMethodAccessorImpl.invoke(DelegatingMethodAccessorImpl.java:43)
	at TNR R.TSPT Supp90-Visiteur.run(TNR R.TSPT Supp90-Visiteur:119)
	at com.kms.katalon.core.main.ScriptEngine.run(ScriptEngine.java:194)
	at com.kms.katalon.core.main.ScriptEngine.runScriptAsRawText(ScriptEngine.java:119)
	at com.kms.katalon.core.main.TestCaseExecutor.runScript(TestCaseExecutor.java:448)
	at com.kms.katalon.core.main.TestCaseExecutor.doExecute(TestCaseExecutor.java:439)
	at com.kms.katalon.core.main.TestCaseExecutor.processExecutionPhase(TestCaseExecutor.java:418)
	at com.kms.katalon.core.main.TestCaseExecutor.accessMainPhase(TestCaseExecutor.java:410)
	at com.kms.katalon.core.main.TestCaseExecutor.execute(TestCaseExecutor.java:285)
	at com.kms.katalon.core.common.CommonExecutor.accessTestCaseMainPhase(CommonExecutor.java:65)
	at com.kms.katalon.core.main.TestSuiteExecutor.accessTestSuiteMainPhase(TestSuiteExecutor.java:148)
	at com.kms.katalon.core.main.TestSuiteExecutor.execute(TestSuiteExecutor.java:106)
	at com.kms.katalon.core.main.TestCaseMain.startTestSuite(TestCaseMain.java:180)
	at TempTestSuite1704293543711.run(TempTestSuite1704293543711.groovy:36)
	at java.base/jdk.internal.reflect.NativeMethodAccessorImpl.invoke0(Native Method)
	at java.base/jdk.internal.reflect.NativeMethodAccessorImpl.invoke(NativeMethodAccessorImpl.java:77)
	at java.base/jdk.internal.reflect.DelegatingMethodAccessorImpl.invoke(DelegatingMethodAccessorImpl.java:43)
Caused by: org.openqa.selenium.ElementClickInterceptedException: element click intercepted: Element <div class="ui-radiobutton-box ui-widget ui-state-default" ng-reflect-ng-class="[object Object]" style="outline: dashed red;">...</div> is not clickable at point (842, 150). Other element would receive the click: <div _ngcontent-vod-c23="" id="navBar" class="ng-star-inserted">...</div>
  (Session info: chrome=120.0.6099.130)
Build info: version: '3.141.59', revision: 'e82be7d358', time: '2018-11-14T08:25:53'
System info: host: 'FR-L5448059', ip: '192.168.1.134', os.name: 'Windows 10', os.arch: 'amd64', os.version: '10.0', java.version: '17.0.7'
Driver info: com.kms.katalon.selenium.driver.CChromeDriver
Capabilities {acceptInsecureCerts: false, browserName: chrome, browserVersion: 120.0.6099.130, chrome: {chromedriverVersion: 119.0.6045.105 (38c72552c5e..., userDataDir: C:\Users\ISSAM~1.RHA\AppDat...}, fedcm:accounts: true, goog:chromeOptions: {debuggerAddress: localhost:59633}, javascriptEnabled: true, networkConnectionEnabled: false, pageLoadStrategy: normal, platform: WINDOWS, platformName: WINDOWS, proxy: Proxy(), setWindowRect: true, strictFileInteractability: false, timeouts: {implicit: 0, pageLoad: 300000, script: 30000}, unhandledPromptBehavior: dismiss and notify, webauthn:extension:credBlob: true, webauthn:extension:largeBlob: true, webauthn:extension:minPinLength: true, webauthn:extension:prf: true, webauthn:virtualAuthenticators: true}
Session ID: f5b94ceba7204e9800fb275d72a13880
	at java.base/jdk.internal.reflect.NativeConstructorAccessorImpl.newInstance0(Native Method)
	at java.base/jdk.internal.reflect.NativeConstructorAccessorImpl.newInstance(NativeConstructorAccessorImpl.java:77)
	at java.base/jdk.internal.reflect.DelegatingConstructorAccessorImpl.newInstance(DelegatingConstructorAccessorImpl.java:45)
	at org.openqa.selenium.remote.http.W3CHttpResponseCodec.createException(W3CHttpResponseCodec.java:187)
	at org.openqa.selenium.remote.http.W3CHttpResponseCodec.decode(W3CHttpResponseCodec.java:122)
	at org.openqa.selenium.remote.http.W3CHttpResponseCodec.decode(W3CHttpResponseCodec.java:49)
	at org.openqa.selenium.remote.HttpCommandExecutor.execute(HttpCommandExecutor.java:158)
	at org.openqa.selenium.remote.service.DriverCommandExecutor.execute(DriverCommandExecutor.java:83)
	at org.openqa.selenium.remote.RemoteWebDriver.execute(RemoteWebDriver.java:552)
	at com.kms.katalon.selenium.driver.CChromeDriver.execute(CChromeDriver.java:19)
	at org.openqa.selenium.remote.RemoteWebElement.execute(RemoteWebElement.java:285)
	at org.openqa.selenium.remote.RemoteWebElement.click(RemoteWebElement.java:84)
	at jdk.internal.reflect.GeneratedMethodAccessor21.invoke(Unknown Source)
	at java.base/jdk.internal.reflect.DelegatingMethodAccessorImpl.invoke(DelegatingMethodAccessorImpl.java:43)
	at org.openqa.selenium.support.events.EventFiringWebDriver$EventFiringWebElement.lambda$new$0(EventFiringWebDriver.java:404)
	at jdk.proxy2/jdk.proxy2.$Proxy25.click(Unknown Source)
	at org.openqa.selenium.support.events.EventFiringWebDriver$EventFiringWebElement.click(EventFiringWebDriver.java:417)
	at org.openqa.selenium.WebElement$click.call(Unknown Source)
	at com.kms.katalon.core.webui.keyword.builtin.ClickKeyword.clickUntilSuccessWithTimeout(ClickKeyword.groovy:81)
	at com.kms.katalon.core.webui.keyword.builtin.ClickKeyword.clickUntilSuccessWithTimeout(ClickKeyword.groovy)
	at jdk.internal.reflect.GeneratedMethodAccessor25.invoke(Unknown Source)
	at java.base/jdk.internal.reflect.DelegatingMethodAccessorImpl.invoke(DelegatingMethodAccessorImpl.java:43)
	at com.kms.katalon.core.webui.keyword.builtin.ClickKeyword$_click_closure1.doCall(ClickKeyword.groovy:67)
	at com.kms.katalon.core.webui.keyword.builtin.ClickKeyword$_click_closure1.call(ClickKeyword.groovy)
	at com.kms.katalon.core.webui.keyword.internal.WebUIKeywordMain.runKeyword(WebUIKeywordMain.groovy:20)
	at com.kms.katalon.core.webui.keyword.builtin.ClickKeyword.click(ClickKeyword.groovy:74)
	at com.kms.katalon.core.webui.keyword.builtin.ClickKeyword.execute(ClickKeyword.groovy:40)
	at com.kms.katalon.core.keyword.internal.KeywordExecutor.executeKeywordForPlatform(KeywordExecutor.groovy:74)
	at com.kms.katalon.core.webui.keyword.WebUiBuiltInKeywords.click(WebUiBuiltInKeywords.groovy:659)
	at jdk.internal.reflect.GeneratedMethodAccessor26.invoke(Unknown Source)
	at java.base/jdk.internal.reflect.DelegatingMethodAccessorImpl.invoke(DelegatingMethodAccessorImpl.java:43)
	at com.kazurayam.ksbackyard.HighlightElement$_pandemic_closure1.doCall(HighlightElement.groovy:105)
	at jdk.internal.reflect.GeneratedMethodAccessor5.invoke(Unknown Source)
	at java.base/jdk.internal.reflect.DelegatingMethodAccessorImpl.invoke(DelegatingMethodAccessorImpl.java:43)
	at Script1695818233662.run(Script1695818233662.groovy:93)
	at com.kms.katalon.core.main.ScriptEngine.run(ScriptEngine.java:194)
	at com.kms.katalon.core.main.ScriptEngine.runScriptAsRawText(ScriptEngine.java:119)
	at com.kms.katalon.core.main.TestCaseExecutor.runScript(TestCaseExecutor.java:448)
	at com.kms.katalon.core.main.TestCaseExecutor.doExecute(TestCaseExecutor.java:439)
	at com.kms.katalon.core.main.TestCaseExecutor.processExecutionPhase(TestCaseExecutor.java:418)
	at com.kms.katalon.core.main.TestCaseExecutor.accessMainPhase(TestCaseExecutor.java:410)
	at com.kms.katalon.core.main.TestCaseExecutor.execute(TestCaseExecutor.java:285)
	at com.kms.katalon.core.main.TestCaseMain.runTestCase(TestCaseMain.java:137)
	at com.kms.katalon.core.keyword.builtin.CallTestCaseKeyword$_callTestCase_closure1.doCall(CallTestCaseKeyword.groovy:59)
	at com.kms.katalon.core.keyword.builtin.CallTestCaseKeyword$_callTestCase_closure1.call(CallTestCaseKeyword.groovy)
	at com.kms.katalon.core.keyword.internal.KeywordMain.runKeyword(KeywordMain.groovy:75)
	at com.kms.katalon.core.keyword.builtin.CallTestCaseKeyword.callTestCase(CallTestCaseKeyword.groovy:81)
	at com.kms.katalon.core.keyword.builtin.CallTestCaseKeyword.execute(CallTestCaseKeyword.groovy:44)
	at com.kms.katalon.core.keyword.internal.KeywordExecutor.executeKeywordForPlatform(KeywordExecutor.groovy:74)
	at com.kms.katalon.core.keyword.BuiltinKeywords.callTestCase(BuiltinKeywords.groovy:310)
	at jdk.internal.reflect.GeneratedMethodAccessor31.invoke(Unknown Source)
	at java.base/jdk.internal.reflect.DelegatingMethodAccessorImpl.invoke(DelegatingMethodAccessorImpl.java:43)
	at com.kazurayam.ksbackyard.HighlightElement$_pandemic_closure1.doCall(HighlightElement.groovy:105)
	at jdk.internal.reflect.GeneratedMethodAccessor5.invoke(Unknown Source)
	at java.base/jdk.internal.reflect.DelegatingMethodAccessorImpl.invoke(DelegatingMethodAccessorImpl.java:43)
	at Script1695213876796.run(Script1695213876796.groovy:119)
	... 15 more
)

03-01-2024T16:02:00 - [MESSAGE][INFO] - Finding Test Object 'Object Repository/Page_Verif_AccordeonEtatCivilDuDemandeur_Agent/div_AccepterLeDocumentPhotographie'

03-01-2024T16:02:00 - [MESSAGE][INFO] - Checking timeout

03-01-2024T16:02:00 - [MESSAGE][INFO] - Finding web element with id: 'Object Repository/Page_Verif_AccordeonEtatCivilDuDemandeur_Agent/div_AccepterLeDocumentPhotographie' located by 'By.xpath: //div/app-etat-civil/div/div[2]/div/app-justificatifs[1]/div/div[2]/div/div[3]/anef-input-radio/div/div/fieldset/div/div[2]/p-radiobutton/div/div[2]' in '20' second(s)

03-01-2024T16:02:00 - [MESSAGE][INFO] - Smart Wait Function is triggered

03-01-2024T16:02:00 - [MESSAGE][INFO] - Found 1 web elements with id: 'Object Repository/Page_Verif_AccordeonEtatCivilDuDemandeur_Agent/div_AccepterLeDocumentPhotographie' located by 'By.xpath: //div/app-etat-civil/div/div[2]/div/app-justificatifs[1]/div/div[2]/div/div[3]/anef-input-radio/div/div/fieldset/div/div[2]/p-radiobutton/div/div[2]' in '20' second(s)

03-01-2024T16:02:00 - [MESSAGE][INFO] - Checking object

03-01-2024T16:02:00 - [MESSAGE][INFO] - Checking timeout

03-01-2024T16:02:00 - [MESSAGE][INFO] - Finding web element from Test Object's properties

03-01-2024T16:02:00 - [MESSAGE][INFO] - Checking timeout

03-01-2024T16:02:00 - [MESSAGE][INFO] - Finding web element with id: 'Object Repository/Page_Verif_AccordeonEtatCivilDuDemandeur_Agent/div_AccepterLeDocumentPhotographie' located by 'By.xpath: //div/app-etat-civil/div/div[2]/div/app-justificatifs[1]/div/div[2]/div/div[3]/anef-input-radio/div/div/fieldset/div/div[2]/p-radiobutton/div/div[2]' in '5' second(s)

03-01-2024T16:02:00 - [MESSAGE][INFO] - Smart Wait Function is triggered

03-01-2024T16:02:00 - [MESSAGE][INFO] - Found 1 web elements with id: 'Object Repository/Page_Verif_AccordeonEtatCivilDuDemandeur_Agent/div_AccepterLeDocumentPhotographie' located by 'By.xpath: //div/app-etat-civil/div/div[2]/div/app-justificatifs[1]/div/div[2]/div/div[3]/anef-input-radio/div/div/fieldset/div/div[2]/p-radiobutton/div/div[2]' in '5' second(s)

03-01-2024T16:02:00 - [MESSAGE][INFO] - Clicking on object: 'Object Repository/Page_Verif_AccordeonEtatCivilDuDemandeur_Agent/div_AccepterLeDocumentPhotographie'

03-01-2024T16:02:04 - [MESSAGE][INFO] - Unable to click the Test Object, 5 second(s) remain to retry.

03-01-2024T16:02:08 - [MESSAGE][INFO] - Unable to click the Test Object, 1 second(s) remain to retry.

03-01-2024T16:02:12 - [MESSAGE][FAILED] - Unable to click on object 'Object Repository/Page_Verif_AccordeonEtatCivilDuDemandeur_Agent/div_AccepterLeDocumentPhotographie' (Root cause: com.kms.katalon.core.exception.StepFailedException: Unable to click on object 'Object Repository/Page_Verif_AccordeonEtatCivilDuDemandeur_Agent/div_AccepterLeDocumentPhotographie'
	at com.kms.katalon.core.webui.keyword.internal.WebUIKeywordMain.stepFailed(WebUIKeywordMain.groovy:64)
	at com.kms.katalon.core.webui.keyword.internal.WebUIKeywordMain.runKeyword(WebUIKeywordMain.groovy:26)
	at com.kms.katalon.core.webui.keyword.builtin.ClickKeyword.click(ClickKeyword.groovy:74)
	at com.kms.katalon.core.webui.keyword.builtin.ClickKeyword.execute(ClickKeyword.groovy:40)
	at com.kms.katalon.core.keyword.internal.KeywordExecutor.executeKeywordForPlatform(KeywordExecutor.groovy:74)
	at com.kms.katalon.core.webui.keyword.WebUiBuiltInKeywords.click(WebUiBuiltInKeywords.groovy:659)
	at jdk.internal.reflect.GeneratedMethodAccessor26.invoke(Unknown Source)
	at java.base/jdk.internal.reflect.DelegatingMethodAccessorImpl.invoke(DelegatingMethodAccessorImpl.java:43)
	at com.kazurayam.ksbackyard.HighlightElement$_pandemic_closure1.doCall(HighlightElement.groovy:105)
	at jdk.internal.reflect.GeneratedMethodAccessor5.invoke(Unknown Source)
	at java.base/jdk.internal.reflect.DelegatingMethodAccessorImpl.invoke(DelegatingMethodAccessorImpl.java:43)
	at Verif_AccordeonEtatCivilDuDemandeur.run(Verif_AccordeonEtatCivilDuDemandeur:93)
	at com.kms.katalon.core.main.ScriptEngine.run(ScriptEngine.java:194)
	at com.kms.katalon.core.main.ScriptEngine.runScriptAsRawText(ScriptEngine.java:119)
	at com.kms.katalon.core.main.TestCaseExecutor.runScript(TestCaseExecutor.java:448)
	at com.kms.katalon.core.main.TestCaseExecutor.doExecute(TestCaseExecutor.java:439)
	at com.kms.katalon.core.main.TestCaseExecutor.processExecutionPhase(TestCaseExecutor.java:418)
	at com.kms.katalon.core.main.TestCaseExecutor.accessMainPhase(TestCaseExecutor.java:410)
	at com.kms.katalon.core.main.TestCaseExecutor.execute(TestCaseExecutor.java:285)
	at com.kms.katalon.core.main.TestCaseMain.runTestCase(TestCaseMain.java:137)
	at com.kms.katalon.core.keyword.builtin.CallTestCaseKeyword$_callTestCase_closure1.doCall(CallTestCaseKeyword.groovy:59)
	at com.kms.katalon.core.keyword.builtin.CallTestCaseKeyword$_callTestCase_closure1.call(CallTestCaseKeyword.groovy)
	at com.kms.katalon.core.keyword.internal.KeywordMain.runKeyword(KeywordMain.groovy:75)
	at com.kms.katalon.core.keyword.builtin.CallTestCaseKeyword.callTestCase(CallTestCaseKeyword.groovy:81)
	at com.kms.katalon.core.keyword.builtin.CallTestCaseKeyword.execute(CallTestCaseKeyword.groovy:44)
	at com.kms.katalon.core.keyword.internal.KeywordExecutor.executeKeywordForPlatform(KeywordExecutor.groovy:74)
	at com.kms.katalon.core.keyword.BuiltinKeywords.callTestCase(BuiltinKeywords.groovy:310)
	at jdk.internal.reflect.GeneratedMethodAccessor31.invoke(Unknown Source)
	at java.base/jdk.internal.reflect.DelegatingMethodAccessorImpl.invoke(DelegatingMethodAccessorImpl.java:43)
	at com.kazurayam.ksbackyard.HighlightElement$_pandemic_closure1.doCall(HighlightElement.groovy:105)
	at jdk.internal.reflect.GeneratedMethodAccessor5.invoke(Unknown Source)
	at java.base/jdk.internal.reflect.DelegatingMethodAccessorImpl.invoke(DelegatingMethodAccessorImpl.java:43)
	at TNR R.TSPT Supp90-Visiteur.run(TNR R.TSPT Supp90-Visiteur:119)
	at com.kms.katalon.core.main.ScriptEngine.run(ScriptEngine.java:194)
	at com.kms.katalon.core.main.ScriptEngine.runScriptAsRawText(ScriptEngine.java:119)
	at com.kms.katalon.core.main.TestCaseExecutor.runScript(TestCaseExecutor.java:448)
	at com.kms.katalon.core.main.TestCaseExecutor.doExecute(TestCaseExecutor.java:439)
	at com.kms.katalon.core.main.TestCaseExecutor.processExecutionPhase(TestCaseExecutor.java:418)
	at com.kms.katalon.core.main.TestCaseExecutor.accessMainPhase(TestCaseExecutor.java:410)
	at com.kms.katalon.core.main.TestCaseExecutor.execute(TestCaseExecutor.java:285)
	at com.kms.katalon.core.common.CommonExecutor.accessTestCaseMainPhase(CommonExecutor.java:65)
	at com.kms.katalon.core.main.TestSuiteExecutor.accessTestSuiteMainPhase(TestSuiteExecutor.java:148)
	at com.kms.katalon.core.main.TestSuiteExecutor.execute(TestSuiteExecutor.java:106)
	at com.kms.katalon.core.main.TestCaseMain.startTestSuite(TestCaseMain.java:180)
	at TempTestSuite1704293543711.run(TempTestSuite1704293543711.groovy:36)
	at java.base/jdk.internal.reflect.NativeMethodAccessorImpl.invoke0(Native Method)
	at java.base/jdk.internal.reflect.NativeMethodAccessorImpl.invoke(NativeMethodAccessorImpl.java:77)
	at java.base/jdk.internal.reflect.DelegatingMethodAccessorImpl.invoke(DelegatingMethodAccessorImpl.java:43)
Caused by: org.openqa.selenium.ElementClickInterceptedException: element click intercepted: Element <div class="ui-radiobutton-box ui-widget ui-state-default" ng-reflect-ng-class="[object Object]" style="outline: dashed red;">...</div> is not clickable at point (842, 150). Other element would receive the click: <div _ngcontent-vod-c23="" id="navBar" class="ng-star-inserted">...</div>
  (Session info: chrome=120.0.6099.130)
Build info: version: '3.141.59', revision: 'e82be7d358', time: '2018-11-14T08:25:53'
System info: host: 'FR-L5448059', ip: '192.168.1.134', os.name: 'Windows 10', os.arch: 'amd64', os.version: '10.0', java.version: '17.0.7'
Driver info: com.kms.katalon.selenium.driver.CChromeDriver
Capabilities {acceptInsecureCerts: false, browserName: chrome, browserVersion: 120.0.6099.130, chrome: {chromedriverVersion: 119.0.6045.105 (38c72552c5e..., userDataDir: C:\Users\ISSAM~1.RHA\AppDat...}, fedcm:accounts: true, goog:chromeOptions: {debuggerAddress: localhost:59633}, javascriptEnabled: true, networkConnectionEnabled: false, pageLoadStrategy: normal, platform: WINDOWS, platformName: WINDOWS, proxy: Proxy(), setWindowRect: true, strictFileInteractability: false, timeouts: {implicit: 0, pageLoad: 300000, script: 30000}, unhandledPromptBehavior: dismiss and notify, webauthn:extension:credBlob: true, webauthn:extension:largeBlob: true, webauthn:extension:minPinLength: true, webauthn:extension:prf: true, webauthn:virtualAuthenticators: true}
Session ID: f5b94ceba7204e9800fb275d72a13880
	at java.base/jdk.internal.reflect.NativeConstructorAccessorImpl.newInstance0(Native Method)
	at java.base/jdk.internal.reflect.NativeConstructorAccessorImpl.newInstance(NativeConstructorAccessorImpl.java:77)
	at java.base/jdk.internal.reflect.DelegatingConstructorAccessorImpl.newInstance(DelegatingConstructorAccessorImpl.java:45)
	at org.openqa.selenium.remote.http.W3CHttpResponseCodec.createException(W3CHttpResponseCodec.java:187)
	at org.openqa.selenium.remote.http.W3CHttpResponseCodec.decode(W3CHttpResponseCodec.java:122)
	at org.openqa.selenium.remote.http.W3CHttpResponseCodec.decode(W3CHttpResponseCodec.java:49)
	at org.openqa.selenium.remote.HttpCommandExecutor.execute(HttpCommandExecutor.java:158)
	at org.openqa.selenium.remote.service.DriverCommandExecutor.execute(DriverCommandExecutor.java:83)
	at org.openqa.selenium.remote.RemoteWebDriver.execute(RemoteWebDriver.java:552)
	at com.kms.katalon.selenium.driver.CChromeDriver.execute(CChromeDriver.java:19)
	at org.openqa.selenium.remote.RemoteWebElement.execute(RemoteWebElement.java:285)
	at org.openqa.selenium.remote.RemoteWebElement.click(RemoteWebElement.java:84)
	at jdk.internal.reflect.GeneratedMethodAccessor21.invoke(Unknown Source)
	at java.base/jdk.internal.reflect.DelegatingMethodAccessorImpl.invoke(DelegatingMethodAccessorImpl.java:43)
	at org.openqa.selenium.support.events.EventFiringWebDriver$EventFiringWebElement.lambda$new$0(EventFiringWebDriver.java:404)
	at jdk.proxy2/jdk.proxy2.$Proxy25.click(Unknown Source)
	at org.openqa.selenium.support.events.EventFiringWebDriver$EventFiringWebElement.click(EventFiringWebDriver.java:417)
	at org.openqa.selenium.WebElement$click.call(Unknown Source)
	at com.kms.katalon.core.webui.keyword.builtin.ClickKeyword.clickUntilSuccessWithTimeout(ClickKeyword.groovy:81)
	at com.kms.katalon.core.webui.keyword.builtin.ClickKeyword.clickUntilSuccessWithTimeout(ClickKeyword.groovy)
	at jdk.internal.reflect.GeneratedMethodAccessor25.invoke(Unknown Source)
	at java.base/jdk.internal.reflect.DelegatingMethodAccessorImpl.invoke(DelegatingMethodAccessorImpl.java:43)
	at com.kms.katalon.core.webui.keyword.builtin.ClickKeyword$_click_closure1.doCall(ClickKeyword.groovy:67)
	at com.kms.katalon.core.webui.keyword.builtin.ClickKeyword$_click_closure1.call(ClickKeyword.groovy)
	at com.kms.katalon.core.webui.keyword.internal.WebUIKeywordMain.runKeyword(WebUIKeywordMain.groovy:20)
	at com.kms.katalon.core.webui.keyword.builtin.ClickKeyword.click(ClickKeyword.groovy:74)
	at com.kms.katalon.core.webui.keyword.builtin.ClickKeyword.execute(ClickKeyword.groovy:40)
	at com.kms.katalon.core.keyword.internal.KeywordExecutor.executeKeywordForPlatform(KeywordExecutor.groovy:74)
	at com.kms.katalon.core.webui.keyword.WebUiBuiltInKeywords.click(WebUiBuiltInKeywords.groovy:659)
	at jdk.internal.reflect.GeneratedMethodAccessor26.invoke(Unknown Source)
	at java.base/jdk.internal.reflect.DelegatingMethodAccessorImpl.invoke(DelegatingMethodAccessorImpl.java:43)
	at com.kazurayam.ksbackyard.HighlightElement$_pandemic_closure1.doCall(HighlightElement.groovy:105)
	at jdk.internal.reflect.GeneratedMethodAccessor5.invoke(Unknown Source)
	at java.base/jdk.internal.reflect.DelegatingMethodAccessorImpl.invoke(DelegatingMethodAccessorImpl.java:43)
	at Script1695818233662.run(Script1695818233662.groovy:93)
	at com.kms.katalon.core.main.ScriptEngine.run(ScriptEngine.java:194)
	at com.kms.katalon.core.main.ScriptEngine.runScriptAsRawText(ScriptEngine.java:119)
	at com.kms.katalon.core.main.TestCaseExecutor.runScript(TestCaseExecutor.java:448)
	at com.kms.katalon.core.main.TestCaseExecutor.doExecute(TestCaseExecutor.java:439)
	at com.kms.katalon.core.main.TestCaseExecutor.processExecutionPhase(TestCaseExecutor.java:418)
	at com.kms.katalon.core.main.TestCaseExecutor.accessMainPhase(TestCaseExecutor.java:410)
	at com.kms.katalon.core.main.TestCaseExecutor.execute(TestCaseExecutor.java:285)
	at com.kms.katalon.core.main.TestCaseMain.runTestCase(TestCaseMain.java:137)
	at com.kms.katalon.core.keyword.builtin.CallTestCaseKeyword$_callTestCase_closure1.doCall(CallTestCaseKeyword.groovy:59)
	at com.kms.katalon.core.keyword.builtin.CallTestCaseKeyword$_callTestCase_closure1.call(CallTestCaseKeyword.groovy)
	at com.kms.katalon.core.keyword.internal.KeywordMain.runKeyword(KeywordMain.groovy:75)
	at com.kms.katalon.core.keyword.builtin.CallTestCaseKeyword.callTestCase(CallTestCaseKeyword.groovy:81)
	at com.kms.katalon.core.keyword.builtin.CallTestCaseKeyword.execute(CallTestCaseKeyword.groovy:44)
	at com.kms.katalon.core.keyword.internal.KeywordExecutor.executeKeywordForPlatform(KeywordExecutor.groovy:74)
	at com.kms.katalon.core.keyword.BuiltinKeywords.callTestCase(BuiltinKeywords.groovy:310)
	at jdk.internal.reflect.GeneratedMethodAccessor31.invoke(Unknown Source)
	at java.base/jdk.internal.reflect.DelegatingMethodAccessorImpl.invoke(DelegatingMethodAccessorImpl.java:43)
	at com.kazurayam.ksbackyard.HighlightElement$_pandemic_closure1.doCall(HighlightElement.groovy:105)
	at jdk.internal.reflect.GeneratedMethodAccessor5.invoke(Unknown Source)
	at java.base/jdk.internal.reflect.DelegatingMethodAccessorImpl.invoke(DelegatingMethodAccessorImpl.java:43)
	at Script1695213876796.run(Script1695213876796.groovy:119)
	... 15 more
)
[[ATTACHMENT|C:\\Users\\ISSAM.RHARBAOUI\\git\\ANEF-RenouvellementSejour\\Reports\\20240103_155223\\TS_TNR_R.TSPT_Suppo90\\20240103_155223\\1704294132288.png]]

03-01-2024T16:02:12 - [MESSAGE][FAILED] - Unable to call Test Case 'Test Cases/Test Reutilisable/AgentTraitementDemande/Verif_AccordeonEtatCivilDuDemandeur' (Root cause: com.kms.katalon.core.exception.StepFailedException: Call Test Case 'Test Cases/Test Reutilisable/AgentTraitementDemande/Verif_AccordeonEtatCivilDuDemandeur' failed
	at com.kms.katalon.core.keyword.builtin.CallTestCaseKeyword$_callTestCase_closure1.doCall(CallTestCaseKeyword.groovy:63)
	at com.kms.katalon.core.keyword.builtin.CallTestCaseKeyword$_callTestCase_closure1.call(CallTestCaseKeyword.groovy)
	at com.kms.katalon.core.keyword.internal.KeywordMain.runKeyword(KeywordMain.groovy:75)
	at com.kms.katalon.core.keyword.builtin.CallTestCaseKeyword.callTestCase(CallTestCaseKeyword.groovy:81)
	at com.kms.katalon.core.keyword.builtin.CallTestCaseKeyword.execute(CallTestCaseKeyword.groovy:44)
	at com.kms.katalon.core.keyword.internal.KeywordExecutor.executeKeywordForPlatform(KeywordExecutor.groovy:74)
	at com.kms.katalon.core.keyword.BuiltinKeywords.callTestCase(BuiltinKeywords.groovy:310)
	at jdk.internal.reflect.GeneratedMethodAccessor31.invoke(Unknown Source)
	at java.base/jdk.internal.reflect.DelegatingMethodAccessorImpl.invoke(DelegatingMethodAccessorImpl.java:43)
	at com.kazurayam.ksbackyard.HighlightElement$_pandemic_closure1.doCall(HighlightElement.groovy:105)
	at jdk.internal.reflect.GeneratedMethodAccessor5.invoke(Unknown Source)
	at java.base/jdk.internal.reflect.DelegatingMethodAccessorImpl.invoke(DelegatingMethodAccessorImpl.java:43)
	at TNR R.TSPT Supp90-Visiteur.run(TNR R.TSPT Supp90-Visiteur:119)
	at com.kms.katalon.core.main.ScriptEngine.run(ScriptEngine.java:194)
	at com.kms.katalon.core.main.ScriptEngine.runScriptAsRawText(ScriptEngine.java:119)
	at com.kms.katalon.core.main.TestCaseExecutor.runScript(TestCaseExecutor.java:448)
	at com.kms.katalon.core.main.TestCaseExecutor.doExecute(TestCaseExecutor.java:439)
	at com.kms.katalon.core.main.TestCaseExecutor.processExecutionPhase(TestCaseExecutor.java:418)
	at com.kms.katalon.core.main.TestCaseExecutor.accessMainPhase(TestCaseExecutor.java:410)
	at com.kms.katalon.core.main.TestCaseExecutor.execute(TestCaseExecutor.java:285)
	at com.kms.katalon.core.common.CommonExecutor.accessTestCaseMainPhase(CommonExecutor.java:65)
	at com.kms.katalon.core.main.TestSuiteExecutor.accessTestSuiteMainPhase(TestSuiteExecutor.java:148)
	at com.kms.katalon.core.main.TestSuiteExecutor.execute(TestSuiteExecutor.java:106)
	at com.kms.katalon.core.main.TestCaseMain.startTestSuite(TestCaseMain.java:180)
	at TempTestSuite1704293543711.run(TempTestSuite1704293543711.groovy:36)
	at java.base/jdk.internal.reflect.NativeMethodAccessorImpl.invoke0(Native Method)
	at java.base/jdk.internal.reflect.NativeMethodAccessorImpl.invoke(NativeMethodAccessorImpl.java:77)
	at java.base/jdk.internal.reflect.DelegatingMethodAccessorImpl.invoke(DelegatingMethodAccessorImpl.java:43)
Caused by: com.kms.katalon.core.exception.StepFailedException: Unable to click on object 'Object Repository/Page_Verif_AccordeonEtatCivilDuDemandeur_Agent/div_AccepterLeDocumentPhotographie'
	at com.kms.katalon.core.webui.keyword.internal.WebUIKeywordMain.stepFailed(WebUIKeywordMain.groovy:64)
	at com.kms.katalon.core.webui.keyword.internal.WebUIKeywordMain.runKeyword(WebUIKeywordMain.groovy:26)
	at com.kms.katalon.core.webui.keyword.builtin.ClickKeyword.click(ClickKeyword.groovy:74)
	at com.kms.katalon.core.webui.keyword.builtin.ClickKeyword.execute(ClickKeyword.groovy:40)
	at com.kms.katalon.core.keyword.internal.KeywordExecutor.executeKeywordForPlatform(KeywordExecutor.groovy:74)
	at com.kms.katalon.core.webui.keyword.WebUiBuiltInKeywords.click(WebUiBuiltInKeywords.groovy:659)
	at jdk.internal.reflect.GeneratedMethodAccessor26.invoke(Unknown Source)
	at java.base/jdk.internal.reflect.DelegatingMethodAccessorImpl.invoke(DelegatingMethodAccessorImpl.java:43)
	at com.kazurayam.ksbackyard.HighlightElement$_pandemic_closure1.doCall(HighlightElement.groovy:105)
	at jdk.internal.reflect.GeneratedMethodAccessor5.invoke(Unknown Source)
	at java.base/jdk.internal.reflect.DelegatingMethodAccessorImpl.invoke(DelegatingMethodAccessorImpl.java:43)
	at Verif_AccordeonEtatCivilDuDemandeur.run(Verif_AccordeonEtatCivilDuDemandeur:93)
	at com.kms.katalon.core.main.ScriptEngine.run(ScriptEngine.java:194)
	at com.kms.katalon.core.main.ScriptEngine.runScriptAsRawText(ScriptEngine.java:119)
	at com.kms.katalon.core.main.TestCaseExecutor.runScript(TestCaseExecutor.java:448)
	at com.kms.katalon.core.main.TestCaseExecutor.doExecute(TestCaseExecutor.java:439)
	at com.kms.katalon.core.main.TestCaseExecutor.processExecutionPhase(TestCaseExecutor.java:418)
	at com.kms.katalon.core.main.TestCaseExecutor.accessMainPhase(TestCaseExecutor.java:410)
	at com.kms.katalon.core.main.TestCaseExecutor.execute(TestCaseExecutor.java:285)
	at com.kms.katalon.core.main.TestCaseMain.runTestCase(TestCaseMain.java:137)
	at com.kms.katalon.core.keyword.builtin.CallTestCaseKeyword$_callTestCase_closure1.doCall(CallTestCaseKeyword.groovy:59)
	... 27 more
Caused by: org.openqa.selenium.ElementClickInterceptedException: element click intercepted: Element <div class="ui-radiobutton-box ui-widget ui-state-default" ng-reflect-ng-class="[object Object]" style="outline: dashed red;">...</div> is not clickable at point (842, 150). Other element would receive the click: <div _ngcontent-vod-c23="" id="navBar" class="ng-star-inserted">...</div>
  (Session info: chrome=120.0.6099.130)
Build info: version: '3.141.59', revision: 'e82be7d358', time: '2018-11-14T08:25:53'
System info: host: 'FR-L5448059', ip: '192.168.1.134', os.name: 'Windows 10', os.arch: 'amd64', os.version: '10.0', java.version: '17.0.7'
Driver info: com.kms.katalon.selenium.driver.CChromeDriver
Capabilities {acceptInsecureCerts: false, browserName: chrome, browserVersion: 120.0.6099.130, chrome: {chromedriverVersion: 119.0.6045.105 (38c72552c5e..., userDataDir: C:\Users\ISSAM~1.RHA\AppDat...}, fedcm:accounts: true, goog:chromeOptions: {debuggerAddress: localhost:59633}, javascriptEnabled: true, networkConnectionEnabled: false, pageLoadStrategy: normal, platform: WINDOWS, platformName: WINDOWS, proxy: Proxy(), setWindowRect: true, strictFileInteractability: false, timeouts: {implicit: 0, pageLoad: 300000, script: 30000}, unhandledPromptBehavior: dismiss and notify, webauthn:extension:credBlob: true, webauthn:extension:largeBlob: true, webauthn:extension:minPinLength: true, webauthn:extension:prf: true, webauthn:virtualAuthenticators: true}
Session ID: f5b94ceba7204e9800fb275d72a13880
	at java.base/jdk.internal.reflect.NativeConstructorAccessorImpl.newInstance0(Native Method)
	at java.base/jdk.internal.reflect.NativeConstructorAccessorImpl.newInstance(NativeConstructorAccessorImpl.java:77)
	at java.base/jdk.internal.reflect.DelegatingConstructorAccessorImpl.newInstance(DelegatingConstructorAccessorImpl.java:45)
	at org.openqa.selenium.remote.http.W3CHttpResponseCodec.createException(W3CHttpResponseCodec.java:187)
	at org.openqa.selenium.remote.http.W3CHttpResponseCodec.decode(W3CHttpResponseCodec.java:122)
	at org.openqa.selenium.remote.http.W3CHttpResponseCodec.decode(W3CHttpResponseCodec.java:49)
	at org.openqa.selenium.remote.HttpCommandExecutor.execute(HttpCommandExecutor.java:158)
	at org.openqa.selenium.remote.service.DriverCommandExecutor.execute(DriverCommandExecutor.java:83)
	at org.openqa.selenium.remote.RemoteWebDriver.execute(RemoteWebDriver.java:552)
	at com.kms.katalon.selenium.driver.CChromeDriver.execute(CChromeDriver.java:19)
	at org.openqa.selenium.remote.RemoteWebElement.execute(RemoteWebElement.java:285)
	at org.openqa.selenium.remote.RemoteWebElement.click(RemoteWebElement.java:84)
	at jdk.internal.reflect.GeneratedMethodAccessor21.invoke(Unknown Source)
	at java.base/jdk.internal.reflect.DelegatingMethodAccessorImpl.invoke(DelegatingMethodAccessorImpl.java:43)
	at org.openqa.selenium.support.events.EventFiringWebDriver$EventFiringWebElement.lambda$new$0(EventFiringWebDriver.java:404)
	at jdk.proxy2/jdk.proxy2.$Proxy25.click(Unknown Source)
	at org.openqa.selenium.support.events.EventFiringWebDriver$EventFiringWebElement.click(EventFiringWebDriver.java:417)
	at org.openqa.selenium.WebElement$click.call(Unknown Source)
	at com.kms.katalon.core.webui.keyword.builtin.ClickKeyword.clickUntilSuccessWithTimeout(ClickKeyword.groovy:81)
	at com.kms.katalon.core.webui.keyword.builtin.ClickKeyword.clickUntilSuccessWithTimeout(ClickKeyword.groovy)
	at jdk.internal.reflect.GeneratedMethodAccessor25.invoke(Unknown Source)
	at java.base/jdk.internal.reflect.DelegatingMethodAccessorImpl.invoke(DelegatingMethodAccessorImpl.java:43)
	at com.kms.katalon.core.webui.keyword.builtin.ClickKeyword$_click_closure1.doCall(ClickKeyword.groovy:67)
	at com.kms.katalon.core.webui.keyword.builtin.ClickKeyword$_click_closure1.call(ClickKeyword.groovy)
	at com.kms.katalon.core.webui.keyword.internal.WebUIKeywordMain.runKeyword(WebUIKeywordMain.groovy:20)
	... 46 more
)

03-01-2024T16:02:17 - [TEST_STEP][PASSED] - Video: Video recording for test case 'Test Cases/Cas D Utilisations/Usager Etudiant/TNR R.TSPT Supp90-Visiteur' .

03-01-2024T16:02:17 - [MESSAGE][INFO] - Video recording for test case 'Test Cases/Cas D Utilisations/Usager Etudiant/TNR R.TSPT Supp90-Visiteur' .]]></system-out>
         <system-err><![CDATA[03-01-2024T15:52:34 - [TEST_CASE][FAILED] - Test Cases/Cas D Utilisations/Usager Etudiant/TNR R.TSPT Supp90-Visiteur: Test Cases/Cas D Utilisations/Usager Etudiant/TNR R.TSPT Supp90-Visiteur FAILED.
Reason:
com.kms.katalon.core.exception.StepFailedException: Call Test Case 'Test Cases/Test Reutilisable/AgentTraitementDemande/Verif_AccordeonEtatCivilDuDemandeur' failed
	at com.kms.katalon.core.keyword.builtin.CallTestCaseKeyword$_callTestCase_closure1.doCall(CallTestCaseKeyword.groovy:63)
	at com.kms.katalon.core.keyword.builtin.CallTestCaseKeyword$_callTestCase_closure1.call(CallTestCaseKeyword.groovy)
	at com.kms.katalon.core.keyword.internal.KeywordMain.runKeyword(KeywordMain.groovy:75)
	at com.kms.katalon.core.keyword.builtin.CallTestCaseKeyword.callTestCase(CallTestCaseKeyword.groovy:81)
	at com.kms.katalon.core.keyword.builtin.CallTestCaseKeyword.execute(CallTestCaseKeyword.groovy:44)
	at com.kms.katalon.core.keyword.internal.KeywordExecutor.executeKeywordForPlatform(KeywordExecutor.groovy:74)
	at com.kms.katalon.core.keyword.BuiltinKeywords.callTestCase(BuiltinKeywords.groovy:310)
	at jdk.internal.reflect.GeneratedMethodAccessor31.invoke(Unknown Source)
	at java.base/jdk.internal.reflect.DelegatingMethodAccessorImpl.invoke(DelegatingMethodAccessorImpl.java:43)
	at com.kazurayam.ksbackyard.HighlightElement$_pandemic_closure1.doCall(HighlightElement.groovy:105)
	at jdk.internal.reflect.GeneratedMethodAccessor5.invoke(Unknown Source)
	at java.base/jdk.internal.reflect.DelegatingMethodAccessorImpl.invoke(DelegatingMethodAccessorImpl.java:43)
	at TNR R.TSPT Supp90-Visiteur.run(TNR R.TSPT Supp90-Visiteur:119)
	at com.kms.katalon.core.main.ScriptEngine.run(ScriptEngine.java:194)
	at com.kms.katalon.core.main.ScriptEngine.runScriptAsRawText(ScriptEngine.java:119)
	at com.kms.katalon.core.main.TestCaseExecutor.runScript(TestCaseExecutor.java:448)
	at com.kms.katalon.core.main.TestCaseExecutor.doExecute(TestCaseExecutor.java:439)
	at com.kms.katalon.core.main.TestCaseExecutor.processExecutionPhase(TestCaseExecutor.java:418)
	at com.kms.katalon.core.main.TestCaseExecutor.accessMainPhase(TestCaseExecutor.java:410)
	at com.kms.katalon.core.main.TestCaseExecutor.execute(TestCaseExecutor.java:285)
	at com.kms.katalon.core.common.CommonExecutor.accessTestCaseMainPhase(CommonExecutor.java:65)
	at com.kms.katalon.core.main.TestSuiteExecutor.accessTestSuiteMainPhase(TestSuiteExecutor.java:148)
	at com.kms.katalon.core.main.TestSuiteExecutor.execute(TestSuiteExecutor.java:106)
	at com.kms.katalon.core.main.TestCaseMain.startTestSuite(TestCaseMain.java:180)
	at TempTestSuite1704293543711.run(TempTestSuite1704293543711.groovy:36)
	at java.base/jdk.internal.reflect.NativeMethodAccessorImpl.invoke0(Native Method)
	at java.base/jdk.internal.reflect.NativeMethodAccessorImpl.invoke(NativeMethodAccessorImpl.java:77)
	at java.base/jdk.internal.reflect.DelegatingMethodAccessorImpl.invoke(DelegatingMethodAccessorImpl.java:43)
Caused by: com.kms.katalon.core.exception.StepFailedException: Unable to click on object 'Object Repository/Page_Verif_AccordeonEtatCivilDuDemandeur_Agent/div_AccepterLeDocumentPhotographie'
	at com.kms.katalon.core.webui.keyword.internal.WebUIKeywordMain.stepFailed(WebUIKeywordMain.groovy:64)
	at com.kms.katalon.core.webui.keyword.internal.WebUIKeywordMain.runKeyword(WebUIKeywordMain.groovy:26)
	at com.kms.katalon.core.webui.keyword.builtin.ClickKeyword.click(ClickKeyword.groovy:74)
	at com.kms.katalon.core.webui.keyword.builtin.ClickKeyword.execute(ClickKeyword.groovy:40)
	at com.kms.katalon.core.keyword.internal.KeywordExecutor.executeKeywordForPlatform(KeywordExecutor.groovy:74)
	at com.kms.katalon.core.webui.keyword.WebUiBuiltInKeywords.click(WebUiBuiltInKeywords.groovy:659)
	at jdk.internal.reflect.GeneratedMethodAccessor26.invoke(Unknown Source)
	at java.base/jdk.internal.reflect.DelegatingMethodAccessorImpl.invoke(DelegatingMethodAccessorImpl.java:43)
	at com.kazurayam.ksbackyard.HighlightElement$_pandemic_closure1.doCall(HighlightElement.groovy:105)
	at jdk.internal.reflect.GeneratedMethodAccessor5.invoke(Unknown Source)
	at java.base/jdk.internal.reflect.DelegatingMethodAccessorImpl.invoke(DelegatingMethodAccessorImpl.java:43)
	at Verif_AccordeonEtatCivilDuDemandeur.run(Verif_AccordeonEtatCivilDuDemandeur:93)
	at com.kms.katalon.core.main.ScriptEngine.run(ScriptEngine.java:194)
	at com.kms.katalon.core.main.ScriptEngine.runScriptAsRawText(ScriptEngine.java:119)
	at com.kms.katalon.core.main.TestCaseExecutor.runScript(TestCaseExecutor.java:448)
	at com.kms.katalon.core.main.TestCaseExecutor.doExecute(TestCaseExecutor.java:439)
	at com.kms.katalon.core.main.TestCaseExecutor.processExecutionPhase(TestCaseExecutor.java:418)
	at com.kms.katalon.core.main.TestCaseExecutor.accessMainPhase(TestCaseExecutor.java:410)
	at com.kms.katalon.core.main.TestCaseExecutor.execute(TestCaseExecutor.java:285)
	at com.kms.katalon.core.main.TestCaseMain.runTestCase(TestCaseMain.java:137)
	at com.kms.katalon.core.keyword.builtin.CallTestCaseKeyword$_callTestCase_closure1.doCall(CallTestCaseKeyword.groovy:59)
	... 27 more
Caused by: org.openqa.selenium.ElementClickInterceptedException: element click intercepted: Element <div class="ui-radiobutton-box ui-widget ui-state-default" ng-reflect-ng-class="[object Object]" style="outline: dashed red;">...</div> is not clickable at point (842, 150). Other element would receive the click: <div _ngcontent-vod-c23="" id="navBar" class="ng-star-inserted">...</div>
  (Session info: chrome=120.0.6099.130)
Build info: version: '3.141.59', revision: 'e82be7d358', time: '2018-11-14T08:25:53'
System info: host: 'FR-L5448059', ip: '192.168.1.134', os.name: 'Windows 10', os.arch: 'amd64', os.version: '10.0', java.version: '17.0.7'
Driver info: com.kms.katalon.selenium.driver.CChromeDriver
Capabilities {acceptInsecureCerts: false, browserName: chrome, browserVersion: 120.0.6099.130, chrome: {chromedriverVersion: 119.0.6045.105 (38c72552c5e..., userDataDir: C:\Users\ISSAM~1.RHA\AppDat...}, fedcm:accounts: true, goog:chromeOptions: {debuggerAddress: localhost:59633}, javascriptEnabled: true, networkConnectionEnabled: false, pageLoadStrategy: normal, platform: WINDOWS, platformName: WINDOWS, proxy: Proxy(), setWindowRect: true, strictFileInteractability: false, timeouts: {implicit: 0, pageLoad: 300000, script: 30000}, unhandledPromptBehavior: dismiss and notify, webauthn:extension:credBlob: true, webauthn:extension:largeBlob: true, webauthn:extension:minPinLength: true, webauthn:extension:prf: true, webauthn:virtualAuthenticators: true}
Session ID: f5b94ceba7204e9800fb275d72a13880
	at java.base/jdk.internal.reflect.NativeConstructorAccessorImpl.newInstance0(Native Method)
	at java.base/jdk.internal.reflect.NativeConstructorAccessorImpl.newInstance(NativeConstructorAccessorImpl.java:77)
	at java.base/jdk.internal.reflect.DelegatingConstructorAccessorImpl.newInstance(DelegatingConstructorAccessorImpl.java:45)
	at org.openqa.selenium.remote.http.W3CHttpResponseCodec.createException(W3CHttpResponseCodec.java:187)
	at org.openqa.selenium.remote.http.W3CHttpResponseCodec.decode(W3CHttpResponseCodec.java:122)
	at org.openqa.selenium.remote.http.W3CHttpResponseCodec.decode(W3CHttpResponseCodec.java:49)
	at org.openqa.selenium.remote.HttpCommandExecutor.execute(HttpCommandExecutor.java:158)
	at org.openqa.selenium.remote.service.DriverCommandExecutor.execute(DriverCommandExecutor.java:83)
	at org.openqa.selenium.remote.RemoteWebDriver.execute(RemoteWebDriver.java:552)
	at com.kms.katalon.selenium.driver.CChromeDriver.execute(CChromeDriver.java:19)
	at org.openqa.selenium.remote.RemoteWebElement.execute(RemoteWebElement.java:285)
	at org.openqa.selenium.remote.RemoteWebElement.click(RemoteWebElement.java:84)
	at jdk.internal.reflect.GeneratedMethodAccessor21.invoke(Unknown Source)
	at java.base/jdk.internal.reflect.DelegatingMethodAccessorImpl.invoke(DelegatingMethodAccessorImpl.java:43)
	at org.openqa.selenium.support.events.EventFiringWebDriver$EventFiringWebElement.lambda$new$0(EventFiringWebDriver.java:404)
	at jdk.proxy2/jdk.proxy2.$Proxy25.click(Unknown Source)
	at org.openqa.selenium.support.events.EventFiringWebDriver$EventFiringWebElement.click(EventFiringWebDriver.java:417)
	at org.openqa.selenium.WebElement$click.call(Unknown Source)
	at com.kms.katalon.core.webui.keyword.builtin.ClickKeyword.clickUntilSuccessWithTimeout(ClickKeyword.groovy:81)
	at com.kms.katalon.core.webui.keyword.builtin.ClickKeyword.clickUntilSuccessWithTimeout(ClickKeyword.groovy)
	at jdk.internal.reflect.GeneratedMethodAccessor25.invoke(Unknown Source)
	at java.base/jdk.internal.reflect.DelegatingMethodAccessorImpl.invoke(DelegatingMethodAccessorImpl.java:43)
	at com.kms.katalon.core.webui.keyword.builtin.ClickKeyword$_click_closure1.doCall(ClickKeyword.groovy:67)
	at com.kms.katalon.core.webui.keyword.builtin.ClickKeyword$_click_closure1.call(ClickKeyword.groovy)
	at com.kms.katalon.core.webui.keyword.internal.WebUIKeywordMain.runKeyword(WebUIKeywordMain.groovy:20)
	... 46 more]]></system-err>
      </testcase>
      <system-out><![CDATA[03-01-2024T15:52:33 - [TEST_SUITE][FAILED] - TS_TNR_R.TSPT_Suppo90: Test Cases/Cas D Utilisations/Usager Etudiant/TNR R.TSPT Supp90-Visiteur FAILED.
Reason:
com.kms.katalon.core.exception.StepFailedException: Call Test Case 'Test Cases/Test Reutilisable/AgentTraitementDemande/Verif_AccordeonEtatCivilDuDemandeur' failed
	at com.kms.katalon.core.keyword.builtin.CallTestCaseKeyword$_callTestCase_closure1.doCall(CallTestCaseKeyword.groovy:63)
	at com.kms.katalon.core.keyword.builtin.CallTestCaseKeyword$_callTestCase_closure1.call(CallTestCaseKeyword.groovy)
	at com.kms.katalon.core.keyword.internal.KeywordMain.runKeyword(KeywordMain.groovy:75)
	at com.kms.katalon.core.keyword.builtin.CallTestCaseKeyword.callTestCase(CallTestCaseKeyword.groovy:81)
	at com.kms.katalon.core.keyword.builtin.CallTestCaseKeyword.execute(CallTestCaseKeyword.groovy:44)
	at com.kms.katalon.core.keyword.internal.KeywordExecutor.executeKeywordForPlatform(KeywordExecutor.groovy:74)
	at com.kms.katalon.core.keyword.BuiltinKeywords.callTestCase(BuiltinKeywords.groovy:310)
	at jdk.internal.reflect.GeneratedMethodAccessor31.invoke(Unknown Source)
	at java.base/jdk.internal.reflect.DelegatingMethodAccessorImpl.invoke(DelegatingMethodAccessorImpl.java:43)
	at com.kazurayam.ksbackyard.HighlightElement$_pandemic_closure1.doCall(HighlightElement.groovy:105)
	at jdk.internal.reflect.GeneratedMethodAccessor5.invoke(Unknown Source)
	at java.base/jdk.internal.reflect.DelegatingMethodAccessorImpl.invoke(DelegatingMethodAccessorImpl.java:43)
	at TNR R.TSPT Supp90-Visiteur.run(TNR R.TSPT Supp90-Visiteur:119)
	at com.kms.katalon.core.main.ScriptEngine.run(ScriptEngine.java:194)
	at com.kms.katalon.core.main.ScriptEngine.runScriptAsRawText(ScriptEngine.java:119)
	at com.kms.katalon.core.main.TestCaseExecutor.runScript(TestCaseExecutor.java:448)
	at com.kms.katalon.core.main.TestCaseExecutor.doExecute(TestCaseExecutor.java:439)
	at com.kms.katalon.core.main.TestCaseExecutor.processExecutionPhase(TestCaseExecutor.java:418)
	at com.kms.katalon.core.main.TestCaseExecutor.accessMainPhase(TestCaseExecutor.java:410)
	at com.kms.katalon.core.main.TestCaseExecutor.execute(TestCaseExecutor.java:285)
	at com.kms.katalon.core.common.CommonExecutor.accessTestCaseMainPhase(CommonExecutor.java:65)
	at com.kms.katalon.core.main.TestSuiteExecutor.accessTestSuiteMainPhase(TestSuiteExecutor.java:148)
	at com.kms.katalon.core.main.TestSuiteExecutor.execute(TestSuiteExecutor.java:106)
	at com.kms.katalon.core.main.TestCaseMain.startTestSuite(TestCaseMain.java:180)
	at TempTestSuite1704293543711.run(TempTestSuite1704293543711.groovy:36)
	at java.base/jdk.internal.reflect.NativeMethodAccessorImpl.invoke0(Native Method)
	at java.base/jdk.internal.reflect.NativeMethodAccessorImpl.invoke(NativeMethodAccessorImpl.java:77)
	at java.base/jdk.internal.reflect.DelegatingMethodAccessorImpl.invoke(DelegatingMethodAccessorImpl.java:43)
Caused by: com.kms.katalon.core.exception.StepFailedException: Unable to click on object 'Object Repository/Page_Verif_AccordeonEtatCivilDuDemandeur_Agent/div_AccepterLeDocumentPhotographie'
	at com.kms.katalon.core.webui.keyword.internal.WebUIKeywordMain.stepFailed(WebUIKeywordMain.groovy:64)
	at com.kms.katalon.core.webui.keyword.internal.WebUIKeywordMain.runKeyword(WebUIKeywordMain.groovy:26)
	at com.kms.katalon.core.webui.keyword.builtin.ClickKeyword.click(ClickKeyword.groovy:74)
	at com.kms.katalon.core.webui.keyword.builtin.ClickKeyword.execute(ClickKeyword.groovy:40)
	at com.kms.katalon.core.keyword.internal.KeywordExecutor.executeKeywordForPlatform(KeywordExecutor.groovy:74)
	at com.kms.katalon.core.webui.keyword.WebUiBuiltInKeywords.click(WebUiBuiltInKeywords.groovy:659)
	at jdk.internal.reflect.GeneratedMethodAccessor26.invoke(Unknown Source)
	at java.base/jdk.internal.reflect.DelegatingMethodAccessorImpl.invoke(DelegatingMethodAccessorImpl.java:43)
	at com.kazurayam.ksbackyard.HighlightElement$_pandemic_closure1.doCall(HighlightElement.groovy:105)
	at jdk.internal.reflect.GeneratedMethodAccessor5.invoke(Unknown Source)
	at java.base/jdk.internal.reflect.DelegatingMethodAccessorImpl.invoke(DelegatingMethodAccessorImpl.java:43)
	at Verif_AccordeonEtatCivilDuDemandeur.run(Verif_AccordeonEtatCivilDuDemandeur:93)
	at com.kms.katalon.core.main.ScriptEngine.run(ScriptEngine.java:194)
	at com.kms.katalon.core.main.ScriptEngine.runScriptAsRawText(ScriptEngine.java:119)
	at com.kms.katalon.core.main.TestCaseExecutor.runScript(TestCaseExecutor.java:448)
	at com.kms.katalon.core.main.TestCaseExecutor.doExecute(TestCaseExecutor.java:439)
	at com.kms.katalon.core.main.TestCaseExecutor.processExecutionPhase(TestCaseExecutor.java:418)
	at com.kms.katalon.core.main.TestCaseExecutor.accessMainPhase(TestCaseExecutor.java:410)
	at com.kms.katalon.core.main.TestCaseExecutor.execute(TestCaseExecutor.java:285)
	at com.kms.katalon.core.main.TestCaseMain.runTestCase(TestCaseMain.java:137)
	at com.kms.katalon.core.keyword.builtin.CallTestCaseKeyword$_callTestCase_closure1.doCall(CallTestCaseKeyword.groovy:59)
	... 27 more
Caused by: org.openqa.selenium.ElementClickInterceptedException: element click intercepted: Element <div class="ui-radiobutton-box ui-widget ui-state-default" ng-reflect-ng-class="[object Object]" style="outline: dashed red;">...</div> is not clickable at point (842, 150). Other element would receive the click: <div _ngcontent-vod-c23="" id="navBar" class="ng-star-inserted">...</div>
  (Session info: chrome=120.0.6099.130)
Build info: version: '3.141.59', revision: 'e82be7d358', time: '2018-11-14T08:25:53'
System info: host: 'FR-L5448059', ip: '192.168.1.134', os.name: 'Windows 10', os.arch: 'amd64', os.version: '10.0', java.version: '17.0.7'
Driver info: com.kms.katalon.selenium.driver.CChromeDriver
Capabilities {acceptInsecureCerts: false, browserName: chrome, browserVersion: 120.0.6099.130, chrome: {chromedriverVersion: 119.0.6045.105 (38c72552c5e..., userDataDir: C:\Users\ISSAM~1.RHA\AppDat...}, fedcm:accounts: true, goog:chromeOptions: {debuggerAddress: localhost:59633}, javascriptEnabled: true, networkConnectionEnabled: false, pageLoadStrategy: normal, platform: WINDOWS, platformName: WINDOWS, proxy: Proxy(), setWindowRect: true, strictFileInteractability: false, timeouts: {implicit: 0, pageLoad: 300000, script: 30000}, unhandledPromptBehavior: dismiss and notify, webauthn:extension:credBlob: true, webauthn:extension:largeBlob: true, webauthn:extension:minPinLength: true, webauthn:extension:prf: true, webauthn:virtualAuthenticators: true}
Session ID: f5b94ceba7204e9800fb275d72a13880
	at java.base/jdk.internal.reflect.NativeConstructorAccessorImpl.newInstance0(Native Method)
	at java.base/jdk.internal.reflect.NativeConstructorAccessorImpl.newInstance(NativeConstructorAccessorImpl.java:77)
	at java.base/jdk.internal.reflect.DelegatingConstructorAccessorImpl.newInstance(DelegatingConstructorAccessorImpl.java:45)
	at org.openqa.selenium.remote.http.W3CHttpResponseCodec.createException(W3CHttpResponseCodec.java:187)
	at org.openqa.selenium.remote.http.W3CHttpResponseCodec.decode(W3CHttpResponseCodec.java:122)
	at org.openqa.selenium.remote.http.W3CHttpResponseCodec.decode(W3CHttpResponseCodec.java:49)
	at org.openqa.selenium.remote.HttpCommandExecutor.execute(HttpCommandExecutor.java:158)
	at org.openqa.selenium.remote.service.DriverCommandExecutor.execute(DriverCommandExecutor.java:83)
	at org.openqa.selenium.remote.RemoteWebDriver.execute(RemoteWebDriver.java:552)
	at com.kms.katalon.selenium.driver.CChromeDriver.execute(CChromeDriver.java:19)
	at org.openqa.selenium.remote.RemoteWebElement.execute(RemoteWebElement.java:285)
	at org.openqa.selenium.remote.RemoteWebElement.click(RemoteWebElement.java:84)
	at jdk.internal.reflect.GeneratedMethodAccessor21.invoke(Unknown Source)
	at java.base/jdk.internal.reflect.DelegatingMethodAccessorImpl.invoke(DelegatingMethodAccessorImpl.java:43)
	at org.openqa.selenium.support.events.EventFiringWebDriver$EventFiringWebElement.lambda$new$0(EventFiringWebDriver.java:404)
	at jdk.proxy2/jdk.proxy2.$Proxy25.click(Unknown Source)
	at org.openqa.selenium.support.events.EventFiringWebDriver$EventFiringWebElement.click(EventFiringWebDriver.java:417)
	at org.openqa.selenium.WebElement$click.call(Unknown Source)
	at com.kms.katalon.core.webui.keyword.builtin.ClickKeyword.clickUntilSuccessWithTimeout(ClickKeyword.groovy:81)
	at com.kms.katalon.core.webui.keyword.builtin.ClickKeyword.clickUntilSuccessWithTimeout(ClickKeyword.groovy)
	at jdk.internal.reflect.GeneratedMethodAccessor25.invoke(Unknown Source)
	at java.base/jdk.internal.reflect.DelegatingMethodAccessorImpl.invoke(DelegatingMethodAccessorImpl.java:43)
	at com.kms.katalon.core.webui.keyword.builtin.ClickKeyword$_click_closure1.doCall(ClickKeyword.groovy:67)
	at com.kms.katalon.core.webui.keyword.builtin.ClickKeyword$_click_closure1.call(ClickKeyword.groovy)
	at com.kms.katalon.core.webui.keyword.internal.WebUIKeywordMain.runKeyword(WebUIKeywordMain.groovy:20)
	... 46 more]]></system-out>
      <system-err><![CDATA[03-01-2024T15:52:33 - [TEST_SUITE][FAILED] - TS_TNR_R.TSPT_Suppo90: Test Cases/Cas D Utilisations/Usager Etudiant/TNR R.TSPT Supp90-Visiteur FAILED.
Reason:
com.kms.katalon.core.exception.StepFailedException: Call Test Case 'Test Cases/Test Reutilisable/AgentTraitementDemande/Verif_AccordeonEtatCivilDuDemandeur' failed
	at com.kms.katalon.core.keyword.builtin.CallTestCaseKeyword$_callTestCase_closure1.doCall(CallTestCaseKeyword.groovy:63)
	at com.kms.katalon.core.keyword.builtin.CallTestCaseKeyword$_callTestCase_closure1.call(CallTestCaseKeyword.groovy)
	at com.kms.katalon.core.keyword.internal.KeywordMain.runKeyword(KeywordMain.groovy:75)
	at com.kms.katalon.core.keyword.builtin.CallTestCaseKeyword.callTestCase(CallTestCaseKeyword.groovy:81)
	at com.kms.katalon.core.keyword.builtin.CallTestCaseKeyword.execute(CallTestCaseKeyword.groovy:44)
	at com.kms.katalon.core.keyword.internal.KeywordExecutor.executeKeywordForPlatform(KeywordExecutor.groovy:74)
	at com.kms.katalon.core.keyword.BuiltinKeywords.callTestCase(BuiltinKeywords.groovy:310)
	at jdk.internal.reflect.GeneratedMethodAccessor31.invoke(Unknown Source)
	at java.base/jdk.internal.reflect.DelegatingMethodAccessorImpl.invoke(DelegatingMethodAccessorImpl.java:43)
	at com.kazurayam.ksbackyard.HighlightElement$_pandemic_closure1.doCall(HighlightElement.groovy:105)
	at jdk.internal.reflect.GeneratedMethodAccessor5.invoke(Unknown Source)
	at java.base/jdk.internal.reflect.DelegatingMethodAccessorImpl.invoke(DelegatingMethodAccessorImpl.java:43)
	at TNR R.TSPT Supp90-Visiteur.run(TNR R.TSPT Supp90-Visiteur:119)
	at com.kms.katalon.core.main.ScriptEngine.run(ScriptEngine.java:194)
	at com.kms.katalon.core.main.ScriptEngine.runScriptAsRawText(ScriptEngine.java:119)
	at com.kms.katalon.core.main.TestCaseExecutor.runScript(TestCaseExecutor.java:448)
	at com.kms.katalon.core.main.TestCaseExecutor.doExecute(TestCaseExecutor.java:439)
	at com.kms.katalon.core.main.TestCaseExecutor.processExecutionPhase(TestCaseExecutor.java:418)
	at com.kms.katalon.core.main.TestCaseExecutor.accessMainPhase(TestCaseExecutor.java:410)
	at com.kms.katalon.core.main.TestCaseExecutor.execute(TestCaseExecutor.java:285)
	at com.kms.katalon.core.common.CommonExecutor.accessTestCaseMainPhase(CommonExecutor.java:65)
	at com.kms.katalon.core.main.TestSuiteExecutor.accessTestSuiteMainPhase(TestSuiteExecutor.java:148)
	at com.kms.katalon.core.main.TestSuiteExecutor.execute(TestSuiteExecutor.java:106)
	at com.kms.katalon.core.main.TestCaseMain.startTestSuite(TestCaseMain.java:180)
	at TempTestSuite1704293543711.run(TempTestSuite1704293543711.groovy:36)
	at java.base/jdk.internal.reflect.NativeMethodAccessorImpl.invoke0(Native Method)
	at java.base/jdk.internal.reflect.NativeMethodAccessorImpl.invoke(NativeMethodAccessorImpl.java:77)
	at java.base/jdk.internal.reflect.DelegatingMethodAccessorImpl.invoke(DelegatingMethodAccessorImpl.java:43)
Caused by: com.kms.katalon.core.exception.StepFailedException: Unable to click on object 'Object Repository/Page_Verif_AccordeonEtatCivilDuDemandeur_Agent/div_AccepterLeDocumentPhotographie'
	at com.kms.katalon.core.webui.keyword.internal.WebUIKeywordMain.stepFailed(WebUIKeywordMain.groovy:64)
	at com.kms.katalon.core.webui.keyword.internal.WebUIKeywordMain.runKeyword(WebUIKeywordMain.groovy:26)
	at com.kms.katalon.core.webui.keyword.builtin.ClickKeyword.click(ClickKeyword.groovy:74)
	at com.kms.katalon.core.webui.keyword.builtin.ClickKeyword.execute(ClickKeyword.groovy:40)
	at com.kms.katalon.core.keyword.internal.KeywordExecutor.executeKeywordForPlatform(KeywordExecutor.groovy:74)
	at com.kms.katalon.core.webui.keyword.WebUiBuiltInKeywords.click(WebUiBuiltInKeywords.groovy:659)
	at jdk.internal.reflect.GeneratedMethodAccessor26.invoke(Unknown Source)
	at java.base/jdk.internal.reflect.DelegatingMethodAccessorImpl.invoke(DelegatingMethodAccessorImpl.java:43)
	at com.kazurayam.ksbackyard.HighlightElement$_pandemic_closure1.doCall(HighlightElement.groovy:105)
	at jdk.internal.reflect.GeneratedMethodAccessor5.invoke(Unknown Source)
	at java.base/jdk.internal.reflect.DelegatingMethodAccessorImpl.invoke(DelegatingMethodAccessorImpl.java:43)
	at Verif_AccordeonEtatCivilDuDemandeur.run(Verif_AccordeonEtatCivilDuDemandeur:93)
	at com.kms.katalon.core.main.ScriptEngine.run(ScriptEngine.java:194)
	at com.kms.katalon.core.main.ScriptEngine.runScriptAsRawText(ScriptEngine.java:119)
	at com.kms.katalon.core.main.TestCaseExecutor.runScript(TestCaseExecutor.java:448)
	at com.kms.katalon.core.main.TestCaseExecutor.doExecute(TestCaseExecutor.java:439)
	at com.kms.katalon.core.main.TestCaseExecutor.processExecutionPhase(TestCaseExecutor.java:418)
	at com.kms.katalon.core.main.TestCaseExecutor.accessMainPhase(TestCaseExecutor.java:410)
	at com.kms.katalon.core.main.TestCaseExecutor.execute(TestCaseExecutor.java:285)
	at com.kms.katalon.core.main.TestCaseMain.runTestCase(TestCaseMain.java:137)
	at com.kms.katalon.core.keyword.builtin.CallTestCaseKeyword$_callTestCase_closure1.doCall(CallTestCaseKeyword.groovy:59)
	... 27 more
Caused by: org.openqa.selenium.ElementClickInterceptedException: element click intercepted: Element <div class="ui-radiobutton-box ui-widget ui-state-default" ng-reflect-ng-class="[object Object]" style="outline: dashed red;">...</div> is not clickable at point (842, 150). Other element would receive the click: <div _ngcontent-vod-c23="" id="navBar" class="ng-star-inserted">...</div>
  (Session info: chrome=120.0.6099.130)
Build info: version: '3.141.59', revision: 'e82be7d358', time: '2018-11-14T08:25:53'
System info: host: 'FR-L5448059', ip: '192.168.1.134', os.name: 'Windows 10', os.arch: 'amd64', os.version: '10.0', java.version: '17.0.7'
Driver info: com.kms.katalon.selenium.driver.CChromeDriver
Capabilities {acceptInsecureCerts: false, browserName: chrome, browserVersion: 120.0.6099.130, chrome: {chromedriverVersion: 119.0.6045.105 (38c72552c5e..., userDataDir: C:\Users\ISSAM~1.RHA\AppDat...}, fedcm:accounts: true, goog:chromeOptions: {debuggerAddress: localhost:59633}, javascriptEnabled: true, networkConnectionEnabled: false, pageLoadStrategy: normal, platform: WINDOWS, platformName: WINDOWS, proxy: Proxy(), setWindowRect: true, strictFileInteractability: false, timeouts: {implicit: 0, pageLoad: 300000, script: 30000}, unhandledPromptBehavior: dismiss and notify, webauthn:extension:credBlob: true, webauthn:extension:largeBlob: true, webauthn:extension:minPinLength: true, webauthn:extension:prf: true, webauthn:virtualAuthenticators: true}
Session ID: f5b94ceba7204e9800fb275d72a13880
	at java.base/jdk.internal.reflect.NativeConstructorAccessorImpl.newInstance0(Native Method)
	at java.base/jdk.internal.reflect.NativeConstructorAccessorImpl.newInstance(NativeConstructorAccessorImpl.java:77)
	at java.base/jdk.internal.reflect.DelegatingConstructorAccessorImpl.newInstance(DelegatingConstructorAccessorImpl.java:45)
	at org.openqa.selenium.remote.http.W3CHttpResponseCodec.createException(W3CHttpResponseCodec.java:187)
	at org.openqa.selenium.remote.http.W3CHttpResponseCodec.decode(W3CHttpResponseCodec.java:122)
	at org.openqa.selenium.remote.http.W3CHttpResponseCodec.decode(W3CHttpResponseCodec.java:49)
	at org.openqa.selenium.remote.HttpCommandExecutor.execute(HttpCommandExecutor.java:158)
	at org.openqa.selenium.remote.service.DriverCommandExecutor.execute(DriverCommandExecutor.java:83)
	at org.openqa.selenium.remote.RemoteWebDriver.execute(RemoteWebDriver.java:552)
	at com.kms.katalon.selenium.driver.CChromeDriver.execute(CChromeDriver.java:19)
	at org.openqa.selenium.remote.RemoteWebElement.execute(RemoteWebElement.java:285)
	at org.openqa.selenium.remote.RemoteWebElement.click(RemoteWebElement.java:84)
	at jdk.internal.reflect.GeneratedMethodAccessor21.invoke(Unknown Source)
	at java.base/jdk.internal.reflect.DelegatingMethodAccessorImpl.invoke(DelegatingMethodAccessorImpl.java:43)
	at org.openqa.selenium.support.events.EventFiringWebDriver$EventFiringWebElement.lambda$new$0(EventFiringWebDriver.java:404)
	at jdk.proxy2/jdk.proxy2.$Proxy25.click(Unknown Source)
	at org.openqa.selenium.support.events.EventFiringWebDriver$EventFiringWebElement.click(EventFiringWebDriver.java:417)
	at org.openqa.selenium.WebElement$click.call(Unknown Source)
	at com.kms.katalon.core.webui.keyword.builtin.ClickKeyword.clickUntilSuccessWithTimeout(ClickKeyword.groovy:81)
	at com.kms.katalon.core.webui.keyword.builtin.ClickKeyword.clickUntilSuccessWithTimeout(ClickKeyword.groovy)
	at jdk.internal.reflect.GeneratedMethodAccessor25.invoke(Unknown Source)
	at java.base/jdk.internal.reflect.DelegatingMethodAccessorImpl.invoke(DelegatingMethodAccessorImpl.java:43)
	at com.kms.katalon.core.webui.keyword.builtin.ClickKeyword$_click_closure1.doCall(ClickKeyword.groovy:67)
	at com.kms.katalon.core.webui.keyword.builtin.ClickKeyword$_click_closure1.call(ClickKeyword.groovy)
	at com.kms.katalon.core.webui.keyword.internal.WebUIKeywordMain.runKeyword(WebUIKeywordMain.groovy:20)
	... 46 more]]></system-err>
   </testsuite>
</testsuites>
