<?xml version="1.0" encoding="UTF-8"?>
<testsuites name="TS_TNR_R.TSPT_Suppo90" time="210.024" tests="1" failures="1" errors="0">
   <testsuite name="TS_TNR_R.TSPT_Suppo90" tests="1" failures="1" errors="0" time="210.024" skipped="0" timestamp="03-01-2024T16:42:59" hostname="issam.rharbaoui - FR-L5448059.groupinfra.com" id="Test Suites/TS_TNR_R.TSPT_Suppo90">
      <properties>
         <property name="deviceName" value=""/>
         <property name="devicePlatform" value=""/>
         <property name="logFolder" value="C:\\Users\\ISSAM.RHARBAOUI\\git\\ANEF-RenouvellementSejour\\Reports\\20240103_164249\\TS_TNR_R.TSPT_Suppo90\\20240103_164249"/>
         <property name="logFiles" value="C:\\Users\\ISSAM.RHARBAOUI\\git\\ANEF-RenouvellementSejour\\Reports\\20240103_164249\\TS_TNR_R.TSPT_Suppo90\\20240103_164249\\execution0.log"/>
         <property name="attachments" value="C:\\Users\\ISSAM.RHARBAOUI\\git\\ANEF-RenouvellementSejour\\Reports\\20240103_164249\\TS_TNR_R.TSPT_Suppo90\\20240103_164249\\1704296785178.png"/>
         <property name="hostName" value="issam.rharbaoui - FR-L5448059.groupinfra.com"/>
         <property name="os" value="Windows 10 64bit"/>
         <property name="katalonVersion" value="9.1.0.212"/>
         <property name="browser" value="Chrome 120.0.0.0"/>
         <property name="hostAddress" value="192.168.1.134"/>
         <property name="sessionId" value="18a26e3ef4f655f5bc1d25bc1549a5c8"/>
         <property name="seleniumVersion" value="3.141.59"/>
         <property name="proxyInformation" value="ProxyInformation { proxyOption=NO_PROXY, proxyServerType=HTTP, username=, password=********, proxyServerAddress=, proxyServerPort=0, executionList=&quot;&quot;, isApplyToDesiredCapabilities=true }"/>
         <property name="platform" value="Windows 10"/>
      </properties>
      <testcase name="Test Cases/Cas D Utilisations/Usager Etudiant/TNR R.TSPT Supp90-Visiteur" time="209.333" classname="Test Cases/Cas D Utilisations/Usager Etudiant/TNR R.TSPT Supp90-Visiteur" status="FAILED">
         <failure type="FAILED" message="Test Cases/Cas D Utilisations/Usager Etudiant/TNR R.TSPT Supp90-Visiteur FAILED.&#xa;Reason:&#xa;com.kms.katalon.core.exception.StepFailedException: Call Test Case 'Test Cases/Test Reutilisable/AgentTraitementDemande/Verif_AccordeonEtatCivilDuDemandeur' failed&#xa;	at com.kms.katalon.core.keyword.builtin.CallTestCaseKeyword$_callTestCase_closure1.doCall(CallTestCaseKeyword.groovy:63)&#xa;	at com.kms.katalon.core.keyword.builtin.CallTestCaseKeyword$_callTestCase_closure1.call(CallTestCaseKeyword.groovy)&#xa;	at com.kms.katalon.core.keyword.internal.KeywordMain.runKeyword(KeywordMain.groovy:75)&#xa;	at com.kms.katalon.core.keyword.builtin.CallTestCaseKeyword.callTestCase(CallTestCaseKeyword.groovy:81)&#xa;	at com.kms.katalon.core.keyword.builtin.CallTestCaseKeyword.execute(CallTestCaseKeyword.groovy:44)&#xa;	at com.kms.katalon.core.keyword.internal.KeywordExecutor.executeKeywordForPlatform(KeywordExecutor.groovy:74)&#xa;	at com.kms.katalon.core.keyword.BuiltinKeywords.callTestCase(BuiltinKeywords.groovy:310)&#xa;	at java.base/jdk.internal.reflect.NativeMethodAccessorImpl.invoke0(Native Method)&#xa;	at java.base/jdk.internal.reflect.NativeMethodAccessorImpl.invoke(NativeMethodAccessorImpl.java:77)&#xa;	at java.base/jdk.internal.reflect.DelegatingMethodAccessorImpl.invoke(DelegatingMethodAccessorImpl.java:43)&#xa;	at com.kazurayam.ksbackyard.HighlightElement$_pandemic_closure1.doCall(HighlightElement.groovy:105)&#xa;	at jdk.internal.reflect.GeneratedMethodAccessor6.invoke(Unknown Source)&#xa;	at java.base/jdk.internal.reflect.DelegatingMethodAccessorImpl.invoke(DelegatingMethodAccessorImpl.java:43)&#xa;	at TNR R.TSPT Supp90-Visiteur.run(TNR R.TSPT Supp90-Visiteur:119)&#xa;	at com.kms.katalon.core.main.ScriptEngine.run(ScriptEngine.java:194)&#xa;	at com.kms.katalon.core.main.ScriptEngine.runScriptAsRawText(ScriptEngine.java:119)&#xa;	at com.kms.katalon.core.main.TestCaseExecutor.runScript(TestCaseExecutor.java:448)&#xa;	at com.kms.katalon.core.main.TestCaseExecutor.doExecute(TestCaseExecutor.java:439)&#xa;	at com.kms.katalon.core.main.TestCaseExecutor.processExecutionPhase(TestCaseExecutor.java:418)&#xa;	at com.kms.katalon.core.main.TestCaseExecutor.accessMainPhase(TestCaseExecutor.java:410)&#xa;	at com.kms.katalon.core.main.TestCaseExecutor.execute(TestCaseExecutor.java:285)&#xa;	at com.kms.katalon.core.common.CommonExecutor.accessTestCaseMainPhase(CommonExecutor.java:65)&#xa;	at com.kms.katalon.core.main.TestSuiteExecutor.accessTestSuiteMainPhase(TestSuiteExecutor.java:148)&#xa;	at com.kms.katalon.core.main.TestSuiteExecutor.execute(TestSuiteExecutor.java:106)&#xa;	at com.kms.katalon.core.main.TestCaseMain.startTestSuite(TestCaseMain.java:180)&#xa;	at TempTestSuite1704296569840.run(TempTestSuite1704296569840.groovy:36)&#xa;	at java.base/jdk.internal.reflect.NativeMethodAccessorImpl.invoke0(Native Method)&#xa;	at java.base/jdk.internal.reflect.NativeMethodAccessorImpl.invoke(NativeMethodAccessorImpl.java:77)&#xa;	at java.base/jdk.internal.reflect.DelegatingMethodAccessorImpl.invoke(DelegatingMethodAccessorImpl.java:43)&#xa;Caused by: com.kms.katalon.core.exception.StepFailedException: Unable to click on object 'Object Repository/Page_Verif_AccordeonEtatCivilDuDemandeur_Agent/div_AccepterLeDocumentPhotographie'&#xa;	at com.kms.katalon.core.webui.keyword.internal.WebUIKeywordMain.stepFailed(WebUIKeywordMain.groovy:64)&#xa;	at com.kms.katalon.core.webui.keyword.internal.WebUIKeywordMain.runKeyword(WebUIKeywordMain.groovy:26)&#xa;	at com.kms.katalon.core.webui.keyword.builtin.ClickKeyword.click(ClickKeyword.groovy:74)&#xa;	at com.kms.katalon.core.webui.keyword.builtin.ClickKeyword.execute(ClickKeyword.groovy:40)&#xa;	at com.kms.katalon.core.keyword.internal.KeywordExecutor.executeKeywordForPlatform(KeywordExecutor.groovy:74)&#xa;	at com.kms.katalon.core.webui.keyword.WebUiBuiltInKeywords.click(WebUiBuiltInKeywords.groovy:659)&#xa;	at jdk.internal.reflect.GeneratedMethodAccessor25.invoke(Unknown Source)&#xa;	at java.base/jdk.internal.reflect.DelegatingMethodAccessorImpl.invoke(DelegatingMethodAccessorImpl.java:43)&#xa;	at com.kazurayam.ksbackyard.HighlightElement$_pandemic_closure1.doCall(HighlightElement.groovy:105)&#xa;	at jdk.internal.reflect.GeneratedMethodAccessor6.invoke(Unknown Source)&#xa;	at java.base/jdk.internal.reflect.DelegatingMethodAccessorImpl.invoke(DelegatingMethodAccessorImpl.java:43)&#xa;	at Verif_AccordeonEtatCivilDuDemandeur.run(Verif_AccordeonEtatCivilDuDemandeur:93)&#xa;	at com.kms.katalon.core.main.ScriptEngine.run(ScriptEngine.java:194)&#xa;	at com.kms.katalon.core.main.ScriptEngine.runScriptAsRawText(ScriptEngine.java:119)&#xa;	at com.kms.katalon.core.main.TestCaseExecutor.runScript(TestCaseExecutor.java:448)&#xa;	at com.kms.katalon.core.main.TestCaseExecutor.doExecute(TestCaseExecutor.java:439)&#xa;	at com.kms.katalon.core.main.TestCaseExecutor.processExecutionPhase(TestCaseExecutor.java:418)&#xa;	at com.kms.katalon.core.main.TestCaseExecutor.accessMainPhase(TestCaseExecutor.java:410)&#xa;	at com.kms.katalon.core.main.TestCaseExecutor.execute(TestCaseExecutor.java:285)&#xa;	at com.kms.katalon.core.main.TestCaseMain.runTestCase(TestCaseMain.java:137)&#xa;	at com.kms.katalon.core.keyword.builtin.CallTestCaseKeyword$_callTestCase_closure1.doCall(CallTestCaseKeyword.groovy:59)&#xa;	... 28 more&#xa;Caused by: org.openqa.selenium.ElementClickInterceptedException: element click intercepted: Element &lt;div class=&quot;ui-radiobutton-box ui-widget ui-state-default&quot; ng-reflect-ng-class=&quot;[object Object]&quot; style=&quot;outline: dashed red;&quot;>...&lt;/div> is not clickable at point (842, 151). Other element would receive the click: &lt;div _ngcontent-epv-c23=&quot;&quot; id=&quot;navBar&quot; class=&quot;ng-star-inserted&quot;>...&lt;/div>&#xa;  (Session info: chrome=120.0.6099.130)&#xa;Build info: version: '3.141.59', revision: 'e82be7d358', time: '2018-11-14T08:25:53'&#xa;System info: host: 'FR-L5448059', ip: '192.168.1.134', os.name: 'Windows 10', os.arch: 'amd64', os.version: '10.0', java.version: '17.0.7'&#xa;Driver info: com.kms.katalon.selenium.driver.CChromeDriver&#xa;Capabilities {acceptInsecureCerts: false, browserName: chrome, browserVersion: 120.0.6099.130, chrome: {chromedriverVersion: 119.0.6045.105 (38c72552c5e..., userDataDir: C:\Users\ISSAM~1.RHA\AppDat...}, fedcm:accounts: true, goog:chromeOptions: {debuggerAddress: localhost:60730}, javascriptEnabled: true, networkConnectionEnabled: false, pageLoadStrategy: normal, platform: WINDOWS, platformName: WINDOWS, proxy: Proxy(), setWindowRect: true, strictFileInteractability: false, timeouts: {implicit: 0, pageLoad: 300000, script: 30000}, unhandledPromptBehavior: dismiss and notify, webauthn:extension:credBlob: true, webauthn:extension:largeBlob: true, webauthn:extension:minPinLength: true, webauthn:extension:prf: true, webauthn:virtualAuthenticators: true}&#xa;Session ID: 18a26e3ef4f655f5bc1d25bc1549a5c8&#xa;	at java.base/jdk.internal.reflect.NativeConstructorAccessorImpl.newInstance0(Native Method)&#xa;	at java.base/jdk.internal.reflect.NativeConstructorAccessorImpl.newInstance(NativeConstructorAccessorImpl.java:77)&#xa;	at java.base/jdk.internal.reflect.DelegatingConstructorAccessorImpl.newInstance(DelegatingConstructorAccessorImpl.java:45)&#xa;	at org.openqa.selenium.remote.http.W3CHttpResponseCodec.createException(W3CHttpResponseCodec.java:187)&#xa;	at org.openqa.selenium.remote.http.W3CHttpResponseCodec.decode(W3CHttpResponseCodec.java:122)&#xa;	at org.openqa.selenium.remote.http.W3CHttpResponseCodec.decode(W3CHttpResponseCodec.java:49)&#xa;	at org.openqa.selenium.remote.HttpCommandExecutor.execute(HttpCommandExecutor.java:158)&#xa;	at org.openqa.selenium.remote.service.DriverCommandExecutor.execute(DriverCommandExecutor.java:83)&#xa;	at org.openqa.selenium.remote.RemoteWebDriver.execute(RemoteWebDriver.java:552)&#xa;	at com.kms.katalon.selenium.driver.CChromeDriver.execute(CChromeDriver.java:19)&#xa;	at org.openqa.selenium.remote.RemoteWebElement.execute(RemoteWebElement.java:285)&#xa;	at org.openqa.selenium.remote.RemoteWebElement.click(RemoteWebElement.java:84)&#xa;	at jdk.internal.reflect.GeneratedMethodAccessor22.invoke(Unknown Source)&#xa;	at java.base/jdk.internal.reflect.DelegatingMethodAccessorImpl.invoke(DelegatingMethodAccessorImpl.java:43)&#xa;	at org.openqa.selenium.support.events.EventFiringWebDriver$EventFiringWebElement.lambda$new$0(EventFiringWebDriver.java:404)&#xa;	at jdk.proxy2/jdk.proxy2.$Proxy25.click(Unknown Source)&#xa;	at org.openqa.selenium.support.events.EventFiringWebDriver$EventFiringWebElement.click(EventFiringWebDriver.java:417)&#xa;	at org.openqa.selenium.WebElement$click.call(Unknown Source)&#xa;	at com.kms.katalon.core.webui.keyword.builtin.ClickKeyword.clickUntilSuccessWithTimeout(ClickKeyword.groovy:81)&#xa;	at com.kms.katalon.core.webui.keyword.builtin.ClickKeyword.clickUntilSuccessWithTimeout(ClickKeyword.groovy)&#xa;	at jdk.internal.reflect.GeneratedMethodAccessor20.invoke(Unknown Source)&#xa;	at java.base/jdk.internal.reflect.DelegatingMethodAccessorImpl.invoke(DelegatingMethodAccessorImpl.java:43)&#xa;	at com.kms.katalon.core.webui.keyword.builtin.ClickKeyword$_click_closure1.doCall(ClickKeyword.groovy:67)&#xa;	at com.kms.katalon.core.webui.keyword.builtin.ClickKeyword$_click_closure1.call(ClickKeyword.groovy)&#xa;	at com.kms.katalon.core.webui.keyword.internal.WebUIKeywordMain.runKeyword(WebUIKeywordMain.groovy:20)&#xa;	... 47 more&#xa;"/>
         <system-out><![CDATA[03-01-2024T16:42:59 - [TEST_CASE][FAILED] - Test Cases/Cas D Utilisations/Usager Etudiant/TNR R.TSPT Supp90-Visiteur: Test Cases/Cas D Utilisations/Usager Etudiant/TNR R.TSPT Supp90-Visiteur FAILED.
Reason:
com.kms.katalon.core.exception.StepFailedException: Call Test Case 'Test Cases/Test Reutilisable/AgentTraitementDemande/Verif_AccordeonEtatCivilDuDemandeur' failed
	at com.kms.katalon.core.keyword.builtin.CallTestCaseKeyword$_callTestCase_closure1.doCall(CallTestCaseKeyword.groovy:63)
	at com.kms.katalon.core.keyword.builtin.CallTestCaseKeyword$_callTestCase_closure1.call(CallTestCaseKeyword.groovy)
	at com.kms.katalon.core.keyword.internal.KeywordMain.runKeyword(KeywordMain.groovy:75)
	at com.kms.katalon.core.keyword.builtin.CallTestCaseKeyword.callTestCase(CallTestCaseKeyword.groovy:81)
	at com.kms.katalon.core.keyword.builtin.CallTestCaseKeyword.execute(CallTestCaseKeyword.groovy:44)
	at com.kms.katalon.core.keyword.internal.KeywordExecutor.executeKeywordForPlatform(KeywordExecutor.groovy:74)
	at com.kms.katalon.core.keyword.BuiltinKeywords.callTestCase(BuiltinKeywords.groovy:310)
	at java.base/jdk.internal.reflect.NativeMethodAccessorImpl.invoke0(Native Method)
	at java.base/jdk.internal.reflect.NativeMethodAccessorImpl.invoke(NativeMethodAccessorImpl.java:77)
	at java.base/jdk.internal.reflect.DelegatingMethodAccessorImpl.invoke(DelegatingMethodAccessorImpl.java:43)
	at com.kazurayam.ksbackyard.HighlightElement$_pandemic_closure1.doCall(HighlightElement.groovy:105)
	at jdk.internal.reflect.GeneratedMethodAccessor6.invoke(Unknown Source)
	at java.base/jdk.internal.reflect.DelegatingMethodAccessorImpl.invoke(DelegatingMethodAccessorImpl.java:43)
	at TNR R.TSPT Supp90-Visiteur.run(TNR R.TSPT Supp90-Visiteur:119)
	at com.kms.katalon.core.main.ScriptEngine.run(ScriptEngine.java:194)
	at com.kms.katalon.core.main.ScriptEngine.runScriptAsRawText(ScriptEngine.java:119)
	at com.kms.katalon.core.main.TestCaseExecutor.runScript(TestCaseExecutor.java:448)
	at com.kms.katalon.core.main.TestCaseExecutor.doExecute(TestCaseExecutor.java:439)
	at com.kms.katalon.core.main.TestCaseExecutor.processExecutionPhase(TestCaseExecutor.java:418)
	at com.kms.katalon.core.main.TestCaseExecutor.accessMainPhase(TestCaseExecutor.java:410)
	at com.kms.katalon.core.main.TestCaseExecutor.execute(TestCaseExecutor.java:285)
	at com.kms.katalon.core.common.CommonExecutor.accessTestCaseMainPhase(CommonExecutor.java:65)
	at com.kms.katalon.core.main.TestSuiteExecutor.accessTestSuiteMainPhase(TestSuiteExecutor.java:148)
	at com.kms.katalon.core.main.TestSuiteExecutor.execute(TestSuiteExecutor.java:106)
	at com.kms.katalon.core.main.TestCaseMain.startTestSuite(TestCaseMain.java:180)
	at TempTestSuite1704296569840.run(TempTestSuite1704296569840.groovy:36)
	at java.base/jdk.internal.reflect.NativeMethodAccessorImpl.invoke0(Native Method)
	at java.base/jdk.internal.reflect.NativeMethodAccessorImpl.invoke(NativeMethodAccessorImpl.java:77)
	at java.base/jdk.internal.reflect.DelegatingMethodAccessorImpl.invoke(DelegatingMethodAccessorImpl.java:43)
Caused by: com.kms.katalon.core.exception.StepFailedException: Unable to click on object 'Object Repository/Page_Verif_AccordeonEtatCivilDuDemandeur_Agent/div_AccepterLeDocumentPhotographie'
	at com.kms.katalon.core.webui.keyword.internal.WebUIKeywordMain.stepFailed(WebUIKeywordMain.groovy:64)
	at com.kms.katalon.core.webui.keyword.internal.WebUIKeywordMain.runKeyword(WebUIKeywordMain.groovy:26)
	at com.kms.katalon.core.webui.keyword.builtin.ClickKeyword.click(ClickKeyword.groovy:74)
	at com.kms.katalon.core.webui.keyword.builtin.ClickKeyword.execute(ClickKeyword.groovy:40)
	at com.kms.katalon.core.keyword.internal.KeywordExecutor.executeKeywordForPlatform(KeywordExecutor.groovy:74)
	at com.kms.katalon.core.webui.keyword.WebUiBuiltInKeywords.click(WebUiBuiltInKeywords.groovy:659)
	at jdk.internal.reflect.GeneratedMethodAccessor25.invoke(Unknown Source)
	at java.base/jdk.internal.reflect.DelegatingMethodAccessorImpl.invoke(DelegatingMethodAccessorImpl.java:43)
	at com.kazurayam.ksbackyard.HighlightElement$_pandemic_closure1.doCall(HighlightElement.groovy:105)
	at jdk.internal.reflect.GeneratedMethodAccessor6.invoke(Unknown Source)
	at java.base/jdk.internal.reflect.DelegatingMethodAccessorImpl.invoke(DelegatingMethodAccessorImpl.java:43)
	at Verif_AccordeonEtatCivilDuDemandeur.run(Verif_AccordeonEtatCivilDuDemandeur:93)
	at com.kms.katalon.core.main.ScriptEngine.run(ScriptEngine.java:194)
	at com.kms.katalon.core.main.ScriptEngine.runScriptAsRawText(ScriptEngine.java:119)
	at com.kms.katalon.core.main.TestCaseExecutor.runScript(TestCaseExecutor.java:448)
	at com.kms.katalon.core.main.TestCaseExecutor.doExecute(TestCaseExecutor.java:439)
	at com.kms.katalon.core.main.TestCaseExecutor.processExecutionPhase(TestCaseExecutor.java:418)
	at com.kms.katalon.core.main.TestCaseExecutor.accessMainPhase(TestCaseExecutor.java:410)
	at com.kms.katalon.core.main.TestCaseExecutor.execute(TestCaseExecutor.java:285)
	at com.kms.katalon.core.main.TestCaseMain.runTestCase(TestCaseMain.java:137)
	at com.kms.katalon.core.keyword.builtin.CallTestCaseKeyword$_callTestCase_closure1.doCall(CallTestCaseKeyword.groovy:59)
	... 28 more
Caused by: org.openqa.selenium.ElementClickInterceptedException: element click intercepted: Element <div class="ui-radiobutton-box ui-widget ui-state-default" ng-reflect-ng-class="[object Object]" style="outline: dashed red;">...</div> is not clickable at point (842, 151). Other element would receive the click: <div _ngcontent-epv-c23="" id="navBar" class="ng-star-inserted">...</div>
  (Session info: chrome=120.0.6099.130)
Build info: version: '3.141.59', revision: 'e82be7d358', time: '2018-11-14T08:25:53'
System info: host: 'FR-L5448059', ip: '192.168.1.134', os.name: 'Windows 10', os.arch: 'amd64', os.version: '10.0', java.version: '17.0.7'
Driver info: com.kms.katalon.selenium.driver.CChromeDriver
Capabilities {acceptInsecureCerts: false, browserName: chrome, browserVersion: 120.0.6099.130, chrome: {chromedriverVersion: 119.0.6045.105 (38c72552c5e..., userDataDir: C:\Users\ISSAM~1.RHA\AppDat...}, fedcm:accounts: true, goog:chromeOptions: {debuggerAddress: localhost:60730}, javascriptEnabled: true, networkConnectionEnabled: false, pageLoadStrategy: normal, platform: WINDOWS, platformName: WINDOWS, proxy: Proxy(), setWindowRect: true, strictFileInteractability: false, timeouts: {implicit: 0, pageLoad: 300000, script: 30000}, unhandledPromptBehavior: dismiss and notify, webauthn:extension:credBlob: true, webauthn:extension:largeBlob: true, webauthn:extension:minPinLength: true, webauthn:extension:prf: true, webauthn:virtualAuthenticators: true}
Session ID: 18a26e3ef4f655f5bc1d25bc1549a5c8
	at java.base/jdk.internal.reflect.NativeConstructorAccessorImpl.newInstance0(Native Method)
	at java.base/jdk.internal.reflect.NativeConstructorAccessorImpl.newInstance(NativeConstructorAccessorImpl.java:77)
	at java.base/jdk.internal.reflect.DelegatingConstructorAccessorImpl.newInstance(DelegatingConstructorAccessorImpl.java:45)
	at org.openqa.selenium.remote.http.W3CHttpResponseCodec.createException(W3CHttpResponseCodec.java:187)
	at org.openqa.selenium.remote.http.W3CHttpResponseCodec.decode(W3CHttpResponseCodec.java:122)
	at org.openqa.selenium.remote.http.W3CHttpResponseCodec.decode(W3CHttpResponseCodec.java:49)
	at org.openqa.selenium.remote.HttpCommandExecutor.execute(HttpCommandExecutor.java:158)
	at org.openqa.selenium.remote.service.DriverCommandExecutor.execute(DriverCommandExecutor.java:83)
	at org.openqa.selenium.remote.RemoteWebDriver.execute(RemoteWebDriver.java:552)
	at com.kms.katalon.selenium.driver.CChromeDriver.execute(CChromeDriver.java:19)
	at org.openqa.selenium.remote.RemoteWebElement.execute(RemoteWebElement.java:285)
	at org.openqa.selenium.remote.RemoteWebElement.click(RemoteWebElement.java:84)
	at jdk.internal.reflect.GeneratedMethodAccessor22.invoke(Unknown Source)
	at java.base/jdk.internal.reflect.DelegatingMethodAccessorImpl.invoke(DelegatingMethodAccessorImpl.java:43)
	at org.openqa.selenium.support.events.EventFiringWebDriver$EventFiringWebElement.lambda$new$0(EventFiringWebDriver.java:404)
	at jdk.proxy2/jdk.proxy2.$Proxy25.click(Unknown Source)
	at org.openqa.selenium.support.events.EventFiringWebDriver$EventFiringWebElement.click(EventFiringWebDriver.java:417)
	at org.openqa.selenium.WebElement$click.call(Unknown Source)
	at com.kms.katalon.core.webui.keyword.builtin.ClickKeyword.clickUntilSuccessWithTimeout(ClickKeyword.groovy:81)
	at com.kms.katalon.core.webui.keyword.builtin.ClickKeyword.clickUntilSuccessWithTimeout(ClickKeyword.groovy)
	at jdk.internal.reflect.GeneratedMethodAccessor20.invoke(Unknown Source)
	at java.base/jdk.internal.reflect.DelegatingMethodAccessorImpl.invoke(DelegatingMethodAccessorImpl.java:43)
	at com.kms.katalon.core.webui.keyword.builtin.ClickKeyword$_click_closure1.doCall(ClickKeyword.groovy:67)
	at com.kms.katalon.core.webui.keyword.builtin.ClickKeyword$_click_closure1.call(ClickKeyword.groovy)
	at com.kms.katalon.core.webui.keyword.internal.WebUIKeywordMain.runKeyword(WebUIKeywordMain.groovy:20)
	... 47 more


03-01-2024T16:43:00 - [TEST_STEP][PASSED] - com.kazurayam.ksbackyard.HighlightElement.pandemic(): com.kazurayam.ksbackyard.HighlightElement.pandemic is PASSED

03-01-2024T16:43:01 - [MESSAGE][PASSED] - com.kazurayam.ksbackyard.HighlightElement.pandemic is PASSED

03-01-2024T16:43:01 - [TEST_STEP][PASSED] - callTestCase(findTestCase("Test Reutilisable/Main/Lancer URL ANEF"), ["Profiles":"Usager", "EnvExec":EnvExec], STOP_ON_FAILURE): Call Test Case 'Test Cases/Test Reutilisable/Main/Lancer URL ANEF' successfully

03-01-2024T16:43:01 - [MESSAGE][INFO] - Checking called Test Case

03-01-2024T16:43:01 - [MESSAGE][INFO] - Starting to call Test Case 'Test Cases/Test Reutilisable/Main/Lancer URL ANEF'

03-01-2024T16:43:01 - [TEST_CASE][PASSED] - Test Cases/Test Reutilisable/Main/Lancer URL ANEF: Test Cases/Test Reutilisable/Main/Lancer URL ANEF

03-01-2024T16:43:03 - [TEST_STEP][PASSED] - "RunConfiguration: getProjectDir for LogDriver ": null

03-01-2024T16:43:03 - [TEST_STEP][PASSED] - RunBrowserConfiguration = getExecutionProperties(): null

03-01-2024T16:43:03 - [TEST_STEP][PASSED] - DriverName = "": null

03-01-2024T16:43:03 - [TEST_STEP][PASSED] - openBrowser(""): Browser is opened with url: ''

03-01-2024T16:43:03 - [MESSAGE][INFO] - Opening browser

03-01-2024T16:43:03 - [MESSAGE][INFO] - Starting 'Chrome' driver

03-01-2024T16:43:03 - [MESSAGE][INFO] - User set preference: ['args', '[--incognito, --start-maximized, --remote-allow-origins=*]']

03-01-2024T16:43:03 - [MESSAGE][INFO] - User set preference: ['prefs', '{download.default_directory=${GlobalVariable.downloadPath}, download_dir=${GlobalVariable.downloadPath}, download.prompt_for_download=false}']

03-01-2024T16:43:03 - [MESSAGE][INFO] - User set preference: ['loggingPrefs', '{browser=ALL}']

03-01-2024T16:43:04 - [MESSAGE][INFO] - Action delay is set to 2 000 milliseconds

03-01-2024T16:43:07 - [MESSAGE][PASSED] - Browser is opened with url: ''

03-01-2024T16:43:07 - [TEST_STEP][PASSED] - driver = getWebDriver(): null

03-01-2024T16:43:07 - [TEST_STEP][PASSED] - wrappedDriver = driver.getWrappedDriver(): null

03-01-2024T16:43:07 - [TEST_STEP][PASSED] - out.println(wrappedDriver.getClass()): null

03-01-2024T16:43:07 - [TEST_STEP][PASSED] - if (class == com.kms.katalon.selenium.driver.CRemoteWebDriver): null

03-01-2024T16:43:07 - [TEST_STEP][PASSED] - else: null

03-01-2024T16:43:07 - [TEST_STEP][PASSED] - DriverName = get("WebUI").get("browserType"): null

03-01-2024T16:43:07 - [TEST_STEP][PASSED] - println("DriverName :" + DriverName): null

03-01-2024T16:43:07 - [TEST_STEP][PASSED] - println("Driverpath :" + RunBrowserConfiguration.get("drivers")): null

03-01-2024T16:43:07 - [TEST_STEP][PASSED] - DriverName = DriverName: null

03-01-2024T16:43:09 - [TEST_STEP][PASSED] - delay(medium_wait): Delayed 3 second(s)

03-01-2024T16:43:09 - [MESSAGE][INFO] - Delaying browser in 3 second(s)

03-01-2024T16:43:12 - [MESSAGE][PASSED] - Delayed 3 second(s)

03-01-2024T16:43:12 - [TEST_STEP][PASSED] - executedBrowser = getExecutedBrowser(): null

03-01-2024T16:43:12 - [TEST_STEP][PASSED] - if (Profiles == "Usager"): null

03-01-2024T16:43:12 - [TEST_STEP][PASSED] - switch (DriverName): null

03-01-2024T16:43:12 - [TEST_STEP][PASSED] - case "CHROME_DRIVER":: null

03-01-2024T16:43:12 - [TEST_STEP][PASSED] - if (EnvExec == "URL_ANEFQualif"): Navigate to 'https://qualif.administration-etrangers-en-france.interieur.gouv.fr/particuliers/#/' successfully

03-01-2024T16:43:12 - [TEST_STEP][PASSED] - navigateToUrl(URL_ANEFQualif): Navigate to 'https://qualif.administration-etrangers-en-france.interieur.gouv.fr/particuliers/#/' successfully

03-01-2024T16:43:12 - [MESSAGE][INFO] - Checking url

03-01-2024T16:43:12 - [MESSAGE][INFO] - Navigating to 'https://qualif.administration-etrangers-en-france.interieur.gouv.fr/particuliers/#/'

03-01-2024T16:43:28 - [MESSAGE][PASSED] - Navigate to 'https://qualif.administration-etrangers-en-france.interieur.gouv.fr/particuliers/#/' successfully

03-01-2024T16:43:28 - [TEST_STEP][PASSED] - if (EnvExec == "URL_ANEFPreProd"): null

03-01-2024T16:43:28 - [TEST_STEP][PASSED] - maximizeWindow(): Current window maximized

03-01-2024T16:43:28 - [MESSAGE][INFO] - Maximizing current window

03-01-2024T16:43:28 - [MESSAGE][PASSED] - Current window maximized

03-01-2024T16:43:28 - [TEST_STEP][PASSED] - System.setProperty("webdriver.chrome.driver", getChromeDriverPath()): null

03-01-2024T16:43:28 - [TEST_STEP][PASSED] - System.setProperty("webdriver.chrome.logfile", getProjectDir() + "/Dump/chromedriver.log"): null

03-01-2024T16:43:28 - [TEST_STEP][PASSED] - callTestCase(findTestCase("Test Reutilisable/Main/Erreur lie a la confidentialite"), [:], STOP_ON_FAILURE): Call Test Case 'Test Cases/Test Reutilisable/Main/Erreur lie a la confidentialite' successfully

03-01-2024T16:43:28 - [MESSAGE][INFO] - Checking called Test Case

03-01-2024T16:43:28 - [MESSAGE][INFO] - Starting to call Test Case 'Test Cases/Test Reutilisable/Main/Erreur lie a la confidentialite'

03-01-2024T16:43:28 - [TEST_CASE][PASSED] - Test Cases/Test Reutilisable/Main/Erreur lie a la confidentialite: Test Cases/Test Reutilisable/Main/Erreur lie a la confidentialite

03-01-2024T16:43:28 - [TEST_STEP][PASSED] - tools.WaitForLoadedPage.waitForElementRendering(): tools.WaitForLoadedPage.waitForElementRendering is PASSED

03-01-2024T16:43:28 - [MESSAGE][PASSED] - tools.WaitForLoadedPage.waitForElementRendering is PASSED

03-01-2024T16:43:28 - [TEST_STEP][PASSED] - "Call Highlight.on() automatically": null

03-01-2024T16:43:28 - [TEST_STEP][PASSED] - DriverName = DriverName: null

03-01-2024T16:43:28 - [TEST_STEP][PASSED] - if (DriverName == "CHROME_DRIVER" || "EDGE_CHROMIUM_DRIVER" || "HEADLESS_DRIVER"): null

03-01-2024T16:43:28 - [TEST_STEP][PASSED] - if (verifyElementPresent(findTestObject("Object Repository/Connexion Usager/Btn_Parametres Avances"), 2, OPTIONAL)): null

03-01-2024T16:43:29 - [MESSAGE][INFO] - Finding Test Object 'Object Repository/Connexion Usager/Btn_Parametres Avances'

03-01-2024T16:43:29 - [MESSAGE][INFO] - Checking object

03-01-2024T16:43:29 - [MESSAGE][INFO] - Finding web element from Test Object's properties

03-01-2024T16:43:29 - [MESSAGE][INFO] - Checking timeout

03-01-2024T16:43:29 - [MESSAGE][INFO] - Finding web element with id: 'Object Repository/Connexion Usager/Btn_Parametres Avances' located by 'By.xpath: //*[@id="details-button"]' in '2' second(s)

03-01-2024T16:43:29 - [MESSAGE][INFO] - Smart Wait Function is triggered

03-01-2024T16:43:29 - [MESSAGE][INFO] - Found 1 web elements with id: 'Object Repository/Connexion Usager/Btn_Parametres Avances' located by 'By.xpath: //*[@id="details-button"]' in '2' second(s)

03-01-2024T16:43:29 - [MESSAGE][PASSED] - Object 'Object Repository/Connexion Usager/Btn_Parametres Avances' is present

03-01-2024T16:43:29 - [TEST_STEP][PASSED] - click(findTestObject("Object Repository/Connexion Usager/Btn_Parametres Avances"), OPTIONAL): Object: 'Object Repository/Connexion Usager/Btn_Parametres Avances' is clicked on

03-01-2024T16:43:29 - [MESSAGE][INFO] - Finding Test Object 'Object Repository/Connexion Usager/Btn_Parametres Avances'

03-01-2024T16:43:29 - [MESSAGE][INFO] - Checking timeout

03-01-2024T16:43:29 - [MESSAGE][INFO] - Finding web element with id: 'Object Repository/Connexion Usager/Btn_Parametres Avances' located by 'By.xpath: //*[@id="details-button"]' in '20' second(s)

03-01-2024T16:43:29 - [MESSAGE][INFO] - Smart Wait Function is triggered

03-01-2024T16:43:29 - [MESSAGE][INFO] - Found 1 web elements with id: 'Object Repository/Connexion Usager/Btn_Parametres Avances' located by 'By.xpath: //*[@id="details-button"]' in '20' second(s)

03-01-2024T16:43:29 - [MESSAGE][INFO] - Checking object

03-01-2024T16:43:29 - [MESSAGE][INFO] - Checking timeout

03-01-2024T16:43:29 - [MESSAGE][INFO] - Finding web element from Test Object's properties

03-01-2024T16:43:29 - [MESSAGE][INFO] - Checking timeout

03-01-2024T16:43:29 - [MESSAGE][INFO] - Finding web element with id: 'Object Repository/Connexion Usager/Btn_Parametres Avances' located by 'By.xpath: //*[@id="details-button"]' in '5' second(s)

03-01-2024T16:43:29 - [MESSAGE][INFO] - Smart Wait Function is triggered

03-01-2024T16:43:29 - [MESSAGE][INFO] - Found 1 web elements with id: 'Object Repository/Connexion Usager/Btn_Parametres Avances' located by 'By.xpath: //*[@id="details-button"]' in '5' second(s)

03-01-2024T16:43:29 - [MESSAGE][INFO] - Clicking on object: 'Object Repository/Connexion Usager/Btn_Parametres Avances'

03-01-2024T16:43:31 - [MESSAGE][PASSED] - Object: 'Object Repository/Connexion Usager/Btn_Parametres Avances' is clicked on

03-01-2024T16:43:31 - [TEST_STEP][PASSED] - click(findTestObject("Object Repository/Connexion Usager/Link_Proceed-Link"), OPTIONAL): Object: 'Object Repository/Connexion Usager/Link_Proceed-Link' is clicked on

03-01-2024T16:43:31 - [MESSAGE][INFO] - Finding Test Object 'Object Repository/Connexion Usager/Link_Proceed-Link'

03-01-2024T16:43:31 - [MESSAGE][INFO] - Checking timeout

03-01-2024T16:43:31 - [MESSAGE][INFO] - Finding web element with id: 'Object Repository/Connexion Usager/Link_Proceed-Link' located by 'By.xpath: //*[@id="proceed-link"]' in '20' second(s)

03-01-2024T16:43:31 - [MESSAGE][INFO] - Smart Wait Function is triggered

03-01-2024T16:43:31 - [MESSAGE][INFO] - Found 1 web elements with id: 'Object Repository/Connexion Usager/Link_Proceed-Link' located by 'By.xpath: //*[@id="proceed-link"]' in '20' second(s)

03-01-2024T16:43:31 - [MESSAGE][INFO] - Checking object

03-01-2024T16:43:31 - [MESSAGE][INFO] - Checking timeout

03-01-2024T16:43:31 - [MESSAGE][INFO] - Finding web element from Test Object's properties

03-01-2024T16:43:31 - [MESSAGE][INFO] - Checking timeout

03-01-2024T16:43:31 - [MESSAGE][INFO] - Finding web element with id: 'Object Repository/Connexion Usager/Link_Proceed-Link' located by 'By.xpath: //*[@id="proceed-link"]' in '5' second(s)

03-01-2024T16:43:31 - [MESSAGE][INFO] - Smart Wait Function is triggered

03-01-2024T16:43:31 - [MESSAGE][INFO] - Found 1 web elements with id: 'Object Repository/Connexion Usager/Link_Proceed-Link' located by 'By.xpath: //*[@id="proceed-link"]' in '5' second(s)

03-01-2024T16:43:31 - [MESSAGE][INFO] - Clicking on object: 'Object Repository/Connexion Usager/Link_Proceed-Link'

03-01-2024T16:43:35 - [MESSAGE][PASSED] - Object: 'Object Repository/Connexion Usager/Link_Proceed-Link' is clicked on

03-01-2024T16:43:35 - [TEST_STEP][PASSED] - if (DriverName == "IE_DRIVER"): null

03-01-2024T16:43:35 - [TEST_STEP][PASSED] - delay(3): Delayed 3 second(s)

03-01-2024T16:43:35 - [MESSAGE][INFO] - Delaying browser in 3 second(s)

03-01-2024T16:43:38 - [MESSAGE][PASSED] - Delayed 3 second(s)

03-01-2024T16:43:38 - [MESSAGE][PASSED] - Call Test Case 'Test Cases/Test Reutilisable/Main/Erreur lie a la confidentialite' successfully

03-01-2024T16:43:38 - [TEST_STEP][PASSED] - delay(5): Delayed 5 second(s)

03-01-2024T16:43:38 - [MESSAGE][INFO] - Delaying browser in 5 second(s)

03-01-2024T16:43:43 - [MESSAGE][PASSED] - Delayed 5 second(s)

03-01-2024T16:43:43 - [TEST_STEP][PASSED] - verifyElementVisible(findTestObject("Object Repository/Connexion Usager/Link_Se Connecter"), STOP_ON_FAILURE): Object 'Object Repository/Connexion Usager/Link_Se Connecter' is visible

03-01-2024T16:43:43 - [MESSAGE][INFO] - Finding Test Object 'Object Repository/Connexion Usager/Link_Se Connecter'

03-01-2024T16:43:43 - [MESSAGE][INFO] - Checking object

03-01-2024T16:43:43 - [MESSAGE][INFO] - Finding web element from Test Object's properties

03-01-2024T16:43:43 - [MESSAGE][INFO] - Checking timeout

03-01-2024T16:43:43 - [MESSAGE][INFO] - Finding web element with id: 'Object Repository/Connexion Usager/Link_Se Connecter' located by 'By.xpath: //*[@id="connexion_link"]' in '5' second(s)

03-01-2024T16:43:43 - [MESSAGE][INFO] - Smart Wait Function is triggered

03-01-2024T16:43:43 - [MESSAGE][INFO] - Found 1 web elements with id: 'Object Repository/Connexion Usager/Link_Se Connecter' located by 'By.xpath: //*[@id="connexion_link"]' in '5' second(s)

03-01-2024T16:43:43 - [MESSAGE][PASSED] - Object 'Object Repository/Connexion Usager/Link_Se Connecter' is visible

03-01-2024T16:43:43 - [TEST_STEP][PASSED] - break: null

03-01-2024T16:43:43 - [TEST_STEP][PASSED] - if (Profiles == "Agent"): null

03-01-2024T16:43:43 - [TEST_STEP][PASSED] - else: null

03-01-2024T16:43:43 - [TEST_STEP][PASSED] - println("Vérifier le Portail de votre connexion Usager ou Agent"): null

03-01-2024T16:43:43 - [MESSAGE][PASSED] - Call Test Case 'Test Cases/Test Reutilisable/Main/Lancer URL ANEF' successfully

03-01-2024T16:43:43 - [TEST_STEP][FAILED] - if (TraitemantAgent == "Oui"): Unable to call Test Case 'Test Cases/Test Reutilisable/AgentTraitementDemande/Verif_AccordeonEtatCivilDuDemandeur' (Root cause: com.kms.katalon.core.exception.StepFailedException: Call Test Case 'Test Cases/Test Reutilisable/AgentTraitementDemande/Verif_AccordeonEtatCivilDuDemandeur' failed
	at com.kms.katalon.core.keyword.builtin.CallTestCaseKeyword$_callTestCase_closure1.doCall(CallTestCaseKeyword.groovy:63)
	at com.kms.katalon.core.keyword.builtin.CallTestCaseKeyword$_callTestCase_closure1.call(CallTestCaseKeyword.groovy)
	at com.kms.katalon.core.keyword.internal.KeywordMain.runKeyword(KeywordMain.groovy:75)
	at com.kms.katalon.core.keyword.builtin.CallTestCaseKeyword.callTestCase(CallTestCaseKeyword.groovy:81)
	at com.kms.katalon.core.keyword.builtin.CallTestCaseKeyword.execute(CallTestCaseKeyword.groovy:44)
	at com.kms.katalon.core.keyword.internal.KeywordExecutor.executeKeywordForPlatform(KeywordExecutor.groovy:74)
	at com.kms.katalon.core.keyword.BuiltinKeywords.callTestCase(BuiltinKeywords.groovy:310)
	at java.base/jdk.internal.reflect.NativeMethodAccessorImpl.invoke0(Native Method)
	at java.base/jdk.internal.reflect.NativeMethodAccessorImpl.invoke(NativeMethodAccessorImpl.java:77)
	at java.base/jdk.internal.reflect.DelegatingMethodAccessorImpl.invoke(DelegatingMethodAccessorImpl.java:43)
	at com.kazurayam.ksbackyard.HighlightElement$_pandemic_closure1.doCall(HighlightElement.groovy:105)
	at jdk.internal.reflect.GeneratedMethodAccessor6.invoke(Unknown Source)
	at java.base/jdk.internal.reflect.DelegatingMethodAccessorImpl.invoke(DelegatingMethodAccessorImpl.java:43)
	at TNR R.TSPT Supp90-Visiteur.run(TNR R.TSPT Supp90-Visiteur:119)
	at com.kms.katalon.core.main.ScriptEngine.run(ScriptEngine.java:194)
	at com.kms.katalon.core.main.ScriptEngine.runScriptAsRawText(ScriptEngine.java:119)
	at com.kms.katalon.core.main.TestCaseExecutor.runScript(TestCaseExecutor.java:448)
	at com.kms.katalon.core.main.TestCaseExecutor.doExecute(TestCaseExecutor.java:439)
	at com.kms.katalon.core.main.TestCaseExecutor.processExecutionPhase(TestCaseExecutor.java:418)
	at com.kms.katalon.core.main.TestCaseExecutor.accessMainPhase(TestCaseExecutor.java:410)
	at com.kms.katalon.core.main.TestCaseExecutor.execute(TestCaseExecutor.java:285)
	at com.kms.katalon.core.common.CommonExecutor.accessTestCaseMainPhase(CommonExecutor.java:65)
	at com.kms.katalon.core.main.TestSuiteExecutor.accessTestSuiteMainPhase(TestSuiteExecutor.java:148)
	at com.kms.katalon.core.main.TestSuiteExecutor.execute(TestSuiteExecutor.java:106)
	at com.kms.katalon.core.main.TestCaseMain.startTestSuite(TestCaseMain.java:180)
	at TempTestSuite1704296569840.run(TempTestSuite1704296569840.groovy:36)
	at java.base/jdk.internal.reflect.NativeMethodAccessorImpl.invoke0(Native Method)
	at java.base/jdk.internal.reflect.NativeMethodAccessorImpl.invoke(NativeMethodAccessorImpl.java:77)
	at java.base/jdk.internal.reflect.DelegatingMethodAccessorImpl.invoke(DelegatingMethodAccessorImpl.java:43)
Caused by: com.kms.katalon.core.exception.StepFailedException: Unable to click on object 'Object Repository/Page_Verif_AccordeonEtatCivilDuDemandeur_Agent/div_AccepterLeDocumentPhotographie'
	at com.kms.katalon.core.webui.keyword.internal.WebUIKeywordMain.stepFailed(WebUIKeywordMain.groovy:64)
	at com.kms.katalon.core.webui.keyword.internal.WebUIKeywordMain.runKeyword(WebUIKeywordMain.groovy:26)
	at com.kms.katalon.core.webui.keyword.builtin.ClickKeyword.click(ClickKeyword.groovy:74)
	at com.kms.katalon.core.webui.keyword.builtin.ClickKeyword.execute(ClickKeyword.groovy:40)
	at com.kms.katalon.core.keyword.internal.KeywordExecutor.executeKeywordForPlatform(KeywordExecutor.groovy:74)
	at com.kms.katalon.core.webui.keyword.WebUiBuiltInKeywords.click(WebUiBuiltInKeywords.groovy:659)
	at jdk.internal.reflect.GeneratedMethodAccessor25.invoke(Unknown Source)
	at java.base/jdk.internal.reflect.DelegatingMethodAccessorImpl.invoke(DelegatingMethodAccessorImpl.java:43)
	at com.kazurayam.ksbackyard.HighlightElement$_pandemic_closure1.doCall(HighlightElement.groovy:105)
	at jdk.internal.reflect.GeneratedMethodAccessor6.invoke(Unknown Source)
	at java.base/jdk.internal.reflect.DelegatingMethodAccessorImpl.invoke(DelegatingMethodAccessorImpl.java:43)
	at Verif_AccordeonEtatCivilDuDemandeur.run(Verif_AccordeonEtatCivilDuDemandeur:93)
	at com.kms.katalon.core.main.ScriptEngine.run(ScriptEngine.java:194)
	at com.kms.katalon.core.main.ScriptEngine.runScriptAsRawText(ScriptEngine.java:119)
	at com.kms.katalon.core.main.TestCaseExecutor.runScript(TestCaseExecutor.java:448)
	at com.kms.katalon.core.main.TestCaseExecutor.doExecute(TestCaseExecutor.java:439)
	at com.kms.katalon.core.main.TestCaseExecutor.processExecutionPhase(TestCaseExecutor.java:418)
	at com.kms.katalon.core.main.TestCaseExecutor.accessMainPhase(TestCaseExecutor.java:410)
	at com.kms.katalon.core.main.TestCaseExecutor.execute(TestCaseExecutor.java:285)
	at com.kms.katalon.core.main.TestCaseMain.runTestCase(TestCaseMain.java:137)
	at com.kms.katalon.core.keyword.builtin.CallTestCaseKeyword$_callTestCase_closure1.doCall(CallTestCaseKeyword.groovy:59)
	... 28 more
Caused by: org.openqa.selenium.ElementClickInterceptedException: element click intercepted: Element <div class="ui-radiobutton-box ui-widget ui-state-default" ng-reflect-ng-class="[object Object]" style="outline: dashed red;">...</div> is not clickable at point (842, 151). Other element would receive the click: <div _ngcontent-epv-c23="" id="navBar" class="ng-star-inserted">...</div>
  (Session info: chrome=120.0.6099.130)
Build info: version: '3.141.59', revision: 'e82be7d358', time: '2018-11-14T08:25:53'
System info: host: 'FR-L5448059', ip: '192.168.1.134', os.name: 'Windows 10', os.arch: 'amd64', os.version: '10.0', java.version: '17.0.7'
Driver info: com.kms.katalon.selenium.driver.CChromeDriver
Capabilities {acceptInsecureCerts: false, browserName: chrome, browserVersion: 120.0.6099.130, chrome: {chromedriverVersion: 119.0.6045.105 (38c72552c5e..., userDataDir: C:\Users\ISSAM~1.RHA\AppDat...}, fedcm:accounts: true, goog:chromeOptions: {debuggerAddress: localhost:60730}, javascriptEnabled: true, networkConnectionEnabled: false, pageLoadStrategy: normal, platform: WINDOWS, platformName: WINDOWS, proxy: Proxy(), setWindowRect: true, strictFileInteractability: false, timeouts: {implicit: 0, pageLoad: 300000, script: 30000}, unhandledPromptBehavior: dismiss and notify, webauthn:extension:credBlob: true, webauthn:extension:largeBlob: true, webauthn:extension:minPinLength: true, webauthn:extension:prf: true, webauthn:virtualAuthenticators: true}
Session ID: 18a26e3ef4f655f5bc1d25bc1549a5c8
	at java.base/jdk.internal.reflect.NativeConstructorAccessorImpl.newInstance0(Native Method)
	at java.base/jdk.internal.reflect.NativeConstructorAccessorImpl.newInstance(NativeConstructorAccessorImpl.java:77)
	at java.base/jdk.internal.reflect.DelegatingConstructorAccessorImpl.newInstance(DelegatingConstructorAccessorImpl.java:45)
	at org.openqa.selenium.remote.http.W3CHttpResponseCodec.createException(W3CHttpResponseCodec.java:187)
	at org.openqa.selenium.remote.http.W3CHttpResponseCodec.decode(W3CHttpResponseCodec.java:122)
	at org.openqa.selenium.remote.http.W3CHttpResponseCodec.decode(W3CHttpResponseCodec.java:49)
	at org.openqa.selenium.remote.HttpCommandExecutor.execute(HttpCommandExecutor.java:158)
	at org.openqa.selenium.remote.service.DriverCommandExecutor.execute(DriverCommandExecutor.java:83)
	at org.openqa.selenium.remote.RemoteWebDriver.execute(RemoteWebDriver.java:552)
	at com.kms.katalon.selenium.driver.CChromeDriver.execute(CChromeDriver.java:19)
	at org.openqa.selenium.remote.RemoteWebElement.execute(RemoteWebElement.java:285)
	at org.openqa.selenium.remote.RemoteWebElement.click(RemoteWebElement.java:84)
	at jdk.internal.reflect.GeneratedMethodAccessor22.invoke(Unknown Source)
	at java.base/jdk.internal.reflect.DelegatingMethodAccessorImpl.invoke(DelegatingMethodAccessorImpl.java:43)
	at org.openqa.selenium.support.events.EventFiringWebDriver$EventFiringWebElement.lambda$new$0(EventFiringWebDriver.java:404)
	at jdk.proxy2/jdk.proxy2.$Proxy25.click(Unknown Source)
	at org.openqa.selenium.support.events.EventFiringWebDriver$EventFiringWebElement.click(EventFiringWebDriver.java:417)
	at org.openqa.selenium.WebElement$click.call(Unknown Source)
	at com.kms.katalon.core.webui.keyword.builtin.ClickKeyword.clickUntilSuccessWithTimeout(ClickKeyword.groovy:81)
	at com.kms.katalon.core.webui.keyword.builtin.ClickKeyword.clickUntilSuccessWithTimeout(ClickKeyword.groovy)
	at jdk.internal.reflect.GeneratedMethodAccessor20.invoke(Unknown Source)
	at java.base/jdk.internal.reflect.DelegatingMethodAccessorImpl.invoke(DelegatingMethodAccessorImpl.java:43)
	at com.kms.katalon.core.webui.keyword.builtin.ClickKeyword$_click_closure1.doCall(ClickKeyword.groovy:67)
	at com.kms.katalon.core.webui.keyword.builtin.ClickKeyword$_click_closure1.call(ClickKeyword.groovy)
	at com.kms.katalon.core.webui.keyword.internal.WebUIKeywordMain.runKeyword(WebUIKeywordMain.groovy:20)
	... 47 more
)

03-01-2024T16:43:43 - [TEST_STEP][PASSED] - callTestCase(findTestCase("Test Reutilisable/Main/Lancer URL ANEF"), ["Profiles":"Agent", "EnvExec":EnvExec], STOP_ON_FAILURE): Call Test Case 'Test Cases/Test Reutilisable/Main/Lancer URL ANEF' successfully

03-01-2024T16:43:43 - [MESSAGE][INFO] - Checking called Test Case

03-01-2024T16:43:43 - [MESSAGE][INFO] - Starting to call Test Case 'Test Cases/Test Reutilisable/Main/Lancer URL ANEF'

03-01-2024T16:43:43 - [TEST_CASE][PASSED] - Test Cases/Test Reutilisable/Main/Lancer URL ANEF: Test Cases/Test Reutilisable/Main/Lancer URL ANEF

03-01-2024T16:43:43 - [TEST_STEP][PASSED] - "RunConfiguration: getProjectDir for LogDriver ": null

03-01-2024T16:43:43 - [TEST_STEP][PASSED] - RunBrowserConfiguration = getExecutionProperties(): null

03-01-2024T16:43:43 - [TEST_STEP][PASSED] - DriverName = "": null

03-01-2024T16:43:43 - [TEST_STEP][PASSED] - openBrowser(""): Browser is opened with url: ''

03-01-2024T16:43:43 - [MESSAGE][INFO] - Opening browser

03-01-2024T16:43:43 - [MESSAGE][WARNING] - A browser is already opened. Closing browser and opening a new one

03-01-2024T16:43:44 - [MESSAGE][INFO] - Starting 'Chrome' driver

03-01-2024T16:43:44 - [MESSAGE][INFO] - User set preference: ['args', '[--incognito, --start-maximized, --remote-allow-origins=*]']

03-01-2024T16:43:44 - [MESSAGE][INFO] - User set preference: ['prefs', '{download.default_directory=${GlobalVariable.downloadPath}, download_dir=${GlobalVariable.downloadPath}, download.prompt_for_download=false}']

03-01-2024T16:43:44 - [MESSAGE][INFO] - User set preference: ['loggingPrefs', '{browser=ALL}']

03-01-2024T16:43:44 - [MESSAGE][INFO] - Action delay is set to 2 000 milliseconds

03-01-2024T16:43:46 - [MESSAGE][PASSED] - Browser is opened with url: ''

03-01-2024T16:43:46 - [TEST_STEP][PASSED] - driver = getWebDriver(): null

03-01-2024T16:43:46 - [TEST_STEP][PASSED] - wrappedDriver = driver.getWrappedDriver(): null

03-01-2024T16:43:46 - [TEST_STEP][PASSED] - out.println(wrappedDriver.getClass()): null

03-01-2024T16:43:46 - [TEST_STEP][PASSED] - if (class == com.kms.katalon.selenium.driver.CRemoteWebDriver): null

03-01-2024T16:43:46 - [TEST_STEP][PASSED] - else: null

03-01-2024T16:43:46 - [TEST_STEP][PASSED] - DriverName = get("WebUI").get("browserType"): null

03-01-2024T16:43:46 - [TEST_STEP][PASSED] - println("DriverName :" + DriverName): null

03-01-2024T16:43:46 - [TEST_STEP][PASSED] - println("Driverpath :" + RunBrowserConfiguration.get("drivers")): null

03-01-2024T16:43:46 - [TEST_STEP][PASSED] - DriverName = DriverName: null

03-01-2024T16:43:46 - [TEST_STEP][PASSED] - delay(medium_wait): Delayed 3 second(s)

03-01-2024T16:43:46 - [MESSAGE][INFO] - Delaying browser in 3 second(s)

03-01-2024T16:43:49 - [MESSAGE][PASSED] - Delayed 3 second(s)

03-01-2024T16:43:49 - [TEST_STEP][PASSED] - executedBrowser = getExecutedBrowser(): null

03-01-2024T16:43:49 - [TEST_STEP][PASSED] - if (Profiles == "Usager"): null

03-01-2024T16:43:49 - [TEST_STEP][PASSED] - if (Profiles == "Agent"): Current window maximized

03-01-2024T16:43:49 - [TEST_STEP][PASSED] - if (EnvExec == "URL_ANEFQualif"): Browser is opened with url: 'https://qualification.siaef.dgef.interieur.gouv.fr/sejour/#/accueil'

03-01-2024T16:43:49 - [TEST_STEP][PASSED] - openBrowser(URLPortailAgentQualif): Browser is opened with url: 'https://qualification.siaef.dgef.interieur.gouv.fr/sejour/#/accueil'

03-01-2024T16:43:49 - [MESSAGE][INFO] - Opening browser

03-01-2024T16:43:49 - [MESSAGE][WARNING] - A browser is already opened. Closing browser and opening a new one

03-01-2024T16:43:49 - [MESSAGE][INFO] - Starting 'Chrome' driver

03-01-2024T16:43:49 - [MESSAGE][INFO] - User set preference: ['args', '[--incognito, --start-maximized, --remote-allow-origins=*]']

03-01-2024T16:43:49 - [MESSAGE][INFO] - User set preference: ['prefs', '{download.default_directory=${GlobalVariable.downloadPath}, download_dir=${GlobalVariable.downloadPath}, download.prompt_for_download=false}']

03-01-2024T16:43:49 - [MESSAGE][INFO] - User set preference: ['loggingPrefs', '{browser=ALL}']

03-01-2024T16:43:49 - [MESSAGE][INFO] - Action delay is set to 2 000 milliseconds

03-01-2024T16:43:51 - [MESSAGE][INFO] - Navigating browser to: 'https://qualification.siaef.dgef.interieur.gouv.fr/sejour/#/accueil'

03-01-2024T16:44:13 - [MESSAGE][PASSED] - Browser is opened with url: 'https://qualification.siaef.dgef.interieur.gouv.fr/sejour/#/accueil'

03-01-2024T16:44:13 - [TEST_STEP][PASSED] - if (EnvExec == "URL_ANEFPreProd"): null

03-01-2024T16:44:13 - [TEST_STEP][PASSED] - maximizeWindow(): Current window maximized

03-01-2024T16:44:13 - [MESSAGE][INFO] - Maximizing current window

03-01-2024T16:44:13 - [MESSAGE][PASSED] - Current window maximized

03-01-2024T16:44:13 - [MESSAGE][PASSED] - Call Test Case 'Test Cases/Test Reutilisable/Main/Lancer URL ANEF' successfully

03-01-2024T16:44:13 - [TEST_STEP][PASSED] - callTestCase(findTestCase("Test Reutilisable/Main/Identification"), ["Profiles":"Agent", "NumEtrangerVisa":NumEtrangerVisa, "EnvExec":"EnvExec"], STOP_ON_FAILURE): Call Test Case 'Test Cases/Test Reutilisable/Main/Identification' successfully

03-01-2024T16:44:13 - [MESSAGE][INFO] - Checking called Test Case

03-01-2024T16:44:13 - [MESSAGE][INFO] - Starting to call Test Case 'Test Cases/Test Reutilisable/Main/Identification'

03-01-2024T16:44:13 - [TEST_CASE][PASSED] - Test Cases/Test Reutilisable/Main/Identification: Test Cases/Test Reutilisable/Main/Identification

03-01-2024T16:44:14 - [TEST_STEP][PASSED] - if (Profiles == "Usager"): null

03-01-2024T16:44:14 - [TEST_STEP][PASSED] - if (Profiles == "Agent"): Object: 'Object Repository/Connexion Agent/btn_Valider_Conx_Agent' is clicked on

03-01-2024T16:44:14 - [TEST_STEP][PASSED] - setText(findTestObject("Object Repository/Connexion Agent/Input_UserNameAgent"), IdentifiantAgentQualif): Text 'anef.cng+qualif.agent.sejour.automatisation@gmail.com' is set on object 'Object Repository/Connexion Agent/Input_UserNameAgent'

03-01-2024T16:44:14 - [MESSAGE][INFO] - Finding Test Object 'Object Repository/Connexion Agent/Input_UserNameAgent'

03-01-2024T16:44:14 - [MESSAGE][INFO] - Checking timeout

03-01-2024T16:44:14 - [MESSAGE][INFO] - Finding web element with id: 'Object Repository/Connexion Agent/Input_UserNameAgent' located by 'By.xpath: //*[@aria-labelledby="username-label"]' in '20' second(s)

03-01-2024T16:44:14 - [MESSAGE][INFO] - Smart Wait Function is triggered

03-01-2024T16:44:14 - [MESSAGE][INFO] - Found 1 web elements with id: 'Object Repository/Connexion Agent/Input_UserNameAgent' located by 'By.xpath: //*[@aria-labelledby="username-label"]' in '20' second(s)

03-01-2024T16:44:14 - [MESSAGE][INFO] - Checking object

03-01-2024T16:44:14 - [MESSAGE][INFO] - Checking text

03-01-2024T16:44:14 - [MESSAGE][INFO] - Finding web element from Test Object's properties

03-01-2024T16:44:14 - [MESSAGE][INFO] - Checking timeout

03-01-2024T16:44:14 - [MESSAGE][INFO] - Finding web element with id: 'Object Repository/Connexion Agent/Input_UserNameAgent' located by 'By.xpath: //*[@aria-labelledby="username-label"]' in '5' second(s)

03-01-2024T16:44:14 - [MESSAGE][INFO] - Smart Wait Function is triggered

03-01-2024T16:44:14 - [MESSAGE][INFO] - Found 1 web elements with id: 'Object Repository/Connexion Agent/Input_UserNameAgent' located by 'By.xpath: //*[@aria-labelledby="username-label"]' in '5' second(s)

03-01-2024T16:44:14 - [MESSAGE][INFO] - Clearing text of object 'Object Repository/Connexion Agent/Input_UserNameAgent'

03-01-2024T16:44:16 - [MESSAGE][INFO] - Finding web element from Test Object's properties

03-01-2024T16:44:16 - [MESSAGE][INFO] - Checking timeout

03-01-2024T16:44:16 - [MESSAGE][INFO] - Finding web element with id: 'Object Repository/Connexion Agent/Input_UserNameAgent' located by 'By.xpath: //*[@aria-labelledby="username-label"]' in '5' second(s)

03-01-2024T16:44:16 - [MESSAGE][INFO] - Smart Wait Function is triggered

03-01-2024T16:44:16 - [MESSAGE][INFO] - Found 1 web elements with id: 'Object Repository/Connexion Agent/Input_UserNameAgent' located by 'By.xpath: //*[@aria-labelledby="username-label"]' in '5' second(s)

03-01-2024T16:44:16 - [MESSAGE][INFO] - Setting text of object 'Object Repository/Connexion Agent/Input_UserNameAgent' to value 'anef.cng+qualif.agent.sejour.automatisation@gmail.com'

03-01-2024T16:44:19 - [MESSAGE][PASSED] - Text 'anef.cng+qualif.agent.sejour.automatisation@gmail.com' is set on object 'Object Repository/Connexion Agent/Input_UserNameAgent'

03-01-2024T16:44:19 - [TEST_STEP][PASSED] - setEncryptedText(findTestObject("Object Repository/Connexion Agent/Input_PasswordAgent"), PwAgentQualif): Text ****** has been set on object 'Object Repository/Connexion Agent/Input_PasswordAgent'

03-01-2024T16:44:19 - [MESSAGE][INFO] - Finding Test Object 'Object Repository/Connexion Agent/Input_PasswordAgent'

03-01-2024T16:44:19 - [MESSAGE][INFO] - Checking timeout

03-01-2024T16:44:19 - [MESSAGE][INFO] - Finding web element with id: 'Object Repository/Connexion Agent/Input_PasswordAgent' located by 'By.xpath: //*[@ng-reflect-name="password" and @type ="password" or @id="password"]' in '20' second(s)

03-01-2024T16:44:19 - [MESSAGE][INFO] - Smart Wait Function is triggered

03-01-2024T16:44:19 - [MESSAGE][INFO] - Found 1 web elements with id: 'Object Repository/Connexion Agent/Input_PasswordAgent' located by 'By.xpath: //*[@ng-reflect-name="password" and @type ="password" or @id="password"]' in '20' second(s)

03-01-2024T16:44:19 - [MESSAGE][INFO] - Checking object

03-01-2024T16:44:19 - [MESSAGE][INFO] - Checking text

03-01-2024T16:44:19 - [MESSAGE][INFO] - Finding web element from Test Object's properties

03-01-2024T16:44:19 - [MESSAGE][INFO] - Checking timeout

03-01-2024T16:44:19 - [MESSAGE][INFO] - Finding web element with id: 'Object Repository/Connexion Agent/Input_PasswordAgent' located by 'By.xpath: //*[@ng-reflect-name="password" and @type ="password" or @id="password"]' in '5' second(s)

03-01-2024T16:44:19 - [MESSAGE][INFO] - Smart Wait Function is triggered

03-01-2024T16:44:19 - [MESSAGE][INFO] - Found 1 web elements with id: 'Object Repository/Connexion Agent/Input_PasswordAgent' located by 'By.xpath: //*[@ng-reflect-name="password" and @type ="password" or @id="password"]' in '5' second(s)

03-01-2024T16:44:19 - [MESSAGE][INFO] - Clearing text of object 'Object Repository/Connexion Agent/Input_PasswordAgent'

03-01-2024T16:44:21 - [MESSAGE][INFO] - Setting  text of object 'Object Repository/Connexion Agent/Input_PasswordAgent' to value ******

03-01-2024T16:44:23 - [MESSAGE][PASSED] - Text ****** has been set on object 'Object Repository/Connexion Agent/Input_PasswordAgent'

03-01-2024T16:44:23 - [TEST_STEP][PASSED] - click(findTestObject("Object Repository/Connexion Agent/btn_Valider_Conx_Agent")): Object: 'Object Repository/Connexion Agent/btn_Valider_Conx_Agent' is clicked on

03-01-2024T16:44:23 - [MESSAGE][INFO] - Finding Test Object 'Object Repository/Connexion Agent/btn_Valider_Conx_Agent'

03-01-2024T16:44:23 - [MESSAGE][INFO] - Checking timeout

03-01-2024T16:44:23 - [MESSAGE][INFO] - Finding web element with id: 'Object Repository/Connexion Agent/btn_Valider_Conx_Agent' located by 'By.xpath: //*[@label="Valider"]' in '20' second(s)

03-01-2024T16:44:23 - [MESSAGE][INFO] - Smart Wait Function is triggered

03-01-2024T16:44:23 - [MESSAGE][INFO] - Found 1 web elements with id: 'Object Repository/Connexion Agent/btn_Valider_Conx_Agent' located by 'By.xpath: //*[@label="Valider"]' in '20' second(s)

03-01-2024T16:44:23 - [MESSAGE][INFO] - Checking object

03-01-2024T16:44:23 - [MESSAGE][INFO] - Checking timeout

03-01-2024T16:44:23 - [MESSAGE][INFO] - Finding web element from Test Object's properties

03-01-2024T16:44:23 - [MESSAGE][INFO] - Checking timeout

03-01-2024T16:44:23 - [MESSAGE][INFO] - Finding web element with id: 'Object Repository/Connexion Agent/btn_Valider_Conx_Agent' located by 'By.xpath: //*[@label="Valider"]' in '5' second(s)

03-01-2024T16:44:23 - [MESSAGE][INFO] - Smart Wait Function is triggered

03-01-2024T16:44:23 - [MESSAGE][INFO] - Found 1 web elements with id: 'Object Repository/Connexion Agent/btn_Valider_Conx_Agent' located by 'By.xpath: //*[@label="Valider"]' in '5' second(s)

03-01-2024T16:44:23 - [MESSAGE][INFO] - Clicking on object: 'Object Repository/Connexion Agent/btn_Valider_Conx_Agent'

03-01-2024T16:44:25 - [MESSAGE][PASSED] - Object: 'Object Repository/Connexion Agent/btn_Valider_Conx_Agent' is clicked on

03-01-2024T16:44:25 - [MESSAGE][PASSED] - Call Test Case 'Test Cases/Test Reutilisable/Main/Identification' successfully

03-01-2024T16:44:25 - [TEST_STEP][PASSED] - callTestCase(findTestCase("Test Cases/Test Reutilisable/AgentTraitementDemande/AgentRechercheDemande"), ["NumEtrangerVisa":NumEtrangerVisa], STOP_ON_FAILURE): Call Test Case 'Test Cases/Test Reutilisable/AgentTraitementDemande/AgentRechercheDemande' successfully

03-01-2024T16:44:25 - [MESSAGE][INFO] - Checking called Test Case

03-01-2024T16:44:25 - [MESSAGE][INFO] - Starting to call Test Case 'Test Cases/Test Reutilisable/AgentTraitementDemande/AgentRechercheDemande'

03-01-2024T16:44:25 - [TEST_CASE][PASSED] - Test Cases/Test Reutilisable/AgentTraitementDemande/AgentRechercheDemande: Test Cases/Test Reutilisable/AgentTraitementDemande/AgentRechercheDemande

03-01-2024T16:44:26 - [TEST_STEP][PASSED] - com.kazurayam.ksbackyard.HighlightElement.pandemic(): com.kazurayam.ksbackyard.HighlightElement.pandemic is PASSED

03-01-2024T16:44:26 - [MESSAGE][PASSED] - com.kazurayam.ksbackyard.HighlightElement.pandemic is PASSED

03-01-2024T16:44:26 - [TEST_STEP][PASSED] - callTestCase(findTestCase("Test Cases/Test Reutilisable/AgentTraitementDemande/ConnexionPositionnementSiteDeTraitementAgent"), [:], OPTIONAL): Call Test Case 'Test Cases/Test Reutilisable/AgentTraitementDemande/ConnexionPositionnementSiteDeTraitementAgent' successfully

03-01-2024T16:44:26 - [MESSAGE][INFO] - Checking called Test Case

03-01-2024T16:44:26 - [MESSAGE][INFO] - Starting to call Test Case 'Test Cases/Test Reutilisable/AgentTraitementDemande/ConnexionPositionnementSiteDeTraitementAgent'

03-01-2024T16:44:26 - [TEST_CASE][PASSED] - Test Cases/Test Reutilisable/AgentTraitementDemande/ConnexionPositionnementSiteDeTraitementAgent: Test Cases/Test Reutilisable/AgentTraitementDemande/ConnexionPositionnementSiteDeTraitementAgent

03-01-2024T16:44:26 - [TEST_STEP][PASSED] - com.kazurayam.ksbackyard.HighlightElement.pandemic(): com.kazurayam.ksbackyard.HighlightElement.pandemic is PASSED

03-01-2024T16:44:26 - [MESSAGE][PASSED] - com.kazurayam.ksbackyard.HighlightElement.pandemic is PASSED

03-01-2024T16:44:26 - [TEST_STEP][PASSED] - click(findTestObject("Object Repository/Page_ConnexionPositionnementSiteDeTraitement_Agent/div_App-HeaderAccount-Menu")): Object: 'Object Repository/Page_ConnexionPositionnementSiteDeTraitement_Agent/div_App-HeaderAccount-Menu' is clicked on

03-01-2024T16:44:26 - [MESSAGE][INFO] - Finding Test Object 'Object Repository/Page_ConnexionPositionnementSiteDeTraitement_Agent/div_App-HeaderAccount-Menu'

03-01-2024T16:44:26 - [MESSAGE][INFO] - Checking timeout

03-01-2024T16:44:26 - [MESSAGE][INFO] - Finding web element with id: 'Object Repository/Page_ConnexionPositionnementSiteDeTraitement_Agent/div_App-HeaderAccount-Menu' located by 'By.xpath: //*[@id="app-header"]/div/div[1]/app-account-menu/div/div[1]' in '20' second(s)

03-01-2024T16:44:26 - [MESSAGE][INFO] - Smart Wait Function is triggered

03-01-2024T16:44:26 - [MESSAGE][INFO] - Found 1 web elements with id: 'Object Repository/Page_ConnexionPositionnementSiteDeTraitement_Agent/div_App-HeaderAccount-Menu' located by 'By.xpath: //*[@id="app-header"]/div/div[1]/app-account-menu/div/div[1]' in '20' second(s)

03-01-2024T16:44:26 - [MESSAGE][INFO] - Checking object

03-01-2024T16:44:26 - [MESSAGE][INFO] - Checking timeout

03-01-2024T16:44:26 - [MESSAGE][INFO] - Finding web element from Test Object's properties

03-01-2024T16:44:26 - [MESSAGE][INFO] - Checking timeout

03-01-2024T16:44:26 - [MESSAGE][INFO] - Finding web element with id: 'Object Repository/Page_ConnexionPositionnementSiteDeTraitement_Agent/div_App-HeaderAccount-Menu' located by 'By.xpath: //*[@id="app-header"]/div/div[1]/app-account-menu/div/div[1]' in '5' second(s)

03-01-2024T16:44:26 - [MESSAGE][INFO] - Smart Wait Function is triggered

03-01-2024T16:44:26 - [MESSAGE][INFO] - Found 1 web elements with id: 'Object Repository/Page_ConnexionPositionnementSiteDeTraitement_Agent/div_App-HeaderAccount-Menu' located by 'By.xpath: //*[@id="app-header"]/div/div[1]/app-account-menu/div/div[1]' in '5' second(s)

03-01-2024T16:44:26 - [MESSAGE][INFO] - Clicking on object: 'Object Repository/Page_ConnexionPositionnementSiteDeTraitement_Agent/div_App-HeaderAccount-Menu'

03-01-2024T16:44:29 - [MESSAGE][PASSED] - Object: 'Object Repository/Page_ConnexionPositionnementSiteDeTraitement_Agent/div_App-HeaderAccount-Menu' is clicked on

03-01-2024T16:44:29 - [TEST_STEP][PASSED] - click(findTestObject("Object Repository/Page_ConnexionPositionnementSiteDeTraitement_Agent/span_habilitation")): Object: 'Object Repository/Page_ConnexionPositionnementSiteDeTraitement_Agent/span_habilitation' is clicked on

03-01-2024T16:44:29 - [MESSAGE][INFO] - Finding Test Object 'Object Repository/Page_ConnexionPositionnementSiteDeTraitement_Agent/span_habilitation'

03-01-2024T16:44:29 - [MESSAGE][INFO] - Checking timeout

03-01-2024T16:44:29 - [MESSAGE][INFO] - Finding web element with id: 'Object Repository/Page_ConnexionPositionnementSiteDeTraitement_Agent/span_habilitation' located by 'By.xpath: //*[@id="app-header"]/div/div[1]/app-account-menu/div/div[2]/p-menu/div/ul/li[3]/a/span[2]' in '20' second(s)

03-01-2024T16:44:29 - [MESSAGE][INFO] - Smart Wait Function is triggered

03-01-2024T16:44:29 - [MESSAGE][INFO] - Found 1 web elements with id: 'Object Repository/Page_ConnexionPositionnementSiteDeTraitement_Agent/span_habilitation' located by 'By.xpath: //*[@id="app-header"]/div/div[1]/app-account-menu/div/div[2]/p-menu/div/ul/li[3]/a/span[2]' in '20' second(s)

03-01-2024T16:44:29 - [MESSAGE][INFO] - Checking object

03-01-2024T16:44:29 - [MESSAGE][INFO] - Checking timeout

03-01-2024T16:44:29 - [MESSAGE][INFO] - Finding web element from Test Object's properties

03-01-2024T16:44:29 - [MESSAGE][INFO] - Checking timeout

03-01-2024T16:44:29 - [MESSAGE][INFO] - Finding web element with id: 'Object Repository/Page_ConnexionPositionnementSiteDeTraitement_Agent/span_habilitation' located by 'By.xpath: //*[@id="app-header"]/div/div[1]/app-account-menu/div/div[2]/p-menu/div/ul/li[3]/a/span[2]' in '5' second(s)

03-01-2024T16:44:29 - [MESSAGE][INFO] - Smart Wait Function is triggered

03-01-2024T16:44:29 - [MESSAGE][INFO] - Found 1 web elements with id: 'Object Repository/Page_ConnexionPositionnementSiteDeTraitement_Agent/span_habilitation' located by 'By.xpath: //*[@id="app-header"]/div/div[1]/app-account-menu/div/div[2]/p-menu/div/ul/li[3]/a/span[2]' in '5' second(s)

03-01-2024T16:44:29 - [MESSAGE][INFO] - Clicking on object: 'Object Repository/Page_ConnexionPositionnementSiteDeTraitement_Agent/span_habilitation'

03-01-2024T16:44:31 - [MESSAGE][PASSED] - Object: 'Object Repository/Page_ConnexionPositionnementSiteDeTraitement_Agent/span_habilitation' is clicked on

03-01-2024T16:44:31 - [TEST_STEP][PASSED] - PopUpHabilitations = findTestObject("Object Repository/Page_ConnexionPositionnementSiteDeTraitement_Agent/span_PopupHabilitations"): Finding Test Object 'Object Repository/Page_ConnexionPositionnementSiteDeTraitement_Agent/span_PopupHabilitations'

03-01-2024T16:44:31 - [MESSAGE][INFO] - Finding Test Object 'Object Repository/Page_ConnexionPositionnementSiteDeTraitement_Agent/span_PopupHabilitations'

03-01-2024T16:44:31 - [TEST_STEP][PASSED] - verifyElementPresent(PopUpHabilitations, 1): Object 'Object Repository/Page_ConnexionPositionnementSiteDeTraitement_Agent/span_PopupHabilitations' is present

03-01-2024T16:44:31 - [MESSAGE][INFO] - Checking object

03-01-2024T16:44:31 - [MESSAGE][INFO] - Finding web element from Test Object's properties

03-01-2024T16:44:31 - [MESSAGE][INFO] - Checking timeout

03-01-2024T16:44:31 - [MESSAGE][INFO] - Finding web element with id: 'Object Repository/Page_ConnexionPositionnementSiteDeTraitement_Agent/span_PopupHabilitations' located by 'By.xpath: //*[@id="ui-dialog-9-label"]/p-header/div[1]' in '1' second(s)

03-01-2024T16:44:31 - [MESSAGE][INFO] - Smart Wait Function is triggered

03-01-2024T16:44:31 - [MESSAGE][INFO] - Found 1 web elements with id: 'Object Repository/Page_ConnexionPositionnementSiteDeTraitement_Agent/span_PopupHabilitations' located by 'By.xpath: //*[@id="ui-dialog-9-label"]/p-header/div[1]' in '1' second(s)

03-01-2024T16:44:31 - [MESSAGE][PASSED] - Object 'Object Repository/Page_ConnexionPositionnementSiteDeTraitement_Agent/span_PopupHabilitations' is present

03-01-2024T16:44:31 - [TEST_STEP][PASSED] - TitrePopUpAfficherCommentaires = getText(PopUpHabilitations): Text of object 'Object Repository/Page_ConnexionPositionnementSiteDeTraitement_Agent/span_PopupHabilitations' is: 'HABILITATIONS'

03-01-2024T16:44:31 - [MESSAGE][INFO] - Checking object

03-01-2024T16:44:31 - [MESSAGE][INFO] - Finding web element from Test Object's properties

03-01-2024T16:44:31 - [MESSAGE][INFO] - Checking timeout

03-01-2024T16:44:31 - [MESSAGE][INFO] - Finding web element with id: 'Object Repository/Page_ConnexionPositionnementSiteDeTraitement_Agent/span_PopupHabilitations' located by 'By.xpath: //*[@id="ui-dialog-9-label"]/p-header/div[1]' in '5' second(s)

03-01-2024T16:44:31 - [MESSAGE][INFO] - Smart Wait Function is triggered

03-01-2024T16:44:31 - [MESSAGE][INFO] - Found 1 web elements with id: 'Object Repository/Page_ConnexionPositionnementSiteDeTraitement_Agent/span_PopupHabilitations' located by 'By.xpath: //*[@id="ui-dialog-9-label"]/p-header/div[1]' in '5' second(s)

03-01-2024T16:44:31 - [MESSAGE][INFO] - Getting text of object 'Object Repository/Page_ConnexionPositionnementSiteDeTraitement_Agent/span_PopupHabilitations'

03-01-2024T16:44:31 - [MESSAGE][PASSED] - Text of object 'Object Repository/Page_ConnexionPositionnementSiteDeTraitement_Agent/span_PopupHabilitations' is: 'HABILITATIONS'

03-01-2024T16:44:31 - [TEST_STEP][PASSED] - if (!(TitrePopUpAfficherCommentaires.contains("HABILITATIONS"))): null

03-01-2024T16:44:31 - [TEST_STEP][PASSED] - else: Le Titre de PopUp est bien Affiché : HABILITATIONS.

03-01-2024T16:44:31 - [TEST_STEP][PASSED] - markPassed("Le Titre de PopUp est bien Affiché : HABILITATIONS."): Le Titre de PopUp est bien Affiché : HABILITATIONS.

03-01-2024T16:44:31 - [MESSAGE][PASSED] - Le Titre de PopUp est bien Affiché : HABILITATIONS.

03-01-2024T16:44:31 - [TEST_STEP][PASSED] - if (TypeTitreDeSejour == "RenouvellementDeTitreSéjour" || TypeTitreDeSejour == "Visiteur"): Delayed 3 second(s)

03-01-2024T16:44:31 - [TEST_STEP][PASSED] - RoleEncadreurSite7701 = findTestObject("Object Repository/Page_ConnexionPositionnementSiteDeTraitement_Agent/CheckBox_RoleEncadreurSite7701"): Finding Test Object 'Object Repository/Page_ConnexionPositionnementSiteDeTraitement_Agent/CheckBox_RoleEncadreurSite7701'

03-01-2024T16:44:31 - [MESSAGE][INFO] - Finding Test Object 'Object Repository/Page_ConnexionPositionnementSiteDeTraitement_Agent/CheckBox_RoleEncadreurSite7701'

03-01-2024T16:44:31 - [TEST_STEP][PASSED] - verifyElementPresent(RoleEncadreurSite7701, 1): Object 'Object Repository/Page_ConnexionPositionnementSiteDeTraitement_Agent/CheckBox_RoleEncadreurSite7701' is present

03-01-2024T16:44:31 - [MESSAGE][INFO] - Checking object

03-01-2024T16:44:31 - [MESSAGE][INFO] - Finding web element from Test Object's properties

03-01-2024T16:44:31 - [MESSAGE][INFO] - Checking timeout

03-01-2024T16:44:31 - [MESSAGE][INFO] - Finding web element with id: 'Object Repository/Page_ConnexionPositionnementSiteDeTraitement_Agent/CheckBox_RoleEncadreurSite7701' located by 'By.xpath: /html/body/div[1]/div[2]/div[2]/div[1]/div/div[1]/p-radiobutton/div/div[2]/span' in '1' second(s)

03-01-2024T16:44:31 - [MESSAGE][INFO] - Smart Wait Function is triggered

03-01-2024T16:44:31 - [MESSAGE][INFO] - Found 1 web elements with id: 'Object Repository/Page_ConnexionPositionnementSiteDeTraitement_Agent/CheckBox_RoleEncadreurSite7701' located by 'By.xpath: /html/body/div[1]/div[2]/div[2]/div[1]/div/div[1]/p-radiobutton/div/div[2]/span' in '1' second(s)

03-01-2024T16:44:31 - [MESSAGE][PASSED] - Object 'Object Repository/Page_ConnexionPositionnementSiteDeTraitement_Agent/CheckBox_RoleEncadreurSite7701' is present

03-01-2024T16:44:31 - [TEST_STEP][PASSED] - ValiderHabilitations = findTestObject("Object Repository/Page_ConnexionPositionnementSiteDeTraitement_Agent/btn_Habilitations_Valider"): Finding Test Object 'Object Repository/Page_ConnexionPositionnementSiteDeTraitement_Agent/btn_Habilitations_Valider'

03-01-2024T16:44:31 - [MESSAGE][INFO] - Finding Test Object 'Object Repository/Page_ConnexionPositionnementSiteDeTraitement_Agent/btn_Habilitations_Valider'

03-01-2024T16:44:31 - [TEST_STEP][PASSED] - verifyElementPresent(ValiderHabilitations, 1): Object 'Object Repository/Page_ConnexionPositionnementSiteDeTraitement_Agent/btn_Habilitations_Valider' is present

03-01-2024T16:44:31 - [MESSAGE][INFO] - Checking object

03-01-2024T16:44:31 - [MESSAGE][INFO] - Finding web element from Test Object's properties

03-01-2024T16:44:31 - [MESSAGE][INFO] - Checking timeout

03-01-2024T16:44:31 - [MESSAGE][INFO] - Finding web element with id: 'Object Repository/Page_ConnexionPositionnementSiteDeTraitement_Agent/btn_Habilitations_Valider' located by 'By.xpath: /html/body/div[1]/div[3]/p-footer/button[2]' in '1' second(s)

03-01-2024T16:44:31 - [MESSAGE][INFO] - Smart Wait Function is triggered

03-01-2024T16:44:31 - [MESSAGE][INFO] - Found 1 web elements with id: 'Object Repository/Page_ConnexionPositionnementSiteDeTraitement_Agent/btn_Habilitations_Valider' located by 'By.xpath: /html/body/div[1]/div[3]/p-footer/button[2]' in '1' second(s)

03-01-2024T16:44:31 - [MESSAGE][PASSED] - Object 'Object Repository/Page_ConnexionPositionnementSiteDeTraitement_Agent/btn_Habilitations_Valider' is present

03-01-2024T16:44:31 - [TEST_STEP][PASSED] - click(RoleEncadreurSite7701): Object: 'Object Repository/Page_ConnexionPositionnementSiteDeTraitement_Agent/CheckBox_RoleEncadreurSite7701' is clicked on

03-01-2024T16:44:31 - [MESSAGE][INFO] - Checking timeout

03-01-2024T16:44:31 - [MESSAGE][INFO] - Finding web element with id: 'Object Repository/Page_ConnexionPositionnementSiteDeTraitement_Agent/CheckBox_RoleEncadreurSite7701' located by 'By.xpath: /html/body/div[1]/div[2]/div[2]/div[1]/div/div[1]/p-radiobutton/div/div[2]/span' in '20' second(s)

03-01-2024T16:44:31 - [MESSAGE][INFO] - Smart Wait Function is triggered

03-01-2024T16:44:31 - [MESSAGE][INFO] - Found 1 web elements with id: 'Object Repository/Page_ConnexionPositionnementSiteDeTraitement_Agent/CheckBox_RoleEncadreurSite7701' located by 'By.xpath: /html/body/div[1]/div[2]/div[2]/div[1]/div/div[1]/p-radiobutton/div/div[2]/span' in '20' second(s)

03-01-2024T16:44:31 - [MESSAGE][INFO] - Checking object

03-01-2024T16:44:31 - [MESSAGE][INFO] - Checking timeout

03-01-2024T16:44:31 - [MESSAGE][INFO] - Finding web element from Test Object's properties

03-01-2024T16:44:31 - [MESSAGE][INFO] - Checking timeout

03-01-2024T16:44:31 - [MESSAGE][INFO] - Finding web element with id: 'Object Repository/Page_ConnexionPositionnementSiteDeTraitement_Agent/CheckBox_RoleEncadreurSite7701' located by 'By.xpath: /html/body/div[1]/div[2]/div[2]/div[1]/div/div[1]/p-radiobutton/div/div[2]/span' in '5' second(s)

03-01-2024T16:44:31 - [MESSAGE][INFO] - Smart Wait Function is triggered

03-01-2024T16:44:31 - [MESSAGE][INFO] - Found 1 web elements with id: 'Object Repository/Page_ConnexionPositionnementSiteDeTraitement_Agent/CheckBox_RoleEncadreurSite7701' located by 'By.xpath: /html/body/div[1]/div[2]/div[2]/div[1]/div/div[1]/p-radiobutton/div/div[2]/span' in '5' second(s)

03-01-2024T16:44:31 - [MESSAGE][INFO] - Clicking on object: 'Object Repository/Page_ConnexionPositionnementSiteDeTraitement_Agent/CheckBox_RoleEncadreurSite7701'

03-01-2024T16:44:33 - [MESSAGE][PASSED] - Object: 'Object Repository/Page_ConnexionPositionnementSiteDeTraitement_Agent/CheckBox_RoleEncadreurSite7701' is clicked on

03-01-2024T16:44:33 - [TEST_STEP][PASSED] - delay(3): Delayed 3 second(s)

03-01-2024T16:44:33 - [MESSAGE][INFO] - Delaying browser in 3 second(s)

03-01-2024T16:44:36 - [MESSAGE][PASSED] - Delayed 3 second(s)

03-01-2024T16:44:36 - [TEST_STEP][PASSED] - Disabled = getAttribute(ValiderHabilitations, "disabled"): Attribute 'disabled' of object 'Object Repository/Page_ConnexionPositionnementSiteDeTraitement_Agent/btn_Habilitations_Valider' is: 'true'

03-01-2024T16:44:36 - [MESSAGE][INFO] - Checking object

03-01-2024T16:44:36 - [MESSAGE][INFO] - Checking attribute

03-01-2024T16:44:36 - [MESSAGE][INFO] - Finding web element from Test Object's properties

03-01-2024T16:44:36 - [MESSAGE][INFO] - Checking timeout

03-01-2024T16:44:36 - [MESSAGE][INFO] - Finding web element with id: 'Object Repository/Page_ConnexionPositionnementSiteDeTraitement_Agent/btn_Habilitations_Valider' located by 'By.xpath: /html/body/div[1]/div[3]/p-footer/button[2]' in '5' second(s)

03-01-2024T16:44:36 - [MESSAGE][INFO] - Smart Wait Function is triggered

03-01-2024T16:44:36 - [MESSAGE][INFO] - Found 1 web elements with id: 'Object Repository/Page_ConnexionPositionnementSiteDeTraitement_Agent/btn_Habilitations_Valider' located by 'By.xpath: /html/body/div[1]/div[3]/p-footer/button[2]' in '5' second(s)

03-01-2024T16:44:36 - [MESSAGE][INFO] - Getting attribute 'disabled' of object 'Object Repository/Page_ConnexionPositionnementSiteDeTraitement_Agent/btn_Habilitations_Valider'

03-01-2024T16:44:36 - [MESSAGE][PASSED] - Attribute 'disabled' of object 'Object Repository/Page_ConnexionPositionnementSiteDeTraitement_Agent/btn_Habilitations_Valider' is: 'true'

03-01-2024T16:44:36 - [TEST_STEP][PASSED] - delay(3): Delayed 3 second(s)

03-01-2024T16:44:36 - [MESSAGE][INFO] - Delaying browser in 3 second(s)

03-01-2024T16:44:39 - [MESSAGE][PASSED] - Delayed 3 second(s)

03-01-2024T16:44:39 - [TEST_STEP][PASSED] - if (Disabled == false): null

03-01-2024T16:44:39 - [TEST_STEP][PASSED] - else: Delayed 3 second(s)

03-01-2024T16:44:39 - [TEST_STEP][PASSED] - AnnulerHabilitations = findTestObject("Object Repository/Page_ConnexionPositionnementSiteDeTraitement_Agent/btn_Habilitations_Annuler"): Finding Test Object 'Object Repository/Page_ConnexionPositionnementSiteDeTraitement_Agent/btn_Habilitations_Annuler'

03-01-2024T16:44:39 - [MESSAGE][INFO] - Finding Test Object 'Object Repository/Page_ConnexionPositionnementSiteDeTraitement_Agent/btn_Habilitations_Annuler'

03-01-2024T16:44:39 - [TEST_STEP][PASSED] - verifyElementPresent(AnnulerHabilitations, 1): Object 'Object Repository/Page_ConnexionPositionnementSiteDeTraitement_Agent/btn_Habilitations_Annuler' is present

03-01-2024T16:44:39 - [MESSAGE][INFO] - Checking object

03-01-2024T16:44:39 - [MESSAGE][INFO] - Finding web element from Test Object's properties

03-01-2024T16:44:39 - [MESSAGE][INFO] - Checking timeout

03-01-2024T16:44:39 - [MESSAGE][INFO] - Finding web element with id: 'Object Repository/Page_ConnexionPositionnementSiteDeTraitement_Agent/btn_Habilitations_Annuler' located by 'By.xpath: /html/body/div[1]/div[3]/p-footer/button[1]/span' in '1' second(s)

03-01-2024T16:44:39 - [MESSAGE][INFO] - Smart Wait Function is triggered

03-01-2024T16:44:39 - [MESSAGE][INFO] - Found 1 web elements with id: 'Object Repository/Page_ConnexionPositionnementSiteDeTraitement_Agent/btn_Habilitations_Annuler' located by 'By.xpath: /html/body/div[1]/div[3]/p-footer/button[1]/span' in '1' second(s)

03-01-2024T16:44:39 - [MESSAGE][PASSED] - Object 'Object Repository/Page_ConnexionPositionnementSiteDeTraitement_Agent/btn_Habilitations_Annuler' is present

03-01-2024T16:44:39 - [TEST_STEP][PASSED] - click(AnnulerHabilitations): Object: 'Object Repository/Page_ConnexionPositionnementSiteDeTraitement_Agent/btn_Habilitations_Annuler' is clicked on

03-01-2024T16:44:39 - [MESSAGE][INFO] - Checking timeout

03-01-2024T16:44:39 - [MESSAGE][INFO] - Finding web element with id: 'Object Repository/Page_ConnexionPositionnementSiteDeTraitement_Agent/btn_Habilitations_Annuler' located by 'By.xpath: /html/body/div[1]/div[3]/p-footer/button[1]/span' in '20' second(s)

03-01-2024T16:44:39 - [MESSAGE][INFO] - Smart Wait Function is triggered

03-01-2024T16:44:39 - [MESSAGE][INFO] - Found 1 web elements with id: 'Object Repository/Page_ConnexionPositionnementSiteDeTraitement_Agent/btn_Habilitations_Annuler' located by 'By.xpath: /html/body/div[1]/div[3]/p-footer/button[1]/span' in '20' second(s)

03-01-2024T16:44:39 - [MESSAGE][INFO] - Checking object

03-01-2024T16:44:39 - [MESSAGE][INFO] - Checking timeout

03-01-2024T16:44:39 - [MESSAGE][INFO] - Finding web element from Test Object's properties

03-01-2024T16:44:39 - [MESSAGE][INFO] - Checking timeout

03-01-2024T16:44:39 - [MESSAGE][INFO] - Finding web element with id: 'Object Repository/Page_ConnexionPositionnementSiteDeTraitement_Agent/btn_Habilitations_Annuler' located by 'By.xpath: /html/body/div[1]/div[3]/p-footer/button[1]/span' in '5' second(s)

03-01-2024T16:44:39 - [MESSAGE][INFO] - Smart Wait Function is triggered

03-01-2024T16:44:40 - [MESSAGE][INFO] - Found 1 web elements with id: 'Object Repository/Page_ConnexionPositionnementSiteDeTraitement_Agent/btn_Habilitations_Annuler' located by 'By.xpath: /html/body/div[1]/div[3]/p-footer/button[1]/span' in '5' second(s)

03-01-2024T16:44:40 - [MESSAGE][INFO] - Clicking on object: 'Object Repository/Page_ConnexionPositionnementSiteDeTraitement_Agent/btn_Habilitations_Annuler'

03-01-2024T16:44:42 - [MESSAGE][PASSED] - Object: 'Object Repository/Page_ConnexionPositionnementSiteDeTraitement_Agent/btn_Habilitations_Annuler' is clicked on

03-01-2024T16:44:42 - [TEST_STEP][PASSED] - click(findTestObject("Object Repository/Page_Accueil_Agent/span_DemandeDeTitreDeSejour")): Object: 'Object Repository/Page_Accueil_Agent/span_DemandeDeTitreDeSejour' is clicked on

03-01-2024T16:44:42 - [MESSAGE][INFO] - Finding Test Object 'Object Repository/Page_Accueil_Agent/span_DemandeDeTitreDeSejour'

03-01-2024T16:44:42 - [MESSAGE][INFO] - Checking timeout

03-01-2024T16:44:42 - [MESSAGE][INFO] - Finding web element with id: 'Object Repository/Page_Accueil_Agent/span_DemandeDeTitreDeSejour' located by 'By.xpath: //span[text()=' Demandes de titre de séjour ']' in '20' second(s)

03-01-2024T16:44:42 - [MESSAGE][INFO] - Smart Wait Function is triggered

03-01-2024T16:44:42 - [MESSAGE][INFO] - Found 1 web elements with id: 'Object Repository/Page_Accueil_Agent/span_DemandeDeTitreDeSejour' located by 'By.xpath: //span[text()=' Demandes de titre de séjour ']' in '20' second(s)

03-01-2024T16:44:42 - [MESSAGE][INFO] - Checking object

03-01-2024T16:44:42 - [MESSAGE][INFO] - Checking timeout

03-01-2024T16:44:42 - [MESSAGE][INFO] - Finding web element from Test Object's properties

03-01-2024T16:44:42 - [MESSAGE][INFO] - Checking timeout

03-01-2024T16:44:42 - [MESSAGE][INFO] - Finding web element with id: 'Object Repository/Page_Accueil_Agent/span_DemandeDeTitreDeSejour' located by 'By.xpath: //span[text()=' Demandes de titre de séjour ']' in '5' second(s)

03-01-2024T16:44:42 - [MESSAGE][INFO] - Smart Wait Function is triggered

03-01-2024T16:44:42 - [MESSAGE][INFO] - Found 1 web elements with id: 'Object Repository/Page_Accueil_Agent/span_DemandeDeTitreDeSejour' located by 'By.xpath: //span[text()=' Demandes de titre de séjour ']' in '5' second(s)

03-01-2024T16:44:42 - [MESSAGE][INFO] - Clicking on object: 'Object Repository/Page_Accueil_Agent/span_DemandeDeTitreDeSejour'

03-01-2024T16:44:44 - [MESSAGE][PASSED] - Object: 'Object Repository/Page_Accueil_Agent/span_DemandeDeTitreDeSejour' is clicked on

03-01-2024T16:44:44 - [TEST_STEP][PASSED] - delay(3): Delayed 3 second(s)

03-01-2024T16:44:44 - [MESSAGE][INFO] - Delaying browser in 3 second(s)

03-01-2024T16:44:47 - [MESSAGE][PASSED] - Delayed 3 second(s)

03-01-2024T16:44:47 - [TEST_STEP][PASSED] - if (TypeTitreDeSejour == "TS-PT-SalariéQualifié"): null

03-01-2024T16:44:47 - [TEST_STEP][PASSED] - delay(5): Delayed 5 second(s)

03-01-2024T16:44:47 - [MESSAGE][INFO] - Delaying browser in 5 second(s)

03-01-2024T16:44:52 - [MESSAGE][PASSED] - Delayed 5 second(s)

03-01-2024T16:44:52 - [MESSAGE][PASSED] - Call Test Case 'Test Cases/Test Reutilisable/AgentTraitementDemande/ConnexionPositionnementSiteDeTraitementAgent' successfully

03-01-2024T16:44:52 - [TEST_STEP][PASSED] - click(findTestObject("Object Repository/Page_Accueil_Agent/span_Liste_MesDemandes")): Object: 'Object Repository/Page_Accueil_Agent/span_Liste_MesDemandes' is clicked on

03-01-2024T16:44:52 - [MESSAGE][INFO] - Finding Test Object 'Object Repository/Page_Accueil_Agent/span_Liste_MesDemandes'

03-01-2024T16:44:52 - [MESSAGE][INFO] - Checking timeout

03-01-2024T16:44:52 - [MESSAGE][INFO] - Finding web element with id: 'Object Repository/Page_Accueil_Agent/span_Liste_MesDemandes' located by 'By.xpath: //app-navigation-layout//app-demandes-sejour//div//p-accordiontab[3]/div[1]/a/p-header/div' in '20' second(s)

03-01-2024T16:44:52 - [MESSAGE][INFO] - Smart Wait Function is triggered

03-01-2024T16:44:52 - [MESSAGE][INFO] - Found 1 web elements with id: 'Object Repository/Page_Accueil_Agent/span_Liste_MesDemandes' located by 'By.xpath: //app-navigation-layout//app-demandes-sejour//div//p-accordiontab[3]/div[1]/a/p-header/div' in '20' second(s)

03-01-2024T16:44:52 - [MESSAGE][INFO] - Checking object

03-01-2024T16:44:52 - [MESSAGE][INFO] - Checking timeout

03-01-2024T16:44:52 - [MESSAGE][INFO] - Finding web element from Test Object's properties

03-01-2024T16:44:52 - [MESSAGE][INFO] - Checking timeout

03-01-2024T16:44:52 - [MESSAGE][INFO] - Finding web element with id: 'Object Repository/Page_Accueil_Agent/span_Liste_MesDemandes' located by 'By.xpath: //app-navigation-layout//app-demandes-sejour//div//p-accordiontab[3]/div[1]/a/p-header/div' in '5' second(s)

03-01-2024T16:44:52 - [MESSAGE][INFO] - Smart Wait Function is triggered

03-01-2024T16:44:52 - [MESSAGE][INFO] - Found 1 web elements with id: 'Object Repository/Page_Accueil_Agent/span_Liste_MesDemandes' located by 'By.xpath: //app-navigation-layout//app-demandes-sejour//div//p-accordiontab[3]/div[1]/a/p-header/div' in '5' second(s)

03-01-2024T16:44:52 - [MESSAGE][INFO] - Clicking on object: 'Object Repository/Page_Accueil_Agent/span_Liste_MesDemandes'

03-01-2024T16:44:54 - [MESSAGE][PASSED] - Object: 'Object Repository/Page_Accueil_Agent/span_Liste_MesDemandes' is clicked on

03-01-2024T16:44:54 - [TEST_STEP][PASSED] - click(findTestObject("Object Repository/Page_Accueil_Agent/a_link_TitreDeSejour")): Object: 'Object Repository/Page_Accueil_Agent/a_link_TitreDeSejour' is clicked on

03-01-2024T16:44:54 - [MESSAGE][INFO] - Finding Test Object 'Object Repository/Page_Accueil_Agent/a_link_TitreDeSejour'

03-01-2024T16:44:54 - [MESSAGE][INFO] - Checking timeout

03-01-2024T16:44:54 - [MESSAGE][INFO] - Finding web element with id: 'Object Repository/Page_Accueil_Agent/a_link_TitreDeSejour' located by 'By.xpath: //app-navigation-layout//app-demandes-sejour//div//p-accordiontab[3]/div[2]/div/a[1]' in '20' second(s)

03-01-2024T16:44:54 - [MESSAGE][INFO] - Smart Wait Function is triggered

03-01-2024T16:44:54 - [MESSAGE][INFO] - Found 1 web elements with id: 'Object Repository/Page_Accueil_Agent/a_link_TitreDeSejour' located by 'By.xpath: //app-navigation-layout//app-demandes-sejour//div//p-accordiontab[3]/div[2]/div/a[1]' in '20' second(s)

03-01-2024T16:44:54 - [MESSAGE][INFO] - Checking object

03-01-2024T16:44:54 - [MESSAGE][INFO] - Checking timeout

03-01-2024T16:44:54 - [MESSAGE][INFO] - Finding web element from Test Object's properties

03-01-2024T16:44:54 - [MESSAGE][INFO] - Checking timeout

03-01-2024T16:44:54 - [MESSAGE][INFO] - Finding web element with id: 'Object Repository/Page_Accueil_Agent/a_link_TitreDeSejour' located by 'By.xpath: //app-navigation-layout//app-demandes-sejour//div//p-accordiontab[3]/div[2]/div/a[1]' in '5' second(s)

03-01-2024T16:44:54 - [MESSAGE][INFO] - Smart Wait Function is triggered

03-01-2024T16:44:54 - [MESSAGE][INFO] - Found 1 web elements with id: 'Object Repository/Page_Accueil_Agent/a_link_TitreDeSejour' located by 'By.xpath: //app-navigation-layout//app-demandes-sejour//div//p-accordiontab[3]/div[2]/div/a[1]' in '5' second(s)

03-01-2024T16:44:54 - [MESSAGE][INFO] - Clicking on object: 'Object Repository/Page_Accueil_Agent/a_link_TitreDeSejour'

03-01-2024T16:44:56 - [MESSAGE][PASSED] - Object: 'Object Repository/Page_Accueil_Agent/a_link_TitreDeSejour' is clicked on

03-01-2024T16:44:56 - [TEST_STEP][PASSED] - setText(findTestObject("Object Repository/Page_Accueil_Agent/Input_RechercherUneDemande"), NumEtrangerVisa): Text '7703043876' is set on object 'Object Repository/Page_Accueil_Agent/Input_RechercherUneDemande'

03-01-2024T16:44:56 - [MESSAGE][INFO] - Finding Test Object 'Object Repository/Page_Accueil_Agent/Input_RechercherUneDemande'

03-01-2024T16:44:56 - [MESSAGE][INFO] - Checking timeout

03-01-2024T16:44:56 - [MESSAGE][INFO] - Finding web element with id: 'Object Repository/Page_Accueil_Agent/Input_RechercherUneDemande' located by 'By.xpath: //*[@placeholder="Rechercher une demande"]' in '20' second(s)

03-01-2024T16:44:56 - [MESSAGE][INFO] - Smart Wait Function is triggered

03-01-2024T16:44:56 - [MESSAGE][INFO] - Found 1 web elements with id: 'Object Repository/Page_Accueil_Agent/Input_RechercherUneDemande' located by 'By.xpath: //*[@placeholder="Rechercher une demande"]' in '20' second(s)

03-01-2024T16:44:56 - [MESSAGE][INFO] - Checking object

03-01-2024T16:44:56 - [MESSAGE][INFO] - Checking text

03-01-2024T16:44:56 - [MESSAGE][INFO] - Finding web element from Test Object's properties

03-01-2024T16:44:56 - [MESSAGE][INFO] - Checking timeout

03-01-2024T16:44:56 - [MESSAGE][INFO] - Finding web element with id: 'Object Repository/Page_Accueil_Agent/Input_RechercherUneDemande' located by 'By.xpath: //*[@placeholder="Rechercher une demande"]' in '5' second(s)

03-01-2024T16:44:56 - [MESSAGE][INFO] - Smart Wait Function is triggered

03-01-2024T16:44:56 - [MESSAGE][INFO] - Found 1 web elements with id: 'Object Repository/Page_Accueil_Agent/Input_RechercherUneDemande' located by 'By.xpath: //*[@placeholder="Rechercher une demande"]' in '5' second(s)

03-01-2024T16:44:56 - [MESSAGE][INFO] - Clearing text of object 'Object Repository/Page_Accueil_Agent/Input_RechercherUneDemande'

03-01-2024T16:44:58 - [MESSAGE][INFO] - Finding web element from Test Object's properties

03-01-2024T16:44:58 - [MESSAGE][INFO] - Checking timeout

03-01-2024T16:44:58 - [MESSAGE][INFO] - Finding web element with id: 'Object Repository/Page_Accueil_Agent/Input_RechercherUneDemande' located by 'By.xpath: //*[@placeholder="Rechercher une demande"]' in '5' second(s)

03-01-2024T16:44:58 - [MESSAGE][INFO] - Smart Wait Function is triggered

03-01-2024T16:44:58 - [MESSAGE][INFO] - Found 1 web elements with id: 'Object Repository/Page_Accueil_Agent/Input_RechercherUneDemande' located by 'By.xpath: //*[@placeholder="Rechercher une demande"]' in '5' second(s)

03-01-2024T16:44:58 - [MESSAGE][INFO] - Setting text of object 'Object Repository/Page_Accueil_Agent/Input_RechercherUneDemande' to value '7703043876'

03-01-2024T16:45:00 - [MESSAGE][PASSED] - Text '7703043876' is set on object 'Object Repository/Page_Accueil_Agent/Input_RechercherUneDemande'

03-01-2024T16:45:00 - [TEST_STEP][PASSED] - delay(3): Delayed 3 second(s)

03-01-2024T16:45:00 - [MESSAGE][INFO] - Delaying browser in 3 second(s)

03-01-2024T16:45:03 - [MESSAGE][PASSED] - Delayed 3 second(s)

03-01-2024T16:45:03 - [TEST_STEP][PASSED] - ActuelleAffectation = findTestObject("Object Repository/Page_Accueil_Agent/Lib_ActuelleAffectation"): Finding Test Object 'Object Repository/Page_Accueil_Agent/Lib_ActuelleAffectation'

03-01-2024T16:45:03 - [MESSAGE][INFO] - Finding Test Object 'Object Repository/Page_Accueil_Agent/Lib_ActuelleAffectation'

03-01-2024T16:45:04 - [TEST_STEP][PASSED] - TitreActuelleAffectation = getText(ActuelleAffectation, OPTIONAL): Text of object 'Object Repository/Page_Accueil_Agent/Lib_ActuelleAffectation' is: 'AUTOMATISATION
AGENT SEJOUR'

03-01-2024T16:45:04 - [MESSAGE][INFO] - Checking object

03-01-2024T16:45:04 - [MESSAGE][INFO] - Finding web element from Test Object's properties

03-01-2024T16:45:04 - [MESSAGE][INFO] - Checking timeout

03-01-2024T16:45:04 - [MESSAGE][INFO] - Finding web element with id: 'Object Repository/Page_Accueil_Agent/Lib_ActuelleAffectation' located by 'By.xpath: //*[@id="content"]/app-demandes-sejour/div/div[2]/app-demande-table/div[2]/p-table/div/div/table/tbody/tr/td[11]' in '5' second(s)

03-01-2024T16:45:04 - [MESSAGE][INFO] - Smart Wait Function is triggered

03-01-2024T16:45:04 - [MESSAGE][INFO] - Found 1 web elements with id: 'Object Repository/Page_Accueil_Agent/Lib_ActuelleAffectation' located by 'By.xpath: //*[@id="content"]/app-demandes-sejour/div/div[2]/app-demande-table/div[2]/p-table/div/div/table/tbody/tr/td[11]' in '5' second(s)

03-01-2024T16:45:04 - [MESSAGE][INFO] - Getting text of object 'Object Repository/Page_Accueil_Agent/Lib_ActuelleAffectation'

03-01-2024T16:45:04 - [MESSAGE][PASSED] - Text of object 'Object Repository/Page_Accueil_Agent/Lib_ActuelleAffectation' is: 'AUTOMATISATION
AGENT SEJOUR'

03-01-2024T16:45:04 - [TEST_STEP][PASSED] - ExistActuelleAffectation = TitreActuelleAffectation.contains("AGENT SEJOUR"): null

03-01-2024T16:45:04 - [TEST_STEP][PASSED] - println("ExistActuelleAffectation=" + ExistActuelleAffectation): null

03-01-2024T16:45:04 - [TEST_STEP][PASSED] - if (ExistActuelleAffectation == false): null

03-01-2024T16:45:04 - [TEST_STEP][PASSED] - delay(3): Delayed 3 second(s)

03-01-2024T16:45:04 - [MESSAGE][INFO] - Delaying browser in 3 second(s)

03-01-2024T16:45:07 - [MESSAGE][PASSED] - Delayed 3 second(s)

03-01-2024T16:45:07 - [TEST_STEP][PASSED] - click(findTestObject("Object Repository/Page_Accueil_Agent/div_Tab_tr1NumDemande"), OPTIONAL): Object: 'Object Repository/Page_Accueil_Agent/div_Tab_tr1NumDemande' is clicked on

03-01-2024T16:45:07 - [MESSAGE][INFO] - Finding Test Object 'Object Repository/Page_Accueil_Agent/div_Tab_tr1NumDemande'

03-01-2024T16:45:07 - [MESSAGE][INFO] - Checking timeout

03-01-2024T16:45:07 - [MESSAGE][INFO] - Finding web element with id: 'Object Repository/Page_Accueil_Agent/div_Tab_tr1NumDemande' located by 'By.xpath: //*[@id="content"]/app-demandes-sejour/div/div[2]/app-demande-table/div[2]/p-table/div/div/table/tbody/tr/*/button' in '20' second(s)

03-01-2024T16:45:07 - [MESSAGE][INFO] - Smart Wait Function is triggered

03-01-2024T16:45:07 - [MESSAGE][INFO] - Found 1 web elements with id: 'Object Repository/Page_Accueil_Agent/div_Tab_tr1NumDemande' located by 'By.xpath: //*[@id="content"]/app-demandes-sejour/div/div[2]/app-demande-table/div[2]/p-table/div/div/table/tbody/tr/*/button' in '20' second(s)

03-01-2024T16:45:07 - [MESSAGE][INFO] - Checking object

03-01-2024T16:45:07 - [MESSAGE][INFO] - Checking timeout

03-01-2024T16:45:07 - [MESSAGE][INFO] - Finding web element from Test Object's properties

03-01-2024T16:45:07 - [MESSAGE][INFO] - Checking timeout

03-01-2024T16:45:07 - [MESSAGE][INFO] - Finding web element with id: 'Object Repository/Page_Accueil_Agent/div_Tab_tr1NumDemande' located by 'By.xpath: //*[@id="content"]/app-demandes-sejour/div/div[2]/app-demande-table/div[2]/p-table/div/div/table/tbody/tr/*/button' in '5' second(s)

03-01-2024T16:45:07 - [MESSAGE][INFO] - Smart Wait Function is triggered

03-01-2024T16:45:07 - [MESSAGE][INFO] - Found 1 web elements with id: 'Object Repository/Page_Accueil_Agent/div_Tab_tr1NumDemande' located by 'By.xpath: //*[@id="content"]/app-demandes-sejour/div/div[2]/app-demande-table/div[2]/p-table/div/div/table/tbody/tr/*/button' in '5' second(s)

03-01-2024T16:45:07 - [MESSAGE][INFO] - Clicking on object: 'Object Repository/Page_Accueil_Agent/div_Tab_tr1NumDemande'

03-01-2024T16:45:09 - [MESSAGE][PASSED] - Object: 'Object Repository/Page_Accueil_Agent/div_Tab_tr1NumDemande' is clicked on

03-01-2024T16:45:09 - [TEST_STEP][PASSED] - click(findTestObject("Object Repository/Page_Accueil_Agent/span_VoirLaDemande"), OPTIONAL): Object: 'Object Repository/Page_Accueil_Agent/span_VoirLaDemande' is clicked on

03-01-2024T16:45:09 - [MESSAGE][INFO] - Finding Test Object 'Object Repository/Page_Accueil_Agent/span_VoirLaDemande'

03-01-2024T16:45:09 - [MESSAGE][INFO] - Checking timeout

03-01-2024T16:45:09 - [MESSAGE][INFO] - Finding web element with id: 'Object Repository/Page_Accueil_Agent/span_VoirLaDemande' located by 'By.xpath: //*[@id="content"]/app-demandes-sejour/div/div[2]/app-demande-table/div[3]/p-menu/div/ul/li[1]/a/span' in '20' second(s)

03-01-2024T16:45:09 - [MESSAGE][INFO] - Smart Wait Function is triggered

03-01-2024T16:45:09 - [MESSAGE][INFO] - Found 1 web elements with id: 'Object Repository/Page_Accueil_Agent/span_VoirLaDemande' located by 'By.xpath: //*[@id="content"]/app-demandes-sejour/div/div[2]/app-demande-table/div[3]/p-menu/div/ul/li[1]/a/span' in '20' second(s)

03-01-2024T16:45:09 - [MESSAGE][INFO] - Checking object

03-01-2024T16:45:09 - [MESSAGE][INFO] - Checking timeout

03-01-2024T16:45:09 - [MESSAGE][INFO] - Finding web element from Test Object's properties

03-01-2024T16:45:09 - [MESSAGE][INFO] - Checking timeout

03-01-2024T16:45:09 - [MESSAGE][INFO] - Finding web element with id: 'Object Repository/Page_Accueil_Agent/span_VoirLaDemande' located by 'By.xpath: //*[@id="content"]/app-demandes-sejour/div/div[2]/app-demande-table/div[3]/p-menu/div/ul/li[1]/a/span' in '5' second(s)

03-01-2024T16:45:09 - [MESSAGE][INFO] - Smart Wait Function is triggered

03-01-2024T16:45:09 - [MESSAGE][INFO] - Found 1 web elements with id: 'Object Repository/Page_Accueil_Agent/span_VoirLaDemande' located by 'By.xpath: //*[@id="content"]/app-demandes-sejour/div/div[2]/app-demande-table/div[3]/p-menu/div/ul/li[1]/a/span' in '5' second(s)

03-01-2024T16:45:09 - [MESSAGE][INFO] - Clicking on object: 'Object Repository/Page_Accueil_Agent/span_VoirLaDemande'

03-01-2024T16:45:11 - [MESSAGE][PASSED] - Object: 'Object Repository/Page_Accueil_Agent/span_VoirLaDemande' is clicked on

03-01-2024T16:45:11 - [TEST_STEP][PASSED] - delay(3): Delayed 3 second(s)

03-01-2024T16:45:11 - [MESSAGE][INFO] - Delaying browser in 3 second(s)

03-01-2024T16:45:14 - [MESSAGE][PASSED] - Delayed 3 second(s)

03-01-2024T16:45:14 - [MESSAGE][PASSED] - Call Test Case 'Test Cases/Test Reutilisable/AgentTraitementDemande/AgentRechercheDemande' successfully

03-01-2024T16:45:14 - [TEST_STEP][PASSED] - callTestCase(findTestCase("Test Cases/Test Reutilisable/AgentTraitementDemande/Verif_AccordeonInformationsGeneralesDemande"), ["NumEtrangerVisa":NumEtrangerVisa], STOP_ON_FAILURE): Call Test Case 'Test Cases/Test Reutilisable/AgentTraitementDemande/Verif_AccordeonInformationsGeneralesDemande' successfully

03-01-2024T16:45:14 - [MESSAGE][INFO] - Checking called Test Case

03-01-2024T16:45:14 - [MESSAGE][INFO] - Starting to call Test Case 'Test Cases/Test Reutilisable/AgentTraitementDemande/Verif_AccordeonInformationsGeneralesDemande'

03-01-2024T16:45:14 - [TEST_CASE][PASSED] - Test Cases/Test Reutilisable/AgentTraitementDemande/Verif_AccordeonInformationsGeneralesDemande: Test Cases/Test Reutilisable/AgentTraitementDemande/Verif_AccordeonInformationsGeneralesDemande

03-01-2024T16:45:15 - [TEST_STEP][PASSED] - com.kazurayam.ksbackyard.HighlightElement.pandemic(): com.kazurayam.ksbackyard.HighlightElement.pandemic is PASSED

03-01-2024T16:45:15 - [MESSAGE][PASSED] - com.kazurayam.ksbackyard.HighlightElement.pandemic is PASSED

03-01-2024T16:45:15 - [TEST_STEP][PASSED] - LinkLesCommentaires = findTestObject("Object Repository/Page_Verif_AccordeonInformationsGeneralesDemande_Agent/LinkLesCommentaires"): Finding Test Object 'Object Repository/Page_Verif_AccordeonInformationsGeneralesDemande_Agent/LinkLesCommentaires'

03-01-2024T16:45:15 - [MESSAGE][INFO] - Finding Test Object 'Object Repository/Page_Verif_AccordeonInformationsGeneralesDemande_Agent/LinkLesCommentaires'

03-01-2024T16:45:15 - [TEST_STEP][PASSED] - verifyElementPresent(LinkLesCommentaires, 1): Object 'Object Repository/Page_Verif_AccordeonInformationsGeneralesDemande_Agent/LinkLesCommentaires' is present

03-01-2024T16:45:15 - [MESSAGE][INFO] - Checking object

03-01-2024T16:45:15 - [MESSAGE][INFO] - Finding web element from Test Object's properties

03-01-2024T16:45:15 - [MESSAGE][INFO] - Checking timeout

03-01-2024T16:45:15 - [MESSAGE][INFO] - Finding web element with id: 'Object Repository/Page_Verif_AccordeonInformationsGeneralesDemande_Agent/LinkLesCommentaires' located by 'By.xpath: //*[@id="content"]/app-demande-instruction/div/app-statut-demande/div/div/div[2]/a[1]' in '1' second(s)

03-01-2024T16:45:15 - [MESSAGE][INFO] - Smart Wait Function is triggered

03-01-2024T16:45:15 - [MESSAGE][INFO] - Found 1 web elements with id: 'Object Repository/Page_Verif_AccordeonInformationsGeneralesDemande_Agent/LinkLesCommentaires' located by 'By.xpath: //*[@id="content"]/app-demande-instruction/div/app-statut-demande/div/div/div[2]/a[1]' in '1' second(s)

03-01-2024T16:45:15 - [MESSAGE][PASSED] - Object 'Object Repository/Page_Verif_AccordeonInformationsGeneralesDemande_Agent/LinkLesCommentaires' is present

03-01-2024T16:45:15 - [TEST_STEP][PASSED] - click(LinkLesCommentaires): Object: 'Object Repository/Page_Verif_AccordeonInformationsGeneralesDemande_Agent/LinkLesCommentaires' is clicked on

03-01-2024T16:45:15 - [MESSAGE][INFO] - Checking timeout

03-01-2024T16:45:15 - [MESSAGE][INFO] - Finding web element with id: 'Object Repository/Page_Verif_AccordeonInformationsGeneralesDemande_Agent/LinkLesCommentaires' located by 'By.xpath: //*[@id="content"]/app-demande-instruction/div/app-statut-demande/div/div/div[2]/a[1]' in '20' second(s)

03-01-2024T16:45:15 - [MESSAGE][INFO] - Smart Wait Function is triggered

03-01-2024T16:45:15 - [MESSAGE][INFO] - Found 1 web elements with id: 'Object Repository/Page_Verif_AccordeonInformationsGeneralesDemande_Agent/LinkLesCommentaires' located by 'By.xpath: //*[@id="content"]/app-demande-instruction/div/app-statut-demande/div/div/div[2]/a[1]' in '20' second(s)

03-01-2024T16:45:15 - [MESSAGE][INFO] - Checking object

03-01-2024T16:45:15 - [MESSAGE][INFO] - Checking timeout

03-01-2024T16:45:15 - [MESSAGE][INFO] - Finding web element from Test Object's properties

03-01-2024T16:45:15 - [MESSAGE][INFO] - Checking timeout

03-01-2024T16:45:15 - [MESSAGE][INFO] - Finding web element with id: 'Object Repository/Page_Verif_AccordeonInformationsGeneralesDemande_Agent/LinkLesCommentaires' located by 'By.xpath: //*[@id="content"]/app-demande-instruction/div/app-statut-demande/div/div/div[2]/a[1]' in '5' second(s)

03-01-2024T16:45:15 - [MESSAGE][INFO] - Smart Wait Function is triggered

03-01-2024T16:45:15 - [MESSAGE][INFO] - Found 1 web elements with id: 'Object Repository/Page_Verif_AccordeonInformationsGeneralesDemande_Agent/LinkLesCommentaires' located by 'By.xpath: //*[@id="content"]/app-demande-instruction/div/app-statut-demande/div/div/div[2]/a[1]' in '5' second(s)

03-01-2024T16:45:15 - [MESSAGE][INFO] - Clicking on object: 'Object Repository/Page_Verif_AccordeonInformationsGeneralesDemande_Agent/LinkLesCommentaires'

03-01-2024T16:45:17 - [MESSAGE][PASSED] - Object: 'Object Repository/Page_Verif_AccordeonInformationsGeneralesDemande_Agent/LinkLesCommentaires' is clicked on

03-01-2024T16:45:17 - [TEST_STEP][PASSED] - PopUpAfficherCommentaires = findTestObject("Object Repository/Page_Verif_AccordeonInformationsGeneralesDemande_Agent/PopUp_AfficherCommentaires"): Finding Test Object 'Object Repository/Page_Verif_AccordeonInformationsGeneralesDemande_Agent/PopUp_AfficherCommentaires'

03-01-2024T16:45:17 - [MESSAGE][INFO] - Finding Test Object 'Object Repository/Page_Verif_AccordeonInformationsGeneralesDemande_Agent/PopUp_AfficherCommentaires'

03-01-2024T16:45:17 - [TEST_STEP][PASSED] - verifyElementPresent(PopUpAfficherCommentaires, 1): Object 'Object Repository/Page_Verif_AccordeonInformationsGeneralesDemande_Agent/PopUp_AfficherCommentaires' is present

03-01-2024T16:45:17 - [MESSAGE][INFO] - Checking object

03-01-2024T16:45:17 - [MESSAGE][INFO] - Finding web element from Test Object's properties

03-01-2024T16:45:17 - [MESSAGE][INFO] - Checking timeout

03-01-2024T16:45:17 - [MESSAGE][INFO] - Finding web element with id: 'Object Repository/Page_Verif_AccordeonInformationsGeneralesDemande_Agent/PopUp_AfficherCommentaires' located by 'By.xpath: /html/body/app-root/app-layout/div/div/div/app-navigation-layout/div[2]/app-demande-instruction/div/app-statut-demande/div/div/lib-generic-modal/p-dialog/div/div[1]/span/p-header/h2' in '1' second(s)

03-01-2024T16:45:17 - [MESSAGE][INFO] - Smart Wait Function is triggered

03-01-2024T16:45:17 - [MESSAGE][INFO] - Found 1 web elements with id: 'Object Repository/Page_Verif_AccordeonInformationsGeneralesDemande_Agent/PopUp_AfficherCommentaires' located by 'By.xpath: /html/body/app-root/app-layout/div/div/div/app-navigation-layout/div[2]/app-demande-instruction/div/app-statut-demande/div/div/lib-generic-modal/p-dialog/div/div[1]/span/p-header/h2' in '1' second(s)

03-01-2024T16:45:17 - [MESSAGE][PASSED] - Object 'Object Repository/Page_Verif_AccordeonInformationsGeneralesDemande_Agent/PopUp_AfficherCommentaires' is present

03-01-2024T16:45:17 - [TEST_STEP][PASSED] - TitrePopUpAfficherCommentaires = getText(PopUpAfficherCommentaires): Text of object 'Object Repository/Page_Verif_AccordeonInformationsGeneralesDemande_Agent/PopUp_AfficherCommentaires' is: 'AFFICHER LES COMMENTAIRES'

03-01-2024T16:45:17 - [MESSAGE][INFO] - Checking object

03-01-2024T16:45:17 - [MESSAGE][INFO] - Finding web element from Test Object's properties

03-01-2024T16:45:17 - [MESSAGE][INFO] - Checking timeout

03-01-2024T16:45:17 - [MESSAGE][INFO] - Finding web element with id: 'Object Repository/Page_Verif_AccordeonInformationsGeneralesDemande_Agent/PopUp_AfficherCommentaires' located by 'By.xpath: /html/body/app-root/app-layout/div/div/div/app-navigation-layout/div[2]/app-demande-instruction/div/app-statut-demande/div/div/lib-generic-modal/p-dialog/div/div[1]/span/p-header/h2' in '5' second(s)

03-01-2024T16:45:17 - [MESSAGE][INFO] - Smart Wait Function is triggered

03-01-2024T16:45:17 - [MESSAGE][INFO] - Found 1 web elements with id: 'Object Repository/Page_Verif_AccordeonInformationsGeneralesDemande_Agent/PopUp_AfficherCommentaires' located by 'By.xpath: /html/body/app-root/app-layout/div/div/div/app-navigation-layout/div[2]/app-demande-instruction/div/app-statut-demande/div/div/lib-generic-modal/p-dialog/div/div[1]/span/p-header/h2' in '5' second(s)

03-01-2024T16:45:17 - [MESSAGE][INFO] - Getting text of object 'Object Repository/Page_Verif_AccordeonInformationsGeneralesDemande_Agent/PopUp_AfficherCommentaires'

03-01-2024T16:45:17 - [MESSAGE][PASSED] - Text of object 'Object Repository/Page_Verif_AccordeonInformationsGeneralesDemande_Agent/PopUp_AfficherCommentaires' is: 'AFFICHER LES COMMENTAIRES'

03-01-2024T16:45:17 - [TEST_STEP][PASSED] - if (!(TitrePopUpAfficherCommentaires.contains("AFFICHER LES COMMENTAIRES"))): null

03-01-2024T16:45:17 - [TEST_STEP][PASSED] - else: Le Titre de PopUp est bien Affiché : AFFICHER LES COMMENTAIRES.

03-01-2024T16:45:17 - [TEST_STEP][PASSED] - markPassed("Le Titre de PopUp est bien Affiché : AFFICHER LES COMMENTAIRES."): Le Titre de PopUp est bien Affiché : AFFICHER LES COMMENTAIRES.

03-01-2024T16:45:17 - [MESSAGE][PASSED] - Le Titre de PopUp est bien Affiché : AFFICHER LES COMMENTAIRES.

03-01-2024T16:45:17 - [TEST_STEP][PASSED] - PopUpCommentairesBtnFermer = findTestObject("Object Repository/Page_Verif_AccordeonInformationsGeneralesDemande_Agent/btn_PopUpCommentaireFermer"): Finding Test Object 'Object Repository/Page_Verif_AccordeonInformationsGeneralesDemande_Agent/btn_PopUpCommentaireFermer'

03-01-2024T16:45:17 - [MESSAGE][INFO] - Finding Test Object 'Object Repository/Page_Verif_AccordeonInformationsGeneralesDemande_Agent/btn_PopUpCommentaireFermer'

03-01-2024T16:45:17 - [TEST_STEP][PASSED] - verifyElementPresent(PopUpCommentairesBtnFermer, 1): Object 'Object Repository/Page_Verif_AccordeonInformationsGeneralesDemande_Agent/btn_PopUpCommentaireFermer' is present

03-01-2024T16:45:17 - [MESSAGE][INFO] - Checking object

03-01-2024T16:45:17 - [MESSAGE][INFO] - Finding web element from Test Object's properties

03-01-2024T16:45:17 - [MESSAGE][INFO] - Checking timeout

03-01-2024T16:45:17 - [MESSAGE][INFO] - Finding web element with id: 'Object Repository/Page_Verif_AccordeonInformationsGeneralesDemande_Agent/btn_PopUpCommentaireFermer' located by 'By.xpath: //*[@id="content"]/app-demande-instruction/div/app-statut-demande/div/div/lib-generic-modal/p-dialog/div/div[3]/p-footer/button/span' in '1' second(s)

03-01-2024T16:45:17 - [MESSAGE][INFO] - Smart Wait Function is triggered

03-01-2024T16:45:17 - [MESSAGE][INFO] - Found 1 web elements with id: 'Object Repository/Page_Verif_AccordeonInformationsGeneralesDemande_Agent/btn_PopUpCommentaireFermer' located by 'By.xpath: //*[@id="content"]/app-demande-instruction/div/app-statut-demande/div/div/lib-generic-modal/p-dialog/div/div[3]/p-footer/button/span' in '1' second(s)

03-01-2024T16:45:17 - [MESSAGE][PASSED] - Object 'Object Repository/Page_Verif_AccordeonInformationsGeneralesDemande_Agent/btn_PopUpCommentaireFermer' is present

03-01-2024T16:45:17 - [TEST_STEP][PASSED] - click(PopUpCommentairesBtnFermer): Object: 'Object Repository/Page_Verif_AccordeonInformationsGeneralesDemande_Agent/btn_PopUpCommentaireFermer' is clicked on

03-01-2024T16:45:17 - [MESSAGE][INFO] - Checking timeout

03-01-2024T16:45:17 - [MESSAGE][INFO] - Finding web element with id: 'Object Repository/Page_Verif_AccordeonInformationsGeneralesDemande_Agent/btn_PopUpCommentaireFermer' located by 'By.xpath: //*[@id="content"]/app-demande-instruction/div/app-statut-demande/div/div/lib-generic-modal/p-dialog/div/div[3]/p-footer/button/span' in '20' second(s)

03-01-2024T16:45:17 - [MESSAGE][INFO] - Smart Wait Function is triggered

03-01-2024T16:45:17 - [MESSAGE][INFO] - Found 1 web elements with id: 'Object Repository/Page_Verif_AccordeonInformationsGeneralesDemande_Agent/btn_PopUpCommentaireFermer' located by 'By.xpath: //*[@id="content"]/app-demande-instruction/div/app-statut-demande/div/div/lib-generic-modal/p-dialog/div/div[3]/p-footer/button/span' in '20' second(s)

03-01-2024T16:45:17 - [MESSAGE][INFO] - Checking object

03-01-2024T16:45:17 - [MESSAGE][INFO] - Checking timeout

03-01-2024T16:45:17 - [MESSAGE][INFO] - Finding web element from Test Object's properties

03-01-2024T16:45:17 - [MESSAGE][INFO] - Checking timeout

03-01-2024T16:45:17 - [MESSAGE][INFO] - Finding web element with id: 'Object Repository/Page_Verif_AccordeonInformationsGeneralesDemande_Agent/btn_PopUpCommentaireFermer' located by 'By.xpath: //*[@id="content"]/app-demande-instruction/div/app-statut-demande/div/div/lib-generic-modal/p-dialog/div/div[3]/p-footer/button/span' in '5' second(s)

03-01-2024T16:45:17 - [MESSAGE][INFO] - Smart Wait Function is triggered

03-01-2024T16:45:17 - [MESSAGE][INFO] - Found 1 web elements with id: 'Object Repository/Page_Verif_AccordeonInformationsGeneralesDemande_Agent/btn_PopUpCommentaireFermer' located by 'By.xpath: //*[@id="content"]/app-demande-instruction/div/app-statut-demande/div/div/lib-generic-modal/p-dialog/div/div[3]/p-footer/button/span' in '5' second(s)

03-01-2024T16:45:17 - [MESSAGE][INFO] - Clicking on object: 'Object Repository/Page_Verif_AccordeonInformationsGeneralesDemande_Agent/btn_PopUpCommentaireFermer'

03-01-2024T16:45:19 - [MESSAGE][PASSED] - Object: 'Object Repository/Page_Verif_AccordeonInformationsGeneralesDemande_Agent/btn_PopUpCommentaireFermer' is clicked on

03-01-2024T16:45:19 - [TEST_STEP][PASSED] - StatutDemandeurAvecNumEtranger = findTestObject("Object Repository/Page_Verif_AccordeonInformationsGeneralesDemande_Agent/h3_StatutDemandeurAvecNumEtranger"): Finding Test Object 'Object Repository/Page_Verif_AccordeonInformationsGeneralesDemande_Agent/h3_StatutDemandeurAvecNumEtranger'

03-01-2024T16:45:19 - [MESSAGE][INFO] - Finding Test Object 'Object Repository/Page_Verif_AccordeonInformationsGeneralesDemande_Agent/h3_StatutDemandeurAvecNumEtranger'

03-01-2024T16:45:19 - [TEST_STEP][PASSED] - verifyElementPresent(StatutDemandeurAvecNumEtranger, 1): Object 'Object Repository/Page_Verif_AccordeonInformationsGeneralesDemande_Agent/h3_StatutDemandeurAvecNumEtranger' is present

03-01-2024T16:45:19 - [MESSAGE][INFO] - Checking object

03-01-2024T16:45:19 - [MESSAGE][INFO] - Finding web element from Test Object's properties

03-01-2024T16:45:19 - [MESSAGE][INFO] - Checking timeout

03-01-2024T16:45:19 - [MESSAGE][INFO] - Finding web element with id: 'Object Repository/Page_Verif_AccordeonInformationsGeneralesDemande_Agent/h3_StatutDemandeurAvecNumEtranger' located by 'By.xpath: //*[@id="content"]/app-demande-instruction/div/app-statut-demandeur/div/h3' in '1' second(s)

03-01-2024T16:45:19 - [MESSAGE][INFO] - Smart Wait Function is triggered

03-01-2024T16:45:19 - [MESSAGE][INFO] - Found 1 web elements with id: 'Object Repository/Page_Verif_AccordeonInformationsGeneralesDemande_Agent/h3_StatutDemandeurAvecNumEtranger' located by 'By.xpath: //*[@id="content"]/app-demande-instruction/div/app-statut-demandeur/div/h3' in '1' second(s)

03-01-2024T16:45:19 - [MESSAGE][PASSED] - Object 'Object Repository/Page_Verif_AccordeonInformationsGeneralesDemande_Agent/h3_StatutDemandeurAvecNumEtranger' is present

03-01-2024T16:45:19 - [TEST_STEP][PASSED] - NumEtranger = getText(StatutDemandeurAvecNumEtranger): Text of object 'Object Repository/Page_Verif_AccordeonInformationsGeneralesDemande_Agent/h3_StatutDemandeurAvecNumEtranger' is: 'STATUT DU DEMANDEUR - N° ÉTRANGER : 7703043876'

03-01-2024T16:45:19 - [MESSAGE][INFO] - Checking object

03-01-2024T16:45:19 - [MESSAGE][INFO] - Finding web element from Test Object's properties

03-01-2024T16:45:19 - [MESSAGE][INFO] - Checking timeout

03-01-2024T16:45:19 - [MESSAGE][INFO] - Finding web element with id: 'Object Repository/Page_Verif_AccordeonInformationsGeneralesDemande_Agent/h3_StatutDemandeurAvecNumEtranger' located by 'By.xpath: //*[@id="content"]/app-demande-instruction/div/app-statut-demandeur/div/h3' in '5' second(s)

03-01-2024T16:45:19 - [MESSAGE][INFO] - Smart Wait Function is triggered

03-01-2024T16:45:19 - [MESSAGE][INFO] - Found 1 web elements with id: 'Object Repository/Page_Verif_AccordeonInformationsGeneralesDemande_Agent/h3_StatutDemandeurAvecNumEtranger' located by 'By.xpath: //*[@id="content"]/app-demande-instruction/div/app-statut-demandeur/div/h3' in '5' second(s)

03-01-2024T16:45:19 - [MESSAGE][INFO] - Getting text of object 'Object Repository/Page_Verif_AccordeonInformationsGeneralesDemande_Agent/h3_StatutDemandeurAvecNumEtranger'

03-01-2024T16:45:19 - [MESSAGE][PASSED] - Text of object 'Object Repository/Page_Verif_AccordeonInformationsGeneralesDemande_Agent/h3_StatutDemandeurAvecNumEtranger' is: 'STATUT DU DEMANDEUR - N° ÉTRANGER : 7703043876'

03-01-2024T16:45:19 - [TEST_STEP][PASSED] - if (!(NumEtranger.contains(NumEtrangerVisa))): null

03-01-2024T16:45:19 - [TEST_STEP][PASSED] - else: Le Numéro Etranger de la demande est bien Affiché.

03-01-2024T16:45:19 - [TEST_STEP][PASSED] - markPassed("Le Numéro Etranger de la demande est bien Affiché."): Le Numéro Etranger de la demande est bien Affiché.

03-01-2024T16:45:19 - [MESSAGE][PASSED] - Le Numéro Etranger de la demande est bien Affiché.

03-01-2024T16:45:19 - [TEST_STEP][PASSED] - AfficherHistorique = findTestObject("Object Repository/Page_Verif_AccordeonInformationsGeneralesDemande_Agent/Link_AfficherHistorique"): Finding Test Object 'Object Repository/Page_Verif_AccordeonInformationsGeneralesDemande_Agent/Link_AfficherHistorique'

03-01-2024T16:45:19 - [MESSAGE][INFO] - Finding Test Object 'Object Repository/Page_Verif_AccordeonInformationsGeneralesDemande_Agent/Link_AfficherHistorique'

03-01-2024T16:45:19 - [TEST_STEP][PASSED] - verifyElementPresent(AfficherHistorique, 1): Object 'Object Repository/Page_Verif_AccordeonInformationsGeneralesDemande_Agent/Link_AfficherHistorique' is present

03-01-2024T16:45:19 - [MESSAGE][INFO] - Checking object

03-01-2024T16:45:19 - [MESSAGE][INFO] - Finding web element from Test Object's properties

03-01-2024T16:45:19 - [MESSAGE][INFO] - Checking timeout

03-01-2024T16:45:19 - [MESSAGE][INFO] - Finding web element with id: 'Object Repository/Page_Verif_AccordeonInformationsGeneralesDemande_Agent/Link_AfficherHistorique' located by 'By.xpath: //*[@id="content"]/app-demande-instruction/div/app-statut-demande/div/div/div[2]/a[2]' in '1' second(s)

03-01-2024T16:45:19 - [MESSAGE][INFO] - Smart Wait Function is triggered

03-01-2024T16:45:19 - [MESSAGE][INFO] - Found 1 web elements with id: 'Object Repository/Page_Verif_AccordeonInformationsGeneralesDemande_Agent/Link_AfficherHistorique' located by 'By.xpath: //*[@id="content"]/app-demande-instruction/div/app-statut-demande/div/div/div[2]/a[2]' in '1' second(s)

03-01-2024T16:45:19 - [MESSAGE][PASSED] - Object 'Object Repository/Page_Verif_AccordeonInformationsGeneralesDemande_Agent/Link_AfficherHistorique' is present

03-01-2024T16:45:19 - [TEST_STEP][PASSED] - click(AfficherHistorique): Object: 'Object Repository/Page_Verif_AccordeonInformationsGeneralesDemande_Agent/Link_AfficherHistorique' is clicked on

03-01-2024T16:45:19 - [MESSAGE][INFO] - Checking timeout

03-01-2024T16:45:19 - [MESSAGE][INFO] - Finding web element with id: 'Object Repository/Page_Verif_AccordeonInformationsGeneralesDemande_Agent/Link_AfficherHistorique' located by 'By.xpath: //*[@id="content"]/app-demande-instruction/div/app-statut-demande/div/div/div[2]/a[2]' in '20' second(s)

03-01-2024T16:45:19 - [MESSAGE][INFO] - Smart Wait Function is triggered

03-01-2024T16:45:19 - [MESSAGE][INFO] - Found 1 web elements with id: 'Object Repository/Page_Verif_AccordeonInformationsGeneralesDemande_Agent/Link_AfficherHistorique' located by 'By.xpath: //*[@id="content"]/app-demande-instruction/div/app-statut-demande/div/div/div[2]/a[2]' in '20' second(s)

03-01-2024T16:45:19 - [MESSAGE][INFO] - Checking object

03-01-2024T16:45:19 - [MESSAGE][INFO] - Checking timeout

03-01-2024T16:45:19 - [MESSAGE][INFO] - Finding web element from Test Object's properties

03-01-2024T16:45:19 - [MESSAGE][INFO] - Checking timeout

03-01-2024T16:45:19 - [MESSAGE][INFO] - Finding web element with id: 'Object Repository/Page_Verif_AccordeonInformationsGeneralesDemande_Agent/Link_AfficherHistorique' located by 'By.xpath: //*[@id="content"]/app-demande-instruction/div/app-statut-demande/div/div/div[2]/a[2]' in '5' second(s)

03-01-2024T16:45:19 - [MESSAGE][INFO] - Smart Wait Function is triggered

03-01-2024T16:45:19 - [MESSAGE][INFO] - Found 1 web elements with id: 'Object Repository/Page_Verif_AccordeonInformationsGeneralesDemande_Agent/Link_AfficherHistorique' located by 'By.xpath: //*[@id="content"]/app-demande-instruction/div/app-statut-demande/div/div/div[2]/a[2]' in '5' second(s)

03-01-2024T16:45:19 - [MESSAGE][INFO] - Clicking on object: 'Object Repository/Page_Verif_AccordeonInformationsGeneralesDemande_Agent/Link_AfficherHistorique'

03-01-2024T16:45:22 - [MESSAGE][PASSED] - Object: 'Object Repository/Page_Verif_AccordeonInformationsGeneralesDemande_Agent/Link_AfficherHistorique' is clicked on

03-01-2024T16:45:22 - [TEST_STEP][PASSED] - PopUpHistoriqueDeLaDemande = findTestObject("Object Repository/Page_Verif_AccordeonInformationsGeneralesDemande_Agent/PopUp_HistoriqueDeLaDemande"): Finding Test Object 'Object Repository/Page_Verif_AccordeonInformationsGeneralesDemande_Agent/PopUp_HistoriqueDeLaDemande'

03-01-2024T16:45:22 - [MESSAGE][INFO] - Finding Test Object 'Object Repository/Page_Verif_AccordeonInformationsGeneralesDemande_Agent/PopUp_HistoriqueDeLaDemande'

03-01-2024T16:45:22 - [TEST_STEP][PASSED] - verifyElementPresent(PopUpHistoriqueDeLaDemande, 1): Object 'Object Repository/Page_Verif_AccordeonInformationsGeneralesDemande_Agent/PopUp_HistoriqueDeLaDemande' is present

03-01-2024T16:45:22 - [MESSAGE][INFO] - Checking object

03-01-2024T16:45:22 - [MESSAGE][INFO] - Finding web element from Test Object's properties

03-01-2024T16:45:22 - [MESSAGE][INFO] - Checking timeout

03-01-2024T16:45:22 - [MESSAGE][INFO] - Finding web element with id: 'Object Repository/Page_Verif_AccordeonInformationsGeneralesDemande_Agent/PopUp_HistoriqueDeLaDemande' located by 'By.xpath: //div/app-statut-demande/app-historique-demande/lib-generic-modal/p-dialog/div/div[1]/span/p-header/h2' in '1' second(s)

03-01-2024T16:45:22 - [MESSAGE][INFO] - Smart Wait Function is triggered

03-01-2024T16:45:22 - [MESSAGE][INFO] - Smart Wait Function is triggered

03-01-2024T16:45:22 - [MESSAGE][INFO] - Smart Wait Function is triggered

03-01-2024T16:45:22 - [MESSAGE][INFO] - Smart Wait Function is triggered

03-01-2024T16:45:22 - [MESSAGE][INFO] - Smart Wait Function is triggered

03-01-2024T16:45:22 - [MESSAGE][INFO] - Smart Wait Function is triggered

03-01-2024T16:45:22 - [MESSAGE][INFO] - Smart Wait Function is triggered

03-01-2024T16:45:22 - [MESSAGE][INFO] - Smart Wait Function is triggered

03-01-2024T16:45:22 - [MESSAGE][INFO] - Smart Wait Function is triggered

03-01-2024T16:45:22 - [MESSAGE][INFO] - Smart Wait Function is triggered

03-01-2024T16:45:22 - [MESSAGE][INFO] - Smart Wait Function is triggered

03-01-2024T16:45:22 - [MESSAGE][INFO] - Smart Wait Function is triggered

03-01-2024T16:45:22 - [MESSAGE][INFO] - Smart Wait Function is triggered

03-01-2024T16:45:22 - [MESSAGE][INFO] - Found 1 web elements with id: 'Object Repository/Page_Verif_AccordeonInformationsGeneralesDemande_Agent/PopUp_HistoriqueDeLaDemande' located by 'By.xpath: //div/app-statut-demande/app-historique-demande/lib-generic-modal/p-dialog/div/div[1]/span/p-header/h2' in '1' second(s)

03-01-2024T16:45:22 - [MESSAGE][PASSED] - Object 'Object Repository/Page_Verif_AccordeonInformationsGeneralesDemande_Agent/PopUp_HistoriqueDeLaDemande' is present

03-01-2024T16:45:22 - [TEST_STEP][PASSED] - TitreHistoriqueDeLaDemande = getText(PopUpHistoriqueDeLaDemande): Text of object 'Object Repository/Page_Verif_AccordeonInformationsGeneralesDemande_Agent/PopUp_HistoriqueDeLaDemande' is: 'HISTORIQUE DE LA DEMANDE'

03-01-2024T16:45:22 - [MESSAGE][INFO] - Checking object

03-01-2024T16:45:22 - [MESSAGE][INFO] - Finding web element from Test Object's properties

03-01-2024T16:45:22 - [MESSAGE][INFO] - Checking timeout

03-01-2024T16:45:22 - [MESSAGE][INFO] - Finding web element with id: 'Object Repository/Page_Verif_AccordeonInformationsGeneralesDemande_Agent/PopUp_HistoriqueDeLaDemande' located by 'By.xpath: //div/app-statut-demande/app-historique-demande/lib-generic-modal/p-dialog/div/div[1]/span/p-header/h2' in '5' second(s)

03-01-2024T16:45:22 - [MESSAGE][INFO] - Smart Wait Function is triggered

03-01-2024T16:45:22 - [MESSAGE][INFO] - Found 1 web elements with id: 'Object Repository/Page_Verif_AccordeonInformationsGeneralesDemande_Agent/PopUp_HistoriqueDeLaDemande' located by 'By.xpath: //div/app-statut-demande/app-historique-demande/lib-generic-modal/p-dialog/div/div[1]/span/p-header/h2' in '5' second(s)

03-01-2024T16:45:22 - [MESSAGE][INFO] - Getting text of object 'Object Repository/Page_Verif_AccordeonInformationsGeneralesDemande_Agent/PopUp_HistoriqueDeLaDemande'

03-01-2024T16:45:22 - [MESSAGE][PASSED] - Text of object 'Object Repository/Page_Verif_AccordeonInformationsGeneralesDemande_Agent/PopUp_HistoriqueDeLaDemande' is: 'HISTORIQUE DE LA DEMANDE'

03-01-2024T16:45:22 - [TEST_STEP][PASSED] - if (!(TitreHistoriqueDeLaDemande.contains("HISTORIQUE DE LA DEMANDE"))): null

03-01-2024T16:45:22 - [TEST_STEP][PASSED] - else: Le Titre de PopUp est bien Affiché : Historique de la demande.

03-01-2024T16:45:22 - [TEST_STEP][PASSED] - markPassed("Le Titre de PopUp est bien Affiché : Historique de la demande."): Le Titre de PopUp est bien Affiché : Historique de la demande.

03-01-2024T16:45:22 - [MESSAGE][PASSED] - Le Titre de PopUp est bien Affiché : Historique de la demande.

03-01-2024T16:45:22 - [TEST_STEP][PASSED] - ListeAction = findTestObject("Object Repository/Page_Verif_AccordeonInformationsGeneralesDemande_Agent/List_TypeAction"): Finding Test Object 'Object Repository/Page_Verif_AccordeonInformationsGeneralesDemande_Agent/List_TypeAction'

03-01-2024T16:45:22 - [MESSAGE][INFO] - Finding Test Object 'Object Repository/Page_Verif_AccordeonInformationsGeneralesDemande_Agent/List_TypeAction'

03-01-2024T16:45:22 - [TEST_STEP][PASSED] - verifyElementPresent(ListeAction, 1): Object 'Object Repository/Page_Verif_AccordeonInformationsGeneralesDemande_Agent/List_TypeAction' is present

03-01-2024T16:45:22 - [MESSAGE][INFO] - Checking object

03-01-2024T16:45:22 - [MESSAGE][INFO] - Finding web element from Test Object's properties

03-01-2024T16:45:22 - [MESSAGE][INFO] - Checking timeout

03-01-2024T16:45:22 - [MESSAGE][INFO] - Finding web element with id: 'Object Repository/Page_Verif_AccordeonInformationsGeneralesDemande_Agent/List_TypeAction' located by 'By.xpath: //*[@id="content"]/app-demande-instruction/div/app-statut-demande/app-historique-demande/lib-generic-modal/p-dialog/div/div[2]/div/div[1]/input-multi-select/div/div/p-multiselect/div' in '1' second(s)

03-01-2024T16:45:22 - [MESSAGE][INFO] - Smart Wait Function is triggered

03-01-2024T16:45:22 - [MESSAGE][INFO] - Found 1 web elements with id: 'Object Repository/Page_Verif_AccordeonInformationsGeneralesDemande_Agent/List_TypeAction' located by 'By.xpath: //*[@id="content"]/app-demande-instruction/div/app-statut-demande/app-historique-demande/lib-generic-modal/p-dialog/div/div[2]/div/div[1]/input-multi-select/div/div/p-multiselect/div' in '1' second(s)

03-01-2024T16:45:22 - [MESSAGE][PASSED] - Object 'Object Repository/Page_Verif_AccordeonInformationsGeneralesDemande_Agent/List_TypeAction' is present

03-01-2024T16:45:22 - [TEST_STEP][PASSED] - click(ListeAction): Object: 'Object Repository/Page_Verif_AccordeonInformationsGeneralesDemande_Agent/List_TypeAction' is clicked on

03-01-2024T16:45:22 - [MESSAGE][INFO] - Checking timeout

03-01-2024T16:45:22 - [MESSAGE][INFO] - Finding web element with id: 'Object Repository/Page_Verif_AccordeonInformationsGeneralesDemande_Agent/List_TypeAction' located by 'By.xpath: //*[@id="content"]/app-demande-instruction/div/app-statut-demande/app-historique-demande/lib-generic-modal/p-dialog/div/div[2]/div/div[1]/input-multi-select/div/div/p-multiselect/div' in '20' second(s)

03-01-2024T16:45:22 - [MESSAGE][INFO] - Smart Wait Function is triggered

03-01-2024T16:45:22 - [MESSAGE][INFO] - Found 1 web elements with id: 'Object Repository/Page_Verif_AccordeonInformationsGeneralesDemande_Agent/List_TypeAction' located by 'By.xpath: //*[@id="content"]/app-demande-instruction/div/app-statut-demande/app-historique-demande/lib-generic-modal/p-dialog/div/div[2]/div/div[1]/input-multi-select/div/div/p-multiselect/div' in '20' second(s)

03-01-2024T16:45:22 - [MESSAGE][INFO] - Checking object

03-01-2024T16:45:22 - [MESSAGE][INFO] - Checking timeout

03-01-2024T16:45:22 - [MESSAGE][INFO] - Finding web element from Test Object's properties

03-01-2024T16:45:22 - [MESSAGE][INFO] - Checking timeout

03-01-2024T16:45:22 - [MESSAGE][INFO] - Finding web element with id: 'Object Repository/Page_Verif_AccordeonInformationsGeneralesDemande_Agent/List_TypeAction' located by 'By.xpath: //*[@id="content"]/app-demande-instruction/div/app-statut-demande/app-historique-demande/lib-generic-modal/p-dialog/div/div[2]/div/div[1]/input-multi-select/div/div/p-multiselect/div' in '5' second(s)

03-01-2024T16:45:22 - [MESSAGE][INFO] - Smart Wait Function is triggered

03-01-2024T16:45:22 - [MESSAGE][INFO] - Found 1 web elements with id: 'Object Repository/Page_Verif_AccordeonInformationsGeneralesDemande_Agent/List_TypeAction' located by 'By.xpath: //*[@id="content"]/app-demande-instruction/div/app-statut-demande/app-historique-demande/lib-generic-modal/p-dialog/div/div[2]/div/div[1]/input-multi-select/div/div/p-multiselect/div' in '5' second(s)

03-01-2024T16:45:22 - [MESSAGE][INFO] - Clicking on object: 'Object Repository/Page_Verif_AccordeonInformationsGeneralesDemande_Agent/List_TypeAction'

03-01-2024T16:45:24 - [MESSAGE][PASSED] - Object: 'Object Repository/Page_Verif_AccordeonInformationsGeneralesDemande_Agent/List_TypeAction' is clicked on

03-01-2024T16:45:24 - [TEST_STEP][PASSED] - PopUpHistoBtnFermer = findTestObject("Object Repository/Page_Verif_AccordeonInformationsGeneralesDemande_Agent/btn_PopUpHistoFermer"): Finding Test Object 'Object Repository/Page_Verif_AccordeonInformationsGeneralesDemande_Agent/btn_PopUpHistoFermer'

03-01-2024T16:45:24 - [MESSAGE][INFO] - Finding Test Object 'Object Repository/Page_Verif_AccordeonInformationsGeneralesDemande_Agent/btn_PopUpHistoFermer'

03-01-2024T16:45:24 - [TEST_STEP][PASSED] - verifyElementPresent(PopUpHistoBtnFermer, 1): Object 'Object Repository/Page_Verif_AccordeonInformationsGeneralesDemande_Agent/btn_PopUpHistoFermer' is present

03-01-2024T16:45:24 - [MESSAGE][INFO] - Checking object

03-01-2024T16:45:24 - [MESSAGE][INFO] - Finding web element from Test Object's properties

03-01-2024T16:45:24 - [MESSAGE][INFO] - Checking timeout

03-01-2024T16:45:24 - [MESSAGE][INFO] - Finding web element with id: 'Object Repository/Page_Verif_AccordeonInformationsGeneralesDemande_Agent/btn_PopUpHistoFermer' located by 'By.xpath: //*[@id="content"]/app-demande-instruction/div/app-statut-demande/app-historique-demande/lib-generic-modal/p-dialog/div/div[3]/p-footer/button/span' in '1' second(s)

03-01-2024T16:45:24 - [MESSAGE][INFO] - Smart Wait Function is triggered

03-01-2024T16:45:24 - [MESSAGE][INFO] - Found 1 web elements with id: 'Object Repository/Page_Verif_AccordeonInformationsGeneralesDemande_Agent/btn_PopUpHistoFermer' located by 'By.xpath: //*[@id="content"]/app-demande-instruction/div/app-statut-demande/app-historique-demande/lib-generic-modal/p-dialog/div/div[3]/p-footer/button/span' in '1' second(s)

03-01-2024T16:45:24 - [MESSAGE][PASSED] - Object 'Object Repository/Page_Verif_AccordeonInformationsGeneralesDemande_Agent/btn_PopUpHistoFermer' is present

03-01-2024T16:45:24 - [TEST_STEP][PASSED] - click(PopUpHistoBtnFermer): Object: 'Object Repository/Page_Verif_AccordeonInformationsGeneralesDemande_Agent/btn_PopUpHistoFermer' is clicked on

03-01-2024T16:45:24 - [MESSAGE][INFO] - Checking timeout

03-01-2024T16:45:24 - [MESSAGE][INFO] - Finding web element with id: 'Object Repository/Page_Verif_AccordeonInformationsGeneralesDemande_Agent/btn_PopUpHistoFermer' located by 'By.xpath: //*[@id="content"]/app-demande-instruction/div/app-statut-demande/app-historique-demande/lib-generic-modal/p-dialog/div/div[3]/p-footer/button/span' in '20' second(s)

03-01-2024T16:45:24 - [MESSAGE][INFO] - Smart Wait Function is triggered

03-01-2024T16:45:24 - [MESSAGE][INFO] - Found 1 web elements with id: 'Object Repository/Page_Verif_AccordeonInformationsGeneralesDemande_Agent/btn_PopUpHistoFermer' located by 'By.xpath: //*[@id="content"]/app-demande-instruction/div/app-statut-demande/app-historique-demande/lib-generic-modal/p-dialog/div/div[3]/p-footer/button/span' in '20' second(s)

03-01-2024T16:45:24 - [MESSAGE][INFO] - Checking object

03-01-2024T16:45:24 - [MESSAGE][INFO] - Checking timeout

03-01-2024T16:45:24 - [MESSAGE][INFO] - Finding web element from Test Object's properties

03-01-2024T16:45:24 - [MESSAGE][INFO] - Checking timeout

03-01-2024T16:45:24 - [MESSAGE][INFO] - Finding web element with id: 'Object Repository/Page_Verif_AccordeonInformationsGeneralesDemande_Agent/btn_PopUpHistoFermer' located by 'By.xpath: //*[@id="content"]/app-demande-instruction/div/app-statut-demande/app-historique-demande/lib-generic-modal/p-dialog/div/div[3]/p-footer/button/span' in '5' second(s)

03-01-2024T16:45:24 - [MESSAGE][INFO] - Smart Wait Function is triggered

03-01-2024T16:45:24 - [MESSAGE][INFO] - Found 1 web elements with id: 'Object Repository/Page_Verif_AccordeonInformationsGeneralesDemande_Agent/btn_PopUpHistoFermer' located by 'By.xpath: //*[@id="content"]/app-demande-instruction/div/app-statut-demande/app-historique-demande/lib-generic-modal/p-dialog/div/div[3]/p-footer/button/span' in '5' second(s)

03-01-2024T16:45:24 - [MESSAGE][INFO] - Clicking on object: 'Object Repository/Page_Verif_AccordeonInformationsGeneralesDemande_Agent/btn_PopUpHistoFermer'

03-01-2024T16:45:27 - [MESSAGE][PASSED] - Object: 'Object Repository/Page_Verif_AccordeonInformationsGeneralesDemande_Agent/btn_PopUpHistoFermer' is clicked on

03-01-2024T16:45:27 - [TEST_STEP][PASSED] - AfficherDocumentsAdditionnels = findTestObject("Object Repository/Page_Verif_AccordeonInformationsGeneralesDemande_Agent/Link_AfficherDocsAdditionnels"): Finding Test Object 'Object Repository/Page_Verif_AccordeonInformationsGeneralesDemande_Agent/Link_AfficherDocsAdditionnels'

03-01-2024T16:45:27 - [MESSAGE][INFO] - Finding Test Object 'Object Repository/Page_Verif_AccordeonInformationsGeneralesDemande_Agent/Link_AfficherDocsAdditionnels'

03-01-2024T16:45:27 - [TEST_STEP][PASSED] - verifyElementPresent(AfficherDocumentsAdditionnels, 1): Object 'Object Repository/Page_Verif_AccordeonInformationsGeneralesDemande_Agent/Link_AfficherDocsAdditionnels' is present

03-01-2024T16:45:27 - [MESSAGE][INFO] - Checking object

03-01-2024T16:45:27 - [MESSAGE][INFO] - Finding web element from Test Object's properties

03-01-2024T16:45:27 - [MESSAGE][INFO] - Checking timeout

03-01-2024T16:45:27 - [MESSAGE][INFO] - Finding web element with id: 'Object Repository/Page_Verif_AccordeonInformationsGeneralesDemande_Agent/Link_AfficherDocsAdditionnels' located by 'By.xpath: /html/body/app-root/app-layout/div/div/div/app-navigation-layout/div[2]/app-demande-instruction/div/app-statut-demande/div/div/div[2]/a[3]' in '1' second(s)

03-01-2024T16:45:27 - [MESSAGE][INFO] - Smart Wait Function is triggered

03-01-2024T16:45:27 - [MESSAGE][INFO] - Found 1 web elements with id: 'Object Repository/Page_Verif_AccordeonInformationsGeneralesDemande_Agent/Link_AfficherDocsAdditionnels' located by 'By.xpath: /html/body/app-root/app-layout/div/div/div/app-navigation-layout/div[2]/app-demande-instruction/div/app-statut-demande/div/div/div[2]/a[3]' in '1' second(s)

03-01-2024T16:45:27 - [MESSAGE][PASSED] - Object 'Object Repository/Page_Verif_AccordeonInformationsGeneralesDemande_Agent/Link_AfficherDocsAdditionnels' is present

03-01-2024T16:45:27 - [TEST_STEP][PASSED] - click(AfficherDocumentsAdditionnels): Object: 'Object Repository/Page_Verif_AccordeonInformationsGeneralesDemande_Agent/Link_AfficherDocsAdditionnels' is clicked on

03-01-2024T16:45:27 - [MESSAGE][INFO] - Checking timeout

03-01-2024T16:45:27 - [MESSAGE][INFO] - Finding web element with id: 'Object Repository/Page_Verif_AccordeonInformationsGeneralesDemande_Agent/Link_AfficherDocsAdditionnels' located by 'By.xpath: /html/body/app-root/app-layout/div/div/div/app-navigation-layout/div[2]/app-demande-instruction/div/app-statut-demande/div/div/div[2]/a[3]' in '20' second(s)

03-01-2024T16:45:27 - [MESSAGE][INFO] - Smart Wait Function is triggered

03-01-2024T16:45:27 - [MESSAGE][INFO] - Found 1 web elements with id: 'Object Repository/Page_Verif_AccordeonInformationsGeneralesDemande_Agent/Link_AfficherDocsAdditionnels' located by 'By.xpath: /html/body/app-root/app-layout/div/div/div/app-navigation-layout/div[2]/app-demande-instruction/div/app-statut-demande/div/div/div[2]/a[3]' in '20' second(s)

03-01-2024T16:45:27 - [MESSAGE][INFO] - Checking object

03-01-2024T16:45:27 - [MESSAGE][INFO] - Checking timeout

03-01-2024T16:45:27 - [MESSAGE][INFO] - Finding web element from Test Object's properties

03-01-2024T16:45:27 - [MESSAGE][INFO] - Checking timeout

03-01-2024T16:45:27 - [MESSAGE][INFO] - Finding web element with id: 'Object Repository/Page_Verif_AccordeonInformationsGeneralesDemande_Agent/Link_AfficherDocsAdditionnels' located by 'By.xpath: /html/body/app-root/app-layout/div/div/div/app-navigation-layout/div[2]/app-demande-instruction/div/app-statut-demande/div/div/div[2]/a[3]' in '5' second(s)

03-01-2024T16:45:27 - [MESSAGE][INFO] - Smart Wait Function is triggered

03-01-2024T16:45:27 - [MESSAGE][INFO] - Found 1 web elements with id: 'Object Repository/Page_Verif_AccordeonInformationsGeneralesDemande_Agent/Link_AfficherDocsAdditionnels' located by 'By.xpath: /html/body/app-root/app-layout/div/div/div/app-navigation-layout/div[2]/app-demande-instruction/div/app-statut-demande/div/div/div[2]/a[3]' in '5' second(s)

03-01-2024T16:45:27 - [MESSAGE][INFO] - Clicking on object: 'Object Repository/Page_Verif_AccordeonInformationsGeneralesDemande_Agent/Link_AfficherDocsAdditionnels'

03-01-2024T16:45:29 - [MESSAGE][PASSED] - Object: 'Object Repository/Page_Verif_AccordeonInformationsGeneralesDemande_Agent/Link_AfficherDocsAdditionnels' is clicked on

03-01-2024T16:45:29 - [TEST_STEP][PASSED] - PopUpDocsAdditionnels = findTestObject("Object Repository/Page_Verif_AccordeonInformationsGeneralesDemande_Agent/PopUpDocsAdditionnels"): Finding Test Object 'Object Repository/Page_Verif_AccordeonInformationsGeneralesDemande_Agent/PopUpDocsAdditionnels'

03-01-2024T16:45:29 - [MESSAGE][INFO] - Finding Test Object 'Object Repository/Page_Verif_AccordeonInformationsGeneralesDemande_Agent/PopUpDocsAdditionnels'

03-01-2024T16:45:29 - [TEST_STEP][PASSED] - verifyElementPresent(PopUpDocsAdditionnels, 1): Object 'Object Repository/Page_Verif_AccordeonInformationsGeneralesDemande_Agent/PopUpDocsAdditionnels' is present

03-01-2024T16:45:29 - [MESSAGE][INFO] - Checking object

03-01-2024T16:45:29 - [MESSAGE][INFO] - Finding web element from Test Object's properties

03-01-2024T16:45:29 - [MESSAGE][INFO] - Checking timeout

03-01-2024T16:45:29 - [MESSAGE][INFO] - Finding web element with id: 'Object Repository/Page_Verif_AccordeonInformationsGeneralesDemande_Agent/PopUpDocsAdditionnels' located by 'By.xpath: /html/body/app-root/app-layout/div/div/div/app-navigation-layout/div[2]/app-demande-instruction/div/app-statut-demande/app-documents-additionnels/lib-generic-modal/p-dialog/div/div[1]/span/p-header/h2' in '1' second(s)

03-01-2024T16:45:29 - [MESSAGE][INFO] - Smart Wait Function is triggered

03-01-2024T16:45:29 - [MESSAGE][INFO] - Found 1 web elements with id: 'Object Repository/Page_Verif_AccordeonInformationsGeneralesDemande_Agent/PopUpDocsAdditionnels' located by 'By.xpath: /html/body/app-root/app-layout/div/div/div/app-navigation-layout/div[2]/app-demande-instruction/div/app-statut-demande/app-documents-additionnels/lib-generic-modal/p-dialog/div/div[1]/span/p-header/h2' in '1' second(s)

03-01-2024T16:45:29 - [MESSAGE][PASSED] - Object 'Object Repository/Page_Verif_AccordeonInformationsGeneralesDemande_Agent/PopUpDocsAdditionnels' is present

03-01-2024T16:45:29 - [TEST_STEP][PASSED] - TitrePopUpDocsAdditionnels = getText(PopUpDocsAdditionnels): Text of object 'Object Repository/Page_Verif_AccordeonInformationsGeneralesDemande_Agent/PopUpDocsAdditionnels' is: 'DOCUMENTS ADDITIONNELS'

03-01-2024T16:45:29 - [MESSAGE][INFO] - Checking object

03-01-2024T16:45:29 - [MESSAGE][INFO] - Finding web element from Test Object's properties

03-01-2024T16:45:29 - [MESSAGE][INFO] - Checking timeout

03-01-2024T16:45:29 - [MESSAGE][INFO] - Finding web element with id: 'Object Repository/Page_Verif_AccordeonInformationsGeneralesDemande_Agent/PopUpDocsAdditionnels' located by 'By.xpath: /html/body/app-root/app-layout/div/div/div/app-navigation-layout/div[2]/app-demande-instruction/div/app-statut-demande/app-documents-additionnels/lib-generic-modal/p-dialog/div/div[1]/span/p-header/h2' in '5' second(s)

03-01-2024T16:45:29 - [MESSAGE][INFO] - Smart Wait Function is triggered

03-01-2024T16:45:29 - [MESSAGE][INFO] - Found 1 web elements with id: 'Object Repository/Page_Verif_AccordeonInformationsGeneralesDemande_Agent/PopUpDocsAdditionnels' located by 'By.xpath: /html/body/app-root/app-layout/div/div/div/app-navigation-layout/div[2]/app-demande-instruction/div/app-statut-demande/app-documents-additionnels/lib-generic-modal/p-dialog/div/div[1]/span/p-header/h2' in '5' second(s)

03-01-2024T16:45:29 - [MESSAGE][INFO] - Getting text of object 'Object Repository/Page_Verif_AccordeonInformationsGeneralesDemande_Agent/PopUpDocsAdditionnels'

03-01-2024T16:45:29 - [MESSAGE][PASSED] - Text of object 'Object Repository/Page_Verif_AccordeonInformationsGeneralesDemande_Agent/PopUpDocsAdditionnels' is: 'DOCUMENTS ADDITIONNELS'

03-01-2024T16:45:29 - [TEST_STEP][PASSED] - if (!(TitrePopUpDocsAdditionnels.contains("DOCUMENTS ADDITIONNELS"))): null

03-01-2024T16:45:29 - [TEST_STEP][PASSED] - else: Le Titre de PopUp est bien Affiché : DOCUMENTS ADDITIONNELS.

03-01-2024T16:45:29 - [TEST_STEP][PASSED] - markPassed("Le Titre de PopUp est bien Affiché : DOCUMENTS ADDITIONNELS."): Le Titre de PopUp est bien Affiché : DOCUMENTS ADDITIONNELS.

03-01-2024T16:45:29 - [MESSAGE][PASSED] - Le Titre de PopUp est bien Affiché : DOCUMENTS ADDITIONNELS.

03-01-2024T16:45:29 - [TEST_STEP][PASSED] - PopUpDocumentAddBtnFermer = findTestObject("Object Repository/Page_Verif_AccordeonInformationsGeneralesDemande_Agent/btn_PopUpDocumentsAddFermer"): Finding Test Object 'Object Repository/Page_Verif_AccordeonInformationsGeneralesDemande_Agent/btn_PopUpDocumentsAddFermer'

03-01-2024T16:45:29 - [MESSAGE][INFO] - Finding Test Object 'Object Repository/Page_Verif_AccordeonInformationsGeneralesDemande_Agent/btn_PopUpDocumentsAddFermer'

03-01-2024T16:45:29 - [TEST_STEP][PASSED] - verifyElementPresent(PopUpDocumentAddBtnFermer, 1): Object 'Object Repository/Page_Verif_AccordeonInformationsGeneralesDemande_Agent/btn_PopUpDocumentsAddFermer' is present

03-01-2024T16:45:29 - [MESSAGE][INFO] - Checking object

03-01-2024T16:45:29 - [MESSAGE][INFO] - Finding web element from Test Object's properties

03-01-2024T16:45:29 - [MESSAGE][INFO] - Checking timeout

03-01-2024T16:45:29 - [MESSAGE][INFO] - Finding web element with id: 'Object Repository/Page_Verif_AccordeonInformationsGeneralesDemande_Agent/btn_PopUpDocumentsAddFermer' located by 'By.xpath: //*[@id="content"]/app-demande-instruction/div/app-statut-demande/app-documents-additionnels/lib-generic-modal/p-dialog/div/div[3]/p-footer/button/span' in '1' second(s)

03-01-2024T16:45:29 - [MESSAGE][INFO] - Smart Wait Function is triggered

03-01-2024T16:45:29 - [MESSAGE][INFO] - Found 1 web elements with id: 'Object Repository/Page_Verif_AccordeonInformationsGeneralesDemande_Agent/btn_PopUpDocumentsAddFermer' located by 'By.xpath: //*[@id="content"]/app-demande-instruction/div/app-statut-demande/app-documents-additionnels/lib-generic-modal/p-dialog/div/div[3]/p-footer/button/span' in '1' second(s)

03-01-2024T16:45:29 - [MESSAGE][PASSED] - Object 'Object Repository/Page_Verif_AccordeonInformationsGeneralesDemande_Agent/btn_PopUpDocumentsAddFermer' is present

03-01-2024T16:45:29 - [TEST_STEP][PASSED] - click(PopUpDocumentAddBtnFermer): Object: 'Object Repository/Page_Verif_AccordeonInformationsGeneralesDemande_Agent/btn_PopUpDocumentsAddFermer' is clicked on

03-01-2024T16:45:29 - [MESSAGE][INFO] - Checking timeout

03-01-2024T16:45:29 - [MESSAGE][INFO] - Finding web element with id: 'Object Repository/Page_Verif_AccordeonInformationsGeneralesDemande_Agent/btn_PopUpDocumentsAddFermer' located by 'By.xpath: //*[@id="content"]/app-demande-instruction/div/app-statut-demande/app-documents-additionnels/lib-generic-modal/p-dialog/div/div[3]/p-footer/button/span' in '20' second(s)

03-01-2024T16:45:29 - [MESSAGE][INFO] - Smart Wait Function is triggered

03-01-2024T16:45:29 - [MESSAGE][INFO] - Found 1 web elements with id: 'Object Repository/Page_Verif_AccordeonInformationsGeneralesDemande_Agent/btn_PopUpDocumentsAddFermer' located by 'By.xpath: //*[@id="content"]/app-demande-instruction/div/app-statut-demande/app-documents-additionnels/lib-generic-modal/p-dialog/div/div[3]/p-footer/button/span' in '20' second(s)

03-01-2024T16:45:29 - [MESSAGE][INFO] - Checking object

03-01-2024T16:45:29 - [MESSAGE][INFO] - Checking timeout

03-01-2024T16:45:29 - [MESSAGE][INFO] - Finding web element from Test Object's properties

03-01-2024T16:45:29 - [MESSAGE][INFO] - Checking timeout

03-01-2024T16:45:29 - [MESSAGE][INFO] - Finding web element with id: 'Object Repository/Page_Verif_AccordeonInformationsGeneralesDemande_Agent/btn_PopUpDocumentsAddFermer' located by 'By.xpath: //*[@id="content"]/app-demande-instruction/div/app-statut-demande/app-documents-additionnels/lib-generic-modal/p-dialog/div/div[3]/p-footer/button/span' in '5' second(s)

03-01-2024T16:45:29 - [MESSAGE][INFO] - Smart Wait Function is triggered

03-01-2024T16:45:29 - [MESSAGE][INFO] - Found 1 web elements with id: 'Object Repository/Page_Verif_AccordeonInformationsGeneralesDemande_Agent/btn_PopUpDocumentsAddFermer' located by 'By.xpath: //*[@id="content"]/app-demande-instruction/div/app-statut-demande/app-documents-additionnels/lib-generic-modal/p-dialog/div/div[3]/p-footer/button/span' in '5' second(s)

03-01-2024T16:45:29 - [MESSAGE][INFO] - Clicking on object: 'Object Repository/Page_Verif_AccordeonInformationsGeneralesDemande_Agent/btn_PopUpDocumentsAddFermer'

03-01-2024T16:45:31 - [MESSAGE][PASSED] - Object: 'Object Repository/Page_Verif_AccordeonInformationsGeneralesDemande_Agent/btn_PopUpDocumentsAddFermer' is clicked on

03-01-2024T16:45:31 - [TEST_STEP][PASSED] - LinkTransferer = findTestObject("Object Repository/Page_Verif_AccordeonInformationsGeneralesDemande_Agent/Link_Transferer"): Finding Test Object 'Object Repository/Page_Verif_AccordeonInformationsGeneralesDemande_Agent/Link_Transferer'

03-01-2024T16:45:31 - [MESSAGE][INFO] - Finding Test Object 'Object Repository/Page_Verif_AccordeonInformationsGeneralesDemande_Agent/Link_Transferer'

03-01-2024T16:45:31 - [TEST_STEP][PASSED] - verifyElementPresent(LinkTransferer, 1): Object 'Object Repository/Page_Verif_AccordeonInformationsGeneralesDemande_Agent/Link_Transferer' is present

03-01-2024T16:45:31 - [MESSAGE][INFO] - Checking object

03-01-2024T16:45:31 - [MESSAGE][INFO] - Finding web element from Test Object's properties

03-01-2024T16:45:31 - [MESSAGE][INFO] - Checking timeout

03-01-2024T16:45:31 - [MESSAGE][INFO] - Finding web element with id: 'Object Repository/Page_Verif_AccordeonInformationsGeneralesDemande_Agent/Link_Transferer' located by 'By.xpath: //*[@id="content"]/app-demande-instruction/div/app-statut-demande/div/div/div[1]/div[6]/span/a' in '1' second(s)

03-01-2024T16:45:31 - [MESSAGE][INFO] - Smart Wait Function is triggered

03-01-2024T16:45:31 - [MESSAGE][INFO] - Found 1 web elements with id: 'Object Repository/Page_Verif_AccordeonInformationsGeneralesDemande_Agent/Link_Transferer' located by 'By.xpath: //*[@id="content"]/app-demande-instruction/div/app-statut-demande/div/div/div[1]/div[6]/span/a' in '1' second(s)

03-01-2024T16:45:31 - [MESSAGE][PASSED] - Object 'Object Repository/Page_Verif_AccordeonInformationsGeneralesDemande_Agent/Link_Transferer' is present

03-01-2024T16:45:31 - [TEST_STEP][PASSED] - click(LinkTransferer): Object: 'Object Repository/Page_Verif_AccordeonInformationsGeneralesDemande_Agent/Link_Transferer' is clicked on

03-01-2024T16:45:31 - [MESSAGE][INFO] - Checking timeout

03-01-2024T16:45:31 - [MESSAGE][INFO] - Finding web element with id: 'Object Repository/Page_Verif_AccordeonInformationsGeneralesDemande_Agent/Link_Transferer' located by 'By.xpath: //*[@id="content"]/app-demande-instruction/div/app-statut-demande/div/div/div[1]/div[6]/span/a' in '20' second(s)

03-01-2024T16:45:31 - [MESSAGE][INFO] - Smart Wait Function is triggered

03-01-2024T16:45:31 - [MESSAGE][INFO] - Found 1 web elements with id: 'Object Repository/Page_Verif_AccordeonInformationsGeneralesDemande_Agent/Link_Transferer' located by 'By.xpath: //*[@id="content"]/app-demande-instruction/div/app-statut-demande/div/div/div[1]/div[6]/span/a' in '20' second(s)

03-01-2024T16:45:31 - [MESSAGE][INFO] - Checking object

03-01-2024T16:45:31 - [MESSAGE][INFO] - Checking timeout

03-01-2024T16:45:31 - [MESSAGE][INFO] - Finding web element from Test Object's properties

03-01-2024T16:45:31 - [MESSAGE][INFO] - Checking timeout

03-01-2024T16:45:31 - [MESSAGE][INFO] - Finding web element with id: 'Object Repository/Page_Verif_AccordeonInformationsGeneralesDemande_Agent/Link_Transferer' located by 'By.xpath: //*[@id="content"]/app-demande-instruction/div/app-statut-demande/div/div/div[1]/div[6]/span/a' in '5' second(s)

03-01-2024T16:45:31 - [MESSAGE][INFO] - Smart Wait Function is triggered

03-01-2024T16:45:31 - [MESSAGE][INFO] - Found 1 web elements with id: 'Object Repository/Page_Verif_AccordeonInformationsGeneralesDemande_Agent/Link_Transferer' located by 'By.xpath: //*[@id="content"]/app-demande-instruction/div/app-statut-demande/div/div/div[1]/div[6]/span/a' in '5' second(s)

03-01-2024T16:45:31 - [MESSAGE][INFO] - Clicking on object: 'Object Repository/Page_Verif_AccordeonInformationsGeneralesDemande_Agent/Link_Transferer'

03-01-2024T16:45:33 - [MESSAGE][PASSED] - Object: 'Object Repository/Page_Verif_AccordeonInformationsGeneralesDemande_Agent/Link_Transferer' is clicked on

03-01-2024T16:45:33 - [TEST_STEP][PASSED] - PopUpTransferer = findTestObject("Object Repository/Page_Verif_AccordeonInformationsGeneralesDemande_Agent/PopUp_TransfererLaDemande"): Finding Test Object 'Object Repository/Page_Verif_AccordeonInformationsGeneralesDemande_Agent/PopUp_TransfererLaDemande'

03-01-2024T16:45:33 - [MESSAGE][INFO] - Finding Test Object 'Object Repository/Page_Verif_AccordeonInformationsGeneralesDemande_Agent/PopUp_TransfererLaDemande'

03-01-2024T16:45:34 - [TEST_STEP][PASSED] - verifyElementPresent(PopUpTransferer, 1): Object 'Object Repository/Page_Verif_AccordeonInformationsGeneralesDemande_Agent/PopUp_TransfererLaDemande' is present

03-01-2024T16:45:34 - [MESSAGE][INFO] - Checking object

03-01-2024T16:45:34 - [MESSAGE][INFO] - Finding web element from Test Object's properties

03-01-2024T16:45:34 - [MESSAGE][INFO] - Checking timeout

03-01-2024T16:45:34 - [MESSAGE][INFO] - Finding web element with id: 'Object Repository/Page_Verif_AccordeonInformationsGeneralesDemande_Agent/PopUp_TransfererLaDemande' located by 'By.xpath: /html/body/app-root/app-layout/div/div/div/app-navigation-layout/div[2]/app-demande-instruction/div/app-statut-demande/app-transfert-demande/lib-generic-modal/p-dialog/div/div[1]/span/p-header/h2' in '1' second(s)

03-01-2024T16:45:34 - [MESSAGE][INFO] - Smart Wait Function is triggered

03-01-2024T16:45:34 - [MESSAGE][INFO] - Found 1 web elements with id: 'Object Repository/Page_Verif_AccordeonInformationsGeneralesDemande_Agent/PopUp_TransfererLaDemande' located by 'By.xpath: /html/body/app-root/app-layout/div/div/div/app-navigation-layout/div[2]/app-demande-instruction/div/app-statut-demande/app-transfert-demande/lib-generic-modal/p-dialog/div/div[1]/span/p-header/h2' in '1' second(s)

03-01-2024T16:45:34 - [MESSAGE][PASSED] - Object 'Object Repository/Page_Verif_AccordeonInformationsGeneralesDemande_Agent/PopUp_TransfererLaDemande' is present

03-01-2024T16:45:34 - [TEST_STEP][PASSED] - TitrePopUpTransferer = getText(PopUpTransferer): Text of object 'Object Repository/Page_Verif_AccordeonInformationsGeneralesDemande_Agent/PopUp_TransfererLaDemande' is: 'TRANSFÉRER LA DEMANDE'

03-01-2024T16:45:34 - [MESSAGE][INFO] - Checking object

03-01-2024T16:45:34 - [MESSAGE][INFO] - Finding web element from Test Object's properties

03-01-2024T16:45:34 - [MESSAGE][INFO] - Checking timeout

03-01-2024T16:45:34 - [MESSAGE][INFO] - Finding web element with id: 'Object Repository/Page_Verif_AccordeonInformationsGeneralesDemande_Agent/PopUp_TransfererLaDemande' located by 'By.xpath: /html/body/app-root/app-layout/div/div/div/app-navigation-layout/div[2]/app-demande-instruction/div/app-statut-demande/app-transfert-demande/lib-generic-modal/p-dialog/div/div[1]/span/p-header/h2' in '5' second(s)

03-01-2024T16:45:34 - [MESSAGE][INFO] - Smart Wait Function is triggered

03-01-2024T16:45:34 - [MESSAGE][INFO] - Found 1 web elements with id: 'Object Repository/Page_Verif_AccordeonInformationsGeneralesDemande_Agent/PopUp_TransfererLaDemande' located by 'By.xpath: /html/body/app-root/app-layout/div/div/div/app-navigation-layout/div[2]/app-demande-instruction/div/app-statut-demande/app-transfert-demande/lib-generic-modal/p-dialog/div/div[1]/span/p-header/h2' in '5' second(s)

03-01-2024T16:45:34 - [MESSAGE][INFO] - Getting text of object 'Object Repository/Page_Verif_AccordeonInformationsGeneralesDemande_Agent/PopUp_TransfererLaDemande'

03-01-2024T16:45:34 - [MESSAGE][PASSED] - Text of object 'Object Repository/Page_Verif_AccordeonInformationsGeneralesDemande_Agent/PopUp_TransfererLaDemande' is: 'TRANSFÉRER LA DEMANDE'

03-01-2024T16:45:34 - [TEST_STEP][PASSED] - if (!(TitrePopUpTransferer.contains("TRANSFÉRER LA DEMANDE"))): null

03-01-2024T16:45:34 - [TEST_STEP][PASSED] - else: Le Titre de PopUp est bien Affiché : TRANSFÉRER LA DEMANDE.

03-01-2024T16:45:34 - [TEST_STEP][PASSED] - markPassed("Le Titre de PopUp est bien Affiché : TRANSFÉRER LA DEMANDE."): Le Titre de PopUp est bien Affiché : TRANSFÉRER LA DEMANDE.

03-01-2024T16:45:34 - [MESSAGE][PASSED] - Le Titre de PopUp est bien Affiché : TRANSFÉRER LA DEMANDE.

03-01-2024T16:45:34 - [TEST_STEP][PASSED] - TransfererA = findTestObject("Object Repository/Page_Verif_AccordeonInformationsGeneralesDemande_Agent/List_TransfererA"): Finding Test Object 'Object Repository/Page_Verif_AccordeonInformationsGeneralesDemande_Agent/List_TransfererA'

03-01-2024T16:45:34 - [MESSAGE][INFO] - Finding Test Object 'Object Repository/Page_Verif_AccordeonInformationsGeneralesDemande_Agent/List_TransfererA'

03-01-2024T16:45:34 - [TEST_STEP][PASSED] - verifyElementPresent(TransfererA, 1): Object 'Object Repository/Page_Verif_AccordeonInformationsGeneralesDemande_Agent/List_TransfererA' is present

03-01-2024T16:45:34 - [MESSAGE][INFO] - Checking object

03-01-2024T16:45:34 - [MESSAGE][INFO] - Finding web element from Test Object's properties

03-01-2024T16:45:34 - [MESSAGE][INFO] - Checking timeout

03-01-2024T16:45:34 - [MESSAGE][INFO] - Finding web element with id: 'Object Repository/Page_Verif_AccordeonInformationsGeneralesDemande_Agent/List_TransfererA' located by 'By.xpath: /html/body/app-root/app-layout/div/div/div/app-navigation-layout/div[2]/app-demande-instruction/div/app-statut-demande/app-transfert-demande/lib-generic-modal/p-dialog/div/div[2]/div[1]/anef-input-select/div/div/p-dropdown/div/div[3]/label' in '1' second(s)

03-01-2024T16:45:34 - [MESSAGE][INFO] - Smart Wait Function is triggered

03-01-2024T16:45:34 - [MESSAGE][INFO] - Found 1 web elements with id: 'Object Repository/Page_Verif_AccordeonInformationsGeneralesDemande_Agent/List_TransfererA' located by 'By.xpath: /html/body/app-root/app-layout/div/div/div/app-navigation-layout/div[2]/app-demande-instruction/div/app-statut-demande/app-transfert-demande/lib-generic-modal/p-dialog/div/div[2]/div[1]/anef-input-select/div/div/p-dropdown/div/div[3]/label' in '1' second(s)

03-01-2024T16:45:34 - [MESSAGE][PASSED] - Object 'Object Repository/Page_Verif_AccordeonInformationsGeneralesDemande_Agent/List_TransfererA' is present

03-01-2024T16:45:34 - [TEST_STEP][PASSED] - doubleClick(TransfererA): Object: 'Object Repository/Page_Verif_AccordeonInformationsGeneralesDemande_Agent/List_TransfererA' is double clicked on

03-01-2024T16:45:34 - [MESSAGE][INFO] - Checking object

03-01-2024T16:45:34 - [MESSAGE][INFO] - Finding web element from Test Object's properties

03-01-2024T16:45:34 - [MESSAGE][INFO] - Checking timeout

03-01-2024T16:45:34 - [MESSAGE][INFO] - Finding web element with id: 'Object Repository/Page_Verif_AccordeonInformationsGeneralesDemande_Agent/List_TransfererA' located by 'By.xpath: /html/body/app-root/app-layout/div/div/div/app-navigation-layout/div[2]/app-demande-instruction/div/app-statut-demande/app-transfert-demande/lib-generic-modal/p-dialog/div/div[2]/div[1]/anef-input-select/div/div/p-dropdown/div/div[3]/label' in '5' second(s)

03-01-2024T16:45:34 - [MESSAGE][INFO] - Smart Wait Function is triggered

03-01-2024T16:45:34 - [MESSAGE][INFO] - Found 1 web elements with id: 'Object Repository/Page_Verif_AccordeonInformationsGeneralesDemande_Agent/List_TransfererA' located by 'By.xpath: /html/body/app-root/app-layout/div/div/div/app-navigation-layout/div[2]/app-demande-instruction/div/app-statut-demande/app-transfert-demande/lib-generic-modal/p-dialog/div/div[2]/div[1]/anef-input-select/div/div/p-dropdown/div/div[3]/label' in '5' second(s)

03-01-2024T16:45:34 - [MESSAGE][INFO] - Double clicking on object: 'Object Repository/Page_Verif_AccordeonInformationsGeneralesDemande_Agent/List_TransfererA'

03-01-2024T16:45:34 - [MESSAGE][PASSED] - Object: 'Object Repository/Page_Verif_AccordeonInformationsGeneralesDemande_Agent/List_TransfererA' is double clicked on

03-01-2024T16:45:34 - [TEST_STEP][PASSED] - delay(2): Delayed 2 second(s)

03-01-2024T16:45:34 - [MESSAGE][INFO] - Delaying browser in 2 second(s)

03-01-2024T16:45:36 - [MESSAGE][PASSED] - Delayed 2 second(s)

03-01-2024T16:45:36 - [TEST_STEP][PASSED] - PopUpTransfererBtnAnnuler = findTestObject("Object Repository/Page_Verif_AccordeonInformationsGeneralesDemande_Agent/btn_PopUpTransfererAnnuler"): Finding Test Object 'Object Repository/Page_Verif_AccordeonInformationsGeneralesDemande_Agent/btn_PopUpTransfererAnnuler'

03-01-2024T16:45:36 - [MESSAGE][INFO] - Finding Test Object 'Object Repository/Page_Verif_AccordeonInformationsGeneralesDemande_Agent/btn_PopUpTransfererAnnuler'

03-01-2024T16:45:36 - [TEST_STEP][PASSED] - verifyElementPresent(PopUpTransfererBtnAnnuler, 2): Object 'Object Repository/Page_Verif_AccordeonInformationsGeneralesDemande_Agent/btn_PopUpTransfererAnnuler' is present

03-01-2024T16:45:36 - [MESSAGE][INFO] - Checking object

03-01-2024T16:45:36 - [MESSAGE][INFO] - Finding web element from Test Object's properties

03-01-2024T16:45:36 - [MESSAGE][INFO] - Checking timeout

03-01-2024T16:45:36 - [MESSAGE][INFO] - Finding web element with id: 'Object Repository/Page_Verif_AccordeonInformationsGeneralesDemande_Agent/btn_PopUpTransfererAnnuler' located by 'By.xpath: //*[@id="content"]/app-demande-instruction/div/app-statut-demande/app-transfert-demande/lib-generic-modal/p-dialog/div/div[3]/p-footer/button[1]/span' in '2' second(s)

03-01-2024T16:45:36 - [MESSAGE][INFO] - Smart Wait Function is triggered

03-01-2024T16:45:36 - [MESSAGE][INFO] - Found 1 web elements with id: 'Object Repository/Page_Verif_AccordeonInformationsGeneralesDemande_Agent/btn_PopUpTransfererAnnuler' located by 'By.xpath: //*[@id="content"]/app-demande-instruction/div/app-statut-demande/app-transfert-demande/lib-generic-modal/p-dialog/div/div[3]/p-footer/button[1]/span' in '2' second(s)

03-01-2024T16:45:36 - [MESSAGE][PASSED] - Object 'Object Repository/Page_Verif_AccordeonInformationsGeneralesDemande_Agent/btn_PopUpTransfererAnnuler' is present

03-01-2024T16:45:36 - [TEST_STEP][PASSED] - click(PopUpTransfererBtnAnnuler): Object: 'Object Repository/Page_Verif_AccordeonInformationsGeneralesDemande_Agent/btn_PopUpTransfererAnnuler' is clicked on

03-01-2024T16:45:36 - [MESSAGE][INFO] - Checking timeout

03-01-2024T16:45:36 - [MESSAGE][INFO] - Finding web element with id: 'Object Repository/Page_Verif_AccordeonInformationsGeneralesDemande_Agent/btn_PopUpTransfererAnnuler' located by 'By.xpath: //*[@id="content"]/app-demande-instruction/div/app-statut-demande/app-transfert-demande/lib-generic-modal/p-dialog/div/div[3]/p-footer/button[1]/span' in '20' second(s)

03-01-2024T16:45:36 - [MESSAGE][INFO] - Smart Wait Function is triggered

03-01-2024T16:45:36 - [MESSAGE][INFO] - Found 1 web elements with id: 'Object Repository/Page_Verif_AccordeonInformationsGeneralesDemande_Agent/btn_PopUpTransfererAnnuler' located by 'By.xpath: //*[@id="content"]/app-demande-instruction/div/app-statut-demande/app-transfert-demande/lib-generic-modal/p-dialog/div/div[3]/p-footer/button[1]/span' in '20' second(s)

03-01-2024T16:45:36 - [MESSAGE][INFO] - Checking object

03-01-2024T16:45:36 - [MESSAGE][INFO] - Checking timeout

03-01-2024T16:45:36 - [MESSAGE][INFO] - Finding web element from Test Object's properties

03-01-2024T16:45:36 - [MESSAGE][INFO] - Checking timeout

03-01-2024T16:45:36 - [MESSAGE][INFO] - Finding web element with id: 'Object Repository/Page_Verif_AccordeonInformationsGeneralesDemande_Agent/btn_PopUpTransfererAnnuler' located by 'By.xpath: //*[@id="content"]/app-demande-instruction/div/app-statut-demande/app-transfert-demande/lib-generic-modal/p-dialog/div/div[3]/p-footer/button[1]/span' in '5' second(s)

03-01-2024T16:45:36 - [MESSAGE][INFO] - Smart Wait Function is triggered

03-01-2024T16:45:36 - [MESSAGE][INFO] - Found 1 web elements with id: 'Object Repository/Page_Verif_AccordeonInformationsGeneralesDemande_Agent/btn_PopUpTransfererAnnuler' located by 'By.xpath: //*[@id="content"]/app-demande-instruction/div/app-statut-demande/app-transfert-demande/lib-generic-modal/p-dialog/div/div[3]/p-footer/button[1]/span' in '5' second(s)

03-01-2024T16:45:36 - [MESSAGE][INFO] - Clicking on object: 'Object Repository/Page_Verif_AccordeonInformationsGeneralesDemande_Agent/btn_PopUpTransfererAnnuler'

03-01-2024T16:45:38 - [MESSAGE][PASSED] - Object: 'Object Repository/Page_Verif_AccordeonInformationsGeneralesDemande_Agent/btn_PopUpTransfererAnnuler' is clicked on

03-01-2024T16:45:38 - [TEST_STEP][PASSED] - LinkReaffecter = findTestObject("Object Repository/Page_Verif_AccordeonInformationsGeneralesDemande_Agent/Link_Reaffecter"): Finding Test Object 'Object Repository/Page_Verif_AccordeonInformationsGeneralesDemande_Agent/Link_Reaffecter'

03-01-2024T16:45:38 - [MESSAGE][INFO] - Finding Test Object 'Object Repository/Page_Verif_AccordeonInformationsGeneralesDemande_Agent/Link_Reaffecter'

03-01-2024T16:45:38 - [TEST_STEP][PASSED] - verifyElementPresent(LinkReaffecter, 1): Object 'Object Repository/Page_Verif_AccordeonInformationsGeneralesDemande_Agent/Link_Reaffecter' is present

03-01-2024T16:45:38 - [MESSAGE][INFO] - Checking object

03-01-2024T16:45:38 - [MESSAGE][INFO] - Finding web element from Test Object's properties

03-01-2024T16:45:38 - [MESSAGE][INFO] - Checking timeout

03-01-2024T16:45:38 - [MESSAGE][INFO] - Finding web element with id: 'Object Repository/Page_Verif_AccordeonInformationsGeneralesDemande_Agent/Link_Reaffecter' located by 'By.xpath: //*[@id="content"]/app-demande-instruction/div/app-statut-demande/div/div/div[1]/div[7]/span/a' in '1' second(s)

03-01-2024T16:45:38 - [MESSAGE][INFO] - Smart Wait Function is triggered

03-01-2024T16:45:38 - [MESSAGE][INFO] - Found 1 web elements with id: 'Object Repository/Page_Verif_AccordeonInformationsGeneralesDemande_Agent/Link_Reaffecter' located by 'By.xpath: //*[@id="content"]/app-demande-instruction/div/app-statut-demande/div/div/div[1]/div[7]/span/a' in '1' second(s)

03-01-2024T16:45:38 - [MESSAGE][PASSED] - Object 'Object Repository/Page_Verif_AccordeonInformationsGeneralesDemande_Agent/Link_Reaffecter' is present

03-01-2024T16:45:38 - [TEST_STEP][PASSED] - click(LinkReaffecter): Object: 'Object Repository/Page_Verif_AccordeonInformationsGeneralesDemande_Agent/Link_Reaffecter' is clicked on

03-01-2024T16:45:38 - [MESSAGE][INFO] - Checking timeout

03-01-2024T16:45:38 - [MESSAGE][INFO] - Finding web element with id: 'Object Repository/Page_Verif_AccordeonInformationsGeneralesDemande_Agent/Link_Reaffecter' located by 'By.xpath: //*[@id="content"]/app-demande-instruction/div/app-statut-demande/div/div/div[1]/div[7]/span/a' in '20' second(s)

03-01-2024T16:45:38 - [MESSAGE][INFO] - Smart Wait Function is triggered

03-01-2024T16:45:38 - [MESSAGE][INFO] - Found 1 web elements with id: 'Object Repository/Page_Verif_AccordeonInformationsGeneralesDemande_Agent/Link_Reaffecter' located by 'By.xpath: //*[@id="content"]/app-demande-instruction/div/app-statut-demande/div/div/div[1]/div[7]/span/a' in '20' second(s)

03-01-2024T16:45:38 - [MESSAGE][INFO] - Checking object

03-01-2024T16:45:38 - [MESSAGE][INFO] - Checking timeout

03-01-2024T16:45:38 - [MESSAGE][INFO] - Finding web element from Test Object's properties

03-01-2024T16:45:38 - [MESSAGE][INFO] - Checking timeout

03-01-2024T16:45:38 - [MESSAGE][INFO] - Finding web element with id: 'Object Repository/Page_Verif_AccordeonInformationsGeneralesDemande_Agent/Link_Reaffecter' located by 'By.xpath: //*[@id="content"]/app-demande-instruction/div/app-statut-demande/div/div/div[1]/div[7]/span/a' in '5' second(s)

03-01-2024T16:45:38 - [MESSAGE][INFO] - Smart Wait Function is triggered

03-01-2024T16:45:38 - [MESSAGE][INFO] - Found 1 web elements with id: 'Object Repository/Page_Verif_AccordeonInformationsGeneralesDemande_Agent/Link_Reaffecter' located by 'By.xpath: //*[@id="content"]/app-demande-instruction/div/app-statut-demande/div/div/div[1]/div[7]/span/a' in '5' second(s)

03-01-2024T16:45:38 - [MESSAGE][INFO] - Clicking on object: 'Object Repository/Page_Verif_AccordeonInformationsGeneralesDemande_Agent/Link_Reaffecter'

03-01-2024T16:45:41 - [MESSAGE][PASSED] - Object: 'Object Repository/Page_Verif_AccordeonInformationsGeneralesDemande_Agent/Link_Reaffecter' is clicked on

03-01-2024T16:45:41 - [TEST_STEP][PASSED] - PopUpReaffecter = findTestObject("Object Repository/Page_Verif_AccordeonInformationsGeneralesDemande_Agent/PopUp_ReaffecterLaDemande"): Finding Test Object 'Object Repository/Page_Verif_AccordeonInformationsGeneralesDemande_Agent/PopUp_ReaffecterLaDemande'

03-01-2024T16:45:41 - [MESSAGE][INFO] - Finding Test Object 'Object Repository/Page_Verif_AccordeonInformationsGeneralesDemande_Agent/PopUp_ReaffecterLaDemande'

03-01-2024T16:45:41 - [TEST_STEP][PASSED] - verifyElementPresent(PopUpReaffecter, 1): Object 'Object Repository/Page_Verif_AccordeonInformationsGeneralesDemande_Agent/PopUp_ReaffecterLaDemande' is present

03-01-2024T16:45:41 - [MESSAGE][INFO] - Checking object

03-01-2024T16:45:41 - [MESSAGE][INFO] - Finding web element from Test Object's properties

03-01-2024T16:45:41 - [MESSAGE][INFO] - Checking timeout

03-01-2024T16:45:41 - [MESSAGE][INFO] - Finding web element with id: 'Object Repository/Page_Verif_AccordeonInformationsGeneralesDemande_Agent/PopUp_ReaffecterLaDemande' located by 'By.xpath: //app-navigation-layout//app-demandes-sejour//app-demande-table/app-reaffectation-demande/lib-generic-modal/p-dialog/div/div[1]/span/p-header/h2|//app-navigation-layout//app-demande-instruction//app-statut-demande/app-reaffectation-demande/lib-generic-modal/p-dialog/div/div[1]/span/p-header/h2' in '1' second(s)

03-01-2024T16:45:41 - [MESSAGE][INFO] - Smart Wait Function is triggered

03-01-2024T16:45:41 - [MESSAGE][INFO] - Smart Wait Function is triggered

03-01-2024T16:45:41 - [MESSAGE][INFO] - Smart Wait Function is triggered

03-01-2024T16:45:41 - [MESSAGE][INFO] - Smart Wait Function is triggered

03-01-2024T16:45:41 - [MESSAGE][INFO] - Smart Wait Function is triggered

03-01-2024T16:45:41 - [MESSAGE][INFO] - Smart Wait Function is triggered

03-01-2024T16:45:41 - [MESSAGE][INFO] - Smart Wait Function is triggered

03-01-2024T16:45:41 - [MESSAGE][INFO] - Smart Wait Function is triggered

03-01-2024T16:45:41 - [MESSAGE][INFO] - Smart Wait Function is triggered

03-01-2024T16:45:41 - [MESSAGE][INFO] - Smart Wait Function is triggered

03-01-2024T16:45:41 - [MESSAGE][INFO] - Smart Wait Function is triggered

03-01-2024T16:45:41 - [MESSAGE][INFO] - Smart Wait Function is triggered

03-01-2024T16:45:41 - [MESSAGE][INFO] - Smart Wait Function is triggered

03-01-2024T16:45:41 - [MESSAGE][INFO] - Smart Wait Function is triggered

03-01-2024T16:45:41 - [MESSAGE][INFO] - Smart Wait Function is triggered

03-01-2024T16:45:41 - [MESSAGE][INFO] - Smart Wait Function is triggered

03-01-2024T16:45:41 - [MESSAGE][INFO] - Smart Wait Function is triggered

03-01-2024T16:45:41 - [MESSAGE][INFO] - Smart Wait Function is triggered

03-01-2024T16:45:41 - [MESSAGE][INFO] - Found 1 web elements with id: 'Object Repository/Page_Verif_AccordeonInformationsGeneralesDemande_Agent/PopUp_ReaffecterLaDemande' located by 'By.xpath: //app-navigation-layout//app-demandes-sejour//app-demande-table/app-reaffectation-demande/lib-generic-modal/p-dialog/div/div[1]/span/p-header/h2|//app-navigation-layout//app-demande-instruction//app-statut-demande/app-reaffectation-demande/lib-generic-modal/p-dialog/div/div[1]/span/p-header/h2' in '1' second(s)

03-01-2024T16:45:41 - [MESSAGE][PASSED] - Object 'Object Repository/Page_Verif_AccordeonInformationsGeneralesDemande_Agent/PopUp_ReaffecterLaDemande' is present

03-01-2024T16:45:41 - [TEST_STEP][PASSED] - TitrePopUpReaffecter = getText(PopUpReaffecter): Text of object 'Object Repository/Page_Verif_AccordeonInformationsGeneralesDemande_Agent/PopUp_ReaffecterLaDemande' is: 'RÉAFFECTER LA DEMANDE'

03-01-2024T16:45:41 - [MESSAGE][INFO] - Checking object

03-01-2024T16:45:41 - [MESSAGE][INFO] - Finding web element from Test Object's properties

03-01-2024T16:45:41 - [MESSAGE][INFO] - Checking timeout

03-01-2024T16:45:41 - [MESSAGE][INFO] - Finding web element with id: 'Object Repository/Page_Verif_AccordeonInformationsGeneralesDemande_Agent/PopUp_ReaffecterLaDemande' located by 'By.xpath: //app-navigation-layout//app-demandes-sejour//app-demande-table/app-reaffectation-demande/lib-generic-modal/p-dialog/div/div[1]/span/p-header/h2|//app-navigation-layout//app-demande-instruction//app-statut-demande/app-reaffectation-demande/lib-generic-modal/p-dialog/div/div[1]/span/p-header/h2' in '5' second(s)

03-01-2024T16:45:41 - [MESSAGE][INFO] - Smart Wait Function is triggered

03-01-2024T16:45:41 - [MESSAGE][INFO] - Found 1 web elements with id: 'Object Repository/Page_Verif_AccordeonInformationsGeneralesDemande_Agent/PopUp_ReaffecterLaDemande' located by 'By.xpath: //app-navigation-layout//app-demandes-sejour//app-demande-table/app-reaffectation-demande/lib-generic-modal/p-dialog/div/div[1]/span/p-header/h2|//app-navigation-layout//app-demande-instruction//app-statut-demande/app-reaffectation-demande/lib-generic-modal/p-dialog/div/div[1]/span/p-header/h2' in '5' second(s)

03-01-2024T16:45:41 - [MESSAGE][INFO] - Getting text of object 'Object Repository/Page_Verif_AccordeonInformationsGeneralesDemande_Agent/PopUp_ReaffecterLaDemande'

03-01-2024T16:45:41 - [MESSAGE][PASSED] - Text of object 'Object Repository/Page_Verif_AccordeonInformationsGeneralesDemande_Agent/PopUp_ReaffecterLaDemande' is: 'RÉAFFECTER LA DEMANDE'

03-01-2024T16:45:41 - [TEST_STEP][PASSED] - if (!(TitrePopUpReaffecter.contains("RÉAFFECTER LA DEMANDE"))): null

03-01-2024T16:45:41 - [TEST_STEP][PASSED] - else: Le Titre de PopUp est bien Affiché : RÉAFFECTER LA DEMANDE.

03-01-2024T16:45:41 - [TEST_STEP][PASSED] - markPassed("Le Titre de PopUp est bien Affiché : RÉAFFECTER LA DEMANDE."): Le Titre de PopUp est bien Affiché : RÉAFFECTER LA DEMANDE.

03-01-2024T16:45:41 - [MESSAGE][PASSED] - Le Titre de PopUp est bien Affiché : RÉAFFECTER LA DEMANDE.

03-01-2024T16:45:41 - [TEST_STEP][PASSED] - ReaffecterA = findTestObject("Object Repository/Page_Verif_AccordeonInformationsGeneralesDemande_Agent/List_ReaffecterA"): Finding Test Object 'Object Repository/Page_Verif_AccordeonInformationsGeneralesDemande_Agent/List_ReaffecterA'

03-01-2024T16:45:41 - [MESSAGE][INFO] - Finding Test Object 'Object Repository/Page_Verif_AccordeonInformationsGeneralesDemande_Agent/List_ReaffecterA'

03-01-2024T16:45:41 - [TEST_STEP][PASSED] - verifyElementPresent(ReaffecterA, 1): Object 'Object Repository/Page_Verif_AccordeonInformationsGeneralesDemande_Agent/List_ReaffecterA' is present

03-01-2024T16:45:41 - [MESSAGE][INFO] - Checking object

03-01-2024T16:45:41 - [MESSAGE][INFO] - Finding web element from Test Object's properties

03-01-2024T16:45:41 - [MESSAGE][INFO] - Checking timeout

03-01-2024T16:45:41 - [MESSAGE][INFO] - Finding web element with id: 'Object Repository/Page_Verif_AccordeonInformationsGeneralesDemande_Agent/List_ReaffecterA' located by 'By.xpath: //app-demande-instruction//app-statut-demande/app-reaffectation-demande/lib-generic-modal/p-dialog/div/div[2]/div/anef-input-select/div/div/p-dropdown/div/div[3]/label|//app-demandes-sejour//app-demande-table/app-reaffectation-demande/lib-generic-modal/p-dialog/div/div[2]/div/anef-input-select/div/div/p-dropdown/div/div[3]/label' in '1' second(s)

03-01-2024T16:45:41 - [MESSAGE][INFO] - Smart Wait Function is triggered

03-01-2024T16:45:41 - [MESSAGE][INFO] - Found 1 web elements with id: 'Object Repository/Page_Verif_AccordeonInformationsGeneralesDemande_Agent/List_ReaffecterA' located by 'By.xpath: //app-demande-instruction//app-statut-demande/app-reaffectation-demande/lib-generic-modal/p-dialog/div/div[2]/div/anef-input-select/div/div/p-dropdown/div/div[3]/label|//app-demandes-sejour//app-demande-table/app-reaffectation-demande/lib-generic-modal/p-dialog/div/div[2]/div/anef-input-select/div/div/p-dropdown/div/div[3]/label' in '1' second(s)

03-01-2024T16:45:41 - [MESSAGE][PASSED] - Object 'Object Repository/Page_Verif_AccordeonInformationsGeneralesDemande_Agent/List_ReaffecterA' is present

03-01-2024T16:45:41 - [TEST_STEP][PASSED] - doubleClick(ReaffecterA): Object: 'Object Repository/Page_Verif_AccordeonInformationsGeneralesDemande_Agent/List_ReaffecterA' is double clicked on

03-01-2024T16:45:41 - [MESSAGE][INFO] - Checking object

03-01-2024T16:45:41 - [MESSAGE][INFO] - Finding web element from Test Object's properties

03-01-2024T16:45:41 - [MESSAGE][INFO] - Checking timeout

03-01-2024T16:45:41 - [MESSAGE][INFO] - Finding web element with id: 'Object Repository/Page_Verif_AccordeonInformationsGeneralesDemande_Agent/List_ReaffecterA' located by 'By.xpath: //app-demande-instruction//app-statut-demande/app-reaffectation-demande/lib-generic-modal/p-dialog/div/div[2]/div/anef-input-select/div/div/p-dropdown/div/div[3]/label|//app-demandes-sejour//app-demande-table/app-reaffectation-demande/lib-generic-modal/p-dialog/div/div[2]/div/anef-input-select/div/div/p-dropdown/div/div[3]/label' in '5' second(s)

03-01-2024T16:45:41 - [MESSAGE][INFO] - Smart Wait Function is triggered

03-01-2024T16:45:41 - [MESSAGE][INFO] - Found 1 web elements with id: 'Object Repository/Page_Verif_AccordeonInformationsGeneralesDemande_Agent/List_ReaffecterA' located by 'By.xpath: //app-demande-instruction//app-statut-demande/app-reaffectation-demande/lib-generic-modal/p-dialog/div/div[2]/div/anef-input-select/div/div/p-dropdown/div/div[3]/label|//app-demandes-sejour//app-demande-table/app-reaffectation-demande/lib-generic-modal/p-dialog/div/div[2]/div/anef-input-select/div/div/p-dropdown/div/div[3]/label' in '5' second(s)

03-01-2024T16:45:41 - [MESSAGE][INFO] - Double clicking on object: 'Object Repository/Page_Verif_AccordeonInformationsGeneralesDemande_Agent/List_ReaffecterA'

03-01-2024T16:45:42 - [MESSAGE][PASSED] - Object: 'Object Repository/Page_Verif_AccordeonInformationsGeneralesDemande_Agent/List_ReaffecterA' is double clicked on

03-01-2024T16:45:42 - [TEST_STEP][PASSED] - PopUpReaffecterBtnConfirmer = findTestObject("Object Repository/Page_Verif_AccordeonInformationsGeneralesDemande_Agent/btn_PopUpReaffecterAnnuler"): Finding Test Object 'Object Repository/Page_Verif_AccordeonInformationsGeneralesDemande_Agent/btn_PopUpReaffecterAnnuler'

03-01-2024T16:45:42 - [MESSAGE][INFO] - Finding Test Object 'Object Repository/Page_Verif_AccordeonInformationsGeneralesDemande_Agent/btn_PopUpReaffecterAnnuler'

03-01-2024T16:45:42 - [TEST_STEP][PASSED] - verifyElementPresent(PopUpReaffecterBtnConfirmer, 1): Object 'Object Repository/Page_Verif_AccordeonInformationsGeneralesDemande_Agent/btn_PopUpReaffecterAnnuler' is present

03-01-2024T16:45:42 - [MESSAGE][INFO] - Checking object

03-01-2024T16:45:42 - [MESSAGE][INFO] - Finding web element from Test Object's properties

03-01-2024T16:45:42 - [MESSAGE][INFO] - Checking timeout

03-01-2024T16:45:42 - [MESSAGE][INFO] - Finding web element with id: 'Object Repository/Page_Verif_AccordeonInformationsGeneralesDemande_Agent/btn_PopUpReaffecterAnnuler' located by 'By.xpath: /html/body/app-root/app-layout/div/div/div/app-navigation-layout/div[2]/app-demande-instruction/div/app-statut-demande/app-reaffectation-demande/lib-generic-modal/p-dialog/div/div[3]/p-footer/button[1]/span' in '1' second(s)

03-01-2024T16:45:42 - [MESSAGE][INFO] - Smart Wait Function is triggered

03-01-2024T16:45:42 - [MESSAGE][INFO] - Found 1 web elements with id: 'Object Repository/Page_Verif_AccordeonInformationsGeneralesDemande_Agent/btn_PopUpReaffecterAnnuler' located by 'By.xpath: /html/body/app-root/app-layout/div/div/div/app-navigation-layout/div[2]/app-demande-instruction/div/app-statut-demande/app-reaffectation-demande/lib-generic-modal/p-dialog/div/div[3]/p-footer/button[1]/span' in '1' second(s)

03-01-2024T16:45:42 - [MESSAGE][PASSED] - Object 'Object Repository/Page_Verif_AccordeonInformationsGeneralesDemande_Agent/btn_PopUpReaffecterAnnuler' is present

03-01-2024T16:45:42 - [TEST_STEP][PASSED] - click(PopUpReaffecterBtnConfirmer): Object: 'Object Repository/Page_Verif_AccordeonInformationsGeneralesDemande_Agent/btn_PopUpReaffecterAnnuler' is clicked on

03-01-2024T16:45:42 - [MESSAGE][INFO] - Checking timeout

03-01-2024T16:45:42 - [MESSAGE][INFO] - Finding web element with id: 'Object Repository/Page_Verif_AccordeonInformationsGeneralesDemande_Agent/btn_PopUpReaffecterAnnuler' located by 'By.xpath: /html/body/app-root/app-layout/div/div/div/app-navigation-layout/div[2]/app-demande-instruction/div/app-statut-demande/app-reaffectation-demande/lib-generic-modal/p-dialog/div/div[3]/p-footer/button[1]/span' in '20' second(s)

03-01-2024T16:45:42 - [MESSAGE][INFO] - Smart Wait Function is triggered

03-01-2024T16:45:42 - [MESSAGE][INFO] - Found 1 web elements with id: 'Object Repository/Page_Verif_AccordeonInformationsGeneralesDemande_Agent/btn_PopUpReaffecterAnnuler' located by 'By.xpath: /html/body/app-root/app-layout/div/div/div/app-navigation-layout/div[2]/app-demande-instruction/div/app-statut-demande/app-reaffectation-demande/lib-generic-modal/p-dialog/div/div[3]/p-footer/button[1]/span' in '20' second(s)

03-01-2024T16:45:42 - [MESSAGE][INFO] - Checking object

03-01-2024T16:45:42 - [MESSAGE][INFO] - Checking timeout

03-01-2024T16:45:42 - [MESSAGE][INFO] - Finding web element from Test Object's properties

03-01-2024T16:45:42 - [MESSAGE][INFO] - Checking timeout

03-01-2024T16:45:42 - [MESSAGE][INFO] - Finding web element with id: 'Object Repository/Page_Verif_AccordeonInformationsGeneralesDemande_Agent/btn_PopUpReaffecterAnnuler' located by 'By.xpath: /html/body/app-root/app-layout/div/div/div/app-navigation-layout/div[2]/app-demande-instruction/div/app-statut-demande/app-reaffectation-demande/lib-generic-modal/p-dialog/div/div[3]/p-footer/button[1]/span' in '5' second(s)

03-01-2024T16:45:42 - [MESSAGE][INFO] - Smart Wait Function is triggered

03-01-2024T16:45:42 - [MESSAGE][INFO] - Found 1 web elements with id: 'Object Repository/Page_Verif_AccordeonInformationsGeneralesDemande_Agent/btn_PopUpReaffecterAnnuler' located by 'By.xpath: /html/body/app-root/app-layout/div/div/div/app-navigation-layout/div[2]/app-demande-instruction/div/app-statut-demande/app-reaffectation-demande/lib-generic-modal/p-dialog/div/div[3]/p-footer/button[1]/span' in '5' second(s)

03-01-2024T16:45:42 - [MESSAGE][INFO] - Clicking on object: 'Object Repository/Page_Verif_AccordeonInformationsGeneralesDemande_Agent/btn_PopUpReaffecterAnnuler'

03-01-2024T16:45:44 - [MESSAGE][PASSED] - Object: 'Object Repository/Page_Verif_AccordeonInformationsGeneralesDemande_Agent/btn_PopUpReaffecterAnnuler' is clicked on

03-01-2024T16:45:44 - [TEST_STEP][PASSED] - LinkAttestationProlongation = findTestObject("Object Repository/Page_Verif_AccordeonInformationsGeneralesDemande_Agent/Link_AttestationProlongation"): Finding Test Object 'Object Repository/Page_Verif_AccordeonInformationsGeneralesDemande_Agent/Link_AttestationProlongation'

03-01-2024T16:45:44 - [MESSAGE][INFO] - Finding Test Object 'Object Repository/Page_Verif_AccordeonInformationsGeneralesDemande_Agent/Link_AttestationProlongation'

03-01-2024T16:45:44 - [TEST_STEP][PASSED] - verifyElementPresent(LinkAttestationProlongation, 1): Object 'Object Repository/Page_Verif_AccordeonInformationsGeneralesDemande_Agent/Link_AttestationProlongation' is present

03-01-2024T16:45:44 - [MESSAGE][INFO] - Checking object

03-01-2024T16:45:44 - [MESSAGE][INFO] - Finding web element from Test Object's properties

03-01-2024T16:45:44 - [MESSAGE][INFO] - Checking timeout

03-01-2024T16:45:44 - [MESSAGE][INFO] - Finding web element with id: 'Object Repository/Page_Verif_AccordeonInformationsGeneralesDemande_Agent/Link_AttestationProlongation' located by 'By.xpath: //*[@id="content"]/app-demande-instruction/div/app-statut-demandeur/div/div/div[3]/div[3]/div/button/span' in '1' second(s)

03-01-2024T16:45:44 - [MESSAGE][INFO] - Smart Wait Function is triggered

03-01-2024T16:45:44 - [MESSAGE][INFO] - Found 1 web elements with id: 'Object Repository/Page_Verif_AccordeonInformationsGeneralesDemande_Agent/Link_AttestationProlongation' located by 'By.xpath: //*[@id="content"]/app-demande-instruction/div/app-statut-demandeur/div/div/div[3]/div[3]/div/button/span' in '1' second(s)

03-01-2024T16:45:44 - [MESSAGE][PASSED] - Object 'Object Repository/Page_Verif_AccordeonInformationsGeneralesDemande_Agent/Link_AttestationProlongation' is present

03-01-2024T16:45:44 - [TEST_STEP][PASSED] - click(LinkAttestationProlongation): Object: 'Object Repository/Page_Verif_AccordeonInformationsGeneralesDemande_Agent/Link_AttestationProlongation' is clicked on

03-01-2024T16:45:44 - [MESSAGE][INFO] - Checking timeout

03-01-2024T16:45:44 - [MESSAGE][INFO] - Finding web element with id: 'Object Repository/Page_Verif_AccordeonInformationsGeneralesDemande_Agent/Link_AttestationProlongation' located by 'By.xpath: //*[@id="content"]/app-demande-instruction/div/app-statut-demandeur/div/div/div[3]/div[3]/div/button/span' in '20' second(s)

03-01-2024T16:45:44 - [MESSAGE][INFO] - Smart Wait Function is triggered

03-01-2024T16:45:44 - [MESSAGE][INFO] - Found 1 web elements with id: 'Object Repository/Page_Verif_AccordeonInformationsGeneralesDemande_Agent/Link_AttestationProlongation' located by 'By.xpath: //*[@id="content"]/app-demande-instruction/div/app-statut-demandeur/div/div/div[3]/div[3]/div/button/span' in '20' second(s)

03-01-2024T16:45:44 - [MESSAGE][INFO] - Checking object

03-01-2024T16:45:44 - [MESSAGE][INFO] - Checking timeout

03-01-2024T16:45:44 - [MESSAGE][INFO] - Finding web element from Test Object's properties

03-01-2024T16:45:44 - [MESSAGE][INFO] - Checking timeout

03-01-2024T16:45:44 - [MESSAGE][INFO] - Finding web element with id: 'Object Repository/Page_Verif_AccordeonInformationsGeneralesDemande_Agent/Link_AttestationProlongation' located by 'By.xpath: //*[@id="content"]/app-demande-instruction/div/app-statut-demandeur/div/div/div[3]/div[3]/div/button/span' in '5' second(s)

03-01-2024T16:45:44 - [MESSAGE][INFO] - Smart Wait Function is triggered

03-01-2024T16:45:44 - [MESSAGE][INFO] - Found 1 web elements with id: 'Object Repository/Page_Verif_AccordeonInformationsGeneralesDemande_Agent/Link_AttestationProlongation' located by 'By.xpath: //*[@id="content"]/app-demande-instruction/div/app-statut-demandeur/div/div/div[3]/div[3]/div/button/span' in '5' second(s)

03-01-2024T16:45:44 - [MESSAGE][INFO] - Clicking on object: 'Object Repository/Page_Verif_AccordeonInformationsGeneralesDemande_Agent/Link_AttestationProlongation'

03-01-2024T16:45:46 - [MESSAGE][PASSED] - Object: 'Object Repository/Page_Verif_AccordeonInformationsGeneralesDemande_Agent/Link_AttestationProlongation' is clicked on

03-01-2024T16:45:46 - [TEST_STEP][PASSED] - PopUpAttestationProlongation = findTestObject("Object Repository/Page_Verif_AccordeonInformationsGeneralesDemande_Agent/PopUp_AttestationProlongation"): Finding Test Object 'Object Repository/Page_Verif_AccordeonInformationsGeneralesDemande_Agent/PopUp_AttestationProlongation'

03-01-2024T16:45:46 - [MESSAGE][INFO] - Finding Test Object 'Object Repository/Page_Verif_AccordeonInformationsGeneralesDemande_Agent/PopUp_AttestationProlongation'

03-01-2024T16:45:46 - [TEST_STEP][PASSED] - verifyElementPresent(PopUpAttestationProlongation, 1): Object 'Object Repository/Page_Verif_AccordeonInformationsGeneralesDemande_Agent/PopUp_AttestationProlongation' is present

03-01-2024T16:45:46 - [MESSAGE][INFO] - Checking object

03-01-2024T16:45:46 - [MESSAGE][INFO] - Finding web element from Test Object's properties

03-01-2024T16:45:46 - [MESSAGE][INFO] - Checking timeout

03-01-2024T16:45:46 - [MESSAGE][INFO] - Finding web element with id: 'Object Repository/Page_Verif_AccordeonInformationsGeneralesDemande_Agent/PopUp_AttestationProlongation' located by 'By.xpath: /html/body/app-root/app-layout/div/div/div/app-navigation-layout/div[2]/app-demande-instruction/div/app-statut-demandeur/div/div/div[3]/p-dialog/div/div[1]/span/p-header' in '1' second(s)

03-01-2024T16:45:46 - [MESSAGE][INFO] - Smart Wait Function is triggered

03-01-2024T16:45:46 - [MESSAGE][INFO] - Found 1 web elements with id: 'Object Repository/Page_Verif_AccordeonInformationsGeneralesDemande_Agent/PopUp_AttestationProlongation' located by 'By.xpath: /html/body/app-root/app-layout/div/div/div/app-navigation-layout/div[2]/app-demande-instruction/div/app-statut-demandeur/div/div/div[3]/p-dialog/div/div[1]/span/p-header' in '1' second(s)

03-01-2024T16:45:46 - [MESSAGE][PASSED] - Object 'Object Repository/Page_Verif_AccordeonInformationsGeneralesDemande_Agent/PopUp_AttestationProlongation' is present

03-01-2024T16:45:46 - [TEST_STEP][PASSED] - TitrePopUpAttestationProlongation = getText(PopUpAttestationProlongation): Text of object 'Object Repository/Page_Verif_AccordeonInformationsGeneralesDemande_Agent/PopUp_AttestationProlongation' is: 'PRODUIRE UNE ATTESTATION DE PROLONGATION'

03-01-2024T16:45:46 - [MESSAGE][INFO] - Checking object

03-01-2024T16:45:46 - [MESSAGE][INFO] - Finding web element from Test Object's properties

03-01-2024T16:45:46 - [MESSAGE][INFO] - Checking timeout

03-01-2024T16:45:46 - [MESSAGE][INFO] - Finding web element with id: 'Object Repository/Page_Verif_AccordeonInformationsGeneralesDemande_Agent/PopUp_AttestationProlongation' located by 'By.xpath: /html/body/app-root/app-layout/div/div/div/app-navigation-layout/div[2]/app-demande-instruction/div/app-statut-demandeur/div/div/div[3]/p-dialog/div/div[1]/span/p-header' in '5' second(s)

03-01-2024T16:45:46 - [MESSAGE][INFO] - Smart Wait Function is triggered

03-01-2024T16:45:46 - [MESSAGE][INFO] - Found 1 web elements with id: 'Object Repository/Page_Verif_AccordeonInformationsGeneralesDemande_Agent/PopUp_AttestationProlongation' located by 'By.xpath: /html/body/app-root/app-layout/div/div/div/app-navigation-layout/div[2]/app-demande-instruction/div/app-statut-demandeur/div/div/div[3]/p-dialog/div/div[1]/span/p-header' in '5' second(s)

03-01-2024T16:45:46 - [MESSAGE][INFO] - Getting text of object 'Object Repository/Page_Verif_AccordeonInformationsGeneralesDemande_Agent/PopUp_AttestationProlongation'

03-01-2024T16:45:46 - [MESSAGE][PASSED] - Text of object 'Object Repository/Page_Verif_AccordeonInformationsGeneralesDemande_Agent/PopUp_AttestationProlongation' is: 'PRODUIRE UNE ATTESTATION DE PROLONGATION'

03-01-2024T16:45:46 - [TEST_STEP][PASSED] - if (!(TitrePopUpAttestationProlongation.contains("PRODUIRE UNE ATTESTATION DE PROLONGATION"))): null

03-01-2024T16:45:46 - [TEST_STEP][PASSED] - else: Le Titre de PopUp est bien Affiché : PRODUIRE UNE ATTESTATION DE PROLONGATION.

03-01-2024T16:45:46 - [TEST_STEP][PASSED] - markPassed("Le Titre de PopUp est bien Affiché : PRODUIRE UNE ATTESTATION DE PROLONGATION."): Le Titre de PopUp est bien Affiché : PRODUIRE UNE ATTESTATION DE PROLONGATION.

03-01-2024T16:45:46 - [MESSAGE][PASSED] - Le Titre de PopUp est bien Affiché : PRODUIRE UNE ATTESTATION DE PROLONGATION.

03-01-2024T16:45:46 - [TEST_STEP][PASSED] - MotifProlongation = findTestObject("Object Repository/Page_Verif_AccordeonInformationsGeneralesDemande_Agent/List_MotifProlongation"): Finding Test Object 'Object Repository/Page_Verif_AccordeonInformationsGeneralesDemande_Agent/List_MotifProlongation'

03-01-2024T16:45:46 - [MESSAGE][INFO] - Finding Test Object 'Object Repository/Page_Verif_AccordeonInformationsGeneralesDemande_Agent/List_MotifProlongation'

03-01-2024T16:45:46 - [TEST_STEP][PASSED] - verifyElementPresent(MotifProlongation, 1): Object 'Object Repository/Page_Verif_AccordeonInformationsGeneralesDemande_Agent/List_MotifProlongation' is present

03-01-2024T16:45:46 - [MESSAGE][INFO] - Checking object

03-01-2024T16:45:46 - [MESSAGE][INFO] - Finding web element from Test Object's properties

03-01-2024T16:45:46 - [MESSAGE][INFO] - Checking timeout

03-01-2024T16:45:46 - [MESSAGE][INFO] - Finding web element with id: 'Object Repository/Page_Verif_AccordeonInformationsGeneralesDemande_Agent/List_MotifProlongation' located by 'By.xpath: //*[@id="motif_prolongation"]/div/div[3]/label' in '1' second(s)

03-01-2024T16:45:46 - [MESSAGE][INFO] - Smart Wait Function is triggered

03-01-2024T16:45:46 - [MESSAGE][INFO] - Found 1 web elements with id: 'Object Repository/Page_Verif_AccordeonInformationsGeneralesDemande_Agent/List_MotifProlongation' located by 'By.xpath: //*[@id="motif_prolongation"]/div/div[3]/label' in '1' second(s)

03-01-2024T16:45:46 - [MESSAGE][PASSED] - Object 'Object Repository/Page_Verif_AccordeonInformationsGeneralesDemande_Agent/List_MotifProlongation' is present

03-01-2024T16:45:46 - [TEST_STEP][PASSED] - doubleClick(MotifProlongation): Object: 'Object Repository/Page_Verif_AccordeonInformationsGeneralesDemande_Agent/List_MotifProlongation' is double clicked on

03-01-2024T16:45:46 - [MESSAGE][INFO] - Checking object

03-01-2024T16:45:46 - [MESSAGE][INFO] - Finding web element from Test Object's properties

03-01-2024T16:45:46 - [MESSAGE][INFO] - Checking timeout

03-01-2024T16:45:46 - [MESSAGE][INFO] - Finding web element with id: 'Object Repository/Page_Verif_AccordeonInformationsGeneralesDemande_Agent/List_MotifProlongation' located by 'By.xpath: //*[@id="motif_prolongation"]/div/div[3]/label' in '5' second(s)

03-01-2024T16:45:46 - [MESSAGE][INFO] - Smart Wait Function is triggered

03-01-2024T16:45:46 - [MESSAGE][INFO] - Found 1 web elements with id: 'Object Repository/Page_Verif_AccordeonInformationsGeneralesDemande_Agent/List_MotifProlongation' located by 'By.xpath: //*[@id="motif_prolongation"]/div/div[3]/label' in '5' second(s)

03-01-2024T16:45:46 - [MESSAGE][INFO] - Double clicking on object: 'Object Repository/Page_Verif_AccordeonInformationsGeneralesDemande_Agent/List_MotifProlongation'

03-01-2024T16:45:47 - [MESSAGE][PASSED] - Object: 'Object Repository/Page_Verif_AccordeonInformationsGeneralesDemande_Agent/List_MotifProlongation' is double clicked on

03-01-2024T16:45:47 - [TEST_STEP][PASSED] - PopUpAttestationProlongationBtnAnnuler = findTestObject("Object Repository/Page_Verif_AccordeonInformationsGeneralesDemande_Agent/btn_PopUpAttestationProlongationAnnuler"): Finding Test Object 'Object Repository/Page_Verif_AccordeonInformationsGeneralesDemande_Agent/btn_PopUpAttestationProlongationAnnuler'

03-01-2024T16:45:47 - [MESSAGE][INFO] - Finding Test Object 'Object Repository/Page_Verif_AccordeonInformationsGeneralesDemande_Agent/btn_PopUpAttestationProlongationAnnuler'

03-01-2024T16:45:47 - [TEST_STEP][PASSED] - verifyElementPresent(PopUpAttestationProlongationBtnAnnuler, 1): Object 'Object Repository/Page_Verif_AccordeonInformationsGeneralesDemande_Agent/btn_PopUpAttestationProlongationAnnuler' is present

03-01-2024T16:45:47 - [MESSAGE][INFO] - Checking object

03-01-2024T16:45:47 - [MESSAGE][INFO] - Finding web element from Test Object's properties

03-01-2024T16:45:47 - [MESSAGE][INFO] - Checking timeout

03-01-2024T16:45:47 - [MESSAGE][INFO] - Finding web element with id: 'Object Repository/Page_Verif_AccordeonInformationsGeneralesDemande_Agent/btn_PopUpAttestationProlongationAnnuler' located by 'By.xpath: //*[@id="content"]/app-demande-instruction/div/app-statut-demandeur/div/div/div[3]/p-dialog/div/div[3]/p-footer/button[1]/span' in '1' second(s)

03-01-2024T16:45:47 - [MESSAGE][INFO] - Smart Wait Function is triggered

03-01-2024T16:45:47 - [MESSAGE][INFO] - Found 1 web elements with id: 'Object Repository/Page_Verif_AccordeonInformationsGeneralesDemande_Agent/btn_PopUpAttestationProlongationAnnuler' located by 'By.xpath: //*[@id="content"]/app-demande-instruction/div/app-statut-demandeur/div/div/div[3]/p-dialog/div/div[3]/p-footer/button[1]/span' in '1' second(s)

03-01-2024T16:45:47 - [MESSAGE][PASSED] - Object 'Object Repository/Page_Verif_AccordeonInformationsGeneralesDemande_Agent/btn_PopUpAttestationProlongationAnnuler' is present

03-01-2024T16:45:47 - [TEST_STEP][PASSED] - click(PopUpAttestationProlongationBtnAnnuler): Object: 'Object Repository/Page_Verif_AccordeonInformationsGeneralesDemande_Agent/btn_PopUpAttestationProlongationAnnuler' is clicked on

03-01-2024T16:45:47 - [MESSAGE][INFO] - Checking timeout

03-01-2024T16:45:47 - [MESSAGE][INFO] - Finding web element with id: 'Object Repository/Page_Verif_AccordeonInformationsGeneralesDemande_Agent/btn_PopUpAttestationProlongationAnnuler' located by 'By.xpath: //*[@id="content"]/app-demande-instruction/div/app-statut-demandeur/div/div/div[3]/p-dialog/div/div[3]/p-footer/button[1]/span' in '20' second(s)

03-01-2024T16:45:47 - [MESSAGE][INFO] - Smart Wait Function is triggered

03-01-2024T16:45:47 - [MESSAGE][INFO] - Found 1 web elements with id: 'Object Repository/Page_Verif_AccordeonInformationsGeneralesDemande_Agent/btn_PopUpAttestationProlongationAnnuler' located by 'By.xpath: //*[@id="content"]/app-demande-instruction/div/app-statut-demandeur/div/div/div[3]/p-dialog/div/div[3]/p-footer/button[1]/span' in '20' second(s)

03-01-2024T16:45:47 - [MESSAGE][INFO] - Checking object

03-01-2024T16:45:47 - [MESSAGE][INFO] - Checking timeout

03-01-2024T16:45:47 - [MESSAGE][INFO] - Finding web element from Test Object's properties

03-01-2024T16:45:47 - [MESSAGE][INFO] - Checking timeout

03-01-2024T16:45:47 - [MESSAGE][INFO] - Finding web element with id: 'Object Repository/Page_Verif_AccordeonInformationsGeneralesDemande_Agent/btn_PopUpAttestationProlongationAnnuler' located by 'By.xpath: //*[@id="content"]/app-demande-instruction/div/app-statut-demandeur/div/div/div[3]/p-dialog/div/div[3]/p-footer/button[1]/span' in '5' second(s)

03-01-2024T16:45:47 - [MESSAGE][INFO] - Smart Wait Function is triggered

03-01-2024T16:45:47 - [MESSAGE][INFO] - Found 1 web elements with id: 'Object Repository/Page_Verif_AccordeonInformationsGeneralesDemande_Agent/btn_PopUpAttestationProlongationAnnuler' located by 'By.xpath: //*[@id="content"]/app-demande-instruction/div/app-statut-demandeur/div/div/div[3]/p-dialog/div/div[3]/p-footer/button[1]/span' in '5' second(s)

03-01-2024T16:45:47 - [MESSAGE][INFO] - Clicking on object: 'Object Repository/Page_Verif_AccordeonInformationsGeneralesDemande_Agent/btn_PopUpAttestationProlongationAnnuler'

03-01-2024T16:45:49 - [MESSAGE][PASSED] - Object: 'Object Repository/Page_Verif_AccordeonInformationsGeneralesDemande_Agent/btn_PopUpAttestationProlongationAnnuler' is clicked on

03-01-2024T16:45:49 - [TEST_STEP][PASSED] - Btn_EnregistrerQuitter = findTestObject("Object Repository/Page_Verif_AccordeonInformationsGeneralesDemande_Agent/btn_EnregistrerQuitter"): Finding Test Object 'Object Repository/Page_Verif_AccordeonInformationsGeneralesDemande_Agent/btn_EnregistrerQuitter'

03-01-2024T16:45:49 - [MESSAGE][INFO] - Finding Test Object 'Object Repository/Page_Verif_AccordeonInformationsGeneralesDemande_Agent/btn_EnregistrerQuitter'

03-01-2024T16:45:49 - [TEST_STEP][PASSED] - verifyElementPresent(Btn_EnregistrerQuitter, 1): Object 'Object Repository/Page_Verif_AccordeonInformationsGeneralesDemande_Agent/btn_EnregistrerQuitter' is present

03-01-2024T16:45:49 - [MESSAGE][INFO] - Checking object

03-01-2024T16:45:49 - [MESSAGE][INFO] - Finding web element from Test Object's properties

03-01-2024T16:45:49 - [MESSAGE][INFO] - Checking timeout

03-01-2024T16:45:49 - [MESSAGE][INFO] - Finding web element with id: 'Object Repository/Page_Verif_AccordeonInformationsGeneralesDemande_Agent/btn_EnregistrerQuitter' located by 'By.xpath: //*[@id="content"]/app-demande-instruction/div/div[2]/div[1]/div/button/span' in '1' second(s)

03-01-2024T16:45:49 - [MESSAGE][INFO] - Smart Wait Function is triggered

03-01-2024T16:45:49 - [MESSAGE][INFO] - Found 1 web elements with id: 'Object Repository/Page_Verif_AccordeonInformationsGeneralesDemande_Agent/btn_EnregistrerQuitter' located by 'By.xpath: //*[@id="content"]/app-demande-instruction/div/div[2]/div[1]/div/button/span' in '1' second(s)

03-01-2024T16:45:49 - [MESSAGE][PASSED] - Object 'Object Repository/Page_Verif_AccordeonInformationsGeneralesDemande_Agent/btn_EnregistrerQuitter' is present

03-01-2024T16:45:49 - [TEST_STEP][PASSED] - verifyElementClickable(Btn_EnregistrerQuitter): Object 'Object Repository/Page_Verif_AccordeonInformationsGeneralesDemande_Agent/btn_EnregistrerQuitter' is clickable

03-01-2024T16:45:49 - [MESSAGE][INFO] - Checking object

03-01-2024T16:45:49 - [MESSAGE][INFO] - Finding web element from Test Object's properties

03-01-2024T16:45:49 - [MESSAGE][INFO] - Checking timeout

03-01-2024T16:45:49 - [MESSAGE][INFO] - Finding web element with id: 'Object Repository/Page_Verif_AccordeonInformationsGeneralesDemande_Agent/btn_EnregistrerQuitter' located by 'By.xpath: //*[@id="content"]/app-demande-instruction/div/div[2]/div[1]/div/button/span' in '5' second(s)

03-01-2024T16:45:49 - [MESSAGE][INFO] - Smart Wait Function is triggered

03-01-2024T16:45:49 - [MESSAGE][INFO] - Found 1 web elements with id: 'Object Repository/Page_Verif_AccordeonInformationsGeneralesDemande_Agent/btn_EnregistrerQuitter' located by 'By.xpath: //*[@id="content"]/app-demande-instruction/div/div[2]/div[1]/div/button/span' in '5' second(s)

03-01-2024T16:45:49 - [MESSAGE][PASSED] - Object 'Object Repository/Page_Verif_AccordeonInformationsGeneralesDemande_Agent/btn_EnregistrerQuitter' is clickable

03-01-2024T16:45:49 - [TEST_STEP][PASSED] - Btn_SuspendreInstruction = findTestObject("Object Repository/Page_Verif_AccordeonInformationsGeneralesDemande_Agent/btn_SuspendreInstruction"): Finding Test Object 'Object Repository/Page_Verif_AccordeonInformationsGeneralesDemande_Agent/btn_SuspendreInstruction'

03-01-2024T16:45:49 - [MESSAGE][INFO] - Finding Test Object 'Object Repository/Page_Verif_AccordeonInformationsGeneralesDemande_Agent/btn_SuspendreInstruction'

03-01-2024T16:45:49 - [TEST_STEP][PASSED] - verifyElementPresent(Btn_SuspendreInstruction, 1): Object 'Object Repository/Page_Verif_AccordeonInformationsGeneralesDemande_Agent/btn_SuspendreInstruction' is present

03-01-2024T16:45:49 - [MESSAGE][INFO] - Checking object

03-01-2024T16:45:49 - [MESSAGE][INFO] - Finding web element from Test Object's properties

03-01-2024T16:45:49 - [MESSAGE][INFO] - Checking timeout

03-01-2024T16:45:49 - [MESSAGE][INFO] - Finding web element with id: 'Object Repository/Page_Verif_AccordeonInformationsGeneralesDemande_Agent/btn_SuspendreInstruction' located by 'By.xpath: //*[@id="content"]/app-demande-instruction/div/div[2]/div[2]/div/button[1]/span' in '1' second(s)

03-01-2024T16:45:49 - [MESSAGE][INFO] - Smart Wait Function is triggered

03-01-2024T16:45:49 - [MESSAGE][INFO] - Found 1 web elements with id: 'Object Repository/Page_Verif_AccordeonInformationsGeneralesDemande_Agent/btn_SuspendreInstruction' located by 'By.xpath: //*[@id="content"]/app-demande-instruction/div/div[2]/div[2]/div/button[1]/span' in '1' second(s)

03-01-2024T16:45:49 - [MESSAGE][PASSED] - Object 'Object Repository/Page_Verif_AccordeonInformationsGeneralesDemande_Agent/btn_SuspendreInstruction' is present

03-01-2024T16:45:49 - [TEST_STEP][PASSED] - verifyElementClickable(Btn_SuspendreInstruction): Object 'Object Repository/Page_Verif_AccordeonInformationsGeneralesDemande_Agent/btn_SuspendreInstruction' is clickable

03-01-2024T16:45:49 - [MESSAGE][INFO] - Checking object

03-01-2024T16:45:49 - [MESSAGE][INFO] - Finding web element from Test Object's properties

03-01-2024T16:45:49 - [MESSAGE][INFO] - Checking timeout

03-01-2024T16:45:49 - [MESSAGE][INFO] - Finding web element with id: 'Object Repository/Page_Verif_AccordeonInformationsGeneralesDemande_Agent/btn_SuspendreInstruction' located by 'By.xpath: //*[@id="content"]/app-demande-instruction/div/div[2]/div[2]/div/button[1]/span' in '5' second(s)

03-01-2024T16:45:49 - [MESSAGE][INFO] - Smart Wait Function is triggered

03-01-2024T16:45:49 - [MESSAGE][INFO] - Found 1 web elements with id: 'Object Repository/Page_Verif_AccordeonInformationsGeneralesDemande_Agent/btn_SuspendreInstruction' located by 'By.xpath: //*[@id="content"]/app-demande-instruction/div/div[2]/div[2]/div/button[1]/span' in '5' second(s)

03-01-2024T16:45:49 - [MESSAGE][PASSED] - Object 'Object Repository/Page_Verif_AccordeonInformationsGeneralesDemande_Agent/btn_SuspendreInstruction' is clickable

03-01-2024T16:45:49 - [TEST_STEP][PASSED] - Btn_ClôturerLaDemande = findTestObject("Object Repository/Page_Verif_AccordeonInformationsGeneralesDemande_Agent/btn_CloturerLaDemande"): Finding Test Object 'Object Repository/Page_Verif_AccordeonInformationsGeneralesDemande_Agent/btn_CloturerLaDemande'

03-01-2024T16:45:49 - [MESSAGE][INFO] - Finding Test Object 'Object Repository/Page_Verif_AccordeonInformationsGeneralesDemande_Agent/btn_CloturerLaDemande'

03-01-2024T16:45:49 - [TEST_STEP][PASSED] - verifyElementPresent(Btn_ClôturerLaDemande, 1): Object 'Object Repository/Page_Verif_AccordeonInformationsGeneralesDemande_Agent/btn_CloturerLaDemande' is present

03-01-2024T16:45:49 - [MESSAGE][INFO] - Checking object

03-01-2024T16:45:49 - [MESSAGE][INFO] - Finding web element from Test Object's properties

03-01-2024T16:45:49 - [MESSAGE][INFO] - Checking timeout

03-01-2024T16:45:49 - [MESSAGE][INFO] - Finding web element with id: 'Object Repository/Page_Verif_AccordeonInformationsGeneralesDemande_Agent/btn_CloturerLaDemande' located by 'By.xpath: //*[@id="content"]/app-demande-instruction/div/div[2]/div[2]/div/button[2]/span' in '1' second(s)

03-01-2024T16:45:49 - [MESSAGE][INFO] - Smart Wait Function is triggered

03-01-2024T16:45:49 - [MESSAGE][INFO] - Found 1 web elements with id: 'Object Repository/Page_Verif_AccordeonInformationsGeneralesDemande_Agent/btn_CloturerLaDemande' located by 'By.xpath: //*[@id="content"]/app-demande-instruction/div/div[2]/div[2]/div/button[2]/span' in '1' second(s)

03-01-2024T16:45:49 - [MESSAGE][PASSED] - Object 'Object Repository/Page_Verif_AccordeonInformationsGeneralesDemande_Agent/btn_CloturerLaDemande' is present

03-01-2024T16:45:49 - [TEST_STEP][PASSED] - verifyElementClickable(Btn_ClôturerLaDemande): Object 'Object Repository/Page_Verif_AccordeonInformationsGeneralesDemande_Agent/btn_CloturerLaDemande' is clickable

03-01-2024T16:45:49 - [MESSAGE][INFO] - Checking object

03-01-2024T16:45:49 - [MESSAGE][INFO] - Finding web element from Test Object's properties

03-01-2024T16:45:49 - [MESSAGE][INFO] - Checking timeout

03-01-2024T16:45:49 - [MESSAGE][INFO] - Finding web element with id: 'Object Repository/Page_Verif_AccordeonInformationsGeneralesDemande_Agent/btn_CloturerLaDemande' located by 'By.xpath: //*[@id="content"]/app-demande-instruction/div/div[2]/div[2]/div/button[2]/span' in '5' second(s)

03-01-2024T16:45:49 - [MESSAGE][INFO] - Smart Wait Function is triggered

03-01-2024T16:45:49 - [MESSAGE][INFO] - Found 1 web elements with id: 'Object Repository/Page_Verif_AccordeonInformationsGeneralesDemande_Agent/btn_CloturerLaDemande' located by 'By.xpath: //*[@id="content"]/app-demande-instruction/div/div[2]/div[2]/div/button[2]/span' in '5' second(s)

03-01-2024T16:45:49 - [MESSAGE][PASSED] - Object 'Object Repository/Page_Verif_AccordeonInformationsGeneralesDemande_Agent/btn_CloturerLaDemande' is clickable

03-01-2024T16:45:49 - [TEST_STEP][PASSED] - Btn_ValiderAdresseRapatrierLeDossier = findTestObject("Object Repository/Page_Verif_AccordeonInformationsGeneralesDemande_Agent/btn_ValiderAdresseRapatrierLeDossier"): Finding Test Object 'Object Repository/Page_Verif_AccordeonInformationsGeneralesDemande_Agent/btn_ValiderAdresseRapatrierLeDossier'

03-01-2024T16:45:49 - [MESSAGE][INFO] - Finding Test Object 'Object Repository/Page_Verif_AccordeonInformationsGeneralesDemande_Agent/btn_ValiderAdresseRapatrierLeDossier'

03-01-2024T16:45:49 - [TEST_STEP][PASSED] - verifyElementPresent(Btn_ValiderAdresseRapatrierLeDossier, 1): Object 'Object Repository/Page_Verif_AccordeonInformationsGeneralesDemande_Agent/btn_ValiderAdresseRapatrierLeDossier' is present

03-01-2024T16:45:49 - [MESSAGE][INFO] - Checking object

03-01-2024T16:45:49 - [MESSAGE][INFO] - Finding web element from Test Object's properties

03-01-2024T16:45:49 - [MESSAGE][INFO] - Checking timeout

03-01-2024T16:45:49 - [MESSAGE][INFO] - Finding web element with id: 'Object Repository/Page_Verif_AccordeonInformationsGeneralesDemande_Agent/btn_ValiderAdresseRapatrierLeDossier' located by 'By.xpath: //*[@id="content"]/app-demande-instruction/div/div[2]/div[2]/div/button[3]/span' in '1' second(s)

03-01-2024T16:45:49 - [MESSAGE][INFO] - Smart Wait Function is triggered

03-01-2024T16:45:50 - [MESSAGE][INFO] - Found 1 web elements with id: 'Object Repository/Page_Verif_AccordeonInformationsGeneralesDemande_Agent/btn_ValiderAdresseRapatrierLeDossier' located by 'By.xpath: //*[@id="content"]/app-demande-instruction/div/div[2]/div[2]/div/button[3]/span' in '1' second(s)

03-01-2024T16:45:50 - [MESSAGE][PASSED] - Object 'Object Repository/Page_Verif_AccordeonInformationsGeneralesDemande_Agent/btn_ValiderAdresseRapatrierLeDossier' is present

03-01-2024T16:45:50 - [TEST_STEP][PASSED] - verifyElementClickable(Btn_ValiderAdresseRapatrierLeDossier): Object 'Object Repository/Page_Verif_AccordeonInformationsGeneralesDemande_Agent/btn_ValiderAdresseRapatrierLeDossier' is clickable

03-01-2024T16:45:50 - [MESSAGE][INFO] - Checking object

03-01-2024T16:45:50 - [MESSAGE][INFO] - Finding web element from Test Object's properties

03-01-2024T16:45:50 - [MESSAGE][INFO] - Checking timeout

03-01-2024T16:45:50 - [MESSAGE][INFO] - Finding web element with id: 'Object Repository/Page_Verif_AccordeonInformationsGeneralesDemande_Agent/btn_ValiderAdresseRapatrierLeDossier' located by 'By.xpath: //*[@id="content"]/app-demande-instruction/div/div[2]/div[2]/div/button[3]/span' in '5' second(s)

03-01-2024T16:45:50 - [MESSAGE][INFO] - Smart Wait Function is triggered

03-01-2024T16:45:50 - [MESSAGE][INFO] - Found 1 web elements with id: 'Object Repository/Page_Verif_AccordeonInformationsGeneralesDemande_Agent/btn_ValiderAdresseRapatrierLeDossier' located by 'By.xpath: //*[@id="content"]/app-demande-instruction/div/div[2]/div[2]/div/button[3]/span' in '5' second(s)

03-01-2024T16:45:50 - [MESSAGE][PASSED] - Object 'Object Repository/Page_Verif_AccordeonInformationsGeneralesDemande_Agent/btn_ValiderAdresseRapatrierLeDossier' is clickable

03-01-2024T16:45:50 - [TEST_STEP][PASSED] - link_RetourAToutesLesDemandes = findTestObject("Object Repository/Page_Verif_AccordeonInformationsGeneralesDemande_Agent/btn_RetourAToutesLesDemandes"): Finding Test Object 'Object Repository/Page_Verif_AccordeonInformationsGeneralesDemande_Agent/btn_RetourAToutesLesDemandes'

03-01-2024T16:45:50 - [MESSAGE][INFO] - Finding Test Object 'Object Repository/Page_Verif_AccordeonInformationsGeneralesDemande_Agent/btn_RetourAToutesLesDemandes'

03-01-2024T16:45:50 - [TEST_STEP][PASSED] - verifyElementPresent(link_RetourAToutesLesDemandes, 1): Object 'Object Repository/Page_Verif_AccordeonInformationsGeneralesDemande_Agent/btn_RetourAToutesLesDemandes' is present

03-01-2024T16:45:50 - [MESSAGE][INFO] - Checking object

03-01-2024T16:45:50 - [MESSAGE][INFO] - Finding web element from Test Object's properties

03-01-2024T16:45:50 - [MESSAGE][INFO] - Checking timeout

03-01-2024T16:45:50 - [MESSAGE][INFO] - Finding web element with id: 'Object Repository/Page_Verif_AccordeonInformationsGeneralesDemande_Agent/btn_RetourAToutesLesDemandes' located by 'By.xpath: //*[@id="content"]/app-demande-instruction/div/div[2]/div[3]/a' in '1' second(s)

03-01-2024T16:45:50 - [MESSAGE][INFO] - Smart Wait Function is triggered

03-01-2024T16:45:50 - [MESSAGE][INFO] - Found 1 web elements with id: 'Object Repository/Page_Verif_AccordeonInformationsGeneralesDemande_Agent/btn_RetourAToutesLesDemandes' located by 'By.xpath: //*[@id="content"]/app-demande-instruction/div/div[2]/div[3]/a' in '1' second(s)

03-01-2024T16:45:50 - [MESSAGE][PASSED] - Object 'Object Repository/Page_Verif_AccordeonInformationsGeneralesDemande_Agent/btn_RetourAToutesLesDemandes' is present

03-01-2024T16:45:50 - [TEST_STEP][PASSED] - verifyElementClickable(link_RetourAToutesLesDemandes): Object 'Object Repository/Page_Verif_AccordeonInformationsGeneralesDemande_Agent/btn_RetourAToutesLesDemandes' is clickable

03-01-2024T16:45:50 - [MESSAGE][INFO] - Checking object

03-01-2024T16:45:50 - [MESSAGE][INFO] - Finding web element from Test Object's properties

03-01-2024T16:45:50 - [MESSAGE][INFO] - Checking timeout

03-01-2024T16:45:50 - [MESSAGE][INFO] - Finding web element with id: 'Object Repository/Page_Verif_AccordeonInformationsGeneralesDemande_Agent/btn_RetourAToutesLesDemandes' located by 'By.xpath: //*[@id="content"]/app-demande-instruction/div/div[2]/div[3]/a' in '5' second(s)

03-01-2024T16:45:50 - [MESSAGE][INFO] - Smart Wait Function is triggered

03-01-2024T16:45:50 - [MESSAGE][INFO] - Found 1 web elements with id: 'Object Repository/Page_Verif_AccordeonInformationsGeneralesDemande_Agent/btn_RetourAToutesLesDemandes' located by 'By.xpath: //*[@id="content"]/app-demande-instruction/div/div[2]/div[3]/a' in '5' second(s)

03-01-2024T16:45:50 - [MESSAGE][PASSED] - Object 'Object Repository/Page_Verif_AccordeonInformationsGeneralesDemande_Agent/btn_RetourAToutesLesDemandes' is clickable

03-01-2024T16:45:50 - [MESSAGE][PASSED] - Call Test Case 'Test Cases/Test Reutilisable/AgentTraitementDemande/Verif_AccordeonInformationsGeneralesDemande' successfully

03-01-2024T16:45:50 - [TEST_STEP][PASSED] - callTestCase(findTestCase("Test Cases/Test Reutilisable/AgentTraitementDemande/Verif_AccordeonObservationDuDemandeur"), [:], STOP_ON_FAILURE): Call Test Case 'Test Cases/Test Reutilisable/AgentTraitementDemande/Verif_AccordeonObservationDuDemandeur' successfully

03-01-2024T16:45:50 - [MESSAGE][INFO] - Checking called Test Case

03-01-2024T16:45:50 - [MESSAGE][INFO] - Starting to call Test Case 'Test Cases/Test Reutilisable/AgentTraitementDemande/Verif_AccordeonObservationDuDemandeur'

03-01-2024T16:45:50 - [TEST_CASE][PASSED] - Test Cases/Test Reutilisable/AgentTraitementDemande/Verif_AccordeonObservationDuDemandeur: Test Cases/Test Reutilisable/AgentTraitementDemande/Verif_AccordeonObservationDuDemandeur

03-01-2024T16:45:50 - [TEST_STEP][PASSED] - com.kazurayam.ksbackyard.HighlightElement.pandemic(): com.kazurayam.ksbackyard.HighlightElement.pandemic is PASSED

03-01-2024T16:45:50 - [MESSAGE][PASSED] - com.kazurayam.ksbackyard.HighlightElement.pandemic is PASSED

03-01-2024T16:45:50 - [TEST_STEP][PASSED] - AccordeonObservatuionDuDemandeur = findTestObject("Object Repository/Page_Verif_AccordeonObservatuionDuDemandeur_Agent/span_AccordeonObservatuionDuDemandeur"): Finding Test Object 'Object Repository/Page_Verif_AccordeonObservatuionDuDemandeur_Agent/span_AccordeonObservatuionDuDemandeur'

03-01-2024T16:45:50 - [MESSAGE][INFO] - Finding Test Object 'Object Repository/Page_Verif_AccordeonObservatuionDuDemandeur_Agent/span_AccordeonObservatuionDuDemandeur'

03-01-2024T16:45:50 - [TEST_STEP][PASSED] - verifyElementPresent(AccordeonObservatuionDuDemandeur, 1): Object 'Object Repository/Page_Verif_AccordeonObservatuionDuDemandeur_Agent/span_AccordeonObservatuionDuDemandeur' is present

03-01-2024T16:45:50 - [MESSAGE][INFO] - Checking object

03-01-2024T16:45:50 - [MESSAGE][INFO] - Finding web element from Test Object's properties

03-01-2024T16:45:50 - [MESSAGE][INFO] - Checking timeout

03-01-2024T16:45:50 - [MESSAGE][INFO] - Finding web element with id: 'Object Repository/Page_Verif_AccordeonObservatuionDuDemandeur_Agent/span_AccordeonObservatuionDuDemandeur' located by 'By.xpath: /html/body/app-root/app-layout/div/div/div/app-navigation-layout/div[2]/app-demande-instruction/div/div[1]/form/p-accordion/div/app-observations-demandeur/p-accordiontab/div[1]/a/span[2]' in '1' second(s)

03-01-2024T16:45:50 - [MESSAGE][INFO] - Smart Wait Function is triggered

03-01-2024T16:45:50 - [MESSAGE][INFO] - Found 1 web elements with id: 'Object Repository/Page_Verif_AccordeonObservatuionDuDemandeur_Agent/span_AccordeonObservatuionDuDemandeur' located by 'By.xpath: /html/body/app-root/app-layout/div/div/div/app-navigation-layout/div[2]/app-demande-instruction/div/div[1]/form/p-accordion/div/app-observations-demandeur/p-accordiontab/div[1]/a/span[2]' in '1' second(s)

03-01-2024T16:45:50 - [MESSAGE][PASSED] - Object 'Object Repository/Page_Verif_AccordeonObservatuionDuDemandeur_Agent/span_AccordeonObservatuionDuDemandeur' is present

03-01-2024T16:45:50 - [TEST_STEP][PASSED] - TitreAccordeonObservatuionDuDemandeur = getText(AccordeonObservatuionDuDemandeur): Text of object 'Object Repository/Page_Verif_AccordeonObservatuionDuDemandeur_Agent/span_AccordeonObservatuionDuDemandeur' is: 'OBSERVATIONS DU DEMANDEUR'

03-01-2024T16:45:50 - [MESSAGE][INFO] - Checking object

03-01-2024T16:45:50 - [MESSAGE][INFO] - Finding web element from Test Object's properties

03-01-2024T16:45:50 - [MESSAGE][INFO] - Checking timeout

03-01-2024T16:45:50 - [MESSAGE][INFO] - Finding web element with id: 'Object Repository/Page_Verif_AccordeonObservatuionDuDemandeur_Agent/span_AccordeonObservatuionDuDemandeur' located by 'By.xpath: /html/body/app-root/app-layout/div/div/div/app-navigation-layout/div[2]/app-demande-instruction/div/div[1]/form/p-accordion/div/app-observations-demandeur/p-accordiontab/div[1]/a/span[2]' in '5' second(s)

03-01-2024T16:45:50 - [MESSAGE][INFO] - Smart Wait Function is triggered

03-01-2024T16:45:50 - [MESSAGE][INFO] - Found 1 web elements with id: 'Object Repository/Page_Verif_AccordeonObservatuionDuDemandeur_Agent/span_AccordeonObservatuionDuDemandeur' located by 'By.xpath: /html/body/app-root/app-layout/div/div/div/app-navigation-layout/div[2]/app-demande-instruction/div/div[1]/form/p-accordion/div/app-observations-demandeur/p-accordiontab/div[1]/a/span[2]' in '5' second(s)

03-01-2024T16:45:50 - [MESSAGE][INFO] - Getting text of object 'Object Repository/Page_Verif_AccordeonObservatuionDuDemandeur_Agent/span_AccordeonObservatuionDuDemandeur'

03-01-2024T16:45:50 - [MESSAGE][PASSED] - Text of object 'Object Repository/Page_Verif_AccordeonObservatuionDuDemandeur_Agent/span_AccordeonObservatuionDuDemandeur' is: 'OBSERVATIONS DU DEMANDEUR'

03-01-2024T16:45:50 - [TEST_STEP][PASSED] - if (!(TitreAccordeonObservatuionDuDemandeur.contains("OBSERVATIONS DU DEMANDEUR"))): null

03-01-2024T16:45:50 - [TEST_STEP][PASSED] - else: Le Titre de L'accordéon est bien Affiché : OBSERVATIONS DU DEMANDEUR.

03-01-2024T16:45:50 - [TEST_STEP][PASSED] - markPassed("Le Titre de L'accordéon est bien Affiché : OBSERVATIONS DU DEMANDEUR."): Le Titre de L'accordéon est bien Affiché : OBSERVATIONS DU DEMANDEUR.

03-01-2024T16:45:50 - [MESSAGE][PASSED] - Le Titre de L'accordéon est bien Affiché : OBSERVATIONS DU DEMANDEUR.

03-01-2024T16:45:50 - [MESSAGE][PASSED] - Call Test Case 'Test Cases/Test Reutilisable/AgentTraitementDemande/Verif_AccordeonObservationDuDemandeur' successfully

03-01-2024T16:45:50 - [TEST_STEP][FAILED] - callTestCase(findTestCase("Test Cases/Test Reutilisable/AgentTraitementDemande/Verif_AccordeonEtatCivilDuDemandeur"), ["NumEtrangerVisa":NumEtrangerVisa], STOP_ON_FAILURE): Unable to call Test Case 'Test Cases/Test Reutilisable/AgentTraitementDemande/Verif_AccordeonEtatCivilDuDemandeur' (Root cause: com.kms.katalon.core.exception.StepFailedException: Call Test Case 'Test Cases/Test Reutilisable/AgentTraitementDemande/Verif_AccordeonEtatCivilDuDemandeur' failed
	at com.kms.katalon.core.keyword.builtin.CallTestCaseKeyword$_callTestCase_closure1.doCall(CallTestCaseKeyword.groovy:63)
	at com.kms.katalon.core.keyword.builtin.CallTestCaseKeyword$_callTestCase_closure1.call(CallTestCaseKeyword.groovy)
	at com.kms.katalon.core.keyword.internal.KeywordMain.runKeyword(KeywordMain.groovy:75)
	at com.kms.katalon.core.keyword.builtin.CallTestCaseKeyword.callTestCase(CallTestCaseKeyword.groovy:81)
	at com.kms.katalon.core.keyword.builtin.CallTestCaseKeyword.execute(CallTestCaseKeyword.groovy:44)
	at com.kms.katalon.core.keyword.internal.KeywordExecutor.executeKeywordForPlatform(KeywordExecutor.groovy:74)
	at com.kms.katalon.core.keyword.BuiltinKeywords.callTestCase(BuiltinKeywords.groovy:310)
	at java.base/jdk.internal.reflect.NativeMethodAccessorImpl.invoke0(Native Method)
	at java.base/jdk.internal.reflect.NativeMethodAccessorImpl.invoke(NativeMethodAccessorImpl.java:77)
	at java.base/jdk.internal.reflect.DelegatingMethodAccessorImpl.invoke(DelegatingMethodAccessorImpl.java:43)
	at com.kazurayam.ksbackyard.HighlightElement$_pandemic_closure1.doCall(HighlightElement.groovy:105)
	at jdk.internal.reflect.GeneratedMethodAccessor6.invoke(Unknown Source)
	at java.base/jdk.internal.reflect.DelegatingMethodAccessorImpl.invoke(DelegatingMethodAccessorImpl.java:43)
	at TNR R.TSPT Supp90-Visiteur.run(TNR R.TSPT Supp90-Visiteur:119)
	at com.kms.katalon.core.main.ScriptEngine.run(ScriptEngine.java:194)
	at com.kms.katalon.core.main.ScriptEngine.runScriptAsRawText(ScriptEngine.java:119)
	at com.kms.katalon.core.main.TestCaseExecutor.runScript(TestCaseExecutor.java:448)
	at com.kms.katalon.core.main.TestCaseExecutor.doExecute(TestCaseExecutor.java:439)
	at com.kms.katalon.core.main.TestCaseExecutor.processExecutionPhase(TestCaseExecutor.java:418)
	at com.kms.katalon.core.main.TestCaseExecutor.accessMainPhase(TestCaseExecutor.java:410)
	at com.kms.katalon.core.main.TestCaseExecutor.execute(TestCaseExecutor.java:285)
	at com.kms.katalon.core.common.CommonExecutor.accessTestCaseMainPhase(CommonExecutor.java:65)
	at com.kms.katalon.core.main.TestSuiteExecutor.accessTestSuiteMainPhase(TestSuiteExecutor.java:148)
	at com.kms.katalon.core.main.TestSuiteExecutor.execute(TestSuiteExecutor.java:106)
	at com.kms.katalon.core.main.TestCaseMain.startTestSuite(TestCaseMain.java:180)
	at TempTestSuite1704296569840.run(TempTestSuite1704296569840.groovy:36)
	at java.base/jdk.internal.reflect.NativeMethodAccessorImpl.invoke0(Native Method)
	at java.base/jdk.internal.reflect.NativeMethodAccessorImpl.invoke(NativeMethodAccessorImpl.java:77)
	at java.base/jdk.internal.reflect.DelegatingMethodAccessorImpl.invoke(DelegatingMethodAccessorImpl.java:43)
Caused by: com.kms.katalon.core.exception.StepFailedException: Unable to click on object 'Object Repository/Page_Verif_AccordeonEtatCivilDuDemandeur_Agent/div_AccepterLeDocumentPhotographie'
	at com.kms.katalon.core.webui.keyword.internal.WebUIKeywordMain.stepFailed(WebUIKeywordMain.groovy:64)
	at com.kms.katalon.core.webui.keyword.internal.WebUIKeywordMain.runKeyword(WebUIKeywordMain.groovy:26)
	at com.kms.katalon.core.webui.keyword.builtin.ClickKeyword.click(ClickKeyword.groovy:74)
	at com.kms.katalon.core.webui.keyword.builtin.ClickKeyword.execute(ClickKeyword.groovy:40)
	at com.kms.katalon.core.keyword.internal.KeywordExecutor.executeKeywordForPlatform(KeywordExecutor.groovy:74)
	at com.kms.katalon.core.webui.keyword.WebUiBuiltInKeywords.click(WebUiBuiltInKeywords.groovy:659)
	at jdk.internal.reflect.GeneratedMethodAccessor25.invoke(Unknown Source)
	at java.base/jdk.internal.reflect.DelegatingMethodAccessorImpl.invoke(DelegatingMethodAccessorImpl.java:43)
	at com.kazurayam.ksbackyard.HighlightElement$_pandemic_closure1.doCall(HighlightElement.groovy:105)
	at jdk.internal.reflect.GeneratedMethodAccessor6.invoke(Unknown Source)
	at java.base/jdk.internal.reflect.DelegatingMethodAccessorImpl.invoke(DelegatingMethodAccessorImpl.java:43)
	at Verif_AccordeonEtatCivilDuDemandeur.run(Verif_AccordeonEtatCivilDuDemandeur:93)
	at com.kms.katalon.core.main.ScriptEngine.run(ScriptEngine.java:194)
	at com.kms.katalon.core.main.ScriptEngine.runScriptAsRawText(ScriptEngine.java:119)
	at com.kms.katalon.core.main.TestCaseExecutor.runScript(TestCaseExecutor.java:448)
	at com.kms.katalon.core.main.TestCaseExecutor.doExecute(TestCaseExecutor.java:439)
	at com.kms.katalon.core.main.TestCaseExecutor.processExecutionPhase(TestCaseExecutor.java:418)
	at com.kms.katalon.core.main.TestCaseExecutor.accessMainPhase(TestCaseExecutor.java:410)
	at com.kms.katalon.core.main.TestCaseExecutor.execute(TestCaseExecutor.java:285)
	at com.kms.katalon.core.main.TestCaseMain.runTestCase(TestCaseMain.java:137)
	at com.kms.katalon.core.keyword.builtin.CallTestCaseKeyword$_callTestCase_closure1.doCall(CallTestCaseKeyword.groovy:59)
	... 28 more
Caused by: org.openqa.selenium.ElementClickInterceptedException: element click intercepted: Element <div class="ui-radiobutton-box ui-widget ui-state-default" ng-reflect-ng-class="[object Object]" style="outline: dashed red;">...</div> is not clickable at point (842, 151). Other element would receive the click: <div _ngcontent-epv-c23="" id="navBar" class="ng-star-inserted">...</div>
  (Session info: chrome=120.0.6099.130)
Build info: version: '3.141.59', revision: 'e82be7d358', time: '2018-11-14T08:25:53'
System info: host: 'FR-L5448059', ip: '192.168.1.134', os.name: 'Windows 10', os.arch: 'amd64', os.version: '10.0', java.version: '17.0.7'
Driver info: com.kms.katalon.selenium.driver.CChromeDriver
Capabilities {acceptInsecureCerts: false, browserName: chrome, browserVersion: 120.0.6099.130, chrome: {chromedriverVersion: 119.0.6045.105 (38c72552c5e..., userDataDir: C:\Users\ISSAM~1.RHA\AppDat...}, fedcm:accounts: true, goog:chromeOptions: {debuggerAddress: localhost:60730}, javascriptEnabled: true, networkConnectionEnabled: false, pageLoadStrategy: normal, platform: WINDOWS, platformName: WINDOWS, proxy: Proxy(), setWindowRect: true, strictFileInteractability: false, timeouts: {implicit: 0, pageLoad: 300000, script: 30000}, unhandledPromptBehavior: dismiss and notify, webauthn:extension:credBlob: true, webauthn:extension:largeBlob: true, webauthn:extension:minPinLength: true, webauthn:extension:prf: true, webauthn:virtualAuthenticators: true}
Session ID: 18a26e3ef4f655f5bc1d25bc1549a5c8
	at java.base/jdk.internal.reflect.NativeConstructorAccessorImpl.newInstance0(Native Method)
	at java.base/jdk.internal.reflect.NativeConstructorAccessorImpl.newInstance(NativeConstructorAccessorImpl.java:77)
	at java.base/jdk.internal.reflect.DelegatingConstructorAccessorImpl.newInstance(DelegatingConstructorAccessorImpl.java:45)
	at org.openqa.selenium.remote.http.W3CHttpResponseCodec.createException(W3CHttpResponseCodec.java:187)
	at org.openqa.selenium.remote.http.W3CHttpResponseCodec.decode(W3CHttpResponseCodec.java:122)
	at org.openqa.selenium.remote.http.W3CHttpResponseCodec.decode(W3CHttpResponseCodec.java:49)
	at org.openqa.selenium.remote.HttpCommandExecutor.execute(HttpCommandExecutor.java:158)
	at org.openqa.selenium.remote.service.DriverCommandExecutor.execute(DriverCommandExecutor.java:83)
	at org.openqa.selenium.remote.RemoteWebDriver.execute(RemoteWebDriver.java:552)
	at com.kms.katalon.selenium.driver.CChromeDriver.execute(CChromeDriver.java:19)
	at org.openqa.selenium.remote.RemoteWebElement.execute(RemoteWebElement.java:285)
	at org.openqa.selenium.remote.RemoteWebElement.click(RemoteWebElement.java:84)
	at jdk.internal.reflect.GeneratedMethodAccessor22.invoke(Unknown Source)
	at java.base/jdk.internal.reflect.DelegatingMethodAccessorImpl.invoke(DelegatingMethodAccessorImpl.java:43)
	at org.openqa.selenium.support.events.EventFiringWebDriver$EventFiringWebElement.lambda$new$0(EventFiringWebDriver.java:404)
	at jdk.proxy2/jdk.proxy2.$Proxy25.click(Unknown Source)
	at org.openqa.selenium.support.events.EventFiringWebDriver$EventFiringWebElement.click(EventFiringWebDriver.java:417)
	at org.openqa.selenium.WebElement$click.call(Unknown Source)
	at com.kms.katalon.core.webui.keyword.builtin.ClickKeyword.clickUntilSuccessWithTimeout(ClickKeyword.groovy:81)
	at com.kms.katalon.core.webui.keyword.builtin.ClickKeyword.clickUntilSuccessWithTimeout(ClickKeyword.groovy)
	at jdk.internal.reflect.GeneratedMethodAccessor20.invoke(Unknown Source)
	at java.base/jdk.internal.reflect.DelegatingMethodAccessorImpl.invoke(DelegatingMethodAccessorImpl.java:43)
	at com.kms.katalon.core.webui.keyword.builtin.ClickKeyword$_click_closure1.doCall(ClickKeyword.groovy:67)
	at com.kms.katalon.core.webui.keyword.builtin.ClickKeyword$_click_closure1.call(ClickKeyword.groovy)
	at com.kms.katalon.core.webui.keyword.internal.WebUIKeywordMain.runKeyword(WebUIKeywordMain.groovy:20)
	... 47 more
)

03-01-2024T16:45:50 - [MESSAGE][INFO] - Checking called Test Case

03-01-2024T16:45:50 - [MESSAGE][INFO] - Starting to call Test Case 'Test Cases/Test Reutilisable/AgentTraitementDemande/Verif_AccordeonEtatCivilDuDemandeur'

03-01-2024T16:45:51 - [TEST_CASE][FAILED] - Test Cases/Test Reutilisable/AgentTraitementDemande/Verif_AccordeonEtatCivilDuDemandeur: Test Cases/Test Reutilisable/AgentTraitementDemande/Verif_AccordeonEtatCivilDuDemandeur FAILED.
Reason:
com.kms.katalon.core.exception.StepFailedException: Unable to click on object 'Object Repository/Page_Verif_AccordeonEtatCivilDuDemandeur_Agent/div_AccepterLeDocumentPhotographie'
	at com.kms.katalon.core.webui.keyword.internal.WebUIKeywordMain.stepFailed(WebUIKeywordMain.groovy:64)
	at com.kms.katalon.core.webui.keyword.internal.WebUIKeywordMain.runKeyword(WebUIKeywordMain.groovy:26)
	at com.kms.katalon.core.webui.keyword.builtin.ClickKeyword.click(ClickKeyword.groovy:74)
	at com.kms.katalon.core.webui.keyword.builtin.ClickKeyword.execute(ClickKeyword.groovy:40)
	at com.kms.katalon.core.keyword.internal.KeywordExecutor.executeKeywordForPlatform(KeywordExecutor.groovy:74)
	at com.kms.katalon.core.webui.keyword.WebUiBuiltInKeywords.click(WebUiBuiltInKeywords.groovy:659)
	at jdk.internal.reflect.GeneratedMethodAccessor25.invoke(Unknown Source)
	at java.base/jdk.internal.reflect.DelegatingMethodAccessorImpl.invoke(DelegatingMethodAccessorImpl.java:43)
	at com.kazurayam.ksbackyard.HighlightElement$_pandemic_closure1.doCall(HighlightElement.groovy:105)
	at jdk.internal.reflect.GeneratedMethodAccessor6.invoke(Unknown Source)
	at java.base/jdk.internal.reflect.DelegatingMethodAccessorImpl.invoke(DelegatingMethodAccessorImpl.java:43)
	at Verif_AccordeonEtatCivilDuDemandeur.run(Verif_AccordeonEtatCivilDuDemandeur:93)
	at com.kms.katalon.core.main.ScriptEngine.run(ScriptEngine.java:194)
	at com.kms.katalon.core.main.ScriptEngine.runScriptAsRawText(ScriptEngine.java:119)
	at com.kms.katalon.core.main.TestCaseExecutor.runScript(TestCaseExecutor.java:448)
	at com.kms.katalon.core.main.TestCaseExecutor.doExecute(TestCaseExecutor.java:439)
	at com.kms.katalon.core.main.TestCaseExecutor.processExecutionPhase(TestCaseExecutor.java:418)
	at com.kms.katalon.core.main.TestCaseExecutor.accessMainPhase(TestCaseExecutor.java:410)
	at com.kms.katalon.core.main.TestCaseExecutor.execute(TestCaseExecutor.java:285)
	at com.kms.katalon.core.main.TestCaseMain.runTestCase(TestCaseMain.java:137)
	at com.kms.katalon.core.keyword.builtin.CallTestCaseKeyword$_callTestCase_closure1.doCall(CallTestCaseKeyword.groovy:59)
	at com.kms.katalon.core.keyword.builtin.CallTestCaseKeyword$_callTestCase_closure1.call(CallTestCaseKeyword.groovy)
	at com.kms.katalon.core.keyword.internal.KeywordMain.runKeyword(KeywordMain.groovy:75)
	at com.kms.katalon.core.keyword.builtin.CallTestCaseKeyword.callTestCase(CallTestCaseKeyword.groovy:81)
	at com.kms.katalon.core.keyword.builtin.CallTestCaseKeyword.execute(CallTestCaseKeyword.groovy:44)
	at com.kms.katalon.core.keyword.internal.KeywordExecutor.executeKeywordForPlatform(KeywordExecutor.groovy:74)
	at com.kms.katalon.core.keyword.BuiltinKeywords.callTestCase(BuiltinKeywords.groovy:310)
	at java.base/jdk.internal.reflect.NativeMethodAccessorImpl.invoke0(Native Method)
	at java.base/jdk.internal.reflect.NativeMethodAccessorImpl.invoke(NativeMethodAccessorImpl.java:77)
	at java.base/jdk.internal.reflect.DelegatingMethodAccessorImpl.invoke(DelegatingMethodAccessorImpl.java:43)
	at com.kazurayam.ksbackyard.HighlightElement$_pandemic_closure1.doCall(HighlightElement.groovy:105)
	at jdk.internal.reflect.GeneratedMethodAccessor6.invoke(Unknown Source)
	at java.base/jdk.internal.reflect.DelegatingMethodAccessorImpl.invoke(DelegatingMethodAccessorImpl.java:43)
	at TNR R.TSPT Supp90-Visiteur.run(TNR R.TSPT Supp90-Visiteur:119)
	at com.kms.katalon.core.main.ScriptEngine.run(ScriptEngine.java:194)
	at com.kms.katalon.core.main.ScriptEngine.runScriptAsRawText(ScriptEngine.java:119)
	at com.kms.katalon.core.main.TestCaseExecutor.runScript(TestCaseExecutor.java:448)
	at com.kms.katalon.core.main.TestCaseExecutor.doExecute(TestCaseExecutor.java:439)
	at com.kms.katalon.core.main.TestCaseExecutor.processExecutionPhase(TestCaseExecutor.java:418)
	at com.kms.katalon.core.main.TestCaseExecutor.accessMainPhase(TestCaseExecutor.java:410)
	at com.kms.katalon.core.main.TestCaseExecutor.execute(TestCaseExecutor.java:285)
	at com.kms.katalon.core.common.CommonExecutor.accessTestCaseMainPhase(CommonExecutor.java:65)
	at com.kms.katalon.core.main.TestSuiteExecutor.accessTestSuiteMainPhase(TestSuiteExecutor.java:148)
	at com.kms.katalon.core.main.TestSuiteExecutor.execute(TestSuiteExecutor.java:106)
	at com.kms.katalon.core.main.TestCaseMain.startTestSuite(TestCaseMain.java:180)
	at TempTestSuite1704296569840.run(TempTestSuite1704296569840.groovy:36)
	at java.base/jdk.internal.reflect.NativeMethodAccessorImpl.invoke0(Native Method)
	at java.base/jdk.internal.reflect.NativeMethodAccessorImpl.invoke(NativeMethodAccessorImpl.java:77)
	at java.base/jdk.internal.reflect.DelegatingMethodAccessorImpl.invoke(DelegatingMethodAccessorImpl.java:43)
Caused by: org.openqa.selenium.ElementClickInterceptedException: element click intercepted: Element <div class="ui-radiobutton-box ui-widget ui-state-default" ng-reflect-ng-class="[object Object]" style="outline: dashed red;">...</div> is not clickable at point (842, 151). Other element would receive the click: <div _ngcontent-epv-c23="" id="navBar" class="ng-star-inserted">...</div>
  (Session info: chrome=120.0.6099.130)
Build info: version: '3.141.59', revision: 'e82be7d358', time: '2018-11-14T08:25:53'
System info: host: 'FR-L5448059', ip: '192.168.1.134', os.name: 'Windows 10', os.arch: 'amd64', os.version: '10.0', java.version: '17.0.7'
Driver info: com.kms.katalon.selenium.driver.CChromeDriver
Capabilities {acceptInsecureCerts: false, browserName: chrome, browserVersion: 120.0.6099.130, chrome: {chromedriverVersion: 119.0.6045.105 (38c72552c5e..., userDataDir: C:\Users\ISSAM~1.RHA\AppDat...}, fedcm:accounts: true, goog:chromeOptions: {debuggerAddress: localhost:60730}, javascriptEnabled: true, networkConnectionEnabled: false, pageLoadStrategy: normal, platform: WINDOWS, platformName: WINDOWS, proxy: Proxy(), setWindowRect: true, strictFileInteractability: false, timeouts: {implicit: 0, pageLoad: 300000, script: 30000}, unhandledPromptBehavior: dismiss and notify, webauthn:extension:credBlob: true, webauthn:extension:largeBlob: true, webauthn:extension:minPinLength: true, webauthn:extension:prf: true, webauthn:virtualAuthenticators: true}
Session ID: 18a26e3ef4f655f5bc1d25bc1549a5c8
	at java.base/jdk.internal.reflect.NativeConstructorAccessorImpl.newInstance0(Native Method)
	at java.base/jdk.internal.reflect.NativeConstructorAccessorImpl.newInstance(NativeConstructorAccessorImpl.java:77)
	at java.base/jdk.internal.reflect.DelegatingConstructorAccessorImpl.newInstance(DelegatingConstructorAccessorImpl.java:45)
	at org.openqa.selenium.remote.http.W3CHttpResponseCodec.createException(W3CHttpResponseCodec.java:187)
	at org.openqa.selenium.remote.http.W3CHttpResponseCodec.decode(W3CHttpResponseCodec.java:122)
	at org.openqa.selenium.remote.http.W3CHttpResponseCodec.decode(W3CHttpResponseCodec.java:49)
	at org.openqa.selenium.remote.HttpCommandExecutor.execute(HttpCommandExecutor.java:158)
	at org.openqa.selenium.remote.service.DriverCommandExecutor.execute(DriverCommandExecutor.java:83)
	at org.openqa.selenium.remote.RemoteWebDriver.execute(RemoteWebDriver.java:552)
	at com.kms.katalon.selenium.driver.CChromeDriver.execute(CChromeDriver.java:19)
	at org.openqa.selenium.remote.RemoteWebElement.execute(RemoteWebElement.java:285)
	at org.openqa.selenium.remote.RemoteWebElement.click(RemoteWebElement.java:84)
	at jdk.internal.reflect.GeneratedMethodAccessor22.invoke(Unknown Source)
	at java.base/jdk.internal.reflect.DelegatingMethodAccessorImpl.invoke(DelegatingMethodAccessorImpl.java:43)
	at org.openqa.selenium.support.events.EventFiringWebDriver$EventFiringWebElement.lambda$new$0(EventFiringWebDriver.java:404)
	at jdk.proxy2/jdk.proxy2.$Proxy25.click(Unknown Source)
	at org.openqa.selenium.support.events.EventFiringWebDriver$EventFiringWebElement.click(EventFiringWebDriver.java:417)
	at org.openqa.selenium.WebElement$click.call(Unknown Source)
	at com.kms.katalon.core.webui.keyword.builtin.ClickKeyword.clickUntilSuccessWithTimeout(ClickKeyword.groovy:81)
	at com.kms.katalon.core.webui.keyword.builtin.ClickKeyword.clickUntilSuccessWithTimeout(ClickKeyword.groovy)
	at jdk.internal.reflect.GeneratedMethodAccessor20.invoke(Unknown Source)
	at java.base/jdk.internal.reflect.DelegatingMethodAccessorImpl.invoke(DelegatingMethodAccessorImpl.java:43)
	at com.kms.katalon.core.webui.keyword.builtin.ClickKeyword$_click_closure1.doCall(ClickKeyword.groovy:67)
	at com.kms.katalon.core.webui.keyword.builtin.ClickKeyword$_click_closure1.call(ClickKeyword.groovy)
	at com.kms.katalon.core.webui.keyword.internal.WebUIKeywordMain.runKeyword(WebUIKeywordMain.groovy:20)
	... 47 more


03-01-2024T16:45:51 - [TEST_STEP][PASSED] - com.kazurayam.ksbackyard.HighlightElement.pandemic(): com.kazurayam.ksbackyard.HighlightElement.pandemic is PASSED

03-01-2024T16:45:51 - [MESSAGE][PASSED] - com.kazurayam.ksbackyard.HighlightElement.pandemic is PASSED

03-01-2024T16:45:51 - [TEST_STEP][PASSED] - if (verifyElementPresent(findTestObject("Object Repository/Page_Verif_AccordeonEtatCivilDuDemandeur_Agent/span_AccordeonEtatCivil"), 3, OPTIONAL)): null

03-01-2024T16:45:51 - [MESSAGE][INFO] - Finding Test Object 'Object Repository/Page_Verif_AccordeonEtatCivilDuDemandeur_Agent/span_AccordeonEtatCivil'

03-01-2024T16:45:51 - [MESSAGE][INFO] - Checking object

03-01-2024T16:45:51 - [MESSAGE][INFO] - Finding web element from Test Object's properties

03-01-2024T16:45:51 - [MESSAGE][INFO] - Checking timeout

03-01-2024T16:45:51 - [MESSAGE][INFO] - Finding web element with id: 'Object Repository/Page_Verif_AccordeonEtatCivilDuDemandeur_Agent/span_AccordeonEtatCivil' located by 'By.xpath: /html/body/app-root/app-layout/div/div/div/app-navigation-layout/div[2]/app-demande-instruction/div/div[1]/form/p-accordion/div/p-accordiontab[1]/div[1]/a/span[2]' in '3' second(s)

03-01-2024T16:45:51 - [MESSAGE][INFO] - Smart Wait Function is triggered

03-01-2024T16:45:51 - [MESSAGE][INFO] - Found 1 web elements with id: 'Object Repository/Page_Verif_AccordeonEtatCivilDuDemandeur_Agent/span_AccordeonEtatCivil' located by 'By.xpath: /html/body/app-root/app-layout/div/div/div/app-navigation-layout/div[2]/app-demande-instruction/div/div[1]/form/p-accordion/div/p-accordiontab[1]/div[1]/a/span[2]' in '3' second(s)

03-01-2024T16:45:51 - [MESSAGE][PASSED] - Object 'Object Repository/Page_Verif_AccordeonEtatCivilDuDemandeur_Agent/span_AccordeonEtatCivil' is present

03-01-2024T16:45:51 - [TEST_STEP][PASSED] - AccordeonEtatCivil = findTestObject("Object Repository/Page_Verif_AccordeonEtatCivilDuDemandeur_Agent/span_AccordeonEtatCivil"): Finding Test Object 'Object Repository/Page_Verif_AccordeonEtatCivilDuDemandeur_Agent/span_AccordeonEtatCivil'

03-01-2024T16:45:51 - [MESSAGE][INFO] - Finding Test Object 'Object Repository/Page_Verif_AccordeonEtatCivilDuDemandeur_Agent/span_AccordeonEtatCivil'

03-01-2024T16:45:51 - [TEST_STEP][PASSED] - verifyElementPresent(AccordeonEtatCivil, 1): Object 'Object Repository/Page_Verif_AccordeonEtatCivilDuDemandeur_Agent/span_AccordeonEtatCivil' is present

03-01-2024T16:45:51 - [MESSAGE][INFO] - Checking object

03-01-2024T16:45:51 - [MESSAGE][INFO] - Finding web element from Test Object's properties

03-01-2024T16:45:51 - [MESSAGE][INFO] - Checking timeout

03-01-2024T16:45:51 - [MESSAGE][INFO] - Finding web element with id: 'Object Repository/Page_Verif_AccordeonEtatCivilDuDemandeur_Agent/span_AccordeonEtatCivil' located by 'By.xpath: /html/body/app-root/app-layout/div/div/div/app-navigation-layout/div[2]/app-demande-instruction/div/div[1]/form/p-accordion/div/p-accordiontab[1]/div[1]/a/span[2]' in '1' second(s)

03-01-2024T16:45:51 - [MESSAGE][INFO] - Smart Wait Function is triggered

03-01-2024T16:45:52 - [MESSAGE][INFO] - Found 1 web elements with id: 'Object Repository/Page_Verif_AccordeonEtatCivilDuDemandeur_Agent/span_AccordeonEtatCivil' located by 'By.xpath: /html/body/app-root/app-layout/div/div/div/app-navigation-layout/div[2]/app-demande-instruction/div/div[1]/form/p-accordion/div/p-accordiontab[1]/div[1]/a/span[2]' in '1' second(s)

03-01-2024T16:45:52 - [MESSAGE][PASSED] - Object 'Object Repository/Page_Verif_AccordeonEtatCivilDuDemandeur_Agent/span_AccordeonEtatCivil' is present

03-01-2024T16:45:52 - [TEST_STEP][PASSED] - TitreAccordeonEtatCivil = getText(AccordeonEtatCivil): Text of object 'Object Repository/Page_Verif_AccordeonEtatCivilDuDemandeur_Agent/span_AccordeonEtatCivil' is: 'ÉTAT CIVIL'

03-01-2024T16:45:52 - [MESSAGE][INFO] - Checking object

03-01-2024T16:45:52 - [MESSAGE][INFO] - Finding web element from Test Object's properties

03-01-2024T16:45:52 - [MESSAGE][INFO] - Checking timeout

03-01-2024T16:45:52 - [MESSAGE][INFO] - Finding web element with id: 'Object Repository/Page_Verif_AccordeonEtatCivilDuDemandeur_Agent/span_AccordeonEtatCivil' located by 'By.xpath: /html/body/app-root/app-layout/div/div/div/app-navigation-layout/div[2]/app-demande-instruction/div/div[1]/form/p-accordion/div/p-accordiontab[1]/div[1]/a/span[2]' in '5' second(s)

03-01-2024T16:45:52 - [MESSAGE][INFO] - Smart Wait Function is triggered

03-01-2024T16:45:52 - [MESSAGE][INFO] - Found 1 web elements with id: 'Object Repository/Page_Verif_AccordeonEtatCivilDuDemandeur_Agent/span_AccordeonEtatCivil' located by 'By.xpath: /html/body/app-root/app-layout/div/div/div/app-navigation-layout/div[2]/app-demande-instruction/div/div[1]/form/p-accordion/div/p-accordiontab[1]/div[1]/a/span[2]' in '5' second(s)

03-01-2024T16:45:52 - [MESSAGE][INFO] - Getting text of object 'Object Repository/Page_Verif_AccordeonEtatCivilDuDemandeur_Agent/span_AccordeonEtatCivil'

03-01-2024T16:45:52 - [MESSAGE][PASSED] - Text of object 'Object Repository/Page_Verif_AccordeonEtatCivilDuDemandeur_Agent/span_AccordeonEtatCivil' is: 'ÉTAT CIVIL'

03-01-2024T16:45:52 - [TEST_STEP][PASSED] - if (!(TitreAccordeonEtatCivil.contains("ÉTAT CIVIL"))): null

03-01-2024T16:45:52 - [TEST_STEP][PASSED] - else: Le Titre de L'accordéon est bien Affiché : ÉTAT CIVIL.

03-01-2024T16:45:52 - [TEST_STEP][PASSED] - markPassed("Le Titre de L'accordéon est bien Affiché : ÉTAT CIVIL."): Le Titre de L'accordéon est bien Affiché : ÉTAT CIVIL.

03-01-2024T16:45:52 - [MESSAGE][PASSED] - Le Titre de L'accordéon est bien Affiché : ÉTAT CIVIL.

03-01-2024T16:45:52 - [TEST_STEP][PASSED] - if (verifyElementPresent(findTestObject("Object Repository/Page_Verif_AccordeonEtatCivilDuDemandeur_Agent/span_Check_DocManquantPhotographie"), 3, OPTIONAL)): null

03-01-2024T16:45:52 - [MESSAGE][INFO] - Finding Test Object 'Object Repository/Page_Verif_AccordeonEtatCivilDuDemandeur_Agent/span_Check_DocManquantPhotographie'

03-01-2024T16:45:52 - [MESSAGE][INFO] - Checking object

03-01-2024T16:45:52 - [MESSAGE][INFO] - Finding web element from Test Object's properties

03-01-2024T16:45:52 - [MESSAGE][INFO] - Checking timeout

03-01-2024T16:45:52 - [MESSAGE][INFO] - Finding web element with id: 'Object Repository/Page_Verif_AccordeonEtatCivilDuDemandeur_Agent/span_Check_DocManquantPhotographie' located by 'By.xpath: //div/app-etat-civil/div/div[2]/div/app-justificatifs[1]/div/div[1]/anef-input-check/div/div/p-checkbox/div/div[2]' in '3' second(s)

03-01-2024T16:45:52 - [MESSAGE][INFO] - Smart Wait Function is triggered

03-01-2024T16:45:52 - [MESSAGE][INFO] - Found 1 web elements with id: 'Object Repository/Page_Verif_AccordeonEtatCivilDuDemandeur_Agent/span_Check_DocManquantPhotographie' located by 'By.xpath: //div/app-etat-civil/div/div[2]/div/app-justificatifs[1]/div/div[1]/anef-input-check/div/div/p-checkbox/div/div[2]' in '3' second(s)

03-01-2024T16:45:52 - [MESSAGE][PASSED] - Object 'Object Repository/Page_Verif_AccordeonEtatCivilDuDemandeur_Agent/span_Check_DocManquantPhotographie' is present

03-01-2024T16:45:52 - [TEST_STEP][PASSED] - DocManquantPhotographie = findTestObject("Object Repository/Page_Verif_AccordeonEtatCivilDuDemandeur_Agent/span_Check_DocManquantPhotographie"): Finding Test Object 'Object Repository/Page_Verif_AccordeonEtatCivilDuDemandeur_Agent/span_Check_DocManquantPhotographie'

03-01-2024T16:45:52 - [MESSAGE][INFO] - Finding Test Object 'Object Repository/Page_Verif_AccordeonEtatCivilDuDemandeur_Agent/span_Check_DocManquantPhotographie'

03-01-2024T16:45:52 - [TEST_STEP][PASSED] - verifyElementPresent(DocManquantPhotographie, 1): Object 'Object Repository/Page_Verif_AccordeonEtatCivilDuDemandeur_Agent/span_Check_DocManquantPhotographie' is present

03-01-2024T16:45:52 - [MESSAGE][INFO] - Checking object

03-01-2024T16:45:52 - [MESSAGE][INFO] - Finding web element from Test Object's properties

03-01-2024T16:45:52 - [MESSAGE][INFO] - Checking timeout

03-01-2024T16:45:52 - [MESSAGE][INFO] - Finding web element with id: 'Object Repository/Page_Verif_AccordeonEtatCivilDuDemandeur_Agent/span_Check_DocManquantPhotographie' located by 'By.xpath: //div/app-etat-civil/div/div[2]/div/app-justificatifs[1]/div/div[1]/anef-input-check/div/div/p-checkbox/div/div[2]' in '1' second(s)

03-01-2024T16:45:52 - [MESSAGE][INFO] - Smart Wait Function is triggered

03-01-2024T16:45:52 - [MESSAGE][INFO] - Found 1 web elements with id: 'Object Repository/Page_Verif_AccordeonEtatCivilDuDemandeur_Agent/span_Check_DocManquantPhotographie' located by 'By.xpath: //div/app-etat-civil/div/div[2]/div/app-justificatifs[1]/div/div[1]/anef-input-check/div/div/p-checkbox/div/div[2]' in '1' second(s)

03-01-2024T16:45:52 - [MESSAGE][PASSED] - Object 'Object Repository/Page_Verif_AccordeonEtatCivilDuDemandeur_Agent/span_Check_DocManquantPhotographie' is present

03-01-2024T16:45:52 - [TEST_STEP][PASSED] - check(DocManquantPhotographie): Object 'Object Repository/Page_Verif_AccordeonEtatCivilDuDemandeur_Agent/span_Check_DocManquantPhotographie' is checked

03-01-2024T16:45:52 - [MESSAGE][INFO] - Checking object

03-01-2024T16:45:52 - [MESSAGE][INFO] - Finding web element from Test Object's properties

03-01-2024T16:45:52 - [MESSAGE][INFO] - Checking timeout

03-01-2024T16:45:52 - [MESSAGE][INFO] - Finding web element with id: 'Object Repository/Page_Verif_AccordeonEtatCivilDuDemandeur_Agent/span_Check_DocManquantPhotographie' located by 'By.xpath: //div/app-etat-civil/div/div[2]/div/app-justificatifs[1]/div/div[1]/anef-input-check/div/div/p-checkbox/div/div[2]' in '5' second(s)

03-01-2024T16:45:52 - [MESSAGE][INFO] - Smart Wait Function is triggered

03-01-2024T16:45:52 - [MESSAGE][INFO] - Found 1 web elements with id: 'Object Repository/Page_Verif_AccordeonEtatCivilDuDemandeur_Agent/span_Check_DocManquantPhotographie' located by 'By.xpath: //div/app-etat-civil/div/div[2]/div/app-justificatifs[1]/div/div[1]/anef-input-check/div/div/p-checkbox/div/div[2]' in '5' second(s)

03-01-2024T16:45:52 - [MESSAGE][INFO] - Checking on bject 'Object Repository/Page_Verif_AccordeonEtatCivilDuDemandeur_Agent/span_Check_DocManquantPhotographie'

03-01-2024T16:45:54 - [MESSAGE][PASSED] - Object 'Object Repository/Page_Verif_AccordeonEtatCivilDuDemandeur_Agent/span_Check_DocManquantPhotographie' is checked

03-01-2024T16:45:54 - [TEST_STEP][PASSED] - MsgDocumentManquant = findTestObject("Object Repository/Page_Verif_AccordeonEtatCivilDuDemandeur_Agent/label_MsgDocumentManquantPhotographie"): Finding Test Object 'Object Repository/Page_Verif_AccordeonEtatCivilDuDemandeur_Agent/label_MsgDocumentManquantPhotographie'

03-01-2024T16:45:54 - [MESSAGE][INFO] - Finding Test Object 'Object Repository/Page_Verif_AccordeonEtatCivilDuDemandeur_Agent/label_MsgDocumentManquantPhotographie'

03-01-2024T16:45:54 - [TEST_STEP][PASSED] - verifyElementPresent(MsgDocumentManquant, 1): Object 'Object Repository/Page_Verif_AccordeonEtatCivilDuDemandeur_Agent/label_MsgDocumentManquantPhotographie' is present

03-01-2024T16:45:54 - [MESSAGE][INFO] - Checking object

03-01-2024T16:45:54 - [MESSAGE][INFO] - Finding web element from Test Object's properties

03-01-2024T16:45:54 - [MESSAGE][INFO] - Checking timeout

03-01-2024T16:45:54 - [MESSAGE][INFO] - Finding web element with id: 'Object Repository/Page_Verif_AccordeonEtatCivilDuDemandeur_Agent/label_MsgDocumentManquantPhotographie' located by 'By.xpath: //*[@id="observation-label"]' in '1' second(s)

03-01-2024T16:45:54 - [MESSAGE][INFO] - Smart Wait Function is triggered

03-01-2024T16:45:54 - [MESSAGE][INFO] - Found 1 web elements with id: 'Object Repository/Page_Verif_AccordeonEtatCivilDuDemandeur_Agent/label_MsgDocumentManquantPhotographie' located by 'By.xpath: //*[@id="observation-label"]' in '1' second(s)

03-01-2024T16:45:54 - [MESSAGE][PASSED] - Object 'Object Repository/Page_Verif_AccordeonEtatCivilDuDemandeur_Agent/label_MsgDocumentManquantPhotographie' is present

03-01-2024T16:45:54 - [TEST_STEP][PASSED] - TitreMsgDocumentManquantPhotographie = getText(MsgDocumentManquant): Text of object 'Object Repository/Page_Verif_AccordeonEtatCivilDuDemandeur_Agent/label_MsgDocumentManquantPhotographie' is: 'Préciser le document manquant au demandeur * :'

03-01-2024T16:45:54 - [MESSAGE][INFO] - Checking object

03-01-2024T16:45:54 - [MESSAGE][INFO] - Finding web element from Test Object's properties

03-01-2024T16:45:54 - [MESSAGE][INFO] - Checking timeout

03-01-2024T16:45:54 - [MESSAGE][INFO] - Finding web element with id: 'Object Repository/Page_Verif_AccordeonEtatCivilDuDemandeur_Agent/label_MsgDocumentManquantPhotographie' located by 'By.xpath: //*[@id="observation-label"]' in '5' second(s)

03-01-2024T16:45:54 - [MESSAGE][INFO] - Smart Wait Function is triggered

03-01-2024T16:45:54 - [MESSAGE][INFO] - Found 1 web elements with id: 'Object Repository/Page_Verif_AccordeonEtatCivilDuDemandeur_Agent/label_MsgDocumentManquantPhotographie' located by 'By.xpath: //*[@id="observation-label"]' in '5' second(s)

03-01-2024T16:45:54 - [MESSAGE][INFO] - Getting text of object 'Object Repository/Page_Verif_AccordeonEtatCivilDuDemandeur_Agent/label_MsgDocumentManquantPhotographie'

03-01-2024T16:45:54 - [MESSAGE][PASSED] - Text of object 'Object Repository/Page_Verif_AccordeonEtatCivilDuDemandeur_Agent/label_MsgDocumentManquantPhotographie' is: 'Préciser le document manquant au demandeur * :'

03-01-2024T16:45:54 - [TEST_STEP][PASSED] - if (!(TitreMsgDocumentManquantPhotographie.contains("Préciser le document manquant au demandeur * :"))): null

03-01-2024T16:45:54 - [TEST_STEP][PASSED] - else: Le Titre  de Message est bien Affiché : Préciser le document manquant Photographie au demandeur.

03-01-2024T16:45:54 - [TEST_STEP][PASSED] - markPassed("Le Titre  de Message est bien Affiché : Préciser le document manquant Photographie au demandeur."): Le Titre  de Message est bien Affiché : Préciser le document manquant Photographie au demandeur.

03-01-2024T16:45:54 - [MESSAGE][PASSED] - Le Titre  de Message est bien Affiché : Préciser le document manquant Photographie au demandeur.

03-01-2024T16:45:54 - [TEST_STEP][PASSED] - TxtDocManquantPhotographie = findTestObject("Object Repository/Page_Verif_AccordeonEtatCivilDuDemandeur_Agent/TextArea_TextDocManquantPhotographie"): Finding Test Object 'Object Repository/Page_Verif_AccordeonEtatCivilDuDemandeur_Agent/TextArea_TextDocManquantPhotographie'

03-01-2024T16:45:54 - [MESSAGE][INFO] - Finding Test Object 'Object Repository/Page_Verif_AccordeonEtatCivilDuDemandeur_Agent/TextArea_TextDocManquantPhotographie'

03-01-2024T16:45:54 - [TEST_STEP][PASSED] - verifyElementPresent(TxtDocManquantPhotographie, 1): Object 'Object Repository/Page_Verif_AccordeonEtatCivilDuDemandeur_Agent/TextArea_TextDocManquantPhotographie' is present

03-01-2024T16:45:54 - [MESSAGE][INFO] - Checking object

03-01-2024T16:45:54 - [MESSAGE][INFO] - Finding web element from Test Object's properties

03-01-2024T16:45:54 - [MESSAGE][INFO] - Checking timeout

03-01-2024T16:45:54 - [MESSAGE][INFO] - Finding web element with id: 'Object Repository/Page_Verif_AccordeonEtatCivilDuDemandeur_Agent/TextArea_TextDocManquantPhotographie' located by 'By.xpath: //*[@id="observation"]' in '1' second(s)

03-01-2024T16:45:54 - [MESSAGE][INFO] - Smart Wait Function is triggered

03-01-2024T16:45:54 - [MESSAGE][INFO] - Found 1 web elements with id: 'Object Repository/Page_Verif_AccordeonEtatCivilDuDemandeur_Agent/TextArea_TextDocManquantPhotographie' located by 'By.xpath: //*[@id="observation"]' in '1' second(s)

03-01-2024T16:45:54 - [MESSAGE][PASSED] - Object 'Object Repository/Page_Verif_AccordeonEtatCivilDuDemandeur_Agent/TextArea_TextDocManquantPhotographie' is present

03-01-2024T16:45:54 - [TEST_STEP][PASSED] - setText(TxtDocManquantPhotographie, "Préciser le document manquant Photographie au demandeur"): Text 'Préciser le document manquant Photographie au demandeur' is set on object 'Object Repository/Page_Verif_AccordeonEtatCivilDuDemandeur_Agent/TextArea_TextDocManquantPhotographie'

03-01-2024T16:45:54 - [MESSAGE][INFO] - Checking timeout

03-01-2024T16:45:54 - [MESSAGE][INFO] - Finding web element with id: 'Object Repository/Page_Verif_AccordeonEtatCivilDuDemandeur_Agent/TextArea_TextDocManquantPhotographie' located by 'By.xpath: //*[@id="observation"]' in '20' second(s)

03-01-2024T16:45:54 - [MESSAGE][INFO] - Smart Wait Function is triggered

03-01-2024T16:45:54 - [MESSAGE][INFO] - Found 1 web elements with id: 'Object Repository/Page_Verif_AccordeonEtatCivilDuDemandeur_Agent/TextArea_TextDocManquantPhotographie' located by 'By.xpath: //*[@id="observation"]' in '20' second(s)

03-01-2024T16:45:54 - [MESSAGE][INFO] - Checking object

03-01-2024T16:45:54 - [MESSAGE][INFO] - Checking text

03-01-2024T16:45:54 - [MESSAGE][INFO] - Finding web element from Test Object's properties

03-01-2024T16:45:54 - [MESSAGE][INFO] - Checking timeout

03-01-2024T16:45:54 - [MESSAGE][INFO] - Finding web element with id: 'Object Repository/Page_Verif_AccordeonEtatCivilDuDemandeur_Agent/TextArea_TextDocManquantPhotographie' located by 'By.xpath: //*[@id="observation"]' in '5' second(s)

03-01-2024T16:45:54 - [MESSAGE][INFO] - Smart Wait Function is triggered

03-01-2024T16:45:54 - [MESSAGE][INFO] - Found 1 web elements with id: 'Object Repository/Page_Verif_AccordeonEtatCivilDuDemandeur_Agent/TextArea_TextDocManquantPhotographie' located by 'By.xpath: //*[@id="observation"]' in '5' second(s)

03-01-2024T16:45:54 - [MESSAGE][INFO] - Clearing text of object 'Object Repository/Page_Verif_AccordeonEtatCivilDuDemandeur_Agent/TextArea_TextDocManquantPhotographie'

03-01-2024T16:45:56 - [MESSAGE][INFO] - Finding web element from Test Object's properties

03-01-2024T16:45:56 - [MESSAGE][INFO] - Checking timeout

03-01-2024T16:45:56 - [MESSAGE][INFO] - Finding web element with id: 'Object Repository/Page_Verif_AccordeonEtatCivilDuDemandeur_Agent/TextArea_TextDocManquantPhotographie' located by 'By.xpath: //*[@id="observation"]' in '5' second(s)

03-01-2024T16:45:56 - [MESSAGE][INFO] - Smart Wait Function is triggered

03-01-2024T16:45:57 - [MESSAGE][INFO] - Found 1 web elements with id: 'Object Repository/Page_Verif_AccordeonEtatCivilDuDemandeur_Agent/TextArea_TextDocManquantPhotographie' located by 'By.xpath: //*[@id="observation"]' in '5' second(s)

03-01-2024T16:45:57 - [MESSAGE][INFO] - Setting text of object 'Object Repository/Page_Verif_AccordeonEtatCivilDuDemandeur_Agent/TextArea_TextDocManquantPhotographie' to value 'Préciser le document manquant Photographie au demandeur'

03-01-2024T16:45:59 - [MESSAGE][PASSED] - Text 'Préciser le document manquant Photographie au demandeur' is set on object 'Object Repository/Page_Verif_AccordeonEtatCivilDuDemandeur_Agent/TextArea_TextDocManquantPhotographie'

03-01-2024T16:45:59 - [TEST_STEP][PASSED] - check(DocManquantPhotographie): Object 'Object Repository/Page_Verif_AccordeonEtatCivilDuDemandeur_Agent/span_Check_DocManquantPhotographie' is checked

03-01-2024T16:45:59 - [MESSAGE][INFO] - Checking object

03-01-2024T16:45:59 - [MESSAGE][INFO] - Finding web element from Test Object's properties

03-01-2024T16:45:59 - [MESSAGE][INFO] - Checking timeout

03-01-2024T16:45:59 - [MESSAGE][INFO] - Finding web element with id: 'Object Repository/Page_Verif_AccordeonEtatCivilDuDemandeur_Agent/span_Check_DocManquantPhotographie' located by 'By.xpath: //div/app-etat-civil/div/div[2]/div/app-justificatifs[1]/div/div[1]/anef-input-check/div/div/p-checkbox/div/div[2]' in '5' second(s)

03-01-2024T16:45:59 - [MESSAGE][INFO] - Smart Wait Function is triggered

03-01-2024T16:45:59 - [MESSAGE][INFO] - Found 1 web elements with id: 'Object Repository/Page_Verif_AccordeonEtatCivilDuDemandeur_Agent/span_Check_DocManquantPhotographie' located by 'By.xpath: //div/app-etat-civil/div/div[2]/div/app-justificatifs[1]/div/div[1]/anef-input-check/div/div/p-checkbox/div/div[2]' in '5' second(s)

03-01-2024T16:45:59 - [MESSAGE][INFO] - Checking on bject 'Object Repository/Page_Verif_AccordeonEtatCivilDuDemandeur_Agent/span_Check_DocManquantPhotographie'

03-01-2024T16:46:01 - [MESSAGE][PASSED] - Object 'Object Repository/Page_Verif_AccordeonEtatCivilDuDemandeur_Agent/span_Check_DocManquantPhotographie' is checked

03-01-2024T16:46:01 - [TEST_STEP][PASSED] - objVoirDocPhotographie = findTestObject("Object Repository/Page_Verif_AccordeonEtatCivilDuDemandeur_Agent/span_VoirDocPhotographie"): Finding Test Object 'Object Repository/Page_Verif_AccordeonEtatCivilDuDemandeur_Agent/span_VoirDocPhotographie'

03-01-2024T16:46:01 - [MESSAGE][INFO] - Finding Test Object 'Object Repository/Page_Verif_AccordeonEtatCivilDuDemandeur_Agent/span_VoirDocPhotographie'

03-01-2024T16:46:01 - [TEST_STEP][PASSED] - tools.OpenPopupInTab.OpenBrowserTab(objVoirDocPhotographie): tools.OpenPopupInTab.OpenBrowserTab is PASSED

03-01-2024T16:46:01 - [MESSAGE][INFO] - Smart Wait Function is triggered

03-01-2024T16:46:02 - [MESSAGE][PASSED] - tools.OpenPopupInTab.OpenBrowserTab is PASSED

03-01-2024T16:46:02 - [TEST_STEP][PASSED] - tools.OpenPopupInTab.CloseBrowserTab(): tools.OpenPopupInTab.CloseBrowserTab is PASSED

03-01-2024T16:46:02 - [MESSAGE][INFO] - Delaying browser in 2 second(s)

03-01-2024T16:46:04 - [MESSAGE][PASSED] - Delayed 2 second(s)

03-01-2024T16:46:04 - [MESSAGE][INFO] - Checking index

03-01-2024T16:46:04 - [MESSAGE][INFO] - Switching window with index: '0'

03-01-2024T16:46:04 - [MESSAGE][PASSED] - Switched to window with index: '0'

03-01-2024T16:46:04 - [MESSAGE][PASSED] - tools.OpenPopupInTab.CloseBrowserTab is PASSED

03-01-2024T16:46:04 - [TEST_STEP][PASSED] - delay(2): Delayed 2 second(s)

03-01-2024T16:46:04 - [MESSAGE][INFO] - Delaying browser in 2 second(s)

03-01-2024T16:46:06 - [MESSAGE][PASSED] - Delayed 2 second(s)

03-01-2024T16:46:06 - [TEST_STEP][PASSED] - click(findTestObject("Object Repository/Page_Verif_AccordeonEtatCivilDuDemandeur_Agent/label_RejeterLeDocumentPhotographie")): Object: 'Object Repository/Page_Verif_AccordeonEtatCivilDuDemandeur_Agent/label_RejeterLeDocumentPhotographie' is clicked on

03-01-2024T16:46:06 - [MESSAGE][INFO] - Finding Test Object 'Object Repository/Page_Verif_AccordeonEtatCivilDuDemandeur_Agent/label_RejeterLeDocumentPhotographie'

03-01-2024T16:46:06 - [MESSAGE][INFO] - Checking timeout

03-01-2024T16:46:06 - [MESSAGE][INFO] - Finding web element with id: 'Object Repository/Page_Verif_AccordeonEtatCivilDuDemandeur_Agent/label_RejeterLeDocumentPhotographie' located by 'By.xpath: //div/app-etat-civil/div/div[2]/div/app-justificatifs[1]/div/div[2]/div/div[3]/anef-input-radio/div/div/fieldset/div/div[1]/p-radiobutton/label
' in '20' second(s)

03-01-2024T16:46:06 - [MESSAGE][INFO] - Smart Wait Function is triggered

03-01-2024T16:46:06 - [MESSAGE][INFO] - Found 1 web elements with id: 'Object Repository/Page_Verif_AccordeonEtatCivilDuDemandeur_Agent/label_RejeterLeDocumentPhotographie' located by 'By.xpath: //div/app-etat-civil/div/div[2]/div/app-justificatifs[1]/div/div[2]/div/div[3]/anef-input-radio/div/div/fieldset/div/div[1]/p-radiobutton/label
' in '20' second(s)

03-01-2024T16:46:06 - [MESSAGE][INFO] - Checking object

03-01-2024T16:46:06 - [MESSAGE][INFO] - Checking timeout

03-01-2024T16:46:06 - [MESSAGE][INFO] - Finding web element from Test Object's properties

03-01-2024T16:46:06 - [MESSAGE][INFO] - Checking timeout

03-01-2024T16:46:06 - [MESSAGE][INFO] - Finding web element with id: 'Object Repository/Page_Verif_AccordeonEtatCivilDuDemandeur_Agent/label_RejeterLeDocumentPhotographie' located by 'By.xpath: //div/app-etat-civil/div/div[2]/div/app-justificatifs[1]/div/div[2]/div/div[3]/anef-input-radio/div/div/fieldset/div/div[1]/p-radiobutton/label
' in '5' second(s)

03-01-2024T16:46:06 - [MESSAGE][INFO] - Smart Wait Function is triggered

03-01-2024T16:46:06 - [MESSAGE][INFO] - Found 1 web elements with id: 'Object Repository/Page_Verif_AccordeonEtatCivilDuDemandeur_Agent/label_RejeterLeDocumentPhotographie' located by 'By.xpath: //div/app-etat-civil/div/div[2]/div/app-justificatifs[1]/div/div[2]/div/div[3]/anef-input-radio/div/div/fieldset/div/div[1]/p-radiobutton/label
' in '5' second(s)

03-01-2024T16:46:06 - [MESSAGE][INFO] - Clicking on object: 'Object Repository/Page_Verif_AccordeonEtatCivilDuDemandeur_Agent/label_RejeterLeDocumentPhotographie'

03-01-2024T16:46:08 - [MESSAGE][PASSED] - Object: 'Object Repository/Page_Verif_AccordeonEtatCivilDuDemandeur_Agent/label_RejeterLeDocumentPhotographie' is clicked on

03-01-2024T16:46:08 - [TEST_STEP][PASSED] - doubleClick(findTestObject("Object Repository/Page_Verif_AccordeonEtatCivilDuDemandeur_Agent/List_MotifDuRejetPhotographie")): Object: 'Object Repository/Page_Verif_AccordeonEtatCivilDuDemandeur_Agent/List_MotifDuRejetPhotographie' is double clicked on

03-01-2024T16:46:08 - [MESSAGE][INFO] - Finding Test Object 'Object Repository/Page_Verif_AccordeonEtatCivilDuDemandeur_Agent/List_MotifDuRejetPhotographie'

03-01-2024T16:46:08 - [MESSAGE][INFO] - Checking object

03-01-2024T16:46:08 - [MESSAGE][INFO] - Finding web element from Test Object's properties

03-01-2024T16:46:08 - [MESSAGE][INFO] - Checking timeout

03-01-2024T16:46:08 - [MESSAGE][INFO] - Finding web element with id: 'Object Repository/Page_Verif_AccordeonEtatCivilDuDemandeur_Agent/List_MotifDuRejetPhotographie' located by 'By.xpath: //*[@id="motif"]/div/div[3]/label' in '5' second(s)

03-01-2024T16:46:08 - [MESSAGE][INFO] - Smart Wait Function is triggered

03-01-2024T16:46:08 - [MESSAGE][INFO] - Found 1 web elements with id: 'Object Repository/Page_Verif_AccordeonEtatCivilDuDemandeur_Agent/List_MotifDuRejetPhotographie' located by 'By.xpath: //*[@id="motif"]/div/div[3]/label' in '5' second(s)

03-01-2024T16:46:08 - [MESSAGE][INFO] - Double clicking on object: 'Object Repository/Page_Verif_AccordeonEtatCivilDuDemandeur_Agent/List_MotifDuRejetPhotographie'

03-01-2024T16:46:09 - [MESSAGE][PASSED] - Object: 'Object Repository/Page_Verif_AccordeonEtatCivilDuDemandeur_Agent/List_MotifDuRejetPhotographie' is double clicked on

03-01-2024T16:46:09 - [TEST_STEP][PASSED] - setText(findTestObject("Object Repository/Page_Verif_AccordeonEtatCivilDuDemandeur_Agent/Txt_ObservationPourDemandeurPhotographie"), "Observations Photographie pour le demandeur"): Text 'Observations Photographie pour le demandeur' is set on object 'Object Repository/Page_Verif_AccordeonEtatCivilDuDemandeur_Agent/Txt_ObservationPourDemandeurPhotographie'

03-01-2024T16:46:09 - [MESSAGE][INFO] - Finding Test Object 'Object Repository/Page_Verif_AccordeonEtatCivilDuDemandeur_Agent/Txt_ObservationPourDemandeurPhotographie'

03-01-2024T16:46:09 - [MESSAGE][INFO] - Checking timeout

03-01-2024T16:46:09 - [MESSAGE][INFO] - Finding web element with id: 'Object Repository/Page_Verif_AccordeonEtatCivilDuDemandeur_Agent/Txt_ObservationPourDemandeurPhotographie' located by 'By.xpath: //*[@id="observation"]' in '20' second(s)

03-01-2024T16:46:09 - [MESSAGE][INFO] - Smart Wait Function is triggered

03-01-2024T16:46:09 - [MESSAGE][INFO] - Found 1 web elements with id: 'Object Repository/Page_Verif_AccordeonEtatCivilDuDemandeur_Agent/Txt_ObservationPourDemandeurPhotographie' located by 'By.xpath: //*[@id="observation"]' in '20' second(s)

03-01-2024T16:46:09 - [MESSAGE][INFO] - Checking object

03-01-2024T16:46:09 - [MESSAGE][INFO] - Checking text

03-01-2024T16:46:09 - [MESSAGE][INFO] - Finding web element from Test Object's properties

03-01-2024T16:46:09 - [MESSAGE][INFO] - Checking timeout

03-01-2024T16:46:09 - [MESSAGE][INFO] - Finding web element with id: 'Object Repository/Page_Verif_AccordeonEtatCivilDuDemandeur_Agent/Txt_ObservationPourDemandeurPhotographie' located by 'By.xpath: //*[@id="observation"]' in '5' second(s)

03-01-2024T16:46:09 - [MESSAGE][INFO] - Smart Wait Function is triggered

03-01-2024T16:46:09 - [MESSAGE][INFO] - Found 1 web elements with id: 'Object Repository/Page_Verif_AccordeonEtatCivilDuDemandeur_Agent/Txt_ObservationPourDemandeurPhotographie' located by 'By.xpath: //*[@id="observation"]' in '5' second(s)

03-01-2024T16:46:09 - [MESSAGE][INFO] - Clearing text of object 'Object Repository/Page_Verif_AccordeonEtatCivilDuDemandeur_Agent/Txt_ObservationPourDemandeurPhotographie'

03-01-2024T16:46:11 - [MESSAGE][INFO] - Finding web element from Test Object's properties

03-01-2024T16:46:11 - [MESSAGE][INFO] - Checking timeout

03-01-2024T16:46:11 - [MESSAGE][INFO] - Finding web element with id: 'Object Repository/Page_Verif_AccordeonEtatCivilDuDemandeur_Agent/Txt_ObservationPourDemandeurPhotographie' located by 'By.xpath: //*[@id="observation"]' in '5' second(s)

03-01-2024T16:46:11 - [MESSAGE][INFO] - Smart Wait Function is triggered

03-01-2024T16:46:11 - [MESSAGE][INFO] - Found 1 web elements with id: 'Object Repository/Page_Verif_AccordeonEtatCivilDuDemandeur_Agent/Txt_ObservationPourDemandeurPhotographie' located by 'By.xpath: //*[@id="observation"]' in '5' second(s)

03-01-2024T16:46:11 - [MESSAGE][INFO] - Setting text of object 'Object Repository/Page_Verif_AccordeonEtatCivilDuDemandeur_Agent/Txt_ObservationPourDemandeurPhotographie' to value 'Observations Photographie pour le demandeur'

03-01-2024T16:46:13 - [MESSAGE][PASSED] - Text 'Observations Photographie pour le demandeur' is set on object 'Object Repository/Page_Verif_AccordeonEtatCivilDuDemandeur_Agent/Txt_ObservationPourDemandeurPhotographie'

03-01-2024T16:46:13 - [TEST_STEP][FAILED] - click(findTestObject("Object Repository/Page_Verif_AccordeonEtatCivilDuDemandeur_Agent/div_AccepterLeDocumentPhotographie")): Unable to click on object 'Object Repository/Page_Verif_AccordeonEtatCivilDuDemandeur_Agent/div_AccepterLeDocumentPhotographie' (Root cause: com.kms.katalon.core.exception.StepFailedException: Unable to click on object 'Object Repository/Page_Verif_AccordeonEtatCivilDuDemandeur_Agent/div_AccepterLeDocumentPhotographie'
	at com.kms.katalon.core.webui.keyword.internal.WebUIKeywordMain.stepFailed(WebUIKeywordMain.groovy:64)
	at com.kms.katalon.core.webui.keyword.internal.WebUIKeywordMain.runKeyword(WebUIKeywordMain.groovy:26)
	at com.kms.katalon.core.webui.keyword.builtin.ClickKeyword.click(ClickKeyword.groovy:74)
	at com.kms.katalon.core.webui.keyword.builtin.ClickKeyword.execute(ClickKeyword.groovy:40)
	at com.kms.katalon.core.keyword.internal.KeywordExecutor.executeKeywordForPlatform(KeywordExecutor.groovy:74)
	at com.kms.katalon.core.webui.keyword.WebUiBuiltInKeywords.click(WebUiBuiltInKeywords.groovy:659)
	at jdk.internal.reflect.GeneratedMethodAccessor25.invoke(Unknown Source)
	at java.base/jdk.internal.reflect.DelegatingMethodAccessorImpl.invoke(DelegatingMethodAccessorImpl.java:43)
	at com.kazurayam.ksbackyard.HighlightElement$_pandemic_closure1.doCall(HighlightElement.groovy:105)
	at jdk.internal.reflect.GeneratedMethodAccessor6.invoke(Unknown Source)
	at java.base/jdk.internal.reflect.DelegatingMethodAccessorImpl.invoke(DelegatingMethodAccessorImpl.java:43)
	at Verif_AccordeonEtatCivilDuDemandeur.run(Verif_AccordeonEtatCivilDuDemandeur:93)
	at com.kms.katalon.core.main.ScriptEngine.run(ScriptEngine.java:194)
	at com.kms.katalon.core.main.ScriptEngine.runScriptAsRawText(ScriptEngine.java:119)
	at com.kms.katalon.core.main.TestCaseExecutor.runScript(TestCaseExecutor.java:448)
	at com.kms.katalon.core.main.TestCaseExecutor.doExecute(TestCaseExecutor.java:439)
	at com.kms.katalon.core.main.TestCaseExecutor.processExecutionPhase(TestCaseExecutor.java:418)
	at com.kms.katalon.core.main.TestCaseExecutor.accessMainPhase(TestCaseExecutor.java:410)
	at com.kms.katalon.core.main.TestCaseExecutor.execute(TestCaseExecutor.java:285)
	at com.kms.katalon.core.main.TestCaseMain.runTestCase(TestCaseMain.java:137)
	at com.kms.katalon.core.keyword.builtin.CallTestCaseKeyword$_callTestCase_closure1.doCall(CallTestCaseKeyword.groovy:59)
	at com.kms.katalon.core.keyword.builtin.CallTestCaseKeyword$_callTestCase_closure1.call(CallTestCaseKeyword.groovy)
	at com.kms.katalon.core.keyword.internal.KeywordMain.runKeyword(KeywordMain.groovy:75)
	at com.kms.katalon.core.keyword.builtin.CallTestCaseKeyword.callTestCase(CallTestCaseKeyword.groovy:81)
	at com.kms.katalon.core.keyword.builtin.CallTestCaseKeyword.execute(CallTestCaseKeyword.groovy:44)
	at com.kms.katalon.core.keyword.internal.KeywordExecutor.executeKeywordForPlatform(KeywordExecutor.groovy:74)
	at com.kms.katalon.core.keyword.BuiltinKeywords.callTestCase(BuiltinKeywords.groovy:310)
	at java.base/jdk.internal.reflect.NativeMethodAccessorImpl.invoke0(Native Method)
	at java.base/jdk.internal.reflect.NativeMethodAccessorImpl.invoke(NativeMethodAccessorImpl.java:77)
	at java.base/jdk.internal.reflect.DelegatingMethodAccessorImpl.invoke(DelegatingMethodAccessorImpl.java:43)
	at com.kazurayam.ksbackyard.HighlightElement$_pandemic_closure1.doCall(HighlightElement.groovy:105)
	at jdk.internal.reflect.GeneratedMethodAccessor6.invoke(Unknown Source)
	at java.base/jdk.internal.reflect.DelegatingMethodAccessorImpl.invoke(DelegatingMethodAccessorImpl.java:43)
	at TNR R.TSPT Supp90-Visiteur.run(TNR R.TSPT Supp90-Visiteur:119)
	at com.kms.katalon.core.main.ScriptEngine.run(ScriptEngine.java:194)
	at com.kms.katalon.core.main.ScriptEngine.runScriptAsRawText(ScriptEngine.java:119)
	at com.kms.katalon.core.main.TestCaseExecutor.runScript(TestCaseExecutor.java:448)
	at com.kms.katalon.core.main.TestCaseExecutor.doExecute(TestCaseExecutor.java:439)
	at com.kms.katalon.core.main.TestCaseExecutor.processExecutionPhase(TestCaseExecutor.java:418)
	at com.kms.katalon.core.main.TestCaseExecutor.accessMainPhase(TestCaseExecutor.java:410)
	at com.kms.katalon.core.main.TestCaseExecutor.execute(TestCaseExecutor.java:285)
	at com.kms.katalon.core.common.CommonExecutor.accessTestCaseMainPhase(CommonExecutor.java:65)
	at com.kms.katalon.core.main.TestSuiteExecutor.accessTestSuiteMainPhase(TestSuiteExecutor.java:148)
	at com.kms.katalon.core.main.TestSuiteExecutor.execute(TestSuiteExecutor.java:106)
	at com.kms.katalon.core.main.TestCaseMain.startTestSuite(TestCaseMain.java:180)
	at TempTestSuite1704296569840.run(TempTestSuite1704296569840.groovy:36)
	at java.base/jdk.internal.reflect.NativeMethodAccessorImpl.invoke0(Native Method)
	at java.base/jdk.internal.reflect.NativeMethodAccessorImpl.invoke(NativeMethodAccessorImpl.java:77)
	at java.base/jdk.internal.reflect.DelegatingMethodAccessorImpl.invoke(DelegatingMethodAccessorImpl.java:43)
Caused by: org.openqa.selenium.ElementClickInterceptedException: element click intercepted: Element <div class="ui-radiobutton-box ui-widget ui-state-default" ng-reflect-ng-class="[object Object]" style="outline: dashed red;">...</div> is not clickable at point (842, 151). Other element would receive the click: <div _ngcontent-epv-c23="" id="navBar" class="ng-star-inserted">...</div>
  (Session info: chrome=120.0.6099.130)
Build info: version: '3.141.59', revision: 'e82be7d358', time: '2018-11-14T08:25:53'
System info: host: 'FR-L5448059', ip: '192.168.1.134', os.name: 'Windows 10', os.arch: 'amd64', os.version: '10.0', java.version: '17.0.7'
Driver info: com.kms.katalon.selenium.driver.CChromeDriver
Capabilities {acceptInsecureCerts: false, browserName: chrome, browserVersion: 120.0.6099.130, chrome: {chromedriverVersion: 119.0.6045.105 (38c72552c5e..., userDataDir: C:\Users\ISSAM~1.RHA\AppDat...}, fedcm:accounts: true, goog:chromeOptions: {debuggerAddress: localhost:60730}, javascriptEnabled: true, networkConnectionEnabled: false, pageLoadStrategy: normal, platform: WINDOWS, platformName: WINDOWS, proxy: Proxy(), setWindowRect: true, strictFileInteractability: false, timeouts: {implicit: 0, pageLoad: 300000, script: 30000}, unhandledPromptBehavior: dismiss and notify, webauthn:extension:credBlob: true, webauthn:extension:largeBlob: true, webauthn:extension:minPinLength: true, webauthn:extension:prf: true, webauthn:virtualAuthenticators: true}
Session ID: 18a26e3ef4f655f5bc1d25bc1549a5c8
	at java.base/jdk.internal.reflect.NativeConstructorAccessorImpl.newInstance0(Native Method)
	at java.base/jdk.internal.reflect.NativeConstructorAccessorImpl.newInstance(NativeConstructorAccessorImpl.java:77)
	at java.base/jdk.internal.reflect.DelegatingConstructorAccessorImpl.newInstance(DelegatingConstructorAccessorImpl.java:45)
	at org.openqa.selenium.remote.http.W3CHttpResponseCodec.createException(W3CHttpResponseCodec.java:187)
	at org.openqa.selenium.remote.http.W3CHttpResponseCodec.decode(W3CHttpResponseCodec.java:122)
	at org.openqa.selenium.remote.http.W3CHttpResponseCodec.decode(W3CHttpResponseCodec.java:49)
	at org.openqa.selenium.remote.HttpCommandExecutor.execute(HttpCommandExecutor.java:158)
	at org.openqa.selenium.remote.service.DriverCommandExecutor.execute(DriverCommandExecutor.java:83)
	at org.openqa.selenium.remote.RemoteWebDriver.execute(RemoteWebDriver.java:552)
	at com.kms.katalon.selenium.driver.CChromeDriver.execute(CChromeDriver.java:19)
	at org.openqa.selenium.remote.RemoteWebElement.execute(RemoteWebElement.java:285)
	at org.openqa.selenium.remote.RemoteWebElement.click(RemoteWebElement.java:84)
	at jdk.internal.reflect.GeneratedMethodAccessor22.invoke(Unknown Source)
	at java.base/jdk.internal.reflect.DelegatingMethodAccessorImpl.invoke(DelegatingMethodAccessorImpl.java:43)
	at org.openqa.selenium.support.events.EventFiringWebDriver$EventFiringWebElement.lambda$new$0(EventFiringWebDriver.java:404)
	at jdk.proxy2/jdk.proxy2.$Proxy25.click(Unknown Source)
	at org.openqa.selenium.support.events.EventFiringWebDriver$EventFiringWebElement.click(EventFiringWebDriver.java:417)
	at org.openqa.selenium.WebElement$click.call(Unknown Source)
	at com.kms.katalon.core.webui.keyword.builtin.ClickKeyword.clickUntilSuccessWithTimeout(ClickKeyword.groovy:81)
	at com.kms.katalon.core.webui.keyword.builtin.ClickKeyword.clickUntilSuccessWithTimeout(ClickKeyword.groovy)
	at jdk.internal.reflect.GeneratedMethodAccessor20.invoke(Unknown Source)
	at java.base/jdk.internal.reflect.DelegatingMethodAccessorImpl.invoke(DelegatingMethodAccessorImpl.java:43)
	at com.kms.katalon.core.webui.keyword.builtin.ClickKeyword$_click_closure1.doCall(ClickKeyword.groovy:67)
	at com.kms.katalon.core.webui.keyword.builtin.ClickKeyword$_click_closure1.call(ClickKeyword.groovy)
	at com.kms.katalon.core.webui.keyword.internal.WebUIKeywordMain.runKeyword(WebUIKeywordMain.groovy:20)
	at com.kms.katalon.core.webui.keyword.builtin.ClickKeyword.click(ClickKeyword.groovy:74)
	at com.kms.katalon.core.webui.keyword.builtin.ClickKeyword.execute(ClickKeyword.groovy:40)
	at com.kms.katalon.core.keyword.internal.KeywordExecutor.executeKeywordForPlatform(KeywordExecutor.groovy:74)
	at com.kms.katalon.core.webui.keyword.WebUiBuiltInKeywords.click(WebUiBuiltInKeywords.groovy:659)
	at jdk.internal.reflect.GeneratedMethodAccessor25.invoke(Unknown Source)
	at java.base/jdk.internal.reflect.DelegatingMethodAccessorImpl.invoke(DelegatingMethodAccessorImpl.java:43)
	at com.kazurayam.ksbackyard.HighlightElement$_pandemic_closure1.doCall(HighlightElement.groovy:105)
	at jdk.internal.reflect.GeneratedMethodAccessor6.invoke(Unknown Source)
	at java.base/jdk.internal.reflect.DelegatingMethodAccessorImpl.invoke(DelegatingMethodAccessorImpl.java:43)
	at Script1695818233662.run(Script1695818233662.groovy:93)
	at com.kms.katalon.core.main.ScriptEngine.run(ScriptEngine.java:194)
	at com.kms.katalon.core.main.ScriptEngine.runScriptAsRawText(ScriptEngine.java:119)
	at com.kms.katalon.core.main.TestCaseExecutor.runScript(TestCaseExecutor.java:448)
	at com.kms.katalon.core.main.TestCaseExecutor.doExecute(TestCaseExecutor.java:439)
	at com.kms.katalon.core.main.TestCaseExecutor.processExecutionPhase(TestCaseExecutor.java:418)
	at com.kms.katalon.core.main.TestCaseExecutor.accessMainPhase(TestCaseExecutor.java:410)
	at com.kms.katalon.core.main.TestCaseExecutor.execute(TestCaseExecutor.java:285)
	at com.kms.katalon.core.main.TestCaseMain.runTestCase(TestCaseMain.java:137)
	at com.kms.katalon.core.keyword.builtin.CallTestCaseKeyword$_callTestCase_closure1.doCall(CallTestCaseKeyword.groovy:59)
	at com.kms.katalon.core.keyword.builtin.CallTestCaseKeyword$_callTestCase_closure1.call(CallTestCaseKeyword.groovy)
	at com.kms.katalon.core.keyword.internal.KeywordMain.runKeyword(KeywordMain.groovy:75)
	at com.kms.katalon.core.keyword.builtin.CallTestCaseKeyword.callTestCase(CallTestCaseKeyword.groovy:81)
	at com.kms.katalon.core.keyword.builtin.CallTestCaseKeyword.execute(CallTestCaseKeyword.groovy:44)
	at com.kms.katalon.core.keyword.internal.KeywordExecutor.executeKeywordForPlatform(KeywordExecutor.groovy:74)
	at com.kms.katalon.core.keyword.BuiltinKeywords.callTestCase(BuiltinKeywords.groovy:310)
	at java.base/jdk.internal.reflect.NativeMethodAccessorImpl.invoke0(Native Method)
	at java.base/jdk.internal.reflect.NativeMethodAccessorImpl.invoke(NativeMethodAccessorImpl.java:77)
	at java.base/jdk.internal.reflect.DelegatingMethodAccessorImpl.invoke(DelegatingMethodAccessorImpl.java:43)
	at com.kazurayam.ksbackyard.HighlightElement$_pandemic_closure1.doCall(HighlightElement.groovy:105)
	at jdk.internal.reflect.GeneratedMethodAccessor6.invoke(Unknown Source)
	at java.base/jdk.internal.reflect.DelegatingMethodAccessorImpl.invoke(DelegatingMethodAccessorImpl.java:43)
	at Script1695213876796.run(Script1695213876796.groovy:119)
	... 15 more
)

03-01-2024T16:46:13 - [MESSAGE][INFO] - Finding Test Object 'Object Repository/Page_Verif_AccordeonEtatCivilDuDemandeur_Agent/div_AccepterLeDocumentPhotographie'

03-01-2024T16:46:13 - [MESSAGE][INFO] - Checking timeout

03-01-2024T16:46:13 - [MESSAGE][INFO] - Finding web element with id: 'Object Repository/Page_Verif_AccordeonEtatCivilDuDemandeur_Agent/div_AccepterLeDocumentPhotographie' located by 'By.xpath: //div/app-etat-civil/div/div[2]/div/app-justificatifs[1]/div/div[2]/div/div[3]/anef-input-radio/div/div/fieldset/div/div[2]/p-radiobutton/div/div[2]' in '20' second(s)

03-01-2024T16:46:13 - [MESSAGE][INFO] - Smart Wait Function is triggered

03-01-2024T16:46:13 - [MESSAGE][INFO] - Found 1 web elements with id: 'Object Repository/Page_Verif_AccordeonEtatCivilDuDemandeur_Agent/div_AccepterLeDocumentPhotographie' located by 'By.xpath: //div/app-etat-civil/div/div[2]/div/app-justificatifs[1]/div/div[2]/div/div[3]/anef-input-radio/div/div/fieldset/div/div[2]/p-radiobutton/div/div[2]' in '20' second(s)

03-01-2024T16:46:13 - [MESSAGE][INFO] - Checking object

03-01-2024T16:46:13 - [MESSAGE][INFO] - Checking timeout

03-01-2024T16:46:13 - [MESSAGE][INFO] - Finding web element from Test Object's properties

03-01-2024T16:46:13 - [MESSAGE][INFO] - Checking timeout

03-01-2024T16:46:13 - [MESSAGE][INFO] - Finding web element with id: 'Object Repository/Page_Verif_AccordeonEtatCivilDuDemandeur_Agent/div_AccepterLeDocumentPhotographie' located by 'By.xpath: //div/app-etat-civil/div/div[2]/div/app-justificatifs[1]/div/div[2]/div/div[3]/anef-input-radio/div/div/fieldset/div/div[2]/p-radiobutton/div/div[2]' in '5' second(s)

03-01-2024T16:46:13 - [MESSAGE][INFO] - Smart Wait Function is triggered

03-01-2024T16:46:13 - [MESSAGE][INFO] - Found 1 web elements with id: 'Object Repository/Page_Verif_AccordeonEtatCivilDuDemandeur_Agent/div_AccepterLeDocumentPhotographie' located by 'By.xpath: //div/app-etat-civil/div/div[2]/div/app-justificatifs[1]/div/div[2]/div/div[3]/anef-input-radio/div/div/fieldset/div/div[2]/p-radiobutton/div/div[2]' in '5' second(s)

03-01-2024T16:46:13 - [MESSAGE][INFO] - Clicking on object: 'Object Repository/Page_Verif_AccordeonEtatCivilDuDemandeur_Agent/div_AccepterLeDocumentPhotographie'

03-01-2024T16:46:17 - [MESSAGE][INFO] - Unable to click the Test Object, 5 second(s) remain to retry.

03-01-2024T16:46:21 - [MESSAGE][INFO] - Unable to click the Test Object, 1 second(s) remain to retry.

03-01-2024T16:46:25 - [MESSAGE][FAILED] - Unable to click on object 'Object Repository/Page_Verif_AccordeonEtatCivilDuDemandeur_Agent/div_AccepterLeDocumentPhotographie' (Root cause: com.kms.katalon.core.exception.StepFailedException: Unable to click on object 'Object Repository/Page_Verif_AccordeonEtatCivilDuDemandeur_Agent/div_AccepterLeDocumentPhotographie'
	at com.kms.katalon.core.webui.keyword.internal.WebUIKeywordMain.stepFailed(WebUIKeywordMain.groovy:64)
	at com.kms.katalon.core.webui.keyword.internal.WebUIKeywordMain.runKeyword(WebUIKeywordMain.groovy:26)
	at com.kms.katalon.core.webui.keyword.builtin.ClickKeyword.click(ClickKeyword.groovy:74)
	at com.kms.katalon.core.webui.keyword.builtin.ClickKeyword.execute(ClickKeyword.groovy:40)
	at com.kms.katalon.core.keyword.internal.KeywordExecutor.executeKeywordForPlatform(KeywordExecutor.groovy:74)
	at com.kms.katalon.core.webui.keyword.WebUiBuiltInKeywords.click(WebUiBuiltInKeywords.groovy:659)
	at jdk.internal.reflect.GeneratedMethodAccessor25.invoke(Unknown Source)
	at java.base/jdk.internal.reflect.DelegatingMethodAccessorImpl.invoke(DelegatingMethodAccessorImpl.java:43)
	at com.kazurayam.ksbackyard.HighlightElement$_pandemic_closure1.doCall(HighlightElement.groovy:105)
	at jdk.internal.reflect.GeneratedMethodAccessor6.invoke(Unknown Source)
	at java.base/jdk.internal.reflect.DelegatingMethodAccessorImpl.invoke(DelegatingMethodAccessorImpl.java:43)
	at Verif_AccordeonEtatCivilDuDemandeur.run(Verif_AccordeonEtatCivilDuDemandeur:93)
	at com.kms.katalon.core.main.ScriptEngine.run(ScriptEngine.java:194)
	at com.kms.katalon.core.main.ScriptEngine.runScriptAsRawText(ScriptEngine.java:119)
	at com.kms.katalon.core.main.TestCaseExecutor.runScript(TestCaseExecutor.java:448)
	at com.kms.katalon.core.main.TestCaseExecutor.doExecute(TestCaseExecutor.java:439)
	at com.kms.katalon.core.main.TestCaseExecutor.processExecutionPhase(TestCaseExecutor.java:418)
	at com.kms.katalon.core.main.TestCaseExecutor.accessMainPhase(TestCaseExecutor.java:410)
	at com.kms.katalon.core.main.TestCaseExecutor.execute(TestCaseExecutor.java:285)
	at com.kms.katalon.core.main.TestCaseMain.runTestCase(TestCaseMain.java:137)
	at com.kms.katalon.core.keyword.builtin.CallTestCaseKeyword$_callTestCase_closure1.doCall(CallTestCaseKeyword.groovy:59)
	at com.kms.katalon.core.keyword.builtin.CallTestCaseKeyword$_callTestCase_closure1.call(CallTestCaseKeyword.groovy)
	at com.kms.katalon.core.keyword.internal.KeywordMain.runKeyword(KeywordMain.groovy:75)
	at com.kms.katalon.core.keyword.builtin.CallTestCaseKeyword.callTestCase(CallTestCaseKeyword.groovy:81)
	at com.kms.katalon.core.keyword.builtin.CallTestCaseKeyword.execute(CallTestCaseKeyword.groovy:44)
	at com.kms.katalon.core.keyword.internal.KeywordExecutor.executeKeywordForPlatform(KeywordExecutor.groovy:74)
	at com.kms.katalon.core.keyword.BuiltinKeywords.callTestCase(BuiltinKeywords.groovy:310)
	at java.base/jdk.internal.reflect.NativeMethodAccessorImpl.invoke0(Native Method)
	at java.base/jdk.internal.reflect.NativeMethodAccessorImpl.invoke(NativeMethodAccessorImpl.java:77)
	at java.base/jdk.internal.reflect.DelegatingMethodAccessorImpl.invoke(DelegatingMethodAccessorImpl.java:43)
	at com.kazurayam.ksbackyard.HighlightElement$_pandemic_closure1.doCall(HighlightElement.groovy:105)
	at jdk.internal.reflect.GeneratedMethodAccessor6.invoke(Unknown Source)
	at java.base/jdk.internal.reflect.DelegatingMethodAccessorImpl.invoke(DelegatingMethodAccessorImpl.java:43)
	at TNR R.TSPT Supp90-Visiteur.run(TNR R.TSPT Supp90-Visiteur:119)
	at com.kms.katalon.core.main.ScriptEngine.run(ScriptEngine.java:194)
	at com.kms.katalon.core.main.ScriptEngine.runScriptAsRawText(ScriptEngine.java:119)
	at com.kms.katalon.core.main.TestCaseExecutor.runScript(TestCaseExecutor.java:448)
	at com.kms.katalon.core.main.TestCaseExecutor.doExecute(TestCaseExecutor.java:439)
	at com.kms.katalon.core.main.TestCaseExecutor.processExecutionPhase(TestCaseExecutor.java:418)
	at com.kms.katalon.core.main.TestCaseExecutor.accessMainPhase(TestCaseExecutor.java:410)
	at com.kms.katalon.core.main.TestCaseExecutor.execute(TestCaseExecutor.java:285)
	at com.kms.katalon.core.common.CommonExecutor.accessTestCaseMainPhase(CommonExecutor.java:65)
	at com.kms.katalon.core.main.TestSuiteExecutor.accessTestSuiteMainPhase(TestSuiteExecutor.java:148)
	at com.kms.katalon.core.main.TestSuiteExecutor.execute(TestSuiteExecutor.java:106)
	at com.kms.katalon.core.main.TestCaseMain.startTestSuite(TestCaseMain.java:180)
	at TempTestSuite1704296569840.run(TempTestSuite1704296569840.groovy:36)
	at java.base/jdk.internal.reflect.NativeMethodAccessorImpl.invoke0(Native Method)
	at java.base/jdk.internal.reflect.NativeMethodAccessorImpl.invoke(NativeMethodAccessorImpl.java:77)
	at java.base/jdk.internal.reflect.DelegatingMethodAccessorImpl.invoke(DelegatingMethodAccessorImpl.java:43)
Caused by: org.openqa.selenium.ElementClickInterceptedException: element click intercepted: Element <div class="ui-radiobutton-box ui-widget ui-state-default" ng-reflect-ng-class="[object Object]" style="outline: dashed red;">...</div> is not clickable at point (842, 151). Other element would receive the click: <div _ngcontent-epv-c23="" id="navBar" class="ng-star-inserted">...</div>
  (Session info: chrome=120.0.6099.130)
Build info: version: '3.141.59', revision: 'e82be7d358', time: '2018-11-14T08:25:53'
System info: host: 'FR-L5448059', ip: '192.168.1.134', os.name: 'Windows 10', os.arch: 'amd64', os.version: '10.0', java.version: '17.0.7'
Driver info: com.kms.katalon.selenium.driver.CChromeDriver
Capabilities {acceptInsecureCerts: false, browserName: chrome, browserVersion: 120.0.6099.130, chrome: {chromedriverVersion: 119.0.6045.105 (38c72552c5e..., userDataDir: C:\Users\ISSAM~1.RHA\AppDat...}, fedcm:accounts: true, goog:chromeOptions: {debuggerAddress: localhost:60730}, javascriptEnabled: true, networkConnectionEnabled: false, pageLoadStrategy: normal, platform: WINDOWS, platformName: WINDOWS, proxy: Proxy(), setWindowRect: true, strictFileInteractability: false, timeouts: {implicit: 0, pageLoad: 300000, script: 30000}, unhandledPromptBehavior: dismiss and notify, webauthn:extension:credBlob: true, webauthn:extension:largeBlob: true, webauthn:extension:minPinLength: true, webauthn:extension:prf: true, webauthn:virtualAuthenticators: true}
Session ID: 18a26e3ef4f655f5bc1d25bc1549a5c8
	at java.base/jdk.internal.reflect.NativeConstructorAccessorImpl.newInstance0(Native Method)
	at java.base/jdk.internal.reflect.NativeConstructorAccessorImpl.newInstance(NativeConstructorAccessorImpl.java:77)
	at java.base/jdk.internal.reflect.DelegatingConstructorAccessorImpl.newInstance(DelegatingConstructorAccessorImpl.java:45)
	at org.openqa.selenium.remote.http.W3CHttpResponseCodec.createException(W3CHttpResponseCodec.java:187)
	at org.openqa.selenium.remote.http.W3CHttpResponseCodec.decode(W3CHttpResponseCodec.java:122)
	at org.openqa.selenium.remote.http.W3CHttpResponseCodec.decode(W3CHttpResponseCodec.java:49)
	at org.openqa.selenium.remote.HttpCommandExecutor.execute(HttpCommandExecutor.java:158)
	at org.openqa.selenium.remote.service.DriverCommandExecutor.execute(DriverCommandExecutor.java:83)
	at org.openqa.selenium.remote.RemoteWebDriver.execute(RemoteWebDriver.java:552)
	at com.kms.katalon.selenium.driver.CChromeDriver.execute(CChromeDriver.java:19)
	at org.openqa.selenium.remote.RemoteWebElement.execute(RemoteWebElement.java:285)
	at org.openqa.selenium.remote.RemoteWebElement.click(RemoteWebElement.java:84)
	at jdk.internal.reflect.GeneratedMethodAccessor22.invoke(Unknown Source)
	at java.base/jdk.internal.reflect.DelegatingMethodAccessorImpl.invoke(DelegatingMethodAccessorImpl.java:43)
	at org.openqa.selenium.support.events.EventFiringWebDriver$EventFiringWebElement.lambda$new$0(EventFiringWebDriver.java:404)
	at jdk.proxy2/jdk.proxy2.$Proxy25.click(Unknown Source)
	at org.openqa.selenium.support.events.EventFiringWebDriver$EventFiringWebElement.click(EventFiringWebDriver.java:417)
	at org.openqa.selenium.WebElement$click.call(Unknown Source)
	at com.kms.katalon.core.webui.keyword.builtin.ClickKeyword.clickUntilSuccessWithTimeout(ClickKeyword.groovy:81)
	at com.kms.katalon.core.webui.keyword.builtin.ClickKeyword.clickUntilSuccessWithTimeout(ClickKeyword.groovy)
	at jdk.internal.reflect.GeneratedMethodAccessor20.invoke(Unknown Source)
	at java.base/jdk.internal.reflect.DelegatingMethodAccessorImpl.invoke(DelegatingMethodAccessorImpl.java:43)
	at com.kms.katalon.core.webui.keyword.builtin.ClickKeyword$_click_closure1.doCall(ClickKeyword.groovy:67)
	at com.kms.katalon.core.webui.keyword.builtin.ClickKeyword$_click_closure1.call(ClickKeyword.groovy)
	at com.kms.katalon.core.webui.keyword.internal.WebUIKeywordMain.runKeyword(WebUIKeywordMain.groovy:20)
	at com.kms.katalon.core.webui.keyword.builtin.ClickKeyword.click(ClickKeyword.groovy:74)
	at com.kms.katalon.core.webui.keyword.builtin.ClickKeyword.execute(ClickKeyword.groovy:40)
	at com.kms.katalon.core.keyword.internal.KeywordExecutor.executeKeywordForPlatform(KeywordExecutor.groovy:74)
	at com.kms.katalon.core.webui.keyword.WebUiBuiltInKeywords.click(WebUiBuiltInKeywords.groovy:659)
	at jdk.internal.reflect.GeneratedMethodAccessor25.invoke(Unknown Source)
	at java.base/jdk.internal.reflect.DelegatingMethodAccessorImpl.invoke(DelegatingMethodAccessorImpl.java:43)
	at com.kazurayam.ksbackyard.HighlightElement$_pandemic_closure1.doCall(HighlightElement.groovy:105)
	at jdk.internal.reflect.GeneratedMethodAccessor6.invoke(Unknown Source)
	at java.base/jdk.internal.reflect.DelegatingMethodAccessorImpl.invoke(DelegatingMethodAccessorImpl.java:43)
	at Script1695818233662.run(Script1695818233662.groovy:93)
	at com.kms.katalon.core.main.ScriptEngine.run(ScriptEngine.java:194)
	at com.kms.katalon.core.main.ScriptEngine.runScriptAsRawText(ScriptEngine.java:119)
	at com.kms.katalon.core.main.TestCaseExecutor.runScript(TestCaseExecutor.java:448)
	at com.kms.katalon.core.main.TestCaseExecutor.doExecute(TestCaseExecutor.java:439)
	at com.kms.katalon.core.main.TestCaseExecutor.processExecutionPhase(TestCaseExecutor.java:418)
	at com.kms.katalon.core.main.TestCaseExecutor.accessMainPhase(TestCaseExecutor.java:410)
	at com.kms.katalon.core.main.TestCaseExecutor.execute(TestCaseExecutor.java:285)
	at com.kms.katalon.core.main.TestCaseMain.runTestCase(TestCaseMain.java:137)
	at com.kms.katalon.core.keyword.builtin.CallTestCaseKeyword$_callTestCase_closure1.doCall(CallTestCaseKeyword.groovy:59)
	at com.kms.katalon.core.keyword.builtin.CallTestCaseKeyword$_callTestCase_closure1.call(CallTestCaseKeyword.groovy)
	at com.kms.katalon.core.keyword.internal.KeywordMain.runKeyword(KeywordMain.groovy:75)
	at com.kms.katalon.core.keyword.builtin.CallTestCaseKeyword.callTestCase(CallTestCaseKeyword.groovy:81)
	at com.kms.katalon.core.keyword.builtin.CallTestCaseKeyword.execute(CallTestCaseKeyword.groovy:44)
	at com.kms.katalon.core.keyword.internal.KeywordExecutor.executeKeywordForPlatform(KeywordExecutor.groovy:74)
	at com.kms.katalon.core.keyword.BuiltinKeywords.callTestCase(BuiltinKeywords.groovy:310)
	at java.base/jdk.internal.reflect.NativeMethodAccessorImpl.invoke0(Native Method)
	at java.base/jdk.internal.reflect.NativeMethodAccessorImpl.invoke(NativeMethodAccessorImpl.java:77)
	at java.base/jdk.internal.reflect.DelegatingMethodAccessorImpl.invoke(DelegatingMethodAccessorImpl.java:43)
	at com.kazurayam.ksbackyard.HighlightElement$_pandemic_closure1.doCall(HighlightElement.groovy:105)
	at jdk.internal.reflect.GeneratedMethodAccessor6.invoke(Unknown Source)
	at java.base/jdk.internal.reflect.DelegatingMethodAccessorImpl.invoke(DelegatingMethodAccessorImpl.java:43)
	at Script1695213876796.run(Script1695213876796.groovy:119)
	... 15 more
)
[[ATTACHMENT|C:\\Users\\ISSAM.RHARBAOUI\\git\\ANEF-RenouvellementSejour\\Reports\\20240103_164249\\TS_TNR_R.TSPT_Suppo90\\20240103_164249\\1704296785178.png]]

03-01-2024T16:46:25 - [MESSAGE][FAILED] - Unable to call Test Case 'Test Cases/Test Reutilisable/AgentTraitementDemande/Verif_AccordeonEtatCivilDuDemandeur' (Root cause: com.kms.katalon.core.exception.StepFailedException: Call Test Case 'Test Cases/Test Reutilisable/AgentTraitementDemande/Verif_AccordeonEtatCivilDuDemandeur' failed
	at com.kms.katalon.core.keyword.builtin.CallTestCaseKeyword$_callTestCase_closure1.doCall(CallTestCaseKeyword.groovy:63)
	at com.kms.katalon.core.keyword.builtin.CallTestCaseKeyword$_callTestCase_closure1.call(CallTestCaseKeyword.groovy)
	at com.kms.katalon.core.keyword.internal.KeywordMain.runKeyword(KeywordMain.groovy:75)
	at com.kms.katalon.core.keyword.builtin.CallTestCaseKeyword.callTestCase(CallTestCaseKeyword.groovy:81)
	at com.kms.katalon.core.keyword.builtin.CallTestCaseKeyword.execute(CallTestCaseKeyword.groovy:44)
	at com.kms.katalon.core.keyword.internal.KeywordExecutor.executeKeywordForPlatform(KeywordExecutor.groovy:74)
	at com.kms.katalon.core.keyword.BuiltinKeywords.callTestCase(BuiltinKeywords.groovy:310)
	at java.base/jdk.internal.reflect.NativeMethodAccessorImpl.invoke0(Native Method)
	at java.base/jdk.internal.reflect.NativeMethodAccessorImpl.invoke(NativeMethodAccessorImpl.java:77)
	at java.base/jdk.internal.reflect.DelegatingMethodAccessorImpl.invoke(DelegatingMethodAccessorImpl.java:43)
	at com.kazurayam.ksbackyard.HighlightElement$_pandemic_closure1.doCall(HighlightElement.groovy:105)
	at jdk.internal.reflect.GeneratedMethodAccessor6.invoke(Unknown Source)
	at java.base/jdk.internal.reflect.DelegatingMethodAccessorImpl.invoke(DelegatingMethodAccessorImpl.java:43)
	at TNR R.TSPT Supp90-Visiteur.run(TNR R.TSPT Supp90-Visiteur:119)
	at com.kms.katalon.core.main.ScriptEngine.run(ScriptEngine.java:194)
	at com.kms.katalon.core.main.ScriptEngine.runScriptAsRawText(ScriptEngine.java:119)
	at com.kms.katalon.core.main.TestCaseExecutor.runScript(TestCaseExecutor.java:448)
	at com.kms.katalon.core.main.TestCaseExecutor.doExecute(TestCaseExecutor.java:439)
	at com.kms.katalon.core.main.TestCaseExecutor.processExecutionPhase(TestCaseExecutor.java:418)
	at com.kms.katalon.core.main.TestCaseExecutor.accessMainPhase(TestCaseExecutor.java:410)
	at com.kms.katalon.core.main.TestCaseExecutor.execute(TestCaseExecutor.java:285)
	at com.kms.katalon.core.common.CommonExecutor.accessTestCaseMainPhase(CommonExecutor.java:65)
	at com.kms.katalon.core.main.TestSuiteExecutor.accessTestSuiteMainPhase(TestSuiteExecutor.java:148)
	at com.kms.katalon.core.main.TestSuiteExecutor.execute(TestSuiteExecutor.java:106)
	at com.kms.katalon.core.main.TestCaseMain.startTestSuite(TestCaseMain.java:180)
	at TempTestSuite1704296569840.run(TempTestSuite1704296569840.groovy:36)
	at java.base/jdk.internal.reflect.NativeMethodAccessorImpl.invoke0(Native Method)
	at java.base/jdk.internal.reflect.NativeMethodAccessorImpl.invoke(NativeMethodAccessorImpl.java:77)
	at java.base/jdk.internal.reflect.DelegatingMethodAccessorImpl.invoke(DelegatingMethodAccessorImpl.java:43)
Caused by: com.kms.katalon.core.exception.StepFailedException: Unable to click on object 'Object Repository/Page_Verif_AccordeonEtatCivilDuDemandeur_Agent/div_AccepterLeDocumentPhotographie'
	at com.kms.katalon.core.webui.keyword.internal.WebUIKeywordMain.stepFailed(WebUIKeywordMain.groovy:64)
	at com.kms.katalon.core.webui.keyword.internal.WebUIKeywordMain.runKeyword(WebUIKeywordMain.groovy:26)
	at com.kms.katalon.core.webui.keyword.builtin.ClickKeyword.click(ClickKeyword.groovy:74)
	at com.kms.katalon.core.webui.keyword.builtin.ClickKeyword.execute(ClickKeyword.groovy:40)
	at com.kms.katalon.core.keyword.internal.KeywordExecutor.executeKeywordForPlatform(KeywordExecutor.groovy:74)
	at com.kms.katalon.core.webui.keyword.WebUiBuiltInKeywords.click(WebUiBuiltInKeywords.groovy:659)
	at jdk.internal.reflect.GeneratedMethodAccessor25.invoke(Unknown Source)
	at java.base/jdk.internal.reflect.DelegatingMethodAccessorImpl.invoke(DelegatingMethodAccessorImpl.java:43)
	at com.kazurayam.ksbackyard.HighlightElement$_pandemic_closure1.doCall(HighlightElement.groovy:105)
	at jdk.internal.reflect.GeneratedMethodAccessor6.invoke(Unknown Source)
	at java.base/jdk.internal.reflect.DelegatingMethodAccessorImpl.invoke(DelegatingMethodAccessorImpl.java:43)
	at Verif_AccordeonEtatCivilDuDemandeur.run(Verif_AccordeonEtatCivilDuDemandeur:93)
	at com.kms.katalon.core.main.ScriptEngine.run(ScriptEngine.java:194)
	at com.kms.katalon.core.main.ScriptEngine.runScriptAsRawText(ScriptEngine.java:119)
	at com.kms.katalon.core.main.TestCaseExecutor.runScript(TestCaseExecutor.java:448)
	at com.kms.katalon.core.main.TestCaseExecutor.doExecute(TestCaseExecutor.java:439)
	at com.kms.katalon.core.main.TestCaseExecutor.processExecutionPhase(TestCaseExecutor.java:418)
	at com.kms.katalon.core.main.TestCaseExecutor.accessMainPhase(TestCaseExecutor.java:410)
	at com.kms.katalon.core.main.TestCaseExecutor.execute(TestCaseExecutor.java:285)
	at com.kms.katalon.core.main.TestCaseMain.runTestCase(TestCaseMain.java:137)
	at com.kms.katalon.core.keyword.builtin.CallTestCaseKeyword$_callTestCase_closure1.doCall(CallTestCaseKeyword.groovy:59)
	... 28 more
Caused by: org.openqa.selenium.ElementClickInterceptedException: element click intercepted: Element <div class="ui-radiobutton-box ui-widget ui-state-default" ng-reflect-ng-class="[object Object]" style="outline: dashed red;">...</div> is not clickable at point (842, 151). Other element would receive the click: <div _ngcontent-epv-c23="" id="navBar" class="ng-star-inserted">...</div>
  (Session info: chrome=120.0.6099.130)
Build info: version: '3.141.59', revision: 'e82be7d358', time: '2018-11-14T08:25:53'
System info: host: 'FR-L5448059', ip: '192.168.1.134', os.name: 'Windows 10', os.arch: 'amd64', os.version: '10.0', java.version: '17.0.7'
Driver info: com.kms.katalon.selenium.driver.CChromeDriver
Capabilities {acceptInsecureCerts: false, browserName: chrome, browserVersion: 120.0.6099.130, chrome: {chromedriverVersion: 119.0.6045.105 (38c72552c5e..., userDataDir: C:\Users\ISSAM~1.RHA\AppDat...}, fedcm:accounts: true, goog:chromeOptions: {debuggerAddress: localhost:60730}, javascriptEnabled: true, networkConnectionEnabled: false, pageLoadStrategy: normal, platform: WINDOWS, platformName: WINDOWS, proxy: Proxy(), setWindowRect: true, strictFileInteractability: false, timeouts: {implicit: 0, pageLoad: 300000, script: 30000}, unhandledPromptBehavior: dismiss and notify, webauthn:extension:credBlob: true, webauthn:extension:largeBlob: true, webauthn:extension:minPinLength: true, webauthn:extension:prf: true, webauthn:virtualAuthenticators: true}
Session ID: 18a26e3ef4f655f5bc1d25bc1549a5c8
	at java.base/jdk.internal.reflect.NativeConstructorAccessorImpl.newInstance0(Native Method)
	at java.base/jdk.internal.reflect.NativeConstructorAccessorImpl.newInstance(NativeConstructorAccessorImpl.java:77)
	at java.base/jdk.internal.reflect.DelegatingConstructorAccessorImpl.newInstance(DelegatingConstructorAccessorImpl.java:45)
	at org.openqa.selenium.remote.http.W3CHttpResponseCodec.createException(W3CHttpResponseCodec.java:187)
	at org.openqa.selenium.remote.http.W3CHttpResponseCodec.decode(W3CHttpResponseCodec.java:122)
	at org.openqa.selenium.remote.http.W3CHttpResponseCodec.decode(W3CHttpResponseCodec.java:49)
	at org.openqa.selenium.remote.HttpCommandExecutor.execute(HttpCommandExecutor.java:158)
	at org.openqa.selenium.remote.service.DriverCommandExecutor.execute(DriverCommandExecutor.java:83)
	at org.openqa.selenium.remote.RemoteWebDriver.execute(RemoteWebDriver.java:552)
	at com.kms.katalon.selenium.driver.CChromeDriver.execute(CChromeDriver.java:19)
	at org.openqa.selenium.remote.RemoteWebElement.execute(RemoteWebElement.java:285)
	at org.openqa.selenium.remote.RemoteWebElement.click(RemoteWebElement.java:84)
	at jdk.internal.reflect.GeneratedMethodAccessor22.invoke(Unknown Source)
	at java.base/jdk.internal.reflect.DelegatingMethodAccessorImpl.invoke(DelegatingMethodAccessorImpl.java:43)
	at org.openqa.selenium.support.events.EventFiringWebDriver$EventFiringWebElement.lambda$new$0(EventFiringWebDriver.java:404)
	at jdk.proxy2/jdk.proxy2.$Proxy25.click(Unknown Source)
	at org.openqa.selenium.support.events.EventFiringWebDriver$EventFiringWebElement.click(EventFiringWebDriver.java:417)
	at org.openqa.selenium.WebElement$click.call(Unknown Source)
	at com.kms.katalon.core.webui.keyword.builtin.ClickKeyword.clickUntilSuccessWithTimeout(ClickKeyword.groovy:81)
	at com.kms.katalon.core.webui.keyword.builtin.ClickKeyword.clickUntilSuccessWithTimeout(ClickKeyword.groovy)
	at jdk.internal.reflect.GeneratedMethodAccessor20.invoke(Unknown Source)
	at java.base/jdk.internal.reflect.DelegatingMethodAccessorImpl.invoke(DelegatingMethodAccessorImpl.java:43)
	at com.kms.katalon.core.webui.keyword.builtin.ClickKeyword$_click_closure1.doCall(ClickKeyword.groovy:67)
	at com.kms.katalon.core.webui.keyword.builtin.ClickKeyword$_click_closure1.call(ClickKeyword.groovy)
	at com.kms.katalon.core.webui.keyword.internal.WebUIKeywordMain.runKeyword(WebUIKeywordMain.groovy:20)
	... 47 more
)

03-01-2024T16:46:29 - [TEST_STEP][PASSED] - Video: Video recording for test case 'Test Cases/Cas D Utilisations/Usager Etudiant/TNR R.TSPT Supp90-Visiteur' .

03-01-2024T16:46:29 - [MESSAGE][INFO] - Video recording for test case 'Test Cases/Cas D Utilisations/Usager Etudiant/TNR R.TSPT Supp90-Visiteur' .]]></system-out>
         <system-err><![CDATA[03-01-2024T16:42:59 - [TEST_CASE][FAILED] - Test Cases/Cas D Utilisations/Usager Etudiant/TNR R.TSPT Supp90-Visiteur: Test Cases/Cas D Utilisations/Usager Etudiant/TNR R.TSPT Supp90-Visiteur FAILED.
Reason:
com.kms.katalon.core.exception.StepFailedException: Call Test Case 'Test Cases/Test Reutilisable/AgentTraitementDemande/Verif_AccordeonEtatCivilDuDemandeur' failed
	at com.kms.katalon.core.keyword.builtin.CallTestCaseKeyword$_callTestCase_closure1.doCall(CallTestCaseKeyword.groovy:63)
	at com.kms.katalon.core.keyword.builtin.CallTestCaseKeyword$_callTestCase_closure1.call(CallTestCaseKeyword.groovy)
	at com.kms.katalon.core.keyword.internal.KeywordMain.runKeyword(KeywordMain.groovy:75)
	at com.kms.katalon.core.keyword.builtin.CallTestCaseKeyword.callTestCase(CallTestCaseKeyword.groovy:81)
	at com.kms.katalon.core.keyword.builtin.CallTestCaseKeyword.execute(CallTestCaseKeyword.groovy:44)
	at com.kms.katalon.core.keyword.internal.KeywordExecutor.executeKeywordForPlatform(KeywordExecutor.groovy:74)
	at com.kms.katalon.core.keyword.BuiltinKeywords.callTestCase(BuiltinKeywords.groovy:310)
	at java.base/jdk.internal.reflect.NativeMethodAccessorImpl.invoke0(Native Method)
	at java.base/jdk.internal.reflect.NativeMethodAccessorImpl.invoke(NativeMethodAccessorImpl.java:77)
	at java.base/jdk.internal.reflect.DelegatingMethodAccessorImpl.invoke(DelegatingMethodAccessorImpl.java:43)
	at com.kazurayam.ksbackyard.HighlightElement$_pandemic_closure1.doCall(HighlightElement.groovy:105)
	at jdk.internal.reflect.GeneratedMethodAccessor6.invoke(Unknown Source)
	at java.base/jdk.internal.reflect.DelegatingMethodAccessorImpl.invoke(DelegatingMethodAccessorImpl.java:43)
	at TNR R.TSPT Supp90-Visiteur.run(TNR R.TSPT Supp90-Visiteur:119)
	at com.kms.katalon.core.main.ScriptEngine.run(ScriptEngine.java:194)
	at com.kms.katalon.core.main.ScriptEngine.runScriptAsRawText(ScriptEngine.java:119)
	at com.kms.katalon.core.main.TestCaseExecutor.runScript(TestCaseExecutor.java:448)
	at com.kms.katalon.core.main.TestCaseExecutor.doExecute(TestCaseExecutor.java:439)
	at com.kms.katalon.core.main.TestCaseExecutor.processExecutionPhase(TestCaseExecutor.java:418)
	at com.kms.katalon.core.main.TestCaseExecutor.accessMainPhase(TestCaseExecutor.java:410)
	at com.kms.katalon.core.main.TestCaseExecutor.execute(TestCaseExecutor.java:285)
	at com.kms.katalon.core.common.CommonExecutor.accessTestCaseMainPhase(CommonExecutor.java:65)
	at com.kms.katalon.core.main.TestSuiteExecutor.accessTestSuiteMainPhase(TestSuiteExecutor.java:148)
	at com.kms.katalon.core.main.TestSuiteExecutor.execute(TestSuiteExecutor.java:106)
	at com.kms.katalon.core.main.TestCaseMain.startTestSuite(TestCaseMain.java:180)
	at TempTestSuite1704296569840.run(TempTestSuite1704296569840.groovy:36)
	at java.base/jdk.internal.reflect.NativeMethodAccessorImpl.invoke0(Native Method)
	at java.base/jdk.internal.reflect.NativeMethodAccessorImpl.invoke(NativeMethodAccessorImpl.java:77)
	at java.base/jdk.internal.reflect.DelegatingMethodAccessorImpl.invoke(DelegatingMethodAccessorImpl.java:43)
Caused by: com.kms.katalon.core.exception.StepFailedException: Unable to click on object 'Object Repository/Page_Verif_AccordeonEtatCivilDuDemandeur_Agent/div_AccepterLeDocumentPhotographie'
	at com.kms.katalon.core.webui.keyword.internal.WebUIKeywordMain.stepFailed(WebUIKeywordMain.groovy:64)
	at com.kms.katalon.core.webui.keyword.internal.WebUIKeywordMain.runKeyword(WebUIKeywordMain.groovy:26)
	at com.kms.katalon.core.webui.keyword.builtin.ClickKeyword.click(ClickKeyword.groovy:74)
	at com.kms.katalon.core.webui.keyword.builtin.ClickKeyword.execute(ClickKeyword.groovy:40)
	at com.kms.katalon.core.keyword.internal.KeywordExecutor.executeKeywordForPlatform(KeywordExecutor.groovy:74)
	at com.kms.katalon.core.webui.keyword.WebUiBuiltInKeywords.click(WebUiBuiltInKeywords.groovy:659)
	at jdk.internal.reflect.GeneratedMethodAccessor25.invoke(Unknown Source)
	at java.base/jdk.internal.reflect.DelegatingMethodAccessorImpl.invoke(DelegatingMethodAccessorImpl.java:43)
	at com.kazurayam.ksbackyard.HighlightElement$_pandemic_closure1.doCall(HighlightElement.groovy:105)
	at jdk.internal.reflect.GeneratedMethodAccessor6.invoke(Unknown Source)
	at java.base/jdk.internal.reflect.DelegatingMethodAccessorImpl.invoke(DelegatingMethodAccessorImpl.java:43)
	at Verif_AccordeonEtatCivilDuDemandeur.run(Verif_AccordeonEtatCivilDuDemandeur:93)
	at com.kms.katalon.core.main.ScriptEngine.run(ScriptEngine.java:194)
	at com.kms.katalon.core.main.ScriptEngine.runScriptAsRawText(ScriptEngine.java:119)
	at com.kms.katalon.core.main.TestCaseExecutor.runScript(TestCaseExecutor.java:448)
	at com.kms.katalon.core.main.TestCaseExecutor.doExecute(TestCaseExecutor.java:439)
	at com.kms.katalon.core.main.TestCaseExecutor.processExecutionPhase(TestCaseExecutor.java:418)
	at com.kms.katalon.core.main.TestCaseExecutor.accessMainPhase(TestCaseExecutor.java:410)
	at com.kms.katalon.core.main.TestCaseExecutor.execute(TestCaseExecutor.java:285)
	at com.kms.katalon.core.main.TestCaseMain.runTestCase(TestCaseMain.java:137)
	at com.kms.katalon.core.keyword.builtin.CallTestCaseKeyword$_callTestCase_closure1.doCall(CallTestCaseKeyword.groovy:59)
	... 28 more
Caused by: org.openqa.selenium.ElementClickInterceptedException: element click intercepted: Element <div class="ui-radiobutton-box ui-widget ui-state-default" ng-reflect-ng-class="[object Object]" style="outline: dashed red;">...</div> is not clickable at point (842, 151). Other element would receive the click: <div _ngcontent-epv-c23="" id="navBar" class="ng-star-inserted">...</div>
  (Session info: chrome=120.0.6099.130)
Build info: version: '3.141.59', revision: 'e82be7d358', time: '2018-11-14T08:25:53'
System info: host: 'FR-L5448059', ip: '192.168.1.134', os.name: 'Windows 10', os.arch: 'amd64', os.version: '10.0', java.version: '17.0.7'
Driver info: com.kms.katalon.selenium.driver.CChromeDriver
Capabilities {acceptInsecureCerts: false, browserName: chrome, browserVersion: 120.0.6099.130, chrome: {chromedriverVersion: 119.0.6045.105 (38c72552c5e..., userDataDir: C:\Users\ISSAM~1.RHA\AppDat...}, fedcm:accounts: true, goog:chromeOptions: {debuggerAddress: localhost:60730}, javascriptEnabled: true, networkConnectionEnabled: false, pageLoadStrategy: normal, platform: WINDOWS, platformName: WINDOWS, proxy: Proxy(), setWindowRect: true, strictFileInteractability: false, timeouts: {implicit: 0, pageLoad: 300000, script: 30000}, unhandledPromptBehavior: dismiss and notify, webauthn:extension:credBlob: true, webauthn:extension:largeBlob: true, webauthn:extension:minPinLength: true, webauthn:extension:prf: true, webauthn:virtualAuthenticators: true}
Session ID: 18a26e3ef4f655f5bc1d25bc1549a5c8
	at java.base/jdk.internal.reflect.NativeConstructorAccessorImpl.newInstance0(Native Method)
	at java.base/jdk.internal.reflect.NativeConstructorAccessorImpl.newInstance(NativeConstructorAccessorImpl.java:77)
	at java.base/jdk.internal.reflect.DelegatingConstructorAccessorImpl.newInstance(DelegatingConstructorAccessorImpl.java:45)
	at org.openqa.selenium.remote.http.W3CHttpResponseCodec.createException(W3CHttpResponseCodec.java:187)
	at org.openqa.selenium.remote.http.W3CHttpResponseCodec.decode(W3CHttpResponseCodec.java:122)
	at org.openqa.selenium.remote.http.W3CHttpResponseCodec.decode(W3CHttpResponseCodec.java:49)
	at org.openqa.selenium.remote.HttpCommandExecutor.execute(HttpCommandExecutor.java:158)
	at org.openqa.selenium.remote.service.DriverCommandExecutor.execute(DriverCommandExecutor.java:83)
	at org.openqa.selenium.remote.RemoteWebDriver.execute(RemoteWebDriver.java:552)
	at com.kms.katalon.selenium.driver.CChromeDriver.execute(CChromeDriver.java:19)
	at org.openqa.selenium.remote.RemoteWebElement.execute(RemoteWebElement.java:285)
	at org.openqa.selenium.remote.RemoteWebElement.click(RemoteWebElement.java:84)
	at jdk.internal.reflect.GeneratedMethodAccessor22.invoke(Unknown Source)
	at java.base/jdk.internal.reflect.DelegatingMethodAccessorImpl.invoke(DelegatingMethodAccessorImpl.java:43)
	at org.openqa.selenium.support.events.EventFiringWebDriver$EventFiringWebElement.lambda$new$0(EventFiringWebDriver.java:404)
	at jdk.proxy2/jdk.proxy2.$Proxy25.click(Unknown Source)
	at org.openqa.selenium.support.events.EventFiringWebDriver$EventFiringWebElement.click(EventFiringWebDriver.java:417)
	at org.openqa.selenium.WebElement$click.call(Unknown Source)
	at com.kms.katalon.core.webui.keyword.builtin.ClickKeyword.clickUntilSuccessWithTimeout(ClickKeyword.groovy:81)
	at com.kms.katalon.core.webui.keyword.builtin.ClickKeyword.clickUntilSuccessWithTimeout(ClickKeyword.groovy)
	at jdk.internal.reflect.GeneratedMethodAccessor20.invoke(Unknown Source)
	at java.base/jdk.internal.reflect.DelegatingMethodAccessorImpl.invoke(DelegatingMethodAccessorImpl.java:43)
	at com.kms.katalon.core.webui.keyword.builtin.ClickKeyword$_click_closure1.doCall(ClickKeyword.groovy:67)
	at com.kms.katalon.core.webui.keyword.builtin.ClickKeyword$_click_closure1.call(ClickKeyword.groovy)
	at com.kms.katalon.core.webui.keyword.internal.WebUIKeywordMain.runKeyword(WebUIKeywordMain.groovy:20)
	... 47 more]]></system-err>
      </testcase>
      <system-out><![CDATA[03-01-2024T16:42:59 - [TEST_SUITE][FAILED] - TS_TNR_R.TSPT_Suppo90: Test Cases/Cas D Utilisations/Usager Etudiant/TNR R.TSPT Supp90-Visiteur FAILED.
Reason:
com.kms.katalon.core.exception.StepFailedException: Call Test Case 'Test Cases/Test Reutilisable/AgentTraitementDemande/Verif_AccordeonEtatCivilDuDemandeur' failed
	at com.kms.katalon.core.keyword.builtin.CallTestCaseKeyword$_callTestCase_closure1.doCall(CallTestCaseKeyword.groovy:63)
	at com.kms.katalon.core.keyword.builtin.CallTestCaseKeyword$_callTestCase_closure1.call(CallTestCaseKeyword.groovy)
	at com.kms.katalon.core.keyword.internal.KeywordMain.runKeyword(KeywordMain.groovy:75)
	at com.kms.katalon.core.keyword.builtin.CallTestCaseKeyword.callTestCase(CallTestCaseKeyword.groovy:81)
	at com.kms.katalon.core.keyword.builtin.CallTestCaseKeyword.execute(CallTestCaseKeyword.groovy:44)
	at com.kms.katalon.core.keyword.internal.KeywordExecutor.executeKeywordForPlatform(KeywordExecutor.groovy:74)
	at com.kms.katalon.core.keyword.BuiltinKeywords.callTestCase(BuiltinKeywords.groovy:310)
	at java.base/jdk.internal.reflect.NativeMethodAccessorImpl.invoke0(Native Method)
	at java.base/jdk.internal.reflect.NativeMethodAccessorImpl.invoke(NativeMethodAccessorImpl.java:77)
	at java.base/jdk.internal.reflect.DelegatingMethodAccessorImpl.invoke(DelegatingMethodAccessorImpl.java:43)
	at com.kazurayam.ksbackyard.HighlightElement$_pandemic_closure1.doCall(HighlightElement.groovy:105)
	at jdk.internal.reflect.GeneratedMethodAccessor6.invoke(Unknown Source)
	at java.base/jdk.internal.reflect.DelegatingMethodAccessorImpl.invoke(DelegatingMethodAccessorImpl.java:43)
	at TNR R.TSPT Supp90-Visiteur.run(TNR R.TSPT Supp90-Visiteur:119)
	at com.kms.katalon.core.main.ScriptEngine.run(ScriptEngine.java:194)
	at com.kms.katalon.core.main.ScriptEngine.runScriptAsRawText(ScriptEngine.java:119)
	at com.kms.katalon.core.main.TestCaseExecutor.runScript(TestCaseExecutor.java:448)
	at com.kms.katalon.core.main.TestCaseExecutor.doExecute(TestCaseExecutor.java:439)
	at com.kms.katalon.core.main.TestCaseExecutor.processExecutionPhase(TestCaseExecutor.java:418)
	at com.kms.katalon.core.main.TestCaseExecutor.accessMainPhase(TestCaseExecutor.java:410)
	at com.kms.katalon.core.main.TestCaseExecutor.execute(TestCaseExecutor.java:285)
	at com.kms.katalon.core.common.CommonExecutor.accessTestCaseMainPhase(CommonExecutor.java:65)
	at com.kms.katalon.core.main.TestSuiteExecutor.accessTestSuiteMainPhase(TestSuiteExecutor.java:148)
	at com.kms.katalon.core.main.TestSuiteExecutor.execute(TestSuiteExecutor.java:106)
	at com.kms.katalon.core.main.TestCaseMain.startTestSuite(TestCaseMain.java:180)
	at TempTestSuite1704296569840.run(TempTestSuite1704296569840.groovy:36)
	at java.base/jdk.internal.reflect.NativeMethodAccessorImpl.invoke0(Native Method)
	at java.base/jdk.internal.reflect.NativeMethodAccessorImpl.invoke(NativeMethodAccessorImpl.java:77)
	at java.base/jdk.internal.reflect.DelegatingMethodAccessorImpl.invoke(DelegatingMethodAccessorImpl.java:43)
Caused by: com.kms.katalon.core.exception.StepFailedException: Unable to click on object 'Object Repository/Page_Verif_AccordeonEtatCivilDuDemandeur_Agent/div_AccepterLeDocumentPhotographie'
	at com.kms.katalon.core.webui.keyword.internal.WebUIKeywordMain.stepFailed(WebUIKeywordMain.groovy:64)
	at com.kms.katalon.core.webui.keyword.internal.WebUIKeywordMain.runKeyword(WebUIKeywordMain.groovy:26)
	at com.kms.katalon.core.webui.keyword.builtin.ClickKeyword.click(ClickKeyword.groovy:74)
	at com.kms.katalon.core.webui.keyword.builtin.ClickKeyword.execute(ClickKeyword.groovy:40)
	at com.kms.katalon.core.keyword.internal.KeywordExecutor.executeKeywordForPlatform(KeywordExecutor.groovy:74)
	at com.kms.katalon.core.webui.keyword.WebUiBuiltInKeywords.click(WebUiBuiltInKeywords.groovy:659)
	at jdk.internal.reflect.GeneratedMethodAccessor25.invoke(Unknown Source)
	at java.base/jdk.internal.reflect.DelegatingMethodAccessorImpl.invoke(DelegatingMethodAccessorImpl.java:43)
	at com.kazurayam.ksbackyard.HighlightElement$_pandemic_closure1.doCall(HighlightElement.groovy:105)
	at jdk.internal.reflect.GeneratedMethodAccessor6.invoke(Unknown Source)
	at java.base/jdk.internal.reflect.DelegatingMethodAccessorImpl.invoke(DelegatingMethodAccessorImpl.java:43)
	at Verif_AccordeonEtatCivilDuDemandeur.run(Verif_AccordeonEtatCivilDuDemandeur:93)
	at com.kms.katalon.core.main.ScriptEngine.run(ScriptEngine.java:194)
	at com.kms.katalon.core.main.ScriptEngine.runScriptAsRawText(ScriptEngine.java:119)
	at com.kms.katalon.core.main.TestCaseExecutor.runScript(TestCaseExecutor.java:448)
	at com.kms.katalon.core.main.TestCaseExecutor.doExecute(TestCaseExecutor.java:439)
	at com.kms.katalon.core.main.TestCaseExecutor.processExecutionPhase(TestCaseExecutor.java:418)
	at com.kms.katalon.core.main.TestCaseExecutor.accessMainPhase(TestCaseExecutor.java:410)
	at com.kms.katalon.core.main.TestCaseExecutor.execute(TestCaseExecutor.java:285)
	at com.kms.katalon.core.main.TestCaseMain.runTestCase(TestCaseMain.java:137)
	at com.kms.katalon.core.keyword.builtin.CallTestCaseKeyword$_callTestCase_closure1.doCall(CallTestCaseKeyword.groovy:59)
	... 28 more
Caused by: org.openqa.selenium.ElementClickInterceptedException: element click intercepted: Element <div class="ui-radiobutton-box ui-widget ui-state-default" ng-reflect-ng-class="[object Object]" style="outline: dashed red;">...</div> is not clickable at point (842, 151). Other element would receive the click: <div _ngcontent-epv-c23="" id="navBar" class="ng-star-inserted">...</div>
  (Session info: chrome=120.0.6099.130)
Build info: version: '3.141.59', revision: 'e82be7d358', time: '2018-11-14T08:25:53'
System info: host: 'FR-L5448059', ip: '192.168.1.134', os.name: 'Windows 10', os.arch: 'amd64', os.version: '10.0', java.version: '17.0.7'
Driver info: com.kms.katalon.selenium.driver.CChromeDriver
Capabilities {acceptInsecureCerts: false, browserName: chrome, browserVersion: 120.0.6099.130, chrome: {chromedriverVersion: 119.0.6045.105 (38c72552c5e..., userDataDir: C:\Users\ISSAM~1.RHA\AppDat...}, fedcm:accounts: true, goog:chromeOptions: {debuggerAddress: localhost:60730}, javascriptEnabled: true, networkConnectionEnabled: false, pageLoadStrategy: normal, platform: WINDOWS, platformName: WINDOWS, proxy: Proxy(), setWindowRect: true, strictFileInteractability: false, timeouts: {implicit: 0, pageLoad: 300000, script: 30000}, unhandledPromptBehavior: dismiss and notify, webauthn:extension:credBlob: true, webauthn:extension:largeBlob: true, webauthn:extension:minPinLength: true, webauthn:extension:prf: true, webauthn:virtualAuthenticators: true}
Session ID: 18a26e3ef4f655f5bc1d25bc1549a5c8
	at java.base/jdk.internal.reflect.NativeConstructorAccessorImpl.newInstance0(Native Method)
	at java.base/jdk.internal.reflect.NativeConstructorAccessorImpl.newInstance(NativeConstructorAccessorImpl.java:77)
	at java.base/jdk.internal.reflect.DelegatingConstructorAccessorImpl.newInstance(DelegatingConstructorAccessorImpl.java:45)
	at org.openqa.selenium.remote.http.W3CHttpResponseCodec.createException(W3CHttpResponseCodec.java:187)
	at org.openqa.selenium.remote.http.W3CHttpResponseCodec.decode(W3CHttpResponseCodec.java:122)
	at org.openqa.selenium.remote.http.W3CHttpResponseCodec.decode(W3CHttpResponseCodec.java:49)
	at org.openqa.selenium.remote.HttpCommandExecutor.execute(HttpCommandExecutor.java:158)
	at org.openqa.selenium.remote.service.DriverCommandExecutor.execute(DriverCommandExecutor.java:83)
	at org.openqa.selenium.remote.RemoteWebDriver.execute(RemoteWebDriver.java:552)
	at com.kms.katalon.selenium.driver.CChromeDriver.execute(CChromeDriver.java:19)
	at org.openqa.selenium.remote.RemoteWebElement.execute(RemoteWebElement.java:285)
	at org.openqa.selenium.remote.RemoteWebElement.click(RemoteWebElement.java:84)
	at jdk.internal.reflect.GeneratedMethodAccessor22.invoke(Unknown Source)
	at java.base/jdk.internal.reflect.DelegatingMethodAccessorImpl.invoke(DelegatingMethodAccessorImpl.java:43)
	at org.openqa.selenium.support.events.EventFiringWebDriver$EventFiringWebElement.lambda$new$0(EventFiringWebDriver.java:404)
	at jdk.proxy2/jdk.proxy2.$Proxy25.click(Unknown Source)
	at org.openqa.selenium.support.events.EventFiringWebDriver$EventFiringWebElement.click(EventFiringWebDriver.java:417)
	at org.openqa.selenium.WebElement$click.call(Unknown Source)
	at com.kms.katalon.core.webui.keyword.builtin.ClickKeyword.clickUntilSuccessWithTimeout(ClickKeyword.groovy:81)
	at com.kms.katalon.core.webui.keyword.builtin.ClickKeyword.clickUntilSuccessWithTimeout(ClickKeyword.groovy)
	at jdk.internal.reflect.GeneratedMethodAccessor20.invoke(Unknown Source)
	at java.base/jdk.internal.reflect.DelegatingMethodAccessorImpl.invoke(DelegatingMethodAccessorImpl.java:43)
	at com.kms.katalon.core.webui.keyword.builtin.ClickKeyword$_click_closure1.doCall(ClickKeyword.groovy:67)
	at com.kms.katalon.core.webui.keyword.builtin.ClickKeyword$_click_closure1.call(ClickKeyword.groovy)
	at com.kms.katalon.core.webui.keyword.internal.WebUIKeywordMain.runKeyword(WebUIKeywordMain.groovy:20)
	... 47 more]]></system-out>
      <system-err><![CDATA[03-01-2024T16:42:59 - [TEST_SUITE][FAILED] - TS_TNR_R.TSPT_Suppo90: Test Cases/Cas D Utilisations/Usager Etudiant/TNR R.TSPT Supp90-Visiteur FAILED.
Reason:
com.kms.katalon.core.exception.StepFailedException: Call Test Case 'Test Cases/Test Reutilisable/AgentTraitementDemande/Verif_AccordeonEtatCivilDuDemandeur' failed
	at com.kms.katalon.core.keyword.builtin.CallTestCaseKeyword$_callTestCase_closure1.doCall(CallTestCaseKeyword.groovy:63)
	at com.kms.katalon.core.keyword.builtin.CallTestCaseKeyword$_callTestCase_closure1.call(CallTestCaseKeyword.groovy)
	at com.kms.katalon.core.keyword.internal.KeywordMain.runKeyword(KeywordMain.groovy:75)
	at com.kms.katalon.core.keyword.builtin.CallTestCaseKeyword.callTestCase(CallTestCaseKeyword.groovy:81)
	at com.kms.katalon.core.keyword.builtin.CallTestCaseKeyword.execute(CallTestCaseKeyword.groovy:44)
	at com.kms.katalon.core.keyword.internal.KeywordExecutor.executeKeywordForPlatform(KeywordExecutor.groovy:74)
	at com.kms.katalon.core.keyword.BuiltinKeywords.callTestCase(BuiltinKeywords.groovy:310)
	at java.base/jdk.internal.reflect.NativeMethodAccessorImpl.invoke0(Native Method)
	at java.base/jdk.internal.reflect.NativeMethodAccessorImpl.invoke(NativeMethodAccessorImpl.java:77)
	at java.base/jdk.internal.reflect.DelegatingMethodAccessorImpl.invoke(DelegatingMethodAccessorImpl.java:43)
	at com.kazurayam.ksbackyard.HighlightElement$_pandemic_closure1.doCall(HighlightElement.groovy:105)
	at jdk.internal.reflect.GeneratedMethodAccessor6.invoke(Unknown Source)
	at java.base/jdk.internal.reflect.DelegatingMethodAccessorImpl.invoke(DelegatingMethodAccessorImpl.java:43)
	at TNR R.TSPT Supp90-Visiteur.run(TNR R.TSPT Supp90-Visiteur:119)
	at com.kms.katalon.core.main.ScriptEngine.run(ScriptEngine.java:194)
	at com.kms.katalon.core.main.ScriptEngine.runScriptAsRawText(ScriptEngine.java:119)
	at com.kms.katalon.core.main.TestCaseExecutor.runScript(TestCaseExecutor.java:448)
	at com.kms.katalon.core.main.TestCaseExecutor.doExecute(TestCaseExecutor.java:439)
	at com.kms.katalon.core.main.TestCaseExecutor.processExecutionPhase(TestCaseExecutor.java:418)
	at com.kms.katalon.core.main.TestCaseExecutor.accessMainPhase(TestCaseExecutor.java:410)
	at com.kms.katalon.core.main.TestCaseExecutor.execute(TestCaseExecutor.java:285)
	at com.kms.katalon.core.common.CommonExecutor.accessTestCaseMainPhase(CommonExecutor.java:65)
	at com.kms.katalon.core.main.TestSuiteExecutor.accessTestSuiteMainPhase(TestSuiteExecutor.java:148)
	at com.kms.katalon.core.main.TestSuiteExecutor.execute(TestSuiteExecutor.java:106)
	at com.kms.katalon.core.main.TestCaseMain.startTestSuite(TestCaseMain.java:180)
	at TempTestSuite1704296569840.run(TempTestSuite1704296569840.groovy:36)
	at java.base/jdk.internal.reflect.NativeMethodAccessorImpl.invoke0(Native Method)
	at java.base/jdk.internal.reflect.NativeMethodAccessorImpl.invoke(NativeMethodAccessorImpl.java:77)
	at java.base/jdk.internal.reflect.DelegatingMethodAccessorImpl.invoke(DelegatingMethodAccessorImpl.java:43)
Caused by: com.kms.katalon.core.exception.StepFailedException: Unable to click on object 'Object Repository/Page_Verif_AccordeonEtatCivilDuDemandeur_Agent/div_AccepterLeDocumentPhotographie'
	at com.kms.katalon.core.webui.keyword.internal.WebUIKeywordMain.stepFailed(WebUIKeywordMain.groovy:64)
	at com.kms.katalon.core.webui.keyword.internal.WebUIKeywordMain.runKeyword(WebUIKeywordMain.groovy:26)
	at com.kms.katalon.core.webui.keyword.builtin.ClickKeyword.click(ClickKeyword.groovy:74)
	at com.kms.katalon.core.webui.keyword.builtin.ClickKeyword.execute(ClickKeyword.groovy:40)
	at com.kms.katalon.core.keyword.internal.KeywordExecutor.executeKeywordForPlatform(KeywordExecutor.groovy:74)
	at com.kms.katalon.core.webui.keyword.WebUiBuiltInKeywords.click(WebUiBuiltInKeywords.groovy:659)
	at jdk.internal.reflect.GeneratedMethodAccessor25.invoke(Unknown Source)
	at java.base/jdk.internal.reflect.DelegatingMethodAccessorImpl.invoke(DelegatingMethodAccessorImpl.java:43)
	at com.kazurayam.ksbackyard.HighlightElement$_pandemic_closure1.doCall(HighlightElement.groovy:105)
	at jdk.internal.reflect.GeneratedMethodAccessor6.invoke(Unknown Source)
	at java.base/jdk.internal.reflect.DelegatingMethodAccessorImpl.invoke(DelegatingMethodAccessorImpl.java:43)
	at Verif_AccordeonEtatCivilDuDemandeur.run(Verif_AccordeonEtatCivilDuDemandeur:93)
	at com.kms.katalon.core.main.ScriptEngine.run(ScriptEngine.java:194)
	at com.kms.katalon.core.main.ScriptEngine.runScriptAsRawText(ScriptEngine.java:119)
	at com.kms.katalon.core.main.TestCaseExecutor.runScript(TestCaseExecutor.java:448)
	at com.kms.katalon.core.main.TestCaseExecutor.doExecute(TestCaseExecutor.java:439)
	at com.kms.katalon.core.main.TestCaseExecutor.processExecutionPhase(TestCaseExecutor.java:418)
	at com.kms.katalon.core.main.TestCaseExecutor.accessMainPhase(TestCaseExecutor.java:410)
	at com.kms.katalon.core.main.TestCaseExecutor.execute(TestCaseExecutor.java:285)
	at com.kms.katalon.core.main.TestCaseMain.runTestCase(TestCaseMain.java:137)
	at com.kms.katalon.core.keyword.builtin.CallTestCaseKeyword$_callTestCase_closure1.doCall(CallTestCaseKeyword.groovy:59)
	... 28 more
Caused by: org.openqa.selenium.ElementClickInterceptedException: element click intercepted: Element <div class="ui-radiobutton-box ui-widget ui-state-default" ng-reflect-ng-class="[object Object]" style="outline: dashed red;">...</div> is not clickable at point (842, 151). Other element would receive the click: <div _ngcontent-epv-c23="" id="navBar" class="ng-star-inserted">...</div>
  (Session info: chrome=120.0.6099.130)
Build info: version: '3.141.59', revision: 'e82be7d358', time: '2018-11-14T08:25:53'
System info: host: 'FR-L5448059', ip: '192.168.1.134', os.name: 'Windows 10', os.arch: 'amd64', os.version: '10.0', java.version: '17.0.7'
Driver info: com.kms.katalon.selenium.driver.CChromeDriver
Capabilities {acceptInsecureCerts: false, browserName: chrome, browserVersion: 120.0.6099.130, chrome: {chromedriverVersion: 119.0.6045.105 (38c72552c5e..., userDataDir: C:\Users\ISSAM~1.RHA\AppDat...}, fedcm:accounts: true, goog:chromeOptions: {debuggerAddress: localhost:60730}, javascriptEnabled: true, networkConnectionEnabled: false, pageLoadStrategy: normal, platform: WINDOWS, platformName: WINDOWS, proxy: Proxy(), setWindowRect: true, strictFileInteractability: false, timeouts: {implicit: 0, pageLoad: 300000, script: 30000}, unhandledPromptBehavior: dismiss and notify, webauthn:extension:credBlob: true, webauthn:extension:largeBlob: true, webauthn:extension:minPinLength: true, webauthn:extension:prf: true, webauthn:virtualAuthenticators: true}
Session ID: 18a26e3ef4f655f5bc1d25bc1549a5c8
	at java.base/jdk.internal.reflect.NativeConstructorAccessorImpl.newInstance0(Native Method)
	at java.base/jdk.internal.reflect.NativeConstructorAccessorImpl.newInstance(NativeConstructorAccessorImpl.java:77)
	at java.base/jdk.internal.reflect.DelegatingConstructorAccessorImpl.newInstance(DelegatingConstructorAccessorImpl.java:45)
	at org.openqa.selenium.remote.http.W3CHttpResponseCodec.createException(W3CHttpResponseCodec.java:187)
	at org.openqa.selenium.remote.http.W3CHttpResponseCodec.decode(W3CHttpResponseCodec.java:122)
	at org.openqa.selenium.remote.http.W3CHttpResponseCodec.decode(W3CHttpResponseCodec.java:49)
	at org.openqa.selenium.remote.HttpCommandExecutor.execute(HttpCommandExecutor.java:158)
	at org.openqa.selenium.remote.service.DriverCommandExecutor.execute(DriverCommandExecutor.java:83)
	at org.openqa.selenium.remote.RemoteWebDriver.execute(RemoteWebDriver.java:552)
	at com.kms.katalon.selenium.driver.CChromeDriver.execute(CChromeDriver.java:19)
	at org.openqa.selenium.remote.RemoteWebElement.execute(RemoteWebElement.java:285)
	at org.openqa.selenium.remote.RemoteWebElement.click(RemoteWebElement.java:84)
	at jdk.internal.reflect.GeneratedMethodAccessor22.invoke(Unknown Source)
	at java.base/jdk.internal.reflect.DelegatingMethodAccessorImpl.invoke(DelegatingMethodAccessorImpl.java:43)
	at org.openqa.selenium.support.events.EventFiringWebDriver$EventFiringWebElement.lambda$new$0(EventFiringWebDriver.java:404)
	at jdk.proxy2/jdk.proxy2.$Proxy25.click(Unknown Source)
	at org.openqa.selenium.support.events.EventFiringWebDriver$EventFiringWebElement.click(EventFiringWebDriver.java:417)
	at org.openqa.selenium.WebElement$click.call(Unknown Source)
	at com.kms.katalon.core.webui.keyword.builtin.ClickKeyword.clickUntilSuccessWithTimeout(ClickKeyword.groovy:81)
	at com.kms.katalon.core.webui.keyword.builtin.ClickKeyword.clickUntilSuccessWithTimeout(ClickKeyword.groovy)
	at jdk.internal.reflect.GeneratedMethodAccessor20.invoke(Unknown Source)
	at java.base/jdk.internal.reflect.DelegatingMethodAccessorImpl.invoke(DelegatingMethodAccessorImpl.java:43)
	at com.kms.katalon.core.webui.keyword.builtin.ClickKeyword$_click_closure1.doCall(ClickKeyword.groovy:67)
	at com.kms.katalon.core.webui.keyword.builtin.ClickKeyword$_click_closure1.call(ClickKeyword.groovy)
	at com.kms.katalon.core.webui.keyword.internal.WebUIKeywordMain.runKeyword(WebUIKeywordMain.groovy:20)
	... 47 more]]></system-err>
   </testsuite>
</testsuites>
